number,value,state,datetime_start,datetime_complete,duration_seconds,params_json,fold_sharpes_json,avg_cv_sharpe
2061,-1000000000.0,TrialState.COMPLETE,2026-04-01T04:42:21.356108,2026-04-01T04:42:23.975652,2.619544,"{""atr_window"": 19, ""bb_std_dev"": 1.95, ""bb_window"": 21, ""cooldown"": 0, ""macd_fast"": 19, ""macd_k"": 1.2, ""macd_k_mid"": 1.0, ""macd_signal"": 6, ""macd_slow"": 41, ""macd_std_window"": 74, ""rebalance_freq"": 30, ""rebounce_block"": 3, ""sl_mult_lm"": 1.9500000000000002, ""sl_mult_lr"": 2.3, ""sl_mult_sm"": 1.8, ""sl_mult_sr"": 2.2, ""time_stop"": 20, ""tp_mult_lm"": 5.6, ""tp_mult_lr"": 11.0, ""tp_mult_sm"": 6.7, ""tp_mult_sr"": 3.3, ""trail_mult"": 2.2, ""trail_tp"": false, ""use_trailing"": true}",{},
2062,-1000000000.0,TrialState.COMPLETE,2026-04-01T04:42:24.006903,2026-04-01T04:42:24.084508,0.077605,"{""atr_window"": 18, ""bb_std_dev"": 2.1, ""bb_window"": 16, ""cooldown"": 2, ""macd_fast"": 12, ""macd_k"": 1.5, ""macd_k_mid"": 0.6, ""macd_signal"": 10, ""macd_slow"": 42, ""macd_std_window"": 95, ""rebalance_freq"": 150, ""rebounce_block"": 6, ""sl_mult_lm"": 2.0, ""sl_mult_lr"": 3.0, ""sl_mult_sm"": 2.0, ""sl_mult_sr"": 1.5, ""time_stop"": 29, ""tp_mult_lm"": 5.7, ""tp_mult_lr"": 15.4, ""tp_mult_sm"": 4.5, ""tp_mult_sr"": 6.7, ""trail_mult"": 2.3, ""trail_tp"": true, ""use_trailing"": true}",{},
2063,-1000000000.0,TrialState.COMPLETE,2026-04-01T04:42:24.126464,2026-04-01T04:42:26.640344,2.51388,"{""atr_window"": 20, ""bb_std_dev"": 1.75, ""bb_window"": 24, ""cooldown"": 4, ""macd_fast"": 17, ""macd_k"": 1.05, ""macd_k_mid"": 0.7, ""macd_signal"": 9, ""macd_slow"": 37, ""macd_std_window"": 87, ""rebalance_freq"": 150, ""rebounce_block"": 5, ""sl_mult_lm"": 1.25, ""sl_mult_lr"": 2.6, ""sl_mult_sm"": 1.45, ""sl_mult_sr"": 1.9, ""time_stop"": 17, ""tp_mult_lm"": 4.1, ""tp_mult_lr"": 16.200000000000003, ""tp_mult_sm"": 7.0, ""tp_mult_sr"": 6.0, ""trail_mult"": 2.4, ""trail_tp"": false, ""use_trailing"": false}",{},
2064,-1000000000.0,TrialState.COMPLETE,2026-04-01T04:42:26.676392,2026-04-01T04:42:29.122447,2.446055,"{""atr_window"": 13, ""bb_std_dev"": 1.5499999999999998, ""bb_window"": 14, ""cooldown"": 1, ""macd_fast"": 14, ""macd_k"": 1.65, ""macd_k_mid"": 0.55, ""macd_signal"": 7, ""macd_slow"": 36, ""macd_std_window"": 83, ""rebalance_freq"": 90, ""rebounce_block"": 3, ""sl_mult_lm"": 1.8, ""sl_mult_lr"": 2.0, ""sl_mult_sm"": 1.15, ""sl_mult_sr"": 2.0, ""time_stop"": 24, ""tp_mult_lm"": 5.1, ""tp_mult_lr"": 13.2, ""tp_mult_sm"": 4.6, ""tp_mult_sr"": 3.6, ""trail_mult"": 1.6, ""trail_tp"": true, ""use_trailing"": true}",{},
2065,-1000000000.0,TrialState.COMPLETE,2026-04-01T04:42:29.151130,2026-04-01T04:42:31.787657,2.636527,"{""atr_window"": 15, ""bb_std_dev"": 1.5999999999999999, ""bb_window"": 20, ""cooldown"": 2, ""macd_fast"": 18, ""macd_k"": 1.9, ""macd_k_mid"": 0.8, ""macd_signal"": 8, ""macd_slow"": 38, ""macd_std_window"": 97, ""rebalance_freq"": 180, ""rebounce_block"": 4, ""sl_mult_lm"": 1.4, ""sl_mult_lr"": 2.2, ""sl_mult_sm"": 1.5, ""sl_mult_sr"": 2.1, ""time_stop"": 19, ""tp_mult_lm"": 5.0, ""tp_mult_lr"": 11.6, ""tp_mult_sm"": 3.1, ""tp_mult_sr"": 5.5, ""trail_mult"": 3.6, ""trail_tp"": false, ""use_trailing"": true}",{},
2066,-1000000000.0,TrialState.COMPLETE,2026-04-01T04:42:31.823053,2026-04-01T04:42:31.909499,0.086446,"{""atr_window"": 16, ""bb_std_dev"": 2.5, ""bb_window"": 15, ""cooldown"": 3, ""macd_fast"": 16, ""macd_k"": 1.3, ""macd_k_mid"": 0.7, ""macd_signal"": 9, ""macd_slow"": 43, ""macd_std_window"": 79, ""rebalance_freq"": 120, ""rebounce_block"": 2, ""sl_mult_lm"": 1.5, ""sl_mult_lr"": 3.2, ""sl_mult_sm"": 1.2, ""sl_mult_sr"": 2.9000000000000004, ""time_stop"": 1, ""tp_mult_lm"": 4.3, ""tp_mult_lr"": 12.0, ""tp_mult_sm"": 4.2, ""tp_mult_sr"": 3.7, ""trail_mult"": 3.0, ""trail_tp"": true, ""use_trailing"": false}",{},
2067,-1000000000.0,TrialState.COMPLETE,2026-04-01T04:42:31.949194,2026-04-01T04:42:32.026075,0.076881,"{""atr_window"": 17, ""bb_std_dev"": 2.35, ""bb_window"": 17, ""cooldown"": 1, ""macd_fast"": 15, ""macd_k"": 1.15, ""macd_k_mid"": 0.55, ""macd_signal"": 5, ""macd_slow"": 44, ""macd_std_window"": 73, ""rebalance_freq"": 90, ""rebounce_block"": 0, ""sl_mult_lm"": 1.2, ""sl_mult_lr"": 4.9, ""sl_mult_sm"": 1.3, ""sl_mult_sr"": 1.6, ""time_stop"": 16, ""tp_mult_lm"": 5.9, ""tp_mult_lr"": 12.4, ""tp_mult_sm"": 3.7, ""tp_mult_sr"": 3.8, ""trail_mult"": 2.0, ""trail_tp"": false, ""use_trailing"": true}",{},
2068,-1000000000.0,TrialState.COMPLETE,2026-04-01T04:42:32.063303,2026-04-01T04:42:34.661253,2.59795,"{""atr_window"": 14, ""bb_std_dev"": 2.05, ""bb_window"": 19, ""cooldown"": 0, ""macd_fast"": 13, ""macd_k"": 1.35, ""macd_k_mid"": 0.5, ""macd_signal"": 8, ""macd_slow"": 35, ""macd_std_window"": 77, ""rebalance_freq"": 150, ""rebounce_block"": 6, ""sl_mult_lm"": 1.05, ""sl_mult_lr"": 2.8, ""sl_mult_sm"": 1.65, ""sl_mult_sr"": 2.5, ""time_stop"": 18, ""tp_mult_lm"": 3.7, ""tp_mult_lr"": 9.6, ""tp_mult_sm"": 5.5, ""tp_mult_sr"": 6.2, ""trail_mult"": 3.2, ""trail_tp"": true, ""use_trailing"": true}",{},
2069,-1000000000.0,TrialState.COMPLETE,2026-04-01T04:42:34.691917,2026-04-01T04:42:37.227821,2.535904,"{""atr_window"": 16, ""bb_std_dev"": 1.65, ""bb_window"": 14, ""cooldown"": 2, ""macd_fast"": 20, ""macd_k"": 1.1, ""macd_k_mid"": 0.6, ""macd_signal"": 6, ""macd_slow"": 39, ""macd_std_window"": 94, ""rebalance_freq"": 180, ""rebounce_block"": 1, ""sl_mult_lm"": 2.1, ""sl_mult_lr"": 2.4, ""sl_mult_sm"": 1.25, ""sl_mult_sr"": 2.7, ""time_stop"": 4, ""tp_mult_lm"": 5.5, ""tp_mult_lr"": 8.8, ""tp_mult_sm"": 4.1, ""tp_mult_sr"": 3.2, ""trail_mult"": 1.7, ""trail_tp"": true, ""use_trailing"": true}",{},
2070,-1000000000.0,TrialState.COMPLETE,2026-04-01T04:42:37.266460,2026-04-01T04:42:37.350489,0.084029,"{""atr_window"": 20, ""bb_std_dev"": 2.2, ""bb_window"": 15, ""cooldown"": 4, ""macd_fast"": 10, ""macd_k"": 1.55, ""macd_k_mid"": 0.55, ""macd_signal"": 10, ""macd_slow"": 37, ""macd_std_window"": 92, ""rebalance_freq"": 30, ""rebounce_block"": 5, ""sl_mult_lm"": 1.35, ""sl_mult_lr"": 2.3, ""sl_mult_sm"": 1.7000000000000002, ""sl_mult_sr"": 2.0, ""time_stop"": 8, ""tp_mult_lm"": 4.6, ""tp_mult_lr"": 9.2, ""tp_mult_sm"": 6.800000000000001, ""tp_mult_sr"": 5.7, ""trail_mult"": 2.1, ""trail_tp"": false, ""use_trailing"": false}",{},
2071,-1000000000.0,TrialState.COMPLETE,2026-04-01T04:42:37.387510,2026-04-01T04:42:37.475450,0.08794,"{""atr_window"": 11, ""bb_std_dev"": 1.7999999999999998, ""bb_window"": 23, ""cooldown"": 0, ""macd_fast"": 12, ""macd_k"": 1.05, ""macd_k_mid"": 0.7, ""macd_signal"": 7, ""macd_slow"": 40, ""macd_std_window"": 71, ""rebalance_freq"": 120, ""rebounce_block"": 4, ""sl_mult_lm"": 1.3, ""sl_mult_lr"": 2.6, ""sl_mult_sm"": 1.8, ""sl_mult_sr"": 2.8, ""time_stop"": 14, ""tp_mult_lm"": 4.9, ""tp_mult_lr"": 15.0, ""tp_mult_sm"": 6.300000000000001, ""tp_mult_sr"": 5.2, ""trail_mult"": 2.7, ""trail_tp"": true, ""use_trailing"": true}",{},
2072,-1000000000.0,TrialState.COMPLETE,2026-04-01T04:42:37.514324,2026-04-01T04:42:37.601013,0.086689,"{""atr_window"": 10, ""bb_std_dev"": 2.45, ""bb_window"": 17, ""cooldown"": 5, ""macd_fast"": 14, ""macd_k"": 1.45, ""macd_k_mid"": 0.75, ""macd_signal"": 9, ""macd_slow"": 43, ""macd_std_window"": 70, ""rebalance_freq"": 150, ""rebounce_block"": 2, ""sl_mult_lm"": 1.75, ""sl_mult_lr"": 2.5, ""sl_mult_sm"": 1.85, ""sl_mult_sr"": 1.8, ""time_stop"": 10, ""tp_mult_lm"": 5.4, ""tp_mult_lr"": 10.4, ""tp_mult_sm"": 3.4, ""tp_mult_sr"": 4.8, ""trail_mult"": 3.8000000000000003, ""trail_tp"": false, ""use_trailing"": true}",{},
2073,-1000000000.0,TrialState.COMPLETE,2026-04-01T04:42:37.638900,2026-04-01T04:42:37.715630,0.07673,"{""atr_window"": 15, ""bb_std_dev"": 1.7, ""bb_window"": 16, ""cooldown"": 2, ""macd_fast"": 20, ""macd_k"": 1.2, ""macd_k_mid"": 0.65, ""macd_signal"": 8, ""macd_slow"": 44, ""macd_std_window"": 81, ""rebalance_freq"": 60, ""rebounce_block"": 3, ""sl_mult_lm"": 1.85, ""sl_mult_lr"": 2.1, ""sl_mult_sm"": 1.0, ""sl_mult_sr"": 1.5, ""time_stop"": 21, ""tp_mult_lm"": 4.2, ""tp_mult_lr"": 8.2, ""tp_mult_sm"": 4.4, ""tp_mult_sr"": 4.1, ""trail_mult"": 3.1, ""trail_tp"": true, ""use_trailing"": true}",{},
2074,-1000000000.0,TrialState.COMPLETE,2026-04-01T04:42:37.752637,2026-04-01T04:42:37.835692,0.083055,"{""atr_window"": 18, ""bb_std_dev"": 2.25, ""bb_window"": 14, ""cooldown"": 1, ""macd_fast"": 17, ""macd_k"": 2.0, ""macd_k_mid"": 0.55, ""macd_signal"": 8, ""macd_slow"": 42, ""macd_std_window"": 99, ""rebalance_freq"": 30, ""rebounce_block"": 5, ""sl_mult_lm"": 1.9, ""sl_mult_lr"": 3.3, ""sl_mult_sm"": 1.6, ""sl_mult_sr"": 3.5, ""time_stop"": 6, ""tp_mult_lm"": 3.8, ""tp_mult_lr"": 11.8, ""tp_mult_sm"": 4.9, ""tp_mult_sr"": 4.5, ""trail_mult"": 1.9, ""trail_tp"": false, ""use_trailing"": false}",{},
2075,-1000000000.0,TrialState.COMPLETE,2026-04-01T04:42:37.875476,2026-04-01T04:42:37.964860,0.089384,"{""atr_window"": 19, ""bb_std_dev"": 1.5, ""bb_window"": 22, ""cooldown"": 3, ""macd_fast"": 11, ""macd_k"": 1.0, ""macd_k_mid"": 0.5, ""macd_signal"": 9, ""macd_slow"": 38, ""macd_std_window"": 100, ""rebalance_freq"": 180, ""rebounce_block"": 0, ""sl_mult_lm"": 2.05, ""sl_mult_lr"": 2.4, ""sl_mult_sm"": 1.75, ""sl_mult_sr"": 1.7, ""time_stop"": 28, ""tp_mult_lm"": 3.6, ""tp_mult_lr"": 13.0, ""tp_mult_sm"": 6.5, ""tp_mult_sr"": 6.4, ""trail_mult"": 3.5, ""trail_tp"": true, ""use_trailing"": true}",{},
2076,-1000000000.0,TrialState.COMPLETE,2026-04-01T04:42:38.002575,2026-04-01T04:42:38.081663,0.079088,"{""atr_window"": 13, ""bb_std_dev"": 2.4, ""bb_window"": 21, ""cooldown"": 1, ""macd_fast"": 14, ""macd_k"": 1.1, ""macd_k_mid"": 0.6, ""macd_signal"": 7, ""macd_slow"": 41, ""macd_std_window"": 89, ""rebalance_freq"": 150, ""rebounce_block"": 6, ""sl_mult_lm"": 1.0, ""sl_mult_lr"": 2.9, ""sl_mult_sm"": 1.25, ""sl_mult_sr"": 2.2, ""time_stop"": 22, ""tp_mult_lm"": 5.1, ""tp_mult_lr"": 12.4, ""tp_mult_sm"": 5.7, ""tp_mult_sr"": 4.9, ""trail_mult"": 1.6, ""trail_tp"": false, ""use_trailing"": true}",{},
2077,-1000000000.0,TrialState.COMPLETE,2026-04-01T04:42:38.120052,2026-04-01T04:42:38.206826,0.086774,"{""atr_window"": 12, ""bb_std_dev"": 2.0, ""bb_window"": 18, ""cooldown"": 0, ""macd_fast"": 18, ""macd_k"": 1.5, ""macd_k_mid"": 0.9, ""macd_signal"": 10, ""macd_slow"": 43, ""macd_std_window"": 91, ""rebalance_freq"": 120, ""rebounce_block"": 2, ""sl_mult_lm"": 1.25, ""sl_mult_lr"": 3.1, ""sl_mult_sm"": 1.9500000000000002, ""sl_mult_sr"": 1.6, ""time_stop"": 16, ""tp_mult_lm"": 5.3, ""tp_mult_lr"": 13.600000000000001, ""tp_mult_sm"": 3.5, ""tp_mult_sr"": 4.7, ""trail_mult"": 3.9000000000000004, ""trail_tp"": true, ""use_trailing"": true}",{},
2078,-1000000000.0,TrialState.COMPLETE,2026-04-01T04:42:38.246686,2026-04-01T04:42:40.679686,2.433,"{""atr_window"": 14, ""bb_std_dev"": 2.15, ""bb_window"": 16, ""cooldown"": 4, ""macd_fast"": 16, ""macd_k"": 1.7000000000000002, ""macd_k_mid"": 0.8500000000000001, ""macd_signal"": 6, ""macd_slow"": 36, ""macd_std_window"": 87, ""rebalance_freq"": 150, ""rebounce_block"": 3, ""sl_mult_lm"": 1.9500000000000002, ""sl_mult_lr"": 3.9000000000000004, ""sl_mult_sm"": 1.4, ""sl_mult_sr"": 1.9, ""time_stop"": 25, ""tp_mult_lm"": 6.0, ""tp_mult_lr"": 11.4, ""tp_mult_sm"": 5.800000000000001, ""tp_mult_sr"": 3.9, ""trail_mult"": 2.2, ""trail_tp"": false, ""use_trailing"": false}",{},
2079,-1000000000.0,TrialState.COMPLETE,2026-04-01T04:42:40.711901,2026-04-01T04:42:40.776999,0.065098,"{""atr_window"": 17, ""bb_std_dev"": 1.45, ""bb_window"": 15, ""cooldown"": 1, ""macd_fast"": 15, ""macd_k"": 1.65, ""macd_k_mid"": 0.6, ""macd_signal"": 8, ""macd_slow"": 40, ""macd_std_window"": 98, ""rebalance_freq"": 180, ""rebounce_block"": 5, ""sl_mult_lm"": 2.1500000000000004, ""sl_mult_lr"": 2.5, ""sl_mult_sm"": 1.65, ""sl_mult_sr"": 2.6, ""time_stop"": 15, ""tp_mult_lm"": 5.6, ""tp_mult_lr"": 8.6, ""tp_mult_sm"": 6.4, ""tp_mult_sr"": 6.9, ""trail_mult"": 3.1, ""trail_tp"": true, ""use_trailing"": true}",{},
2080,-1000000000.0,TrialState.COMPLETE,2026-04-01T04:42:40.817590,2026-04-01T04:42:40.890353,0.072763,"{""atr_window"": 16, ""bb_std_dev"": 1.75, ""bb_window"": 25, ""cooldown"": 4, ""macd_fast"": 13, ""macd_k"": 1.8, ""macd_k_mid"": 0.95, ""macd_signal"": 9, ""macd_slow"": 40, ""macd_std_window"": 85, ""rebalance_freq"": 150, ""rebounce_block"": 6, ""sl_mult_lm"": 1.15, ""sl_mult_lr"": 2.2, ""sl_mult_sm"": 1.7000000000000002, ""sl_mult_sr"": 3.3, ""time_stop"": 11, ""tp_mult_lm"": 5.800000000000001, ""tp_mult_lr"": 10.6, ""tp_mult_sm"": 6.2, ""tp_mult_sr"": 5.9, ""trail_mult"": 3.4000000000000004, ""trail_tp"": false, ""use_trailing"": true}",{},
2081,-1000000000.0,TrialState.COMPLETE,2026-04-01T04:42:40.927251,2026-04-01T04:42:43.441990,2.514739,"{""atr_window"": 20, ""bb_std_dev"": 2.35, ""bb_window"": 14, ""cooldown"": 2, ""macd_fast"": 19, ""macd_k"": 1.0, ""macd_k_mid"": 0.55, ""macd_signal"": 8, ""macd_slow"": 41, ""macd_std_window"": 75, ""rebalance_freq"": 90, ""rebounce_block"": 4, ""sl_mult_lm"": 1.9, ""sl_mult_lr"": 4.0, ""sl_mult_sm"": 1.1, ""sl_mult_sr"": 2.1, ""time_stop"": 26, ""tp_mult_lm"": 5.2, ""tp_mult_lr"": 12.8, ""tp_mult_sm"": 6.9, ""tp_mult_sr"": 3.5, ""trail_mult"": 3.2, ""trail_tp"": true, ""use_trailing"": false}",{},
2082,-1000000000.0,TrialState.COMPLETE,2026-04-01T04:42:43.478644,2026-04-01T04:42:43.568412,0.089768,"{""atr_window"": 15, ""bb_std_dev"": 1.8499999999999999, ""bb_window"": 20, ""cooldown"": 3, ""macd_fast"": 12, ""macd_k"": 1.2, ""macd_k_mid"": 0.5, ""macd_signal"": 7, ""macd_slow"": 42, ""macd_std_window"": 93, ""rebalance_freq"": 180, ""rebounce_block"": 1, ""sl_mult_lm"": 1.1, ""sl_mult_lr"": 2.7, ""sl_mult_sm"": 1.35, ""sl_mult_sr"": 1.5, ""time_stop"": 20, ""tp_mult_lm"": 5.4, ""tp_mult_lr"": 14.8, ""tp_mult_sm"": 4.7, ""tp_mult_sr"": 5.1, ""trail_mult"": 3.7, ""trail_tp"": false, ""use_trailing"": true}",{},
2083,-1000000000.0,TrialState.COMPLETE,2026-04-01T04:42:43.611884,2026-04-01T04:42:46.129179,2.517295,"{""atr_window"": 14, ""bb_std_dev"": 2.5, ""bb_window"": 17, ""cooldown"": 1, ""macd_fast"": 20, ""macd_k"": 1.4, ""macd_k_mid"": 0.7, ""macd_signal"": 8, ""macd_slow"": 35, ""macd_std_window"": 90, ""rebalance_freq"": 60, ""rebounce_block"": 0, ""sl_mult_lm"": 1.7000000000000002, ""sl_mult_lr"": 2.3, ""sl_mult_sm"": 1.55, ""sl_mult_sr"": 1.8, ""time_stop"": 13, ""tp_mult_lm"": 5.9, ""tp_mult_lr"": 11.6, ""tp_mult_sm"": 3.9, ""tp_mult_sr"": 3.1, ""trail_mult"": 2.1, ""trail_tp"": true, ""use_trailing"": true}",{},
2084,-1000000000.0,TrialState.COMPLETE,2026-04-01T04:42:46.159092,2026-04-01T04:42:46.240338,0.081246,"{""atr_window"": 18, ""bb_std_dev"": 2.3, ""bb_window"": 14, ""cooldown"": 2, ""macd_fast"": 11, ""macd_k"": 1.6, ""macd_k_mid"": 0.65, ""macd_signal"": 9, ""macd_slow"": 39, ""macd_std_window"": 70, ""rebalance_freq"": 120, ""rebounce_block"": 5, ""sl_mult_lm"": 1.0, ""sl_mult_lr"": 3.0, ""sl_mult_sm"": 1.05, ""sl_mult_sr"": 2.0, ""time_stop"": 17, ""tp_mult_lm"": 5.7, ""tp_mult_lr"": 12.0, ""tp_mult_sm"": 4.5, ""tp_mult_sr"": 3.0, ""trail_mult"": 1.5, ""trail_tp"": false, ""use_trailing"": true}",{},
2085,-1000000000.0,TrialState.COMPLETE,2026-04-01T04:42:46.281793,2026-04-01T04:42:46.356856,0.075063,"{""atr_window"": 17, ""bb_std_dev"": 2.2, ""bb_window"": 15, ""cooldown"": 5, ""macd_fast"": 10, ""macd_k"": 1.25, ""macd_k_mid"": 0.8, ""macd_signal"": 10, ""macd_slow"": 43, ""macd_std_window"": 82, ""rebalance_freq"": 30, ""rebounce_block"": 3, ""sl_mult_lm"": 1.9500000000000002, ""sl_mult_lr"": 4.2, ""sl_mult_sm"": 2.0, ""sl_mult_sr"": 2.4, ""time_stop"": 19, ""tp_mult_lm"": 5.0, ""tp_mult_lr"": 11.8, ""tp_mult_sm"": 3.3, ""tp_mult_sr"": 4.3, ""trail_mult"": 2.3, ""trail_tp"": true, ""use_trailing"": false}",{},
2086,-1000000000.0,TrialState.COMPLETE,2026-04-01T04:42:46.392935,2026-04-01T04:42:46.486966,0.094031,"{""atr_window"": 16, ""bb_std_dev"": 1.9, ""bb_window"": 24, ""cooldown"": 0, ""macd_fast"": 14, ""macd_k"": 1.75, ""macd_k_mid"": 0.7, ""macd_signal"": 6, ""macd_slow"": 37, ""macd_std_window"": 88, ""rebalance_freq"": 150, ""rebounce_block"": 2, ""sl_mult_lm"": 1.3, ""sl_mult_lr"": 3.4000000000000004, ""sl_mult_sm"": 1.85, ""sl_mult_sr"": 2.2, ""time_stop"": 30, ""tp_mult_lm"": 4.8, ""tp_mult_lr"": 9.8, ""tp_mult_sm"": 5.6, ""tp_mult_sr"": 4.0, ""trail_mult"": 2.6, ""trail_tp"": false, ""use_trailing"": true}",{},
2087,-1000000000.0,TrialState.COMPLETE,2026-04-01T04:42:46.526183,2026-04-01T04:42:46.612147,0.085964,"{""atr_window"": 14, ""bb_std_dev"": 1.95, ""bb_window"": 16, ""cooldown"": 1, ""macd_fast"": 18, ""macd_k"": 1.45, ""macd_k_mid"": 0.55, ""macd_signal"": 7, ""macd_slow"": 44, ""macd_std_window"": 89, ""rebalance_freq"": 90, ""rebounce_block"": 6, ""sl_mult_lm"": 1.35, ""sl_mult_lr"": 4.800000000000001, ""sl_mult_sm"": 1.9, ""sl_mult_sr"": 1.7, ""time_stop"": 0, ""tp_mult_lm"": 5.3, ""tp_mult_lr"": 9.4, ""tp_mult_sm"": 3.0, ""tp_mult_sr"": 4.2, ""trail_mult"": 1.8, ""trail_tp"": true, ""use_trailing"": true}",{},
2088,-1000000000.0,TrialState.COMPLETE,2026-04-01T04:42:46.651710,2026-04-01T04:42:46.730063,0.078353,"{""atr_window"": 19, ""bb_std_dev"": 2.45, ""bb_window"": 14, ""cooldown"": 4, ""macd_fast"": 15, ""macd_k"": 1.15, ""macd_k_mid"": 0.75, ""macd_signal"": 9, ""macd_slow"": 44, ""macd_std_window"": 84, ""rebalance_freq"": 150, ""rebounce_block"": 5, ""sl_mult_lm"": 1.4, ""sl_mult_lr"": 2.0, ""sl_mult_sm"": 1.75, ""sl_mult_sr"": 3.2, ""time_stop"": 3, ""tp_mult_lm"": 4.0, ""tp_mult_lr"": 12.2, ""tp_mult_sm"": 5.300000000000001, ""tp_mult_sr"": 3.8, ""trail_mult"": 3.3, ""trail_tp"": false, ""use_trailing"": true}",{},
2089,-1000000000.0,TrialState.COMPLETE,2026-04-01T04:42:46.765741,2026-04-01T04:42:46.846839,0.081098,"{""atr_window"": 18, ""bb_std_dev"": 2.4, ""bb_window"": 22, ""cooldown"": 0, ""macd_fast"": 13, ""macd_k"": 1.05, ""macd_k_mid"": 0.6, ""macd_signal"": 8, ""macd_slow"": 41, ""macd_std_window"": 86, ""rebalance_freq"": 180, ""rebounce_block"": 3, ""sl_mult_lm"": 1.55, ""sl_mult_lr"": 2.4, ""sl_mult_sm"": 1.5, ""sl_mult_sr"": 2.3, ""time_stop"": 7, ""tp_mult_lm"": 5.2, ""tp_mult_lr"": 13.2, ""tp_mult_sm"": 4.0, ""tp_mult_sr"": 6.5, ""trail_mult"": 3.0, ""trail_tp"": true, ""use_trailing"": false}",{},
2090,-1000000000.0,TrialState.COMPLETE,2026-04-01T04:42:46.894743,2026-04-01T04:42:49.392375,2.497632,"{""atr_window"": 15, ""bb_std_dev"": 1.7, ""bb_window"": 23, ""cooldown"": 2, ""macd_fast"": 16, ""macd_k"": 1.85, ""macd_k_mid"": 1.0, ""macd_signal"": 5, ""macd_slow"": 38, ""macd_std_window"": 80, ""rebalance_freq"": 120, ""rebounce_block"": 4, ""sl_mult_lm"": 1.2, ""sl_mult_lr"": 2.8, ""sl_mult_sm"": 1.0, ""sl_mult_sr"": 1.5, ""time_stop"": 24, ""tp_mult_lm"": 4.7, ""tp_mult_lr"": 16.8, ""tp_mult_sm"": 3.6, ""tp_mult_sr"": 5.9, ""trail_mult"": 2.2, ""trail_tp"": false, ""use_trailing"": true}",{},
2091,-1000000000.0,TrialState.COMPLETE,2026-04-01T04:42:49.422844,2026-04-01T04:57:54.574745,905.151901,"{""atr_window"": 20, ""bb_std_dev"": 2.1, ""bb_window"": 19, ""cooldown"": 3, ""macd_fast"": 12, ""macd_k"": 1.55, ""macd_k_mid"": 0.55, ""macd_signal"": 9, ""macd_slow"": 37, ""macd_std_window"": 71, ""rebalance_freq"": 30, ""rebounce_block"": 0, ""sl_mult_lm"": 2.0, ""sl_mult_lr"": 2.1, ""sl_mult_sm"": 1.8, ""sl_mult_sr"": 2.1, ""time_stop"": 8, ""tp_mult_lm"": 4.9, ""tp_mult_lr"": 15.2, ""tp_mult_sm"": 6.6, ""tp_mult_sr"": 5.800000000000001, ""trail_mult"": 2.7, ""trail_tp"": true, ""use_trailing"": true}",{},
2092,-1000000000.0,TrialState.COMPLETE,2026-04-01T04:57:54.711077,2026-04-01T04:57:57.293689,2.582612,"{""atr_window"": 16, ""bb_std_dev"": 2.35, ""bb_window"": 16, ""cooldown"": 5, ""macd_fast"": 19, ""macd_k"": 1.5, ""macd_k_mid"": 0.95, ""macd_signal"": 8, ""macd_slow"": 35, ""macd_std_window"": 76, ""rebalance_freq"": 180, ""rebounce_block"": 5, ""sl_mult_lm"": 1.45, ""sl_mult_lr"": 2.5, ""sl_mult_sm"": 1.2, ""sl_mult_sr"": 3.1, ""time_stop"": 23, ""tp_mult_lm"": 5.5, ""tp_mult_lr"": 15.600000000000001, ""tp_mult_sm"": 3.4, ""tp_mult_sr"": 5.300000000000001, ""trail_mult"": 1.7, ""trail_tp"": false, ""use_trailing"": true}",{},
2093,-1000000000.0,TrialState.COMPLETE,2026-04-01T04:57:57.334122,2026-04-01T04:57:57.412672,0.07855,"{""atr_window"": 14, ""bb_std_dev"": 1.7999999999999998, ""bb_window"": 18, ""cooldown"": 1, ""macd_fast"": 14, ""macd_k"": 1.1, ""macd_k_mid"": 0.5, ""macd_signal"": 10, ""macd_slow"": 39, ""macd_std_window"": 81, ""rebalance_freq"": 150, ""rebounce_block"": 6, ""sl_mult_lm"": 1.05, ""sl_mult_lr"": 4.300000000000001, ""sl_mult_sm"": 1.65, ""sl_mult_sr"": 1.6, ""time_stop"": 9, ""tp_mult_lm"": 4.1, ""tp_mult_lr"": 14.2, ""tp_mult_sm"": 7.0, ""tp_mult_sr"": 4.6, ""trail_mult"": 4.0, ""trail_tp"": true, ""use_trailing"": false}",{},
2094,-1000000000.0,TrialState.COMPLETE,2026-04-01T04:57:57.449708,2026-04-01T04:57:57.526953,0.077245,"{""atr_window"": 12, ""bb_std_dev"": 2.05, ""bb_window"": 21, ""cooldown"": 2, ""macd_fast"": 12, ""macd_k"": 1.35, ""macd_k_mid"": 0.55, ""macd_signal"": 7, ""macd_slow"": 40, ""macd_std_window"": 95, ""rebalance_freq"": 150, ""rebounce_block"": 2, ""sl_mult_lm"": 1.25, ""sl_mult_lr"": 2.6, ""sl_mult_sm"": 1.6, ""sl_mult_sr"": 1.8, ""time_stop"": 5, ""tp_mult_lm"": 6.0, ""tp_mult_lr"": 10.8, ""tp_mult_sm"": 5.4, ""tp_mult_sr"": 6.6, ""trail_mult"": 2.8, ""trail_tp"": false, ""use_trailing"": true}",{},
