number,value,datetime_start,datetime_complete,duration,params_atr_window,params_bb_std_dev,params_bb_window,params_cooldown,params_macd_fast,params_macd_k,params_macd_k_mid,params_macd_signal,params_macd_slow,params_macd_std_window,params_rebalance_freq,params_rebounce_block,params_sl_mult_lm,params_sl_mult_lr,params_sl_mult_sm,params_sl_mult_sr,params_time_stop,params_tp_mult_lm,params_tp_mult_lr,params_tp_mult_sm,params_tp_mult_sr,params_trail_mult,params_trail_tp,params_use_trailing,user_attrs_allocations,user_attrs_deploy_avg_sharpe,user_attrs_deploy_total_sharpe,user_attrs_deploy_year_sharpes,user_attrs_score,user_attrs_selected_tickers,user_attrs_train_avg_sharpe,user_attrs_train_year_sharpes,state
388,-1000000000.0,2026-04-01 02:15:46.722027,2026-04-01 02:15:46.747945,0 days 00:00:00.025918,15,1.8499999999999999,15,1,13,1.05,0.75,8,44,81,120,2,2.0,4.300000000000001,1.85,2.4,0,4.3,13.4,4.9,5.0,1.9,False,False,,,,,,,,,COMPLETE
389,-1000000000.0,2026-04-01 02:15:46.777110,2026-04-01 02:15:46.815285,0 days 00:00:00.038175,18,1.7,14,4,14,1.7000000000000002,0.55,8,37,84,150,1,2.1,3.6,1.25,2.1,18,4.9,11.0,4.0,4.0,2.2,True,True,,,,,,,,,COMPLETE
390,-1000000000.0,2026-04-01 02:15:46.845887,2026-04-01 02:15:46.873260,0 days 00:00:00.027373,14,2.2,24,3,12,1.15,0.65,7,41,100,60,6,1.3,3.2,1.8,3.4000000000000004,22,5.3,11.4,6.1,4.8,3.6,False,True,,,,,,,,,COMPLETE
391,-1000000000.0,2026-04-01 02:15:46.903385,2026-04-01 02:15:46.930157,0 days 00:00:00.026772,20,1.5499999999999998,23,2,20,1.45,0.6,9,43,70,180,3,1.0,4.800000000000001,1.7000000000000002,2.0,17,5.5,10.6,5.2,3.2,2.1,True,False,,,,,,,,,COMPLETE
392,-1000000000.0,2026-04-01 02:15:46.959681,2026-04-01 02:15:49.354523,0 days 00:00:02.394842,16,2.3,21,0,15,1.6,0.7,8,36,93,120,4,2.05,2.3,1.55,1.7,16,5.0,9.0,7.0,5.800000000000001,3.8000000000000003,False,True,,,,,,,,,COMPLETE
393,-1000000000.0,2026-04-01 02:15:49.389908,2026-04-01 02:15:49.415545,0 days 00:00:00.025637,19,2.5,20,1,17,1.5,0.5,10,43,83,30,5,1.9500000000000002,4.0,1.9500000000000002,2.3,7,4.5,12.4,3.5,3.3,3.9000000000000004,True,True,,,,,,,,,COMPLETE
394,-1000000000.0,2026-04-01 02:15:49.444944,2026-04-01 02:15:49.470636,0 days 00:00:00.025692,11,2.15,14,3,10,1.3,0.8500000000000001,6,40,91,180,6,1.6,2.7,1.35,2.8,11,6.0,16.6,3.0,5.300000000000001,3.1,False,True,,,,,,,,,COMPLETE
395,-1000000000.0,2026-04-01 02:15:49.500145,2026-04-01 02:15:49.526524,0 days 00:00:00.026379,15,2.45,17,4,14,1.8,0.65,8,44,98,150,5,1.8,2.9,1.75,1.6,14,5.9,12.600000000000001,4.7,3.4,3.4000000000000004,True,False,,,,,,,,,COMPLETE
396,-1000000000.0,2026-04-01 02:15:49.572033,2026-04-01 02:15:52.005206,0 days 00:00:02.433173,18,1.95,14,1,18,1.6,0.6,9,37,72,90,6,1.5,2.1,1.65,2.2,10,5.6,8.4,6.300000000000001,4.3,3.2,False,True,,,,,,,,,COMPLETE
397,-1000000000.0,2026-04-01 02:15:52.030189,2026-04-01 02:15:52.054254,0 days 00:00:00.024065,17,2.25,16,2,11,1.0,0.55,5,42,77,150,3,1.35,2.4,1.1,1.5,19,5.1,9.6,4.5,4.6,1.7,True,True,,,,,,,,,COMPLETE
398,-1000000000.0,2026-04-01 02:15:52.079057,2026-04-01 02:15:52.105899,0 days 00:00:00.026842,14,1.5999999999999999,15,0,16,1.15,0.5,7,39,90,180,2,1.55,4.5,1.6,1.8,2,5.4,14.600000000000001,3.7,6.300000000000001,1.5,False,True,,,,,,,,,COMPLETE
399,-1000000000.0,2026-04-01 02:15:52.135574,2026-04-01 02:15:52.161955,0 days 00:00:00.026381,13,2.1,18,2,19,1.05,0.7,9,44,92,120,4,1.3,3.9000000000000004,1.4,2.1,5,5.800000000000001,8.2,4.3,7.0,2.6,True,False,,,,,,,,,COMPLETE
400,-1000000000.0,2026-04-01 02:15:52.191990,2026-04-01 02:15:52.217307,0 days 00:00:00.025317,16,1.65,25,1,12,1.85,0.6,8,41,99,30,5,1.2,2.5,1.9,1.5,9,4.4,11.2,5.1,3.9,2.5,False,True,,,,,,,,,COMPLETE
401,-1000000000.0,2026-04-01 02:15:52.251845,2026-04-01 02:15:52.278004,0 days 00:00:00.026159,20,1.7999999999999998,14,4,13,1.25,1.0,7,40,79,60,1,2.1500000000000004,2.6,1.8,2.6,8,3.6,13.0,5.7,5.1,2.2,True,True,,,,,,,,,COMPLETE
402,-1000000000.0,2026-04-01 02:15:52.308947,2026-04-01 02:15:54.762576,0 days 00:00:02.453629,10,1.65,16,5,15,1.35,0.8,10,35,75,150,0,1.9,2.3,1.7000000000000002,2.0,20,4.1,11.8,3.6,3.8,1.9,False,True,,,,,,,,,COMPLETE
403,-1000000000.0,2026-04-01 02:15:54.791587,2026-04-01 02:15:57.289571,0 days 00:00:02.497984,18,2.4,22,3,20,1.2,0.55,8,37,71,120,6,1.15,2.0,1.5,2.7,1,4.7,9.8,3.3,3.7,2.0,True,False,,,,,,,,,COMPLETE
404,-1000000000.0,2026-04-01 02:15:57.318097,2026-04-01 02:15:57.352134,0 days 00:00:00.034037,12,2.05,17,1,14,1.55,0.9,9,43,95,60,5,1.4,4.1,1.85,1.7,16,5.3,12.2,5.0,6.1,2.4,False,True,,,,,,,,,COMPLETE
405,-1000000000.0,2026-04-01 02:15:57.382681,2026-04-01 02:15:57.409227,0 days 00:00:00.026546,15,1.75,14,0,16,1.4,0.5,6,44,97,90,5,1.85,3.8,1.45,3.3,28,4.0,12.8,3.9,4.9,3.7,True,True,,,,,,,,,COMPLETE
406,-1000000000.0,2026-04-01 02:15:57.438898,2026-04-01 02:15:57.465297,0 days 00:00:00.026399,16,1.45,15,2,12,1.1,0.65,7,41,86,180,3,1.75,3.0,1.75,1.9,21,5.5,12.0,3.4,4.8,3.1,False,False,,,,,,,,,COMPLETE
407,-1000000000.0,2026-04-01 02:15:57.504122,2026-04-01 02:15:57.531331,0 days 00:00:00.027209,14,2.3,15,3,11,1.7000000000000002,0.95,8,36,84,150,6,1.0,2.8,2.0,2.5,6,5.0,10.2,4.4,6.5,3.2,True,True,,,,,,,,,COMPLETE
408,-1000000000.0,2026-04-01 02:15:57.561409,2026-04-01 02:15:59.931736,0 days 00:00:02.370327,19,2.35,20,4,19,1.45,0.55,7,38,82,180,2,1.7000000000000002,2.4,1.65,3.2,24,5.7,14.2,6.2,6.4,2.1,False,True,,,,,,,,,COMPLETE
409,-1000000000.0,2026-04-01 02:15:59.961791,2026-04-01 02:15:59.989084,0 days 00:00:00.027293,20,2.2,14,5,14,1.8,0.7,9,42,88,30,0,1.25,2.2,1.55,1.6,18,5.2,9.2,6.6,6.7,2.3,False,True,,,,,,,,,COMPLETE
410,-1000000000.0,2026-04-01 02:16:00.022102,2026-04-01 02:16:00.049842,0 days 00:00:00.027740,16,2.25,18,2,17,1.5,0.55,5,40,76,90,4,1.05,2.5,1.2,3.0,13,4.2,15.600000000000001,5.4,6.0,3.3,True,False,,,,,,,,,COMPLETE
411,-1000000000.0,2026-04-01 02:16:00.080094,2026-04-01 02:16:00.105787,0 days 00:00:00.025693,17,2.5,24,1,13,1.15,0.8500000000000001,10,44,100,120,5,1.1,2.6,1.25,2.1,11,4.6,8.0,4.2,3.5,3.0,False,True,,,,,,,,,COMPLETE
412,-1000000000.0,2026-04-01 02:16:00.134476,2026-04-01 02:16:02.561582,0 days 00:00:02.427106,14,1.5,17,3,18,1.1,0.65,8,38,85,150,6,2.1,2.9,1.35,2.2,0,3.7,10.0,3.8,5.4,2.2,True,True,,,,,,,,,COMPLETE
413,-1000000000.0,2026-04-01 02:16:02.586330,2026-04-01 02:16:02.612908,0 days 00:00:00.026578,15,2.0,16,0,15,1.0,0.6,6,43,70,60,2,2.2,3.1,1.3,1.8,29,5.1,10.6,4.8,4.4,1.6,False,True,,,,,,,,,COMPLETE
414,-1000000000.0,2026-04-01 02:16:02.641861,2026-04-01 02:16:02.668293,0 days 00:00:00.026432,11,1.9,14,0,10,1.75,0.5,9,41,93,150,3,1.9500000000000002,4.7,1.0,1.5,8,5.9,11.6,3.1,5.2,2.7,True,False,,,,,,,,,COMPLETE
415,-1000000000.0,2026-04-01 02:16:02.697385,2026-04-01 02:16:05.233699,0 days 00:00:02.536314,18,1.5499999999999998,19,4,20,1.4,0.6,7,39,96,180,1,1.35,3.3,1.75,1.7,12,4.9,10.8,7.0,5.5,2.9000000000000004,False,True,,,,,,,,,COMPLETE
416,-1000000000.0,2026-04-01 02:16:05.263233,2026-04-01 02:16:05.291086,0 days 00:00:00.027853,13,2.45,23,1,12,1.6,0.75,8,40,90,30,4,1.45,3.7,1.9500000000000002,1.6,15,4.3,15.0,6.800000000000001,5.7,4.0,True,True,,,,,,,,,COMPLETE
417,-1000000000.0,2026-04-01 02:16:05.321002,2026-04-01 02:16:07.898637,0 days 00:00:02.577635,12,1.7,14,2,16,1.05,0.65,9,37,99,90,5,2.0,2.5,1.8,1.9,10,5.3,8.8,5.800000000000001,5.800000000000001,2.1,False,True,,,,,,,,,COMPLETE
418,-1000000000.0,2026-04-01 02:16:07.929361,2026-04-01 02:16:07.975400,0 days 00:00:00.046039,19,2.2,15,3,13,1.2,0.7,8,44,92,120,3,1.55,2.3,1.6,2.2,22,5.2,14.0,4.5,4.0,3.1,True,False,,,,,,,,,COMPLETE
419,-1000000000.0,2026-04-01 02:16:08.008780,2026-04-01 02:16:08.035792,0 days 00:00:00.027012,20,2.4,14,2,14,1.9,0.55,10,43,80,150,5,1.25,2.7,1.4,1.5,23,5.7,8.4,5.5,6.6,3.7,False,True,,,,,,,,,COMPLETE
420,-1000000000.0,2026-04-01 02:16:08.079988,2026-04-01 02:16:11.188047,0 days 00:00:03.108059,17,2.35,20,1,20,1.65,0.7,9,42,81,180,6,2.05,3.4000000000000004,1.5,2.3,17,3.9,12.600000000000001,6.9,5.6,2.8,True,True,,,,,,,,,COMPLETE
421,-1000000000.0,2026-04-01 02:16:11.229321,2026-04-01 02:16:11.263944,0 days 00:00:00.034623,14,2.25,16,4,12,1.55,0.8,6,40,94,120,2,1.75,4.6,1.7000000000000002,3.5,14,4.8,16.200000000000003,4.3,5.0,2.0,False,False,,,,,,,,,COMPLETE
422,-1000000000.0,2026-04-01 02:16:11.318527,2026-04-01 02:16:15.100072,0 days 00:00:03.781545,16,2.15,17,5,15,1.3,0.5,7,36,71,150,6,1.0,2.0,1.55,2.0,19,5.4,9.6,6.4,4.4,1.9,True,True,,,,,,,,,COMPLETE
423,-1000000000.0,2026-04-01 02:16:15.140860,2026-04-01 02:16:15.185051,0 days 00:00:00.044191,19,2.3,15,0,16,1.35,0.55,8,44,73,150,0,1.3,4.300000000000001,1.05,1.7,30,5.6,13.8,6.6,3.1,3.2,False,True,,,,,,,,,COMPLETE
424,-1000000000.0,2026-04-01 02:16:15.262208,2026-04-01 02:16:15.297643,0 days 00:00:00.035435,15,2.05,21,2,10,1.15,0.75,10,37,89,30,4,1.4,2.4,1.9,1.6,21,6.0,15.8,4.0,4.7,2.6,True,True,,,,,,,,,COMPLETE
425,-1000000000.0,2026-04-01 02:16:15.349477,2026-04-01 02:16:15.404458,0 days 00:00:00.054981,18,1.75,17,3,17,1.0,0.55,8,41,87,180,3,1.8,2.4,1.45,2.1,7,5.5,13.2,3.5,4.5,1.7,False,False,,,,,,,,,COMPLETE
426,-1000000000.0,2026-04-01 02:16:15.450870,2026-04-01 02:16:19.324704,0 days 00:00:03.873834,10,2.35,14,1,19,1.25,0.9,5,39,91,60,6,1.9,2.7,1.85,2.4,4,3.5,10.4,5.6,3.7,1.8,True,True,,,,,,,,,COMPLETE
427,-1000000000.0,2026-04-01 02:16:19.383516,2026-04-01 02:16:19.414440,0 days 00:00:00.030924,20,1.95,14,1,11,1.1,0.6,7,35,83,90,5,1.6,4.2,1.15,1.5,9,5.800000000000001,12.0,3.6,4.1,2.1,False,True,,,,,,,,,COMPLETE
428,-1000000000.0,2026-04-01 02:16:19.467358,2026-04-01 02:16:19.496775,0 days 00:00:00.029417,13,1.8499999999999999,22,3,14,1.5,1.0,6,43,98,150,1,1.2,4.1,1.65,1.8,3,5.1,12.4,6.1,6.2,2.2,True,True,,,,,,,,,COMPLETE
429,-1000000000.0,2026-04-01 02:16:19.576723,2026-04-01 02:16:19.612531,0 days 00:00:00.035808,17,1.7999999999999998,19,0,20,1.05,0.6,9,44,70,180,5,1.5,2.1,1.7000000000000002,2.6,20,5.0,13.600000000000001,5.9,3.6,2.7,False,False,,,,,,,,,COMPLETE
430,-1000000000.0,2026-04-01 02:16:19.652937,2026-04-01 02:16:19.687687,0 days 00:00:00.034750,14,2.5,16,5,18,1.9500000000000002,0.5,8,43,89,120,3,1.35,2.5,1.8,2.8,16,4.1,14.8,3.2,5.9,3.8000000000000003,True,True,,,,,,,,,COMPLETE
431,-1000000000.0,2026-04-01 02:16:19.722863,2026-04-01 02:16:19.757090,0 days 00:00:00.034227,16,1.7,18,4,12,1.45,0.65,7,42,92,150,6,1.15,4.9,2.0,2.1,1,4.5,11.8,4.2,6.1,1.5,False,True,,,,,,,,,COMPLETE
432,-1000000000.0,2026-04-01 02:16:19.790281,2026-04-01 02:16:19.820474,0 days 00:00:00.030193,11,2.45,15,2,13,1.75,0.95,8,40,95,30,4,1.45,2.8,1.3,2.5,13,5.6,9.4,4.6,4.9,2.3,True,True,,,,,,,,,COMPLETE
433,-1000000000.0,2026-04-01 02:16:19.854230,2026-04-01 02:16:19.901315,0 days 00:00:00.047085,15,2.1,14,1,15,1.2,0.55,9,38,74,90,2,1.05,2.6,1.6,3.0,15,5.4,10.8,3.4,3.0,3.3,False,False,,,,,,,,,COMPLETE
434,-1000000000.0,2026-04-01 02:16:19.933963,2026-04-01 02:16:19.969644,0 days 00:00:00.035681,18,2.4,24,2,14,1.65,0.8,10,41,88,180,0,2.0,2.4,1.9,1.6,18,4.4,12.2,3.7,3.9,2.9000000000000004,True,True,,,,,,,,,COMPLETE
435,-1000000000.0,2026-04-01 02:16:20.017185,2026-04-01 02:16:23.083011,0 days 00:00:03.065826,12,2.0,14,3,16,1.5,0.7,7,36,82,120,5,1.9500000000000002,2.2,1.75,2.0,17,5.9,13.4,6.5,3.8,3.6,False,True,,,,,,,,,COMPLETE
436,-1000000000.0,2026-04-01 02:16:23.155364,2026-04-01 02:16:23.216403,0 days 00:00:00.061039,14,2.15,15,1,12,1.1,0.6,8,37,100,60,1,1.85,3.5,1.65,2.9000000000000004,28,5.3,12.8,4.4,5.2,3.9000000000000004,False,False,,,,,,,,,COMPLETE
437,-1000000000.0,2026-04-01 02:16:23.302979,2026-04-01 02:16:23.367870,0 days 00:00:00.064891,20,1.4,16,0,10,1.85,0.5,9,39,90,150,6,2.1500000000000004,2.2,1.25,1.7,8,4.7,11.8,6.9,4.6,3.0,True,True,,,,,,,,,COMPLETE
438,-1000000000.0,2026-04-01 02:16:23.421730,2026-04-01 02:16:23.455054,0 days 00:00:00.033324,19,2.2,25,4,15,1.15,0.8500000000000001,6,43,85,30,3,1.4,3.0,1.6,3.1,20,4.0,9.8,4.9,4.3,2.0,False,True,,,,,,,,,COMPLETE
439,-1000000000.0,2026-04-01 02:16:23.497551,2026-04-01 02:16:23.577932,0 days 00:00:00.080381,17,2.3,20,2,11,1.0,0.65,8,44,81,90,5,1.3,2.3,1.9500000000000002,1.5,25,5.6,16.8,5.2,5.300000000000001,2.4,True,True,,,,,,,,,COMPLETE
440,-1000000000.0,2026-04-01 02:16:23.628140,2026-04-01 02:16:27.988552,0 days 00:00:04.360412,16,1.7,23,0,20,1.4,0.7,10,42,96,150,2,1.9,5.0,1.4,2.2,2,5.2,11.2,6.300000000000001,5.7,1.9,False,False,,,,,,,,,COMPLETE
441,-1000000000.0,2026-04-01 02:16:28.039294,2026-04-01 02:16:28.089511,0 days 00:00:00.050217,16,2.5,21,1,13,1.55,0.55,7,41,98,180,0,1.65,2.6,1.35,1.9,21,4.9,11.6,3.1,6.800000000000001,3.1,True,True,,,,,,,,,COMPLETE
442,-1000000000.0,2026-04-01 02:16:28.146764,2026-04-01 02:16:28.221884,0 days 00:00:00.075120,14,1.5999999999999999,14,3,14,1.05,0.6,9,44,91,120,4,1.55,2.9,1.85,1.8,26,4.8,13.2,3.0,5.9,2.2,False,True,,,,,,,,,COMPLETE
443,-1000000000.0,2026-04-01 02:16:28.273226,2026-04-01 02:16:28.325179,0 days 00:00:00.051953,15,1.75,17,4,12,1.35,0.55,7,40,86,60,5,1.1,2.5,1.5,2.2,5,6.0,10.0,4.1,6.2,3.5,True,True,,,,,,,,,COMPLETE
444,-1000000000.0,2026-04-01 02:16:28.372244,2026-04-01 02:16:33.089164,0 days 00:00:04.716920,13,2.25,14,5,17,1.6,0.5,8,36,70,150,6,1.35,3.2,1.1,2.0,6,5.7,14.4,6.7,4.2,2.8,False,False,,,,,,,,,COMPLETE
445,-1000000000.0,2026-04-01 02:16:33.131910,2026-04-01 02:16:37.835528,0 days 00:00:04.703618,20,1.9,22,2,20,1.3,0.7,9,35,80,180,3,2.1,4.1,1.8,2.1,10,5.0,12.0,4.7,6.300000000000001,2.5,True,True,,,,,,,,,COMPLETE
446,-1000000000.0,2026-04-01 02:16:37.866606,2026-04-01 02:16:41.384446,0 days 00:00:03.517840,18,1.8499999999999999,18,0,16,1.2,0.65,8,38,99,30,6,1.25,2.5,1.2,2.7,12,3.8,15.2,5.7,4.8,1.6,False,True,,,,,,,,,COMPLETE
447,-1000000000.0,2026-04-01 02:16:41.458827,2026-04-01 02:16:41.508288,0 days 00:00:00.049461,14,1.7999999999999998,16,3,15,1.25,0.75,10,39,97,120,1,1.05,2.0,1.55,2.3,19,4.3,12.8,6.800000000000001,5.1,2.3,True,True,,,,,,,,,COMPLETE
448,-1000000000.0,2026-04-01 02:16:41.543999,2026-04-01 02:16:44.279731,0 days 00:00:02.735732,15,2.45,15,1,18,1.7000000000000002,0.8,6,40,75,120,4,2.05,3.1,1.7000000000000002,1.6,23,4.6,11.4,6.2,5.0,3.2,False,False,,,,,,,,,COMPLETE
449,-1000000000.0,2026-04-01 02:16:44.310239,2026-04-01 02:16:44.338404,0 days 00:00:00.028165,17,1.5499999999999998,19,2,14,2.0,0.6,9,43,71,90,3,1.0,2.3,1.0,3.2,14,5.4,8.2,6.0,4.7,2.0,True,True,,,,,,,,,COMPLETE
450,-1000000000.0,2026-04-01 02:16:44.368744,2026-04-01 02:16:44.395310,0 days 00:00:00.026566,10,2.35,14,1,10,1.1,1.0,7,44,77,150,5,1.8,4.0,1.45,1.7,17,5.1,15.4,3.3,3.9,1.8,False,True,,,,,,,,,COMPLETE
451,-1000000000.0,2026-04-01 02:16:44.432057,2026-04-01 02:16:44.470837,0 days 00:00:00.038780,16,1.65,14,4,11,1.15,0.9,8,43,72,180,5,1.2,4.4,1.75,2.5,15,5.5,12.4,7.0,5.800000000000001,2.1,True,False,,,,,,,,,COMPLETE
452,-1000000000.0,2026-04-01 02:16:44.502487,2026-04-01 02:16:44.544607,0 days 00:00:00.042120,12,2.2,17,0,12,1.45,0.55,7,41,89,150,6,1.7000000000000002,4.800000000000001,1.5,1.5,21,5.1,10.2,3.5,3.2,3.2,False,True,,,,,,,,,COMPLETE
453,-1000000000.0,2026-04-01 02:16:44.576113,2026-04-01 02:16:44.603971,0 days 00:00:00.027858,19,2.3,20,3,13,1.65,0.65,5,37,87,180,2,1.9500000000000002,2.7,1.55,1.6,9,5.800000000000001,11.0,4.3,3.7,3.7,True,True,,,,,,,,,COMPLETE
454,-1000000000.0,2026-04-01 02:16:44.636534,2026-04-01 02:16:47.847788,0 days 00:00:03.211254,11,2.5,16,5,17,1.55,0.8500000000000001,8,37,84,30,0,1.6,4.2,1.65,2.1,11,5.5,9.6,5.300000000000001,4.0,3.0,False,True,,,,,,,,,COMPLETE
455,-1000000000.0,2026-04-01 02:16:47.965779,2026-04-01 02:16:48.020023,0 days 00:00:00.054244,20,2.4,15,1,14,1.6,0.55,9,42,81,60,3,1.75,2.8,1.85,1.9,22,5.2,16.4,5.800000000000001,5.4,2.2,True,False,,,,,,,,,COMPLETE
456,-1000000000.0,2026-04-01 02:16:48.085819,2026-04-01 02:16:48.130780,0 days 00:00:00.044961,16,2.05,24,2,15,1.0,0.95,10,40,79,150,4,1.5,2.4,1.7000000000000002,3.3,29,5.6,13.600000000000001,3.9,5.6,3.3,False,True,,,,,,,,,COMPLETE
457,-1000000000.0,2026-04-01 02:16:48.170997,2026-04-01 02:16:48.212866,0 days 00:00:00.041869,18,2.0,18,4,19,1.05,0.5,6,44,82,90,6,2.2,2.5,1.9500000000000002,2.6,0,4.7,9.8,4.5,6.0,3.1,True,True,,,,,,,,,COMPLETE
458,-1000000000.0,2026-04-01 02:16:48.251390,2026-04-01 02:16:48.298654,0 days 00:00:00.047264,17,1.75,14,1,20,1.15,0.6,9,43,94,180,5,1.3,2.1,1.9,1.5,24,5.3,13.0,5.1,4.5,4.0,False,True,,,,,,,,,COMPLETE
459,-1000000000.0,2026-04-01 02:16:48.335570,2026-04-01 02:16:48.376019,0 days 00:00:00.040449,13,2.45,23,3,16,1.5,0.75,8,41,90,120,2,1.0,2.6,2.0,2.2,16,4.2,12.600000000000001,4.2,3.1,3.8000000000000003,True,False,,,,,,,,,COMPLETE
460,-1000000000.0,2026-04-01 02:16:48.432968,2026-04-01 02:16:48.486011,0 days 00:00:00.053043,14,2.1,17,2,14,1.3,0.7,7,39,96,150,5,1.35,3.0,1.6,2.4,27,4.5,12.2,4.0,6.4,1.7,False,True,,,,,,,,,COMPLETE
461,-1000000000.0,2026-04-01 02:16:48.523002,2026-04-01 02:16:48.558329,0 days 00:00:00.035327,15,1.95,21,0,13,1.35,0.5,8,36,97,60,6,1.15,2.4,1.1,1.8,18,5.2,14.0,5.4,3.8,2.1,True,True,,,,,,,,,COMPLETE
462,-1000000000.0,2026-04-01 02:16:48.593428,2026-04-01 02:16:52.583906,0 days 00:00:03.990478,19,2.15,14,5,19,1.1,0.65,8,35,92,150,3,1.9,4.7,1.8,2.3,20,4.6,10.6,5.0,5.7,1.9,False,False,,,,,,,,,COMPLETE
463,-1000000000.0,2026-04-01 02:16:52.658377,2026-04-01 02:16:52.696393,0 days 00:00:00.038016,20,2.2,25,4,12,1.9,0.6,9,44,83,90,4,2.1500000000000004,3.4000000000000004,1.75,3.4000000000000004,8,3.9,8.6,3.8,7.0,2.6,True,True,,,,,,,,,COMPLETE
464,-1000000000.0,2026-04-01 02:16:52.729087,2026-04-01 02:16:52.764965,0 days 00:00:00.035878,18,2.35,16,2,15,1.7000000000000002,0.55,10,42,78,120,1,1.4,2.4,1.25,3.0,9,4.1,12.0,3.5,3.4,2.7,False,True,,,,,,,,,COMPLETE
465,-1000000000.0,2026-04-01 02:16:52.818436,2026-04-01 02:16:52.852218,0 days 00:00:00.033782,13,2.3,15,0,11,1.4,0.7,7,40,100,30,0,1.45,2.3,1.35,2.0,7,5.0,11.2,6.4,6.5,3.1,False,True,,,,,,,,,COMPLETE
466,-1000000000.0,2026-04-01 02:16:52.885260,2026-04-01 02:16:52.960387,0 days 00:00:00.075127,15,2.5,14,1,18,1.8,0.6,9,43,95,180,5,1.25,2.6,1.65,1.7,13,5.9,9.0,5.6,4.6,2.2,True,False,,,,,,,,,COMPLETE
467,-1000000000.0,2026-04-01 02:16:52.998408,2026-04-01 02:16:53.031984,0 days 00:00:00.033576,14,2.25,22,3,10,1.2,0.5,8,37,91,150,2,2.0,3.6,1.4,1.5,3,5.4,16.0,4.4,3.0,3.0,False,True,,,,,,,,,COMPLETE
468,-1000000000.0,2026-04-01 02:16:53.067711,2026-04-01 02:16:53.122634,0 days 00:00:00.054923,12,2.4,17,1,16,1.15,0.65,6,44,99,30,6,1.85,3.3,1.15,1.6,14,5.7,13.2,5.9,3.6,2.0,True,True,,,,,,,,,COMPLETE
469,-1000000000.0,2026-04-01 02:16:53.161421,2026-04-01 02:16:53.194081,0 days 00:00:00.032660,16,1.95,15,2,12,1.45,0.8500000000000001,7,41,93,120,6,1.55,3.7,1.7000000000000002,2.9000000000000004,12,4.2,9.4,4.9,4.3,3.7,False,True,,,,,,,,,COMPLETE
470,-1000000000.0,2026-04-01 02:16:53.249700,2026-04-01 02:16:56.801286,0 days 00:00:03.551586,19,1.9,21,3,20,1.65,0.55,10,40,88,150,3,1.1,2.9,1.3,1.8,10,4.9,14.8,4.8,5.5,3.2,True,False,,,,,,,,,COMPLETE
471,-1000000000.0,2026-04-01 02:16:56.861212,2026-04-01 02:16:56.895904,0 days 00:00:00.034692,18,2.35,16,4,13,1.1,0.9,8,39,70,180,5,1.2,2.7,1.85,2.1,19,4.3,14.600000000000001,3.6,4.9,3.4000000000000004,False,True,,,,,,,,,COMPLETE
472,-1000000000.0,2026-04-01 02:16:56.926876,2026-04-01 02:16:56.957538,0 days 00:00:00.030662,20,1.7,14,0,14,1.05,0.7,9,38,75,90,0,1.9500000000000002,2.3,1.55,3.2,29,6.0,10.4,4.6,5.800000000000001,2.5,True,True,,,,,,,,,COMPLETE
473,-1000000000.0,2026-04-01 02:16:56.988941,2026-04-01 02:16:59.905131,0 days 00:00:02.916190,11,1.5999999999999999,20,2,17,1.0,0.95,5,36,74,180,4,1.0,2.2,1.8,1.9,20,3.6,8.0,3.0,6.300000000000001,3.9000000000000004,False,True,,,,,,,,,COMPLETE
474,-1000000000.0,2026-04-01 02:16:59.940219,2026-04-01 02:16:59.967725,0 days 00:00:00.027506,16,2.1,14,5,15,1.25,0.6,8,43,81,60,3,1.5,2.1,1.9500000000000002,1.7,1,5.3,14.2,6.9,4.0,3.6,True,False,,,,,,,,,COMPLETE
475,-1000000000.0,2026-04-01 02:16:59.997963,2026-04-01 02:17:00.041141,0 days 00:00:00.043178,14,2.05,16,1,12,1.55,0.55,7,44,71,150,5,1.05,4.300000000000001,1.2,2.8,23,4.8,11.8,5.2,4.5,2.3,False,True,,,,,,,,,COMPLETE
476,-1000000000.0,2026-04-01 02:17:00.073578,2026-04-01 02:17:03.847713,0 days 00:00:03.774135,17,2.25,15,0,20,1.5,0.5,6,42,98,150,2,1.35,2.8,1.15,1.5,22,5.5,10.0,6.7,4.1,1.8,True,True,,,,,,,,,COMPLETE
477,-1000000000.0,2026-04-01 02:17:03.901921,2026-04-01 02:17:07.941631,0 days 00:00:04.039710,15,1.7999999999999998,18,4,16,1.2,0.7,9,37,87,120,6,1.4,2.0,1.05,2.2,6,3.7,13.4,3.2,5.9,1.6,False,False,,,,,,,,,COMPLETE
478,-1000000000.0,2026-04-01 02:17:07.981447,2026-04-01 02:17:08.015406,0 days 00:00:00.033959,20,2.45,19,3,14,1.15,0.6,7,41,80,180,5,1.6,3.9000000000000004,1.6,2.5,30,4.4,11.4,4.1,5.300000000000001,3.8000000000000003,True,True,,,,,,,,,COMPLETE
479,-1000000000.0,2026-04-01 02:17:08.051292,2026-04-01 02:17:08.102750,0 days 00:00:00.051458,13,1.65,14,2,10,1.1,0.75,8,44,72,30,3,1.25,2.5,1.5,1.8,5,5.800000000000001,10.2,5.7,6.1,1.5,False,True,,,,,,,,,COMPLETE
480,-1000000000.0,2026-04-01 02:17:08.145643,2026-04-01 02:17:08.196474,0 days 00:00:00.050831,18,1.5,17,1,18,1.6,0.8,10,43,77,90,1,2.1,3.5,1.9,1.7,25,5.0,9.6,3.7,4.7,2.1,True,True,,,,,,,,,COMPLETE
481,-1000000000.0,2026-04-01 02:17:08.230720,2026-04-01 02:17:08.260052,0 days 00:00:00.029332,14,2.2,24,3,11,1.45,0.55,9,40,85,150,4,1.3,4.9,1.65,1.6,21,5.6,12.2,5.5,5.2,2.8,False,False,,,,,,,,,COMPLETE
482,-1000000000.0,2026-04-01 02:17:08.295909,2026-04-01 02:17:12.247128,0 days 00:00:03.951219,16,2.4,15,1,17,1.75,0.65,8,38,76,60,6,1.8,4.5,1.9,2.1,16,3.8,12.8,7.0,5.1,2.0,True,True,,,,,,,,,COMPLETE
483,-1000000000.0,2026-04-01 02:17:12.287224,2026-04-01 02:17:12.326369,0 days 00:00:00.039145,18,2.15,23,0,19,1.4,0.5,7,43,89,120,5,1.9,3.1,1.75,2.0,17,5.3,11.6,6.5,5.0,3.3,False,True,,,,,,,,,COMPLETE
484,-1000000000.0,2026-04-01 02:17:12.378291,2026-04-01 02:17:12.413514,0 days 00:00:00.035223,10,1.75,14,4,12,1.9500000000000002,1.0,6,37,73,180,2,1.35,2.4,1.4,2.4,18,4.7,12.4,4.4,3.7,3.2,True,True,,,,,,,,,COMPLETE
485,-1000000000.0,2026-04-01 02:17:12.470283,2026-04-01 02:17:12.506447,0 days 00:00:00.036164,17,1.8499999999999999,14,2,14,1.0,0.65,9,38,100,90,6,1.55,2.5,1.45,3.1,9,5.1,13.0,6.800000000000001,4.4,2.2,False,False,,,,,,,,,COMPLETE
