number,value,state,datetime_start,datetime_complete,duration_seconds,params_json,fold_sharpes_json,avg_cv_sharpe
1208,-1000000000.0,TrialState.COMPLETE,2026-04-01T02:58:33.703772,2026-04-01T02:58:33.749647,0.045875,"{""atr_window"": 18, ""bb_std_dev"": 1.7, ""bb_window"": 14, ""cooldown"": 0, ""macd_fast"": 14, ""macd_k"": 1.25, ""macd_k_mid"": 0.6, ""macd_signal"": 5, ""macd_slow"": 41, ""macd_std_window"": 84, ""rebalance_freq"": 150, ""rebounce_block"": 5, ""sl_mult_lm"": 1.9500000000000002, ""sl_mult_lr"": 4.2, ""sl_mult_sm"": 1.75, ""sl_mult_sr"": 3.2, ""time_stop"": 23, ""tp_mult_lm"": 5.6, ""tp_mult_lr"": 12.8, ""tp_mult_sm"": 4.7, ""tp_mult_sr"": 5.800000000000001, ""trail_mult"": 2.1, ""trail_tp"": true, ""use_trailing"": true}",{},
1209,-1000000000.0,TrialState.COMPLETE,2026-04-01T02:58:33.780094,2026-04-01T02:58:33.827885,0.047791,"{""atr_window"": 13, ""bb_std_dev"": 2.05, ""bb_window"": 17, ""cooldown"": 3, ""macd_fast"": 13, ""macd_k"": 1.45, ""macd_k_mid"": 0.65, ""macd_signal"": 7, ""macd_slow"": 40, ""macd_std_window"": 99, ""rebalance_freq"": 120, ""rebounce_block"": 1, ""sl_mult_lm"": 2.1500000000000004, ""sl_mult_lr"": 3.1, ""sl_mult_sm"": 1.55, ""sl_mult_sr"": 1.9, ""time_stop"": 6, ""tp_mult_lm"": 5.5, ""tp_mult_lr"": 8.8, ""tp_mult_sm"": 6.4, ""tp_mult_sr"": 7.0, ""trail_mult"": 2.2, ""trail_tp"": false, ""use_trailing"": true}",{},
1210,-1000000000.0,TrialState.COMPLETE,2026-04-01T02:58:33.858390,2026-04-01T02:58:33.903403,0.045013,"{""atr_window"": 15, ""bb_std_dev"": 1.7999999999999998, ""bb_window"": 19, ""cooldown"": 2, ""macd_fast"": 12, ""macd_k"": 1.55, ""macd_k_mid"": 0.8, ""macd_signal"": 8, ""macd_slow"": 43, ""macd_std_window"": 89, ""rebalance_freq"": 180, ""rebounce_block"": 2, ""sl_mult_lm"": 1.4, ""sl_mult_lr"": 5.0, ""sl_mult_sm"": 1.5, ""sl_mult_sr"": 1.7, ""time_stop"": 14, ""tp_mult_lm"": 5.1, ""tp_mult_lr"": 16.0, ""tp_mult_sm"": 3.9, ""tp_mult_sr"": 3.7, ""trail_mult"": 3.2, ""trail_tp"": true, ""use_trailing"": true}",{},
1211,-1000000000.0,TrialState.COMPLETE,2026-04-01T02:58:33.934397,2026-04-01T02:58:33.979840,0.045443,"{""atr_window"": 19, ""bb_std_dev"": 1.75, ""bb_window"": 16, ""cooldown"": 4, ""macd_fast"": 17, ""macd_k"": 1.05, ""macd_k_mid"": 0.55, ""macd_signal"": 10, ""macd_slow"": 42, ""macd_std_window"": 81, ""rebalance_freq"": 90, ""rebounce_block"": 6, ""sl_mult_lm"": 2.1, ""sl_mult_lr"": 2.4, ""sl_mult_sm"": 1.85, ""sl_mult_sr"": 2.4, ""time_stop"": 18, ""tp_mult_lm"": 5.3, ""tp_mult_lr"": 10.6, ""tp_mult_sm"": 3.3, ""tp_mult_sr"": 6.1, ""trail_mult"": 3.0, ""trail_tp"": false, ""use_trailing"": false}",{},
1212,-1000000000.0,TrialState.COMPLETE,2026-04-01T02:58:34.009315,2026-04-01T02:58:34.055650,0.046335,"{""atr_window"": 17, ""bb_std_dev"": 2.3, ""bb_window"": 14, ""cooldown"": 1, ""macd_fast"": 16, ""macd_k"": 1.5, ""macd_k_mid"": 0.6, ""macd_signal"": 9, ""macd_slow"": 44, ""macd_std_window"": 85, ""rebalance_freq"": 30, ""rebounce_block"": 0, ""sl_mult_lm"": 2.0, ""sl_mult_lr"": 4.300000000000001, ""sl_mult_sm"": 1.7000000000000002, ""sl_mult_sr"": 2.8, ""time_stop"": 9, ""tp_mult_lm"": 5.7, ""tp_mult_lr"": 14.600000000000001, ""tp_mult_sm"": 5.2, ""tp_mult_sr"": 5.9, ""trail_mult"": 2.9000000000000004, ""trail_tp"": true, ""use_trailing"": true}",{},
1213,-1000000000.0,TrialState.COMPLETE,2026-04-01T02:58:34.089217,2026-04-01T02:58:34.144318,0.055101,"{""atr_window"": 16, ""bb_std_dev"": 1.9, ""bb_window"": 18, ""cooldown"": 0, ""macd_fast"": 14, ""macd_k"": 1.15, ""macd_k_mid"": 0.7, ""macd_signal"": 6, ""macd_slow"": 41, ""macd_std_window"": 71, ""rebalance_freq"": 180, ""rebounce_block"": 5, ""sl_mult_lm"": 1.7000000000000002, ""sl_mult_lr"": 3.8, ""sl_mult_sm"": 1.65, ""sl_mult_sr"": 2.1, ""time_stop"": 26, ""tp_mult_lm"": 3.5, ""tp_mult_lr"": 13.4, ""tp_mult_sm"": 3.6, ""tp_mult_sr"": 3.2, ""trail_mult"": 3.1, ""trail_tp"": false, ""use_trailing"": true}",{},
1214,-1000000000.0,TrialState.COMPLETE,2026-04-01T02:58:34.171392,2026-04-01T02:58:34.239330,0.067938,"{""atr_window"": 12, ""bb_std_dev"": 1.95, ""bb_window"": 14, ""cooldown"": 1, ""macd_fast"": 10, ""macd_k"": 1.1, ""macd_k_mid"": 0.5, ""macd_signal"": 8, ""macd_slow"": 37, ""macd_std_window"": 88, ""rebalance_freq"": 150, ""rebounce_block"": 3, ""sl_mult_lm"": 1.9500000000000002, ""sl_mult_lr"": 2.2, ""sl_mult_sm"": 1.8, ""sl_mult_sr"": 2.2, ""time_stop"": 25, ""tp_mult_lm"": 4.1, ""tp_mult_lr"": 11.8, ""tp_mult_sm"": 6.2, ""tp_mult_sr"": 4.8, ""trail_mult"": 3.9000000000000004, ""trail_tp"": true, ""use_trailing"": true}",{},
1215,-1000000000.0,TrialState.COMPLETE,2026-04-01T02:58:34.275768,2026-04-01T02:58:34.327005,0.051237,"{""atr_window"": 20, ""bb_std_dev"": 2.2, ""bb_window"": 20, ""cooldown"": 2, ""macd_fast"": 13, ""macd_k"": 1.9, ""macd_k_mid"": 0.8500000000000001, ""macd_signal"": 7, ""macd_slow"": 40, ""macd_std_window"": 70, ""rebalance_freq"": 120, ""rebounce_block"": 6, ""sl_mult_lm"": 1.05, ""sl_mult_lr"": 3.2, ""sl_mult_sm"": 1.1, ""sl_mult_sr"": 3.0, ""time_stop"": 30, ""tp_mult_lm"": 6.0, ""tp_mult_lr"": 12.2, ""tp_mult_sm"": 5.800000000000001, ""tp_mult_sr"": 3.9, ""trail_mult"": 3.8000000000000003, ""trail_tp"": false, ""use_trailing"": false}",{},
1216,-1000000000.0,TrialState.COMPLETE,2026-04-01T02:58:34.359074,2026-04-01T02:58:36.743192,2.384118,"{""atr_window"": 14, ""bb_std_dev"": 1.5999999999999999, ""bb_window"": 17, ""cooldown"": 3, ""macd_fast"": 15, ""macd_k"": 2.0, ""macd_k_mid"": 0.55, ""macd_signal"": 9, ""macd_slow"": 36, ""macd_std_window"": 94, ""rebalance_freq"": 180, ""rebounce_block"": 5, ""sl_mult_lm"": 1.9, ""sl_mult_lr"": 2.3, ""sl_mult_sm"": 1.55, ""sl_mult_sr"": 1.6, ""time_stop"": 20, ""tp_mult_lm"": 5.4, ""tp_mult_lr"": 9.2, ""tp_mult_sm"": 4.5, ""tp_mult_sr"": 6.7, ""trail_mult"": 2.7, ""trail_tp"": true, ""use_trailing"": true}",{},
1217,-1000000000.0,TrialState.COMPLETE,2026-04-01T02:58:36.777115,2026-04-01T02:58:39.333926,2.556811,"{""atr_window"": 17, ""bb_std_dev"": 2.25, ""bb_window"": 23, ""cooldown"": 0, ""macd_fast"": 20, ""macd_k"": 1.0, ""macd_k_mid"": 0.6, ""macd_signal"": 8, ""macd_slow"": 38, ""macd_std_window"": 76, ""rebalance_freq"": 120, ""rebounce_block"": 2, ""sl_mult_lm"": 1.45, ""sl_mult_lr"": 3.9000000000000004, ""sl_mult_sm"": 1.6, ""sl_mult_sr"": 3.3, ""time_stop"": 15, ""tp_mult_lm"": 4.6, ""tp_mult_lr"": 12.600000000000001, ""tp_mult_sm"": 6.800000000000001, ""tp_mult_sr"": 5.300000000000001, ""trail_mult"": 1.9, ""trail_tp"": false, ""use_trailing"": true}",{},
1218,-1000000000.0,TrialState.COMPLETE,2026-04-01T02:58:39.360658,2026-04-01T02:58:41.863740,2.503082,"{""atr_window"": 18, ""bb_std_dev"": 2.5, ""bb_window"": 15, ""cooldown"": 4, ""macd_fast"": 17, ""macd_k"": 1.7000000000000002, ""macd_k_mid"": 0.7, ""macd_signal"": 7, ""macd_slow"": 35, ""macd_std_window"": 92, ""rebalance_freq"": 60, ""rebounce_block"": 3, ""sl_mult_lm"": 1.3, ""sl_mult_lr"": 3.4000000000000004, ""sl_mult_sm"": 1.25, ""sl_mult_sr"": 1.5, ""time_stop"": 24, ""tp_mult_lm"": 3.8, ""tp_mult_lr"": 11.6, ""tp_mult_sm"": 6.0, ""tp_mult_sr"": 3.1, ""trail_mult"": 2.3, ""trail_tp"": true, ""use_trailing"": true}",{},
1219,-1000000000.0,TrialState.COMPLETE,2026-04-01T02:58:41.896377,2026-04-01T02:58:41.953865,0.057488,"{""atr_window"": 15, ""bb_std_dev"": 2.15, ""bb_window"": 14, ""cooldown"": 5, ""macd_fast"": 12, ""macd_k"": 1.8, ""macd_k_mid"": 0.95, ""macd_signal"": 5, ""macd_slow"": 44, ""macd_std_window"": 97, ""rebalance_freq"": 30, ""rebounce_block"": 4, ""sl_mult_lm"": 2.05, ""sl_mult_lr"": 3.7, ""sl_mult_sm"": 1.15, ""sl_mult_sr"": 1.8, ""time_stop"": 0, ""tp_mult_lm"": 5.2, ""tp_mult_lr"": 10.8, ""tp_mult_sm"": 5.7, ""tp_mult_sr"": 5.6, ""trail_mult"": 2.0, ""trail_tp"": false, ""use_trailing"": false}",{},
1220,-1000000000.0,TrialState.COMPLETE,2026-04-01T02:58:41.988859,2026-04-01T02:58:42.047538,0.058679,"{""atr_window"": 19, ""bb_std_dev"": 2.35, ""bb_window"": 16, ""cooldown"": 1, ""macd_fast"": 15, ""macd_k"": 1.65, ""macd_k_mid"": 0.5, ""macd_signal"": 8, ""macd_slow"": 39, ""macd_std_window"": 90, ""rebalance_freq"": 150, ""rebounce_block"": 0, ""sl_mult_lm"": 1.0, ""sl_mult_lr"": 2.4, ""sl_mult_sm"": 1.35, ""sl_mult_sr"": 2.5, ""time_stop"": 12, ""tp_mult_lm"": 5.5, ""tp_mult_lr"": 8.2, ""tp_mult_sm"": 4.3, ""tp_mult_sr"": 6.4, ""trail_mult"": 2.6, ""trail_tp"": true, ""use_trailing"": true}",{},
1221,-1000000000.0,TrialState.COMPLETE,2026-04-01T02:58:42.083146,2026-04-01T02:58:42.135520,0.052374,"{""atr_window"": 16, ""bb_std_dev"": 2.45, ""bb_window"": 22, ""cooldown"": 3, ""macd_fast"": 18, ""macd_k"": 1.35, ""macd_k_mid"": 0.75, ""macd_signal"": 6, ""macd_slow"": 43, ""macd_std_window"": 86, ""rebalance_freq"": 90, ""rebounce_block"": 6, ""sl_mult_lm"": 1.2, ""sl_mult_lr"": 3.0, ""sl_mult_sm"": 1.9, ""sl_mult_sr"": 1.6, ""time_stop"": 16, ""tp_mult_lm"": 4.0, ""tp_mult_lr"": 9.6, ""tp_mult_sm"": 3.2, ""tp_mult_sr"": 4.9, ""trail_mult"": 1.5, ""trail_tp"": false, ""use_trailing"": true}",{},
1222,-1000000000.0,TrialState.COMPLETE,2026-04-01T02:58:42.171286,2026-04-01T02:58:44.840244,2.668958,"{""atr_window"": 18, ""bb_std_dev"": 2.5, ""bb_window"": 21, ""cooldown"": 2, ""macd_fast"": 19, ""macd_k"": 1.6, ""macd_k_mid"": 0.55, ""macd_signal"": 9, ""macd_slow"": 41, ""macd_std_window"": 82, ""rebalance_freq"": 150, ""rebounce_block"": 5, ""sl_mult_lm"": 1.05, ""sl_mult_lr"": 2.0, ""sl_mult_sm"": 2.0, ""sl_mult_sr"": 2.1, ""time_stop"": 13, ""tp_mult_lm"": 5.0, ""tp_mult_lr"": 14.4, ""tp_mult_sm"": 6.7, ""tp_mult_sr"": 4.0, ""trail_mult"": 3.2, ""trail_tp"": true, ""use_trailing"": false}",{},
1223,-1000000000.0,TrialState.COMPLETE,2026-04-01T02:58:44.874671,2026-04-01T02:58:44.919471,0.0448,"{""atr_window"": 10, ""bb_std_dev"": 2.4, ""bb_window"": 15, ""cooldown"": 1, ""macd_fast"": 14, ""macd_k"": 1.25, ""macd_k_mid"": 0.65, ""macd_signal"": 10, ""macd_slow"": 40, ""macd_std_window"": 79, ""rebalance_freq"": 150, ""rebounce_block"": 1, ""sl_mult_lm"": 1.35, ""sl_mult_lr"": 2.6, ""sl_mult_sm"": 1.9500000000000002, ""sl_mult_sr"": 2.0, ""time_stop"": 20, ""tp_mult_lm"": 5.9, ""tp_mult_lr"": 10.4, ""tp_mult_sm"": 3.7, ""tp_mult_sr"": 4.7, ""trail_mult"": 3.7, ""trail_tp"": false, ""use_trailing"": true}",{},
1224,-1000000000.0,TrialState.COMPLETE,2026-04-01T02:58:44.954091,2026-04-01T02:58:45.002327,0.048236,"{""atr_window"": 14, ""bb_std_dev"": 1.8499999999999999, ""bb_window"": 14, ""cooldown"": 2, ""macd_fast"": 12, ""macd_k"": 1.75, ""macd_k_mid"": 0.55, ""macd_signal"": 9, ""macd_slow"": 37, ""macd_std_window"": 87, ""rebalance_freq"": 180, ""rebounce_block"": 4, ""sl_mult_lm"": 1.1, ""sl_mult_lr"": 4.1, ""sl_mult_sm"": 1.7000000000000002, ""sl_mult_sr"": 1.9, ""time_stop"": 8, ""tp_mult_lm"": 5.2, ""tp_mult_lr"": 11.4, ""tp_mult_sm"": 7.0, ""tp_mult_sr"": 5.0, ""trail_mult"": 3.1, ""trail_tp"": true, ""use_trailing"": true}",{},
1225,-1000000000.0,TrialState.COMPLETE,2026-04-01T02:58:45.036209,2026-04-01T02:58:45.085426,0.049217,"{""atr_window"": 15, ""bb_std_dev"": 2.1, ""bb_window"": 16, ""cooldown"": 0, ""macd_fast"": 14, ""macd_k"": 1.55, ""macd_k_mid"": 0.7, ""macd_signal"": 8, ""macd_slow"": 43, ""macd_std_window"": 77, ""rebalance_freq"": 120, ""rebounce_block"": 3, ""sl_mult_lm"": 1.25, ""sl_mult_lr"": 2.5, ""sl_mult_sm"": 1.4, ""sl_mult_sr"": 1.5, ""time_stop"": 17, ""tp_mult_lm"": 4.9, ""tp_mult_lr"": 11.8, ""tp_mult_sm"": 5.6, ""tp_mult_sr"": 6.2, ""trail_mult"": 2.1, ""trail_tp"": false, ""use_trailing"": true}",{},
1226,-1000000000.0,TrialState.COMPLETE,2026-04-01T02:58:45.121449,2026-04-01T02:58:47.630687,2.509238,"{""atr_window"": 16, ""bb_std_dev"": 2.45, ""bb_window"": 18, ""cooldown"": 4, ""macd_fast"": 20, ""macd_k"": 1.5, ""macd_k_mid"": 0.6, ""macd_signal"": 7, ""macd_slow"": 36, ""macd_std_window"": 89, ""rebalance_freq"": 30, ""rebounce_block"": 0, ""sl_mult_lm"": 1.75, ""sl_mult_lr"": 4.6, ""sl_mult_sm"": 1.3, ""sl_mult_sr"": 2.7, ""time_stop"": 16, ""tp_mult_lm"": 5.6, ""tp_mult_lr"": 10.2, ""tp_mult_sm"": 5.0, ""tp_mult_sr"": 6.0, ""trail_mult"": 3.3, ""trail_tp"": true, ""use_trailing"": false}",{},
1227,-1000000000.0,TrialState.COMPLETE,2026-04-01T02:58:47.664812,2026-04-01T02:58:47.714699,0.049887,"{""atr_window"": 13, ""bb_std_dev"": 1.65, ""bb_window"": 14, ""cooldown"": 1, ""macd_fast"": 16, ""macd_k"": 1.3, ""macd_k_mid"": 0.5, ""macd_signal"": 9, ""macd_slow"": 44, ""macd_std_window"": 93, ""rebalance_freq"": 90, ""rebounce_block"": 3, ""sl_mult_lm"": 1.9500000000000002, ""sl_mult_lr"": 2.7, ""sl_mult_sm"": 1.8, ""sl_mult_sr"": 2.2, ""time_stop"": 21, ""tp_mult_lm"": 5.800000000000001, ""tp_mult_lr"": 13.2, ""tp_mult_sm"": 6.5, ""tp_mult_sr"": 3.4, ""trail_mult"": 1.8, ""trail_tp"": false, ""use_trailing"": true}",{},
1228,-1000000000.0,TrialState.COMPLETE,2026-04-01T02:58:47.749791,2026-04-01T02:58:47.800200,0.050409,"{""atr_window"": 20, ""bb_std_dev"": 1.7, ""bb_window"": 15, ""cooldown"": 1, ""macd_fast"": 10, ""macd_k"": 1.05, ""macd_k_mid"": 0.55, ""macd_signal"": 10, ""macd_slow"": 42, ""macd_std_window"": 75, ""rebalance_freq"": 150, ""rebounce_block"": 5, ""sl_mult_lm"": 1.55, ""sl_mult_lr"": 2.9, ""sl_mult_sm"": 1.75, ""sl_mult_sr"": 2.3, ""time_stop"": 19, ""tp_mult_lm"": 5.3, ""tp_mult_lr"": 9.4, ""tp_mult_sm"": 5.5, ""tp_mult_sr"": 5.7, ""trail_mult"": 2.2, ""trail_tp"": true, ""use_trailing"": true}",{},
1229,-1000000000.0,TrialState.COMPLETE,2026-04-01T02:58:47.834694,2026-04-01T02:58:47.885823,0.051129,"{""atr_window"": 14, ""bb_std_dev"": 2.15, ""bb_window"": 19, ""cooldown"": 3, ""macd_fast"": 15, ""macd_k"": 1.0, ""macd_k_mid"": 1.0, ""macd_signal"": 8, ""macd_slow"": 39, ""macd_std_window"": 88, ""rebalance_freq"": 180, ""rebounce_block"": 6, ""sl_mult_lm"": 1.8, ""sl_mult_lr"": 4.9, ""sl_mult_sm"": 1.2, ""sl_mult_sr"": 1.7, ""time_stop"": 10, ""tp_mult_lm"": 5.1, ""tp_mult_lr"": 12.2, ""tp_mult_sm"": 3.0, ""tp_mult_sr"": 4.5, ""trail_mult"": 3.6, ""trail_tp"": false, ""use_trailing"": true}",{},
1230,-1000000000.0,TrialState.COMPLETE,2026-04-01T02:58:47.919726,2026-04-01T02:58:50.420631,2.500905,"{""atr_window"": 19, ""bb_std_dev"": 2.0, ""bb_window"": 17, ""cooldown"": 2, ""macd_fast"": 13, ""macd_k"": 1.4, ""macd_k_mid"": 0.9, ""macd_signal"": 7, ""macd_slow"": 35, ""macd_std_window"": 98, ""rebalance_freq"": 120, ""rebounce_block"": 5, ""sl_mult_lm"": 1.4, ""sl_mult_lr"": 2.1, ""sl_mult_sm"": 1.45, ""sl_mult_sr"": 2.6, ""time_stop"": 22, ""tp_mult_lm"": 4.2, ""tp_mult_lr"": 10.0, ""tp_mult_sm"": 4.4, ""tp_mult_sr"": 3.0, ""trail_mult"": 1.7, ""trail_tp"": true, ""use_trailing"": false}",{},
1231,-1000000000.0,TrialState.COMPLETE,2026-04-01T02:58:50.447925,2026-04-01T02:58:50.501098,0.053173,"{""atr_window"": 12, ""bb_std_dev"": 2.3, ""bb_window"": 16, ""cooldown"": 5, ""macd_fast"": 11, ""macd_k"": 1.15, ""macd_k_mid"": 0.65, ""macd_signal"": 8, ""macd_slow"": 40, ""macd_std_window"": 72, ""rebalance_freq"": 150, ""rebounce_block"": 0, ""sl_mult_lm"": 1.9, ""sl_mult_lr"": 4.5, ""sl_mult_sm"": 1.65, ""sl_mult_sr"": 1.6, ""time_stop"": 3, ""tp_mult_lm"": 4.4, ""tp_mult_lr"": 11.2, ""tp_mult_sm"": 6.2, ""tp_mult_sr"": 3.8, ""trail_mult"": 1.6, ""trail_tp"": true, ""use_trailing"": true}",{},
1232,-1000000000.0,TrialState.COMPLETE,2026-04-01T02:58:50.532446,2026-04-01T02:58:50.588456,0.05601,"{""atr_window"": 17, ""bb_std_dev"": 1.75, ""bb_window"": 20, ""cooldown"": 0, ""macd_fast"": 20, ""macd_k"": 1.85, ""macd_k_mid"": 0.55, ""macd_signal"": 6, ""macd_slow"": 43, ""macd_std_window"": 80, ""rebalance_freq"": 60, ""rebounce_block"": 2, ""sl_mult_lm"": 2.2, ""sl_mult_lr"": 2.3, ""sl_mult_sm"": 1.55, ""sl_mult_sr"": 2.5, ""time_stop"": 7, ""tp_mult_lm"": 3.7, ""tp_mult_lr"": 15.2, ""tp_mult_sm"": 4.1, ""tp_mult_sr"": 5.9, ""trail_mult"": 2.5, ""trail_tp"": false, ""use_trailing"": true}",{},
1233,-1000000000.0,TrialState.COMPLETE,2026-04-01T02:58:50.623520,2026-04-01T02:58:50.672799,0.049279,"{""atr_window"": 15, ""bb_std_dev"": 1.45, ""bb_window"": 14, ""cooldown"": 1, ""macd_fast"": 12, ""macd_k"": 1.65, ""macd_k_mid"": 0.8500000000000001, ""macd_signal"": 9, ""macd_slow"": 41, ""macd_std_window"": 91, ""rebalance_freq"": 90, ""rebounce_block"": 1, ""sl_mult_lm"": 1.35, ""sl_mult_lr"": 3.3, ""sl_mult_sm"": 1.6, ""sl_mult_sr"": 1.8, ""time_stop"": 2, ""tp_mult_lm"": 5.4, ""tp_mult_lr"": 12.0, ""tp_mult_sm"": 4.7, ""tp_mult_sr"": 5.1, ""trail_mult"": 4.0, ""trail_tp"": true, ""use_trailing"": false}",{},
1234,-1000000000.0,TrialState.COMPLETE,2026-04-01T02:58:50.707152,2026-04-01T02:58:53.223294,2.516142,"{""atr_window"": 20, ""bb_std_dev"": 2.2, ""bb_window"": 17, ""cooldown"": 2, ""macd_fast"": 19, ""macd_k"": 1.2, ""macd_k_mid"": 0.8, ""macd_signal"": 10, ""macd_slow"": 37, ""macd_std_window"": 73, ""rebalance_freq"": 180, ""rebounce_block"": 4, ""sl_mult_lm"": 1.5, ""sl_mult_lr"": 2.4, ""sl_mult_sm"": 1.5, ""sl_mult_sr"": 2.1, ""time_stop"": 26, ""tp_mult_lm"": 5.7, ""tp_mult_lr"": 14.8, ""tp_mult_sm"": 4.6, ""tp_mult_sr"": 4.2, ""trail_mult"": 3.0, ""trail_tp"": false, ""use_trailing"": true}",{},
1235,-1000000000.0,TrialState.COMPLETE,2026-04-01T02:58:53.252160,2026-04-01T02:58:53.301489,0.049329,"{""atr_window"": 14, ""bb_std_dev"": 2.05, ""bb_window"": 21, ""cooldown"": 4, ""macd_fast"": 15, ""macd_k"": 1.1, ""macd_k_mid"": 0.6, ""macd_signal"": 9, ""macd_slow"": 44, ""macd_std_window"": 100, ""rebalance_freq"": 30, ""rebounce_block"": 5, ""sl_mult_lm"": 1.85, ""sl_mult_lr"": 2.5, ""sl_mult_sm"": 1.85, ""sl_mult_sr"": 2.0, ""time_stop"": 11, ""tp_mult_lm"": 4.3, ""tp_mult_lr"": 9.8, ""tp_mult_sm"": 4.3, ""tp_mult_sr"": 6.300000000000001, ""trail_mult"": 2.8, ""trail_tp"": true, ""use_trailing"": true}",{},
1236,-1000000000.0,TrialState.COMPLETE,2026-04-01T02:58:53.333490,2026-04-01T02:58:53.380873,0.047383,"{""atr_window"": 16, ""bb_std_dev"": 1.4, ""bb_window"": 14, ""cooldown"": 0, ""macd_fast"": 14, ""macd_k"": 1.05, ""macd_k_mid"": 0.55, ""macd_signal"": 8, ""macd_slow"": 41, ""macd_std_window"": 99, ""rebalance_freq"": 150, ""rebounce_block"": 6, ""sl_mult_lm"": 1.15, ""sl_mult_lr"": 2.8, ""sl_mult_sm"": 1.1, ""sl_mult_sr"": 1.5, ""time_stop"": 14, ""tp_mult_lm"": 3.6, ""tp_mult_lr"": 13.0, ""tp_mult_sm"": 6.300000000000001, ""tp_mult_sr"": 4.6, ""trail_mult"": 3.7, ""trail_tp"": false, ""use_trailing"": true}",{},
1237,-1000000000.0,TrialState.COMPLETE,2026-04-01T02:58:53.413759,2026-04-01T02:58:53.474389,0.06063,"{""atr_window"": 11, ""bb_std_dev"": 2.25, ""bb_window"": 24, ""cooldown"": 4, ""macd_fast"": 12, ""macd_k"": 1.45, ""macd_k_mid"": 0.75, ""macd_signal"": 6, ""macd_slow"": 42, ""macd_std_window"": 84, ""rebalance_freq"": 120, ""rebounce_block"": 3, ""sl_mult_lm"": 1.3, ""sl_mult_lr"": 3.1, ""sl_mult_sm"": 1.05, ""sl_mult_sr"": 2.8, ""time_stop"": 27, ""tp_mult_lm"": 4.8, ""tp_mult_lr"": 12.4, ""tp_mult_sm"": 3.9, ""tp_mult_sr"": 5.800000000000001, ""trail_mult"": 2.1, ""trail_tp"": true, ""use_trailing"": false}",{},
1238,-1000000000.0,TrialState.COMPLETE,2026-04-01T02:58:53.509996,2026-04-01T02:58:56.029000,2.519004,"{""atr_window"": 17, ""bb_std_dev"": 2.35, ""bb_window"": 16, ""cooldown"": 1, ""macd_fast"": 17, ""macd_k"": 1.6, ""macd_k_mid"": 0.7, ""macd_signal"": 7, ""macd_slow"": 35, ""macd_std_window"": 70, ""rebalance_freq"": 150, ""rebounce_block"": 2, ""sl_mult_lm"": 1.6, ""sl_mult_lr"": 2.2, ""sl_mult_sm"": 1.7000000000000002, ""sl_mult_sr"": 1.9, ""time_stop"": 8, ""tp_mult_lm"": 4.5, ""tp_mult_lr"": 11.6, ""tp_mult_sm"": 3.6, ""tp_mult_sr"": 3.5, ""trail_mult"": 2.0, ""trail_tp"": false, ""use_trailing"": true}",{},
1239,-1000000000.0,TrialState.COMPLETE,2026-04-01T02:58:56.061081,2026-04-01T02:58:58.605293,2.544212,"{""atr_window"": 18, ""bb_std_dev"": 1.5, ""bb_window"": 15, ""cooldown"": 3, ""macd_fast"": 18, ""macd_k"": 1.15, ""macd_k_mid"": 0.6, ""macd_signal"": 8, ""macd_slow"": 36, ""macd_std_window"": 82, ""rebalance_freq"": 180, ""rebounce_block"": 5, ""sl_mult_lm"": 1.25, ""sl_mult_lr"": 4.7, ""sl_mult_sm"": 1.8, ""sl_mult_sr"": 1.7, ""time_stop"": 23, ""tp_mult_lm"": 3.9, ""tp_mult_lr"": 12.600000000000001, ""tp_mult_sm"": 3.4, ""tp_mult_sr"": 6.5, ""trail_mult"": 3.5, ""trail_tp"": true, ""use_trailing"": true}",{},
1240,-1000000000.0,TrialState.COMPLETE,2026-04-01T02:58:58.637227,2026-04-01T02:58:58.694414,0.057187,"{""atr_window"": 20, ""bb_std_dev"": 1.75, ""bb_window"": 18, ""cooldown"": 2, ""macd_fast"": 19, ""macd_k"": 1.1, ""macd_k_mid"": 0.5, ""macd_signal"": 10, ""macd_slow"": 43, ""macd_std_window"": 89, ""rebalance_freq"": 150, ""rebounce_block"": 4, ""sl_mult_lm"": 1.7000000000000002, ""sl_mult_lr"": 4.4, ""sl_mult_sm"": 1.0, ""sl_mult_sr"": 2.2, ""time_stop"": 21, ""tp_mult_lm"": 6.0, ""tp_mult_lr"": 11.0, ""tp_mult_sm"": 6.1, ""tp_mult_sr"": 5.5, ""trail_mult"": 3.2, ""trail_tp"": false, ""use_trailing"": true}",{},
1241,-1000000000.0,TrialState.COMPLETE,2026-04-01T02:58:58.730622,2026-04-01T02:58:58.780932,0.05031,"{""atr_window"": 16, ""bb_std_dev"": 2.5, ""bb_window"": 22, ""cooldown"": 1, ""macd_fast"": 11, ""macd_k"": 1.2, ""macd_k_mid"": 0.7, ""macd_signal"": 9, ""macd_slow"": 40, ""macd_std_window"": 71, ""rebalance_freq"": 120, ""rebounce_block"": 6, ""sl_mult_lm"": 2.1, ""sl_mult_lr"": 2.5, ""sl_mult_sm"": 1.25, ""sl_mult_sr"": 3.4000000000000004, ""time_stop"": 20, ""tp_mult_lm"": 5.6, ""tp_mult_lr"": 14.2, ""tp_mult_sm"": 4.9, ""tp_mult_sr"": 4.1, ""trail_mult"": 2.2, ""trail_tp"": true, ""use_trailing"": false}",{},
