number,value,datetime_start,datetime_complete,duration,params_atr_window,params_bb_std_dev,params_bb_window,params_cooldown,params_macd_fast,params_macd_k,params_macd_k_mid,params_macd_signal,params_macd_slow,params_macd_std_window,params_rebalance_freq,params_rebounce_block,params_sl_mult_lm,params_sl_mult_lr,params_sl_mult_sm,params_sl_mult_sr,params_time_stop,params_tp_mult_lm,params_tp_mult_lr,params_tp_mult_sm,params_tp_mult_sr,params_trail_mult,params_trail_tp,params_use_trailing,user_attrs_allocations,user_attrs_deploy_avg_sharpe,user_attrs_deploy_total_sharpe,user_attrs_deploy_year_sharpes,user_attrs_score,user_attrs_selected_tickers,user_attrs_train_avg_sharpe,user_attrs_train_year_sharpes,state
1169,-1000000000.0,2026-04-01 02:58:03.064660,2026-04-01 02:58:03.118837,0 days 00:00:00.054177,14,2.5,20,1,14,1.8,0.9,8,42,84,120,6,1.1,2.2,1.7000000000000002,2.1,10,5.2,13.0,5.0,6.300000000000001,1.8,False,True,,,,,,,,,COMPLETE
1170,-1000000000.0,2026-04-01 02:58:03.156727,2026-04-01 02:58:05.654735,0 days 00:00:02.498008,10,2.45,15,0,16,1.7000000000000002,0.7,9,35,70,150,1,1.45,3.5,1.25,2.0,5,5.0,11.6,4.8,6.0,3.0,True,False,,,,,,,,,COMPLETE
1171,-1000000000.0,2026-04-01 02:58:05.688357,2026-04-01 02:58:05.734124,0 days 00:00:00.045767,18,1.65,22,3,12,1.05,1.0,7,37,71,30,0,2.1500000000000004,3.3,1.9,1.7,12,5.3,9.2,6.4,3.8,1.7,False,True,,,,,,,,,COMPLETE
1172,-1000000000.0,2026-04-01 02:58:05.766520,2026-04-01 02:58:05.813927,0 days 00:00:00.047407,12,1.7999999999999998,19,2,17,1.55,0.65,8,44,100,180,2,1.35,2.3,1.3,2.5,20,3.9,12.2,5.6,6.800000000000001,2.3,True,True,,,,,,,,,COMPLETE
1173,-1000000000.0,2026-04-01 02:58:05.857815,2026-04-01 02:58:05.908614,0 days 00:00:00.050799,19,1.8499999999999999,17,1,13,1.3,0.5,6,39,98,60,5,1.9500000000000002,2.5,1.1,2.7,15,5.5,10.8,4.4,4.5,3.2,False,True,,,,,,,,,COMPLETE
1174,-1000000000.0,2026-04-01 02:58:05.946663,2026-04-01 02:58:06.000034,0 days 00:00:00.053371,17,2.1,21,5,15,1.4,0.8,10,38,90,90,3,1.0,3.0,1.5,3.4000000000000004,12,5.4,11.4,7.0,3.2,3.9000000000000004,True,False,,,,,,,,,COMPLETE
1175,-1000000000.0,2026-04-01 02:58:06.036538,2026-04-01 02:58:08.512889,0 days 00:00:02.476351,15,2.0,14,1,19,1.6,0.55,9,40,77,150,6,1.2,4.4,1.85,2.2,18,4.8,9.8,6.0,4.2,1.9,True,True,,,,,,,,,COMPLETE
1176,-1000000000.0,2026-04-01 02:58:08.549849,2026-04-01 02:58:08.594880,0 days 00:00:00.045031,20,2.4,14,2,12,1.25,0.6,8,43,83,150,3,1.05,2.0,1.45,1.5,16,5.6,15.0,3.7,6.9,2.1,False,True,,,,,,,,,COMPLETE
1177,-1000000000.0,2026-04-01 02:58:08.628051,2026-04-01 02:58:08.673836,0 days 00:00:00.045785,14,2.15,24,0,18,1.5,0.5,7,41,92,180,4,1.3,3.2,1.55,2.1,23,3.8,12.0,5.800000000000001,6.2,2.0,True,False,,,,,,,,,COMPLETE
1178,-1000000000.0,2026-04-01 02:58:08.705942,2026-04-01 02:58:08.751254,0 days 00:00:00.045312,16,2.2,23,4,14,1.9,0.65,8,44,85,150,5,1.7000000000000002,4.1,1.65,1.8,27,5.7,15.600000000000001,6.9,5.5,2.4,False,True,,,,,,,,,COMPLETE
1179,-1000000000.0,2026-04-01 02:58:08.784026,2026-04-01 02:58:11.336835,0 days 00:00:02.552809,13,2.2,16,3,20,1.75,0.75,9,36,82,30,0,1.6,4.300000000000001,1.35,1.9,19,5.1,10.4,6.6,6.4,3.6,True,True,,,,,,,,,COMPLETE
1180,-1000000000.0,2026-04-01 02:58:11.368875,2026-04-01 02:58:14.063598,0 days 00:00:02.694723,15,2.05,15,1,17,1.0,0.55,8,35,93,120,2,2.0,4.7,1.75,3.2,24,4.0,10.6,6.2,3.5,3.1,False,True,,,,,,,,,COMPLETE
1181,-1000000000.0,2026-04-01 02:58:14.099427,2026-04-01 02:58:14.145196,0 days 00:00:00.045769,18,1.5499999999999998,18,2,10,1.1,0.7,10,42,81,90,6,1.9,2.9,1.6,2.4,4,5.9,13.8,3.0,5.0,2.2,True,False,,,,,,,,,COMPLETE
1182,-1000000000.0,2026-04-01 02:58:14.179500,2026-04-01 02:58:14.226966,0 days 00:00:00.047466,19,2.15,25,0,16,1.15,0.6,9,40,89,180,5,1.15,2.6,1.0,1.6,11,4.9,11.8,3.5,3.0,2.7,False,True,,,,,,,,,COMPLETE
1183,-1000000000.0,2026-04-01 02:58:14.259702,2026-04-01 02:58:14.307821,0 days 00:00:00.048119,20,2.45,14,4,11,1.65,0.55,7,39,91,150,0,2.1,4.9,1.7000000000000002,1.7,22,3.6,12.8,4.2,5.800000000000001,1.5,True,True,,,,,,,,,COMPLETE
1184,-1000000000.0,2026-04-01 02:58:14.350022,2026-04-01 02:58:14.400502,0 days 00:00:00.050480,16,2.5,15,1,13,1.2,0.7,5,43,99,180,1,1.75,2.3,1.25,2.3,14,4.2,16.4,5.5,6.0,1.6,False,True,,,,,,,,,COMPLETE
1185,-1000000000.0,2026-04-01 02:58:14.437934,2026-04-01 02:58:17.008384,0 days 00:00:02.570450,14,2.35,17,2,19,1.1,0.95,9,38,75,120,3,1.75,2.5,1.9500000000000002,1.5,9,4.1,13.2,5.1,3.8,3.3,True,False,,,,,,,,,COMPLETE
1186,-1000000000.0,2026-04-01 02:58:17.042049,2026-04-01 02:58:17.090086,0 days 00:00:00.048037,16,2.25,16,5,14,1.9500000000000002,0.6,8,37,86,150,6,1.35,2.4,1.85,1.9,21,4.6,9.4,4.5,4.0,2.9000000000000004,False,True,,,,,,,,,COMPLETE
1187,-1000000000.0,2026-04-01 02:58:17.123976,2026-04-01 02:58:17.171311,0 days 00:00:00.047335,17,1.95,20,3,15,1.35,0.5,6,44,97,90,5,2.05,2.4,1.05,1.6,3,5.2,10.0,5.7,5.6,3.0,True,True,,,,,,,,,COMPLETE
1188,-1000000000.0,2026-04-01 02:58:17.204781,2026-04-01 02:58:17.252464,0 days 00:00:00.047683,13,1.75,14,1,12,1.05,0.65,8,41,88,30,4,1.4,2.2,1.9,2.2,8,4.7,12.600000000000001,6.800000000000001,4.6,2.5,False,True,,,,,,,,,COMPLETE
1189,-1000000000.0,2026-04-01 02:58:17.302802,2026-04-01 02:58:19.766886,0 days 00:00:02.464084,20,2.4,21,0,18,1.4,0.55,7,36,72,120,2,1.9,3.0,1.8,3.0,17,5.3,12.2,3.3,4.9,4.0,True,False,,,,,,,,,COMPLETE
1190,-1000000000.0,2026-04-01 02:58:19.798087,2026-04-01 02:58:19.844191,0 days 00:00:00.046104,12,2.3,24,1,15,1.65,0.8,9,40,70,180,5,1.3,2.1,1.45,2.0,0,5.6,8.6,4.0,6.1,3.6,False,True,,,,,,,,,COMPLETE
1191,-1000000000.0,2026-04-01 02:58:19.878997,2026-04-01 02:58:22.405902,0 days 00:00:02.526905,18,1.7,15,2,20,1.5,0.5,10,42,95,120,4,1.9500000000000002,2.0,1.15,2.1,26,4.7,11.2,6.5,3.6,3.2,True,True,,,,,,,,,COMPLETE
1192,-1000000000.0,2026-04-01 02:58:22.440755,2026-04-01 02:58:22.488576,0 days 00:00:00.047821,14,1.9,16,4,10,1.55,0.8500000000000001,9,35,79,60,1,1.0,2.8,1.65,2.5,20,5.0,8.0,3.6,6.5,3.7,False,False,,,,,,,,,COMPLETE
1193,-1000000000.0,2026-04-01 02:58:22.524430,2026-04-01 02:58:22.572731,0 days 00:00:00.048301,10,2.0,14,3,14,1.15,0.55,8,44,71,150,6,1.25,4.0,1.7000000000000002,1.5,25,6.0,14.0,3.8,3.1,2.2,True,True,,,,,,,,,COMPLETE
1194,-1000000000.0,2026-04-01 02:58:22.606599,2026-04-01 02:58:25.127338,0 days 00:00:02.520739,11,2.45,17,0,17,1.0,0.7,8,37,81,180,3,1.5,2.3,1.65,2.9000000000000004,10,5.3,12.0,4.3,5.2,1.8,False,True,,,,,,,,,COMPLETE
1195,-1000000000.0,2026-04-01 02:58:25.163826,2026-04-01 02:58:25.215731,0 days 00:00:00.051905,15,2.5,14,5,12,1.85,0.6,7,43,90,30,2,1.25,3.6,2.0,2.0,1,4.3,11.0,4.9,3.7,2.1,True,True,,,,,,,,,COMPLETE
1196,-1000000000.0,2026-04-01 02:58:25.250721,2026-04-01 02:58:25.314022,0 days 00:00:00.063301,15,2.05,23,2,11,1.7000000000000002,0.55,6,39,78,150,5,2.2,2.2,1.5,1.8,16,5.5,14.8,4.8,4.5,3.4000000000000004,False,False,,,,,,,,,COMPLETE
1197,-1000000000.0,2026-04-01 02:58:25.360824,2026-04-01 02:58:25.415660,0 days 00:00:00.054836,18,2.2,15,1,20,1.2,0.9,10,43,87,90,0,2.0,2.7,1.55,1.6,15,5.7,11.6,5.4,5.7,3.1,True,True,,,,,,,,,COMPLETE
1198,-1000000000.0,2026-04-01 02:58:25.451739,2026-04-01 02:58:25.501561,0 days 00:00:00.049822,19,2.25,22,1,16,1.4,1.0,9,41,98,150,6,1.55,2.5,1.6,1.7,5,3.7,12.4,6.300000000000001,5.1,2.6,False,True,,,,,,,,,COMPLETE
1199,-1000000000.0,2026-04-01 02:58:25.536268,2026-04-01 02:58:28.023678,0 days 00:00:02.487410,20,1.7999999999999998,14,0,19,1.6,0.6,8,40,91,150,3,1.8,2.9,1.2,2.2,22,5.1,15.4,3.1,3.3,3.5,True,True,,,,,,,,,COMPLETE
1200,-1000000000.0,2026-04-01 02:58:28.050634,2026-04-01 02:58:28.093139,0 days 00:00:00.042505,17,1.65,18,4,14,1.0,0.5,9,37,96,120,5,1.3,2.8,1.3,2.6,29,5.2,9.8,6.1,3.9,2.7,False,False,,,,,,,,,COMPLETE
1201,-1000000000.0,2026-04-01 02:58:28.128869,2026-04-01 02:58:28.178887,0 days 00:00:00.050018,16,2.35,16,2,12,1.45,0.75,7,35,83,180,5,1.85,2.4,1.75,2.1,7,3.9,13.0,5.300000000000001,3.0,3.3,True,True,,,,,,,,,COMPLETE
1202,-1000000000.0,2026-04-01 02:58:28.213686,2026-04-01 02:58:28.262778,0 days 00:00:00.049092,14,1.5,20,1,13,1.15,0.7,6,42,92,180,2,1.2,2.1,1.85,1.5,13,5.4,13.600000000000001,4.6,4.7,2.8,True,True,,,,,,,,,COMPLETE
1203,-1000000000.0,2026-04-01 02:58:28.297848,2026-04-01 02:58:28.344932,0 days 00:00:00.047084,13,1.5499999999999998,25,3,10,1.35,0.55,10,43,80,90,0,1.35,2.6,1.8,2.3,21,5.800000000000001,9.6,3.5,6.6,2.0,False,True,,,,,,,,,COMPLETE
1204,-1000000000.0,2026-04-01 02:58:28.390129,2026-04-01 02:58:28.441420,0 days 00:00:00.051291,11,1.8499999999999999,17,5,15,1.05,0.65,8,44,100,60,4,1.65,3.5,1.9500000000000002,3.1,19,4.9,10.0,4.1,5.4,1.7,True,False,,,,,,,,,COMPLETE
1205,-1000000000.0,2026-04-01 02:58:28.476521,2026-04-01 02:58:28.524890,0 days 00:00:00.048369,16,2.4,21,2,11,1.1,0.95,8,36,74,30,3,1.15,4.800000000000001,1.05,1.8,17,5.0,10.2,5.9,4.1,2.4,False,True,,,,,,,,,COMPLETE
1206,-1000000000.0,2026-04-01 02:58:28.570930,2026-04-01 02:58:31.070823,0 days 00:00:02.499893,14,2.1,24,4,18,1.2,0.9,9,39,73,150,6,1.1,2.3,1.0,2.0,11,4.8,12.0,3.4,4.4,3.8000000000000003,True,True,,,,,,,,,COMPLETE
1207,-1000000000.0,2026-04-01 02:58:31.105423,2026-04-01 02:58:33.666567,0 days 00:00:02.561144,20,2.0,15,1,20,1.3,0.5,9,38,82,150,4,1.0,2.5,1.9,1.5,28,5.9,8.4,6.9,4.3,2.3,False,False,,,,,,,,,COMPLETE
1208,-1000000000.0,2026-04-01 02:58:33.703772,2026-04-01 02:58:33.749647,0 days 00:00:00.045875,18,1.7,14,0,14,1.25,0.6,5,41,84,150,5,1.9500000000000002,4.2,1.75,3.2,23,5.6,12.8,4.7,5.800000000000001,2.1,True,True,,,,,,,,,COMPLETE
1209,-1000000000.0,2026-04-01 02:58:33.780094,2026-04-01 02:58:33.827885,0 days 00:00:00.047791,13,2.05,17,3,13,1.45,0.65,7,40,99,120,1,2.1500000000000004,3.1,1.55,1.9,6,5.5,8.8,6.4,7.0,2.2,False,True,,,,,,,,,COMPLETE
1210,-1000000000.0,2026-04-01 02:58:33.858390,2026-04-01 02:58:33.903403,0 days 00:00:00.045013,15,1.7999999999999998,19,2,12,1.55,0.8,8,43,89,180,2,1.4,5.0,1.5,1.7,14,5.1,16.0,3.9,3.7,3.2,True,True,,,,,,,,,COMPLETE
1211,-1000000000.0,2026-04-01 02:58:33.934397,2026-04-01 02:58:33.979840,0 days 00:00:00.045443,19,1.75,16,4,17,1.05,0.55,10,42,81,90,6,2.1,2.4,1.85,2.4,18,5.3,10.6,3.3,6.1,3.0,False,False,,,,,,,,,COMPLETE
1212,-1000000000.0,2026-04-01 02:58:34.009315,2026-04-01 02:58:34.055650,0 days 00:00:00.046335,17,2.3,14,1,16,1.5,0.6,9,44,85,30,0,2.0,4.300000000000001,1.7000000000000002,2.8,9,5.7,14.600000000000001,5.2,5.9,2.9000000000000004,True,True,,,,,,,,,COMPLETE
1213,-1000000000.0,2026-04-01 02:58:34.089217,2026-04-01 02:58:34.144318,0 days 00:00:00.055101,16,1.9,18,0,14,1.15,0.7,6,41,71,180,5,1.7000000000000002,3.8,1.65,2.1,26,3.5,13.4,3.6,3.2,3.1,False,True,,,,,,,,,COMPLETE
1214,-1000000000.0,2026-04-01 02:58:34.171392,2026-04-01 02:58:34.239330,0 days 00:00:00.067938,12,1.95,14,1,10,1.1,0.5,8,37,88,150,3,1.9500000000000002,2.2,1.8,2.2,25,4.1,11.8,6.2,4.8,3.9000000000000004,True,True,,,,,,,,,COMPLETE
1215,-1000000000.0,2026-04-01 02:58:34.275768,2026-04-01 02:58:34.327005,0 days 00:00:00.051237,20,2.2,20,2,13,1.9,0.8500000000000001,7,40,70,120,6,1.05,3.2,1.1,3.0,30,6.0,12.2,5.800000000000001,3.9,3.8000000000000003,False,False,,,,,,,,,COMPLETE
1216,-1000000000.0,2026-04-01 02:58:34.359074,2026-04-01 02:58:36.743192,0 days 00:00:02.384118,14,1.5999999999999999,17,3,15,2.0,0.55,9,36,94,180,5,1.9,2.3,1.55,1.6,20,5.4,9.2,4.5,6.7,2.7,True,True,,,,,,,,,COMPLETE
1217,-1000000000.0,2026-04-01 02:58:36.777115,2026-04-01 02:58:39.333926,0 days 00:00:02.556811,17,2.25,23,0,20,1.0,0.6,8,38,76,120,2,1.45,3.9000000000000004,1.6,3.3,15,4.6,12.600000000000001,6.800000000000001,5.300000000000001,1.9,False,True,,,,,,,,,COMPLETE
1218,-1000000000.0,2026-04-01 02:58:39.360658,2026-04-01 02:58:41.863740,0 days 00:00:02.503082,18,2.5,15,4,17,1.7000000000000002,0.7,7,35,92,60,3,1.3,3.4000000000000004,1.25,1.5,24,3.8,11.6,6.0,3.1,2.3,True,True,,,,,,,,,COMPLETE
1219,-1000000000.0,2026-04-01 02:58:41.896377,2026-04-01 02:58:41.953865,0 days 00:00:00.057488,15,2.15,14,5,12,1.8,0.95,5,44,97,30,4,2.05,3.7,1.15,1.8,0,5.2,10.8,5.7,5.6,2.0,False,False,,,,,,,,,COMPLETE
1220,-1000000000.0,2026-04-01 02:58:41.988859,2026-04-01 02:58:42.047538,0 days 00:00:00.058679,19,2.35,16,1,15,1.65,0.5,8,39,90,150,0,1.0,2.4,1.35,2.5,12,5.5,8.2,4.3,6.4,2.6,True,True,,,,,,,,,COMPLETE
1221,-1000000000.0,2026-04-01 02:58:42.083146,2026-04-01 02:58:42.135520,0 days 00:00:00.052374,16,2.45,22,3,18,1.35,0.75,6,43,86,90,6,1.2,3.0,1.9,1.6,16,4.0,9.6,3.2,4.9,1.5,False,True,,,,,,,,,COMPLETE
1222,-1000000000.0,2026-04-01 02:58:42.171286,2026-04-01 02:58:44.840244,0 days 00:00:02.668958,18,2.5,21,2,19,1.6,0.55,9,41,82,150,5,1.05,2.0,2.0,2.1,13,5.0,14.4,6.7,4.0,3.2,True,False,,,,,,,,,COMPLETE
1223,-1000000000.0,2026-04-01 02:58:44.874671,2026-04-01 02:58:44.919471,0 days 00:00:00.044800,10,2.4,15,1,14,1.25,0.65,10,40,79,150,1,1.35,2.6,1.9500000000000002,2.0,20,5.9,10.4,3.7,4.7,3.7,False,True,,,,,,,,,COMPLETE
1224,-1000000000.0,2026-04-01 02:58:44.954091,2026-04-01 02:58:45.002327,0 days 00:00:00.048236,14,1.8499999999999999,14,2,12,1.75,0.55,9,37,87,180,4,1.1,4.1,1.7000000000000002,1.9,8,5.2,11.4,7.0,5.0,3.1,True,True,,,,,,,,,COMPLETE
1225,-1000000000.0,2026-04-01 02:58:45.036209,2026-04-01 02:58:45.085426,0 days 00:00:00.049217,15,2.1,16,0,14,1.55,0.7,8,43,77,120,3,1.25,2.5,1.4,1.5,17,4.9,11.8,5.6,6.2,2.1,False,True,,,,,,,,,COMPLETE
1226,-1000000000.0,2026-04-01 02:58:45.121449,2026-04-01 02:58:47.630687,0 days 00:00:02.509238,16,2.45,18,4,20,1.5,0.6,7,36,89,30,0,1.75,4.6,1.3,2.7,16,5.6,10.2,5.0,6.0,3.3,True,False,,,,,,,,,COMPLETE
1227,-1000000000.0,2026-04-01 02:58:47.664812,2026-04-01 02:58:47.714699,0 days 00:00:00.049887,13,1.65,14,1,16,1.3,0.5,9,44,93,90,3,1.9500000000000002,2.7,1.8,2.2,21,5.800000000000001,13.2,6.5,3.4,1.8,False,True,,,,,,,,,COMPLETE
1228,-1000000000.0,2026-04-01 02:58:47.749791,2026-04-01 02:58:47.800200,0 days 00:00:00.050409,20,1.7,15,1,10,1.05,0.55,10,42,75,150,5,1.55,2.9,1.75,2.3,19,5.3,9.4,5.5,5.7,2.2,True,True,,,,,,,,,COMPLETE
1229,-1000000000.0,2026-04-01 02:58:47.834694,2026-04-01 02:58:47.885823,0 days 00:00:00.051129,14,2.15,19,3,15,1.0,1.0,8,39,88,180,6,1.8,4.9,1.2,1.7,10,5.1,12.2,3.0,4.5,3.6,False,True,,,,,,,,,COMPLETE
1230,-1000000000.0,2026-04-01 02:58:47.919726,2026-04-01 02:58:50.420631,0 days 00:00:02.500905,19,2.0,17,2,13,1.4,0.9,7,35,98,120,5,1.4,2.1,1.45,2.6,22,4.2,10.0,4.4,3.0,1.7,True,False,,,,,,,,,COMPLETE
1231,-1000000000.0,2026-04-01 02:58:50.447925,2026-04-01 02:58:50.501098,0 days 00:00:00.053173,12,2.3,16,5,11,1.15,0.65,8,40,72,150,0,1.9,4.5,1.65,1.6,3,4.4,11.2,6.2,3.8,1.6,True,True,,,,,,,,,COMPLETE
1232,-1000000000.0,2026-04-01 02:58:50.532446,2026-04-01 02:58:50.588456,0 days 00:00:00.056010,17,1.75,20,0,20,1.85,0.55,6,43,80,60,2,2.2,2.3,1.55,2.5,7,3.7,15.2,4.1,5.9,2.5,False,True,,,,,,,,,COMPLETE
1233,-1000000000.0,2026-04-01 02:58:50.623520,2026-04-01 02:58:50.672799,0 days 00:00:00.049279,15,1.45,14,1,12,1.65,0.8500000000000001,9,41,91,90,1,1.35,3.3,1.6,1.8,2,5.4,12.0,4.7,5.1,4.0,True,False,,,,,,,,,COMPLETE
1234,-1000000000.0,2026-04-01 02:58:50.707152,2026-04-01 02:58:53.223294,0 days 00:00:02.516142,20,2.2,17,2,19,1.2,0.8,10,37,73,180,4,1.5,2.4,1.5,2.1,26,5.7,14.8,4.6,4.2,3.0,False,True,,,,,,,,,COMPLETE
1235,-1000000000.0,2026-04-01 02:58:53.252160,2026-04-01 02:58:53.301489,0 days 00:00:00.049329,14,2.05,21,4,15,1.1,0.6,9,44,100,30,5,1.85,2.5,1.85,2.0,11,4.3,9.8,4.3,6.300000000000001,2.8,True,True,,,,,,,,,COMPLETE
1236,-1000000000.0,2026-04-01 02:58:53.333490,2026-04-01 02:58:53.380873,0 days 00:00:00.047383,16,1.4,14,0,14,1.05,0.55,8,41,99,150,6,1.15,2.8,1.1,1.5,14,3.6,13.0,6.300000000000001,4.6,3.7,False,True,,,,,,,,,COMPLETE
1237,-1000000000.0,2026-04-01 02:58:53.413759,2026-04-01 02:58:53.474389,0 days 00:00:00.060630,11,2.25,24,4,12,1.45,0.75,6,42,84,120,3,1.3,3.1,1.05,2.8,27,4.8,12.4,3.9,5.800000000000001,2.1,True,False,,,,,,,,,COMPLETE
1238,-1000000000.0,2026-04-01 02:58:53.509996,2026-04-01 02:58:56.029000,0 days 00:00:02.519004,17,2.35,16,1,17,1.6,0.7,7,35,70,150,2,1.6,2.2,1.7000000000000002,1.9,8,4.5,11.6,3.6,3.5,2.0,False,True,,,,,,,,,COMPLETE
1239,-1000000000.0,2026-04-01 02:58:56.061081,2026-04-01 02:58:58.605293,0 days 00:00:02.544212,18,1.5,15,3,18,1.15,0.6,8,36,82,180,5,1.25,4.7,1.8,1.7,23,3.9,12.600000000000001,3.4,6.5,3.5,True,True,,,,,,,,,COMPLETE
1240,-1000000000.0,2026-04-01 02:58:58.637227,2026-04-01 02:58:58.694414,0 days 00:00:00.057187,20,1.75,18,2,19,1.1,0.5,10,43,89,150,4,1.7000000000000002,4.4,1.0,2.2,21,6.0,11.0,6.1,5.5,3.2,False,True,,,,,,,,,COMPLETE
1241,-1000000000.0,2026-04-01 02:58:58.730622,2026-04-01 02:58:58.780932,0 days 00:00:00.050310,16,2.5,22,1,11,1.2,0.7,9,40,71,120,6,2.1,2.5,1.25,3.4000000000000004,20,5.6,14.2,4.9,4.1,2.2,True,False,,,,,,,,,COMPLETE
1242,-1000000000.0,2026-04-01 02:58:58.814955,2026-04-01 02:59:01.311960,0 days 00:00:02.497005,13,2.3,25,5,16,1.4,0.55,7,38,78,30,3,1.0,2.0,1.75,1.6,18,5.800000000000001,16.200000000000003,6.9,4.4,2.3,False,True,,,,,,,,,COMPLETE
1243,-1000000000.0,2026-04-01 02:59:01.339547,2026-04-01 02:59:01.383460,0 days 00:00:00.043913,18,2.4,23,0,13,1.7000000000000002,0.55,9,39,81,180,5,2.0,2.1,1.9,1.5,29,5.3,12.8,6.6,3.9,3.1,True,True,,,,,,,,,COMPLETE
1244,-1000000000.0,2026-04-01 02:59:01.416817,2026-04-01 02:59:01.465161,0 days 00:00:00.048344,19,1.5499999999999998,14,2,10,1.55,0.65,8,44,97,90,0,1.2,2.2,1.65,3.1,24,4.7,10.6,3.2,3.1,2.9000000000000004,False,True,,,,,,,,,COMPLETE
1245,-1000000000.0,2026-04-01 02:59:01.497665,2026-04-01 02:59:01.560141,0 days 00:00:00.062476,15,2.2,20,4,14,1.9,0.5,6,37,83,150,2,1.65,2.9,1.6,2.1,15,3.8,16.8,4.2,6.300000000000001,2.6,True,False,,,,,,,,,COMPLETE
1246,-1000000000.0,2026-04-01 02:59:01.603621,2026-04-01 02:59:01.653916,0 days 00:00:00.050295,11,1.9,15,1,11,1.5,0.95,8,41,90,90,1,1.45,2.6,2.0,2.0,30,5.0,9.0,6.0,3.6,3.8000000000000003,False,True,,,,,,,,,COMPLETE
1247,-1000000000.0,2026-04-01 02:59:01.690040,2026-04-01 02:59:01.738430,0 days 00:00:00.048390,12,1.5999999999999999,14,3,20,1.0,0.6,5,43,95,60,6,2.05,2.4,1.5,3.5,25,5.2,15.8,3.5,4.7,3.2,True,True,,,,,,,,,COMPLETE
1248,-1000000000.0,2026-04-01 02:59:01.773240,2026-04-01 02:59:01.822865,0 days 00:00:00.049625,14,1.7,19,0,12,1.75,0.6,7,40,99,150,4,1.9,4.2,1.85,1.8,13,5.5,11.8,3.1,4.8,3.4000000000000004,False,False,,,,,,,,,COMPLETE
1249,-1000000000.0,2026-04-01 02:59:01.857918,2026-04-01 02:59:01.917087,0 days 00:00:00.059169,20,2.05,22,2,13,1.9500000000000002,0.7,8,42,71,180,5,1.05,3.0,1.2,2.9000000000000004,9,5.1,12.2,6.800000000000001,6.1,3.9000000000000004,True,True,,,,,,,,,COMPLETE
1250,-1000000000.0,2026-04-01 02:59:01.959550,2026-04-01 02:59:02.011500,0 days 00:00:00.051950,15,1.7999999999999998,17,1,14,1.3,0.75,9,44,85,120,3,2.0,4.0,1.35,2.4,10,5.4,13.600000000000001,6.300000000000001,6.800000000000001,1.9,False,True,,,,,,,,,COMPLETE
1251,-1000000000.0,2026-04-01 02:59:02.045834,2026-04-01 02:59:04.562403,0 days 00:00:02.516569,16,2.5,14,5,17,1.65,0.5,9,39,93,30,0,1.85,2.3,1.9500000000000002,2.3,4,4.1,13.2,7.0,3.7,3.6,True,True,,,,,,,,,COMPLETE
1252,-1000000000.0,2026-04-01 02:59:04.595193,2026-04-01 02:59:04.645744,0 days 00:00:00.050551,14,2.45,16,4,15,1.25,0.65,8,43,70,150,5,1.4,2.7,1.7000000000000002,1.9,6,3.5,9.6,4.4,3.8,2.7,False,False,,,,,,,,,COMPLETE
1253,-1000000000.0,2026-04-01 02:59:04.679732,2026-04-01 02:59:07.100619,0 days 00:00:02.420887,18,2.35,15,1,18,1.35,0.55,10,35,91,180,6,2.1500000000000004,2.3,1.25,3.0,16,4.6,11.8,5.300000000000001,5.800000000000001,2.2,True,True,,,,,,,,,COMPLETE
1254,-1000000000.0,2026-04-01 02:59:07.128723,2026-04-01 02:59:09.716797,0 days 00:00:02.588074,13,1.95,21,3,20,1.05,1.0,9,38,88,150,4,1.35,2.4,1.65,1.5,12,5.7,12.4,6.4,5.4,1.6,False,True,,,,,,,,,COMPLETE
1255,-1000000000.0,2026-04-01 02:59:09.749952,2026-04-01 02:59:09.813394,0 days 00:00:00.063442,17,2.1,14,2,12,1.8,0.8,6,42,87,90,3,1.9500000000000002,3.4000000000000004,1.8,1.7,19,5.0,10.4,5.9,4.0,3.7,True,True,,,,,,,,,COMPLETE
1256,-1000000000.0,2026-04-01 02:59:09.848377,2026-04-01 02:59:09.898025,0 days 00:00:00.049648,18,1.65,24,0,10,1.45,0.9,7,40,96,120,2,1.1,3.6,1.0,1.6,14,5.6,15.600000000000001,5.1,3.0,1.8,False,False,,,,,,,,,COMPLETE
1257,-1000000000.0,2026-04-01 02:59:09.932876,2026-04-01 02:59:09.982570,0 days 00:00:00.049694,10,2.4,15,1,14,1.15,0.55,8,37,74,150,0,1.25,3.2,1.55,2.1,28,4.0,12.0,4.5,5.7,2.5,True,True,,,,,,,,,COMPLETE
1258,-1000000000.0,2026-04-01 02:59:10.020857,2026-04-01 02:59:10.071488,0 days 00:00:00.050631,20,2.25,17,2,19,1.5,0.5,9,44,98,180,6,1.2,2.0,1.1,2.2,1,5.3,8.6,5.4,5.2,1.5,True,True,,,,,,,,,COMPLETE
1259,-1000000000.0,2026-04-01 02:59:10.107978,2026-04-01 02:59:12.618650,0 days 00:00:02.510672,19,2.0,20,1,16,1.1,0.65,8,36,80,60,5,1.3,4.300000000000001,1.05,3.2,24,5.9,14.0,6.5,6.6,2.1,False,True,,,,,,,,,COMPLETE
1260,-1000000000.0,2026-04-01 02:59:12.647013,2026-04-01 02:59:12.691077,0 days 00:00:00.044064,16,2.2,14,0,15,1.0,0.6,10,43,89,30,2,1.0,2.8,1.75,2.0,0,6.0,11.4,3.5,4.6,3.1,True,False,,,,,,,,,COMPLETE
1261,-1000000000.0,2026-04-01 02:59:12.718907,2026-04-01 02:59:12.764756,0 days 00:00:00.045849,14,2.35,23,3,17,1.6,0.8500000000000001,9,40,76,120,5,1.15,2.5,1.9,2.7,17,4.9,8.0,3.7,5.9,3.0,False,True,,,,,,,,,COMPLETE
1262,-1000000000.0,2026-04-01 02:59:12.798830,2026-04-01 02:59:12.860420,0 days 00:00:00.061590,15,2.15,21,4,13,1.45,0.7,7,41,81,150,1,1.55,3.5,2.0,1.9,7,5.5,10.2,5.5,3.2,3.3,True,True,,,,,,,,,COMPLETE
1263,-1000000000.0,2026-04-01 02:59:12.895101,2026-04-01 02:59:15.414843,0 days 00:00:02.519742,19,1.5999999999999999,25,2,20,1.3,0.55,8,37,99,180,3,1.75,2.2,1.6,1.8,22,5.1,12.8,4.8,3.3,2.2,False,False,,,,,,,,,COMPLETE
1264,-1000000000.0,2026-04-01 02:59:15.449446,2026-04-01 02:59:15.502311,0 days 00:00:00.052865,13,1.75,18,5,12,1.85,0.6,7,39,92,150,5,1.9,4.1,1.3,1.7,16,5.2,9.6,3.8,6.0,2.3,True,True,,,,,,,,,COMPLETE
1265,-1000000000.0,2026-04-01 02:59:15.536498,2026-04-01 02:59:15.587728,0 days 00:00:00.051230,12,2.45,16,1,11,1.6,0.75,9,36,70,90,0,2.1500000000000004,2.6,1.65,2.6,21,4.8,14.4,5.7,5.0,3.2,False,True,,,,,,,,,COMPLETE
