number,value,datetime_start,datetime_complete,duration,params_atr_window,params_bb_std_dev,params_bb_window,params_cooldown,params_macd_fast,params_macd_k,params_macd_k_mid,params_macd_signal,params_macd_slow,params_macd_std_window,params_rebalance_freq,params_rebounce_block,params_sl_mult_lm,params_sl_mult_lr,params_sl_mult_sm,params_sl_mult_sr,params_time_stop,params_tp_mult_lm,params_tp_mult_lr,params_tp_mult_sm,params_tp_mult_sr,params_trail_mult,params_trail_tp,params_use_trailing,user_attrs_allocations,user_attrs_deploy_avg_sharpe,user_attrs_deploy_total_sharpe,user_attrs_deploy_year_sharpes,user_attrs_score,user_attrs_selected_tickers,user_attrs_train_avg_sharpe,user_attrs_train_year_sharpes,state
1266,-1000000000.0,2026-04-01 02:59:15.620637,2026-04-01 02:59:18.203630,0 days 00:00:02.582993,17,2.1,14,4,18,1.15,0.55,5,35,86,120,6,2.0,2.1,1.85,1.6,18,3.7,10.8,4.0,4.4,2.4,True,True,,,,,,,,,COMPLETE
1267,-1000000000.0,2026-04-01 02:59:18.242591,2026-04-01 02:59:18.293165,0 days 00:00:00.050574,16,2.3,17,0,14,1.2,0.5,6,43,100,30,4,1.9500000000000002,2.3,1.15,1.5,20,5.4,13.4,3.3,4.5,3.6,False,False,,,,,,,,,COMPLETE
1268,-1000000000.0,2026-04-01 02:59:18.332711,2026-04-01 02:59:20.889676,0 days 00:00:02.556965,14,1.7,19,1,16,1.55,0.7,10,38,88,180,3,1.8,2.4,1.4,2.1,19,5.0,11.6,6.4,4.3,3.7,True,True,,,,,,,,,COMPLETE
1269,-1000000000.0,2026-04-01 02:59:20.920416,2026-04-01 02:59:20.966225,0 days 00:00:00.045809,20,1.45,16,2,15,1.35,0.6,8,44,91,150,2,2.2,4.800000000000001,1.8,2.2,13,4.3,12.0,3.0,4.9,1.7,False,True,,,,,,,,,COMPLETE
1270,-1000000000.0,2026-04-01 02:59:21.001802,2026-04-01 02:59:21.052625,0 days 00:00:00.050823,11,2.05,15,3,12,1.1,0.55,9,41,85,120,5,1.4,2.5,1.7000000000000002,2.3,5,3.9,15.0,4.4,6.2,2.8,True,True,,,,,,,,,COMPLETE
1271,-1000000000.0,2026-04-01 02:59:21.087730,2026-04-01 02:59:21.143933,0 days 00:00:00.056203,15,1.9,14,0,10,1.05,0.95,8,40,90,150,6,2.1,2.9,1.75,2.5,29,4.2,10.0,6.7,5.300000000000001,1.9,False,False,,,,,,,,,COMPLETE
1272,-1000000000.0,2026-04-01 02:59:21.177638,2026-04-01 02:59:21.233516,0 days 00:00:00.055878,14,1.7999999999999998,15,2,14,1.65,0.55,7,41,94,180,4,1.35,4.0,1.55,1.6,4,5.800000000000001,8.4,6.9,3.9,2.1,True,True,,,,,,,,,COMPLETE
1273,-1000000000.0,2026-04-01 02:59:21.269647,2026-04-01 02:59:21.319860,0 days 00:00:00.050213,18,1.95,22,4,13,1.0,0.8500000000000001,10,42,84,60,1,1.45,2.2,1.9500000000000002,1.8,9,5.6,12.4,3.1,5.6,2.6,False,True,,,,,,,,,COMPLETE
1274,-1000000000.0,2026-04-01 02:59:21.360241,2026-04-01 02:59:21.415609,0 days 00:00:00.055368,17,2.5,20,1,20,1.4,0.8,8,44,89,90,3,1.05,3.0,1.85,1.5,8,4.5,13.8,5.0,3.4,2.2,True,True,,,,,,,,,COMPLETE
1275,-1000000000.0,2026-04-01 02:59:21.451672,2026-04-01 02:59:24.000865,0 days 00:00:02.549193,16,2.0,14,5,18,1.7000000000000002,0.9,9,35,77,30,0,1.0,2.7,1.45,1.9,11,4.7,9.2,6.2,4.2,2.0,False,False,,,,,,,,,COMPLETE
1276,-1000000000.0,2026-04-01 02:59:24.036922,2026-04-01 02:59:24.088407,0 days 00:00:00.051485,20,2.15,17,1,17,1.25,0.6,8,43,87,120,2,1.9,2.4,1.9,2.0,17,5.3,16.4,5.800000000000001,3.0,4.0,True,True,,,,,,,,,COMPLETE
1277,-1000000000.0,2026-04-01 02:59:24.122507,2026-04-01 02:59:26.556619,0 days 00:00:02.434112,10,2.4,18,3,19,1.5,0.7,9,39,82,150,5,1.2,3.1,1.7000000000000002,2.9000000000000004,27,3.8,11.2,6.9,5.1,3.3,False,True,,,,,,,,,COMPLETE
1278,-1000000000.0,2026-04-01 02:59:26.591194,2026-04-01 02:59:26.644167,0 days 00:00:00.052973,18,2.25,24,1,14,1.15,0.5,6,37,83,150,5,1.25,2.5,1.0,3.1,2,3.6,11.0,4.6,4.1,3.0,True,False,,,,,,,,,COMPLETE
1279,-1000000000.0,2026-04-01 02:59:26.678415,2026-04-01 02:59:26.733700,0 days 00:00:00.055285,19,2.45,14,0,12,1.1,0.65,7,43,79,180,6,1.85,2.3,1.6,1.5,25,4.0,13.0,3.6,3.1,3.8000000000000003,False,True,,,,,,,,,COMPLETE
1280,-1000000000.0,2026-04-01 02:59:26.771319,2026-04-01 02:59:29.315889,0 days 00:00:02.544570,14,1.8499999999999999,16,4,20,1.05,0.55,10,37,80,90,4,1.0,2.1,1.5,2.1,21,5.4,9.8,4.7,3.6,3.1,True,True,,,,,,,,,COMPLETE
1281,-1000000000.0,2026-04-01 02:59:29.356995,2026-04-01 02:59:31.910203,0 days 00:00:02.553208,16,1.75,15,2,15,1.15,0.75,9,36,92,120,6,1.5,4.4,1.3,2.4,6,4.9,9.4,6.1,7.0,2.3,False,True,,,,,,,,,COMPLETE
1282,-1000000000.0,2026-04-01 02:59:31.946925,2026-04-01 02:59:32.000086,0 days 00:00:00.053161,15,2.35,21,2,16,1.9500000000000002,0.6,8,41,100,150,3,1.15,2.6,1.25,2.8,14,5.1,10.4,4.5,6.1,3.2,True,False,,,,,,,,,COMPLETE
1283,-1000000000.0,2026-04-01 02:59:32.047105,2026-04-01 02:59:32.100473,0 days 00:00:00.053368,12,2.3,14,1,10,2.0,0.5,5,42,75,60,0,1.3,3.7,1.05,3.3,23,5.5,17.0,5.6,6.4,2.0,False,True,,,,,,,,,COMPLETE
1284,-1000000000.0,2026-04-01 02:59:32.135260,2026-04-01 02:59:32.184868,0 days 00:00:00.049608,13,2.2,20,0,11,1.2,1.0,7,40,96,30,2,2.05,3.9000000000000004,1.65,1.7,15,6.0,8.2,3.4,3.8,1.7,True,True,,,,,,,,,COMPLETE
1285,-1000000000.0,2026-04-01 02:59:32.220612,2026-04-01 02:59:32.271009,0 days 00:00:00.050397,20,2.4,16,3,12,1.35,0.55,8,44,70,180,5,1.6,3.0,1.75,1.9,20,5.7,12.600000000000001,6.6,6.0,2.7,False,True,,,,,,,,,COMPLETE
1286,-1000000000.0,2026-04-01 02:59:32.306137,2026-04-01 02:59:32.375229,0 days 00:00:00.069092,17,2.5,17,1,13,1.45,0.7,9,42,97,150,6,1.9500000000000002,2.0,1.8,2.6,0,5.2,12.2,7.0,5.7,2.1,True,False,,,,,,,,,COMPLETE
1287,-1000000000.0,2026-04-01 02:59:32.413858,2026-04-01 02:59:34.903291,0 days 00:00:02.489433,15,2.05,14,5,17,1.55,0.6,6,35,86,90,3,1.75,5.0,1.2,2.5,10,5.9,11.8,6.0,5.800000000000001,3.5,True,True,,,,,,,,,COMPLETE
1288,-1000000000.0,2026-04-01 02:59:34.950638,2026-04-01 02:59:35.052168,0 days 00:00:00.101530,16,2.45,15,4,14,1.6,0.65,9,38,72,180,1,1.65,2.4,1.35,2.0,3,4.1,11.4,4.1,3.7,2.9000000000000004,False,True,,,,,,,,,COMPLETE
1289,-1000000000.0,2026-04-01 02:59:35.088510,2026-04-01 02:59:37.627365,0 days 00:00:02.538855,18,2.2,18,2,19,1.05,0.55,8,39,71,120,5,1.4,2.8,1.55,1.6,15,4.4,12.0,6.800000000000001,5.5,2.2,True,True,,,,,,,,,COMPLETE
1290,-1000000000.0,2026-04-01 02:59:37.669953,2026-04-01 02:59:37.723441,0 days 00:00:00.053488,19,2.05,16,3,15,1.1,0.5,10,40,90,150,4,1.35,4.9,1.85,2.2,22,5.3,11.8,3.5,4.7,3.1,False,False,,,,,,,,,COMPLETE
1291,-1000000000.0,2026-04-01 02:59:37.759345,2026-04-01 02:59:37.812781,0 days 00:00:00.053436,13,1.8499999999999999,14,0,16,1.7000000000000002,0.8,7,43,88,30,0,1.7000000000000002,4.2,1.6,1.8,9,5.5,10.2,6.300000000000001,3.5,3.3,True,True,,,,,,,,,COMPLETE
1292,-1000000000.0,2026-04-01 02:59:37.849885,2026-04-01 02:59:37.910266,0 days 00:00:00.060381,14,1.65,19,2,13,1.0,0.9,8,44,98,150,5,1.8,3.3,1.9500000000000002,3.4000000000000004,28,5.6,9.8,3.2,4.0,2.5,False,True,,,,,,,,,COMPLETE
1293,-1000000000.0,2026-04-01 02:59:37.946711,2026-04-01 02:59:38.008971,0 days 00:00:00.062260,20,1.5499999999999998,23,1,14,1.45,0.7,9,41,81,180,3,1.85,2.3,1.45,1.5,12,5.0,15.2,4.9,4.8,1.8,True,False,,,,,,,,,COMPLETE
1294,-1000000000.0,2026-04-01 02:59:38.044792,2026-04-01 02:59:40.569886,0 days 00:00:02.525094,11,2.35,22,1,20,1.65,0.95,6,35,74,150,2,1.25,2.2,1.9,2.1,16,3.9,16.6,4.3,3.0,3.2,False,True,,,,,,,,,COMPLETE
1295,-1000000000.0,2026-04-01 02:59:40.599621,2026-04-01 02:59:40.644106,0 days 00:00:00.044485,16,1.7,21,5,12,1.15,0.55,7,43,91,120,4,1.3,2.5,1.5,1.7,19,3.7,14.600000000000001,5.2,6.7,3.9000000000000004,True,True,,,,,,,,,COMPLETE
1296,-1000000000.0,2026-04-01 02:59:40.673839,2026-04-01 02:59:43.088453,0 days 00:00:02.414614,17,2.25,17,3,18,1.5,0.8500000000000001,8,36,73,180,6,2.1,4.1,1.15,3.2,1,3.5,13.4,3.0,5.0,2.4,False,True,,,,,,,,,COMPLETE
1297,-1000000000.0,2026-04-01 02:59:43.132584,2026-04-01 02:59:45.657025,0 days 00:00:02.524441,18,1.9,20,4,17,1.4,0.6,9,37,82,150,1,1.1,3.6,1.7000000000000002,2.4,20,5.2,12.2,3.6,4.6,3.4000000000000004,True,False,,,,,,,,,COMPLETE
1298,-1000000000.0,2026-04-01 02:59:45.689024,2026-04-01 02:59:45.745407,0 days 00:00:00.056383,14,2.0,15,4,10,1.85,0.5,10,40,76,30,0,1.9,4.7,1.75,1.5,26,5.1,10.0,4.8,6.4,3.7,False,True,,,,,,,,,COMPLETE
1299,-1000000000.0,2026-04-01 02:59:45.778690,2026-04-01 02:59:45.840649,0 days 00:00:00.061959,15,2.5,25,0,15,1.3,0.55,8,38,89,90,5,2.0,3.5,1.1,2.2,17,5.800000000000001,10.6,3.7,5.2,2.0,True,True,,,,,,,,,COMPLETE
1300,-1000000000.0,2026-04-01 02:59:45.876849,2026-04-01 02:59:45.928190,0 days 00:00:00.051341,10,2.1,14,1,11,1.25,0.65,7,44,93,90,6,2.1500000000000004,3.8,1.65,2.3,21,5.3,13.0,6.4,3.2,2.6,False,True,,,,,,,,,COMPLETE
1301,-1000000000.0,2026-04-01 02:59:45.962720,2026-04-01 02:59:46.012481,0 days 00:00:00.049761,16,2.3,14,2,12,1.8,0.55,9,42,86,150,2,1.55,2.6,1.55,2.7,30,3.6,15.4,5.9,3.9,1.5,True,False,,,,,,,,,COMPLETE
1302,-1000000000.0,2026-04-01 02:59:46.048229,2026-04-01 02:59:46.100522,0 days 00:00:00.052293,19,1.7999999999999998,16,0,13,1.2,0.75,6,43,100,180,3,1.35,2.9,1.85,1.9,5,5.7,12.600000000000001,3.9,5.9,3.6,False,True,,,,,,,,,COMPLETE
1303,-1000000000.0,2026-04-01 02:59:46.138197,2026-04-01 02:59:48.618728,0 days 00:00:02.480531,12,2.15,15,1,14,1.75,0.6,8,36,99,120,5,1.15,2.4,1.8,1.6,18,5.6,11.0,4.5,6.2,1.9,True,True,,,,,,,,,COMPLETE
1304,-1000000000.0,2026-04-01 02:59:48.655748,2026-04-01 02:59:51.172858,0 days 00:00:02.517110,13,1.95,24,2,20,1.6,0.7,9,37,84,60,0,1.05,4.300000000000001,2.0,1.8,14,4.2,9.2,7.0,4.5,2.2,False,False,,,,,,,,,COMPLETE
1305,-1000000000.0,2026-04-01 02:59:51.209491,2026-04-01 02:59:51.262105,0 days 00:00:00.052614,20,1.75,14,4,16,1.55,0.8,5,39,95,30,3,1.6,2.2,1.0,2.1,24,5.4,11.6,5.7,5.800000000000001,2.8,True,True,,,,,,,,,COMPLETE
1306,-1000000000.0,2026-04-01 02:59:51.308446,2026-04-01 02:59:51.362359,0 days 00:00:00.053913,14,2.2,23,3,10,1.05,0.5,10,41,87,120,4,2.05,2.8,1.05,1.5,9,5.5,14.8,5.300000000000001,4.9,1.6,False,True,,,,,,,,,COMPLETE
1307,-1000000000.0,2026-04-01 02:59:51.397745,2026-04-01 02:59:51.450777,0 days 00:00:00.053032,15,2.45,17,2,14,1.0,0.65,8,44,81,150,5,1.2,2.1,1.3,2.0,22,4.7,9.6,6.300000000000001,6.9,2.1,True,True,,,,,,,,,COMPLETE
1308,-1000000000.0,2026-04-01 02:59:51.494908,2026-04-01 02:59:54.086004,0 days 00:00:02.591096,16,2.35,14,1,20,1.5,0.6,7,40,75,180,6,1.9500000000000002,2.3,1.4,2.2,16,4.8,10.8,5.1,3.8,3.0,False,False,,,,,,,,,COMPLETE
1309,-1000000000.0,2026-04-01 02:59:54.121922,2026-04-01 02:59:56.647659,0 days 00:00:02.525737,19,2.4,18,0,19,1.9,0.8500000000000001,9,39,78,150,2,1.3,2.7,1.25,3.3,8,4.9,12.4,5.4,5.4,2.3,True,True,,,,,,,,,COMPLETE
1310,-1000000000.0,2026-04-01 02:59:56.685088,2026-04-01 02:59:56.737006,0 days 00:00:00.051918,18,1.5,16,1,18,1.2,1.0,8,41,92,90,5,1.7000000000000002,2.4,1.7000000000000002,1.8,13,6.0,12.2,6.800000000000001,6.300000000000001,2.7,False,True,,,,,,,,,COMPLETE
1311,-1000000000.0,2026-04-01 02:59:56.771596,2026-04-01 02:59:56.835278,0 days 00:00:00.063682,17,2.1,15,5,15,1.65,0.55,8,43,80,180,3,1.4,2.9,1.65,1.6,19,5.2,14.2,6.5,5.6,3.8000000000000003,True,True,,,,,,,,,COMPLETE
1312,-1000000000.0,2026-04-01 02:59:56.871734,2026-04-01 02:59:56.929098,0 days 00:00:00.057364,20,2.5,17,2,12,1.15,0.7,7,35,90,150,6,1.05,3.2,1.6,3.0,26,5.0,16.0,4.2,4.3,3.2,False,False,,,,,,,,,COMPLETE
1313,-1000000000.0,2026-04-01 02:59:56.971054,2026-04-01 02:59:57.023277,0 days 00:00:00.052223,14,1.65,22,4,11,1.4,0.95,9,44,85,60,4,1.0,2.6,1.9,1.7,20,3.8,13.2,3.8,5.300000000000001,3.1,True,True,,,,,,,,,COMPLETE
1314,-1000000000.0,2026-04-01 02:59:57.059104,2026-04-01 02:59:57.111783,0 days 00:00:00.052679,15,1.5999999999999999,20,0,14,1.35,0.55,6,40,94,120,1,1.75,2.5,1.8,2.5,17,5.9,10.0,3.4,3.7,2.1,True,True,,,,,,,,,COMPLETE
1315,-1000000000.0,2026-04-01 02:59:57.148165,2026-04-01 02:59:57.198507,0 days 00:00:00.050342,16,2.05,19,3,13,1.0,0.5,10,43,70,30,0,1.9500000000000002,2.0,1.5,2.1,7,4.3,13.8,3.3,3.1,3.6,False,True,,,,,,,,,COMPLETE
1316,-1000000000.0,2026-04-01 02:59:57.233778,2026-04-01 02:59:57.287643,0 days 00:00:00.053865,17,1.7999999999999998,14,2,15,1.1,0.6,8,42,98,150,4,2.2,4.5,1.9500000000000002,1.5,11,4.1,11.8,6.1,6.5,4.0,True,False,,,,,,,,,COMPLETE
1317,-1000000000.0,2026-04-01 02:59:57.334435,2026-04-01 02:59:59.821589,0 days 00:00:02.487154,20,1.45,21,1,16,1.3,0.55,9,37,71,180,5,1.45,4.6,1.2,2.6,0,5.1,12.0,4.6,4.0,3.5,False,True,,,,,,,,,COMPLETE
1318,-1000000000.0,2026-04-01 02:59:59.857287,2026-04-01 02:59:59.928735,0 days 00:00:00.071448,11,2.45,16,1,12,1.55,0.7,8,36,89,150,6,1.85,3.4000000000000004,1.75,2.0,23,5.7,12.8,4.3,4.8,3.0,True,True,,,,,,,,,COMPLETE
1319,-1000000000.0,2026-04-01 02:59:59.965823,2026-04-01 03:00:02.530977,0 days 00:00:02.565154,19,1.8499999999999999,24,5,18,1.65,0.75,9,38,83,90,2,1.25,3.1,1.55,3.1,10,5.4,15.0,5.6,4.4,2.2,False,False,,,,,,,,,COMPLETE
1320,-1000000000.0,2026-04-01 03:00:02.567300,2026-04-01 03:00:05.102239,0 days 00:00:02.534939,12,2.15,15,2,20,1.05,0.5,7,40,72,120,3,2.0,2.1,1.15,1.6,28,5.6,9.0,6.7,6.0,2.6,True,True,,,,,,,,,COMPLETE
1321,-1000000000.0,2026-04-01 03:00:05.132387,2026-04-01 03:00:05.190738,0 days 00:00:00.058351,18,2.25,25,4,17,1.25,0.65,5,44,88,180,0,1.1,3.9000000000000004,1.85,1.9,12,4.4,8.0,5.5,3.0,3.8000000000000003,False,True,,,,,,,,,COMPLETE
1322,-1000000000.0,2026-04-01 03:00:05.233211,2026-04-01 03:00:05.288808,0 days 00:00:00.055597,13,2.0,14,0,14,1.1,0.6,6,43,97,30,5,1.8,4.800000000000001,1.45,1.7,25,5.3,8.4,6.9,5.7,3.9000000000000004,True,True,,,,,,,,,COMPLETE
1323,-1000000000.0,2026-04-01 03:00:05.323951,2026-04-01 03:00:07.795828,0 days 00:00:02.471877,14,2.3,18,3,20,1.6,0.8,10,35,96,150,3,1.35,3.0,1.65,2.4,21,4.2,15.600000000000001,6.2,6.1,1.9,False,False,,,,,,,,,COMPLETE
1324,-1000000000.0,2026-04-01 03:00:07.831915,2026-04-01 03:00:07.883885,0 days 00:00:00.051970,15,1.7,17,1,15,1.5,0.9,8,41,99,90,1,1.9,2.3,1.7000000000000002,2.1,20,5.0,9.8,4.4,3.3,1.6,True,True,,,,,,,,,COMPLETE
1325,-1000000000.0,2026-04-01 03:00:07.918399,2026-04-01 03:00:07.982604,0 days 00:00:00.064205,16,2.35,20,0,10,1.15,0.7,9,37,82,120,5,1.15,2.5,1.8,1.8,6,4.6,11.6,3.7,3.6,2.9000000000000004,False,True,,,,,,,,,COMPLETE
1326,-1000000000.0,2026-04-01 03:00:08.018569,2026-04-01 03:00:08.072334,0 days 00:00:00.053765,18,2.4,14,1,13,1.45,0.55,7,43,88,180,6,1.3,2.7,1.05,2.3,29,5.800000000000001,11.4,6.6,4.1,3.7,True,True,,,,,,,,,COMPLETE
1327,-1000000000.0,2026-04-01 03:00:08.110227,2026-04-01 03:00:10.599172,0 days 00:00:02.488945,14,1.75,16,2,19,1.75,0.6,8,39,91,150,2,1.25,2.5,1.35,2.2,14,4.0,10.4,3.1,5.1,3.4000000000000004,False,False,,,,,,,,,COMPLETE
1328,-1000000000.0,2026-04-01 03:00:10.633876,2026-04-01 03:00:10.685224,0 days 00:00:00.051348,20,2.2,15,4,12,1.1,0.55,10,42,70,30,4,1.0,2.4,1.6,2.8,27,5.3,8.6,3.5,6.7,2.0,True,True,,,,,,,,,COMPLETE
1329,-1000000000.0,2026-04-01 03:00:10.718830,2026-04-01 03:00:10.768632,0 days 00:00:00.049802,18,1.4,15,5,11,1.2,0.5,9,36,90,150,6,1.5,2.2,1.55,1.5,1,5.9,9.4,6.4,3.9,1.7,False,True,,,,,,,,,COMPLETE
1330,-1000000000.0,2026-04-01 03:00:10.805102,2026-04-01 03:00:10.856778,0 days 00:00:00.051676,19,1.95,23,3,17,1.7000000000000002,0.65,7,41,71,150,5,1.2,2.3,2.0,2.9000000000000004,13,6.0,12.2,6.0,5.9,3.2,True,True,,,,,,,,,COMPLETE
1331,-1000000000.0,2026-04-01 03:00:10.899540,2026-04-01 03:00:10.954502,0 days 00:00:00.054962,17,2.05,14,2,12,1.05,0.55,6,44,87,120,0,1.3,2.6,1.7000000000000002,2.0,2,5.6,12.8,5.0,4.7,3.3,False,False,,,,,,,,,COMPLETE
1332,-1000000000.0,2026-04-01 03:00:10.992273,2026-04-01 03:00:11.050297,0 days 00:00:00.058024,13,2.25,17,0,13,1.8,0.95,9,40,79,90,3,1.65,4.2,1.1,1.9,15,3.5,11.2,7.0,4.6,3.1,True,True,,,,,,,,,COMPLETE
1333,-1000000000.0,2026-04-01 03:00:11.086429,2026-04-01 03:00:13.564187,0 days 00:00:02.477758,15,2.5,16,1,16,1.9,0.7,8,37,81,60,5,2.1500000000000004,2.0,1.0,1.6,18,5.5,10.2,4.0,6.300000000000001,2.2,False,True,,,,,,,,,COMPLETE
1334,-1000000000.0,2026-04-01 03:00:13.593998,2026-04-01 03:00:13.645812,0 days 00:00:00.051814,16,1.75,21,1,14,1.0,0.9,8,39,93,180,1,1.9,2.4,1.9500000000000002,2.5,8,4.8,10.8,3.6,5.5,1.8,True,False,,,,,,,,,COMPLETE
1335,-1000000000.0,2026-04-01 03:00:13.680507,2026-04-01 03:00:13.752330,0 days 00:00:00.071823,20,2.2,14,3,20,1.3,0.75,9,43,85,120,2,2.0,2.3,1.25,3.5,7,4.9,14.0,3.0,3.1,2.1,False,True,,,,,,,,,COMPLETE
1336,-1000000000.0,2026-04-01 03:00:13.787292,2026-04-01 03:00:16.300283,0 days 00:00:02.512991,14,2.3,19,4,19,1.9500000000000002,0.6,10,38,77,150,6,1.4,3.4000000000000004,1.75,1.5,25,3.7,12.0,4.9,4.5,2.7,True,True,,,,,,,,,COMPLETE
1337,-1000000000.0,2026-04-01 03:00:16.331088,2026-04-01 03:00:16.385647,0 days 00:00:00.054559,10,2.1,22,2,11,1.4,0.8500000000000001,7,44,89,30,5,1.9500000000000002,2.9,1.5,1.7,22,5.4,12.4,4.5,5.2,2.3,False,True,,,,,,,,,COMPLETE
1338,-1000000000.0,2026-04-01 03:00:16.420218,2026-04-01 03:00:16.471840,0 days 00:00:00.051622,12,2.15,15,0,15,1.35,0.5,9,42,76,180,3,1.05,2.8,1.9,2.1,21,5.2,9.6,4.7,4.2,1.9,True,False,,,,,,,,,COMPLETE
1339,-1000000000.0,2026-04-01 03:00:16.507162,2026-04-01 03:00:19.082160,0 days 00:00:02.574998,17,1.9,14,1,14,1.15,0.55,8,35,73,150,4,1.35,3.3,1.4,2.2,16,5.1,14.4,5.800000000000001,3.8,2.0,False,True,,,,,,,,,COMPLETE
1340,-1000000000.0,2026-04-01 03:00:19.116629,2026-04-01 03:00:19.166263,0 days 00:00:00.049634,16,2.5,16,2,10,1.55,0.65,6,40,83,180,0,1.55,2.2,1.65,1.8,9,5.0,11.8,3.3,5.7,3.1,True,True,,,,,,,,,COMPLETE
1341,-1000000000.0,2026-04-01 03:00:19.206640,2026-04-01 03:00:19.258020,0 days 00:00:00.051380,11,2.45,20,1,12,1.5,1.0,8,44,100,90,5,2.1,2.4,1.2,2.6,17,4.6,12.600000000000001,6.5,3.9,3.2,False,True,,,,,,,,,COMPLETE
1342,-1000000000.0,2026-04-01 03:00:19.291815,2026-04-01 03:00:21.806914,0 days 00:00:02.515099,14,1.65,18,5,17,1.7000000000000002,0.6,5,37,98,120,6,2.05,4.1,1.8,1.6,15,3.9,13.600000000000001,6.300000000000001,6.6,2.5,True,False,,,,,,,,,COMPLETE
1343,-1000000000.0,2026-04-01 03:00:21.843615,2026-04-01 03:00:21.899513,0 days 00:00:00.055898,18,2.35,17,4,18,1.6,0.55,9,41,84,150,2,1.0,4.0,1.3,2.3,23,4.7,8.8,3.2,6.800000000000001,2.4,True,True,,,,,,,,,COMPLETE
1344,-1000000000.0,2026-04-01 03:00:21.945692,2026-04-01 03:00:22.019242,0 days 00:00:00.073550,15,2.4,14,1,14,1.65,0.5,7,40,74,30,0,1.35,2.1,1.85,2.0,0,3.8,13.2,4.4,5.0,2.2,False,True,,,,,,,,,COMPLETE
1345,-1000000000.0,2026-04-01 03:00:22.056577,2026-04-01 03:00:22.108214,0 days 00:00:00.051637,20,2.0,23,0,13,1.85,0.7,10,36,91,60,5,1.4,2.5,1.1,1.5,20,3.6,9.8,4.2,4.9,3.7,True,True,,,,,,,,,COMPLETE
1346,-1000000000.0,2026-04-01 03:00:22.143256,2026-04-01 03:00:22.194263,0 days 00:00:00.051007,19,2.25,14,2,12,1.25,0.55,8,43,99,180,3,1.75,2.5,1.6,3.2,24,5.3,11.6,4.8,3.4,3.0,False,False,,,,,,,,,COMPLETE
1347,-1000000000.0,2026-04-01 03:00:22.229716,2026-04-01 03:00:25.224832,0 days 00:00:02.995116,13,1.7,15,3,20,1.45,0.5,9,35,80,150,4,1.2,4.300000000000001,1.75,1.7,19,4.5,12.0,6.9,5.9,2.8,True,True,,,,,,,,,COMPLETE
1348,-1000000000.0,2026-04-01 03:00:25.261680,2026-04-01 03:00:25.321481,0 days 00:00:00.059801,16,1.5499999999999998,25,0,16,1.05,0.65,7,39,81,90,6,1.9,4.2,1.9,2.1,16,5.7,13.0,5.4,6.1,3.6,False,True,,,,,,,,,COMPLETE
1349,-1000000000.0,2026-04-01 03:00:25.369729,2026-04-01 03:00:25.433187,0 days 00:00:00.063458,11,1.4,21,1,15,1.0,0.6,8,38,90,150,1,1.45,3.5,1.7000000000000002,3.0,3,5.6,10.6,6.2,4.1,1.5,True,False,,,,,,,,,COMPLETE
1350,-1000000000.0,2026-04-01 03:00:25.472627,2026-04-01 03:00:25.536915,0 days 00:00:00.064288,15,1.5999999999999999,22,2,10,1.15,0.8,9,42,70,120,3,1.9500000000000002,3.2,1.45,1.9,4,5.2,9.4,5.7,4.4,2.6,False,True,,,,,,,,,COMPLETE
1351,-1000000000.0,2026-04-01 03:00:25.578304,2026-04-01 03:00:28.238728,0 days 00:00:02.660424,18,1.5,17,4,17,1.2,0.7,6,37,88,180,5,1.1,3.0,1.65,2.5,29,4.3,10.0,3.4,3.0,3.1,True,True,,,,,,,,,COMPLETE
1352,-1000000000.0,2026-04-01 03:00:28.272680,2026-04-01 03:00:30.861166,0 days 00:00:02.588486,14,2.05,14,3,19,1.35,0.75,10,41,95,90,6,1.25,2.4,1.55,3.4000000000000004,13,5.5,8.2,6.1,6.2,2.1,False,True,,,,,,,,,COMPLETE
1353,-1000000000.0,2026-04-01 03:00:30.891421,2026-04-01 03:00:33.614160,0 days 00:00:02.722739,16,2.45,24,1,18,1.4,0.55,8,40,72,150,0,1.2,2.7,1.85,2.0,10,4.9,16.200000000000003,6.800000000000001,3.2,3.3,True,False,,,,,,,,,COMPLETE
1354,-1000000000.0,2026-04-01 03:00:33.649852,2026-04-01 03:00:33.701532,0 days 00:00:00.051680,19,1.9,16,2,14,1.55,0.8500000000000001,7,43,79,150,4,2.05,4.4,1.5,1.6,12,4.1,11.2,3.9,3.7,3.2,False,True,,,,,,,,,COMPLETE
1355,-1000000000.0,2026-04-01 03:00:33.735495,2026-04-01 03:00:33.788512,0 days 00:00:00.053017,17,1.8499999999999999,20,5,11,1.1,0.6,9,44,92,120,3,1.15,2.2,1.05,2.7,11,5.4,11.4,6.6,4.6,2.2,True,True,,,,,,,,,COMPLETE
1356,-1000000000.0,2026-04-01 03:00:33.825816,2026-04-01 03:00:33.901043,0 days 00:00:00.075227,20,1.7999999999999998,15,0,15,1.0,0.5,8,43,82,60,2,2.0,4.800000000000001,1.8,1.5,5,6.0,10.2,4.1,5.800000000000001,1.6,False,True,,,,,,,,,COMPLETE
1357,-1000000000.0,2026-04-01 03:00:33.937821,2026-04-01 03:00:33.995427,0 days 00:00:00.057606,15,1.75,14,1,12,1.8,0.55,6,36,74,180,5,2.2,2.3,1.75,3.1,14,5.1,10.8,4.6,3.9,2.1,True,False,,,,,,,,,COMPLETE
1358,-1000000000.0,2026-04-01 03:00:34.033375,2026-04-01 03:00:36.684977,0 days 00:00:02.651602,10,1.7,19,4,20,1.65,0.7,10,41,78,30,5,1.7000000000000002,2.0,1.25,1.8,27,5.3,16.6,3.1,3.1,2.3,False,True,,,,,,,,,COMPLETE
1359,-1000000000.0,2026-04-01 03:00:36.721355,2026-04-01 03:00:39.332185,0 days 00:00:02.610830,17,2.5,17,1,16,1.6,0.55,8,36,86,150,1,1.8,2.6,1.9500000000000002,3.3,30,5.0,14.2,5.800000000000001,6.0,1.7,True,True,,,,,,,,,COMPLETE
1360,-1000000000.0,2026-04-01 03:00:39.367316,2026-04-01 03:00:42.105561,0 days 00:00:02.738245,13,2.2,16,2,13,1.5,0.95,9,35,87,120,6,1.85,3.7,1.65,2.4,18,5.7,15.4,5.2,4.8,3.5,False,True,,,,,,,,,COMPLETE
1361,-1000000000.0,2026-04-01 03:00:42.138611,2026-04-01 03:00:42.199755,0 days 00:00:00.061144,14,1.95,14,3,12,1.15,0.6,7,39,71,30,4,1.05,3.1,1.7000000000000002,2.2,19,5.9,13.4,6.4,4.0,2.7,True,False,,,,,,,,,COMPLETE
1362,-1000000000.0,2026-04-01 03:00:42.234958,2026-04-01 03:00:42.301079,0 days 00:00:00.066121,16,2.15,15,4,14,2.0,0.5,9,38,89,180,2,1.6,2.9,1.0,1.5,21,5.5,14.600000000000001,3.7,5.4,3.8000000000000003,False,True,,,,,,,,,COMPLETE
