number,value,state,datetime_start,datetime_complete,duration_seconds,params_json,fold_sharpes_json,avg_cv_sharpe
1652,-1000000000.0,TrialState.COMPLETE,2026-04-01T03:21:29.910198,2026-04-01T03:21:29.978749,0.068551,"{""atr_window"": 11, ""bb_std_dev"": 2.3, ""bb_window"": 16, ""cooldown"": 0, ""macd_fast"": 10, ""macd_k"": 1.55, ""macd_k_mid"": 0.7, ""macd_signal"": 8, ""macd_slow"": 40, ""macd_std_window"": 93, ""rebalance_freq"": 150, ""rebounce_block"": 0, ""sl_mult_lm"": 1.4, ""sl_mult_lr"": 3.0, ""sl_mult_sm"": 1.25, ""sl_mult_sr"": 2.4, ""time_stop"": 13, ""tp_mult_lm"": 4.9, ""tp_mult_lr"": 15.0, ""tp_mult_sm"": 3.2, ""tp_mult_sr"": 3.4, ""trail_mult"": 2.9000000000000004, ""trail_tp"": true, ""use_trailing"": false}",{},
1653,-1000000000.0,TrialState.COMPLETE,2026-04-01T03:21:30.012822,2026-04-01T03:21:32.703592,2.69077,"{""atr_window"": 15, ""bb_std_dev"": 1.65, ""bb_window"": 15, ""cooldown"": 1, ""macd_fast"": 13, ""macd_k"": 1.45, ""macd_k_mid"": 0.65, ""macd_signal"": 6, ""macd_slow"": 35, ""macd_std_window"": 83, ""rebalance_freq"": 150, ""rebounce_block"": 6, ""sl_mult_lm"": 1.35, ""sl_mult_lr"": 2.8, ""sl_mult_sm"": 1.05, ""sl_mult_sr"": 2.3, ""time_stop"": 20, ""tp_mult_lm"": 3.6, ""tp_mult_lr"": 10.0, ""tp_mult_sm"": 3.6, ""tp_mult_sr"": 5.2, ""trail_mult"": 2.3, ""trail_tp"": false, ""use_trailing"": true}",{},
1654,-1000000000.0,TrialState.COMPLETE,2026-04-01T03:21:32.741517,2026-04-01T03:21:32.816863,0.075346,"{""atr_window"": 13, ""bb_std_dev"": 1.7999999999999998, ""bb_window"": 23, ""cooldown"": 2, ""macd_fast"": 15, ""macd_k"": 1.1, ""macd_k_mid"": 0.75, ""macd_signal"": 9, ""macd_slow"": 38, ""macd_std_window"": 87, ""rebalance_freq"": 180, ""rebounce_block"": 3, ""sl_mult_lm"": 1.65, ""sl_mult_lr"": 2.1, ""sl_mult_sm"": 1.55, ""sl_mult_sr"": 1.5, ""time_stop"": 17, ""tp_mult_lm"": 5.5, ""tp_mult_lr"": 12.0, ""tp_mult_sm"": 5.800000000000001, ""tp_mult_sr"": 3.1, ""trail_mult"": 3.8000000000000003, ""trail_tp"": true, ""use_trailing"": true}",{},
1655,-1000000000.0,TrialState.COMPLETE,2026-04-01T03:21:32.854609,2026-04-01T03:21:35.291715,2.437106,"{""atr_window"": 19, ""bb_std_dev"": 2.2, ""bb_window"": 17, ""cooldown"": 5, ""macd_fast"": 19, ""macd_k"": 1.3, ""macd_k_mid"": 0.6, ""macd_signal"": 8, ""macd_slow"": 37, ""macd_std_window"": 89, ""rebalance_freq"": 90, ""rebounce_block"": 4, ""sl_mult_lm"": 1.25, ""sl_mult_lr"": 2.3, ""sl_mult_sm"": 1.75, ""sl_mult_sr"": 1.8, ""time_stop"": 1, ""tp_mult_lm"": 5.3, ""tp_mult_lr"": 11.4, ""tp_mult_sm"": 4.5, ""tp_mult_sr"": 4.7, ""trail_mult"": 3.4000000000000004, ""trail_tp"": false, ""use_trailing"": true}",{},
1656,-1000000000.0,TrialState.COMPLETE,2026-04-01T03:21:35.327222,2026-04-01T03:21:35.393950,0.066728,"{""atr_window"": 20, ""bb_std_dev"": 2.0, ""bb_window"": 21, ""cooldown"": 1, ""macd_fast"": 11, ""macd_k"": 1.0, ""macd_k_mid"": 1.0, ""macd_signal"": 7, ""macd_slow"": 43, ""macd_std_window"": 85, ""rebalance_freq"": 30, ""rebounce_block"": 5, ""sl_mult_lm"": 2.1500000000000004, ""sl_mult_lr"": 2.9, ""sl_mult_sm"": 1.2, ""sl_mult_sr"": 1.9, ""time_stop"": 30, ""tp_mult_lm"": 5.7, ""tp_mult_lr"": 14.4, ""tp_mult_sm"": 4.3, ""tp_mult_sr"": 4.1, ""trail_mult"": 3.1, ""trail_tp"": true, ""use_trailing"": false}",{},
1657,-1000000000.0,TrialState.COMPLETE,2026-04-01T03:21:35.431389,2026-04-01T03:21:37.939104,2.507715,"{""atr_window"": 18, ""bb_std_dev"": 1.5499999999999998, ""bb_window"": 20, ""cooldown"": 3, ""macd_fast"": 20, ""macd_k"": 1.7000000000000002, ""macd_k_mid"": 0.5, ""macd_signal"": 10, ""macd_slow"": 39, ""macd_std_window"": 74, ""rebalance_freq"": 120, ""rebounce_block"": 5, ""sl_mult_lm"": 1.1, ""sl_mult_lr"": 2.4, ""sl_mult_sm"": 1.3, ""sl_mult_sr"": 1.6, ""time_stop"": 25, ""tp_mult_lm"": 4.1, ""tp_mult_lr"": 12.8, ""tp_mult_sm"": 4.4, ""tp_mult_sr"": 5.7, ""trail_mult"": 2.2, ""trail_tp"": false, ""use_trailing"": true}",{},
1658,-1000000000.0,TrialState.COMPLETE,2026-04-01T03:21:37.969280,2026-04-01T03:21:38.032292,0.063012,"{""atr_window"": 20, ""bb_std_dev"": 2.45, ""bb_window"": 19, ""cooldown"": 4, ""macd_fast"": 14, ""macd_k"": 1.25, ""macd_k_mid"": 0.8500000000000001, ""macd_signal"": 9, ""macd_slow"": 41, ""macd_std_window"": 77, ""rebalance_freq"": 120, ""rebounce_block"": 6, ""sl_mult_lm"": 1.6, ""sl_mult_lr"": 2.2, ""sl_mult_sm"": 1.85, ""sl_mult_sr"": 2.5, ""time_stop"": 23, ""tp_mult_lm"": 3.8, ""tp_mult_lr"": 11.6, ""tp_mult_sm"": 6.300000000000001, ""tp_mult_sr"": 7.0, ""trail_mult"": 2.6, ""trail_tp"": true, ""use_trailing"": true}",{},
1659,-1000000000.0,TrialState.COMPLETE,2026-04-01T03:21:38.075824,2026-04-01T03:21:38.146880,0.071056,"{""atr_window"": 16, ""bb_std_dev"": 2.4, ""bb_window"": 14, ""cooldown"": 0, ""macd_fast"": 12, ""macd_k"": 1.45, ""macd_k_mid"": 0.55, ""macd_signal"": 8, ""macd_slow"": 42, ""macd_std_window"": 91, ""rebalance_freq"": 150, ""rebounce_block"": 0, ""sl_mult_lm"": 1.8, ""sl_mult_lr"": 4.4, ""sl_mult_sm"": 1.65, ""sl_mult_sr"": 1.7, ""time_stop"": 5, ""tp_mult_lm"": 4.8, ""tp_mult_lr"": 17.0, ""tp_mult_sm"": 3.7, ""tp_mult_sr"": 6.5, ""trail_mult"": 2.4, ""trail_tp"": false, ""use_trailing"": false}",{},
1660,-1000000000.0,TrialState.COMPLETE,2026-04-01T03:21:38.183158,2026-04-01T03:21:38.252770,0.069612,"{""atr_window"": 17, ""bb_std_dev"": 1.8499999999999999, ""bb_window"": 14, ""cooldown"": 2, ""macd_fast"": 17, ""macd_k"": 1.05, ""macd_k_mid"": 0.6, ""macd_signal"": 5, ""macd_slow"": 44, ""macd_std_window"": 99, ""rebalance_freq"": 180, ""rebounce_block"": 2, ""sl_mult_lm"": 1.9, ""sl_mult_lr"": 3.4000000000000004, ""sl_mult_sm"": 1.5, ""sl_mult_sr"": 3.3, ""time_stop"": 24, ""tp_mult_lm"": 4.7, ""tp_mult_lr"": 10.2, ""tp_mult_sm"": 3.6, ""tp_mult_sr"": 3.0, ""trail_mult"": 3.5, ""trail_tp"": true, ""use_trailing"": true}",{},
1661,-1000000000.0,TrialState.COMPLETE,2026-04-01T03:21:38.290581,2026-04-01T03:21:38.362787,0.072206,"{""atr_window"": 18, ""bb_std_dev"": 2.15, ""bb_window"": 24, ""cooldown"": 1, ""macd_fast"": 15, ""macd_k"": 1.15, ""macd_k_mid"": 0.7, ""macd_signal"": 7, ""macd_slow"": 40, ""macd_std_window"": 94, ""rebalance_freq"": 150, ""rebounce_block"": 1, ""sl_mult_lm"": 1.5, ""sl_mult_lr"": 3.6, ""sl_mult_sm"": 1.7000000000000002, ""sl_mult_sr"": 2.2, ""time_stop"": 18, ""tp_mult_lm"": 5.2, ""tp_mult_lr"": 9.0, ""tp_mult_sm"": 6.6, ""tp_mult_sr"": 4.6, ""trail_mult"": 3.7, ""trail_tp"": false, ""use_trailing"": true}",{},
1662,-1000000000.0,TrialState.COMPLETE,2026-04-01T03:21:38.397380,2026-04-01T03:21:38.480247,0.082867,"{""atr_window"": 15, ""bb_std_dev"": 2.1, ""bb_window"": 16, ""cooldown"": 4, ""macd_fast"": 18, ""macd_k"": 1.85, ""macd_k_mid"": 0.55, ""macd_signal"": 9, ""macd_slow"": 43, ""macd_std_window"": 90, ""rebalance_freq"": 90, ""rebounce_block"": 3, ""sl_mult_lm"": 1.9500000000000002, ""sl_mult_lr"": 2.4, ""sl_mult_sm"": 1.8, ""sl_mult_sr"": 2.0, ""time_stop"": 12, ""tp_mult_lm"": 3.5, ""tp_mult_lr"": 12.4, ""tp_mult_sm"": 3.9, ""tp_mult_sr"": 4.4, ""trail_mult"": 2.0, ""trail_tp"": true, ""use_trailing"": true}",{},
1663,-1000000000.0,TrialState.COMPLETE,2026-04-01T03:21:38.545668,2026-04-01T03:21:38.639310,0.093642,"{""atr_window"": 13, ""bb_std_dev"": 2.35, ""bb_window"": 15, ""cooldown"": 3, ""macd_fast"": 10, ""macd_k"": 1.65, ""macd_k_mid"": 0.6, ""macd_signal"": 6, ""macd_slow"": 42, ""macd_std_window"": 80, ""rebalance_freq"": 180, ""rebounce_block"": 6, ""sl_mult_lm"": 1.2, ""sl_mult_lr"": 4.9, ""sl_mult_sm"": 1.15, ""sl_mult_sr"": 1.8, ""time_stop"": 22, ""tp_mult_lm"": 4.5, ""tp_mult_lr"": 11.8, ""tp_mult_sm"": 5.7, ""tp_mult_sr"": 3.8, ""trail_mult"": 3.6, ""trail_tp"": false, ""use_trailing"": false}",{},
1664,-1000000000.0,TrialState.COMPLETE,2026-04-01T03:21:38.671769,2026-04-01T03:21:38.743514,0.071745,"{""atr_window"": 14, ""bb_std_dev"": 1.95, ""bb_window"": 18, ""cooldown"": 0, ""macd_fast"": 20, ""macd_k"": 1.55, ""macd_k_mid"": 0.5, ""macd_signal"": 10, ""macd_slow"": 44, ""macd_std_window"": 71, ""rebalance_freq"": 30, ""rebounce_block"": 5, ""sl_mult_lm"": 1.3, ""sl_mult_lr"": 2.5, ""sl_mult_sm"": 1.6, ""sl_mult_sr"": 1.5, ""time_stop"": 15, ""tp_mult_lm"": 4.4, ""tp_mult_lr"": 13.2, ""tp_mult_sm"": 4.6, ""tp_mult_sr"": 3.3, ""trail_mult"": 3.0, ""trail_tp"": true, ""use_trailing"": true}",{},
1665,-1000000000.0,TrialState.COMPLETE,2026-04-01T03:21:38.782528,2026-04-01T03:21:41.243186,2.460658,"{""atr_window"": 16, ""bb_std_dev"": 1.7999999999999998, ""bb_window"": 14, ""cooldown"": 2, ""macd_fast"": 16, ""macd_k"": 1.75, ""macd_k_mid"": 0.7, ""macd_signal"": 8, ""macd_slow"": 35, ""macd_std_window"": 96, ""rebalance_freq"": 150, ""rebounce_block"": 3, ""sl_mult_lm"": 1.45, ""sl_mult_lr"": 2.0, ""sl_mult_sm"": 1.9500000000000002, ""sl_mult_sr"": 2.8, ""time_stop"": 0, ""tp_mult_lm"": 5.800000000000001, ""tp_mult_lr"": 15.4, ""tp_mult_sm"": 5.300000000000001, ""tp_mult_sr"": 6.800000000000001, ""trail_mult"": 3.2, ""trail_tp"": false, ""use_trailing"": true}",{},
1666,-1000000000.0,TrialState.COMPLETE,2026-04-01T03:21:41.273356,2026-04-01T03:21:41.327823,0.054467,"{""atr_window"": 14, ""bb_std_dev"": 1.9, ""bb_window"": 17, ""cooldown"": 1, ""macd_fast"": 17, ""macd_k"": 1.4, ""macd_k_mid"": 0.75, ""macd_signal"": 9, ""macd_slow"": 40, ""macd_std_window"": 98, ""rebalance_freq"": 120, ""rebounce_block"": 4, ""sl_mult_lm"": 1.05, ""sl_mult_lr"": 2.6, ""sl_mult_sm"": 1.0, ""sl_mult_sr"": 2.9000000000000004, ""time_stop"": 7, ""tp_mult_lm"": 5.6, ""tp_mult_lr"": 16.4, ""tp_mult_sm"": 4.9, ""tp_mult_sr"": 4.9, ""trail_mult"": 3.9000000000000004, ""trail_tp"": true, ""use_trailing"": true}",{},
1667,-1000000000.0,TrialState.COMPLETE,2026-04-01T03:21:41.362414,2026-04-01T03:21:41.425660,0.063246,"{""atr_window"": 12, ""bb_std_dev"": 2.5, ""bb_window"": 22, ""cooldown"": 1, ""macd_fast"": 12, ""macd_k"": 1.1, ""macd_k_mid"": 0.65, ""macd_signal"": 8, ""macd_slow"": 37, ""macd_std_window"": 97, ""rebalance_freq"": 60, ""rebounce_block"": 5, ""sl_mult_lm"": 1.0, ""sl_mult_lr"": 3.7, ""sl_mult_sm"": 1.75, ""sl_mult_sr"": 2.1, ""time_stop"": 9, ""tp_mult_lm"": 5.0, ""tp_mult_lr"": 10.4, ""tp_mult_sm"": 4.7, ""tp_mult_sr"": 6.0, ""trail_mult"": 2.1, ""trail_tp"": false, ""use_trailing"": false}",{},
1668,-1000000000.0,TrialState.COMPLETE,2026-04-01T03:21:41.462093,2026-04-01T03:21:41.536704,0.074611,"{""atr_window"": 20, ""bb_std_dev"": 2.5, ""bb_window"": 25, ""cooldown"": 0, ""macd_fast"": 14, ""macd_k"": 1.2, ""macd_k_mid"": 0.8, ""macd_signal"": 7, ""macd_slow"": 38, ""macd_std_window"": 82, ""rebalance_freq"": 150, ""rebounce_block"": 0, ""sl_mult_lm"": 2.2, ""sl_mult_lr"": 4.800000000000001, ""sl_mult_sm"": 2.0, ""sl_mult_sr"": 1.6, ""time_stop"": 20, ""tp_mult_lm"": 5.4, ""tp_mult_lr"": 10.8, ""tp_mult_sm"": 3.1, ""tp_mult_sr"": 3.9, ""trail_mult"": 2.2, ""trail_tp"": true, ""use_trailing"": true}",{},
1669,-1000000000.0,TrialState.COMPLETE,2026-04-01T03:21:41.572404,2026-04-01T03:21:41.652600,0.080196,"{""atr_window"": 17, ""bb_std_dev"": 2.2, ""bb_window"": 14, ""cooldown"": 5, ""macd_fast"": 13, ""macd_k"": 1.0, ""macd_k_mid"": 0.55, ""macd_signal"": 9, ""macd_slow"": 41, ""macd_std_window"": 71, ""rebalance_freq"": 180, ""rebounce_block"": 2, ""sl_mult_lm"": 1.35, ""sl_mult_lr"": 2.3, ""sl_mult_sm"": 1.8, ""sl_mult_sr"": 2.7, ""time_stop"": 8, ""tp_mult_lm"": 5.6, ""tp_mult_lr"": 12.2, ""tp_mult_sm"": 5.0, ""tp_mult_sr"": 5.0, ""trail_mult"": 2.8, ""trail_tp"": false, ""use_trailing"": true}",{},
1670,-1000000000.0,TrialState.COMPLETE,2026-04-01T03:21:41.689859,2026-04-01T03:21:41.762212,0.072353,"{""atr_window"": 16, ""bb_std_dev"": 2.25, ""bb_window"": 20, ""cooldown"": 2, ""macd_fast"": 11, ""macd_k"": 1.1, ""macd_k_mid"": 0.55, ""macd_signal"": 8, ""macd_slow"": 36, ""macd_std_window"": 81, ""rebalance_freq"": 120, ""rebounce_block"": 6, ""sl_mult_lm"": 1.9, ""sl_mult_lr"": 3.1, ""sl_mult_sm"": 1.9, ""sl_mult_sr"": 3.2, ""time_stop"": 16, ""tp_mult_lm"": 6.0, ""tp_mult_lr"": 10.0, ""tp_mult_sm"": 6.4, ""tp_mult_sr"": 4.0, ""trail_mult"": 3.1, ""trail_tp"": true, ""use_trailing"": true}",{},
1671,-1000000000.0,TrialState.COMPLETE,2026-04-01T03:21:41.799039,2026-04-01T03:21:44.290954,2.491915,"{""atr_window"": 18, ""bb_std_dev"": 1.7, ""bb_window"": 16, ""cooldown"": 3, ""macd_fast"": 19, ""macd_k"": 1.6, ""macd_k_mid"": 0.9, ""macd_signal"": 10, ""macd_slow"": 37, ""macd_std_window"": 88, ""rebalance_freq"": 150, ""rebounce_block"": 5, ""sl_mult_lm"": 2.05, ""sl_mult_lr"": 4.2, ""sl_mult_sm"": 1.65, ""sl_mult_sr"": 2.3, ""time_stop"": 26, ""tp_mult_lm"": 4.9, ""tp_mult_lr"": 13.0, ""tp_mult_sm"": 7.0, ""tp_mult_sr"": 6.300000000000001, ""trail_mult"": 2.7, ""trail_tp"": false, ""use_trailing"": false}",{},
1672,-1000000000.0,TrialState.COMPLETE,2026-04-01T03:21:44.321251,2026-04-01T03:21:46.865392,2.544141,"{""atr_window"": 15, ""bb_std_dev"": 2.0, ""bb_window"": 15, ""cooldown"": 1, ""macd_fast"": 20, ""macd_k"": 1.35, ""macd_k_mid"": 0.5, ""macd_signal"": 9, ""macd_slow"": 39, ""macd_std_window"": 70, ""rebalance_freq"": 30, ""rebounce_block"": 3, ""sl_mult_lm"": 2.0, ""sl_mult_lr"": 4.6, ""sl_mult_sm"": 1.55, ""sl_mult_sr"": 1.5, ""time_stop"": 28, ""tp_mult_lm"": 5.9, ""tp_mult_lr"": 14.600000000000001, ""tp_mult_sm"": 5.4, ""tp_mult_sr"": 5.1, ""trail_mult"": 3.3, ""trail_tp"": true, ""use_trailing"": true}",{},
1673,-1000000000.0,TrialState.COMPLETE,2026-04-01T03:21:46.893521,2026-04-01T03:21:46.964189,0.070668,"{""atr_window"": 14, ""bb_std_dev"": 2.1, ""bb_window"": 23, ""cooldown"": 4, ""macd_fast"": 14, ""macd_k"": 1.05, ""macd_k_mid"": 0.8500000000000001, ""macd_signal"": 6, ""macd_slow"": 43, ""macd_std_window"": 86, ""rebalance_freq"": 90, ""rebounce_block"": 2, ""sl_mult_lm"": 2.1, ""sl_mult_lr"": 2.2, ""sl_mult_sm"": 1.7000000000000002, ""sl_mult_sr"": 1.9, ""time_stop"": 19, ""tp_mult_lm"": 5.1, ""tp_mult_lr"": 8.2, ""tp_mult_sm"": 3.4, ""tp_mult_sr"": 4.7, ""trail_mult"": 1.7, ""trail_tp"": false, ""use_trailing"": true}",{},
1674,-1000000000.0,TrialState.COMPLETE,2026-04-01T03:21:46.998013,2026-04-01T03:21:47.063760,0.065747,"{""atr_window"": 19, ""bb_std_dev"": 2.05, ""bb_window"": 17, ""cooldown"": 2, ""macd_fast"": 15, ""macd_k"": 1.5, ""macd_k_mid"": 0.6, ""macd_signal"": 7, ""macd_slow"": 44, ""macd_std_window"": 100, ""rebalance_freq"": 180, ""rebounce_block"": 4, ""sl_mult_lm"": 1.75, ""sl_mult_lr"": 3.9000000000000004, ""sl_mult_sm"": 1.5, ""sl_mult_sr"": 1.8, ""time_stop"": 21, ""tp_mult_lm"": 5.800000000000001, ""tp_mult_lr"": 15.2, ""tp_mult_sm"": 6.9, ""tp_mult_sr"": 5.6, ""trail_mult"": 3.8000000000000003, ""trail_tp"": true, ""use_trailing"": false}",{},
1675,-1000000000.0,TrialState.COMPLETE,2026-04-01T03:21:47.101686,2026-04-01T03:21:47.170841,0.069155,"{""atr_window"": 13, ""bb_std_dev"": 2.3, ""bb_window"": 14, ""cooldown"": 1, ""macd_fast"": 12, ""macd_k"": 1.9, ""macd_k_mid"": 0.65, ""macd_signal"": 9, ""macd_slow"": 41, ""macd_std_window"": 75, ""rebalance_freq"": 150, ""rebounce_block"": 6, ""sl_mult_lm"": 1.4, ""sl_mult_lr"": 3.4000000000000004, ""sl_mult_sm"": 1.05, ""sl_mult_sr"": 2.1, ""time_stop"": 6, ""tp_mult_lm"": 4.3, ""tp_mult_lr"": 9.6, ""tp_mult_sm"": 6.1, ""tp_mult_sr"": 4.3, ""trail_mult"": 3.2, ""trail_tp"": false, ""use_trailing"": true}",{},
1676,-1000000000.0,TrialState.COMPLETE,2026-04-01T03:21:47.208428,2026-04-01T03:21:47.297495,0.089067,"{""atr_window"": 11, ""bb_std_dev"": 1.65, ""bb_window"": 21, ""cooldown"": 0, ""macd_fast"": 14, ""macd_k"": 1.15, ""macd_k_mid"": 0.55, ""macd_signal"": 8, ""macd_slow"": 40, ""macd_std_window"": 89, ""rebalance_freq"": 120, ""rebounce_block"": 5, ""sl_mult_lm"": 1.15, ""sl_mult_lr"": 2.5, ""sl_mult_sm"": 1.85, ""sl_mult_sr"": 1.7, ""time_stop"": 4, ""tp_mult_lm"": 5.5, ""tp_mult_lr"": 11.8, ""tp_mult_sm"": 6.7, ""tp_mult_sr"": 6.1, ""trail_mult"": 1.9, ""trail_tp"": true, ""use_trailing"": true}",{},
1677,-1000000000.0,TrialState.COMPLETE,2026-04-01T03:21:47.335370,2026-04-01T03:21:47.403315,0.067945,"{""atr_window"": 19, ""bb_std_dev"": 2.4, ""bb_window"": 16, ""cooldown"": 5, ""macd_fast"": 16, ""macd_k"": 1.0, ""macd_k_mid"": 0.7, ""macd_signal"": 8, ""macd_slow"": 44, ""macd_std_window"": 80, ""rebalance_freq"": 150, ""rebounce_block"": 1, ""sl_mult_lm"": 1.9500000000000002, ""sl_mult_lr"": 2.7, ""sl_mult_sm"": 1.75, ""sl_mult_sr"": 2.4, ""time_stop"": 14, ""tp_mult_lm"": 5.7, ""tp_mult_lr"": 12.0, ""tp_mult_sm"": 5.9, ""tp_mult_sr"": 5.7, ""trail_mult"": 2.1, ""trail_tp"": true, ""use_trailing"": true}",{},
1678,-1000000000.0,TrialState.COMPLETE,2026-04-01T03:21:47.441944,2026-04-01T03:21:47.519199,0.077255,"{""atr_window"": 20, ""bb_std_dev"": 1.75, ""bb_window"": 19, ""cooldown"": 2, ""macd_fast"": 11, ""macd_k"": 1.65, ""macd_k_mid"": 0.95, ""macd_signal"": 7, ""macd_slow"": 35, ""macd_std_window"": 76, ""rebalance_freq"": 30, ""rebounce_block"": 0, ""sl_mult_lm"": 1.7000000000000002, ""sl_mult_lr"": 2.9, ""sl_mult_sm"": 1.1, ""sl_mult_sr"": 2.2, ""time_stop"": 13, ""tp_mult_lm"": 4.2, ""tp_mult_lr"": 16.200000000000003, ""tp_mult_sm"": 4.4, ""tp_mult_sr"": 4.5, ""trail_mult"": 2.5, ""trail_tp"": false, ""use_trailing"": false}",{},
1679,-1000000000.0,TrialState.COMPLETE,2026-04-01T03:21:47.557258,2026-04-01T03:21:50.059595,2.502337,"{""atr_window"": 16, ""bb_std_dev"": 1.8499999999999999, ""bb_window"": 14, ""cooldown"": 1, ""macd_fast"": 17, ""macd_k"": 1.55, ""macd_k_mid"": 0.6, ""macd_signal"": 10, ""macd_slow"": 36, ""macd_std_window"": 90, ""rebalance_freq"": 180, ""rebounce_block"": 3, ""sl_mult_lm"": 1.85, ""sl_mult_lr"": 4.1, ""sl_mult_sm"": 1.6, ""sl_mult_sr"": 2.0, ""time_stop"": 10, ""tp_mult_lm"": 5.1, ""tp_mult_lr"": 13.8, ""tp_mult_sm"": 3.3, ""tp_mult_sr"": 3.7, ""trail_mult"": 4.0, ""trail_tp"": true, ""use_trailing"": true}",{},
1680,-1000000000.0,TrialState.COMPLETE,2026-04-01T03:21:50.087695,2026-04-01T03:21:50.159922,0.072227,"{""atr_window"": 15, ""bb_std_dev"": 2.35, ""bb_window"": 18, ""cooldown"": 3, ""macd_fast"": 12, ""macd_k"": 1.2, ""macd_k_mid"": 0.5, ""macd_signal"": 5, ""macd_slow"": 42, ""macd_std_window"": 93, ""rebalance_freq"": 60, ""rebounce_block"": 5, ""sl_mult_lm"": 1.3, ""sl_mult_lr"": 3.5, ""sl_mult_sm"": 1.25, ""sl_mult_sr"": 1.6, ""time_stop"": 22, ""tp_mult_lm"": 3.6, ""tp_mult_lr"": 12.4, ""tp_mult_sm"": 3.0, ""tp_mult_sr"": 3.2, ""trail_mult"": 2.6, ""trail_tp"": false, ""use_trailing"": true}",{},
1681,-1000000000.0,TrialState.COMPLETE,2026-04-01T03:21:50.199855,2026-04-01T03:21:50.267049,0.067194,"{""atr_window"": 10, ""bb_std_dev"": 2.45, ""bb_window"": 15, ""cooldown"": 4, ""macd_fast"": 13, ""macd_k"": 1.3, ""macd_k_mid"": 0.55, ""macd_signal"": 9, ""macd_slow"": 37, ""macd_std_window"": 87, ""rebalance_freq"": 90, ""rebounce_block"": 4, ""sl_mult_lm"": 1.25, ""sl_mult_lr"": 2.5, ""sl_mult_sm"": 1.3, ""sl_mult_sr"": 3.3, ""time_stop"": 17, ""tp_mult_lm"": 5.4, ""tp_mult_lr"": 8.4, ""tp_mult_sm"": 5.2, ""tp_mult_sr"": 4.8, ""trail_mult"": 2.3, ""trail_tp"": true, ""use_trailing"": true}",{},
1682,-1000000000.0,TrialState.COMPLETE,2026-04-01T03:21:50.311798,2026-04-01T03:21:50.383666,0.071868,"{""atr_window"": 17, ""bb_std_dev"": 1.7, ""bb_window"": 24, ""cooldown"": 0, ""macd_fast"": 18, ""macd_k"": 1.4, ""macd_k_mid"": 0.65, ""macd_signal"": 8, ""macd_slow"": 43, ""macd_std_window"": 84, ""rebalance_freq"": 150, ""rebounce_block"": 6, ""sl_mult_lm"": 1.8, ""sl_mult_lr"": 2.4, ""sl_mult_sm"": 1.65, ""sl_mult_sr"": 1.5, ""time_stop"": 18, ""tp_mult_lm"": 5.3, ""tp_mult_lr"": 13.4, ""tp_mult_sm"": 4.8, ""tp_mult_sr"": 3.5, ""trail_mult"": 2.0, ""trail_tp"": false, ""use_trailing"": false}",{},
1683,-1000000000.0,TrialState.COMPLETE,2026-04-01T03:21:50.418769,2026-04-01T03:21:50.484850,0.066081,"{""atr_window"": 18, ""bb_std_dev"": 1.45, ""bb_window"": 17, ""cooldown"": 1, ""macd_fast"": 10, ""macd_k"": 1.05, ""macd_k_mid"": 0.8, ""macd_signal"": 6, ""macd_slow"": 39, ""macd_std_window"": 82, ""rebalance_freq"": 180, ""rebounce_block"": 2, ""sl_mult_lm"": 1.05, ""sl_mult_lr"": 3.3, ""sl_mult_sm"": 1.8, ""sl_mult_sr"": 2.1, ""time_stop"": 15, ""tp_mult_lm"": 4.0, ""tp_mult_lr"": 9.4, ""tp_mult_sm"": 5.6, ""tp_mult_sr"": 3.1, ""trail_mult"": 3.0, ""trail_tp"": true, ""use_trailing"": true}",{},
1684,-1000000000.0,TrialState.COMPLETE,2026-04-01T03:21:50.519755,2026-04-01T03:21:53.008516,2.488761,"{""atr_window"": 14, ""bb_std_dev"": 2.2, ""bb_window"": 22, ""cooldown"": 2, ""macd_fast"": 20, ""macd_k"": 1.1, ""macd_k_mid"": 0.75, ""macd_signal"": 9, ""macd_slow"": 41, ""macd_std_window"": 91, ""rebalance_freq"": 120, ""rebounce_block"": 5, ""sl_mult_lm"": 1.4, ""sl_mult_lr"": 2.8, ""sl_mult_sm"": 1.2, ""sl_mult_sr"": 1.9, ""time_stop"": 11, ""tp_mult_lm"": 5.2, ""tp_mult_lr"": 8.8, ""tp_mult_sm"": 6.800000000000001, ""tp_mult_sr"": 6.2, ""trail_mult"": 2.2, ""trail_tp"": false, ""use_trailing"": true}",{},
1685,-1000000000.0,TrialState.COMPLETE,2026-04-01T03:21:53.046655,2026-04-01T03:21:53.117667,0.071012,"{""atr_window"": 12, ""bb_std_dev"": 1.5, ""bb_window"": 14, ""cooldown"": 1, ""macd_fast"": 15, ""macd_k"": 1.25, ""macd_k_mid"": 0.55, ""macd_signal"": 8, ""macd_slow"": 40, ""macd_std_window"": 92, ""rebalance_freq"": 90, ""rebounce_block"": 0, ""sl_mult_lm"": 1.0, ""sl_mult_lr"": 2.1, ""sl_mult_sm"": 1.85, ""sl_mult_sr"": 2.0, ""time_stop"": 27, ""tp_mult_lm"": 5.5, ""tp_mult_lr"": 12.600000000000001, ""tp_mult_sm"": 6.300000000000001, ""tp_mult_sr"": 6.7, ""trail_mult"": 3.6, ""trail_tp"": true, ""use_trailing"": false}",{},
