number,value,state,datetime_start,datetime_complete,duration_seconds,params_json,fold_sharpes_json,avg_cv_sharpe
2333,-1000000000.0,TrialState.COMPLETE,2026-04-01T05:43:55.262014,2026-04-01T05:43:55.365884,0.10387,"{""atr_window"": 17, ""bb_std_dev"": 2.25, ""bb_window"": 24, ""cooldown"": 3, ""macd_fast"": 10, ""macd_k"": 1.25, ""macd_k_mid"": 0.75, ""macd_signal"": 10, ""macd_slow"": 39, ""macd_std_window"": 89, ""rebalance_freq"": 30, ""rebounce_block"": 6, ""sl_mult_lm"": 1.0, ""sl_mult_lr"": 2.1, ""sl_mult_sm"": 1.6, ""sl_mult_sr"": 2.1, ""time_stop"": 20, ""tp_mult_lm"": 5.800000000000001, ""tp_mult_lr"": 11.0, ""tp_mult_sm"": 7.0, ""tp_mult_sr"": 4.0, ""trail_mult"": 1.8, ""trail_tp"": false, ""use_trailing"": true}",{},
2334,-1000000000.0,TrialState.COMPLETE,2026-04-01T05:43:55.410369,2026-04-01T05:43:55.496217,0.085848,"{""atr_window"": 18, ""bb_std_dev"": 1.7999999999999998, ""bb_window"": 15, ""cooldown"": 1, ""macd_fast"": 13, ""macd_k"": 1.7000000000000002, ""macd_k_mid"": 0.6, ""macd_signal"": 8, ""macd_slow"": 42, ""macd_std_window"": 72, ""rebalance_freq"": 90, ""rebounce_block"": 5, ""sl_mult_lm"": 2.2, ""sl_mult_lr"": 4.2, ""sl_mult_sm"": 1.35, ""sl_mult_sr"": 2.0, ""time_stop"": 17, ""tp_mult_lm"": 5.4, ""tp_mult_lr"": 13.4, ""tp_mult_sm"": 6.0, ""tp_mult_sr"": 4.6, ""trail_mult"": 2.9000000000000004, ""trail_tp"": true, ""use_trailing"": true}",{},
2335,-1000000000.0,TrialState.COMPLETE,2026-04-01T05:43:55.535117,2026-04-01T05:43:55.616676,0.081559,"{""atr_window"": 19, ""bb_std_dev"": 2.3, ""bb_window"": 21, ""cooldown"": 1, ""macd_fast"": 18, ""macd_k"": 1.0, ""macd_k_mid"": 0.7, ""macd_signal"": 7, ""macd_slow"": 41, ""macd_std_window"": 71, ""rebalance_freq"": 30, ""rebounce_block"": 0, ""sl_mult_lm"": 2.1, ""sl_mult_lr"": 2.4, ""sl_mult_sm"": 1.55, ""sl_mult_sr"": 1.8, ""time_stop"": 0, ""tp_mult_lm"": 5.2, ""tp_mult_lr"": 9.6, ""tp_mult_sm"": 4.8, ""tp_mult_sr"": 3.8, ""trail_mult"": 3.5, ""trail_tp"": false, ""use_trailing"": false}",{},
2336,-1000000000.0,TrialState.COMPLETE,2026-04-01T05:43:55.654746,2026-04-01T05:43:58.147789,2.493043,"{""atr_window"": 17, ""bb_std_dev"": 1.7, ""bb_window"": 15, ""cooldown"": 2, ""macd_fast"": 14, ""macd_k"": 1.2, ""macd_k_mid"": 0.55, ""macd_signal"": 9, ""macd_slow"": 36, ""macd_std_window"": 91, ""rebalance_freq"": 150, ""rebounce_block"": 4, ""sl_mult_lm"": 1.75, ""sl_mult_lr"": 4.6, ""sl_mult_sm"": 1.75, ""sl_mult_sr"": 2.5, ""time_stop"": 4, ""tp_mult_lm"": 3.5, ""tp_mult_lr"": 12.600000000000001, ""tp_mult_sm"": 5.6, ""tp_mult_sr"": 6.2, ""trail_mult"": 2.2, ""trail_tp"": true, ""use_trailing"": true}",{},
2337,-1000000000.0,TrialState.COMPLETE,2026-04-01T05:43:58.184412,2026-04-01T05:44:00.724782,2.54037,"{""atr_window"": 16, ""bb_std_dev"": 1.75, ""bb_window"": 16, ""cooldown"": 4, ""macd_fast"": 20, ""macd_k"": 1.4, ""macd_k_mid"": 0.6, ""macd_signal"": 8, ""macd_slow"": 37, ""macd_std_window"": 100, ""rebalance_freq"": 60, ""rebounce_block"": 3, ""sl_mult_lm"": 1.85, ""sl_mult_lr"": 2.2, ""sl_mult_sm"": 1.9500000000000002, ""sl_mult_sr"": 1.7, ""time_stop"": 23, ""tp_mult_lm"": 5.7, ""tp_mult_lr"": 16.8, ""tp_mult_sm"": 6.7, ""tp_mult_sr"": 6.7, ""trail_mult"": 3.2, ""trail_tp"": false, ""use_trailing"": true}",{},
2338,-1000000000.0,TrialState.COMPLETE,2026-04-01T05:44:00.765974,2026-04-01T05:44:00.856552,0.090578,"{""atr_window"": 14, ""bb_std_dev"": 2.1, ""bb_window"": 14, ""cooldown"": 0, ""macd_fast"": 15, ""macd_k"": 1.85, ""macd_k_mid"": 0.65, ""macd_signal"": 7, ""macd_slow"": 43, ""macd_std_window"": 74, ""rebalance_freq"": 120, ""rebounce_block"": 6, ""sl_mult_lm"": 2.05, ""sl_mult_lr"": 3.6, ""sl_mult_sm"": 1.05, ""sl_mult_sr"": 1.5, ""time_stop"": 30, ""tp_mult_lm"": 5.3, ""tp_mult_lr"": 11.2, ""tp_mult_sm"": 3.9, ""tp_mult_sr"": 4.1, ""trail_mult"": 2.1, ""trail_tp"": true, ""use_trailing"": true}",{},
2339,-1000000000.0,TrialState.COMPLETE,2026-04-01T05:44:00.899632,2026-04-01T05:44:00.985311,0.085679,"{""atr_window"": 20, ""bb_std_dev"": 2.2, ""bb_window"": 22, ""cooldown"": 3, ""macd_fast"": 17, ""macd_k"": 1.45, ""macd_k_mid"": 0.95, ""macd_signal"": 6, ""macd_slow"": 44, ""macd_std_window"": 81, ""rebalance_freq"": 150, ""rebounce_block"": 5, ""sl_mult_lm"": 1.2, ""sl_mult_lr"": 3.4000000000000004, ""sl_mult_sm"": 1.3, ""sl_mult_sr"": 3.1, ""time_stop"": 1, ""tp_mult_lm"": 5.1, ""tp_mult_lr"": 12.0, ""tp_mult_sm"": 4.5, ""tp_mult_sr"": 5.800000000000001, ""trail_mult"": 1.6, ""trail_tp"": false, ""use_trailing"": false}",{},
2340,-1000000000.0,TrialState.COMPLETE,2026-04-01T05:44:01.021829,2026-04-01T05:44:01.115711,0.093882,"{""atr_window"": 15, ""bb_std_dev"": 2.5, ""bb_window"": 14, ""cooldown"": 2, ""macd_fast"": 12, ""macd_k"": 1.6, ""macd_k_mid"": 0.5, ""macd_signal"": 8, ""macd_slow"": 38, ""macd_std_window"": 86, ""rebalance_freq"": 180, ""rebounce_block"": 2, ""sl_mult_lm"": 1.35, ""sl_mult_lr"": 4.300000000000001, ""sl_mult_sm"": 1.7000000000000002, ""sl_mult_sr"": 2.3, ""time_stop"": 18, ""tp_mult_lm"": 5.5, ""tp_mult_lr"": 15.8, ""tp_mult_sm"": 5.0, ""tp_mult_sr"": 4.8, ""trail_mult"": 2.3, ""trail_tp"": true, ""use_trailing"": true}",{},
2341,-1000000000.0,TrialState.COMPLETE,2026-04-01T05:44:01.157618,2026-04-01T05:44:01.243929,0.086311,"{""atr_window"": 18, ""bb_std_dev"": 1.65, ""bb_window"": 15, ""cooldown"": 1, ""macd_fast"": 13, ""macd_k"": 1.1, ""macd_k_mid"": 0.55, ""macd_signal"": 9, ""macd_slow"": 40, ""macd_std_window"": 97, ""rebalance_freq"": 120, ""rebounce_block"": 1, ""sl_mult_lm"": 1.25, ""sl_mult_lr"": 2.3, ""sl_mult_sm"": 2.0, ""sl_mult_sr"": 2.2, ""time_stop"": 9, ""tp_mult_lm"": 3.9, ""tp_mult_lr"": 11.8, ""tp_mult_sm"": 3.1, ""tp_mult_sr"": 3.0, ""trail_mult"": 3.6, ""trail_tp"": false, ""use_trailing"": true}",{},
2342,-1000000000.0,TrialState.COMPLETE,2026-04-01T05:44:01.281827,2026-04-01T05:44:03.765241,2.483414,"{""atr_window"": 14, ""bb_std_dev"": 1.5999999999999999, ""bb_window"": 17, ""cooldown"": 5, ""macd_fast"": 18, ""macd_k"": 1.05, ""macd_k_mid"": 0.8500000000000001, ""macd_signal"": 8, ""macd_slow"": 35, ""macd_std_window"": 82, ""rebalance_freq"": 90, ""rebounce_block"": 5, ""sl_mult_lm"": 1.9500000000000002, ""sl_mult_lr"": 2.5, ""sl_mult_sm"": 1.85, ""sl_mult_sr"": 1.6, ""time_stop"": 16, ""tp_mult_lm"": 4.9, ""tp_mult_lr"": 14.8, ""tp_mult_sm"": 6.2, ""tp_mult_sr"": 5.300000000000001, ""trail_mult"": 2.0, ""trail_tp"": true, ""use_trailing"": true}",{},
2343,-1000000000.0,TrialState.COMPLETE,2026-04-01T05:44:03.802085,2026-04-01T05:44:03.897535,0.09545,"{""atr_window"": 19, ""bb_std_dev"": 2.15, ""bb_window"": 20, ""cooldown"": 0, ""macd_fast"": 13, ""macd_k"": 2.0, ""macd_k_mid"": 0.7, ""macd_signal"": 10, ""macd_slow"": 43, ""macd_std_window"": 73, ""rebalance_freq"": 150, ""rebounce_block"": 0, ""sl_mult_lm"": 1.4, ""sl_mult_lr"": 2.0, ""sl_mult_sm"": 1.55, ""sl_mult_sr"": 2.4, ""time_stop"": 10, ""tp_mult_lm"": 4.8, ""tp_mult_lr"": 8.4, ""tp_mult_sm"": 3.6, ""tp_mult_sr"": 5.9, ""trail_mult"": 3.1, ""trail_tp"": false, ""use_trailing"": false}",{},
2344,-1000000000.0,TrialState.COMPLETE,2026-04-01T05:44:03.937606,2026-04-01T05:44:04.023602,0.085996,"{""atr_window"": 13, ""bb_std_dev"": 2.4, ""bb_window"": 18, ""cooldown"": 2, ""macd_fast"": 16, ""macd_k"": 1.9500000000000002, ""macd_k_mid"": 0.5, ""macd_signal"": 7, ""macd_slow"": 40, ""macd_std_window"": 92, ""rebalance_freq"": 180, ""rebounce_block"": 4, ""sl_mult_lm"": 1.55, ""sl_mult_lr"": 2.1, ""sl_mult_sm"": 1.65, ""sl_mult_sr"": 3.0, ""time_stop"": 7, ""tp_mult_lm"": 6.0, ""tp_mult_lr"": 10.4, ""tp_mult_sm"": 3.0, ""tp_mult_sr"": 5.7, ""trail_mult"": 2.7, ""trail_tp"": true, ""use_trailing"": true}",{},
2345,-1000000000.0,TrialState.COMPLETE,2026-04-01T05:44:04.061531,2026-04-01T05:44:04.151134,0.089603,"{""atr_window"": 16, ""bb_std_dev"": 2.0, ""bb_window"": 17, ""cooldown"": 4, ""macd_fast"": 14, ""macd_k"": 1.3, ""macd_k_mid"": 0.6, ""macd_signal"": 9, ""macd_slow"": 39, ""macd_std_window"": 79, ""rebalance_freq"": 90, ""rebounce_block"": 6, ""sl_mult_lm"": 1.3, ""sl_mult_lr"": 2.7, ""sl_mult_sm"": 1.1, ""sl_mult_sr"": 1.5, ""time_stop"": 14, ""tp_mult_lm"": 4.3, ""tp_mult_lr"": 16.200000000000003, ""tp_mult_sm"": 6.800000000000001, ""tp_mult_sr"": 5.1, ""trail_mult"": 1.8, ""trail_tp"": false, ""use_trailing"": true}",{},
2346,-1000000000.0,TrialState.COMPLETE,2026-04-01T05:44:04.190563,2026-04-01T05:44:04.274919,0.084356,"{""atr_window"": 20, ""bb_std_dev"": 2.2, ""bb_window"": 16, ""cooldown"": 1, ""macd_fast"": 11, ""macd_k"": 1.15, ""macd_k_mid"": 0.8, ""macd_signal"": 6, ""macd_slow"": 42, ""macd_std_window"": 87, ""rebalance_freq"": 30, ""rebounce_block"": 3, ""sl_mult_lm"": 1.75, ""sl_mult_lr"": 2.6, ""sl_mult_sm"": 1.9, ""sl_mult_sr"": 1.8, ""time_stop"": 5, ""tp_mult_lm"": 5.3, ""tp_mult_lr"": 8.8, ""tp_mult_sm"": 3.8, ""tp_mult_sr"": 3.1, ""trail_mult"": 3.3, ""trail_tp"": true, ""use_trailing"": true}",{},
2347,-1000000000.0,TrialState.COMPLETE,2026-04-01T05:44:04.322042,2026-04-01T05:44:04.407710,0.085668,"{""atr_window"": 10, ""bb_std_dev"": 1.5, ""bb_window"": 14, ""cooldown"": 3, ""macd_fast"": 10, ""macd_k"": 1.65, ""macd_k_mid"": 0.55, ""macd_signal"": 8, ""macd_slow"": 44, ""macd_std_window"": 99, ""rebalance_freq"": 150, ""rebounce_block"": 5, ""sl_mult_lm"": 1.05, ""sl_mult_lr"": 3.0, ""sl_mult_sm"": 1.7000000000000002, ""sl_mult_sr"": 1.9, ""time_stop"": 19, ""tp_mult_lm"": 4.7, ""tp_mult_lr"": 9.8, ""tp_mult_sm"": 5.5, ""tp_mult_sr"": 3.4, ""trail_mult"": 2.6, ""trail_tp"": false, ""use_trailing"": false}",{},
2348,-1000000000.0,TrialState.COMPLETE,2026-04-01T05:44:04.446137,2026-04-01T05:44:04.530958,0.084821,"{""atr_window"": 15, ""bb_std_dev"": 2.35, ""bb_window"": 14, ""cooldown"": 1, ""macd_fast"": 15, ""macd_k"": 1.55, ""macd_k_mid"": 0.65, ""macd_signal"": 9, ""macd_slow"": 41, ""macd_std_window"": 88, ""rebalance_freq"": 180, ""rebounce_block"": 3, ""sl_mult_lm"": 1.15, ""sl_mult_lr"": 2.9, ""sl_mult_sm"": 1.25, ""sl_mult_sr"": 2.0, ""time_stop"": 20, ""tp_mult_lm"": 5.1, ""tp_mult_lr"": 11.6, ""tp_mult_sm"": 6.9, ""tp_mult_sr"": 3.2, ""trail_mult"": 2.4, ""trail_tp"": true, ""use_trailing"": true}",{},
2349,-1000000000.0,TrialState.COMPLETE,2026-04-01T05:44:04.575678,2026-04-01T05:59:19.746692,915.171014,"{""atr_window"": 16, ""bb_std_dev"": 2.45, ""bb_window"": 15, ""cooldown"": 1, ""macd_fast"": 20, ""macd_k"": 1.35, ""macd_k_mid"": 0.9, ""macd_signal"": 10, ""macd_slow"": 37, ""macd_std_window"": 70, ""rebalance_freq"": 120, ""rebounce_block"": 0, ""sl_mult_lm"": 2.1500000000000004, ""sl_mult_lr"": 2.8, ""sl_mult_sm"": 1.0, ""sl_mult_sr"": 2.1, ""time_stop"": 29, ""tp_mult_lm"": 5.2, ""tp_mult_lr"": 12.2, ""tp_mult_sm"": 3.5, ""tp_mult_sr"": 4.3, ""trail_mult"": 1.7, ""trail_tp"": true, ""use_trailing"": true}",{},
2350,-1000000000.0,TrialState.COMPLETE,2026-04-01T05:59:19.778460,2026-04-01T05:59:19.865126,0.086666,"{""atr_window"": 17, ""bb_std_dev"": 1.9, ""bb_window"": 21, ""cooldown"": 0, ""macd_fast"": 14, ""macd_k"": 1.2, ""macd_k_mid"": 0.6, ""macd_signal"": 8, ""macd_slow"": 38, ""macd_std_window"": 90, ""rebalance_freq"": 150, ""rebounce_block"": 6, ""sl_mult_lm"": 2.0, ""sl_mult_lr"": 2.4, ""sl_mult_sm"": 1.5, ""sl_mult_sr"": 3.2, ""time_stop"": 11, ""tp_mult_lm"": 5.4, ""tp_mult_lr"": 15.4, ""tp_mult_sm"": 6.4, ""tp_mult_sr"": 4.5, ""trail_mult"": 2.1, ""trail_tp"": false, ""use_trailing"": false}",{},
2351,-1000000000.0,TrialState.COMPLETE,2026-04-01T05:59:19.916425,2026-04-01T05:59:22.433938,2.517513,"{""atr_window"": 11, ""bb_std_dev"": 2.05, ""bb_window"": 24, ""cooldown"": 4, ""macd_fast"": 16, ""macd_k"": 1.0, ""macd_k_mid"": 0.7, ""macd_signal"": 9, ""macd_slow"": 35, ""macd_std_window"": 85, ""rebalance_freq"": 60, ""rebounce_block"": 5, ""sl_mult_lm"": 1.8, ""sl_mult_lr"": 3.2, ""sl_mult_sm"": 1.8, ""sl_mult_sr"": 1.7, ""time_stop"": 17, ""tp_mult_lm"": 5.0, ""tp_mult_lr"": 8.2, ""tp_mult_sm"": 4.9, ""tp_mult_sr"": 4.7, ""trail_mult"": 3.7, ""trail_tp"": true, ""use_trailing"": true}",{},
2352,-1000000000.0,TrialState.COMPLETE,2026-04-01T05:59:22.471331,2026-04-01T05:59:22.577558,0.106227,"{""atr_window"": 12, ""bb_std_dev"": 1.75, ""bb_window"": 17, ""cooldown"": 5, ""macd_fast"": 12, ""macd_k"": 1.5, ""macd_k_mid"": 0.75, ""macd_signal"": 7, ""macd_slow"": 43, ""macd_std_window"": 80, ""rebalance_freq"": 150, ""rebounce_block"": 6, ""sl_mult_lm"": 1.5, ""sl_mult_lr"": 2.5, ""sl_mult_sm"": 1.75, ""sl_mult_sr"": 3.4000000000000004, ""time_stop"": 15, ""tp_mult_lm"": 5.6, ""tp_mult_lr"": 13.2, ""tp_mult_sm"": 3.3, ""tp_mult_sr"": 3.7, ""trail_mult"": 1.9, ""trail_tp"": false, ""use_trailing"": true}",{},
2353,-1000000000.0,TrialState.COMPLETE,2026-04-01T05:59:22.621189,2026-04-01T05:59:25.089753,2.468564,"{""atr_window"": 14, ""bb_std_dev"": 2.45, ""bb_window"": 25, ""cooldown"": 2, ""macd_fast"": 19, ""macd_k"": 1.75, ""macd_k_mid"": 0.5, ""macd_signal"": 8, ""macd_slow"": 36, ""macd_std_window"": 97, ""rebalance_freq"": 180, ""rebounce_block"": 2, ""sl_mult_lm"": 1.3, ""sl_mult_lr"": 2.2, ""sl_mult_sm"": 1.8, ""sl_mult_sr"": 1.5, ""time_stop"": 21, ""tp_mult_lm"": 5.9, ""tp_mult_lr"": 10.8, ""tp_mult_sm"": 6.5, ""tp_mult_sr"": 6.1, ""trail_mult"": 2.5, ""trail_tp"": true, ""use_trailing"": true}",{},
2354,-1000000000.0,TrialState.COMPLETE,2026-04-01T05:59:25.132918,2026-04-01T05:59:25.216651,0.083733,"{""atr_window"": 20, ""bb_std_dev"": 2.25, ""bb_window"": 19, ""cooldown"": 2, ""macd_fast"": 15, ""macd_k"": 1.4, ""macd_k_mid"": 0.55, ""macd_signal"": 5, ""macd_slow"": 40, ""macd_std_window"": 95, ""rebalance_freq"": 120, ""rebounce_block"": 4, ""sl_mult_lm"": 2.05, ""sl_mult_lr"": 4.7, ""sl_mult_sm"": 1.6, ""sl_mult_sr"": 1.6, ""time_stop"": 8, ""tp_mult_lm"": 5.7, ""tp_mult_lr"": 9.0, ""tp_mult_sm"": 6.300000000000001, ""tp_mult_sr"": 3.9, ""trail_mult"": 2.8, ""trail_tp"": false, ""use_trailing"": false}",{},
2355,-1000000000.0,TrialState.COMPLETE,2026-04-01T05:59:25.253297,2026-04-01T05:59:27.753878,2.500581,"{""atr_window"": 15, ""bb_std_dev"": 1.5499999999999998, ""bb_window"": 16, ""cooldown"": 1, ""macd_fast"": 17, ""macd_k"": 1.9, ""macd_k_mid"": 0.55, ""macd_signal"": 9, ""macd_slow"": 39, ""macd_std_window"": 91, ""rebalance_freq"": 30, ""rebounce_block"": 5, ""sl_mult_lm"": 1.2, ""sl_mult_lr"": 2.3, ""sl_mult_sm"": 1.4, ""sl_mult_sr"": 2.2, ""time_stop"": 1, ""tp_mult_lm"": 3.6, ""tp_mult_lr"": 12.4, ""tp_mult_sm"": 6.1, ""tp_mult_sr"": 4.9, ""trail_mult"": 2.2, ""trail_tp"": true, ""use_trailing"": true}",{},
2356,-1000000000.0,TrialState.COMPLETE,2026-04-01T05:59:27.791098,2026-04-01T05:59:27.886302,0.095204,"{""atr_window"": 18, ""bb_std_dev"": 1.95, ""bb_window"": 14, ""cooldown"": 3, ""macd_fast"": 12, ""macd_k"": 1.45, ""macd_k_mid"": 0.95, ""macd_signal"": 8, ""macd_slow"": 41, ""macd_std_window"": 89, ""rebalance_freq"": 90, ""rebounce_block"": 3, ""sl_mult_lm"": 1.9, ""sl_mult_lr"": 2.6, ""sl_mult_sm"": 1.9, ""sl_mult_sr"": 2.1, ""time_stop"": 13, ""tp_mult_lm"": 5.3, ""tp_mult_lr"": 10.0, ""tp_mult_sm"": 4.3, ""tp_mult_sr"": 5.6, ""trail_mult"": 3.2, ""trail_tp"": false, ""use_trailing"": true}",{},
2357,-1000000000.0,TrialState.COMPLETE,2026-04-01T05:59:27.924053,2026-04-01T05:59:28.006103,0.08205,"{""atr_window"": 19, ""bb_std_dev"": 2.3, ""bb_window"": 14, ""cooldown"": 0, ""macd_fast"": 20, ""macd_k"": 1.15, ""macd_k_mid"": 0.6, ""macd_signal"": 6, ""macd_slow"": 44, ""macd_std_window"": 83, ""rebalance_freq"": 180, ""rebounce_block"": 1, ""sl_mult_lm"": 1.4, ""sl_mult_lr"": 3.9000000000000004, ""sl_mult_sm"": 1.65, ""sl_mult_sr"": 2.8, ""time_stop"": 3, ""tp_mult_lm"": 3.7, ""tp_mult_lr"": 12.0, ""tp_mult_sm"": 6.0, ""tp_mult_sr"": 6.9, ""trail_mult"": 3.0, ""trail_tp"": true, ""use_trailing"": true}",{},
2358,-1000000000.0,TrialState.COMPLETE,2026-04-01T05:59:28.048936,2026-04-01T05:59:28.141938,0.093002,"{""atr_window"": 13, ""bb_std_dev"": 2.1, ""bb_window"": 18, ""cooldown"": 4, ""macd_fast"": 13, ""macd_k"": 1.1, ""macd_k_mid"": 0.8500000000000001, ""macd_signal"": 7, ""macd_slow"": 42, ""macd_std_window"": 88, ""rebalance_freq"": 150, ""rebounce_block"": 4, ""sl_mult_lm"": 1.9500000000000002, ""sl_mult_lr"": 3.5, ""sl_mult_sm"": 1.85, ""sl_mult_sr"": 1.8, ""time_stop"": 24, ""tp_mult_lm"": 5.6, ""tp_mult_lr"": 13.0, ""tp_mult_sm"": 5.800000000000001, ""tp_mult_sr"": 4.6, ""trail_mult"": 2.9000000000000004, ""trail_tp"": false, ""use_trailing"": false}",{},
2359,-1000000000.0,TrialState.COMPLETE,2026-04-01T05:59:28.180117,2026-04-01T05:59:28.271447,0.09133,"{""atr_window"": 16, ""bb_std_dev"": 1.7, ""bb_window"": 23, ""cooldown"": 2, ""macd_fast"": 11, ""macd_k"": 1.05, ""macd_k_mid"": 0.65, ""macd_signal"": 9, ""macd_slow"": 37, ""macd_std_window"": 74, ""rebalance_freq"": 150, ""rebounce_block"": 0, ""sl_mult_lm"": 1.0, ""sl_mult_lr"": 4.4, ""sl_mult_sm"": 1.15, ""sl_mult_sr"": 2.7, ""time_stop"": 22, ""tp_mult_lm"": 4.2, ""tp_mult_lr"": 11.6, ""tp_mult_sm"": 4.6, ""tp_mult_sr"": 3.8, ""trail_mult"": 3.8000000000000003, ""trail_tp"": true, ""use_trailing"": true}",{},
2360,-1000000000.0,TrialState.COMPLETE,2026-04-01T05:59:28.309734,2026-04-01T05:59:28.410477,0.100743,"{""atr_window"": 20, ""bb_std_dev"": 2.5, ""bb_window"": 15, ""cooldown"": 0, ""macd_fast"": 12, ""macd_k"": 1.25, ""macd_k_mid"": 0.5, ""macd_signal"": 10, ""macd_slow"": 43, ""macd_std_window"": 71, ""rebalance_freq"": 120, ""rebounce_block"": 5, ""sl_mult_lm"": 1.25, ""sl_mult_lr"": 4.5, ""sl_mult_sm"": 2.0, ""sl_mult_sr"": 2.6, ""time_stop"": 16, ""tp_mult_lm"": 4.0, ""tp_mult_lr"": 11.4, ""tp_mult_sm"": 5.4, ""tp_mult_sr"": 6.300000000000001, ""trail_mult"": 4.0, ""trail_tp"": false, ""use_trailing"": true}",{},
2361,-1000000000.0,TrialState.COMPLETE,2026-04-01T05:59:28.447691,2026-04-01T05:59:28.532859,0.085168,"{""atr_window"": 17, ""bb_std_dev"": 2.15, ""bb_window"": 17, ""cooldown"": 1, ""macd_fast"": 10, ""macd_k"": 1.6, ""macd_k_mid"": 1.0, ""macd_signal"": 8, ""macd_slow"": 44, ""macd_std_window"": 100, ""rebalance_freq"": 180, ""rebounce_block"": 1, ""sl_mult_lm"": 1.1, ""sl_mult_lr"": 3.1, ""sl_mult_sm"": 1.2, ""sl_mult_sr"": 2.0, ""time_stop"": 23, ""tp_mult_lm"": 5.1, ""tp_mult_lr"": 10.6, ""tp_mult_sm"": 3.7, ""tp_mult_sr"": 3.7, ""trail_mult"": 3.4000000000000004, ""trail_tp"": true, ""use_trailing"": true}",{},
2362,-1000000000.0,TrialState.COMPLETE,2026-04-01T05:59:28.571923,2026-04-01T05:59:28.665752,0.093829,"{""atr_window"": 14, ""bb_std_dev"": 1.8499999999999999, ""bb_window"": 21, ""cooldown"": 3, ""macd_fast"": 14, ""macd_k"": 1.55, ""macd_k_mid"": 0.8, ""macd_signal"": 9, ""macd_slow"": 41, ""macd_std_window"": 81, ""rebalance_freq"": 30, ""rebounce_block"": 2, ""sl_mult_lm"": 1.35, ""sl_mult_lr"": 4.9, ""sl_mult_sm"": 1.45, ""sl_mult_sr"": 1.9, ""time_stop"": 25, ""tp_mult_lm"": 6.0, ""tp_mult_lr"": 13.600000000000001, ""tp_mult_sm"": 5.2, ""tp_mult_sr"": 6.6, ""trail_mult"": 2.2, ""trail_tp"": false, ""use_trailing"": false}",{},
2363,-1000000000.0,TrialState.COMPLETE,2026-04-01T05:59:28.706267,2026-04-01T05:59:28.792633,0.086366,"{""atr_window"": 16, ""bb_std_dev"": 2.05, ""bb_window"": 20, ""cooldown"": 1, ""macd_fast"": 19, ""macd_k"": 1.05, ""macd_k_mid"": 0.55, ""macd_signal"": 7, ""macd_slow"": 40, ""macd_std_window"": 70, ""rebalance_freq"": 150, ""rebounce_block"": 3, ""sl_mult_lm"": 1.85, ""sl_mult_lr"": 2.4, ""sl_mult_sm"": 1.9500000000000002, ""sl_mult_sr"": 3.3, ""time_stop"": 20, ""tp_mult_lm"": 5.2, ""tp_mult_lr"": 9.4, ""tp_mult_sm"": 3.4, ""tp_mult_sr"": 3.1, ""trail_mult"": 2.3, ""trail_tp"": true, ""use_trailing"": true}",{},
2364,-1000000000.0,TrialState.COMPLETE,2026-04-01T05:59:28.841397,2026-04-01T05:59:28.928823,0.087426,"{""atr_window"": 14, ""bb_std_dev"": 2.2, ""bb_window"": 22, ""cooldown"": 2, ""macd_fast"": 15, ""macd_k"": 1.0, ""macd_k_mid"": 0.7, ""macd_signal"": 6, ""macd_slow"": 43, ""macd_std_window"": 87, ""rebalance_freq"": 90, ""rebounce_block"": 6, ""sl_mult_lm"": 1.6, ""sl_mult_lr"": 2.4, ""sl_mult_sm"": 1.75, ""sl_mult_sr"": 1.5, ""time_stop"": 12, ""tp_mult_lm"": 5.5, ""tp_mult_lr"": 10.2, ""tp_mult_sm"": 4.4, ""tp_mult_sr"": 6.0, ""trail_mult"": 3.6, ""trail_tp"": false, ""use_trailing"": true}",{},
2365,-1000000000.0,TrialState.COMPLETE,2026-04-01T05:59:28.969484,2026-04-01T05:59:31.446089,2.476605,"{""atr_window"": 18, ""bb_std_dev"": 2.35, ""bb_window"": 16, ""cooldown"": 4, ""macd_fast"": 20, ""macd_k"": 1.5, ""macd_k_mid"": 0.55, ""macd_signal"": 8, ""macd_slow"": 37, ""macd_std_window"": 98, ""rebalance_freq"": 180, ""rebounce_block"": 6, ""sl_mult_lm"": 1.9, ""sl_mult_lr"": 3.3, ""sl_mult_sm"": 1.55, ""sl_mult_sr"": 2.5, ""time_stop"": 28, ""tp_mult_lm"": 4.4, ""tp_mult_lr"": 14.600000000000001, ""tp_mult_sm"": 3.1, ""tp_mult_sr"": 3.0, ""trail_mult"": 3.2, ""trail_tp"": true, ""use_trailing"": false}",{},
2366,-1000000000.0,TrialState.COMPLETE,2026-04-01T05:59:31.476702,2026-04-01T05:59:33.801801,2.325099,"{""atr_window"": 15, ""bb_std_dev"": 1.7999999999999998, ""bb_window"": 14, ""cooldown"": 5, ""macd_fast"": 14, ""macd_k"": 1.7000000000000002, ""macd_k_mid"": 0.6, ""macd_signal"": 10, ""macd_slow"": 35, ""macd_std_window"": 84, ""rebalance_freq"": 150, ""rebounce_block"": 5, ""sl_mult_lm"": 1.55, ""sl_mult_lr"": 2.2, ""sl_mult_sm"": 1.45, ""sl_mult_sr"": 2.2, ""time_stop"": 18, ""tp_mult_lm"": 4.1, ""tp_mult_lr"": 8.0, ""tp_mult_sm"": 4.2, ""tp_mult_sr"": 5.800000000000001, ""trail_mult"": 3.1, ""trail_tp"": false, ""use_trailing"": true}",{},
