number,value,datetime_start,datetime_complete,duration,params_atr_window,params_bb_std_dev,params_bb_window,params_cooldown,params_macd_fast,params_macd_k,params_macd_k_mid,params_macd_signal,params_macd_slow,params_macd_std_window,params_rebalance_freq,params_rebounce_block,params_sl_mult_lm,params_sl_mult_lr,params_sl_mult_sm,params_sl_mult_sr,params_time_stop,params_tp_mult_lm,params_tp_mult_lr,params_tp_mult_sm,params_tp_mult_sr,params_trail_mult,params_trail_tp,params_use_trailing,user_attrs_allocations,user_attrs_deploy_avg_sharpe,user_attrs_deploy_total_sharpe,user_attrs_deploy_year_sharpes,user_attrs_score,user_attrs_selected_tickers,user_attrs_train_avg_sharpe,user_attrs_train_year_sharpes,state
486,-1000000000.0,2026-04-01 02:17:12.541647,2026-04-01 02:17:16.583813,0 days 00:00:04.042166,14,1.5499999999999998,16,2,13,1.05,0.55,8,35,90,60,5,1.75,3.2,2.0,2.7,0,5.7,10.8,3.3,3.9,1.7,True,True,,,,,,,,,COMPLETE
487,-1000000000.0,2026-04-01 02:17:16.639523,2026-04-01 02:17:16.678164,0 days 00:00:00.038641,16,2.3,25,1,15,1.15,0.8,10,39,84,30,3,1.45,2.6,1.55,2.6,11,5.4,13.600000000000001,4.3,4.8,3.1,False,True,,,,,,,,,COMPLETE
488,-1000000000.0,2026-04-01 02:17:16.712911,2026-04-01 02:17:20.208736,0 days 00:00:03.495825,20,2.35,15,5,16,1.35,0.6,7,36,86,180,4,1.7000000000000002,2.4,1.8,1.5,20,5.9,12.600000000000001,6.300000000000001,3.8,2.7,True,True,,,,,,,,,COMPLETE
489,-1000000000.0,2026-04-01 02:17:20.249648,2026-04-01 02:17:23.084319,0 days 00:00:02.834671,19,2.5,20,3,20,1.85,0.7,9,41,96,120,0,1.15,4.800000000000001,1.7000000000000002,1.6,10,4.0,10.0,5.300000000000001,6.0,3.5,False,False,,,,,,,,,COMPLETE
490,-1000000000.0,2026-04-01 02:17:23.114932,2026-04-01 02:17:23.143874,0 days 00:00:00.028942,15,1.9,17,0,14,1.5,0.9,8,40,99,150,6,2.2,2.2,1.85,2.3,15,5.3,9.8,6.1,3.2,1.8,True,True,,,,,,,,,COMPLETE
491,-1000000000.0,2026-04-01 02:17:23.176216,2026-04-01 02:17:23.205728,0 days 00:00:00.029512,12,2.0,14,1,15,1.25,0.55,8,44,70,150,2,1.65,2.3,1.25,2.2,16,5.2,15.8,6.0,3.5,1.9,False,True,,,,,,,,,COMPLETE
492,-1000000000.0,2026-04-01 02:17:23.237114,2026-04-01 02:17:23.266142,0 days 00:00:00.029028,15,2.45,21,3,10,1.55,0.6,7,42,98,120,5,2.05,4.1,1.3,1.5,19,5.5,8.6,4.5,5.6,2.9000000000000004,False,False,,,,,,,,,COMPLETE
493,-1000000000.0,2026-04-01 02:17:23.298254,2026-04-01 02:17:23.329277,0 days 00:00:00.031023,14,2.25,14,2,11,1.4,0.8500000000000001,6,43,94,180,3,1.0,2.9,1.35,2.5,8,5.0,9.2,3.1,5.800000000000001,2.6,True,True,,,,,,,,,COMPLETE
494,-1000000000.0,2026-04-01 02:17:23.375204,2026-04-01 02:17:23.410583,0 days 00:00:00.035379,13,1.45,17,4,12,1.65,0.5,9,44,88,60,6,1.05,4.2,1.75,1.8,7,5.4,11.0,3.4,6.2,2.4,False,True,,,,,,,,,COMPLETE
495,-1000000000.0,2026-04-01 02:17:23.443185,2026-04-01 02:17:23.473972,0 days 00:00:00.030787,10,2.2,15,0,13,1.3,0.65,5,37,93,150,1,1.3,2.7,1.55,2.1,14,4.9,12.0,4.7,6.7,2.1,True,True,,,,,,,,,COMPLETE
496,-1000000000.0,2026-04-01 02:17:23.505939,2026-04-01 02:17:23.534859,0 days 00:00:00.028920,16,2.35,16,1,17,1.1,0.5,10,42,91,30,4,1.9,2.0,1.65,2.0,21,5.6,13.0,3.7,6.1,2.2,False,False,,,,,,,,,COMPLETE
497,-1000000000.0,2026-04-01 02:17:23.567637,2026-04-01 02:17:23.598848,0 days 00:00:00.031211,20,2.3,24,1,16,1.2,0.7,8,39,82,90,5,1.2,4.300000000000001,1.7000000000000002,1.7,26,6.0,11.8,6.6,4.2,3.0,True,True,,,,,,,,,COMPLETE
498,-1000000000.0,2026-04-01 02:17:23.631081,2026-04-01 02:17:26.099346,0 days 00:00:02.468265,11,1.75,14,3,20,1.7000000000000002,0.55,7,40,83,150,0,1.85,3.0,1.85,1.5,13,5.1,12.2,5.800000000000001,3.9,2.3,False,True,,,,,,,,,COMPLETE
499,-1000000000.0,2026-04-01 02:17:26.131349,2026-04-01 02:17:26.160527,0 days 00:00:00.029178,17,1.5999999999999999,18,4,12,1.8,0.75,9,36,78,120,2,1.9500000000000002,2.6,1.8,1.9,17,4.5,13.4,3.9,6.4,4.0,True,True,,,,,,,,,COMPLETE
500,-1000000000.0,2026-04-01 02:17:26.191153,2026-04-01 02:17:26.219681,0 days 00:00:00.028528,18,1.7,14,5,14,1.6,0.95,8,41,97,180,3,1.4,2.5,1.5,1.7,22,4.6,15.4,4.3,4.9,3.2,False,False,,,,,,,,,COMPLETE
501,-1000000000.0,2026-04-01 02:17:26.250787,2026-04-01 02:17:26.281819,0 days 00:00:00.031032,19,1.4,16,2,15,1.15,0.6,7,43,95,150,6,2.1500000000000004,2.4,1.6,1.6,9,4.2,10.6,3.6,3.6,3.3,True,True,,,,,,,,,COMPLETE
502,-1000000000.0,2026-04-01 02:17:26.313982,2026-04-01 02:17:26.343736,0 days 00:00:00.029754,15,2.5,17,0,18,1.05,0.65,8,44,92,30,5,2.0,2.2,1.2,2.1,4,4.4,13.8,6.9,4.6,2.0,False,True,,,,,,,,,COMPLETE
503,-1000000000.0,2026-04-01 02:17:26.375694,2026-04-01 02:17:28.821512,0 days 00:00:02.445818,14,1.65,22,1,19,1.9,0.55,10,41,80,90,1,1.25,2.5,1.4,1.8,1,5.2,14.600000000000001,5.0,3.0,2.5,True,True,,,,,,,,,COMPLETE
504,-1000000000.0,2026-04-01 02:17:28.850901,2026-04-01 02:17:28.879843,0 days 00:00:00.028942,17,2.4,19,2,12,1.0,1.0,9,35,71,180,5,1.35,3.3,1.65,2.2,11,3.5,10.4,4.6,3.3,1.6,False,False,,,,,,,,,COMPLETE
505,-1000000000.0,2026-04-01 02:17:28.909972,2026-04-01 02:17:28.953639,0 days 00:00:00.043667,20,2.05,15,4,20,1.75,0.7,9,43,89,120,4,1.1,3.8,1.45,2.4,0,4.0,16.200000000000003,6.2,6.6,2.1,True,True,,,,,,,,,COMPLETE
506,-1000000000.0,2026-04-01 02:17:28.987453,2026-04-01 02:17:29.018273,0 days 00:00:00.030820,16,2.1,14,0,10,1.65,0.6,8,39,76,150,3,1.0,3.6,1.0,2.9000000000000004,24,4.9,12.600000000000001,3.0,5.0,3.1,False,True,,,,,,,,,COMPLETE
507,-1000000000.0,2026-04-01 02:17:29.048190,2026-04-01 02:17:29.086171,0 days 00:00:00.037981,12,2.25,18,2,16,1.1,0.8,7,44,90,60,2,1.3,2.3,1.9500000000000002,1.6,6,4.8,8.2,5.9,5.7,1.9,True,False,,,,,,,,,COMPLETE
508,-1000000000.0,2026-04-01 02:17:29.119969,2026-04-01 02:17:29.148437,0 days 00:00:00.028468,18,2.2,20,3,13,1.35,0.55,6,37,79,150,6,1.15,2.1,1.75,2.0,21,3.9,11.2,4.8,4.1,3.7,False,True,,,,,,,,,COMPLETE
509,-1000000000.0,2026-04-01 02:17:29.177444,2026-04-01 02:17:29.206089,0 days 00:00:00.028645,14,1.95,25,1,14,1.5,0.5,6,38,81,180,6,1.2,4.0,1.25,1.5,15,4.1,17.0,5.6,5.1,2.2,True,True,,,,,,,,,COMPLETE
510,-1000000000.0,2026-04-01 02:17:29.236934,2026-04-01 02:17:29.265765,0 days 00:00:00.028831,16,1.7999999999999998,14,3,11,1.7000000000000002,0.65,8,40,91,120,5,2.1,2.6,1.3,2.8,12,5.0,14.4,4.1,3.8,3.6,False,True,,,,,,,,,COMPLETE
511,-1000000000.0,2026-04-01 02:17:29.295793,2026-04-01 02:17:29.323879,0 days 00:00:00.028086,13,2.45,23,4,14,1.45,0.55,10,42,86,30,3,2.0,4.6,2.0,2.3,28,5.7,15.0,7.0,4.4,2.7,True,False,,,,,,,,,COMPLETE
512,-1000000000.0,2026-04-01 02:17:29.356720,2026-04-01 02:17:29.386705,0 days 00:00:00.029985,19,2.15,15,0,17,1.6,0.7,9,43,85,90,0,1.5,2.9,1.85,1.5,19,5.5,13.2,4.2,5.5,1.8,False,True,,,,,,,,,COMPLETE
513,-1000000000.0,2026-04-01 02:17:29.432125,2026-04-01 02:17:32.218046,0 days 00:00:02.785921,17,2.3,17,5,15,1.55,0.8500000000000001,5,36,74,150,4,1.75,5.0,1.05,1.9,20,5.1,9.4,6.800000000000001,4.7,3.9000000000000004,True,True,,,,,,,,,COMPLETE
514,-1000000000.0,2026-04-01 02:17:32.252460,2026-04-01 02:17:32.285510,0 days 00:00:00.033050,15,2.2,16,2,12,1.05,0.55,7,44,99,180,5,1.6,2.8,1.9,3.3,10,5.6,9.8,4.4,3.1,2.9000000000000004,False,True,,,,,,,,,COMPLETE
515,-1000000000.0,2026-04-01 02:17:32.319686,2026-04-01 02:17:35.037334,0 days 00:00:02.717648,20,2.0,15,1,20,1.15,0.6,8,39,70,60,6,1.55,3.0,1.1,3.2,8,5.3,11.6,3.6,6.0,3.1,True,False,,,,,,,,,COMPLETE
516,-1000000000.0,2026-04-01 02:17:35.073267,2026-04-01 02:17:35.124561,0 days 00:00:00.051294,19,2.35,14,3,16,1.2,0.75,7,40,82,150,2,1.05,2.7,1.55,1.7,17,5.800000000000001,16.6,4.5,5.9,3.8000000000000003,False,True,,,,,,,,,COMPLETE
517,-1000000000.0,2026-04-01 02:17:35.189457,2026-04-01 02:17:35.243626,0 days 00:00:00.054169,11,2.45,14,2,13,1.1,0.5,10,37,84,90,1,1.4,2.3,1.5,1.6,16,4.3,9.6,4.0,5.4,3.2,True,True,,,,,,,,,COMPLETE
518,-1000000000.0,2026-04-01 02:17:35.323958,2026-04-01 02:17:38.653804,0 days 00:00:03.329846,18,2.5,22,4,19,1.3,0.65,8,41,70,120,3,1.35,2.4,1.15,2.1,13,5.4,12.0,3.5,6.5,2.6,False,True,,,,,,,,,COMPLETE
519,-1000000000.0,2026-04-01 02:17:38.707068,2026-04-01 02:17:38.734009,0 days 00:00:00.026941,16,1.45,21,1,14,1.85,0.95,9,44,100,180,5,1.25,3.9000000000000004,1.7000000000000002,3.1,2,4.5,12.4,5.5,4.8,2.4,True,False,,,,,,,,,COMPLETE
520,-1000000000.0,2026-04-01 02:17:38.761793,2026-04-01 02:17:38.788120,0 days 00:00:00.026327,20,1.5,17,0,12,1.2,0.9,8,44,88,30,6,2.05,4.2,1.8,1.8,29,5.2,11.8,6.4,4.0,1.5,False,True,,,,,,,,,COMPLETE
521,-1000000000.0,2026-04-01 02:17:38.817814,2026-04-01 02:17:38.851815,0 days 00:00:00.034001,13,1.8499999999999999,14,0,18,1.25,0.5,9,42,97,150,4,1.9500000000000002,2.0,1.6,2.5,5,4.7,12.8,5.1,6.800000000000001,3.4000000000000004,False,True,,,,,,,,,COMPLETE
522,-1000000000.0,2026-04-01 02:17:38.886956,2026-04-01 02:17:38.918073,0 days 00:00:00.031117,15,2.4,24,5,10,1.65,0.6,6,43,80,120,3,2.1500000000000004,2.4,1.45,2.2,7,3.6,15.2,3.8,4.3,1.7,True,False,,,,,,,,,COMPLETE
523,-1000000000.0,2026-04-01 02:17:38.949421,2026-04-01 02:17:38.981200,0 days 00:00:00.031779,18,2.5,19,2,11,1.0,0.7,7,40,90,180,5,1.7000000000000002,4.4,1.65,3.0,18,6.0,12.2,3.2,6.9,2.0,False,True,,,,,,,,,COMPLETE
524,-1000000000.0,2026-04-01 02:17:39.018972,2026-04-01 02:17:39.049117,0 days 00:00:00.030145,14,1.7,20,1,15,1.5,0.55,9,43,96,150,0,1.8,2.5,1.9500000000000002,1.7,20,5.9,9.0,6.1,5.300000000000001,2.8,True,True,,,,,,,,,COMPLETE
525,-1000000000.0,2026-04-01 02:17:39.082706,2026-04-01 02:17:41.647601,0 days 00:00:02.564895,16,1.5499999999999998,15,3,20,1.45,0.65,8,41,81,90,6,1.85,2.8,1.7000000000000002,1.5,27,5.7,15.600000000000001,6.7,5.2,2.1,False,True,,,,,,,,,COMPLETE
526,-1000000000.0,2026-04-01 02:17:41.677558,2026-04-01 02:17:44.207165,0 days 00:00:02.529607,12,1.65,16,1,17,2.0,0.6,10,37,91,30,2,1.3,3.1,1.35,2.0,14,5.6,8.8,6.9,6.300000000000001,2.3,True,False,,,,,,,,,COMPLETE
527,-1000000000.0,2026-04-01 02:17:44.234533,2026-04-01 02:17:46.749034,0 days 00:00:02.514501,17,1.8499999999999999,14,4,16,1.05,1.0,7,38,72,180,4,1.15,3.4000000000000004,1.8,1.9,25,5.1,14.2,5.7,5.7,3.0,False,True,,,,,,,,,COMPLETE
528,-1000000000.0,2026-04-01 02:17:46.774325,2026-04-01 02:17:46.801186,0 days 00:00:00.026861,14,2.15,16,2,12,1.4,0.7,8,35,87,60,5,1.0,2.5,1.75,2.6,9,5.5,8.4,3.4,4.9,3.1,True,True,,,,,,,,,COMPLETE
529,-1000000000.0,2026-04-01 02:17:46.831777,2026-04-01 02:17:46.861559,0 days 00:00:00.029782,20,2.35,15,4,13,1.35,0.5,6,36,98,150,6,1.9,3.7,1.6,1.6,3,5.4,10.2,5.4,4.5,1.9,False,True,,,,,,,,,COMPLETE
530,-1000000000.0,2026-04-01 02:17:46.891167,2026-04-01 02:17:49.534611,0 days 00:00:02.643444,10,1.75,18,5,19,1.6,0.55,9,40,75,120,2,1.45,2.3,1.5,2.2,23,5.3,10.6,4.9,3.7,3.3,True,False,,,,,,,,,COMPLETE
531,-1000000000.0,2026-04-01 02:17:49.565305,2026-04-01 02:17:49.604650,0 days 00:00:00.039345,11,1.9,23,0,14,1.15,0.9,8,39,71,30,1,2.2,2.4,1.85,2.1,22,5.0,13.600000000000001,6.2,5.800000000000001,3.2,False,True,,,,,,,,,COMPLETE
532,-1000000000.0,2026-04-01 02:17:49.636230,2026-04-01 02:17:49.667087,0 days 00:00:00.030857,16,2.25,14,3,15,1.25,0.8,7,43,83,180,5,1.55,2.7,1.9,1.5,21,4.6,10.8,4.3,6.2,3.1,True,True,,,,,,,,,COMPLETE
533,-1000000000.0,2026-04-01 02:17:49.695555,2026-04-01 02:17:52.229446,0 days 00:00:02.533891,15,1.7999999999999998,17,1,20,1.1,0.65,9,42,92,150,3,1.35,4.9,1.65,3.5,28,4.3,11.0,3.4,6.0,2.2,False,True,,,,,,,,,COMPLETE
534,-1000000000.0,2026-04-01 02:17:52.260562,2026-04-01 02:17:52.290149,0 days 00:00:00.029587,18,2.05,25,2,16,1.15,0.6,5,44,99,60,6,1.9500000000000002,3.5,1.55,2.3,10,4.4,14.0,3.8,3.8,3.0,True,False,,,,,,,,,COMPLETE
535,-1000000000.0,2026-04-01 02:17:52.320603,2026-04-01 02:17:52.351381,0 days 00:00:00.030778,19,2.0,14,3,18,1.5,0.8500000000000001,10,41,94,90,0,1.5,2.6,1.4,1.8,12,5.2,13.0,3.1,6.1,1.8,False,True,,,,,,,,,COMPLETE
536,-1000000000.0,2026-04-01 02:17:52.380467,2026-04-01 02:17:52.410736,0 days 00:00:00.030269,13,2.25,14,1,10,1.9500000000000002,0.55,7,44,89,120,5,1.85,3.2,1.2,2.7,9,3.8,11.4,6.0,4.6,3.6,True,True,,,,,,,,,COMPLETE
537,-1000000000.0,2026-04-01 02:17:52.439995,2026-04-01 02:17:52.469328,0 days 00:00:00.029333,20,2.3,22,2,13,1.2,0.75,8,36,93,180,4,1.4,2.5,1.9500000000000002,1.7,16,4.8,12.4,6.5,3.9,2.7,False,False,,,,,,,,,COMPLETE
538,-1000000000.0,2026-04-01 02:17:52.499136,2026-04-01 02:17:54.928267,0 days 00:00:02.429131,14,2.45,20,0,17,1.55,0.5,9,37,85,150,3,1.2,2.1,1.25,2.0,30,4.1,10.0,6.300000000000001,3.5,2.1,True,True,,,,,,,,,COMPLETE
539,-1000000000.0,2026-04-01 02:17:54.954457,2026-04-01 02:17:54.984814,0 days 00:00:00.030357,16,1.5999999999999999,16,3,11,1.3,0.7,8,40,96,90,6,1.65,2.6,2.0,1.6,19,6.0,13.2,4.7,4.2,2.3,False,True,,,,,,,,,COMPLETE
540,-1000000000.0,2026-04-01 02:17:55.024469,2026-04-01 02:17:55.057429,0 days 00:00:00.032960,15,1.75,15,4,12,1.0,0.55,10,39,73,150,2,1.3,2.2,1.05,2.1,20,5.3,13.8,3.3,5.0,2.0,True,True,,,,,,,,,COMPLETE
541,-1000000000.0,2026-04-01 02:17:55.089569,2026-04-01 02:17:55.118983,0 days 00:00:00.029414,17,1.95,17,1,14,1.1,0.6,6,38,82,30,5,1.25,3.0,1.7000000000000002,2.2,15,5.7,8.0,3.0,4.8,2.2,False,False,,,,,,,,,COMPLETE
542,-1000000000.0,2026-04-01 02:17:55.148467,2026-04-01 02:17:55.178337,0 days 00:00:00.029870,12,1.7,21,2,15,1.9,0.95,8,43,71,180,3,1.1,2.9,1.35,2.5,8,3.7,13.4,7.0,5.6,3.7,True,True,,,,,,,,,COMPLETE
543,-1000000000.0,2026-04-01 02:17:55.209664,2026-04-01 02:17:57.804345,0 days 00:00:02.594681,18,2.4,15,5,13,1.65,0.7,7,35,77,60,0,1.0,4.7,1.75,3.4000000000000004,18,4.9,9.8,4.2,6.7,1.6,False,True,,,,,,,,,COMPLETE
544,-1000000000.0,2026-04-01 02:17:57.836190,2026-04-01 02:17:57.867302,0 days 00:00:00.031112,13,2.1,14,0,16,1.8,0.5,9,44,95,120,4,2.0,4.1,1.45,1.9,13,4.2,10.2,3.5,3.0,2.8,True,True,,,,,,,,,COMPLETE
545,-1000000000.0,2026-04-01 02:17:57.896860,2026-04-01 02:17:57.936158,0 days 00:00:00.039298,14,2.2,19,4,12,1.75,0.65,7,41,100,150,6,1.75,2.4,1.8,1.5,0,5.5,11.6,6.7,6.4,1.7,False,False,,,,,,,,,COMPLETE
546,-1000000000.0,2026-04-01 02:17:57.965717,2026-04-01 02:18:00.509418,0 days 00:00:02.543701,15,2.35,18,1,20,1.45,0.55,6,40,72,90,1,1.2,2.3,1.9,2.9000000000000004,4,5.9,9.6,5.6,5.2,3.8000000000000003,True,True,,,,,,,,,COMPLETE
547,-1000000000.0,2026-04-01 02:18:00.544534,2026-04-01 02:18:00.575338,0 days 00:00:00.030804,16,2.5,23,2,14,1.05,0.6,8,42,88,120,5,1.7000000000000002,4.4,1.6,2.6,14,4.7,14.8,3.7,3.4,3.2,False,True,,,,,,,,,COMPLETE
548,-1000000000.0,2026-04-01 02:18:00.604928,2026-04-01 02:18:00.641286,0 days 00:00:00.036358,20,2.3,24,3,10,1.35,0.8,9,43,92,150,5,2.1,2.8,1.85,2.4,24,5.6,9.4,4.5,3.6,2.9000000000000004,False,True,,,,,,,,,COMPLETE
549,-1000000000.0,2026-04-01 02:18:00.671770,2026-04-01 02:18:03.243468,0 days 00:00:02.571698,11,2.2,14,1,17,1.15,0.6,8,37,90,180,6,1.9,2.0,1.3,1.6,22,5.4,12.2,5.800000000000001,5.1,1.9,True,False,,,,,,,,,COMPLETE
550,-1000000000.0,2026-04-01 02:18:03.279222,2026-04-01 02:18:03.312979,0 days 00:00:00.033757,17,2.15,16,0,19,1.0,0.8500000000000001,9,44,86,120,3,1.05,2.5,1.15,1.8,17,3.9,10.4,5.300000000000001,3.2,2.6,False,True,,,,,,,,,COMPLETE
551,-1000000000.0,2026-04-01 02:18:03.349049,2026-04-01 02:18:05.809403,0 days 00:00:02.460354,14,2.45,14,2,16,1.55,0.7,10,36,79,60,4,2.05,2.6,1.55,3.2,7,5.800000000000001,16.8,4.0,4.0,3.5,True,True,,,,,,,,,COMPLETE
552,-1000000000.0,2026-04-01 02:18:05.839729,2026-04-01 02:18:05.870879,0 days 00:00:00.031150,19,2.05,15,5,18,1.4,0.9,5,41,81,180,2,1.6,2.7,1.65,1.7,2,5.1,12.0,6.6,3.8,3.9000000000000004,False,False,,,,,,,,,COMPLETE
553,-1000000000.0,2026-04-01 02:18:05.901650,2026-04-01 02:18:05.931780,0 days 00:00:00.030130,18,2.5,20,4,15,1.7000000000000002,0.55,7,38,84,30,0,1.35,3.1,1.1,2.0,23,4.4,11.8,4.6,5.9,2.1,True,True,,,,,,,,,COMPLETE
554,-1000000000.0,2026-04-01 02:18:05.975797,2026-04-01 02:18:06.009032,0 days 00:00:00.033235,16,1.7,17,1,12,1.5,0.65,8,43,98,150,5,1.25,3.8,1.0,1.5,1,4.6,9.2,5.0,7.0,4.0,False,True,,,,,,,,,COMPLETE
555,-1000000000.0,2026-04-01 02:18:06.042852,2026-04-01 02:18:06.073379,0 days 00:00:00.030527,20,1.7999999999999998,18,0,11,1.6,0.75,7,37,70,150,3,1.45,2.4,1.2,2.7,11,5.2,12.600000000000001,4.4,4.6,3.3,True,True,,,,,,,,,COMPLETE
556,-1000000000.0,2026-04-01 02:18:06.101877,2026-04-01 02:18:06.129948,0 days 00:00:00.028071,15,2.3,16,3,14,1.2,0.5,10,44,75,180,1,2.2,2.5,1.5,2.1,15,5.0,15.8,4.1,6.2,2.4,False,False,,,,,,,,,COMPLETE
557,-1000000000.0,2026-04-01 02:18:06.172694,2026-04-01 02:18:08.687804,0 days 00:00:02.515110,14,2.25,14,3,20,1.1,0.7,9,40,81,30,6,1.4,4.0,1.7000000000000002,1.6,16,6.0,15.0,5.2,4.4,2.2,True,True,,,,,,,,,COMPLETE
558,-1000000000.0,2026-04-01 02:18:08.713979,2026-04-01 02:18:08.741269,0 days 00:00:00.027290,10,2.35,14,4,14,1.05,0.6,8,42,89,90,6,1.15,2.2,1.4,1.8,21,4.9,11.4,3.6,6.300000000000001,2.5,False,True,,,,,,,,,COMPLETE
559,-1000000000.0,2026-04-01 02:18:08.773335,2026-04-01 02:18:08.804974,0 days 00:00:00.031639,19,1.5,15,2,15,1.3,0.65,9,39,97,120,2,2.1,2.9,1.75,2.3,9,5.3,8.4,3.9,5.800000000000001,1.5,True,True,,,,,,,,,COMPLETE
560,-1000000000.0,2026-04-01 02:18:08.839615,2026-04-01 02:18:08.871251,0 days 00:00:00.031636,17,2.4,22,2,12,1.15,0.55,6,43,76,150,5,1.55,4.300000000000001,1.85,2.2,20,5.5,10.0,6.800000000000001,4.5,3.4000000000000004,False,False,,,,,,,,,COMPLETE
561,-1000000000.0,2026-04-01 02:18:08.910418,2026-04-01 02:18:08.942230,0 days 00:00:00.031812,13,1.9,14,1,16,1.85,1.0,8,44,83,60,4,1.0,2.3,1.25,2.1,17,4.2,12.8,6.4,6.6,1.9,True,True,,,,,,,,,COMPLETE
562,-1000000000.0,2026-04-01 02:18:08.986037,2026-04-01 02:18:09.027691,0 days 00:00:00.041654,16,1.4,17,0,13,1.4,0.95,7,40,91,90,5,1.1,4.800000000000001,1.65,1.9,19,4.1,9.8,6.9,4.1,1.6,False,True,,,,,,,,,COMPLETE
563,-1000000000.0,2026-04-01 02:18:09.064063,2026-04-01 02:18:09.100005,0 days 00:00:00.035942,18,2.0,21,1,10,1.65,0.5,8,35,80,150,3,1.3,4.2,1.9500000000000002,3.3,26,4.5,12.0,4.9,5.4,2.0,True,False,,,,,,,,,COMPLETE
564,-1000000000.0,2026-04-01 02:18:09.137588,2026-04-01 02:18:09.196131,0 days 00:00:00.058543,15,1.75,16,5,11,1.45,0.55,6,41,87,120,2,1.9500000000000002,3.4000000000000004,1.6,3.0,6,5.1,11.0,5.5,3.1,3.1,False,True,,,,,,,,,COMPLETE
565,-1000000000.0,2026-04-01 02:18:09.245076,2026-04-01 02:18:11.724275,0 days 00:00:02.479199,20,1.65,25,2,20,1.7000000000000002,0.6,10,39,94,180,6,2.1500000000000004,2.1,1.8,3.1,22,3.7,13.2,3.3,3.9,2.1,True,True,,,,,,,,,COMPLETE
566,-1000000000.0,2026-04-01 02:18:11.749713,2026-04-01 02:18:11.777679,0 days 00:00:00.027966,14,2.1,20,4,13,1.25,0.7,7,36,99,180,0,1.3,3.3,1.55,1.5,10,5.6,14.600000000000001,6.1,5.7,3.2,False,True,,,,,,,,,COMPLETE
567,-1000000000.0,2026-04-01 02:18:11.822094,2026-04-01 02:18:14.439185,0 days 00:00:02.617091,12,2.45,14,0,15,1.0,0.75,8,37,70,30,5,1.8,2.4,1.7000000000000002,2.4,21,4.8,14.0,3.1,4.7,2.2,True,False,,,,,,,,,COMPLETE
568,-1000000000.0,2026-04-01 02:18:14.465696,2026-04-01 02:18:14.496075,0 days 00:00:00.030379,16,1.8499999999999999,15,3,17,1.55,0.5,9,44,85,150,4,1.35,2.1,1.75,2.8,27,5.6,10.8,5.9,5.5,1.8,False,True,,,,,,,,,COMPLETE
569,-1000000000.0,2026-04-01 02:18:14.535744,2026-04-01 02:18:14.576737,0 days 00:00:00.040993,19,2.4,17,1,14,1.9500000000000002,0.6,8,43,78,120,6,1.05,4.5,1.3,1.7,8,4.0,16.200000000000003,5.4,3.7,2.3,True,True,,,,,,,,,COMPLETE
570,-1000000000.0,2026-04-01 02:18:14.607382,2026-04-01 02:18:14.640531,0 days 00:00:00.033149,17,2.5,14,4,12,1.15,0.55,9,41,96,90,1,1.2,3.0,1.5,1.6,5,5.800000000000001,12.2,4.3,5.0,3.0,False,True,,,,,,,,,COMPLETE
571,-1000000000.0,2026-04-01 02:18:14.674507,2026-04-01 02:18:14.719512,0 days 00:00:00.045005,14,1.5499999999999998,18,2,14,1.1,0.65,7,42,82,150,3,1.5,2.5,1.9,2.0,1,4.7,15.4,3.2,4.3,3.2,True,False,,,,,,,,,COMPLETE
572,-1000000000.0,2026-04-01 02:18:14.751909,2026-04-01 02:18:14.783231,0 days 00:00:00.031322,20,2.25,16,1,10,1.35,0.8,6,37,93,180,2,1.9,3.6,1.35,1.8,25,3.6,14.4,4.8,4.9,3.1,False,True,,,,,,,,,COMPLETE
573,-1000000000.0,2026-04-01 02:18:14.815845,2026-04-01 02:18:14.863381,0 days 00:00:00.047536,18,2.35,19,3,19,1.6,0.55,10,44,73,60,5,2.05,3.7,1.85,1.6,13,5.4,8.2,7.0,5.9,2.5,True,True,,,,,,,,,COMPLETE
574,-1000000000.0,2026-04-01 02:18:14.898444,2026-04-01 02:18:17.428850,0 days 00:00:02.530406,15,2.2,14,0,17,1.05,0.65,5,38,71,30,6,1.4,2.6,2.0,1.9,29,3.5,13.0,3.5,3.3,3.7,False,True,,,,,,,,,COMPLETE
575,-1000000000.0,2026-04-01 02:18:17.456188,2026-04-01 02:18:19.876202,0 days 00:00:02.420014,12,1.7999999999999998,24,5,20,1.65,0.7,8,40,100,150,4,1.55,2.8,1.45,2.5,0,5.0,11.8,5.1,4.8,2.6,False,False,,,,,,,,,COMPLETE
576,-1000000000.0,2026-04-01 02:18:19.915016,2026-04-01 02:18:19.958278,0 days 00:00:00.043262,13,2.15,23,2,13,1.5,0.8500000000000001,9,43,74,120,1,2.0,2.3,1.8,1.5,18,5.2,13.600000000000001,6.9,5.1,1.7,True,True,,,,,,,,,COMPLETE
577,-1000000000.0,2026-04-01 02:18:20.003046,2026-04-01 02:18:20.042111,0 days 00:00:00.039065,16,2.3,15,1,16,1.15,0.9,7,42,95,180,3,1.6,2.0,1.65,1.7,15,4.3,11.2,4.5,6.0,2.0,False,True,,,,,,,,,COMPLETE
578,-1000000000.0,2026-04-01 02:18:20.083697,2026-04-01 02:18:20.147487,0 days 00:00:00.063790,14,1.75,22,1,12,1.2,0.55,7,39,89,30,5,1.75,2.7,1.55,3.4000000000000004,20,5.7,12.4,3.6,5.6,3.3,True,False,,,,,,,,,COMPLETE
579,-1000000000.0,2026-04-01 02:18:20.205793,2026-04-01 02:18:20.240865,0 days 00:00:00.035072,19,2.05,17,3,15,1.8,0.6,9,40,88,60,0,1.45,2.4,1.25,2.2,14,5.3,10.4,5.7,3.9,2.7,False,True,,,,,,,,,COMPLETE
580,-1000000000.0,2026-04-01 02:18:20.273944,2026-04-01 02:18:20.306100,0 days 00:00:00.032156,10,1.7,15,4,12,1.0,0.5,8,44,99,150,6,1.0,3.5,1.7000000000000002,2.1,10,5.9,13.4,4.2,4.1,2.1,True,True,,,,,,,,,COMPLETE
581,-1000000000.0,2026-04-01 02:18:20.337072,2026-04-01 02:18:20.368154,0 days 00:00:00.031082,17,1.65,14,0,18,1.4,1.0,10,41,98,90,3,1.85,4.7,1.1,1.5,11,5.5,10.6,4.4,6.5,2.3,False,True,,,,,,,,,COMPLETE
582,-1000000000.0,2026-04-01 02:18:20.402326,2026-04-01 02:18:20.433427,0 days 00:00:00.031101,11,2.2,16,2,14,1.05,0.7,8,43,90,120,5,1.25,5.0,1.3,1.7,12,5.4,15.2,6.6,5.300000000000001,3.0,True,False,,,,,,,,,COMPLETE
583,-1000000000.0,2026-04-01 02:18:20.471114,2026-04-01 02:18:20.504346,0 days 00:00:00.033232,20,1.5999999999999999,14,3,11,1.3,0.5,9,36,91,150,6,1.9500000000000002,2.5,1.6,2.2,9,4.9,12.600000000000001,3.7,3.0,2.9000000000000004,False,True,,,,,,,,,COMPLETE
