number,value,datetime_start,datetime_complete,duration,params_atr_window,params_bb_std_dev,params_bb_window,params_cooldown,params_macd_fast,params_macd_k,params_macd_k_mid,params_macd_signal,params_macd_slow,params_macd_std_window,params_rebalance_freq,params_rebounce_block,params_sl_mult_lm,params_sl_mult_lr,params_sl_mult_sm,params_sl_mult_sr,params_time_stop,params_tp_mult_lm,params_tp_mult_lr,params_tp_mult_sm,params_tp_mult_sr,params_trail_mult,params_trail_tp,params_use_trailing,user_attrs_allocations,user_attrs_deploy_avg_sharpe,user_attrs_deploy_total_sharpe,user_attrs_deploy_year_sharpes,user_attrs_score,user_attrs_selected_tickers,user_attrs_train_avg_sharpe,user_attrs_train_year_sharpes,state
1363,-1000000000.0,2026-04-01 03:00:42.333855,2026-04-01 03:00:45.422579,0 days 00:00:03.088724,12,2.35,18,0,20,1.3,0.65,8,40,91,90,3,1.0,2.3,1.15,1.6,20,4.0,12.4,3.5,5.6,2.9000000000000004,True,True,,,,,,,,,COMPLETE
1364,-1000000000.0,2026-04-01 03:00:45.460973,2026-04-01 03:00:45.526479,0 days 00:00:00.065506,20,2.1,21,2,19,1.45,0.9,9,42,99,150,0,1.3,2.1,1.5,1.9,1,4.8,12.0,4.3,5.800000000000001,3.2,False,False,,,,,,,,,COMPLETE
1365,-1000000000.0,2026-04-01 03:00:45.563396,2026-04-01 03:00:45.627780,0 days 00:00:00.064384,14,2.4,20,5,10,1.05,0.55,6,44,97,180,6,1.75,3.8,1.3,2.1,6,4.2,11.0,4.9,6.5,4.0,True,True,,,,,,,,,COMPLETE
1366,-1000000000.0,2026-04-01 03:00:45.667266,2026-04-01 03:00:45.731568,0 days 00:00:00.064302,18,2.3,15,1,18,1.2,0.8,5,43,89,150,5,1.35,4.7,2.0,2.0,21,5.800000000000001,11.8,6.7,6.4,3.7,False,True,,,,,,,,,COMPLETE
1367,-1000000000.0,2026-04-01 03:00:45.767046,2026-04-01 03:00:45.827871,0 days 00:00:00.060825,19,2.0,14,1,13,1.05,0.6,8,44,100,120,0,1.9500000000000002,2.4,1.6,1.7,26,5.4,12.600000000000001,3.8,4.3,2.0,True,True,,,,,,,,,COMPLETE
1368,-1000000000.0,2026-04-01 03:00:45.873500,2026-04-01 03:00:57.608538,0 days 00:00:11.735038,16,1.65,23,4,15,1.1,0.7,7,37,83,150,2,2.1500000000000004,2.8,1.55,2.2,8,5.1,12.2,5.9,3.8,1.8,False,False,,,,,,,,,COMPLETE
1369,-1000000000.0,2026-04-01 03:00:57.706992,2026-04-01 03:00:57.993217,0 days 00:00:00.286225,15,2.25,22,2,14,1.15,0.75,9,42,75,30,5,2.1,2.5,1.35,2.1,17,4.7,14.8,7.0,3.0,2.4,True,True,,,,,,,,,COMPLETE
1370,-1000000000.0,2026-04-01 03:00:58.084289,2026-04-01 03:00:58.334002,0 days 00:00:00.249713,12,2.45,16,0,17,1.25,0.55,8,41,94,120,3,1.9,5.0,1.85,2.7,28,5.2,17.0,5.1,6.9,3.6,True,True,,,,,,,,,COMPLETE
1371,-1000000000.0,2026-04-01 03:00:58.424355,2026-04-01 03:00:58.672268,0 days 00:00:00.247913,20,2.05,17,3,12,1.75,1.0,10,35,70,180,4,1.5,3.6,1.75,1.6,22,5.6,10.6,3.6,4.7,3.0,False,True,,,,,,,,,COMPLETE
1372,-1000000000.0,2026-04-01 03:00:58.760968,2026-04-01 03:00:59.005856,0 days 00:00:00.244888,14,1.7999999999999998,14,1,19,1.0,0.5,7,43,81,90,6,1.4,2.3,1.9,1.9,5,4.1,9.8,5.5,5.2,2.5,True,False,,,,,,,,,COMPLETE
1373,-1000000000.0,2026-04-01 03:00:59.100198,2026-04-01 03:00:59.398039,0 days 00:00:00.297841,18,1.5999999999999999,16,0,11,1.9500000000000002,0.6,8,39,80,60,5,1.2,2.2,1.8,1.5,24,3.7,9.4,6.0,5.1,3.9000000000000004,False,True,,,,,,,,,COMPLETE
1374,-1000000000.0,2026-04-01 03:00:59.489825,2026-04-01 03:00:59.752895,0 days 00:00:00.263070,13,2.2,24,5,14,1.5,0.7,9,40,88,150,4,1.55,2.6,1.65,2.3,0,6.0,12.8,4.4,6.2,3.1,True,True,,,,,,,,,COMPLETE
1375,-1000000000.0,2026-04-01 03:00:59.842305,2026-04-01 03:01:11.863766,0 days 00:00:12.021461,16,2.5,18,2,20,1.55,0.65,10,41,93,30,3,1.7000000000000002,4.9,1.7000000000000002,1.8,16,4.4,15.8,6.2,4.5,2.1,False,False,,,,,,,,,COMPLETE
1376,-1000000000.0,2026-04-01 03:01:11.942469,2026-04-01 03:01:12.185764,0 days 00:00:00.243295,17,2.15,25,4,15,1.35,0.95,8,38,96,180,1,1.65,2.4,1.9500000000000002,2.8,12,5.1,10.4,3.0,3.7,2.6,True,True,,,,,,,,,COMPLETE
1377,-1000000000.0,2026-04-01 03:01:12.271174,2026-04-01 03:01:24.012407,0 days 00:00:11.741233,15,2.35,14,1,17,1.4,0.55,6,37,98,150,0,1.25,2.0,1.6,2.9000000000000004,9,5.5,11.8,5.6,3.8,2.2,False,True,,,,,,,,,COMPLETE
1378,-1000000000.0,2026-04-01 03:01:24.097261,2026-04-01 03:01:24.325474,0 days 00:00:00.228213,10,1.75,21,3,12,1.1,0.5,9,44,90,120,6,1.0,2.5,1.25,1.5,7,5.3,13.0,6.800000000000001,3.5,3.3,True,True,,,,,,,,,COMPLETE
1379,-1000000000.0,2026-04-01 03:01:24.409509,2026-04-01 03:01:24.642985,0 days 00:00:00.233476,18,2.1,15,1,16,1.2,0.8,5,40,82,150,5,1.3,3.0,1.8,1.7,4,4.9,8.2,4.5,5.7,2.3,False,False,,,,,,,,,COMPLETE
1380,-1000000000.0,2026-04-01 03:01:24.728454,2026-04-01 03:01:24.959360,0 days 00:00:00.230906,20,1.5499999999999998,20,0,11,1.7000000000000002,0.8500000000000001,7,42,73,180,2,1.8,3.1,1.2,2.0,15,5.0,11.6,5.0,5.300000000000001,2.8,True,True,,,,,,,,,COMPLETE
1381,-1000000000.0,2026-04-01 03:01:25.043607,2026-04-01 03:01:25.313804,0 days 00:00:00.270197,19,2.45,17,2,13,1.85,0.6,9,43,100,90,1,1.85,4.300000000000001,2.0,3.0,20,3.5,13.600000000000001,6.4,5.9,3.0,False,True,,,,,,,,,COMPLETE
1382,-1000000000.0,2026-04-01 03:01:25.402195,2026-04-01 03:01:25.649352,0 days 00:00:00.247157,11,2.25,14,2,10,1.65,0.55,8,35,86,150,3,1.15,2.8,1.05,2.6,25,3.9,9.6,4.7,6.300000000000001,3.1,True,True,,,,,,,,,COMPLETE
1383,-1000000000.0,2026-04-01 03:01:25.745351,2026-04-01 03:01:37.170624,0 days 00:00:11.425273,14,2.0,24,1,16,1.9,0.7,10,37,92,120,4,2.0,2.4,1.3,2.2,18,5.2,15.2,3.5,5.0,1.9,False,False,,,,,,,,,COMPLETE
1384,-1000000000.0,2026-04-01 03:01:37.270805,2026-04-01 03:01:37.508899,0 days 00:00:00.238094,16,2.4,15,3,14,1.6,0.6,7,41,87,180,5,1.45,2.6,1.85,1.6,11,3.8,8.8,3.8,4.2,3.7,True,True,,,,,,,,,COMPLETE
1385,-1000000000.0,2026-04-01 03:01:37.593954,2026-04-01 03:01:49.485252,0 days 00:00:11.891298,15,2.05,19,4,20,1.05,0.65,8,36,77,150,6,2.05,4.5,1.55,2.4,14,5.7,10.0,3.3,5.5,3.2,False,True,,,,,,,,,COMPLETE
1386,-1000000000.0,2026-04-01 03:01:49.564281,2026-04-01 03:01:49.831288,0 days 00:00:00.267007,13,2.3,14,1,18,1.15,0.55,9,44,71,30,0,1.9500000000000002,2.1,1.0,1.9,29,5.4,12.2,6.300000000000001,6.0,1.5,True,True,,,,,,,,,COMPLETE
1387,-1000000000.0,2026-04-01 03:01:49.916266,2026-04-01 03:01:50.156204,0 days 00:00:00.239938,17,1.7,16,5,15,1.1,0.5,6,39,95,90,5,1.35,4.6,1.4,2.1,17,4.3,13.2,5.300000000000001,3.6,1.7,False,False,,,,,,,,,COMPLETE
1388,-1000000000.0,2026-04-01 03:01:50.237604,2026-04-01 03:01:50.473990,0 days 00:00:00.236386,14,1.95,23,0,12,1.3,1.0,8,43,84,180,2,1.05,2.7,1.5,1.8,10,5.6,13.8,6.1,3.2,3.4000000000000004,True,True,,,,,,,,,COMPLETE
1389,-1000000000.0,2026-04-01 03:01:50.559750,2026-04-01 03:01:50.817855,0 days 00:00:00.258105,20,1.8499999999999999,22,4,14,1.0,0.55,9,38,90,60,3,2.2,2.2,1.45,1.5,23,5.9,11.4,6.9,4.8,2.2,False,True,,,,,,,,,COMPLETE
1390,-1000000000.0,2026-04-01 03:01:50.894860,2026-04-01 03:01:51.130036,0 days 00:00:00.235176,12,2.5,14,2,10,1.5,0.7,7,40,85,150,5,1.9,4.1,1.55,2.5,2,3.6,12.0,4.6,4.0,2.0,True,False,,,,,,,,,COMPLETE
1391,-1000000000.0,2026-04-01 03:01:51.216261,2026-04-01 03:01:51.456667,0 days 00:00:00.240406,18,2.15,17,1,13,1.45,0.6,8,40,92,120,6,1.1,3.4000000000000004,1.7000000000000002,1.8,13,5.0,8.4,5.9,3.0,3.8000000000000003,False,True,,,,,,,,,COMPLETE
1392,-1000000000.0,2026-04-01 03:01:51.549633,2026-04-01 03:01:51.825962,0 days 00:00:00.276329,16,2.4,15,0,18,1.55,0.9,10,41,70,30,4,1.3,3.3,1.9,1.7,15,4.5,12.600000000000001,4.0,7.0,2.1,True,True,,,,,,,,,COMPLETE
1393,-1000000000.0,2026-04-01 03:01:51.934909,2026-04-01 03:01:52.184059,0 days 00:00:00.249150,19,1.9,14,2,19,1.3,0.75,9,42,88,120,2,1.6,2.9,1.75,2.3,22,5.2,8.0,3.1,4.6,2.9000000000000004,False,True,,,,,,,,,COMPLETE
1394,-1000000000.0,2026-04-01 03:01:52.258950,2026-04-01 03:01:52.493991,0 days 00:00:00.235041,14,1.45,16,3,20,1.2,0.65,8,43,81,150,5,1.0,2.3,1.05,2.1,21,5.3,11.0,4.8,6.1,2.7,True,False,,,,,,,,,COMPLETE
1395,-1000000000.0,2026-04-01 03:01:52.577396,2026-04-01 03:02:04.566854,0 days 00:00:11.989458,18,2.2,18,4,15,1.15,0.8500000000000001,7,37,72,180,0,2.0,2.5,1.6,1.5,6,5.4,11.8,3.4,3.3,3.6,False,True,,,,,,,,,COMPLETE
1396,-1000000000.0,2026-04-01 03:02:04.651657,2026-04-01 03:02:04.897948,0 days 00:00:00.246291,17,2.35,21,1,12,1.05,0.5,6,44,89,150,6,1.25,2.4,1.65,3.2,1,4.0,12.4,4.2,6.6,3.1,True,True,,,,,,,,,COMPLETE
1397,-1000000000.0,2026-04-01 03:02:04.983120,2026-04-01 03:02:16.915515,0 days 00:00:11.932395,15,2.5,20,2,16,1.1,0.55,9,35,99,90,3,1.15,2.1,1.1,2.0,19,4.9,9.6,6.5,4.1,1.6,False,True,,,,,,,,,COMPLETE
1398,-1000000000.0,2026-04-01 03:02:17.002234,2026-04-01 03:02:21.882259,0 days 00:00:04.880025,20,2.3,17,3,17,1.6,0.55,8,36,97,150,0,2.1500000000000004,3.0,1.85,1.6,8,5.5,10.4,3.2,3.1,3.5,True,False,,,,,,,,,COMPLETE
1399,-1000000000.0,2026-04-01 03:02:21.916515,2026-04-01 03:02:21.969051,0 days 00:00:00.052536,16,1.65,19,1,14,1.25,0.7,8,39,80,180,6,2.1,2.5,1.5,2.2,25,4.6,15.0,5.6,4.5,2.6,True,True,,,,,,,,,COMPLETE
1400,-1000000000.0,2026-04-01 03:02:22.004523,2026-04-01 03:02:22.058528,0 days 00:00:00.054005,11,1.7999999999999998,14,5,11,1.4,0.6,9,44,76,30,2,1.35,4.4,1.7000000000000002,2.5,17,5.7,12.0,4.3,3.9,1.8,False,True,,,,,,,,,COMPLETE
1401,-1000000000.0,2026-04-01 03:02:22.095247,2026-04-01 03:02:22.149104,0 days 00:00:00.053857,14,1.75,15,0,13,1.65,0.65,10,43,91,60,4,1.9,2.3,1.15,1.5,10,4.7,11.6,4.4,5.800000000000001,3.3,True,True,,,,,,,,,COMPLETE
1402,-1000000000.0,2026-04-01 03:02:22.182545,2026-04-01 03:02:22.247708,0 days 00:00:00.065163,20,2.45,25,1,17,1.0,0.6,9,41,98,120,3,1.9500000000000002,2.2,1.9500000000000002,3.1,16,6.0,16.4,5.800000000000001,5.6,2.4,False,False,,,,,,,,,COMPLETE
1403,-1000000000.0,2026-04-01 03:02:22.281233,2026-04-01 03:02:22.333779,0 days 00:00:00.052546,13,2.0,16,3,12,1.35,0.8,5,37,90,90,5,1.4,4.2,1.8,2.0,26,5.800000000000001,9.2,7.0,6.300000000000001,3.2,True,True,,,,,,,,,COMPLETE
1404,-1000000000.0,2026-04-01 03:02:22.370716,2026-04-01 03:02:25.836520,0 days 00:00:03.465804,17,1.5999999999999999,15,0,20,1.45,0.5,7,40,71,150,1,1.85,2.9,1.2,2.1,30,5.6,12.8,5.5,4.4,3.9000000000000004,False,True,,,,,,,,,COMPLETE
1405,-1000000000.0,2026-04-01 03:02:25.879558,2026-04-01 03:02:28.841669,0 days 00:00:02.962111,16,2.1,14,4,14,1.15,0.55,8,35,99,180,5,1.75,4.0,1.75,1.6,19,5.1,11.2,3.6,5.1,2.1,True,False,,,,,,,,,COMPLETE
1406,-1000000000.0,2026-04-01 03:02:28.894712,2026-04-01 03:02:31.903133,0 days 00:00:03.008421,19,2.2,17,2,15,1.5,0.9,10,36,87,150,0,1.7000000000000002,5.0,1.25,2.6,21,4.8,10.2,3.7,4.7,2.3,False,True,,,,,,,,,COMPLETE
1407,-1000000000.0,2026-04-01 03:02:31.948572,2026-04-01 03:02:32.015566,0 days 00:00:00.066994,15,2.35,14,1,18,1.7000000000000002,0.7,9,44,75,120,6,1.25,2.4,1.35,1.9,3,3.8,12.4,5.7,3.9,2.2,True,True,,,,,,,,,COMPLETE
1408,-1000000000.0,2026-04-01 03:02:32.054868,2026-04-01 03:02:32.153717,0 days 00:00:00.098849,14,1.7,21,0,10,1.05,0.75,8,43,82,30,3,1.5,2.0,1.65,2.2,22,5.9,9.8,6.800000000000001,6.800000000000001,2.0,False,True,,,,,,,,,COMPLETE
1409,-1000000000.0,2026-04-01 03:02:32.201902,2026-04-01 03:02:32.274381,0 days 00:00:00.072479,18,2.4,16,2,11,1.75,0.8500000000000001,6,42,84,150,2,1.55,3.2,1.55,1.8,18,5.5,14.0,3.0,4.9,2.5,True,False,,,,,,,,,COMPLETE
1410,-1000000000.0,2026-04-01 03:02:32.313693,2026-04-01 03:02:32.386596,0 days 00:00:00.072903,12,2.25,20,4,12,1.8,0.55,7,39,79,90,5,1.3,2.6,1.8,1.7,12,4.2,13.0,6.2,5.7,3.7,False,True,,,,,,,,,COMPLETE
1411,-1000000000.0,2026-04-01 03:02:32.426069,2026-04-01 03:02:35.503974,0 days 00:00:03.077905,17,1.95,15,5,19,1.2,0.95,7,37,89,180,4,1.05,2.7,1.6,2.7,24,5.3,14.600000000000001,6.5,3.5,3.6,True,True,,,,,,,,,COMPLETE
1412,-1000000000.0,2026-04-01 03:02:35.538620,2026-04-01 03:02:35.609585,0 days 00:00:00.070965,10,2.45,18,1,13,1.55,0.5,9,38,96,60,3,1.9500000000000002,2.8,1.45,1.9,9,3.7,10.8,6.9,4.0,3.8000000000000003,False,True,,,,,,,,,COMPLETE
1413,-1000000000.0,2026-04-01 03:02:35.647632,2026-04-01 03:02:35.708565,0 days 00:00:00.060933,16,1.5,22,3,14,1.35,0.6,8,41,74,120,5,1.8,2.3,2.0,3.3,20,5.0,10.6,5.4,3.8,2.8,True,False,,,,,,,,,COMPLETE
1414,-1000000000.0,2026-04-01 03:02:35.746064,2026-04-01 03:02:38.716611,0 days 00:00:02.970547,15,2.2,23,2,20,1.45,0.55,6,42,70,150,1,2.05,2.2,1.85,1.5,0,5.1,15.600000000000001,4.5,6.2,3.2,False,True,,,,,,,,,COMPLETE
1415,-1000000000.0,2026-04-01 03:02:38.751460,2026-04-01 03:02:38.813061,0 days 00:00:00.061601,20,1.75,14,1,16,1.65,0.6,10,40,94,180,6,1.2,3.3,1.9,2.1,9,5.7,16.8,6.7,6.4,4.0,True,True,,,,,,,,,COMPLETE
1416,-1000000000.0,2026-04-01 03:02:38.849088,2026-04-01 03:02:38.916644,0 days 00:00:00.067556,13,1.9,17,1,15,1.0,0.7,9,43,85,150,0,1.1,3.9000000000000004,1.0,3.0,7,3.9,13.4,3.5,4.2,2.1,False,True,,,,,,,,,COMPLETE
1417,-1000000000.0,2026-04-01 03:02:38.959595,2026-04-01 03:02:41.993144,0 days 00:00:03.033549,18,2.5,14,4,17,1.1,1.0,8,35,91,30,4,1.35,2.5,1.75,2.3,4,4.5,12.2,4.1,6.5,2.7,True,False,,,,,,,,,COMPLETE
1418,-1000000000.0,2026-04-01 03:02:42.030109,2026-04-01 03:02:42.092083,0 days 00:00:00.061974,20,2.05,24,0,12,1.25,0.5,7,36,93,90,3,1.0,3.6,1.4,2.4,16,5.4,16.0,6.0,5.9,3.0,False,True,,,,,,,,,COMPLETE
1419,-1000000000.0,2026-04-01 03:02:42.137776,2026-04-01 03:02:42.204404,0 days 00:00:00.066628,19,1.8499999999999999,16,2,20,1.5,0.75,9,44,100,150,6,1.45,2.5,1.65,1.6,20,5.6,9.8,6.300000000000001,3.1,1.6,True,True,,,,,,,,,COMPLETE
1420,-1000000000.0,2026-04-01 03:02:42.240925,2026-04-01 03:02:42.317245,0 days 00:00:00.076320,15,2.35,15,4,14,1.4,0.65,5,41,88,120,2,1.75,2.1,1.05,2.2,11,5.2,10.0,5.0,3.6,1.9,False,False,,,,,,,,,COMPLETE
1421,-1000000000.0,2026-04-01 03:02:42.355667,2026-04-01 03:02:42.428210,0 days 00:00:00.072543,14,2.15,20,5,11,1.6,0.55,8,39,83,180,5,1.4,2.4,1.7000000000000002,1.8,13,3.7,11.4,6.6,6.0,3.1,True,True,,,,,,,,,COMPLETE
1422,-1000000000.0,2026-04-01 03:02:42.467296,2026-04-01 03:02:42.541662,0 days 00:00:00.074366,16,1.65,19,1,18,1.15,0.65,10,43,81,120,0,1.2,4.2,1.3,2.9000000000000004,15,4.0,14.4,4.9,3.0,2.2,False,True,,,,,,,,,COMPLETE
1423,-1000000000.0,2026-04-01 03:02:42.579144,2026-04-01 03:02:42.649844,0 days 00:00:00.070700,19,2.3,14,0,12,1.05,0.5,8,40,89,180,5,1.9500000000000002,4.1,1.55,2.8,1,5.800000000000001,12.0,3.4,3.7,2.3,True,True,,,,,,,,,COMPLETE
1424,-1000000000.0,2026-04-01 03:02:42.689663,2026-04-01 03:02:42.762906,0 days 00:00:00.073243,12,2.05,17,2,13,1.2,0.95,8,42,92,150,3,2.1500000000000004,3.7,1.85,2.0,23,4.3,10.2,4.7,4.7,1.7,False,False,,,,,,,,,COMPLETE
1425,-1000000000.0,2026-04-01 03:02:42.810511,2026-04-01 03:02:42.884989,0 days 00:00:00.074478,11,2.5,18,3,10,1.1,0.55,9,38,86,60,4,1.15,3.1,1.9500000000000002,1.5,14,4.1,11.6,4.3,5.800000000000001,3.4000000000000004,True,True,,,,,,,,,COMPLETE
1426,-1000000000.0,2026-04-01 03:02:42.926762,2026-04-01 03:02:43.009788,0 days 00:00:00.083026,18,2.0,14,1,19,1.0,0.7,7,44,71,90,6,1.0,3.5,1.9,3.4000000000000004,28,4.4,12.2,5.2,4.3,2.9000000000000004,True,True,,,,,,,,,COMPLETE
1427,-1000000000.0,2026-04-01 03:02:43.048194,2026-04-01 03:02:46.622162,0 days 00:00:03.573968,13,1.4,21,3,15,1.3,0.6,10,37,88,30,1,1.9,2.9,1.5,1.7,21,4.9,8.6,7.0,5.300000000000001,3.2,False,True,,,,,,,,,COMPLETE
1428,-1000000000.0,2026-04-01 03:02:46.659859,2026-04-01 03:02:46.723425,0 days 00:00:00.063566,14,2.1,16,2,14,1.85,0.55,6,40,90,150,2,2.0,3.0,1.6,2.1,17,6.0,9.6,3.2,5.5,1.5,True,False,,,,,,,,,COMPLETE
1429,-1000000000.0,2026-04-01 03:02:46.761286,2026-04-01 03:02:46.824165,0 days 00:00:00.062879,16,1.5999999999999999,15,1,16,1.6,0.6,8,43,78,180,5,2.1,2.3,1.8,1.9,29,5.2,11.8,6.9,5.0,3.3,False,True,,,,,,,,,COMPLETE
1430,-1000000000.0,2026-04-01 03:02:46.863155,2026-04-01 03:02:49.945069,0 days 00:00:03.081914,15,2.25,25,0,20,1.55,0.9,9,36,80,150,5,1.3,4.9,1.1,3.1,27,5.3,14.2,3.6,5.2,1.8,True,True,,,,,,,,,COMPLETE
1431,-1000000000.0,2026-04-01 03:02:49.983757,2026-04-01 03:02:50.056923,0 days 00:00:00.073166,17,1.5499999999999998,16,4,10,1.05,0.8,9,35,100,30,2,1.35,2.6,1.65,2.5,19,4.8,9.4,6.4,5.4,3.7,False,False,,,,,,,,,COMPLETE
1432,-1000000000.0,2026-04-01 03:02:50.096556,2026-04-01 03:02:50.168284,0 days 00:00:00.071728,10,1.7999999999999998,14,5,13,1.35,0.55,7,41,72,120,6,1.65,3.8,1.7000000000000002,1.5,14,3.5,12.8,4.4,5.6,2.1,True,True,,,,,,,,,COMPLETE
1433,-1000000000.0,2026-04-01 03:02:50.207378,2026-04-01 03:02:50.285070,0 days 00:00:00.077692,14,2.4,24,2,17,1.9,0.8500000000000001,8,44,75,150,0,1.85,2.4,1.55,2.0,25,4.2,12.600000000000001,3.9,4.5,1.9,False,True,,,,,,,,,COMPLETE
1434,-1000000000.0,2026-04-01 03:02:50.326802,2026-04-01 03:02:53.666447,0 days 00:00:03.339645,20,2.45,22,1,18,1.15,0.7,8,37,97,180,4,1.25,2.2,1.2,1.6,5,5.5,11.8,5.1,6.4,3.5,True,True,,,,,,,,,COMPLETE
1435,-1000000000.0,2026-04-01 03:02:53.706343,2026-04-01 03:02:53.784007,0 days 00:00:00.077664,16,2.15,14,0,15,1.65,0.6,9,39,98,90,3,1.05,3.2,1.0,1.7,8,5.6,13.2,6.1,3.2,3.0,False,False,,,,,,,,,COMPLETE
1436,-1000000000.0,2026-04-01 03:02:53.823707,2026-04-01 03:02:53.912186,0 days 00:00:00.088479,20,2.2,15,3,11,1.75,0.55,7,43,91,150,5,1.8,2.0,1.25,2.3,2,5.0,15.8,4.6,6.1,3.1,True,True,,,,,,,,,COMPLETE
1437,-1000000000.0,2026-04-01 03:02:53.955481,2026-04-01 03:02:54.046501,0 days 00:00:00.091020,18,1.75,20,1,14,1.25,0.5,6,40,70,120,6,1.55,4.300000000000001,1.75,2.1,15,4.7,8.2,5.9,4.9,2.2,False,True,,,,,,,,,COMPLETE
1438,-1000000000.0,2026-04-01 03:02:54.087370,2026-04-01 03:02:54.168763,0 days 00:00:00.081393,14,1.7,17,4,12,1.1,0.65,5,38,82,180,3,1.3,2.8,1.9,1.8,22,5.9,11.0,4.2,4.4,2.6,True,True,,,,,,,,,COMPLETE
1439,-1000000000.0,2026-04-01 03:02:54.208874,2026-04-01 03:02:57.775522,0 days 00:00:03.566648,17,2.3,23,2,20,1.7000000000000002,0.75,9,37,89,150,1,2.2,2.1,2.0,2.2,0,5.1,11.2,3.8,3.8,3.6,False,False,,,,,,,,,COMPLETE
1440,-1000000000.0,2026-04-01 03:02:57.812009,2026-04-01 03:02:57.875073,0 days 00:00:00.063064,13,2.45,14,1,17,1.5,0.5,10,41,95,60,4,1.9500000000000002,4.7,1.35,3.2,18,5.3,9.0,3.7,5.9,3.2,True,True,,,,,,,,,COMPLETE
1441,-1000000000.0,2026-04-01 03:02:57.911054,2026-04-01 03:03:00.890120,0 days 00:00:02.979066,15,2.35,18,2,13,1.15,1.0,8,35,70,90,5,1.1,2.3,1.15,1.9,7,5.4,15.2,5.300000000000001,5.7,3.9000000000000004,False,True,,,,,,,,,COMPLETE
1442,-1000000000.0,2026-04-01 03:03:00.925016,2026-04-01 03:03:00.986693,0 days 00:00:00.061677,11,2.1,16,0,16,1.2,0.7,6,42,99,180,2,1.9,2.4,1.8,1.5,24,3.6,10.4,4.5,4.8,2.0,True,True,,,,,,,,,COMPLETE
1443,-1000000000.0,2026-04-01 03:03:01.030056,2026-04-01 03:03:01.097741,0 days 00:00:00.067685,19,1.95,15,4,14,1.0,0.95,9,44,87,150,0,2.05,2.7,1.5,1.6,20,4.6,10.0,3.5,3.0,3.1,False,False,,,,,,,,,COMPLETE
1444,-1000000000.0,2026-04-01 03:03:01.136320,2026-04-01 03:03:01.209131,0 days 00:00:00.072811,16,2.0,17,5,19,1.4,0.55,8,43,92,30,6,1.0,4.6,1.05,2.6,26,4.1,8.4,3.0,5.1,1.7,True,True,,,,,,,,,COMPLETE
1445,-1000000000.0,2026-04-01 03:03:01.247585,2026-04-01 03:03:01.318893,0 days 00:00:00.071308,12,1.7999999999999998,14,1,12,1.8,0.6,7,40,76,120,5,1.4,4.800000000000001,1.85,1.7,12,5.800000000000001,12.2,6.2,6.9,2.3,False,True,,,,,,,,,COMPLETE
1446,-1000000000.0,2026-04-01 03:03:01.356769,2026-04-01 03:03:01.432482,0 days 00:00:00.075713,18,1.45,19,3,15,1.45,0.5,10,39,88,90,3,1.2,2.5,1.45,1.5,6,5.6,9.6,4.8,4.6,2.2,True,False,,,,,,,,,COMPLETE
1447,-1000000000.0,2026-04-01 03:03:01.484554,2026-04-01 03:03:01.562232,0 days 00:00:00.077678,14,1.9,21,0,10,2.0,0.6,8,36,73,150,0,1.25,2.6,1.65,3.3,10,5.0,12.4,6.300000000000001,3.7,2.8,False,True,,,,,,,,,COMPLETE
1448,-1000000000.0,2026-04-01 03:03:01.604804,2026-04-01 03:03:01.689434,0 days 00:00:00.084630,15,1.65,14,1,12,1.05,0.65,9,44,85,180,5,1.35,2.2,1.1,1.8,27,5.1,13.0,5.6,3.4,3.8000000000000003,True,True,,,,,,,,,COMPLETE
1449,-1000000000.0,2026-04-01 03:03:01.733170,2026-04-01 03:03:01.825434,0 days 00:00:00.092264,20,2.5,15,2,20,1.55,0.55,7,43,81,150,6,1.45,2.9,1.6,1.6,16,6.0,15.0,6.4,3.9,1.6,False,True,,,,,,,,,COMPLETE
1450,-1000000000.0,2026-04-01 03:03:01.867290,2026-04-01 03:03:01.953544,0 days 00:00:00.086254,16,2.25,16,4,15,1.6,0.8,9,42,77,120,4,1.9500000000000002,2.3,1.7000000000000002,2.1,13,3.9,11.6,3.1,5.800000000000001,2.0,True,False,,,,,,,,,COMPLETE
1451,-1000000000.0,2026-04-01 03:03:02.002934,2026-04-01 03:03:05.582876,0 days 00:00:03.579942,18,1.7,17,3,16,1.15,0.55,6,37,86,30,2,1.15,2.5,1.75,2.4,21,5.2,12.0,4.0,6.7,1.8,False,True,,,,,,,,,COMPLETE
1452,-1000000000.0,2026-04-01 03:03:05.617484,2026-04-01 03:03:05.685244,0 days 00:00:00.067760,13,1.8499999999999999,20,2,14,1.9500000000000002,0.7,8,41,84,180,3,1.05,2.4,1.9500000000000002,2.0,17,5.3,13.600000000000001,3.3,4.0,2.7,True,True,,,,,,,,,COMPLETE
1453,-1000000000.0,2026-04-01 03:03:05.722364,2026-04-01 03:03:08.701753,0 days 00:00:02.979389,17,2.2,23,5,18,1.1,0.6,10,40,83,90,4,2.0,3.0,1.3,2.2,19,5.5,9.8,3.4,3.1,2.1,False,True,,,,,,,,,COMPLETE
1454,-1000000000.0,2026-04-01 03:03:08.733807,2026-04-01 03:03:08.789853,0 days 00:00:00.056046,20,2.05,25,0,13,1.2,0.5,9,39,99,150,1,1.4,2.1,1.55,2.0,23,5.7,10.6,5.7,6.1,2.9000000000000004,True,False,,,,,,,,,COMPLETE
1455,-1000000000.0,2026-04-01 03:03:08.827588,2026-04-01 03:03:08.902007,0 days 00:00:00.074419,19,1.75,24,1,12,1.3,0.9,8,35,78,60,5,1.75,2.0,1.8,1.6,16,5.4,8.0,4.3,6.2,2.4,True,True,,,,,,,,,COMPLETE
1456,-1000000000.0,2026-04-01 03:03:08.937771,2026-04-01 03:03:09.004033,0 days 00:00:00.066262,11,1.5499999999999998,14,1,11,1.35,0.8500000000000001,7,44,90,30,6,1.5,3.5,1.75,1.5,18,5.6,12.0,3.6,4.1,2.5,False,True,,,,,,,,,COMPLETE
1457,-1000000000.0,2026-04-01 03:03:09.040189,2026-04-01 03:03:09.106357,0 days 00:00:00.066168,14,2.4,21,3,17,1.5,0.55,8,43,80,120,5,2.1,3.1,1.85,3.2,29,5.9,16.4,6.6,4.3,3.2,True,True,,,,,,,,,COMPLETE
1458,-1000000000.0,2026-04-01 03:03:09.142703,2026-04-01 03:03:09.257273,0 days 00:00:00.114570,15,2.5,22,2,19,1.65,0.7,9,42,87,120,0,1.6,4.2,1.0,2.5,14,3.7,15.4,5.5,6.0,2.6,False,False,,,,,,,,,COMPLETE
1459,-1000000000.0,2026-04-01 03:03:09.298522,2026-04-01 03:03:09.377231,0 days 00:00:00.078709,10,2.35,15,0,14,1.0,0.55,6,38,71,150,2,1.2,2.4,1.7000000000000002,1.9,30,4.9,13.8,6.7,6.6,1.5,True,True,,,,,,,,,COMPLETE
1460,-1000000000.0,2026-04-01 03:03:09.417051,2026-04-01 03:03:12.613705,0 days 00:00:03.196654,16,2.3,14,4,20,1.25,0.65,9,41,96,180,3,1.35,4.5,1.25,2.1,8,4.7,9.0,6.800000000000001,3.3,3.0,False,True,,,,,,,,,COMPLETE
