number,value,state,datetime_start,datetime_complete,duration_seconds,params_json,fold_sharpes_json,avg_cv_sharpe
242,-1000000000.0,TrialState.COMPLETE,2026-04-01T02:13:50.851878,2026-04-01T02:13:50.876003,0.024125,"{""atr_window"": 14, ""bb_std_dev"": 2.25, ""bb_window"": 14, ""cooldown"": 3, ""macd_fast"": 16, ""macd_k"": 1.05, ""macd_k_mid"": 0.65, ""macd_signal"": 7, ""macd_slow"": 44, ""macd_std_window"": 96, ""rebalance_freq"": 60, ""rebounce_block"": 6, ""sl_mult_lm"": 1.55, ""sl_mult_lr"": 2.5, ""sl_mult_sm"": 1.45, ""sl_mult_sr"": 3.4000000000000004, ""time_stop"": 9, ""tp_mult_lm"": 4.4, ""tp_mult_lr"": 13.600000000000001, ""tp_mult_sm"": 4.1, ""tp_mult_sr"": 3.8, ""trail_mult"": 2.2, ""trail_tp"": false, ""use_trailing"": true}",{},
243,-1000000000.0,TrialState.COMPLETE,2026-04-01T02:13:50.905278,2026-04-01T02:13:50.929282,0.024004,"{""atr_window"": 14, ""bb_std_dev"": 1.5, ""bb_window"": 14, ""cooldown"": 3, ""macd_fast"": 16, ""macd_k"": 1.2, ""macd_k_mid"": 0.65, ""macd_signal"": 7, ""macd_slow"": 44, ""macd_std_window"": 97, ""rebalance_freq"": 60, ""rebounce_block"": 6, ""sl_mult_lm"": 1.5, ""sl_mult_lr"": 2.7, ""sl_mult_sm"": 1.4, ""sl_mult_sr"": 1.7, ""time_stop"": 10, ""tp_mult_lm"": 4.5, ""tp_mult_lr"": 13.4, ""tp_mult_sm"": 4.4, ""tp_mult_sr"": 4.3, ""trail_mult"": 1.9, ""trail_tp"": false, ""use_trailing"": true}",{},
244,-1000000000.0,TrialState.COMPLETE,2026-04-01T02:13:50.961716,2026-04-01T02:13:50.984496,0.02278,"{""atr_window"": 14, ""bb_std_dev"": 2.35, ""bb_window"": 15, ""cooldown"": 3, ""macd_fast"": 17, ""macd_k"": 1.1, ""macd_k_mid"": 0.65, ""macd_signal"": 7, ""macd_slow"": 44, ""macd_std_window"": 95, ""rebalance_freq"": 60, ""rebounce_block"": 6, ""sl_mult_lm"": 1.55, ""sl_mult_lr"": 2.5, ""sl_mult_sm"": 1.6, ""sl_mult_sr"": 1.6, ""time_stop"": 12, ""tp_mult_lm"": 4.8, ""tp_mult_lr"": 14.0, ""tp_mult_sm"": 3.6, ""tp_mult_sr"": 4.9, ""trail_mult"": 2.3, ""trail_tp"": false, ""use_trailing"": true}",{},
245,-1000000000.0,TrialState.COMPLETE,2026-04-01T02:13:51.012939,2026-04-01T02:13:51.037562,0.024623,"{""atr_window"": 19, ""bb_std_dev"": 1.5499999999999998, ""bb_window"": 14, ""cooldown"": 4, ""macd_fast"": 16, ""macd_k"": 1.15, ""macd_k_mid"": 0.65, ""macd_signal"": 9, ""macd_slow"": 41, ""macd_std_window"": 73, ""rebalance_freq"": 60, ""rebounce_block"": 6, ""sl_mult_lm"": 1.0, ""sl_mult_lr"": 4.2, ""sl_mult_sm"": 1.65, ""sl_mult_sr"": 2.1, ""time_stop"": 8, ""tp_mult_lm"": 4.7, ""tp_mult_lr"": 13.2, ""tp_mult_sm"": 3.9, ""tp_mult_sr"": 4.7, ""trail_mult"": 1.9, ""trail_tp"": false, ""use_trailing"": true}",{},
246,-1000000000.0,TrialState.COMPLETE,2026-04-01T02:13:51.067810,2026-04-01T02:13:53.581479,2.513669,"{""atr_window"": 12, ""bb_std_dev"": 2.3, ""bb_window"": 18, ""cooldown"": 3, ""macd_fast"": 15, ""macd_k"": 1.4, ""macd_k_mid"": 0.55, ""macd_signal"": 7, ""macd_slow"": 36, ""macd_std_window"": 70, ""rebalance_freq"": 150, ""rebounce_block"": 3, ""sl_mult_lm"": 1.35, ""sl_mult_lr"": 2.8, ""sl_mult_sm"": 1.05, ""sl_mult_sr"": 1.9, ""time_stop"": 19, ""tp_mult_lm"": 3.5, ""tp_mult_lr"": 15.2, ""tp_mult_sm"": 6.800000000000001, ""tp_mult_sr"": 5.2, ""trail_mult"": 1.8, ""trail_tp"": true, ""use_trailing"": false}",{},
247,-1000000000.0,TrialState.COMPLETE,2026-04-01T02:13:53.621022,2026-04-01T02:13:53.653026,0.032004,"{""atr_window"": 15, ""bb_std_dev"": 2.35, ""bb_window"": 17, ""cooldown"": 0, ""macd_fast"": 20, ""macd_k"": 1.65, ""macd_k_mid"": 0.65, ""macd_signal"": 8, ""macd_slow"": 44, ""macd_std_window"": 97, ""rebalance_freq"": 150, ""rebounce_block"": 2, ""sl_mult_lm"": 1.45, ""sl_mult_lr"": 2.6, ""sl_mult_sm"": 1.4, ""sl_mult_sr"": 2.3, ""time_stop"": 6, ""tp_mult_lm"": 5.9, ""tp_mult_lr"": 10.8, ""tp_mult_sm"": 4.2, ""tp_mult_sr"": 5.800000000000001, ""trail_mult"": 2.7, ""trail_tp"": false, ""use_trailing"": true}",{},
248,-1000000000.0,TrialState.COMPLETE,2026-04-01T02:13:53.689563,2026-04-01T02:13:53.718671,0.029108,"{""atr_window"": 13, ""bb_std_dev"": 2.25, ""bb_window"": 14, ""cooldown"": 2, ""macd_fast"": 16, ""macd_k"": 1.75, ""macd_k_mid"": 0.5, ""macd_signal"": 6, ""macd_slow"": 43, ""macd_std_window"": 88, ""rebalance_freq"": 60, ""rebounce_block"": 5, ""sl_mult_lm"": 1.6, ""sl_mult_lr"": 5.0, ""sl_mult_sm"": 1.1, ""sl_mult_sr"": 2.0, ""time_stop"": 21, ""tp_mult_lm"": 5.2, ""tp_mult_lr"": 9.2, ""tp_mult_sm"": 3.0, ""tp_mult_sr"": 3.2, ""trail_mult"": 2.6, ""trail_tp"": true, ""use_trailing"": true}",{},
249,-1000000000.0,TrialState.COMPLETE,2026-04-01T02:13:53.753408,2026-04-01T02:13:53.780212,0.026804,"{""atr_window"": 20, ""bb_std_dev"": 2.05, ""bb_window"": 15, ""cooldown"": 1, ""macd_fast"": 14, ""macd_k"": 1.5, ""macd_k_mid"": 0.7, ""macd_signal"": 8, ""macd_slow"": 38, ""macd_std_window"": 85, ""rebalance_freq"": 180, ""rebounce_block"": 4, ""sl_mult_lm"": 1.55, ""sl_mult_lr"": 2.9, ""sl_mult_sm"": 1.75, ""sl_mult_sr"": 1.8, ""time_stop"": 10, ""tp_mult_lm"": 5.6, ""tp_mult_lr"": 13.8, ""tp_mult_sm"": 5.6, ""tp_mult_sr"": 5.4, ""trail_mult"": 2.0, ""trail_tp"": false, ""use_trailing"": true}",{},
250,-1000000000.0,TrialState.COMPLETE,2026-04-01T02:13:53.812874,2026-04-01T02:13:53.832700,0.019826,"{""atr_window"": 16, ""bb_std_dev"": 2.15, ""bb_window"": 19, ""cooldown"": 3, ""macd_fast"": 10, ""macd_k"": 1.6, ""macd_k_mid"": 0.6, ""macd_signal"": 9, ""macd_slow"": 42, ""macd_std_window"": 81, ""rebalance_freq"": 120, ""rebounce_block"": 2, ""sl_mult_lm"": 1.1, ""sl_mult_lr"": 2.4, ""sl_mult_sm"": 1.55, ""sl_mult_sr"": 1.7, ""time_stop"": 20, ""tp_mult_lm"": 5.800000000000001, ""tp_mult_lr"": 14.4, ""tp_mult_sm"": 5.1, ""tp_mult_sr"": 4.8, ""trail_mult"": 3.9000000000000004, ""trail_tp"": true, ""use_trailing"": false}",{},
251,-1000000000.0,TrialState.COMPLETE,2026-04-01T02:13:53.864343,2026-04-01T02:13:56.409759,2.545416,"{""atr_window"": 20, ""bb_std_dev"": 1.5999999999999999, ""bb_window"": 14, ""cooldown"": 4, ""macd_fast"": 15, ""macd_k"": 1.35, ""macd_k_mid"": 0.55, ""macd_signal"": 7, ""macd_slow"": 37, ""macd_std_window"": 74, ""rebalance_freq"": 30, ""rebounce_block"": 6, ""sl_mult_lm"": 1.25, ""sl_mult_lr"": 2.7, ""sl_mult_sm"": 1.2, ""sl_mult_sr"": 2.7, ""time_stop"": 0, ""tp_mult_lm"": 3.7, ""tp_mult_lr"": 14.8, ""tp_mult_sm"": 4.5, ""tp_mult_sr"": 3.1, ""trail_mult"": 1.6, ""trail_tp"": false, ""use_trailing"": true}",{},
252,-1000000000.0,TrialState.COMPLETE,2026-04-01T02:13:56.434232,2026-04-01T02:13:56.456873,0.022641,"{""atr_window"": 14, ""bb_std_dev"": 1.75, ""bb_window"": 20, ""cooldown"": 0, ""macd_fast"": 12, ""macd_k"": 1.0, ""macd_k_mid"": 0.8500000000000001, ""macd_signal"": 9, ""macd_slow"": 40, ""macd_std_window"": 90, ""rebalance_freq"": 150, ""rebounce_block"": 5, ""sl_mult_lm"": 1.65, ""sl_mult_lr"": 2.6, ""sl_mult_sm"": 1.7000000000000002, ""sl_mult_sr"": 1.6, ""time_stop"": 8, ""tp_mult_lm"": 4.1, ""tp_mult_lr"": 12.600000000000001, ""tp_mult_sm"": 4.9, ""tp_mult_sr"": 5.0, ""trail_mult"": 3.6, ""trail_tp"": true, ""use_trailing"": true}",{},
253,-1000000000.0,TrialState.COMPLETE,2026-04-01T02:13:56.485250,2026-04-01T02:13:59.014853,2.529603,"{""atr_window"": 12, ""bb_std_dev"": 1.7, ""bb_window"": 21, ""cooldown"": 1, ""macd_fast"": 19, ""macd_k"": 1.2, ""macd_k_mid"": 0.6, ""macd_signal"": 10, ""macd_slow"": 41, ""macd_std_window"": 82, ""rebalance_freq"": 90, ""rebounce_block"": 3, ""sl_mult_lm"": 1.0, ""sl_mult_lr"": 2.3, ""sl_mult_sm"": 1.9, ""sl_mult_sr"": 1.5, ""time_stop"": 13, ""tp_mult_lm"": 4.9, ""tp_mult_lr"": 15.8, ""tp_mult_sm"": 3.4, ""tp_mult_sr"": 5.300000000000001, ""trail_mult"": 2.3, ""trail_tp"": false, ""use_trailing"": false}",{},
254,-1000000000.0,TrialState.COMPLETE,2026-04-01T02:13:59.052578,2026-04-01T02:13:59.090329,0.037751,"{""atr_window"": 18, ""bb_std_dev"": 2.5, ""bb_window"": 17, ""cooldown"": 2, ""macd_fast"": 17, ""macd_k"": 1.25, ""macd_k_mid"": 0.9, ""macd_signal"": 8, ""macd_slow"": 43, ""macd_std_window"": 83, ""rebalance_freq"": 180, ""rebounce_block"": 0, ""sl_mult_lm"": 1.7000000000000002, ""sl_mult_lr"": 4.4, ""sl_mult_sm"": 1.35, ""sl_mult_sr"": 2.2, ""time_stop"": 1, ""tp_mult_lm"": 4.2, ""tp_mult_lr"": 10.4, ""tp_mult_sm"": 4.0, ""tp_mult_sr"": 6.1, ""trail_mult"": 3.0, ""trail_tp"": true, ""use_trailing"": true}",{},
255,-1000000000.0,TrialState.COMPLETE,2026-04-01T02:13:59.120618,2026-04-01T02:13:59.151776,0.031158,"{""atr_window"": 15, ""bb_std_dev"": 2.2, ""bb_window"": 16, ""cooldown"": 5, ""macd_fast"": 11, ""macd_k"": 1.85, ""macd_k_mid"": 0.55, ""macd_signal"": 7, ""macd_slow"": 44, ""macd_std_window"": 92, ""rebalance_freq"": 120, ""rebounce_block"": 6, ""sl_mult_lm"": 1.4, ""sl_mult_lr"": 4.9, ""sl_mult_sm"": 1.75, ""sl_mult_sr"": 2.4, ""time_stop"": 4, ""tp_mult_lm"": 5.3, ""tp_mult_lr"": 11.2, ""tp_mult_sm"": 3.5, ""tp_mult_sr"": 5.6, ""trail_mult"": 1.7, ""trail_tp"": false, ""use_trailing"": true}",{},
256,-1000000000.0,TrialState.COMPLETE,2026-04-01T02:13:59.186368,2026-04-01T02:14:02.031809,2.845441,"{""atr_window"": 13, ""bb_std_dev"": 2.3, ""bb_window"": 14, ""cooldown"": 2, ""macd_fast"": 18, ""macd_k"": 1.1, ""macd_k_mid"": 0.65, ""macd_signal"": 9, ""macd_slow"": 36, ""macd_std_window"": 77, ""rebalance_freq"": 150, ""rebounce_block"": 4, ""sl_mult_lm"": 1.85, ""sl_mult_lr"": 3.2, ""sl_mult_sm"": 1.85, ""sl_mult_sr"": 2.1, ""time_stop"": 16, ""tp_mult_lm"": 5.5, ""tp_mult_lr"": 12.2, ""tp_mult_sm"": 6.0, ""tp_mult_sr"": 5.7, ""trail_mult"": 2.1, ""trail_tp"": true, ""use_trailing"": true}",{},
257,-1000000000.0,TrialState.COMPLETE,2026-04-01T02:14:02.061773,2026-04-01T02:14:02.084964,0.023191,"{""atr_window"": 17, ""bb_std_dev"": 1.65, ""bb_window"": 14, ""cooldown"": 1, ""macd_fast"": 14, ""macd_k"": 1.9, ""macd_k_mid"": 0.7, ""macd_signal"": 6, ""macd_slow"": 37, ""macd_std_window"": 97, ""rebalance_freq"": 90, ""rebounce_block"": 5, ""sl_mult_lm"": 2.2, ""sl_mult_lr"": 2.5, ""sl_mult_sm"": 1.8, ""sl_mult_sr"": 1.6, ""time_stop"": 11, ""tp_mult_lm"": 4.0, ""tp_mult_lr"": 11.8, ""tp_mult_sm"": 6.9, ""tp_mult_sr"": 3.4, ""trail_mult"": 2.9000000000000004, ""trail_tp"": false, ""use_trailing"": false}",{},
258,-1000000000.0,TrialState.COMPLETE,2026-04-01T02:14:02.114947,2026-04-01T02:14:04.974572,2.859625,"{""atr_window"": 19, ""bb_std_dev"": 2.1, ""bb_window"": 14, ""cooldown"": 3, ""macd_fast"": 20, ""macd_k"": 1.45, ""macd_k_mid"": 0.8, ""macd_signal"": 8, ""macd_slow"": 39, ""macd_std_window"": 98, ""rebalance_freq"": 30, ""rebounce_block"": 1, ""sl_mult_lm"": 1.3, ""sl_mult_lr"": 2.4, ""sl_mult_sm"": 1.3, ""sl_mult_sr"": 1.5, ""time_stop"": 3, ""tp_mult_lm"": 5.6, ""tp_mult_lr"": 9.8, ""tp_mult_sm"": 3.1, ""tp_mult_sr"": 4.0, ""trail_mult"": 3.7, ""trail_tp"": true, ""use_trailing"": true}",{},
259,-1000000000.0,TrialState.COMPLETE,2026-04-01T02:14:05.007604,2026-04-01T02:14:05.046998,0.039394,"{""atr_window"": 16, ""bb_std_dev"": 2.4, ""bb_window"": 24, ""cooldown"": 0, ""macd_fast"": 13, ""macd_k"": 1.3, ""macd_k_mid"": 0.75, ""macd_signal"": 5, ""macd_slow"": 44, ""macd_std_window"": 71, ""rebalance_freq"": 180, ""rebounce_block"": 3, ""sl_mult_lm"": 1.35, ""sl_mult_lr"": 2.2, ""sl_mult_sm"": 1.5, ""sl_mult_sr"": 2.5, ""time_stop"": 17, ""tp_mult_lm"": 4.5, ""tp_mult_lr"": 10.4, ""tp_mult_sm"": 4.4, ""tp_mult_sr"": 4.5, ""trail_mult"": 3.2, ""trail_tp"": false, ""use_trailing"": true}",{},
260,-1000000000.0,TrialState.COMPLETE,2026-04-01T02:14:05.074248,2026-04-01T02:14:05.096968,0.02272,"{""atr_window"": 18, ""bb_std_dev"": 1.8499999999999999, ""bb_window"": 23, ""cooldown"": 4, ""macd_fast"": 10, ""macd_k"": 1.5, ""macd_k_mid"": 0.5, ""macd_signal"": 7, ""macd_slow"": 40, ""macd_std_window"": 86, ""rebalance_freq"": 150, ""rebounce_block"": 6, ""sl_mult_lm"": 1.9, ""sl_mult_lr"": 4.300000000000001, ""sl_mult_sm"": 1.65, ""sl_mult_sr"": 1.7, ""time_stop"": 22, ""tp_mult_lm"": 5.9, ""tp_mult_lr"": 9.6, ""tp_mult_sm"": 3.2, ""tp_mult_sr"": 5.1, ""trail_mult"": 3.4000000000000004, ""trail_tp"": true, ""use_trailing"": false}",{},
261,-1000000000.0,TrialState.COMPLETE,2026-04-01T02:14:05.125049,2026-04-01T02:14:05.147802,0.022753,"{""atr_window"": 17, ""bb_std_dev"": 2.45, ""bb_window"": 22, ""cooldown"": 2, ""macd_fast"": 15, ""macd_k"": 1.15, ""macd_k_mid"": 0.6, ""macd_signal"": 9, ""macd_slow"": 42, ""macd_std_window"": 100, ""rebalance_freq"": 90, ""rebounce_block"": 5, ""sl_mult_lm"": 1.2, ""sl_mult_lr"": 2.5, ""sl_mult_sm"": 1.9500000000000002, ""sl_mult_sr"": 2.6, ""time_stop"": 20, ""tp_mult_lm"": 5.7, ""tp_mult_lr"": 8.4, ""tp_mult_sm"": 5.9, ""tp_mult_sr"": 4.1, ""trail_mult"": 2.7, ""trail_tp"": false, ""use_trailing"": true}",{},
262,-1000000000.0,TrialState.COMPLETE,2026-04-01T02:14:05.175277,2026-04-01T02:14:05.204966,0.029689,"{""atr_window"": 20, ""bb_std_dev"": 1.9, ""bb_window"": 16, ""cooldown"": 1, ""macd_fast"": 16, ""macd_k"": 1.05, ""macd_k_mid"": 0.55, ""macd_signal"": 10, ""macd_slow"": 41, ""macd_std_window"": 89, ""rebalance_freq"": 150, ""rebounce_block"": 2, ""sl_mult_lm"": 1.8, ""sl_mult_lr"": 2.8, ""sl_mult_sm"": 1.55, ""sl_mult_sr"": 2.9000000000000004, ""time_stop"": 14, ""tp_mult_lm"": 4.8, ""tp_mult_lr"": 13.0, ""tp_mult_sm"": 7.0, ""tp_mult_sr"": 6.9, ""trail_mult"": 3.1, ""trail_tp"": true, ""use_trailing"": true}",{},
263,-1000000000.0,TrialState.COMPLETE,2026-04-01T02:14:05.232082,2026-04-01T02:14:05.254803,0.022721,"{""atr_window"": 15, ""bb_std_dev"": 2.0, ""bb_window"": 18, ""cooldown"": 5, ""macd_fast"": 12, ""macd_k"": 1.55, ""macd_k_mid"": 0.95, ""macd_signal"": 8, ""macd_slow"": 35, ""macd_std_window"": 70, ""rebalance_freq"": 60, ""rebounce_block"": 6, ""sl_mult_lm"": 1.45, ""sl_mult_lr"": 2.0, ""sl_mult_sm"": 2.0, ""sl_mult_sr"": 2.0, ""time_stop"": 7, ""tp_mult_lm"": 5.4, ""tp_mult_lr"": 9.4, ""tp_mult_sm"": 4.2, ""tp_mult_sr"": 5.5, ""trail_mult"": 2.5, ""trail_tp"": false, ""use_trailing"": true}",{},
264,-1000000000.0,TrialState.COMPLETE,2026-04-01T02:14:05.284010,2026-04-01T02:14:05.310213,0.026203,"{""atr_window"": 14, ""bb_std_dev"": 2.25, ""bb_window"": 15, ""cooldown"": 3, ""macd_fast"": 14, ""macd_k"": 1.4, ""macd_k_mid"": 0.55, ""macd_signal"": 9, ""macd_slow"": 43, ""macd_std_window"": 96, ""rebalance_freq"": 30, ""rebounce_block"": 2, ""sl_mult_lm"": 1.15, ""sl_mult_lr"": 4.1, ""sl_mult_sm"": 1.8, ""sl_mult_sr"": 1.9, ""time_stop"": 23, ""tp_mult_lm"": 4.3, ""tp_mult_lr"": 12.0, ""tp_mult_sm"": 5.0, ""tp_mult_sr"": 3.7, ""trail_mult"": 1.9, ""trail_tp"": true, ""use_trailing"": false}",{},
265,-1000000000.0,TrialState.COMPLETE,2026-04-01T02:14:05.339177,2026-04-01T02:14:08.039478,2.700301,"{""atr_window"": 16, ""bb_std_dev"": 2.5, ""bb_window"": 17, ""cooldown"": 4, ""macd_fast"": 18, ""macd_k"": 2.0, ""macd_k_mid"": 0.7, ""macd_signal"": 7, ""macd_slow"": 38, ""macd_std_window"": 91, ""rebalance_freq"": 180, ""rebounce_block"": 5, ""sl_mult_lm"": 2.1, ""sl_mult_lr"": 2.2, ""sl_mult_sm"": 1.45, ""sl_mult_sr"": 1.8, ""time_stop"": 9, ""tp_mult_lm"": 6.0, ""tp_mult_lr"": 13.4, ""tp_mult_sm"": 5.300000000000001, ""tp_mult_sr"": 6.5, ""trail_mult"": 1.8, ""trail_tp"": false, ""use_trailing"": true}",{},
266,-1000000000.0,TrialState.COMPLETE,2026-04-01T02:14:08.071674,2026-04-01T02:14:08.097773,0.026099,"{""atr_window"": 11, ""bb_std_dev"": 2.35, ""bb_window"": 20, ""cooldown"": 1, ""macd_fast"": 13, ""macd_k"": 1.7000000000000002, ""macd_k_mid"": 0.65, ""macd_signal"": 10, ""macd_slow"": 40, ""macd_std_window"": 99, ""rebalance_freq"": 120, ""rebounce_block"": 0, ""sl_mult_lm"": 1.25, ""sl_mult_lr"": 4.2, ""sl_mult_sm"": 1.6, ""sl_mult_sr"": 2.8, ""time_stop"": 26, ""tp_mult_lm"": 4.6, ""tp_mult_lr"": 11.0, ""tp_mult_sm"": 3.7, ""tp_mult_sr"": 3.0, ""trail_mult"": 3.3, ""trail_tp"": true, ""use_trailing"": true}",{},
267,-1000000000.0,TrialState.COMPLETE,2026-04-01T02:14:08.137069,2026-04-01T02:14:08.163132,0.026063,"{""atr_window"": 10, ""bb_std_dev"": 2.2, ""bb_window"": 15, ""cooldown"": 0, ""macd_fast"": 12, ""macd_k"": 1.65, ""macd_k_mid"": 0.5, ""macd_signal"": 8, ""macd_slow"": 43, ""macd_std_window"": 93, ""rebalance_freq"": 150, ""rebounce_block"": 4, ""sl_mult_lm"": 2.0, ""sl_mult_lr"": 3.3, ""sl_mult_sm"": 1.05, ""sl_mult_sr"": 1.5, ""time_stop"": 15, ""tp_mult_lm"": 5.0, ""tp_mult_lr"": 11.8, ""tp_mult_sm"": 5.7, ""tp_mult_sr"": 3.8, ""trail_mult"": 2.0, ""trail_tp"": false, ""use_trailing"": true}",{},
268,-1000000000.0,TrialState.COMPLETE,2026-04-01T02:14:08.190342,2026-04-01T02:14:08.212790,0.022448,"{""atr_window"": 18, ""bb_std_dev"": 2.15, ""bb_window"": 14, ""cooldown"": 2, ""macd_fast"": 11, ""macd_k"": 1.15, ""macd_k_mid"": 0.75, ""macd_signal"": 7, ""macd_slow"": 37, ""macd_std_window"": 95, ""rebalance_freq"": 180, ""rebounce_block"": 3, ""sl_mult_lm"": 1.5, ""sl_mult_lr"": 2.1, ""sl_mult_sm"": 1.7000000000000002, ""sl_mult_sr"": 2.2, ""time_stop"": 18, ""tp_mult_lm"": 4.4, ""tp_mult_lr"": 10.6, ""tp_mult_sm"": 6.6, ""tp_mult_sr"": 3.9, ""trail_mult"": 2.2, ""trail_tp"": false, ""use_trailing"": false}",{},
269,-1000000000.0,TrialState.COMPLETE,2026-04-01T02:14:08.243275,2026-04-01T02:14:08.265031,0.021756,"{""atr_window"": 15, ""bb_std_dev"": 1.75, ""bb_window"": 16, ""cooldown"": 3, ""macd_fast"": 20, ""macd_k"": 1.0, ""macd_k_mid"": 0.65, ""macd_signal"": 8, ""macd_slow"": 44, ""macd_std_window"": 80, ""rebalance_freq"": 90, ""rebounce_block"": 5, ""sl_mult_lm"": 1.4, ""sl_mult_lr"": 2.4, ""sl_mult_sm"": 1.4, ""sl_mult_sr"": 2.1, ""time_stop"": 19, ""tp_mult_lm"": 5.2, ""tp_mult_lr"": 8.0, ""tp_mult_sm"": 6.2, ""tp_mult_sr"": 6.7, ""trail_mult"": 2.4, ""trail_tp"": true, ""use_trailing"": true}",{},
270,-1000000000.0,TrialState.COMPLETE,2026-04-01T02:14:08.292085,2026-04-01T02:14:08.314322,0.022237,"{""atr_window"": 14, ""bb_std_dev"": 2.4, ""bb_window"": 25, ""cooldown"": 1, ""macd_fast"": 16, ""macd_k"": 1.35, ""macd_k_mid"": 0.6, ""macd_signal"": 6, ""macd_slow"": 39, ""macd_std_window"": 88, ""rebalance_freq"": 120, ""rebounce_block"": 6, ""sl_mult_lm"": 1.3, ""sl_mult_lr"": 2.6, ""sl_mult_sm"": 1.9, ""sl_mult_sr"": 1.7, ""time_stop"": 5, ""tp_mult_lm"": 5.5, ""tp_mult_lr"": 10.0, ""tp_mult_sm"": 4.6, ""tp_mult_sr"": 5.9, ""trail_mult"": 2.1, ""trail_tp"": false, ""use_trailing"": true}",{},
271,-1000000000.0,TrialState.COMPLETE,2026-04-01T02:14:08.341621,2026-04-01T02:14:08.363537,0.021916,"{""atr_window"": 18, ""bb_std_dev"": 1.65, ""bb_window"": 21, ""cooldown"": 4, ""macd_fast"": 14, ""macd_k"": 1.55, ""macd_k_mid"": 1.0, ""macd_signal"": 5, ""macd_slow"": 41, ""macd_std_window"": 79, ""rebalance_freq"": 180, ""rebounce_block"": 4, ""sl_mult_lm"": 1.0, ""sl_mult_lr"": 3.0, ""sl_mult_sm"": 1.75, ""sl_mult_sr"": 2.3, ""time_stop"": 8, ""tp_mult_lm"": 5.3, ""tp_mult_lr"": 8.8, ""tp_mult_sm"": 6.4, ""tp_mult_sr"": 6.300000000000001, ""trail_mult"": 3.0, ""trail_tp"": true, ""use_trailing"": true}",{},
272,-1000000000.0,TrialState.COMPLETE,2026-04-01T02:14:08.390360,2026-04-01T02:14:10.918298,2.527938,"{""atr_window"": 20, ""bb_std_dev"": 2.3, ""bb_window"": 14, ""cooldown"": 2, ""macd_fast"": 15, ""macd_k"": 1.15, ""macd_k_mid"": 0.7, ""macd_signal"": 9, ""macd_slow"": 36, ""macd_std_window"": 84, ""rebalance_freq"": 60, ""rebounce_block"": 3, ""sl_mult_lm"": 1.35, ""sl_mult_lr"": 3.1, ""sl_mult_sm"": 1.1, ""sl_mult_sr"": 3.0, ""time_stop"": 30, ""tp_mult_lm"": 5.1, ""tp_mult_lr"": 11.6, ""tp_mult_sm"": 4.0, ""tp_mult_sr"": 6.2, ""trail_mult"": 3.2, ""trail_tp"": false, ""use_trailing"": false}",{},
273,-1000000000.0,TrialState.COMPLETE,2026-04-01T02:14:10.960002,2026-04-01T02:14:10.982753,0.022751,"{""atr_window"": 13, ""bb_std_dev"": 2.45, ""bb_window"": 15, ""cooldown"": 0, ""macd_fast"": 12, ""macd_k"": 1.2, ""macd_k_mid"": 0.55, ""macd_signal"": 8, ""macd_slow"": 42, ""macd_std_window"": 89, ""rebalance_freq"": 150, ""rebounce_block"": 0, ""sl_mult_lm"": 1.9500000000000002, ""sl_mult_lr"": 2.7, ""sl_mult_sm"": 1.0, ""sl_mult_sr"": 3.5, ""time_stop"": 21, ""tp_mult_lm"": 5.3, ""tp_mult_lr"": 13.8, ""tp_mult_sm"": 4.3, ""tp_mult_sr"": 4.6, ""trail_mult"": 2.8, ""trail_tp"": true, ""use_trailing"": true}",{},
274,-1000000000.0,TrialState.COMPLETE,2026-04-01T02:14:11.012931,2026-04-01T02:14:11.035909,0.022978,"{""atr_window"": 19, ""bb_std_dev"": 2.05, ""bb_window"": 19, ""cooldown"": 5, ""macd_fast"": 10, ""macd_k"": 1.1, ""macd_k_mid"": 0.8500000000000001, ""macd_signal"": 9, ""macd_slow"": 40, ""macd_std_window"": 75, ""rebalance_freq"": 150, ""rebounce_block"": 1, ""sl_mult_lm"": 1.05, ""sl_mult_lr"": 4.800000000000001, ""sl_mult_sm"": 1.25, ""sl_mult_sr"": 3.2, ""time_stop"": 25, ""tp_mult_lm"": 5.7, ""tp_mult_lr"": 12.8, ""tp_mult_sm"": 4.8, ""tp_mult_sr"": 5.1, ""trail_mult"": 2.6, ""trail_tp"": false, ""use_trailing"": true}",{},
275,-1000000000.0,TrialState.COMPLETE,2026-04-01T02:14:11.066026,2026-04-01T02:14:13.633114,2.567088,"{""atr_window"": 16, ""bb_std_dev"": 1.95, ""bb_window"": 17, ""cooldown"": 1, ""macd_fast"": 17, ""macd_k"": 1.05, ""macd_k_mid"": 0.5, ""macd_signal"": 6, ""macd_slow"": 37, ""macd_std_window"": 92, ""rebalance_freq"": 30, ""rebounce_block"": 6, ""sl_mult_lm"": 1.6, ""sl_mult_lr"": 4.5, ""sl_mult_sm"": 1.35, ""sl_mult_sr"": 1.8, ""time_stop"": 24, ""tp_mult_lm"": 5.4, ""tp_mult_lr"": 16.4, ""tp_mult_sm"": 6.800000000000001, ""tp_mult_sr"": 4.7, ""trail_mult"": 3.1, ""trail_tp"": true, ""use_trailing"": false}",{},
276,-1000000000.0,TrialState.COMPLETE,2026-04-01T02:14:13.670132,2026-04-01T02:14:13.695630,0.025498,"{""atr_window"": 17, ""bb_std_dev"": 1.7, ""bb_window"": 16, ""cooldown"": 3, ""macd_fast"": 20, ""macd_k"": 1.5, ""macd_k_mid"": 0.8, ""macd_signal"": 8, ""macd_slow"": 44, ""macd_std_window"": 81, ""rebalance_freq"": 150, ""rebounce_block"": 5, ""sl_mult_lm"": 2.05, ""sl_mult_lr"": 3.4000000000000004, ""sl_mult_sm"": 1.85, ""sl_mult_sr"": 1.5, ""time_stop"": 17, ""tp_mult_lm"": 6.0, ""tp_mult_lr"": 12.600000000000001, ""tp_mult_sm"": 4.5, ""tp_mult_sr"": 4.9, ""trail_mult"": 3.7, ""trail_tp"": false, ""use_trailing"": true}",{},
