number,value,state,datetime_start,datetime_complete,duration_seconds,params_json,fold_sharpes_json,avg_cv_sharpe
85,-1000000000.0,TrialState.COMPLETE,2026-04-01T08:44:56.003480,2026-04-01T08:45:00.280249,4.276769,"{""atr_window"": 16, ""bb_std_dev"": 1.5499999999999998, ""bb_window"": 15, ""cooldown"": 3, ""macd_fast"": 14, ""macd_k"": 1.65, ""macd_k_mid"": 0.55, ""macd_signal"": 8, ""macd_slow"": 36, ""macd_std_window"": 89, ""rebalance_freq"": 120, ""rebounce_block"": 5, ""sl_mult_lm"": 2.1500000000000004, ""sl_mult_lr"": 2.6, ""sl_mult_sm"": 1.7000000000000002, ""sl_mult_sr"": 1.8, ""time_stop"": 24, ""tp_mult_lm"": 5.2, ""tp_mult_lr"": 10.8, ""tp_mult_sm"": 7.0, ""tp_mult_sr"": 5.300000000000001, ""trail_mult"": 2.8, ""trail_tp"": true, ""use_trailing"": true}",{},
86,-1000000000.0,TrialState.COMPLETE,2026-04-01T08:45:00.315316,2026-04-01T08:45:00.335419,0.020103,"{""atr_window"": 14, ""bb_std_dev"": 1.8499999999999999, ""bb_window"": 24, ""cooldown"": 5, ""macd_fast"": 13, ""macd_k"": 1.55, ""macd_k_mid"": 0.5, ""macd_signal"": 7, ""macd_slow"": 38, ""macd_std_window"": 90, ""rebalance_freq"": 90, ""rebounce_block"": 3, ""sl_mult_lm"": 1.9, ""sl_mult_lr"": 2.1, ""sl_mult_sm"": 1.9, ""sl_mult_sr"": 1.5, ""time_stop"": 29, ""tp_mult_lm"": 5.9, ""tp_mult_lr"": 10.0, ""tp_mult_sm"": 5.5, ""tp_mult_sr"": 4.0, ""trail_mult"": 2.6, ""trail_tp"": true, ""use_trailing"": true}",{},
2866,2.9648214285714287,TrialState.COMPLETE,2026-04-01T08:44:56.796885,2026-04-01T08:45:01.182831,4.385946,"{""atr_window"": 18, ""bb_std_dev"": 2.45, ""bb_window"": 21, ""cooldown"": 2, ""macd_fast"": 15, ""macd_k"": 1.05, ""macd_k_mid"": 0.7, ""macd_signal"": 5, ""macd_slow"": 35, ""macd_std_window"": 90, ""rebalance_freq"": 90, ""rebounce_block"": 5, ""sl_mult_lm"": 1.1, ""sl_mult_lr"": 2.6, ""sl_mult_sm"": 1.4, ""sl_mult_sr"": 1.7, ""time_stop"": 27, ""tp_mult_lm"": 5.2, ""tp_mult_lr"": 10.6, ""tp_mult_sm"": 3.0, ""tp_mult_sr"": 5.300000000000001, ""trail_mult"": 3.5, ""trail_tp"": false, ""use_trailing"": false}",{},
87,-1000000000.0,TrialState.COMPLETE,2026-04-01T08:45:00.408322,2026-04-01T08:45:04.582877,4.174555,"{""atr_window"": 13, ""bb_std_dev"": 2.3, ""bb_window"": 17, ""cooldown"": 2, ""macd_fast"": 15, ""macd_k"": 1.75, ""macd_k_mid"": 0.8, ""macd_signal"": 9, ""macd_slow"": 37, ""macd_std_window"": 98, ""rebalance_freq"": 150, ""rebounce_block"": 6, ""sl_mult_lm"": 2.2, ""sl_mult_lr"": 4.4, ""sl_mult_sm"": 1.85, ""sl_mult_sr"": 2.4, ""time_stop"": 27, ""tp_mult_lm"": 5.7, ""tp_mult_lr"": 10.4, ""tp_mult_sm"": 6.0, ""tp_mult_sr"": 3.4, ""trail_mult"": 2.9000000000000004, ""trail_tp"": false, ""use_trailing"": false}",{},
88,-1000000000.0,TrialState.COMPLETE,2026-04-01T08:45:04.623940,2026-04-01T08:45:04.642500,0.01856,"{""atr_window"": 17, ""bb_std_dev"": 1.75, ""bb_window"": 20, ""cooldown"": 0, ""macd_fast"": 10, ""macd_k"": 1.45, ""macd_k_mid"": 0.65, ""macd_signal"": 8, ""macd_slow"": 44, ""macd_std_window"": 99, ""rebalance_freq"": 30, ""rebounce_block"": 4, ""sl_mult_lm"": 2.05, ""sl_mult_lr"": 4.1, ""sl_mult_sm"": 1.0, ""sl_mult_sr"": 3.5, ""time_stop"": 15, ""tp_mult_lm"": 5.1, ""tp_mult_lr"": 11.2, ""tp_mult_sm"": 6.6, ""tp_mult_sr"": 3.0, ""trail_mult"": 2.0, ""trail_tp"": false, ""use_trailing"": true}",{},
89,-1000000000.0,TrialState.COMPLETE,2026-04-01T08:45:04.681715,2026-04-01T08:45:04.701222,0.019507,"{""atr_window"": 10, ""bb_std_dev"": 2.2, ""bb_window"": 19, ""cooldown"": 2, ""macd_fast"": 13, ""macd_k"": 1.8, ""macd_k_mid"": 0.5, ""macd_signal"": 6, ""macd_slow"": 36, ""macd_std_window"": 91, ""rebalance_freq"": 120, ""rebounce_block"": 5, ""sl_mult_lm"": 1.0, ""sl_mult_lr"": 3.0, ""sl_mult_sm"": 1.55, ""sl_mult_sr"": 1.9, ""time_stop"": 22, ""tp_mult_lm"": 6.0, ""tp_mult_lr"": 11.8, ""tp_mult_sm"": 5.1, ""tp_mult_sr"": 5.9, ""trail_mult"": 1.9, ""trail_tp"": true, ""use_trailing"": true}",{},
2867,-1000000000.0,TrialState.COMPLETE,2026-04-01T08:45:01.253747,2026-04-01T08:45:05.532328,4.278581,"{""atr_window"": 18, ""bb_std_dev"": 2.45, ""bb_window"": 21, ""cooldown"": 2, ""macd_fast"": 15, ""macd_k"": 1.05, ""macd_k_mid"": 0.7, ""macd_signal"": 5, ""macd_slow"": 35, ""macd_std_window"": 91, ""rebalance_freq"": 90, ""rebounce_block"": 5, ""sl_mult_lm"": 1.15, ""sl_mult_lr"": 2.5, ""sl_mult_sm"": 1.4, ""sl_mult_sr"": 1.8, ""time_stop"": 28, ""tp_mult_lm"": 5.2, ""tp_mult_lr"": 10.4, ""tp_mult_sm"": 3.0, ""tp_mult_sr"": 5.4, ""trail_mult"": 3.5, ""trail_tp"": false, ""use_trailing"": false}",{},
90,-1000000000.0,TrialState.COMPLETE,2026-04-01T08:45:04.760977,2026-04-01T08:45:08.948520,4.187543,"{""atr_window"": 11, ""bb_std_dev"": 1.65, ""bb_window"": 23, ""cooldown"": 3, ""macd_fast"": 20, ""macd_k"": 1.35, ""macd_k_mid"": 0.6, ""macd_signal"": 10, ""macd_slow"": 39, ""macd_std_window"": 87, ""rebalance_freq"": 150, ""rebounce_block"": 2, ""sl_mult_lm"": 1.55, ""sl_mult_lr"": 2.5, ""sl_mult_sm"": 1.1, ""sl_mult_sr"": 3.3, ""time_stop"": 2, ""tp_mult_lm"": 5.5, ""tp_mult_lr"": 12.4, ""tp_mult_sm"": 3.8, ""tp_mult_sr"": 3.7, ""trail_mult"": 2.3, ""trail_tp"": false, ""use_trailing"": false}",{},
91,-1000000000.0,TrialState.COMPLETE,2026-04-01T08:45:09.025788,2026-04-01T08:45:09.047398,0.02161,"{""atr_window"": 20, ""bb_std_dev"": 2.45, ""bb_window"": 25, ""cooldown"": 4, ""macd_fast"": 12, ""macd_k"": 1.6, ""macd_k_mid"": 0.55, ""macd_signal"": 6, ""macd_slow"": 42, ""macd_std_window"": 72, ""rebalance_freq"": 30, ""rebounce_block"": 3, ""sl_mult_lm"": 1.05, ""sl_mult_lr"": 4.9, ""sl_mult_sm"": 1.4, ""sl_mult_sr"": 2.2, ""time_stop"": 29, ""tp_mult_lm"": 4.1, ""tp_mult_lr"": 16.0, ""tp_mult_sm"": 6.9, ""tp_mult_sr"": 6.300000000000001, ""trail_mult"": 2.3, ""trail_tp"": false, ""use_trailing"": false}",{},
92,-1000000000.0,TrialState.COMPLETE,2026-04-01T08:45:09.080850,2026-04-01T08:45:09.101261,0.020411,"{""atr_window"": 20, ""bb_std_dev"": 2.5, ""bb_window"": 24, ""cooldown"": 4, ""macd_fast"": 12, ""macd_k"": 1.65, ""macd_k_mid"": 0.55, ""macd_signal"": 6, ""macd_slow"": 43, ""macd_std_window"": 71, ""rebalance_freq"": 30, ""rebounce_block"": 3, ""sl_mult_lm"": 1.1, ""sl_mult_lr"": 4.7, ""sl_mult_sm"": 1.65, ""sl_mult_sr"": 2.1, ""time_stop"": 28, ""tp_mult_lm"": 4.5, ""tp_mult_lr"": 13.0, ""tp_mult_sm"": 6.300000000000001, ""tp_mult_sr"": 6.1, ""trail_mult"": 3.6, ""trail_tp"": false, ""use_trailing"": false}",{},
93,-1000000000.0,TrialState.COMPLETE,2026-04-01T08:45:09.137530,2026-04-01T08:45:09.156078,0.018548,"{""atr_window"": 19, ""bb_std_dev"": 2.4, ""bb_window"": 18, ""cooldown"": 5, ""macd_fast"": 11, ""macd_k"": 1.15, ""macd_k_mid"": 0.55, ""macd_signal"": 5, ""macd_slow"": 42, ""macd_std_window"": 74, ""rebalance_freq"": 30, ""rebounce_block"": 3, ""sl_mult_lm"": 1.15, ""sl_mult_lr"": 4.9, ""sl_mult_sm"": 1.5, ""sl_mult_sr"": 2.3, ""time_stop"": 27, ""tp_mult_lm"": 4.4, ""tp_mult_lr"": 16.8, ""tp_mult_sm"": 6.6, ""tp_mult_sr"": 6.4, ""trail_mult"": 2.1, ""trail_tp"": false, ""use_trailing"": false}",{},
94,-1000000000.0,TrialState.COMPLETE,2026-04-01T08:45:09.190072,2026-04-01T08:45:09.209743,0.019671,"{""atr_window"": 20, ""bb_std_dev"": 2.35, ""bb_window"": 24, ""cooldown"": 4, ""macd_fast"": 13, ""macd_k"": 1.7000000000000002, ""macd_k_mid"": 0.5, ""macd_signal"": 6, ""macd_slow"": 41, ""macd_std_window"": 71, ""rebalance_freq"": 30, ""rebounce_block"": 2, ""sl_mult_lm"": 1.0, ""sl_mult_lr"": 4.800000000000001, ""sl_mult_sm"": 1.3, ""sl_mult_sr"": 2.0, ""time_stop"": 25, ""tp_mult_lm"": 4.1, ""tp_mult_lr"": 13.4, ""tp_mult_sm"": 3.4, ""tp_mult_sr"": 3.2, ""trail_mult"": 2.1, ""trail_tp"": false, ""use_trailing"": false}",{},
95,-1000000000.0,TrialState.COMPLETE,2026-04-01T08:45:09.242643,2026-04-01T08:45:09.296896,0.054253,"{""atr_window"": 19, ""bb_std_dev"": 2.45, ""bb_window"": 14, ""cooldown"": 3, ""macd_fast"": 17, ""macd_k"": 1.05, ""macd_k_mid"": 0.75, ""macd_signal"": 7, ""macd_slow"": 43, ""macd_std_window"": 96, ""rebalance_freq"": 60, ""rebounce_block"": 3, ""sl_mult_lm"": 1.75, ""sl_mult_lr"": 4.6, ""sl_mult_sm"": 1.35, ""sl_mult_sr"": 1.7, ""time_stop"": 8, ""tp_mult_lm"": 5.3, ""tp_mult_lr"": 15.2, ""tp_mult_sm"": 6.4, ""tp_mult_sr"": 6.7, ""trail_mult"": 2.4, ""trail_tp"": true, ""use_trailing"": true}",{},
96,-1000000000.0,TrialState.COMPLETE,2026-04-01T08:45:09.331743,2026-04-01T08:45:09.352260,0.020517,"{""atr_window"": 15, ""bb_std_dev"": 2.5, ""bb_window"": 20, ""cooldown"": 5, ""macd_fast"": 12, ""macd_k"": 1.25, ""macd_k_mid"": 0.6, ""macd_signal"": 5, ""macd_slow"": 35, ""macd_std_window"": 70, ""rebalance_freq"": 30, ""rebounce_block"": 6, ""sl_mult_lm"": 1.05, ""sl_mult_lr"": 3.9000000000000004, ""sl_mult_sm"": 1.45, ""sl_mult_sr"": 2.6, ""time_stop"": 1, ""tp_mult_lm"": 4.3, ""tp_mult_lr"": 9.4, ""tp_mult_sm"": 3.6, ""tp_mult_sr"": 4.9, ""trail_mult"": 2.2, ""trail_tp"": false, ""use_trailing"": true}",{},
97,-1000000000.0,TrialState.COMPLETE,2026-04-01T08:45:09.410079,2026-04-01T08:45:09.431112,0.021033,"{""atr_window"": 18, ""bb_std_dev"": 2.4, ""bb_window"": 25, ""cooldown"": 2, ""macd_fast"": 16, ""macd_k"": 1.9500000000000002, ""macd_k_mid"": 0.55, ""macd_signal"": 8, ""macd_slow"": 43, ""macd_std_window"": 92, ""rebalance_freq"": 180, ""rebounce_block"": 0, ""sl_mult_lm"": 1.2, ""sl_mult_lr"": 4.2, ""sl_mult_sm"": 1.75, ""sl_mult_sr"": 2.1, ""time_stop"": 17, ""tp_mult_lm"": 5.4, ""tp_mult_lr"": 14.0, ""tp_mult_sm"": 6.800000000000001, ""tp_mult_sr"": 6.800000000000001, ""trail_mult"": 2.5, ""trail_tp"": true, ""use_trailing"": false}",{},
98,-1000000000.0,TrialState.COMPLETE,2026-04-01T08:45:09.466219,2026-04-01T08:45:09.485589,0.01937,"{""atr_window"": 20, ""bb_std_dev"": 1.45, ""bb_window"": 16, ""cooldown"": 3, ""macd_fast"": 13, ""macd_k"": 1.3, ""macd_k_mid"": 0.65, ""macd_signal"": 6, ""macd_slow"": 44, ""macd_std_window"": 93, ""rebalance_freq"": 120, ""rebounce_block"": 4, ""sl_mult_lm"": 1.45, ""sl_mult_lr"": 5.0, ""sl_mult_sm"": 1.4, ""sl_mult_sr"": 1.6, ""time_stop"": 13, ""tp_mult_lm"": 3.9, ""tp_mult_lr"": 14.8, ""tp_mult_sm"": 7.0, ""tp_mult_sr"": 6.5, ""trail_mult"": 1.8, ""trail_tp"": false, ""use_trailing"": true}",{},
99,-1000000000.0,TrialState.COMPLETE,2026-04-01T08:45:09.521270,2026-04-01T08:45:09.540250,0.01898,"{""atr_window"": 16, ""bb_std_dev"": 1.5, ""bb_window"": 19, ""cooldown"": 1, ""macd_fast"": 15, ""macd_k"": 1.75, ""macd_k_mid"": 0.6, ""macd_signal"": 7, ""macd_slow"": 42, ""macd_std_window"": 83, ""rebalance_freq"": 30, ""rebounce_block"": 4, ""sl_mult_lm"": 2.0, ""sl_mult_lr"": 3.4000000000000004, ""sl_mult_sm"": 1.5, ""sl_mult_sr"": 2.5, ""time_stop"": 30, ""tp_mult_lm"": 4.7, ""tp_mult_lr"": 12.8, ""tp_mult_sm"": 4.2, ""tp_mult_sr"": 4.2, ""trail_mult"": 3.3, ""trail_tp"": false, ""use_trailing"": false}",{},
2868,-1000000000.0,TrialState.COMPLETE,2026-04-01T08:45:05.641697,2026-04-01T08:45:09.893725,4.252028,"{""atr_window"": 18, ""bb_std_dev"": 2.45, ""bb_window"": 21, ""cooldown"": 2, ""macd_fast"": 15, ""macd_k"": 1.05, ""macd_k_mid"": 0.7, ""macd_signal"": 5, ""macd_slow"": 35, ""macd_std_window"": 89, ""rebalance_freq"": 90, ""rebounce_block"": 5, ""sl_mult_lm"": 1.05, ""sl_mult_lr"": 2.6, ""sl_mult_sm"": 1.4, ""sl_mult_sr"": 1.7, ""time_stop"": 27, ""tp_mult_lm"": 5.2, ""tp_mult_lr"": 10.4, ""tp_mult_sm"": 3.0, ""tp_mult_sr"": 5.5, ""trail_mult"": 3.5, ""trail_tp"": false, ""use_trailing"": false}",{},
100,-1000000000.0,TrialState.COMPLETE,2026-04-01T08:45:09.573285,2026-04-01T08:45:13.513094,3.939809,"{""atr_window"": 14, ""bb_std_dev"": 1.95, ""bb_window"": 15, ""cooldown"": 0, ""macd_fast"": 19, ""macd_k"": 1.6, ""macd_k_mid"": 0.5, ""macd_signal"": 8, ""macd_slow"": 41, ""macd_std_window"": 88, ""rebalance_freq"": 60, ""rebounce_block"": 2, ""sl_mult_lm"": 1.6, ""sl_mult_lr"": 2.5, ""sl_mult_sm"": 1.9500000000000002, ""sl_mult_sr"": 2.3, ""time_stop"": 16, ""tp_mult_lm"": 5.800000000000001, ""tp_mult_lr"": 10.8, ""tp_mult_sm"": 3.9, ""tp_mult_sr"": 5.4, ""trail_mult"": 1.7, ""trail_tp"": true, ""use_trailing"": true}",{},
101,-1000000000.0,TrialState.COMPLETE,2026-04-01T08:45:13.549045,2026-04-01T08:45:13.614607,0.065562,"{""atr_window"": 17, ""bb_std_dev"": 2.1, ""bb_window"": 17, ""cooldown"": 2, ""macd_fast"": 16, ""macd_k"": 1.0, ""macd_k_mid"": 0.95, ""macd_signal"": 10, ""macd_slow"": 40, ""macd_std_window"": 79, ""rebalance_freq"": 120, ""rebounce_block"": 2, ""sl_mult_lm"": 1.1, ""sl_mult_lr"": 2.8, ""sl_mult_sm"": 2.0, ""sl_mult_sr"": 2.2, ""time_stop"": 5, ""tp_mult_lm"": 3.5, ""tp_mult_lr"": 8.6, ""tp_mult_sm"": 5.6, ""tp_mult_sr"": 3.9, ""trail_mult"": 3.7, ""trail_tp"": true, ""use_trailing"": true}",{},
2869,-1000000000.0,TrialState.COMPLETE,2026-04-01T08:45:09.948266,2026-04-01T08:45:14.018883,4.070617,"{""atr_window"": 18, ""bb_std_dev"": 2.5, ""bb_window"": 21, ""cooldown"": 2, ""macd_fast"": 15, ""macd_k"": 1.05, ""macd_k_mid"": 0.7, ""macd_signal"": 5, ""macd_slow"": 35, ""macd_std_window"": 90, ""rebalance_freq"": 90, ""rebounce_block"": 5, ""sl_mult_lm"": 1.1, ""sl_mult_lr"": 2.7, ""sl_mult_sm"": 1.4, ""sl_mult_sr"": 1.7, ""time_stop"": 26, ""tp_mult_lm"": 5.2, ""tp_mult_lr"": 10.6, ""tp_mult_sm"": 3.0, ""tp_mult_sr"": 5.2, ""trail_mult"": 3.5, ""trail_tp"": false, ""use_trailing"": false}",{},
102,-1000000000.0,TrialState.COMPLETE,2026-04-01T08:45:13.649358,2026-04-01T08:45:17.787934,4.138576,"{""atr_window"": 19, ""bb_std_dev"": 2.3, ""bb_window"": 18, ""cooldown"": 2, ""macd_fast"": 17, ""macd_k"": 1.0, ""macd_k_mid"": 0.95, ""macd_signal"": 10, ""macd_slow"": 39, ""macd_std_window"": 82, ""rebalance_freq"": 180, ""rebounce_block"": 2, ""sl_mult_lm"": 1.0, ""sl_mult_lr"": 3.2, ""sl_mult_sm"": 1.15, ""sl_mult_sr"": 2.0, ""time_stop"": 10, ""tp_mult_lm"": 4.6, ""tp_mult_lr"": 8.0, ""tp_mult_sm"": 5.9, ""tp_mult_sr"": 3.5, ""trail_mult"": 2.4, ""trail_tp"": true, ""use_trailing"": true}",{},
103,-1000000000.0,TrialState.COMPLETE,2026-04-01T08:45:17.823041,2026-04-01T08:45:17.843614,0.020573,"{""atr_window"": 16, ""bb_std_dev"": 2.25, ""bb_window"": 17, ""cooldown"": 2, ""macd_fast"": 16, ""macd_k"": 1.05, ""macd_k_mid"": 0.95, ""macd_signal"": 10, ""macd_slow"": 40, ""macd_std_window"": 77, ""rebalance_freq"": 180, ""rebounce_block"": 1, ""sl_mult_lm"": 1.0, ""sl_mult_lr"": 3.1, ""sl_mult_sm"": 1.8, ""sl_mult_sr"": 2.8, ""time_stop"": 3, ""tp_mult_lm"": 4.8, ""tp_mult_lr"": 16.6, ""tp_mult_sm"": 5.4, ""tp_mult_sr"": 4.6, ""trail_mult"": 3.8000000000000003, ""trail_tp"": true, ""use_trailing"": true}",{},
104,-1000000000.0,TrialState.COMPLETE,2026-04-01T08:45:17.879534,2026-04-01T08:45:17.902168,0.022634,"{""atr_window"": 15, ""bb_std_dev"": 2.15, ""bb_window"": 16, ""cooldown"": 2, ""macd_fast"": 14, ""macd_k"": 1.5, ""macd_k_mid"": 1.0, ""macd_signal"": 10, ""macd_slow"": 40, ""macd_std_window"": 81, ""rebalance_freq"": 180, ""rebounce_block"": 3, ""sl_mult_lm"": 1.05, ""sl_mult_lr"": 2.3, ""sl_mult_sm"": 1.9500000000000002, ""sl_mult_sr"": 2.0, ""time_stop"": 12, ""tp_mult_lm"": 5.7, ""tp_mult_lr"": 9.0, ""tp_mult_sm"": 4.9, ""tp_mult_sr"": 4.1, ""trail_mult"": 2.7, ""trail_tp"": true, ""use_trailing"": true}",{},
105,-1000000000.0,TrialState.COMPLETE,2026-04-01T08:45:17.936121,2026-04-01T08:45:18.027224,0.091103,"{""atr_window"": 17, ""bb_std_dev"": 2.1, ""bb_window"": 14, ""cooldown"": 3, ""macd_fast"": 15, ""macd_k"": 1.1, ""macd_k_mid"": 0.65, ""macd_signal"": 9, ""macd_slow"": 41, ""macd_std_window"": 91, ""rebalance_freq"": 90, ""rebounce_block"": 6, ""sl_mult_lm"": 2.1500000000000004, ""sl_mult_lr"": 2.9, ""sl_mult_sm"": 1.05, ""sl_mult_sr"": 2.1, ""time_stop"": 6, ""tp_mult_lm"": 5.0, ""tp_mult_lr"": 8.2, ""tp_mult_sm"": 5.7, ""tp_mult_sr"": 5.1, ""trail_mult"": 2.6, ""trail_tp"": true, ""use_trailing"": true}",{},
106,-1000000000.0,TrialState.COMPLETE,2026-04-01T08:45:18.062901,2026-04-01T08:45:18.084340,0.021439,"{""atr_window"": 13, ""bb_std_dev"": 2.35, ""bb_window"": 21, ""cooldown"": 1, ""macd_fast"": 12, ""macd_k"": 1.0, ""macd_k_mid"": 0.7, ""macd_signal"": 10, ""macd_slow"": 38, ""macd_std_window"": 89, ""rebalance_freq"": 150, ""rebounce_block"": 3, ""sl_mult_lm"": 1.7000000000000002, ""sl_mult_lr"": 2.7, ""sl_mult_sm"": 2.0, ""sl_mult_sr"": 2.4, ""time_stop"": 19, ""tp_mult_lm"": 5.3, ""tp_mult_lr"": 9.2, ""tp_mult_sm"": 6.7, ""tp_mult_sr"": 4.4, ""trail_mult"": 2.2, ""trail_tp"": false, ""use_trailing"": true}",{},
107,-1000000000.0,TrialState.COMPLETE,2026-04-01T08:45:18.119964,2026-04-01T08:45:18.141899,0.021935,"{""atr_window"": 18, ""bb_std_dev"": 1.7, ""bb_window"": 15, ""cooldown"": 1, ""macd_fast"": 11, ""macd_k"": 1.2, ""macd_k_mid"": 0.5, ""macd_signal"": 6, ""macd_slow"": 37, ""macd_std_window"": 90, ""rebalance_freq"": 120, ""rebounce_block"": 2, ""sl_mult_lm"": 2.1, ""sl_mult_lr"": 2.6, ""sl_mult_sm"": 1.3, ""sl_mult_sr"": 1.9, ""time_stop"": 4, ""tp_mult_lm"": 5.5, ""tp_mult_lr"": 12.0, ""tp_mult_sm"": 4.4, ""tp_mult_sr"": 3.1, ""trail_mult"": 4.0, ""trail_tp"": false, ""use_trailing"": false}",{},
2870,2.2146285714285714,TrialState.COMPLETE,2026-04-01T08:45:14.073673,2026-04-01T08:45:18.340675,4.267002,"{""atr_window"": 18, ""bb_std_dev"": 2.4, ""bb_window"": 21, ""cooldown"": 2, ""macd_fast"": 15, ""macd_k"": 1.05, ""macd_k_mid"": 0.7, ""macd_signal"": 5, ""macd_slow"": 35, ""macd_std_window"": 91, ""rebalance_freq"": 90, ""rebounce_block"": 5, ""sl_mult_lm"": 1.15, ""sl_mult_lr"": 2.6, ""sl_mult_sm"": 1.4, ""sl_mult_sr"": 1.7, ""time_stop"": 27, ""tp_mult_lm"": 5.2, ""tp_mult_lr"": 10.4, ""tp_mult_sm"": 3.0, ""tp_mult_sr"": 5.300000000000001, ""trail_mult"": 3.5, ""trail_tp"": false, ""use_trailing"": false}",{},
108,-1000000000.0,TrialState.COMPLETE,2026-04-01T08:45:18.177346,2026-04-01T08:45:22.489184,4.311838,"{""atr_window"": 16, ""bb_std_dev"": 1.8499999999999999, ""bb_window"": 19, ""cooldown"": 2, ""macd_fast"": 18, ""macd_k"": 1.05, ""macd_k_mid"": 0.55, ""macd_signal"": 9, ""macd_slow"": 36, ""macd_std_window"": 75, ""rebalance_freq"": 90, ""rebounce_block"": 1, ""sl_mult_lm"": 1.1, ""sl_mult_lr"": 2.2, ""sl_mult_sm"": 1.9, ""sl_mult_sr"": 3.2, ""time_stop"": 26, ""tp_mult_lm"": 3.8, ""tp_mult_lr"": 10.0, ""tp_mult_sm"": 3.3, ""tp_mult_sr"": 6.2, ""trail_mult"": 3.1, ""trail_tp"": true, ""use_trailing"": true}",{},
2871,-1000000000.0,TrialState.COMPLETE,2026-04-01T08:45:18.390191,2026-04-01T08:45:22.796637,4.406446,"{""atr_window"": 18, ""bb_std_dev"": 2.4, ""bb_window"": 21, ""cooldown"": 2, ""macd_fast"": 15, ""macd_k"": 1.05, ""macd_k_mid"": 0.7, ""macd_signal"": 5, ""macd_slow"": 35, ""macd_std_window"": 90, ""rebalance_freq"": 90, ""rebounce_block"": 5, ""sl_mult_lm"": 1.1, ""sl_mult_lr"": 2.5, ""sl_mult_sm"": 1.4, ""sl_mult_sr"": 1.7, ""time_stop"": 28, ""tp_mult_lm"": 5.2, ""tp_mult_lr"": 10.6, ""tp_mult_sm"": 3.1, ""tp_mult_sr"": 5.4, ""trail_mult"": 3.5, ""trail_tp"": false, ""use_trailing"": false}",{},
109,-1000000000.0,TrialState.COMPLETE,2026-04-01T08:45:22.525042,2026-04-01T08:45:26.732235,4.207193,"{""atr_window"": 12, ""bb_std_dev"": 2.2, ""bb_window"": 22, ""cooldown"": 0, ""macd_fast"": 20, ""macd_k"": 1.15, ""macd_k_mid"": 0.9, ""macd_signal"": 8, ""macd_slow"": 39, ""macd_std_window"": 86, ""rebalance_freq"": 180, ""rebounce_block"": 5, ""sl_mult_lm"": 1.4, ""sl_mult_lr"": 3.8, ""sl_mult_sm"": 1.45, ""sl_mult_sr"": 2.2, ""time_stop"": 14, ""tp_mult_lm"": 5.6, ""tp_mult_lr"": 12.600000000000001, ""tp_mult_sm"": 3.7, ""tp_mult_sr"": 3.3, ""trail_mult"": 3.5, ""trail_tp"": false, ""use_trailing"": true}",{},
110,-1000000000.0,TrialState.COMPLETE,2026-04-01T08:45:26.785708,2026-04-01T08:45:26.809283,0.023575,"{""atr_window"": 20, ""bb_std_dev"": 1.5999999999999999, ""bb_window"": 16, ""cooldown"": 5, ""macd_fast"": 19, ""macd_k"": 2.0, ""macd_k_mid"": 0.55, ""macd_signal"": 5, ""macd_slow"": 42, ""macd_std_window"": 70, ""rebalance_freq"": 120, ""rebounce_block"": 0, ""sl_mult_lm"": 1.2, ""sl_mult_lr"": 2.4, ""sl_mult_sm"": 1.85, ""sl_mult_sr"": 1.8, ""time_stop"": 8, ""tp_mult_lm"": 3.7, ""tp_mult_lr"": 10.4, ""tp_mult_sm"": 6.300000000000001, ""tp_mult_sr"": 4.8, ""trail_mult"": 3.3, ""trail_tp"": true, ""use_trailing"": false}",{},
111,-1000000000.0,TrialState.COMPLETE,2026-04-01T08:45:26.842786,2026-04-01T08:45:26.864869,0.022083,"{""atr_window"": 16, ""bb_std_dev"": 2.45, ""bb_window"": 14, ""cooldown"": 1, ""macd_fast"": 11, ""macd_k"": 1.35, ""macd_k_mid"": 0.7, ""macd_signal"": 9, ""macd_slow"": 40, ""macd_std_window"": 72, ""rebalance_freq"": 180, ""rebounce_block"": 6, ""sl_mult_lm"": 1.35, ""sl_mult_lr"": 2.1, ""sl_mult_sm"": 1.8, ""sl_mult_sr"": 1.5, ""time_stop"": 11, ""tp_mult_lm"": 4.9, ""tp_mult_lr"": 11.2, ""tp_mult_sm"": 3.1, ""tp_mult_sr"": 3.7, ""trail_mult"": 3.5, ""trail_tp"": true, ""use_trailing"": true}",{},
112,-1000000000.0,TrialState.COMPLETE,2026-04-01T08:45:26.896744,2026-04-01T08:45:26.920841,0.024097,"{""atr_window"": 17, ""bb_std_dev"": 2.5, ""bb_window"": 14, ""cooldown"": 0, ""macd_fast"": 10, ""macd_k"": 1.7000000000000002, ""macd_k_mid"": 0.75, ""macd_signal"": 9, ""macd_slow"": 41, ""macd_std_window"": 73, ""rebalance_freq"": 180, ""rebounce_block"": 6, ""sl_mult_lm"": 1.3, ""sl_mult_lr"": 2.2, ""sl_mult_sm"": 1.75, ""sl_mult_sr"": 2.7, ""time_stop"": 10, ""tp_mult_lm"": 5.2, ""tp_mult_lr"": 11.6, ""tp_mult_sm"": 3.0, ""tp_mult_sr"": 3.9, ""trail_mult"": 1.7, ""trail_tp"": true, ""use_trailing"": true}",{},
113,-1000000000.0,TrialState.COMPLETE,2026-04-01T08:45:26.991645,2026-04-01T08:45:27.014320,0.022675,"{""atr_window"": 11, ""bb_std_dev"": 2.0, ""bb_window"": 14, ""cooldown"": 2, ""macd_fast"": 11, ""macd_k"": 1.4, ""macd_k_mid"": 0.7, ""macd_signal"": 10, ""macd_slow"": 40, ""macd_std_window"": 78, ""rebalance_freq"": 150, ""rebounce_block"": 6, ""sl_mult_lm"": 1.65, ""sl_mult_lr"": 4.5, ""sl_mult_sm"": 1.7000000000000002, ""sl_mult_sr"": 1.6, ""time_stop"": 23, ""tp_mult_lm"": 5.1, ""tp_mult_lr"": 13.600000000000001, ""tp_mult_sm"": 3.4, ""tp_mult_sr"": 4.1, ""trail_mult"": 2.0, ""trail_tp"": true, ""use_trailing"": true}",{},
