number,value,state,datetime_start,datetime_complete,duration_seconds,params_json,fold_sharpes_json,avg_cv_sharpe
2265,-1000000000.0,TrialState.COMPLETE,2026-04-01T05:26:47.437172,2026-04-01T05:26:47.516123,0.078951,"{""atr_window"": 11, ""bb_std_dev"": 1.45, ""bb_window"": 20, ""cooldown"": 5, ""macd_fast"": 15, ""macd_k"": 1.1, ""macd_k_mid"": 0.7, ""macd_signal"": 10, ""macd_slow"": 43, ""macd_std_window"": 70, ""rebalance_freq"": 30, ""rebounce_block"": 0, ""sl_mult_lm"": 1.9500000000000002, ""sl_mult_lr"": 2.4, ""sl_mult_sm"": 1.45, ""sl_mult_sr"": 1.8, ""time_stop"": 8, ""tp_mult_lm"": 5.5, ""tp_mult_lr"": 11.6, ""tp_mult_sm"": 5.800000000000001, ""tp_mult_sr"": 6.9, ""trail_mult"": 3.0, ""trail_tp"": true, ""use_trailing"": true}",{},
2266,-1000000000.0,TrialState.COMPLETE,2026-04-01T05:26:47.556034,2026-04-01T05:26:47.639305,0.083271,"{""atr_window"": 14, ""bb_std_dev"": 2.35, ""bb_window"": 23, ""cooldown"": 3, ""macd_fast"": 18, ""macd_k"": 1.35, ""macd_k_mid"": 0.5, ""macd_signal"": 8, ""macd_slow"": 41, ""macd_std_window"": 71, ""rebalance_freq"": 150, ""rebounce_block"": 5, ""sl_mult_lm"": 1.75, ""sl_mult_lr"": 4.1, ""sl_mult_sm"": 1.55, ""sl_mult_sr"": 1.6, ""time_stop"": 22, ""tp_mult_lm"": 5.6, ""tp_mult_lr"": 12.0, ""tp_mult_sm"": 3.0, ""tp_mult_sr"": 5.4, ""trail_mult"": 3.7, ""trail_tp"": true, ""use_trailing"": true}",{},
2267,-1000000000.0,TrialState.COMPLETE,2026-04-01T05:26:47.676963,2026-04-01T05:26:47.761746,0.084783,"{""atr_window"": 19, ""bb_std_dev"": 1.65, ""bb_window"": 15, ""cooldown"": 1, ""macd_fast"": 12, ""macd_k"": 1.6, ""macd_k_mid"": 0.75, ""macd_signal"": 9, ""macd_slow"": 40, ""macd_std_window"": 88, ""rebalance_freq"": 60, ""rebounce_block"": 6, ""sl_mult_lm"": 1.85, ""sl_mult_lr"": 2.6, ""sl_mult_sm"": 1.2, ""sl_mult_sr"": 1.5, ""time_stop"": 23, ""tp_mult_lm"": 4.9, ""tp_mult_lr"": 9.0, ""tp_mult_sm"": 3.6, ""tp_mult_sr"": 5.2, ""trail_mult"": 3.3, ""trail_tp"": false, ""use_trailing"": true}",{},
2268,-1000000000.0,TrialState.COMPLETE,2026-04-01T05:26:47.798322,2026-04-01T05:26:47.901358,0.103036,"{""atr_window"": 10, ""bb_std_dev"": 2.45, ""bb_window"": 14, ""cooldown"": 4, ""macd_fast"": 14, ""macd_k"": 1.2, ""macd_k_mid"": 0.55, ""macd_signal"": 8, ""macd_slow"": 37, ""macd_std_window"": 89, ""rebalance_freq"": 150, ""rebounce_block"": 3, ""sl_mult_lm"": 2.1500000000000004, ""sl_mult_lr"": 2.3, ""sl_mult_sm"": 1.5, ""sl_mult_sr"": 2.1, ""time_stop"": 17, ""tp_mult_lm"": 5.2, ""tp_mult_lr"": 14.0, ""tp_mult_sm"": 3.9, ""tp_mult_sr"": 3.7, ""trail_mult"": 2.8, ""trail_tp"": true, ""use_trailing"": false}",{},
2269,-1000000000.0,TrialState.COMPLETE,2026-04-01T05:26:47.941814,2026-04-01T05:26:48.023509,0.081695,"{""atr_window"": 15, ""bb_std_dev"": 1.8499999999999999, ""bb_window"": 17, ""cooldown"": 2, ""macd_fast"": 10, ""macd_k"": 1.4, ""macd_k_mid"": 0.5, ""macd_signal"": 7, ""macd_slow"": 44, ""macd_std_window"": 99, ""rebalance_freq"": 180, ""rebounce_block"": 6, ""sl_mult_lm"": 1.3, ""sl_mult_lr"": 2.2, ""sl_mult_sm"": 1.4, ""sl_mult_sr"": 2.0, ""time_stop"": 15, ""tp_mult_lm"": 3.9, ""tp_mult_lr"": 13.2, ""tp_mult_sm"": 6.6, ""tp_mult_sr"": 4.1, ""trail_mult"": 3.1, ""trail_tp"": false, ""use_trailing"": true}",{},
2270,-1000000000.0,TrialState.COMPLETE,2026-04-01T05:26:48.060414,2026-04-01T05:26:48.153514,0.0931,"{""atr_window"": 20, ""bb_std_dev"": 2.0, ""bb_window"": 19, ""cooldown"": 2, ""macd_fast"": 13, ""macd_k"": 1.55, ""macd_k_mid"": 0.6, ""macd_signal"": 10, ""macd_slow"": 41, ""macd_std_window"": 79, ""rebalance_freq"": 120, ""rebounce_block"": 2, ""sl_mult_lm"": 1.5, ""sl_mult_lr"": 2.7, ""sl_mult_sm"": 1.0, ""sl_mult_sr"": 2.7, ""time_stop"": 10, ""tp_mult_lm"": 5.9, ""tp_mult_lr"": 14.8, ""tp_mult_sm"": 5.7, ""tp_mult_sr"": 3.9, ""trail_mult"": 2.6, ""trail_tp"": true, ""use_trailing"": true}",{},
2271,-1000000000.0,TrialState.COMPLETE,2026-04-01T05:26:48.197072,2026-04-01T05:26:48.286589,0.089517,"{""atr_window"": 16, ""bb_std_dev"": 1.7, ""bb_window"": 16, ""cooldown"": 3, ""macd_fast"": 11, ""macd_k"": 1.25, ""macd_k_mid"": 0.7, ""macd_signal"": 6, ""macd_slow"": 35, ""macd_std_window"": 91, ""rebalance_freq"": 90, ""rebounce_block"": 5, ""sl_mult_lm"": 2.05, ""sl_mult_lr"": 3.6, ""sl_mult_sm"": 1.05, ""sl_mult_sr"": 1.7, ""time_stop"": 2, ""tp_mult_lm"": 5.3, ""tp_mult_lr"": 11.2, ""tp_mult_sm"": 6.2, ""tp_mult_sr"": 6.0, ""trail_mult"": 1.7, ""trail_tp"": false, ""use_trailing"": true}",{},
2272,-1000000000.0,TrialState.COMPLETE,2026-04-01T05:26:48.326329,2026-04-01T05:26:50.720534,2.394205,"{""atr_window"": 19, ""bb_std_dev"": 2.2, ""bb_window"": 14, ""cooldown"": 1, ""macd_fast"": 18, ""macd_k"": 1.5, ""macd_k_mid"": 0.65, ""macd_signal"": 9, ""macd_slow"": 39, ""macd_std_window"": 94, ""rebalance_freq"": 120, ""rebounce_block"": 0, ""sl_mult_lm"": 1.4, ""sl_mult_lr"": 2.4, ""sl_mult_sm"": 1.6, ""sl_mult_sr"": 3.0, ""time_stop"": 14, ""tp_mult_lm"": 3.7, ""tp_mult_lr"": 8.4, ""tp_mult_sm"": 4.7, ""tp_mult_sr"": 3.1, ""trail_mult"": 3.8000000000000003, ""trail_tp"": true, ""use_trailing"": false}",{},
2273,-1000000000.0,TrialState.COMPLETE,2026-04-01T05:26:50.757992,2026-04-01T05:26:50.847720,0.089728,"{""atr_window"": 17, ""bb_std_dev"": 1.7, ""bb_window"": 21, ""cooldown"": 0, ""macd_fast"": 19, ""macd_k"": 1.65, ""macd_k_mid"": 0.6, ""macd_signal"": 8, ""macd_slow"": 43, ""macd_std_window"": 98, ""rebalance_freq"": 30, ""rebounce_block"": 4, ""sl_mult_lm"": 1.0, ""sl_mult_lr"": 3.0, ""sl_mult_sm"": 1.7000000000000002, ""sl_mult_sr"": 2.3, ""time_stop"": 19, ""tp_mult_lm"": 4.1, ""tp_mult_lr"": 11.8, ""tp_mult_sm"": 4.2, ""tp_mult_sr"": 5.5, ""trail_mult"": 2.0, ""trail_tp"": false, ""use_trailing"": true}",{},
2274,-1000000000.0,TrialState.COMPLETE,2026-04-01T05:26:50.884783,2026-04-01T05:26:50.973981,0.089198,"{""atr_window"": 13, ""bb_std_dev"": 2.5, ""bb_window"": 15, ""cooldown"": 5, ""macd_fast"": 20, ""macd_k"": 1.3, ""macd_k_mid"": 0.55, ""macd_signal"": 8, ""macd_slow"": 44, ""macd_std_window"": 85, ""rebalance_freq"": 150, ""rebounce_block"": 5, ""sl_mult_lm"": 1.05, ""sl_mult_lr"": 2.0, ""sl_mult_sm"": 1.9500000000000002, ""sl_mult_sr"": 3.5, ""time_stop"": 13, ""tp_mult_lm"": 5.7, ""tp_mult_lr"": 12.4, ""tp_mult_sm"": 5.1, ""tp_mult_sr"": 3.0, ""trail_mult"": 2.3, ""trail_tp"": true, ""use_trailing"": true}",{},
2275,-1000000000.0,TrialState.COMPLETE,2026-04-01T05:26:51.010802,2026-04-01T05:26:53.556054,2.545252,"{""atr_window"": 18, ""bb_std_dev"": 1.5999999999999999, ""bb_window"": 17, ""cooldown"": 0, ""macd_fast"": 14, ""macd_k"": 1.75, ""macd_k_mid"": 0.55, ""macd_signal"": 5, ""macd_slow"": 35, ""macd_std_window"": 83, ""rebalance_freq"": 180, ""rebounce_block"": 2, ""sl_mult_lm"": 1.65, ""sl_mult_lr"": 2.5, ""sl_mult_sm"": 1.3, ""sl_mult_sr"": 1.6, ""time_stop"": 28, ""tp_mult_lm"": 6.0, ""tp_mult_lr"": 12.8, ""tp_mult_sm"": 5.9, ""tp_mult_sr"": 6.300000000000001, ""trail_mult"": 2.1, ""trail_tp"": false, ""use_trailing"": true}",{},
2276,-1000000000.0,TrialState.COMPLETE,2026-04-01T05:26:53.591926,2026-04-01T05:26:53.674620,0.082694,"{""atr_window"": 14, ""bb_std_dev"": 2.05, ""bb_window"": 14, ""cooldown"": 1, ""macd_fast"": 17, ""macd_k"": 1.1, ""macd_k_mid"": 0.5, ""macd_signal"": 9, ""macd_slow"": 42, ""macd_std_window"": 89, ""rebalance_freq"": 150, ""rebounce_block"": 3, ""sl_mult_lm"": 1.15, ""sl_mult_lr"": 3.3, ""sl_mult_sm"": 1.65, ""sl_mult_sr"": 1.5, ""time_stop"": 4, ""tp_mult_lm"": 4.7, ""tp_mult_lr"": 10.6, ""tp_mult_sm"": 3.8, ""tp_mult_sr"": 3.4, ""trail_mult"": 4.0, ""trail_tp"": true, ""use_trailing"": false}",{},
2277,-1000000000.0,TrialState.COMPLETE,2026-04-01T05:26:53.711139,2026-04-01T05:26:53.806358,0.095219,"{""atr_window"": 20, ""bb_std_dev"": 1.5499999999999998, ""bb_window"": 16, ""cooldown"": 4, ""macd_fast"": 10, ""macd_k"": 1.15, ""macd_k_mid"": 0.75, ""macd_signal"": 7, ""macd_slow"": 38, ""macd_std_window"": 81, ""rebalance_freq"": 150, ""rebounce_block"": 6, ""sl_mult_lm"": 2.1, ""sl_mult_lr"": 2.3, ""sl_mult_sm"": 1.15, ""sl_mult_sr"": 3.4000000000000004, ""time_stop"": 16, ""tp_mult_lm"": 4.0, ""tp_mult_lr"": 12.0, ""tp_mult_sm"": 5.2, ""tp_mult_sr"": 5.800000000000001, ""trail_mult"": 1.6, ""trail_tp"": false, ""use_trailing"": true}",{},
2278,-1000000000.0,TrialState.COMPLETE,2026-04-01T05:26:53.845339,2026-04-01T05:26:53.933441,0.088102,"{""atr_window"": 11, ""bb_std_dev"": 2.35, ""bb_window"": 18, ""cooldown"": 2, ""macd_fast"": 16, ""macd_k"": 1.45, ""macd_k_mid"": 0.8, ""macd_signal"": 8, ""macd_slow"": 40, ""macd_std_window"": 88, ""rebalance_freq"": 90, ""rebounce_block"": 0, ""sl_mult_lm"": 1.6, ""sl_mult_lr"": 2.5, ""sl_mult_sm"": 1.75, ""sl_mult_sr"": 2.2, ""time_stop"": 7, ""tp_mult_lm"": 5.5, ""tp_mult_lr"": 12.600000000000001, ""tp_mult_sm"": 6.4, ""tp_mult_sr"": 3.2, ""trail_mult"": 2.4, ""trail_tp"": true, ""use_trailing"": true}",{},
2279,-1000000000.0,TrialState.COMPLETE,2026-04-01T05:26:53.971751,2026-04-01T05:26:54.056463,0.084712,"{""atr_window"": 15, ""bb_std_dev"": 1.75, ""bb_window"": 15, ""cooldown"": 3, ""macd_fast"": 14, ""macd_k"": 1.35, ""macd_k_mid"": 0.6, ""macd_signal"": 10, ""macd_slow"": 41, ""macd_std_window"": 100, ""rebalance_freq"": 180, ""rebounce_block"": 3, ""sl_mult_lm"": 1.45, ""sl_mult_lr"": 2.9, ""sl_mult_sm"": 1.25, ""sl_mult_sr"": 1.9, ""time_stop"": 0, ""tp_mult_lm"": 4.8, ""tp_mult_lr"": 9.8, ""tp_mult_sm"": 4.0, ""tp_mult_sr"": 4.5, ""trail_mult"": 1.9, ""trail_tp"": false, ""use_trailing"": false}",{},
2280,-1000000000.0,TrialState.COMPLETE,2026-04-01T05:26:54.093943,2026-04-01T05:26:54.175905,0.081962,"{""atr_window"": 16, ""bb_std_dev"": 2.3, ""bb_window"": 23, ""cooldown"": 1, ""macd_fast"": 15, ""macd_k"": 1.0, ""macd_k_mid"": 0.7, ""macd_signal"": 9, ""macd_slow"": 44, ""macd_std_window"": 91, ""rebalance_freq"": 120, ""rebounce_block"": 4, ""sl_mult_lm"": 1.9500000000000002, ""sl_mult_lr"": 4.2, ""sl_mult_sm"": 1.85, ""sl_mult_sr"": 1.7, ""time_stop"": 20, ""tp_mult_lm"": 4.5, ""tp_mult_lr"": 13.0, ""tp_mult_sm"": 7.0, ""tp_mult_sr"": 4.0, ""trail_mult"": 2.2, ""trail_tp"": true, ""use_trailing"": true}",{},
2281,-1000000000.0,TrialState.COMPLETE,2026-04-01T05:26:54.214206,2026-04-01T05:26:54.307093,0.092887,"{""atr_window"": 18, ""bb_std_dev"": 1.95, ""bb_window"": 20, ""cooldown"": 0, ""macd_fast"": 12, ""macd_k"": 1.1, ""macd_k_mid"": 0.8500000000000001, ""macd_signal"": 7, ""macd_slow"": 40, ""macd_std_window"": 87, ""rebalance_freq"": 30, ""rebounce_block"": 1, ""sl_mult_lm"": 1.9, ""sl_mult_lr"": 4.300000000000001, ""sl_mult_sm"": 1.8, ""sl_mult_sr"": 1.8, ""time_stop"": 21, ""tp_mult_lm"": 4.2, ""tp_mult_lr"": 15.4, ""tp_mult_sm"": 6.0, ""tp_mult_sr"": 5.7, ""trail_mult"": 3.2, ""trail_tp"": false, ""use_trailing"": true}",{},
2282,-1000000000.0,TrialState.COMPLETE,2026-04-01T05:26:54.337851,2026-04-01T05:26:56.931126,2.593275,"{""atr_window"": 12, ""bb_std_dev"": 2.15, ""bb_window"": 14, ""cooldown"": 2, ""macd_fast"": 20, ""macd_k"": 1.6, ""macd_k_mid"": 0.9, ""macd_signal"": 6, ""macd_slow"": 37, ""macd_std_window"": 76, ""rebalance_freq"": 60, ""rebounce_block"": 5, ""sl_mult_lm"": 1.35, ""sl_mult_lr"": 2.8, ""sl_mult_sm"": 1.9, ""sl_mult_sr"": 2.1, ""time_stop"": 25, ""tp_mult_lm"": 3.6, ""tp_mult_lr"": 10.2, ""tp_mult_sm"": 5.4, ""tp_mult_sr"": 4.9, ""trail_mult"": 2.5, ""trail_tp"": true, ""use_trailing"": true}",{},
2283,-1000000000.0,TrialState.COMPLETE,2026-04-01T05:26:56.977524,2026-04-01T05:26:57.070260,0.092736,"{""atr_window"": 14, ""bb_std_dev"": 2.0, ""bb_window"": 14, ""cooldown"": 1, ""macd_fast"": 14, ""macd_k"": 1.2, ""macd_k_mid"": 0.55, ""macd_signal"": 9, ""macd_slow"": 39, ""macd_std_window"": 90, ""rebalance_freq"": 150, ""rebounce_block"": 5, ""sl_mult_lm"": 1.2, ""sl_mult_lr"": 2.2, ""sl_mult_sm"": 1.55, ""sl_mult_sr"": 1.5, ""time_stop"": 6, ""tp_mult_lm"": 5.2, ""tp_mult_lr"": 12.2, ""tp_mult_sm"": 3.4, ""tp_mult_sr"": 6.6, ""trail_mult"": 3.4000000000000004, ""trail_tp"": false, ""use_trailing"": false}",{},
2284,-1000000000.0,TrialState.COMPLETE,2026-04-01T05:26:57.110100,2026-04-01T05:26:57.191634,0.081534,"{""atr_window"": 16, ""bb_std_dev"": 2.45, ""bb_window"": 21, ""cooldown"": 4, ""macd_fast"": 13, ""macd_k"": 1.85, ""macd_k_mid"": 1.0, ""macd_signal"": 8, ""macd_slow"": 36, ""macd_std_window"": 70, ""rebalance_freq"": 180, ""rebounce_block"": 6, ""sl_mult_lm"": 2.0, ""sl_mult_lr"": 4.5, ""sl_mult_sm"": 1.1, ""sl_mult_sr"": 1.9, ""time_stop"": 9, ""tp_mult_lm"": 5.800000000000001, ""tp_mult_lr"": 9.4, ""tp_mult_sm"": 4.5, ""tp_mult_sr"": 5.9, ""trail_mult"": 3.6, ""trail_tp"": true, ""use_trailing"": true}",{},
2285,-1000000000.0,TrialState.COMPLETE,2026-04-01T05:26:57.237502,2026-04-01T05:26:57.331429,0.093927,"{""atr_window"": 17, ""bb_std_dev"": 1.9, ""bb_window"": 16, ""cooldown"": 5, ""macd_fast"": 11, ""macd_k"": 1.9, ""macd_k_mid"": 0.65, ""macd_signal"": 8, ""macd_slow"": 43, ""macd_std_window"": 93, ""rebalance_freq"": 120, ""rebounce_block"": 3, ""sl_mult_lm"": 1.3, ""sl_mult_lr"": 2.4, ""sl_mult_sm"": 2.0, ""sl_mult_sr"": 2.5, ""time_stop"": 18, ""tp_mult_lm"": 5.1, ""tp_mult_lr"": 8.2, ""tp_mult_sm"": 4.3, ""tp_mult_sr"": 6.1, ""trail_mult"": 3.0, ""trail_tp"": false, ""use_trailing"": true}",{},
2286,-1000000000.0,TrialState.COMPLETE,2026-04-01T05:26:57.369341,2026-04-01T05:26:57.452079,0.082738,"{""atr_window"": 20, ""bb_std_dev"": 2.4, ""bb_window"": 22, ""cooldown"": 3, ""macd_fast"": 16, ""macd_k"": 1.5, ""macd_k_mid"": 0.7, ""macd_signal"": 10, ""macd_slow"": 44, ""macd_std_window"": 77, ""rebalance_freq"": 150, ""rebounce_block"": 1, ""sl_mult_lm"": 1.0, ""sl_mult_lr"": 4.7, ""sl_mult_sm"": 1.7000000000000002, ""sl_mult_sr"": 2.9000000000000004, ""time_stop"": 11, ""tp_mult_lm"": 5.4, ""tp_mult_lr"": 11.4, ""tp_mult_sm"": 6.800000000000001, ""tp_mult_sr"": 3.9, ""trail_mult"": 1.5, ""trail_tp"": true, ""use_trailing"": true}",{},
2287,-1000000000.0,TrialState.COMPLETE,2026-04-01T05:26:57.489860,2026-04-01T05:26:57.576989,0.087129,"{""atr_window"": 15, ""bb_std_dev"": 2.25, ""bb_window"": 24, ""cooldown"": 0, ""macd_fast"": 17, ""macd_k"": 1.05, ""macd_k_mid"": 0.55, ""macd_signal"": 9, ""macd_slow"": 43, ""macd_std_window"": 99, ""rebalance_freq"": 90, ""rebounce_block"": 2, ""sl_mult_lm"": 1.25, ""sl_mult_lr"": 2.1, ""sl_mult_sm"": 1.05, ""sl_mult_sr"": 2.0, ""time_stop"": 17, ""tp_mult_lm"": 5.0, ""tp_mult_lr"": 11.8, ""tp_mult_sm"": 3.6, ""tp_mult_sr"": 6.0, ""trail_mult"": 3.7, ""trail_tp"": false, ""use_trailing"": false}",{},
2288,-1000000000.0,TrialState.COMPLETE,2026-04-01T05:26:57.621232,2026-04-01T05:27:00.113417,2.492185,"{""atr_window"": 13, ""bb_std_dev"": 2.2, ""bb_window"": 15, ""cooldown"": 2, ""macd_fast"": 19, ""macd_k"": 1.15, ""macd_k_mid"": 0.5, ""macd_signal"": 7, ""macd_slow"": 40, ""macd_std_window"": 81, ""rebalance_freq"": 120, ""rebounce_block"": 0, ""sl_mult_lm"": 1.8, ""sl_mult_lr"": 2.6, ""sl_mult_sm"": 1.65, ""sl_mult_sr"": 1.9, ""time_stop"": 14, ""tp_mult_lm"": 5.7, ""tp_mult_lr"": 13.8, ""tp_mult_sm"": 4.8, ""tp_mult_sr"": 3.8, ""trail_mult"": 3.1, ""trail_tp"": true, ""use_trailing"": true}",{},
2289,-1000000000.0,TrialState.COMPLETE,2026-04-01T05:27:00.146305,2026-04-01T05:27:00.244304,0.097999,"{""atr_window"": 18, ""bb_std_dev"": 1.65, ""bb_window"": 20, ""cooldown"": 1, ""macd_fast"": 12, ""macd_k"": 1.65, ""macd_k_mid"": 0.6, ""macd_signal"": 5, ""macd_slow"": 41, ""macd_std_window"": 86, ""rebalance_freq"": 180, ""rebounce_block"": 6, ""sl_mult_lm"": 2.2, ""sl_mult_lr"": 3.9000000000000004, ""sl_mult_sm"": 1.45, ""sl_mult_sr"": 2.8, ""time_stop"": 20, ""tp_mult_lm"": 3.5, ""tp_mult_lr"": 9.6, ""tp_mult_sm"": 4.6, ""tp_mult_sr"": 4.3, ""trail_mult"": 2.9000000000000004, ""trail_tp"": false, ""use_trailing"": true}",{},
2290,-1000000000.0,TrialState.COMPLETE,2026-04-01T05:27:00.284757,2026-04-01T05:27:02.855322,2.570565,"{""atr_window"": 17, ""bb_std_dev"": 2.5, ""bb_window"": 19, ""cooldown"": 4, ""macd_fast"": 15, ""macd_k"": 1.55, ""macd_k_mid"": 0.55, ""macd_signal"": 6, ""macd_slow"": 35, ""macd_std_window"": 75, ""rebalance_freq"": 150, ""rebounce_block"": 4, ""sl_mult_lm"": 1.85, ""sl_mult_lr"": 2.4, ""sl_mult_sm"": 1.6, ""sl_mult_sr"": 2.3, ""time_stop"": 10, ""tp_mult_lm"": 5.3, ""tp_mult_lr"": 10.0, ""tp_mult_sm"": 4.4, ""tp_mult_sr"": 3.0, ""trail_mult"": 2.0, ""trail_tp"": true, ""use_trailing"": true}",{},
2291,-1000000000.0,TrialState.COMPLETE,2026-04-01T05:27:02.884965,2026-04-01T05:27:05.457529,2.572564,"{""atr_window"": 19, ""bb_std_dev"": 1.7999999999999998, ""bb_window"": 14, ""cooldown"": 1, ""macd_fast"": 18, ""macd_k"": 1.7000000000000002, ""macd_k_mid"": 0.6, ""macd_signal"": 9, ""macd_slow"": 37, ""macd_std_window"": 80, ""rebalance_freq"": 30, ""rebounce_block"": 5, ""sl_mult_lm"": 2.0, ""sl_mult_lr"": 3.2, ""sl_mult_sm"": 1.8, ""sl_mult_sr"": 2.2, ""time_stop"": 24, ""tp_mult_lm"": 4.4, ""tp_mult_lr"": 12.0, ""tp_mult_sm"": 6.9, ""tp_mult_sr"": 5.6, ""trail_mult"": 2.6, ""trail_tp"": false, ""use_trailing"": false}",{},
2292,-1000000000.0,TrialState.COMPLETE,2026-04-01T05:27:05.495777,2026-04-01T05:43:21.187010,975.691233,"{""atr_window"": 14, ""bb_std_dev"": 2.1, ""bb_window"": 17, ""cooldown"": 2, ""macd_fast"": 20, ""macd_k"": 1.4, ""macd_k_mid"": 0.5, ""macd_signal"": 8, ""macd_slow"": 36, ""macd_std_window"": 97, ""rebalance_freq"": 150, ""rebounce_block"": 3, ""sl_mult_lm"": 1.35, ""sl_mult_lr"": 2.3, ""sl_mult_sm"": 1.5, ""sl_mult_sr"": 1.6, ""time_stop"": 23, ""tp_mult_lm"": 4.6, ""tp_mult_lr"": 11.6, ""tp_mult_sm"": 3.2, ""tp_mult_sr"": 5.1, ""trail_mult"": 1.8, ""trail_tp"": true, ""use_trailing"": true}",{},
2293,-1000000000.0,TrialState.COMPLETE,2026-04-01T05:43:21.229389,2026-04-01T05:43:21.307380,0.077991,"{""atr_window"": 10, ""bb_std_dev"": 1.5, ""bb_window"": 18, ""cooldown"": 4, ""macd_fast"": 11, ""macd_k"": 1.45, ""macd_k_mid"": 0.55, ""macd_signal"": 9, ""macd_slow"": 43, ""macd_std_window"": 72, ""rebalance_freq"": 90, ""rebounce_block"": 0, ""sl_mult_lm"": 1.15, ""sl_mult_lr"": 4.800000000000001, ""sl_mult_sm"": 1.3, ""sl_mult_sr"": 1.8, ""time_stop"": 30, ""tp_mult_lm"": 5.6, ""tp_mult_lr"": 17.0, ""tp_mult_sm"": 6.1, ""tp_mult_sr"": 6.4, ""trail_mult"": 2.7, ""trail_tp"": true, ""use_trailing"": true}",{},
2294,-1000000000.0,TrialState.COMPLETE,2026-04-01T05:43:21.347534,2026-04-01T05:43:21.434873,0.087339,"{""atr_window"": 16, ""bb_std_dev"": 1.4, ""bb_window"": 14, ""cooldown"": 1, ""macd_fast"": 14, ""macd_k"": 1.05, ""macd_k_mid"": 0.9, ""macd_signal"": 7, ""macd_slow"": 42, ""macd_std_window"": 71, ""rebalance_freq"": 180, ""rebounce_block"": 5, ""sl_mult_lm"": 2.1500000000000004, ""sl_mult_lr"": 2.0, ""sl_mult_sm"": 1.75, ""sl_mult_sr"": 2.1, ""time_stop"": 15, ""tp_mult_lm"": 4.9, ""tp_mult_lr"": 11.2, ""tp_mult_sm"": 3.5, ""tp_mult_sr"": 4.6, ""trail_mult"": 3.2, ""trail_tp"": false, ""use_trailing"": false}",{},
2295,-1000000000.0,TrialState.COMPLETE,2026-04-01T05:43:21.476074,2026-04-01T05:43:21.572222,0.096148,"{""atr_window"": 15, ""bb_std_dev"": 2.0, ""bb_window"": 16, ""cooldown"": 3, ""macd_fast"": 10, ""macd_k"": 1.25, ""macd_k_mid"": 0.75, ""macd_signal"": 8, ""macd_slow"": 41, ""macd_std_window"": 89, ""rebalance_freq"": 120, ""rebounce_block"": 5, ""sl_mult_lm"": 1.55, ""sl_mult_lr"": 2.5, ""sl_mult_sm"": 1.85, ""sl_mult_sr"": 1.7, ""time_stop"": 16, ""tp_mult_lm"": 3.8, ""tp_mult_lr"": 12.4, ""tp_mult_sm"": 6.300000000000001, ""tp_mult_sr"": 3.6, ""trail_mult"": 2.1, ""trail_tp"": true, ""use_trailing"": true}",{},
2296,-1000000000.0,TrialState.COMPLETE,2026-04-01T05:43:21.615711,2026-04-01T05:43:21.705462,0.089751,"{""atr_window"": 20, ""bb_std_dev"": 1.8499999999999999, ""bb_window"": 25, ""cooldown"": 0, ""macd_fast"": 12, ""macd_k"": 1.8, ""macd_k_mid"": 0.7, ""macd_signal"": 10, ""macd_slow"": 39, ""macd_std_window"": 98, ""rebalance_freq"": 150, ""rebounce_block"": 2, ""sl_mult_lm"": 1.7000000000000002, ""sl_mult_lr"": 3.4000000000000004, ""sl_mult_sm"": 1.9, ""sl_mult_sr"": 2.4, ""time_stop"": 22, ""tp_mult_lm"": 5.5, ""tp_mult_lr"": 13.2, ""tp_mult_sm"": 4.1, ""tp_mult_sr"": 6.2, ""trail_mult"": 2.2, ""trail_tp"": false, ""use_trailing"": true}",{},
2297,-1000000000.0,TrialState.COMPLETE,2026-04-01T05:43:21.744514,2026-04-01T05:43:21.835417,0.090903,"{""atr_window"": 18, ""bb_std_dev"": 2.3, ""bb_window"": 22, ""cooldown"": 2, ""macd_fast"": 15, ""macd_k"": 1.15, ""macd_k_mid"": 0.65, ""macd_signal"": 7, ""macd_slow"": 38, ""macd_std_window"": 96, ""rebalance_freq"": 30, ""rebounce_block"": 4, ""sl_mult_lm"": 1.9500000000000002, ""sl_mult_lr"": 3.1, ""sl_mult_sm"": 1.55, ""sl_mult_sr"": 3.1, ""time_stop"": 27, ""tp_mult_lm"": 6.0, ""tp_mult_lr"": 14.4, ""tp_mult_sm"": 6.7, ""tp_mult_sr"": 5.300000000000001, ""trail_mult"": 2.3, ""trail_tp"": true, ""use_trailing"": true}",{},
2298,-1000000000.0,TrialState.COMPLETE,2026-04-01T05:43:21.875137,2026-04-01T05:43:21.963921,0.088784,"{""atr_window"": 14, ""bb_std_dev"": 2.4, ""bb_window"": 15, ""cooldown"": 1, ""macd_fast"": 13, ""macd_k"": 1.0, ""macd_k_mid"": 0.95, ""macd_signal"": 6, ""macd_slow"": 42, ""macd_std_window"": 82, ""rebalance_freq"": 60, ""rebounce_block"": 6, ""sl_mult_lm"": 1.45, ""sl_mult_lr"": 4.9, ""sl_mult_sm"": 1.9500000000000002, ""sl_mult_sr"": 1.5, ""time_stop"": 19, ""tp_mult_lm"": 5.4, ""tp_mult_lr"": 16.4, ""tp_mult_sm"": 3.7, ""tp_mult_sr"": 4.1, ""trail_mult"": 3.1, ""trail_tp"": false, ""use_trailing"": false}",{},
