number,value,state,datetime_start,datetime_complete,duration_seconds,params_json,fold_sharpes_json,avg_cv_sharpe
1686,-1000000000.0,TrialState.COMPLETE,2026-04-01T03:21:53.152337,2026-04-01T03:21:53.226390,0.074053,"{""atr_window"": 15, ""bb_std_dev"": 1.75, ""bb_window"": 20, ""cooldown"": 4, ""macd_fast"": 14, ""macd_k"": 1.15, ""macd_k_mid"": 1.0, ""macd_signal"": 7, ""macd_slow"": 44, ""macd_std_window"": 99, ""rebalance_freq"": 150, ""rebounce_block"": 1, ""sl_mult_lm"": 2.1, ""sl_mult_lr"": 2.3, ""sl_mult_sm"": 1.35, ""sl_mult_sr"": 2.2, ""time_stop"": 20, ""tp_mult_lm"": 4.7, ""tp_mult_lr"": 11.0, ""tp_mult_sm"": 6.0, ""tp_mult_sr"": 5.800000000000001, ""trail_mult"": 2.1, ""trail_tp"": false, ""use_trailing"": true}",{},
1687,-1000000000.0,TrialState.COMPLETE,2026-04-01T03:21:53.266933,2026-04-01T03:21:53.343857,0.076924,"{""atr_window"": 20, ""bb_std_dev"": 1.7999999999999998, ""bb_window"": 16, ""cooldown"": 2, ""macd_fast"": 12, ""macd_k"": 1.9500000000000002, ""macd_k_mid"": 0.5, ""macd_signal"": 8, ""macd_slow"": 42, ""macd_std_window"": 95, ""rebalance_freq"": 150, ""rebounce_block"": 3, ""sl_mult_lm"": 1.2, ""sl_mult_lr"": 3.0, ""sl_mult_sm"": 1.4, ""sl_mult_sr"": 2.6, ""time_stop"": 29, ""tp_mult_lm"": 5.7, ""tp_mult_lr"": 12.8, ""tp_mult_sm"": 4.2, ""tp_mult_sr"": 6.4, ""trail_mult"": 3.1, ""trail_tp"": true, ""use_trailing"": true}",{},
1688,-1000000000.0,TrialState.COMPLETE,2026-04-01T03:21:53.383356,2026-04-01T03:21:53.459319,0.075963,"{""atr_window"": 16, ""bb_std_dev"": 1.5499999999999998, ""bb_window"": 15, ""cooldown"": 0, ""macd_fast"": 19, ""macd_k"": 1.5, ""macd_k_mid"": 0.6, ""macd_signal"": 10, ""macd_slow"": 43, ""macd_std_window"": 89, ""rebalance_freq"": 180, ""rebounce_block"": 6, ""sl_mult_lm"": 1.9, ""sl_mult_lr"": 2.6, ""sl_mult_sm"": 1.45, ""sl_mult_sr"": 1.8, ""time_stop"": 1, ""tp_mult_lm"": 5.0, ""tp_mult_lr"": 9.8, ""tp_mult_sm"": 6.5, ""tp_mult_sr"": 5.9, ""trail_mult"": 2.7, ""trail_tp"": false, ""use_trailing"": true}",{},
1689,-1000000000.0,TrialState.COMPLETE,2026-04-01T03:21:53.494291,2026-04-01T03:21:56.011607,2.517316,"{""atr_window"": 17, ""bb_std_dev"": 2.45, ""bb_window"": 22, ""cooldown"": 3, ""macd_fast"": 17, ""macd_k"": 1.7000000000000002, ""macd_k_mid"": 0.7, ""macd_signal"": 9, ""macd_slow"": 35, ""macd_std_window"": 88, ""rebalance_freq"": 30, ""rebounce_block"": 4, ""sl_mult_lm"": 2.0, ""sl_mult_lr"": 2.0, ""sl_mult_sm"": 1.9500000000000002, ""sl_mult_sr"": 1.7, ""time_stop"": 2, ""tp_mult_lm"": 3.9, ""tp_mult_lr"": 11.6, ""tp_mult_sm"": 3.6, ""tp_mult_sr"": 3.0, ""trail_mult"": 3.5, ""trail_tp"": true, ""use_trailing"": false}",{},
1690,-1000000000.0,TrialState.COMPLETE,2026-04-01T03:21:56.049398,2026-04-01T03:21:56.120827,0.071429,"{""atr_window"": 14, ""bb_std_dev"": 1.5999999999999999, ""bb_window"": 21, ""cooldown"": 5, ""macd_fast"": 15, ""macd_k"": 1.35, ""macd_k_mid"": 0.6, ""macd_signal"": 9, ""macd_slow"": 38, ""macd_std_window"": 78, ""rebalance_freq"": 150, ""rebounce_block"": 5, ""sl_mult_lm"": 1.7000000000000002, ""sl_mult_lr"": 2.2, ""sl_mult_sm"": 1.7000000000000002, ""sl_mult_sr"": 3.1, ""time_stop"": 16, ""tp_mult_lm"": 5.6, ""tp_mult_lr"": 12.0, ""tp_mult_sm"": 3.5, ""tp_mult_sr"": 3.9, ""trail_mult"": 2.9000000000000004, ""trail_tp"": false, ""use_trailing"": true}",{},
1691,-1000000000.0,TrialState.COMPLETE,2026-04-01T03:21:56.157736,2026-04-01T03:21:58.656862,2.499126,"{""atr_window"": 11, ""bb_std_dev"": 2.3, ""bb_window"": 14, ""cooldown"": 4, ""macd_fast"": 16, ""macd_k"": 1.4, ""macd_k_mid"": 0.55, ""macd_signal"": 7, ""macd_slow"": 37, ""macd_std_window"": 71, ""rebalance_freq"": 60, ""rebounce_block"": 2, ""sl_mult_lm"": 1.6, ""sl_mult_lr"": 2.4, ""sl_mult_sm"": 1.65, ""sl_mult_sr"": 3.0, ""time_stop"": 25, ""tp_mult_lm"": 5.9, ""tp_mult_lr"": 10.6, ""tp_mult_sm"": 4.6, ""tp_mult_sr"": 4.4, ""trail_mult"": 1.5, ""trail_tp"": true, ""use_trailing"": true}",{},
1692,-1000000000.0,TrialState.COMPLETE,2026-04-01T03:21:58.685872,2026-04-01T03:22:01.256160,2.570288,"{""atr_window"": 18, ""bb_std_dev"": 2.35, ""bb_window"": 16, ""cooldown"": 1, ""macd_fast"": 18, ""macd_k"": 1.05, ""macd_k_mid"": 0.65, ""macd_signal"": 6, ""macd_slow"": 36, ""macd_std_window"": 74, ""rebalance_freq"": 180, ""rebounce_block"": 3, ""sl_mult_lm"": 1.5, ""sl_mult_lr"": 3.1, ""sl_mult_sm"": 1.9, ""sl_mult_sr"": 1.5, ""time_stop"": 19, ""tp_mult_lm"": 3.8, ""tp_mult_lr"": 10.4, ""tp_mult_sm"": 4.0, ""tp_mult_sr"": 5.7, ""trail_mult"": 3.7, ""trail_tp"": false, ""use_trailing"": true}",{},
1693,-1000000000.0,TrialState.COMPLETE,2026-04-01T03:22:01.283582,2026-04-01T03:22:01.346508,0.062926,"{""atr_window"": 14, ""bb_std_dev"": 2.05, ""bb_window"": 18, ""cooldown"": 1, ""macd_fast"": 10, ""macd_k"": 1.0, ""macd_k_mid"": 0.9, ""macd_signal"": 8, ""macd_slow"": 43, ""macd_std_window"": 73, ""rebalance_freq"": 120, ""rebounce_block"": 6, ""sl_mult_lm"": 1.55, ""sl_mult_lr"": 2.3, ""sl_mult_sm"": 1.0, ""sl_mult_sr"": 1.9, ""time_stop"": 28, ""tp_mult_lm"": 4.1, ""tp_mult_lr"": 16.0, ""tp_mult_sm"": 6.9, ""tp_mult_sr"": 5.300000000000001, ""trail_mult"": 1.8, ""trail_tp"": true, ""use_trailing"": false}",{},
1694,-1000000000.0,TrialState.COMPLETE,2026-04-01T03:22:01.385914,2026-04-01T03:22:01.444865,0.058951,"{""atr_window"": 13, ""bb_std_dev"": 1.9, ""bb_window"": 15, ""cooldown"": 2, ""macd_fast"": 13, ""macd_k"": 1.65, ""macd_k_mid"": 0.55, ""macd_signal"": 8, ""macd_slow"": 40, ""macd_std_window"": 70, ""rebalance_freq"": 120, ""rebounce_block"": 0, ""sl_mult_lm"": 2.1500000000000004, ""sl_mult_lr"": 3.6, ""sl_mult_sm"": 1.55, ""sl_mult_sr"": 1.6, ""time_stop"": 0, ""tp_mult_lm"": 5.3, ""tp_mult_lr"": 12.2, ""tp_mult_sm"": 5.800000000000001, ""tp_mult_sr"": 6.4, ""trail_mult"": 3.3, ""trail_tp"": false, ""use_trailing"": true}",{},
1695,-1000000000.0,TrialState.COMPLETE,2026-04-01T03:22:01.484518,2026-04-01T03:22:04.002188,2.51767,"{""atr_window"": 20, ""bb_std_dev"": 2.0, ""bb_window"": 17, ""cooldown"": 3, ""macd_fast"": 20, ""macd_k"": 1.45, ""macd_k_mid"": 0.8500000000000001, ""macd_signal"": 10, ""macd_slow"": 41, ""macd_std_window"": 98, ""rebalance_freq"": 90, ""rebounce_block"": 5, ""sl_mult_lm"": 2.05, ""sl_mult_lr"": 4.7, ""sl_mult_sm"": 1.5, ""sl_mult_sr"": 2.5, ""time_stop"": 14, ""tp_mult_lm"": 4.6, ""tp_mult_lr"": 11.2, ""tp_mult_sm"": 6.2, ""tp_mult_sr"": 6.2, ""trail_mult"": 3.9000000000000004, ""trail_tp"": true, ""use_trailing"": true}",{},
1696,-1000000000.0,TrialState.COMPLETE,2026-04-01T03:22:04.029336,2026-04-01T03:22:04.096440,0.067104,"{""atr_window"": 19, ""bb_std_dev"": 2.15, ""bb_window"": 14, ""cooldown"": 0, ""macd_fast"": 12, ""macd_k"": 1.15, ""macd_k_mid"": 0.95, ""macd_signal"": 9, ""macd_slow"": 44, ""macd_std_window"": 81, ""rebalance_freq"": 30, ""rebounce_block"": 4, ""sl_mult_lm"": 1.15, ""sl_mult_lr"": 5.0, ""sl_mult_sm"": 2.0, ""sl_mult_sr"": 2.0, ""time_stop"": 9, ""tp_mult_lm"": 3.7, ""tp_mult_lr"": 15.8, ""tp_mult_sm"": 4.5, ""tp_mult_sr"": 6.0, ""trail_mult"": 3.2, ""trail_tp"": false, ""use_trailing"": true}",{},
1697,-1000000000.0,TrialState.COMPLETE,2026-04-01T03:22:04.134145,2026-04-01T03:22:04.211484,0.077339,"{""atr_window"": 16, ""bb_std_dev"": 2.5, ""bb_window"": 23, ""cooldown"": 2, ""macd_fast"": 14, ""macd_k"": 1.6, ""macd_k_mid"": 0.7, ""macd_signal"": 5, ""macd_slow"": 39, ""macd_std_window"": 83, ""rebalance_freq"": 150, ""rebounce_block"": 3, ""sl_mult_lm"": 1.35, ""sl_mult_lr"": 4.2, ""sl_mult_sm"": 1.75, ""sl_mult_sr"": 1.5, ""time_stop"": 17, ""tp_mult_lm"": 4.8, ""tp_mult_lr"": 13.0, ""tp_mult_sm"": 3.2, ""tp_mult_sr"": 4.3, ""trail_mult"": 2.8, ""trail_tp"": true, ""use_trailing"": false}",{},
1698,-1000000000.0,TrialState.COMPLETE,2026-04-01T03:22:04.250091,2026-04-01T03:22:04.335599,0.085508,"{""atr_window"": 18, ""bb_std_dev"": 2.25, ""bb_window"": 21, ""cooldown"": 4, ""macd_fast"": 11, ""macd_k"": 1.75, ""macd_k_mid"": 0.55, ""macd_signal"": 8, ""macd_slow"": 42, ""macd_std_window"": 100, ""rebalance_freq"": 150, ""rebounce_block"": 1, ""sl_mult_lm"": 1.75, ""sl_mult_lr"": 2.4, ""sl_mult_sm"": 1.8, ""sl_mult_sr"": 1.7, ""time_stop"": 5, ""tp_mult_lm"": 3.5, ""tp_mult_lr"": 13.600000000000001, ""tp_mult_sm"": 3.7, ""tp_mult_sr"": 3.8, ""trail_mult"": 2.2, ""trail_tp"": false, ""use_trailing"": true}",{},
1699,-1000000000.0,TrialState.COMPLETE,2026-04-01T03:22:04.372577,2026-04-01T03:22:04.440678,0.068101,"{""atr_window"": 16, ""bb_std_dev"": 1.4, ""bb_window"": 25, ""cooldown"": 1, ""macd_fast"": 19, ""macd_k"": 1.85, ""macd_k_mid"": 0.5, ""macd_signal"": 7, ""macd_slow"": 43, ""macd_std_window"": 84, ""rebalance_freq"": 180, ""rebounce_block"": 6, ""sl_mult_lm"": 1.9500000000000002, ""sl_mult_lr"": 2.9, ""sl_mult_sm"": 1.25, ""sl_mult_sr"": 2.1, ""time_stop"": 24, ""tp_mult_lm"": 5.2, ""tp_mult_lr"": 14.2, ""tp_mult_sm"": 3.4, ""tp_mult_sr"": 4.2, ""trail_mult"": 1.6, ""trail_tp"": true, ""use_trailing"": true}",{},
1700,-1000000000.0,TrialState.COMPLETE,2026-04-01T03:22:04.479238,2026-04-01T03:22:04.551342,0.072104,"{""atr_window"": 12, ""bb_std_dev"": 2.4, ""bb_window"": 20, ""cooldown"": 0, ""macd_fast"": 12, ""macd_k"": 1.3, ""macd_k_mid"": 0.6, ""macd_signal"": 6, ""macd_slow"": 40, ""macd_std_window"": 87, ""rebalance_freq"": 30, ""rebounce_block"": 2, ""sl_mult_lm"": 1.3, ""sl_mult_lr"": 2.5, ""sl_mult_sm"": 1.05, ""sl_mult_sr"": 3.4000000000000004, ""time_stop"": 21, ""tp_mult_lm"": 4.0, ""tp_mult_lr"": 9.8, ""tp_mult_sm"": 5.5, ""tp_mult_sr"": 4.0, ""trail_mult"": 2.4, ""trail_tp"": false, ""use_trailing"": false}",{},
1701,-1000000000.0,TrialState.COMPLETE,2026-04-01T03:22:04.590153,2026-04-01T03:22:04.670746,0.080593,"{""atr_window"": 15, ""bb_std_dev"": 2.5, ""bb_window"": 19, ""cooldown"": 3, ""macd_fast"": 13, ""macd_k"": 1.1, ""macd_k_mid"": 0.7, ""macd_signal"": 9, ""macd_slow"": 44, ""macd_std_window"": 97, ""rebalance_freq"": 90, ""rebounce_block"": 5, ""sl_mult_lm"": 1.0, ""sl_mult_lr"": 3.8, ""sl_mult_sm"": 1.3, ""sl_mult_sr"": 1.8, ""time_stop"": 12, ""tp_mult_lm"": 4.9, ""tp_mult_lr"": 8.0, ""tp_mult_sm"": 6.4, ""tp_mult_sr"": 4.6, ""trail_mult"": 1.7, ""trail_tp"": true, ""use_trailing"": true}",{},
1702,-1000000000.0,TrialState.COMPLETE,2026-04-01T03:22:04.710320,2026-04-01T03:22:04.784527,0.074207,"{""atr_window"": 14, ""bb_std_dev"": 1.5999999999999999, ""bb_window"": 14, ""cooldown"": 2, ""macd_fast"": 15, ""macd_k"": 1.25, ""macd_k_mid"": 0.5, ""macd_signal"": 8, ""macd_slow"": 38, ""macd_std_window"": 88, ""rebalance_freq"": 120, ""rebounce_block"": 0, ""sl_mult_lm"": 1.05, ""sl_mult_lr"": 2.1, ""sl_mult_sm"": 1.6, ""sl_mult_sr"": 2.2, ""time_stop"": 25, ""tp_mult_lm"": 6.0, ""tp_mult_lr"": 10.8, ""tp_mult_sm"": 3.0, ""tp_mult_sr"": 5.2, ""trail_mult"": 3.1, ""trail_tp"": false, ""use_trailing"": true}",{},
1703,-1000000000.0,TrialState.COMPLETE,2026-04-01T03:22:04.821356,2026-04-01T03:22:07.427978,2.606622,"{""atr_window"": 17, ""bb_std_dev"": 2.2, ""bb_window"": 15, ""cooldown"": 5, ""macd_fast"": 20, ""macd_k"": 1.8, ""macd_k_mid"": 0.65, ""macd_signal"": 7, ""macd_slow"": 36, ""macd_std_window"": 85, ""rebalance_freq"": 150, ""rebounce_block"": 5, ""sl_mult_lm"": 1.25, ""sl_mult_lr"": 4.300000000000001, ""sl_mult_sm"": 1.6, ""sl_mult_sr"": 1.5, ""time_stop"": 21, ""tp_mult_lm"": 5.6, ""tp_mult_lr"": 16.6, ""tp_mult_sm"": 6.5, ""tp_mult_sr"": 4.1, ""trail_mult"": 2.6, ""trail_tp"": true, ""use_trailing"": true}",{},
1704,-1000000000.0,TrialState.COMPLETE,2026-04-01T03:22:07.464604,2026-04-01T03:22:07.535419,0.070815,"{""atr_window"": 20, ""bb_std_dev"": 2.45, ""bb_window"": 16, ""cooldown"": 1, ""macd_fast"": 14, ""macd_k"": 1.2, ""macd_k_mid"": 0.8, ""macd_signal"": 9, ""macd_slow"": 37, ""macd_std_window"": 94, ""rebalance_freq"": 180, ""rebounce_block"": 4, ""sl_mult_lm"": 1.1, ""sl_mult_lr"": 2.6, ""sl_mult_sm"": 1.85, ""sl_mult_sr"": 2.3, ""time_stop"": 30, ""tp_mult_lm"": 5.0, ""tp_mult_lr"": 11.6, ""tp_mult_sm"": 4.7, ""tp_mult_sr"": 4.8, ""trail_mult"": 3.0, ""trail_tp"": false, ""use_trailing"": false}",{},
1705,-1000000000.0,TrialState.COMPLETE,2026-04-01T03:22:07.571600,2026-04-01T03:22:07.637593,0.065993,"{""atr_window"": 19, ""bb_std_dev"": 1.75, ""bb_window"": 17, ""cooldown"": 4, ""macd_fast"": 16, ""macd_k"": 1.5, ""macd_k_mid"": 0.55, ""macd_signal"": 10, ""macd_slow"": 41, ""macd_std_window"": 72, ""rebalance_freq"": 150, ""rebounce_block"": 3, ""sl_mult_lm"": 1.85, ""sl_mult_lr"": 3.2, ""sl_mult_sm"": 1.7000000000000002, ""sl_mult_sr"": 2.7, ""time_stop"": 19, ""tp_mult_lm"": 5.4, ""tp_mult_lr"": 10.2, ""tp_mult_sm"": 4.3, ""tp_mult_sr"": 5.6, ""trail_mult"": 2.0, ""trail_tp"": true, ""use_trailing"": true}",{},
1706,-1000000000.0,TrialState.COMPLETE,2026-04-01T03:22:07.683025,2026-04-01T03:22:10.141432,2.458407,"{""atr_window"": 15, ""bb_std_dev"": 1.95, ""bb_window"": 14, ""cooldown"": 1, ""macd_fast"": 17, ""macd_k"": 1.45, ""macd_k_mid"": 0.95, ""macd_signal"": 8, ""macd_slow"": 35, ""macd_std_window"": 90, ""rebalance_freq"": 180, ""rebounce_block"": 6, ""sl_mult_lm"": 1.2, ""sl_mult_lr"": 4.0, ""sl_mult_sm"": 1.1, ""sl_mult_sr"": 1.6, ""time_stop"": 8, ""tp_mult_lm"": 5.1, ""tp_mult_lr"": 14.0, ""tp_mult_sm"": 5.0, ""tp_mult_sr"": 3.1, ""trail_mult"": 2.1, ""trail_tp"": true, ""use_trailing"": true}",{},
1707,-1000000000.0,TrialState.COMPLETE,2026-04-01T03:22:10.183166,2026-04-01T03:22:10.291987,0.108821,"{""atr_window"": 10, ""bb_std_dev"": 2.25, ""bb_window"": 14, ""cooldown"": 0, ""macd_fast"": 10, ""macd_k"": 1.15, ""macd_k_mid"": 0.6, ""macd_signal"": 9, ""macd_slow"": 40, ""macd_std_window"": 77, ""rebalance_freq"": 90, ""rebounce_block"": 0, ""sl_mult_lm"": 1.4, ""sl_mult_lr"": 2.3, ""sl_mult_sm"": 1.2, ""sl_mult_sr"": 2.4, ""time_stop"": 11, ""tp_mult_lm"": 5.7, ""tp_mult_lr"": 11.8, ""tp_mult_sm"": 7.0, ""tp_mult_sr"": 5.800000000000001, ""trail_mult"": 3.8000000000000003, ""trail_tp"": false, ""use_trailing"": true}",{},
1708,-1000000000.0,TrialState.COMPLETE,2026-04-01T03:22:10.332900,2026-04-01T03:22:10.402173,0.069273,"{""atr_window"": 14, ""bb_std_dev"": 2.05, ""bb_window"": 15, ""cooldown"": 2, ""macd_fast"": 12, ""macd_k"": 1.55, ""macd_k_mid"": 0.75, ""macd_signal"": 8, ""macd_slow"": 43, ""macd_std_window"": 91, ""rebalance_freq"": 120, ""rebounce_block"": 2, ""sl_mult_lm"": 2.0, ""sl_mult_lr"": 3.0, ""sl_mult_sm"": 1.9, ""sl_mult_sr"": 2.8, ""time_stop"": 15, ""tp_mult_lm"": 5.3, ""tp_mult_lr"": 8.6, ""tp_mult_sm"": 4.4, ""tp_mult_sr"": 5.4, ""trail_mult"": 3.7, ""trail_tp"": true, ""use_trailing"": false}",{},
1709,-1000000000.0,TrialState.COMPLETE,2026-04-01T03:22:10.444571,2026-04-01T03:22:10.515548,0.070977,"{""atr_window"": 13, ""bb_std_dev"": 2.15, ""bb_window"": 17, ""cooldown"": 3, ""macd_fast"": 18, ""macd_k"": 1.1, ""macd_k_mid"": 0.6, ""macd_signal"": 7, ""macd_slow"": 41, ""macd_std_window"": 96, ""rebalance_freq"": 150, ""rebounce_block"": 5, ""sl_mult_lm"": 1.35, ""sl_mult_lr"": 2.2, ""sl_mult_sm"": 1.15, ""sl_mult_sr"": 1.9, ""time_stop"": 26, ""tp_mult_lm"": 5.9, ""tp_mult_lr"": 12.4, ""tp_mult_sm"": 6.2, ""tp_mult_sr"": 3.6, ""trail_mult"": 1.9, ""trail_tp"": false, ""use_trailing"": true}",{},
1710,-1000000000.0,TrialState.COMPLETE,2026-04-01T03:22:10.560743,2026-04-01T03:22:13.097684,2.536941,"{""atr_window"": 16, ""bb_std_dev"": 2.4, ""bb_window"": 24, ""cooldown"": 4, ""macd_fast"": 20, ""macd_k"": 1.0, ""macd_k_mid"": 0.9, ""macd_signal"": 10, ""macd_slow"": 37, ""macd_std_window"": 81, ""rebalance_freq"": 60, ""rebounce_block"": 3, ""sl_mult_lm"": 1.3, ""sl_mult_lr"": 2.8, ""sl_mult_sm"": 1.9500000000000002, ""sl_mult_sr"": 2.1, ""time_stop"": 3, ""tp_mult_lm"": 5.5, ""tp_mult_lr"": 12.0, ""tp_mult_sm"": 3.8, ""tp_mult_sr"": 5.5, ""trail_mult"": 2.3, ""trail_tp"": true, ""use_trailing"": true}",{},
1711,-1000000000.0,TrialState.COMPLETE,2026-04-01T03:22:13.133399,2026-04-01T03:22:13.201994,0.068595,"{""atr_window"": 18, ""bb_std_dev"": 2.3, ""bb_window"": 16, ""cooldown"": 1, ""macd_fast"": 13, ""macd_k"": 1.65, ""macd_k_mid"": 0.55, ""macd_signal"": 9, ""macd_slow"": 39, ""macd_std_window"": 80, ""rebalance_freq"": 30, ""rebounce_block"": 1, ""sl_mult_lm"": 1.45, ""sl_mult_lr"": 2.7, ""sl_mult_sm"": 1.55, ""sl_mult_sr"": 1.7, ""time_stop"": 23, ""tp_mult_lm"": 4.4, ""tp_mult_lr"": 9.6, ""tp_mult_sm"": 3.5, ""tp_mult_sr"": 3.9, ""trail_mult"": 2.2, ""trail_tp"": false, ""use_trailing"": true}",{},
1712,-1000000000.0,TrialState.COMPLETE,2026-04-01T03:22:13.247717,2026-04-01T03:22:13.310567,0.06285,"{""atr_window"": 20, ""bb_std_dev"": 2.1, ""bb_window"": 14, ""cooldown"": 0, ""macd_fast"": 14, ""macd_k"": 1.35, ""macd_k_mid"": 0.5, ""macd_signal"": 6, ""macd_slow"": 44, ""macd_std_window"": 99, ""rebalance_freq"": 150, ""rebounce_block"": 4, ""sl_mult_lm"": 1.15, ""sl_mult_lr"": 4.5, ""sl_mult_sm"": 1.75, ""sl_mult_sr"": 2.5, ""time_stop"": 29, ""tp_mult_lm"": 5.2, ""tp_mult_lr"": 14.8, ""tp_mult_sm"": 4.1, ""tp_mult_sr"": 5.1, ""trail_mult"": 1.8, ""trail_tp"": true, ""use_trailing"": false}",{},
1713,-1000000000.0,TrialState.COMPLETE,2026-04-01T03:22:13.352454,2026-04-01T03:22:15.916786,2.564332,"{""atr_window"": 17, ""bb_std_dev"": 1.65, ""bb_window"": 20, ""cooldown"": 5, ""macd_fast"": 19, ""macd_k"": 1.7000000000000002, ""macd_k_mid"": 0.55, ""macd_signal"": 8, ""macd_slow"": 35, ""macd_std_window"": 79, ""rebalance_freq"": 180, ""rebounce_block"": 6, ""sl_mult_lm"": 1.0, ""sl_mult_lr"": 2.5, ""sl_mult_sm"": 1.0, ""sl_mult_sr"": 2.0, ""time_stop"": 20, ""tp_mult_lm"": 4.3, ""tp_mult_lr"": 11.4, ""tp_mult_sm"": 5.300000000000001, ""tp_mult_sr"": 6.1, ""trail_mult"": 3.6, ""trail_tp"": false, ""use_trailing"": true}",{},
1714,-1000000000.0,TrialState.COMPLETE,2026-04-01T03:22:15.953434,2026-04-01T03:22:16.023019,0.069585,"{""atr_window"": 16, ""bb_std_dev"": 1.8499999999999999, ""bb_window"": 18, ""cooldown"": 1, ""macd_fast"": 15, ""macd_k"": 1.6, ""macd_k_mid"": 0.7, ""macd_signal"": 9, ""macd_slow"": 42, ""macd_std_window"": 92, ""rebalance_freq"": 120, ""rebounce_block"": 5, ""sl_mult_lm"": 1.9500000000000002, ""sl_mult_lr"": 2.4, ""sl_mult_sm"": 1.85, ""sl_mult_sr"": 2.6, ""time_stop"": 22, ""tp_mult_lm"": 5.800000000000001, ""tp_mult_lr"": 10.0, ""tp_mult_sm"": 6.0, ""tp_mult_sr"": 4.6, ""trail_mult"": 3.2, ""trail_tp"": true, ""use_trailing"": true}",{},
1715,-1000000000.0,TrialState.COMPLETE,2026-04-01T03:22:16.056906,2026-04-01T03:22:16.120213,0.063307,"{""atr_window"": 13, ""bb_std_dev"": 2.2, ""bb_window"": 15, ""cooldown"": 2, ""macd_fast"": 16, ""macd_k"": 1.5, ""macd_k_mid"": 0.75, ""macd_signal"": 7, ""macd_slow"": 43, ""macd_std_window"": 70, ""rebalance_freq"": 90, ""rebounce_block"": 3, ""sl_mult_lm"": 2.2, ""sl_mult_lr"": 2.1, ""sl_mult_sm"": 1.65, ""sl_mult_sr"": 1.5, ""time_stop"": 10, ""tp_mult_lm"": 4.2, ""tp_mult_lr"": 12.600000000000001, ""tp_mult_sm"": 3.9, ""tp_mult_sr"": 3.0, ""trail_mult"": 3.3, ""trail_tp"": false, ""use_trailing"": false}",{},
1716,-1000000000.0,TrialState.COMPLETE,2026-04-01T03:22:16.164973,2026-04-01T03:22:16.236122,0.071149,"{""atr_window"": 15, ""bb_std_dev"": 2.35, ""bb_window"": 23, ""cooldown"": 2, ""macd_fast"": 11, ""macd_k"": 1.05, ""macd_k_mid"": 1.0, ""macd_signal"": 6, ""macd_slow"": 36, ""macd_std_window"": 100, ""rebalance_freq"": 180, ""rebounce_block"": 2, ""sl_mult_lm"": 1.8, ""sl_mult_lr"": 3.9000000000000004, ""sl_mult_sm"": 1.9500000000000002, ""sl_mult_sr"": 1.8, ""time_stop"": 7, ""tp_mult_lm"": 4.7, ""tp_mult_lr"": 9.2, ""tp_mult_sm"": 6.6, ""tp_mult_sr"": 3.7, ""trail_mult"": 2.0, ""trail_tp"": true, ""use_trailing"": true}",{},
1717,-1000000000.0,TrialState.COMPLETE,2026-04-01T03:22:16.275423,2026-04-01T03:22:16.347428,0.072005,"{""atr_window"": 19, ""bb_std_dev"": 2.45, ""bb_window"": 14, ""cooldown"": 4, ""macd_fast"": 14, ""macd_k"": 2.0, ""macd_k_mid"": 0.8500000000000001, ""macd_signal"": 8, ""macd_slow"": 38, ""macd_std_window"": 90, ""rebalance_freq"": 60, ""rebounce_block"": 0, ""sl_mult_lm"": 1.9, ""sl_mult_lr"": 2.0, ""sl_mult_sm"": 1.5, ""sl_mult_sr"": 3.0, ""time_stop"": 13, ""tp_mult_lm"": 5.4, ""tp_mult_lr"": 12.2, ""tp_mult_sm"": 6.800000000000001, ""tp_mult_sr"": 3.3, ""trail_mult"": 3.4000000000000004, ""trail_tp"": false, ""use_trailing"": true}",{},
1718,-1000000000.0,TrialState.COMPLETE,2026-04-01T03:22:16.383724,2026-04-01T03:22:16.451166,0.067442,"{""atr_window"": 12, ""bb_std_dev"": 1.45, ""bb_window"": 22, ""cooldown"": 1, ""macd_fast"": 12, ""macd_k"": 1.2, ""macd_k_mid"": 0.5, ""macd_signal"": 5, ""macd_slow"": 40, ""macd_std_window"": 75, ""rebalance_freq"": 150, ""rebounce_block"": 5, ""sl_mult_lm"": 1.25, ""sl_mult_lr"": 2.4, ""sl_mult_sm"": 1.25, ""sl_mult_sr"": 1.6, ""time_stop"": 16, ""tp_mult_lm"": 6.0, ""tp_mult_lr"": 11.0, ""tp_mult_sm"": 5.7, ""tp_mult_sr"": 3.2, ""trail_mult"": 3.0, ""trail_tp"": true, ""use_trailing"": true}",{},
1719,-1000000000.0,TrialState.COMPLETE,2026-04-01T03:22:16.486250,2026-04-01T03:22:16.551762,0.065512,"{""atr_window"": 11, ""bb_std_dev"": 1.7, ""bb_window"": 25, ""cooldown"": 3, ""macd_fast"": 15, ""macd_k"": 1.15, ""macd_k_mid"": 0.6, ""macd_signal"": 10, ""macd_slow"": 44, ""macd_std_window"": 86, ""rebalance_freq"": 150, ""rebounce_block"": 6, ""sl_mult_lm"": 1.65, ""sl_mult_lr"": 4.1, ""sl_mult_sm"": 1.7000000000000002, ""sl_mult_sr"": 2.2, ""time_stop"": 6, ""tp_mult_lm"": 3.6, ""tp_mult_lr"": 12.8, ""tp_mult_sm"": 4.3, ""tp_mult_sr"": 6.7, ""trail_mult"": 2.7, ""trail_tp"": false, ""use_trailing"": false}",{},
