number,value,state,datetime_start,datetime_complete,duration_seconds,params_json,fold_sharpes_json,avg_cv_sharpe
762,-1000000000.0,TrialState.COMPLETE,2026-04-01T02:20:44.327578,2026-04-01T02:20:44.365774,0.038196,"{""atr_window"": 14, ""bb_std_dev"": 1.5, ""bb_window"": 14, ""cooldown"": 2, ""macd_fast"": 14, ""macd_k"": 1.4, ""macd_k_mid"": 0.65, ""macd_signal"": 9, ""macd_slow"": 44, ""macd_std_window"": 92, ""rebalance_freq"": 150, ""rebounce_block"": 3, ""sl_mult_lm"": 1.1, ""sl_mult_lr"": 2.8, ""sl_mult_sm"": 1.7000000000000002, ""sl_mult_sr"": 1.8, ""time_stop"": 23, ""tp_mult_lm"": 5.5, ""tp_mult_lr"": 11.6, ""tp_mult_sm"": 4.7, ""tp_mult_sr"": 5.300000000000001, ""trail_mult"": 3.7, ""trail_tp"": true, ""use_trailing"": true}",{},
763,-1000000000.0,TrialState.COMPLETE,2026-04-01T02:20:44.398477,2026-04-01T02:20:44.435851,0.037374,"{""atr_window"": 11, ""bb_std_dev"": 2.35, ""bb_window"": 15, ""cooldown"": 1, ""macd_fast"": 15, ""macd_k"": 1.15, ""macd_k_mid"": 0.55, ""macd_signal"": 8, ""macd_slow"": 43, ""macd_std_window"": 72, ""rebalance_freq"": 150, ""rebounce_block"": 3, ""sl_mult_lm"": 1.15, ""sl_mult_lr"": 3.2, ""sl_mult_sm"": 1.85, ""sl_mult_sr"": 2.9000000000000004, ""time_stop"": 15, ""tp_mult_lm"": 5.0, ""tp_mult_lr"": 13.8, ""tp_mult_sm"": 6.4, ""tp_mult_sr"": 6.5, ""trail_mult"": 2.2, ""trail_tp"": false, ""use_trailing"": false}",{},
764,-1000000000.0,TrialState.COMPLETE,2026-04-01T02:20:44.468668,2026-04-01T02:20:44.517036,0.048368,"{""atr_window"": 20, ""bb_std_dev"": 1.5499999999999998, ""bb_window"": 24, ""cooldown"": 1, ""macd_fast"": 10, ""macd_k"": 1.35, ""macd_k_mid"": 0.6, ""macd_signal"": 6, ""macd_slow"": 40, ""macd_std_window"": 99, ""rebalance_freq"": 180, ""rebounce_block"": 2, ""sl_mult_lm"": 1.3, ""sl_mult_lr"": 2.5, ""sl_mult_sm"": 2.0, ""sl_mult_sr"": 2.2, ""time_stop"": 8, ""tp_mult_lm"": 4.6, ""tp_mult_lr"": 15.4, ""tp_mult_sm"": 3.1, ""tp_mult_sr"": 4.0, ""trail_mult"": 3.6, ""trail_tp"": true, ""use_trailing"": true}",{},
765,-1000000000.0,TrialState.COMPLETE,2026-04-01T02:20:44.548957,2026-04-01T02:20:47.062086,2.513129,"{""atr_window"": 16, ""bb_std_dev"": 1.95, ""bb_window"": 17, ""cooldown"": 2, ""macd_fast"": 16, ""macd_k"": 1.65, ""macd_k_mid"": 0.95, ""macd_signal"": 7, ""macd_slow"": 36, ""macd_std_window"": 88, ""rebalance_freq"": 120, ""rebounce_block"": 4, ""sl_mult_lm"": 1.35, ""sl_mult_lr"": 4.1, ""sl_mult_sm"": 1.1, ""sl_mult_sr"": 3.1, ""time_stop"": 0, ""tp_mult_lm"": 5.9, ""tp_mult_lr"": 15.8, ""tp_mult_sm"": 5.7, ""tp_mult_sr"": 4.9, ""trail_mult"": 3.8000000000000003, ""trail_tp"": false, ""use_trailing"": true}",{},
766,-1000000000.0,TrialState.COMPLETE,2026-04-01T02:20:47.092984,2026-04-01T02:20:49.626751,2.533767,"{""atr_window"": 12, ""bb_std_dev"": 1.45, ""bb_window"": 18, ""cooldown"": 5, ""macd_fast"": 14, ""macd_k"": 1.3, ""macd_k_mid"": 0.5, ""macd_signal"": 8, ""macd_slow"": 35, ""macd_std_window"": 97, ""rebalance_freq"": 30, ""rebounce_block"": 6, ""sl_mult_lm"": 1.75, ""sl_mult_lr"": 2.1, ""sl_mult_sm"": 1.8, ""sl_mult_sr"": 1.6, ""time_stop"": 16, ""tp_mult_lm"": 5.2, ""tp_mult_lr"": 12.600000000000001, ""tp_mult_sm"": 4.2, ""tp_mult_sr"": 6.800000000000001, ""trail_mult"": 3.2, ""trail_tp"": true, ""use_trailing"": false}",{},
767,-1000000000.0,TrialState.COMPLETE,2026-04-01T02:20:49.658555,2026-04-01T02:20:52.163330,2.504775,"{""atr_window"": 19, ""bb_std_dev"": 2.2, ""bb_window"": 21, ""cooldown"": 1, ""macd_fast"": 20, ""macd_k"": 1.15, ""macd_k_mid"": 0.8500000000000001, ""macd_signal"": 10, ""macd_slow"": 37, ""macd_std_window"": 80, ""rebalance_freq"": 90, ""rebounce_block"": 5, ""sl_mult_lm"": 2.05, ""sl_mult_lr"": 4.9, ""sl_mult_sm"": 1.9500000000000002, ""sl_mult_sr"": 2.2, ""time_stop"": 1, ""tp_mult_lm"": 4.9, ""tp_mult_lr"": 9.6, ""tp_mult_sm"": 5.5, ""tp_mult_sr"": 4.6, ""trail_mult"": 2.0, ""trail_tp"": false, ""use_trailing"": true}",{},
768,-1000000000.0,TrialState.COMPLETE,2026-04-01T02:20:52.194246,2026-04-01T02:20:52.243746,0.0495,"{""atr_window"": 17, ""bb_std_dev"": 2.25, ""bb_window"": 15, ""cooldown"": 0, ""macd_fast"": 13, ""macd_k"": 1.0, ""macd_k_mid"": 0.7, ""macd_signal"": 9, ""macd_slow"": 44, ""macd_std_window"": 95, ""rebalance_freq"": 150, ""rebounce_block"": 0, ""sl_mult_lm"": 1.25, ""sl_mult_lr"": 2.4, ""sl_mult_sm"": 1.2, ""sl_mult_sr"": 2.1, ""time_stop"": 3, ""tp_mult_lm"": 5.800000000000001, ""tp_mult_lr"": 12.0, ""tp_mult_sm"": 6.2, ""tp_mult_sr"": 5.0, ""trail_mult"": 2.9000000000000004, ""trail_tp"": true, ""use_trailing"": true}",{},
769,-1000000000.0,TrialState.COMPLETE,2026-04-01T02:20:52.278146,2026-04-01T02:20:52.311946,0.0338,"{""atr_window"": 13, ""bb_std_dev"": 2.05, ""bb_window"": 16, ""cooldown"": 3, ""macd_fast"": 11, ""macd_k"": 1.5, ""macd_k_mid"": 0.6, ""macd_signal"": 5, ""macd_slow"": 38, ""macd_std_window"": 70, ""rebalance_freq"": 180, ""rebounce_block"": 4, ""sl_mult_lm"": 1.0, ""sl_mult_lr"": 2.7, ""sl_mult_sm"": 1.75, ""sl_mult_sr"": 3.2, ""time_stop"": 30, ""tp_mult_lm"": 5.4, ""tp_mult_lr"": 10.4, ""tp_mult_sm"": 4.5, ""tp_mult_sr"": 5.7, ""trail_mult"": 2.9000000000000004, ""trail_tp"": false, ""use_trailing"": true}",{},
770,-1000000000.0,TrialState.COMPLETE,2026-04-01T02:20:52.342633,2026-04-01T02:20:54.819081,2.476448,"{""atr_window"": 14, ""bb_std_dev"": 2.45, ""bb_window"": 14, ""cooldown"": 4, ""macd_fast"": 18, ""macd_k"": 1.55, ""macd_k_mid"": 0.55, ""macd_signal"": 8, ""macd_slow"": 40, ""macd_std_window"": 90, ""rebalance_freq"": 60, ""rebounce_block"": 6, ""sl_mult_lm"": 1.05, ""sl_mult_lr"": 3.4000000000000004, ""sl_mult_sm"": 1.6, ""sl_mult_sr"": 1.7, ""time_stop"": 20, ""tp_mult_lm"": 5.1, ""tp_mult_lr"": 11.0, ""tp_mult_sm"": 6.0, ""tp_mult_sr"": 3.8, ""trail_mult"": 2.3, ""trail_tp"": true, ""use_trailing"": false}",{},
771,-1000000000.0,TrialState.COMPLETE,2026-04-01T02:20:54.851292,2026-04-01T02:20:54.887720,0.036428,"{""atr_window"": 16, ""bb_std_dev"": 1.9, ""bb_window"": 14, ""cooldown"": 2, ""macd_fast"": 15, ""macd_k"": 1.75, ""macd_k_mid"": 0.65, ""macd_signal"": 7, ""macd_slow"": 41, ""macd_std_window"": 82, ""rebalance_freq"": 150, ""rebounce_block"": 5, ""sl_mult_lm"": 1.2, ""sl_mult_lr"": 2.2, ""sl_mult_sm"": 1.55, ""sl_mult_sr"": 1.9, ""time_stop"": 26, ""tp_mult_lm"": 4.7, ""tp_mult_lr"": 16.4, ""tp_mult_sm"": 4.3, ""tp_mult_sr"": 3.1, ""trail_mult"": 3.3, ""trail_tp"": false, ""use_trailing"": true}",{},
772,-1000000000.0,TrialState.COMPLETE,2026-04-01T02:20:54.918982,2026-04-01T02:20:54.955667,0.036685,"{""atr_window"": 18, ""bb_std_dev"": 2.0, ""bb_window"": 17, ""cooldown"": 0, ""macd_fast"": 12, ""macd_k"": 1.45, ""macd_k_mid"": 0.5, ""macd_signal"": 6, ""macd_slow"": 43, ""macd_std_window"": 89, ""rebalance_freq"": 90, ""rebounce_block"": 0, ""sl_mult_lm"": 1.4, ""sl_mult_lr"": 2.9, ""sl_mult_sm"": 1.5, ""sl_mult_sr"": 2.0, ""time_stop"": 29, ""tp_mult_lm"": 3.7, ""tp_mult_lr"": 14.4, ""tp_mult_sm"": 3.5, ""tp_mult_sr"": 4.5, ""trail_mult"": 3.1, ""trail_tp"": true, ""use_trailing"": true}",{},
773,-1000000000.0,TrialState.COMPLETE,2026-04-01T02:20:54.987897,2026-04-01T02:20:57.492007,2.50411,"{""atr_window"": 20, ""bb_std_dev"": 1.4, ""bb_window"": 25, ""cooldown"": 3, ""macd_fast"": 20, ""macd_k"": 1.6, ""macd_k_mid"": 0.75, ""macd_signal"": 10, ""macd_slow"": 42, ""macd_std_window"": 91, ""rebalance_freq"": 120, ""rebounce_block"": 3, ""sl_mult_lm"": 2.1500000000000004, ""sl_mult_lr"": 4.5, ""sl_mult_sm"": 1.65, ""sl_mult_sr"": 2.7, ""time_stop"": 13, ""tp_mult_lm"": 4.2, ""tp_mult_lr"": 13.2, ""tp_mult_sm"": 3.0, ""tp_mult_sr"": 3.9, ""trail_mult"": 4.0, ""trail_tp"": false, ""use_trailing"": true}",{},
774,-1000000000.0,TrialState.COMPLETE,2026-04-01T02:20:57.518639,2026-04-01T02:20:57.551148,0.032509,"{""atr_window"": 15, ""bb_std_dev"": 2.1, ""bb_window"": 19, ""cooldown"": 1, ""macd_fast"": 13, ""macd_k"": 1.1, ""macd_k_mid"": 0.55, ""macd_signal"": 9, ""macd_slow"": 44, ""macd_std_window"": 98, ""rebalance_freq"": 180, ""rebounce_block"": 2, ""sl_mult_lm"": 2.0, ""sl_mult_lr"": 2.0, ""sl_mult_sm"": 1.8, ""sl_mult_sr"": 2.6, ""time_stop"": 6, ""tp_mult_lm"": 5.6, ""tp_mult_lr"": 11.8, ""tp_mult_sm"": 6.800000000000001, ""tp_mult_sr"": 3.4, ""trail_mult"": 2.8, ""trail_tp"": true, ""use_trailing"": false}",{},
775,-1000000000.0,TrialState.COMPLETE,2026-04-01T02:20:57.582126,2026-04-01T02:21:00.112542,2.530416,"{""atr_window"": 12, ""bb_std_dev"": 1.5999999999999999, ""bb_window"": 22, ""cooldown"": 4, ""macd_fast"": 16, ""macd_k"": 1.05, ""macd_k_mid"": 0.7, ""macd_signal"": 8, ""macd_slow"": 36, ""macd_std_window"": 92, ""rebalance_freq"": 150, ""rebounce_block"": 1, ""sl_mult_lm"": 2.2, ""sl_mult_lr"": 4.2, ""sl_mult_sm"": 1.85, ""sl_mult_sr"": 1.5, ""time_stop"": 22, ""tp_mult_lm"": 6.0, ""tp_mult_lr"": 8.2, ""tp_mult_sm"": 3.3, ""tp_mult_sr"": 6.4, ""trail_mult"": 3.9000000000000004, ""trail_tp"": false, ""use_trailing"": true}",{},
776,-1000000000.0,TrialState.COMPLETE,2026-04-01T02:21:00.146091,2026-04-01T02:21:00.182748,0.036657,"{""atr_window"": 10, ""bb_std_dev"": 2.35, ""bb_window"": 14, ""cooldown"": 1, ""macd_fast"": 14, ""macd_k"": 1.9500000000000002, ""macd_k_mid"": 1.0, ""macd_signal"": 7, ""macd_slow"": 39, ""macd_std_window"": 87, ""rebalance_freq"": 30, ""rebounce_block"": 5, ""sl_mult_lm"": 1.85, ""sl_mult_lr"": 2.5, ""sl_mult_sm"": 1.9, ""sl_mult_sr"": 1.6, ""time_stop"": 10, ""tp_mult_lm"": 5.3, ""tp_mult_lr"": 12.2, ""tp_mult_sm"": 6.2, ""tp_mult_sr"": 6.7, ""trail_mult"": 2.1, ""trail_tp"": true, ""use_trailing"": true}",{},
777,-1000000000.0,TrialState.COMPLETE,2026-04-01T02:21:00.214820,2026-04-01T02:21:00.252466,0.037646,"{""atr_window"": 14, ""bb_std_dev"": 2.4, ""bb_window"": 18, ""cooldown"": 2, ""macd_fast"": 12, ""macd_k"": 1.0, ""macd_k_mid"": 0.55, ""macd_signal"": 9, ""macd_slow"": 40, ""macd_std_window"": 71, ""rebalance_freq"": 120, ""rebounce_block"": 6, ""sl_mult_lm"": 1.25, ""sl_mult_lr"": 2.3, ""sl_mult_sm"": 1.25, ""sl_mult_sr"": 2.3, ""time_stop"": 17, ""tp_mult_lm"": 5.5, ""tp_mult_lr"": 9.8, ""tp_mult_sm"": 6.300000000000001, ""tp_mult_sr"": 4.3, ""trail_mult"": 1.8, ""trail_tp"": false, ""use_trailing"": true}",{},
778,-1000000000.0,TrialState.COMPLETE,2026-04-01T02:21:00.283459,2026-04-01T02:21:02.813869,2.53041,"{""atr_window"": 16, ""bb_std_dev"": 1.75, ""bb_window"": 16, ""cooldown"": 0, ""macd_fast"": 18, ""macd_k"": 1.1, ""macd_k_mid"": 0.95, ""macd_signal"": 8, ""macd_slow"": 37, ""macd_std_window"": 100, ""rebalance_freq"": 150, ""rebounce_block"": 3, ""sl_mult_lm"": 1.3, ""sl_mult_lr"": 2.6, ""sl_mult_sm"": 1.7000000000000002, ""sl_mult_sr"": 2.4, ""time_stop"": 25, ""tp_mult_lm"": 4.1, ""tp_mult_lr"": 9.0, ""tp_mult_sm"": 4.6, ""tp_mult_sr"": 5.1, ""trail_mult"": 1.9, ""trail_tp"": true, ""use_trailing"": false}",{},
779,-1000000000.0,TrialState.COMPLETE,2026-04-01T02:21:02.846242,2026-04-01T02:21:02.884247,0.038005,"{""atr_window"": 18, ""bb_std_dev"": 2.25, ""bb_window"": 20, ""cooldown"": 5, ""macd_fast"": 17, ""macd_k"": 1.25, ""macd_k_mid"": 0.8, ""macd_signal"": 9, ""macd_slow"": 41, ""macd_std_window"": 81, ""rebalance_freq"": 180, ""rebounce_block"": 4, ""sl_mult_lm"": 1.6, ""sl_mult_lr"": 2.2, ""sl_mult_sm"": 1.45, ""sl_mult_sr"": 2.0, ""time_stop"": 20, ""tp_mult_lm"": 4.0, ""tp_mult_lr"": 13.0, ""tp_mult_sm"": 6.5, ""tp_mult_sr"": 3.0, ""trail_mult"": 2.3, ""trail_tp"": false, ""use_trailing"": true}",{},
780,-1000000000.0,TrialState.COMPLETE,2026-04-01T02:21:02.927370,2026-04-01T02:21:02.999545,0.072175,"{""atr_window"": 20, ""bb_std_dev"": 1.65, ""bb_window"": 15, ""cooldown"": 2, ""macd_fast"": 11, ""macd_k"": 1.7000000000000002, ""macd_k_mid"": 0.9, ""macd_signal"": 7, ""macd_slow"": 44, ""macd_std_window"": 79, ""rebalance_freq"": 150, ""rebounce_block"": 5, ""sl_mult_lm"": 1.0, ""sl_mult_lr"": 2.4, ""sl_mult_sm"": 1.05, ""sl_mult_sr"": 1.8, ""time_stop"": 18, ""tp_mult_lm"": 4.8, ""tp_mult_lr"": 15.0, ""tp_mult_sm"": 6.6, ""tp_mult_sr"": 6.6, ""trail_mult"": 2.6, ""trail_tp"": true, ""use_trailing"": true}",{},
781,-1000000000.0,TrialState.COMPLETE,2026-04-01T02:21:03.043106,2026-04-01T02:21:05.496841,2.453735,"{""atr_window"": 19, ""bb_std_dev"": 2.5, ""bb_window"": 17, ""cooldown"": 1, ""macd_fast"": 19, ""macd_k"": 1.4, ""macd_k_mid"": 0.6, ""macd_signal"": 6, ""macd_slow"": 35, ""macd_std_window"": 96, ""rebalance_freq"": 60, ""rebounce_block"": 6, ""sl_mult_lm"": 1.9, ""sl_mult_lr"": 3.7, ""sl_mult_sm"": 1.65, ""sl_mult_sr"": 2.8, ""time_stop"": 24, ""tp_mult_lm"": 3.9, ""tp_mult_lr"": 14.0, ""tp_mult_sm"": 3.7, ""tp_mult_sr"": 5.9, ""trail_mult"": 3.4000000000000004, ""trail_tp"": false, ""use_trailing"": false}",{},
782,-1000000000.0,TrialState.COMPLETE,2026-04-01T02:21:05.523707,2026-04-01T02:21:05.560031,0.036324,"{""atr_window"": 16, ""bb_std_dev"": 1.7999999999999998, ""bb_window"": 14, ""cooldown"": 3, ""macd_fast"": 10, ""macd_k"": 1.15, ""macd_k_mid"": 0.5, ""macd_signal"": 8, ""macd_slow"": 43, ""macd_std_window"": 90, ""rebalance_freq"": 90, ""rebounce_block"": 2, ""sl_mult_lm"": 1.8, ""sl_mult_lr"": 2.3, ""sl_mult_sm"": 1.55, ""sl_mult_sr"": 1.7, ""time_stop"": 21, ""tp_mult_lm"": 5.0, ""tp_mult_lr"": 16.200000000000003, ""tp_mult_sm"": 4.9, ""tp_mult_sr"": 4.1, ""trail_mult"": 2.2, ""trail_tp"": true, ""use_trailing"": true}",{},
783,-1000000000.0,TrialState.COMPLETE,2026-04-01T02:21:05.591997,2026-04-01T02:21:05.631293,0.039296,"{""atr_window"": 17, ""bb_std_dev"": 2.3, ""bb_window"": 21, ""cooldown"": 4, ""macd_fast"": 14, ""macd_k"": 1.2, ""macd_k_mid"": 0.7, ""macd_signal"": 10, ""macd_slow"": 42, ""macd_std_window"": 93, ""rebalance_freq"": 150, ""rebounce_block"": 0, ""sl_mult_lm"": 1.9500000000000002, ""sl_mult_lr"": 4.300000000000001, ""sl_mult_sm"": 1.75, ""sl_mult_sr"": 1.5, ""time_stop"": 19, ""tp_mult_lm"": 5.2, ""tp_mult_lr"": 11.6, ""tp_mult_sm"": 5.6, ""tp_mult_sr"": 5.6, ""trail_mult"": 2.1, ""trail_tp"": true, ""use_trailing"": true}",{},
784,-1000000000.0,TrialState.COMPLETE,2026-04-01T02:21:05.665097,2026-04-01T02:21:05.702770,0.037673,"{""atr_window"": 14, ""bb_std_dev"": 2.2, ""bb_window"": 23, ""cooldown"": 0, ""macd_fast"": 15, ""macd_k"": 1.5, ""macd_k_mid"": 0.55, ""macd_signal"": 9, ""macd_slow"": 39, ""macd_std_window"": 71, ""rebalance_freq"": 120, ""rebounce_block"": 1, ""sl_mult_lm"": 1.65, ""sl_mult_lr"": 4.7, ""sl_mult_sm"": 1.6, ""sl_mult_sr"": 2.2, ""time_stop"": 9, ""tp_mult_lm"": 5.7, ""tp_mult_lr"": 9.4, ""tp_mult_sm"": 5.2, ""tp_mult_sr"": 4.8, ""trail_mult"": 3.6, ""trail_tp"": false, ""use_trailing"": true}",{},
785,-1000000000.0,TrialState.COMPLETE,2026-04-01T02:21:05.736431,2026-04-01T02:21:05.774368,0.037937,"{""atr_window"": 15, ""bb_std_dev"": 2.05, ""bb_window"": 16, ""cooldown"": 1, ""macd_fast"": 20, ""macd_k"": 1.85, ""macd_k_mid"": 0.65, ""macd_signal"": 9, ""macd_slow"": 43, ""macd_std_window"": 74, ""rebalance_freq"": 30, ""rebounce_block"": 5, ""sl_mult_lm"": 1.45, ""sl_mult_lr"": 5.0, ""sl_mult_sm"": 1.15, ""sl_mult_sr"": 2.5, ""time_stop"": 15, ""tp_mult_lm"": 3.6, ""tp_mult_lr"": 8.8, ""tp_mult_sm"": 4.1, ""tp_mult_sr"": 3.7, ""trail_mult"": 2.0, ""trail_tp"": true, ""use_trailing"": false}",{},
786,-1000000000.0,TrialState.COMPLETE,2026-04-01T02:21:05.805258,2026-04-01T02:21:05.841549,0.036291,"{""atr_window"": 15, ""bb_std_dev"": 1.8499999999999999, ""bb_window"": 15, ""cooldown"": 2, ""macd_fast"": 12, ""macd_k"": 1.35, ""macd_k_mid"": 0.6, ""macd_signal"": 8, ""macd_slow"": 37, ""macd_std_window"": 89, ""rebalance_freq"": 180, ""rebounce_block"": 3, ""sl_mult_lm"": 1.5, ""sl_mult_lr"": 2.5, ""sl_mult_sm"": 1.3, ""sl_mult_sr"": 2.1, ""time_stop"": 11, ""tp_mult_lm"": 5.6, ""tp_mult_lr"": 12.4, ""tp_mult_sm"": 3.2, ""tp_mult_sr"": 6.1, ""trail_mult"": 3.0, ""trail_tp"": false, ""use_trailing"": true}",{},
787,-1000000000.0,TrialState.COMPLETE,2026-04-01T02:21:05.883202,2026-04-01T02:21:08.370076,2.486874,"{""atr_window"": 13, ""bb_std_dev"": 1.7, ""bb_window"": 14, ""cooldown"": 4, ""macd_fast"": 14, ""macd_k"": 1.05, ""macd_k_mid"": 0.55, ""macd_signal"": 5, ""macd_slow"": 36, ""macd_std_window"": 88, ""rebalance_freq"": 120, ""rebounce_block"": 4, ""sl_mult_lm"": 1.75, ""sl_mult_lr"": 3.0, ""sl_mult_sm"": 1.35, ""sl_mult_sr"": 1.9, ""time_stop"": 3, ""tp_mult_lm"": 5.5, ""tp_mult_lr"": 14.600000000000001, ""tp_mult_sm"": 3.5, ""tp_mult_sr"": 4.7, ""trail_mult"": 3.7, ""trail_tp"": true, ""use_trailing"": true}",{},
788,-1000000000.0,TrialState.COMPLETE,2026-04-01T02:21:08.397080,2026-04-01T02:21:08.436661,0.039581,"{""atr_window"": 11, ""bb_std_dev"": 2.45, ""bb_window"": 20, ""cooldown"": 1, ""macd_fast"": 17, ""macd_k"": 1.55, ""macd_k_mid"": 0.6, ""macd_signal"": 8, ""macd_slow"": 40, ""macd_std_window"": 78, ""rebalance_freq"": 180, ""rebounce_block"": 5, ""sl_mult_lm"": 1.35, ""sl_mult_lr"": 3.1, ""sl_mult_sm"": 1.0, ""sl_mult_sr"": 1.5, ""time_stop"": 13, ""tp_mult_lm"": 5.4, ""tp_mult_lr"": 10.8, ""tp_mult_sm"": 5.4, ""tp_mult_sr"": 6.2, ""trail_mult"": 3.2, ""trail_tp"": false, ""use_trailing"": true}",{},
789,-1000000000.0,TrialState.COMPLETE,2026-04-01T02:21:08.467696,2026-04-01T02:21:08.506928,0.039232,"{""atr_window"": 20, ""bb_std_dev"": 1.9, ""bb_window"": 14, ""cooldown"": 5, ""macd_fast"": 13, ""macd_k"": 1.6, ""macd_k_mid"": 0.5, ""macd_signal"": 6, ""macd_slow"": 38, ""macd_std_window"": 83, ""rebalance_freq"": 150, ""rebounce_block"": 6, ""sl_mult_lm"": 1.2, ""sl_mult_lr"": 2.1, ""sl_mult_sm"": 1.8, ""sl_mult_sr"": 1.7, ""time_stop"": 16, ""tp_mult_lm"": 5.1, ""tp_mult_lr"": 12.8, ""tp_mult_sm"": 5.0, ""tp_mult_sr"": 5.800000000000001, ""trail_mult"": 1.5, ""trail_tp"": true, ""use_trailing"": false}",{},
790,-1000000000.0,TrialState.COMPLETE,2026-04-01T02:21:08.539955,2026-04-01T02:21:08.589499,0.049544,"{""atr_window"": 19, ""bb_std_dev"": 2.0, ""bb_window"": 17, ""cooldown"": 2, ""macd_fast"": 15, ""macd_k"": 1.3, ""macd_k_mid"": 0.7, ""macd_signal"": 7, ""macd_slow"": 41, ""macd_std_window"": 86, ""rebalance_freq"": 90, ""rebounce_block"": 4, ""sl_mult_lm"": 1.7000000000000002, ""sl_mult_lr"": 2.4, ""sl_mult_sm"": 1.9500000000000002, ""sl_mult_sr"": 2.0, ""time_stop"": 5, ""tp_mult_lm"": 5.3, ""tp_mult_lr"": 13.4, ""tp_mult_sm"": 5.300000000000001, ""tp_mult_sr"": 5.2, ""trail_mult"": 2.5, ""trail_tp"": false, ""use_trailing"": true}",{},
791,-1000000000.0,TrialState.COMPLETE,2026-04-01T02:21:08.621254,2026-04-01T02:21:08.661263,0.040009,"{""atr_window"": 18, ""bb_std_dev"": 1.95, ""bb_window"": 24, ""cooldown"": 3, ""macd_fast"": 11, ""macd_k"": 1.65, ""macd_k_mid"": 0.8, ""macd_signal"": 10, ""macd_slow"": 44, ""macd_std_window"": 76, ""rebalance_freq"": 150, ""rebounce_block"": 0, ""sl_mult_lm"": 1.4, ""sl_mult_lr"": 2.7, ""sl_mult_sm"": 1.7000000000000002, ""sl_mult_sr"": 1.6, ""time_stop"": 14, ""tp_mult_lm"": 4.3, ""tp_mult_lr"": 9.8, ""tp_mult_sm"": 4.4, ""tp_mult_sr"": 4.4, ""trail_mult"": 1.7, ""trail_tp"": true, ""use_trailing"": true}",{},
792,-1000000000.0,TrialState.COMPLETE,2026-04-01T02:21:08.693845,2026-04-01T02:21:08.729389,0.035544,"{""atr_window"": 17, ""bb_std_dev"": 2.15, ""bb_window"": 16, ""cooldown"": 0, ""macd_fast"": 19, ""macd_k"": 1.45, ""macd_k_mid"": 0.9, ""macd_signal"": 9, ""macd_slow"": 43, ""macd_std_window"": 80, ""rebalance_freq"": 30, ""rebounce_block"": 3, ""sl_mult_lm"": 1.1, ""sl_mult_lr"": 2.9, ""sl_mult_sm"": 1.5, ""sl_mult_sr"": 2.2, ""time_stop"": 6, ""tp_mult_lm"": 4.9, ""tp_mult_lr"": 10.2, ""tp_mult_sm"": 6.7, ""tp_mult_sr"": 6.300000000000001, ""trail_mult"": 2.8, ""trail_tp"": false, ""use_trailing"": true}",{},
793,-1000000000.0,TrialState.COMPLETE,2026-04-01T02:21:08.764570,2026-04-01T02:21:08.799907,0.035337,"{""atr_window"": 16, ""bb_std_dev"": 1.75, ""bb_window"": 15, ""cooldown"": 1, ""macd_fast"": 16, ""macd_k"": 1.15, ""macd_k_mid"": 0.55, ""macd_signal"": 9, ""macd_slow"": 35, ""macd_std_window"": 75, ""rebalance_freq"": 180, ""rebounce_block"": 2, ""sl_mult_lm"": 1.9500000000000002, ""sl_mult_lr"": 3.5, ""sl_mult_sm"": 1.85, ""sl_mult_sr"": 3.3, ""time_stop"": 12, ""tp_mult_lm"": 5.800000000000001, ""tp_mult_lr"": 16.8, ""tp_mult_sm"": 3.9, ""tp_mult_sr"": 3.2, ""trail_mult"": 3.5, ""trail_tp"": true, ""use_trailing"": false}",{},
794,-1000000000.0,TrialState.COMPLETE,2026-04-01T02:21:08.836398,2026-04-01T02:21:11.304096,2.467698,"{""atr_window"": 19, ""bb_std_dev"": 2.3, ""bb_window"": 19, ""cooldown"": 2, ""macd_fast"": 20, ""macd_k"": 1.2, ""macd_k_mid"": 0.65, ""macd_signal"": 8, ""macd_slow"": 42, ""macd_std_window"": 81, ""rebalance_freq"": 150, ""rebounce_block"": 5, ""sl_mult_lm"": 1.05, ""sl_mult_lr"": 2.8, ""sl_mult_sm"": 1.75, ""sl_mult_sr"": 2.1, ""time_stop"": 28, ""tp_mult_lm"": 5.0, ""tp_mult_lr"": 12.2, ""tp_mult_sm"": 5.5, ""tp_mult_sr"": 4.6, ""trail_mult"": 2.7, ""trail_tp"": false, ""use_trailing"": true}",{},
795,-1000000000.0,TrialState.COMPLETE,2026-04-01T02:21:11.336079,2026-04-01T02:21:11.386686,0.050607,"{""atr_window"": 14, ""bb_std_dev"": 2.1, ""bb_window"": 22, ""cooldown"": 4, ""macd_fast"": 12, ""macd_k"": 1.8, ""macd_k_mid"": 0.75, ""macd_signal"": 7, ""macd_slow"": 37, ""macd_std_window"": 91, ""rebalance_freq"": 120, ""rebounce_block"": 6, ""sl_mult_lm"": 1.35, ""sl_mult_lr"": 2.6, ""sl_mult_sm"": 2.0, ""sl_mult_sr"": 1.8, ""time_stop"": 22, ""tp_mult_lm"": 5.4, ""tp_mult_lr"": 11.8, ""tp_mult_sm"": 5.800000000000001, ""tp_mult_sr"": 3.6, ""trail_mult"": 3.1, ""trail_tp"": true, ""use_trailing"": true}",{},
