number,value,state,datetime_start,datetime_complete,duration_seconds,params_json,fold_sharpes_json,avg_cv_sharpe
590,-1000000000.0,TrialState.COMPLETE,2026-04-01T02:18:25.913321,2026-04-01T02:18:28.451250,2.537929,"{""atr_window"": 20, ""bb_std_dev"": 2.35, ""bb_window"": 17, ""cooldown"": 1, ""macd_fast"": 20, ""macd_k"": 1.6, ""macd_k_mid"": 0.55, ""macd_signal"": 10, ""macd_slow"": 40, ""macd_std_window"": 71, ""rebalance_freq"": 150, ""rebounce_block"": 5, ""sl_mult_lm"": 1.15, ""sl_mult_lr"": 2.8, ""sl_mult_sm"": 1.65, ""sl_mult_sr"": 2.3, ""time_stop"": 30, ""tp_mult_lm"": 6.0, ""tp_mult_lr"": 12.8, ""tp_mult_sm"": 4.4, ""tp_mult_sr"": 4.5, ""trail_mult"": 3.2, ""trail_tp"": true, ""use_trailing"": false}",{},
591,-1000000000.0,TrialState.COMPLETE,2026-04-01T02:18:28.489610,2026-04-01T02:18:28.520555,0.030945,"{""atr_window"": 19, ""bb_std_dev"": 2.1, ""bb_window"": 14, ""cooldown"": 0, ""macd_fast"": 14, ""macd_k"": 1.15, ""macd_k_mid"": 0.5, ""macd_signal"": 7, ""macd_slow"": 42, ""macd_std_window"": 79, ""rebalance_freq"": 150, ""rebounce_block"": 0, ""sl_mult_lm"": 1.3, ""sl_mult_lr"": 2.4, ""sl_mult_sm"": 1.4, ""sl_mult_sr"": 3.0, ""time_stop"": 28, ""tp_mult_lm"": 3.9, ""tp_mult_lr"": 9.4, ""tp_mult_sm"": 3.8, ""tp_mult_sr"": 4.0, ""trail_mult"": 1.5, ""trail_tp"": false, ""use_trailing"": true}",{},
592,-1000000000.0,TrialState.COMPLETE,2026-04-01T02:18:28.561163,2026-04-01T02:18:28.594033,0.03287,"{""atr_window"": 16, ""bb_std_dev"": 2.5, ""bb_window"": 25, ""cooldown"": 2, ""macd_fast"": 12, ""macd_k"": 1.35, ""macd_k_mid"": 0.65, ""macd_signal"": 6, ""macd_slow"": 44, ""macd_std_window"": 100, ""rebalance_freq"": 120, ""rebounce_block"": 4, ""sl_mult_lm"": 1.05, ""sl_mult_lr"": 4.1, ""sl_mult_sm"": 1.9500000000000002, ""sl_mult_sr"": 1.5, ""time_stop"": 6, ""tp_mult_lm"": 5.800000000000001, ""tp_mult_lr"": 10.2, ""tp_mult_sm"": 6.2, ""tp_mult_sr"": 3.7, ""trail_mult"": 3.1, ""trail_tp"": true, ""use_trailing"": true}",{},
593,-1000000000.0,TrialState.COMPLETE,2026-04-01T02:18:28.626765,2026-04-01T02:18:28.663966,0.037201,"{""atr_window"": 17, ""bb_std_dev"": 2.4, ""bb_window"": 18, ""cooldown"": 4, ""macd_fast"": 16, ""macd_k"": 1.5, ""macd_k_mid"": 0.7, ""macd_signal"": 8, ""macd_slow"": 43, ""macd_std_window"": 82, ""rebalance_freq"": 180, ""rebounce_block"": 6, ""sl_mult_lm"": 2.1500000000000004, ""sl_mult_lr"": 2.5, ""sl_mult_sm"": 1.85, ""sl_mult_sr"": 1.9, ""time_stop"": 29, ""tp_mult_lm"": 5.6, ""tp_mult_lr"": 13.2, ""tp_mult_sm"": 6.800000000000001, ""tp_mult_sr"": 6.4, ""trail_mult"": 2.8, ""trail_tp"": false, ""use_trailing"": false}",{},
594,-1000000000.0,TrialState.COMPLETE,2026-04-01T02:18:28.700283,2026-04-01T02:18:28.737128,0.036845,"{""atr_window"": 15, ""bb_std_dev"": 1.7999999999999998, ""bb_window"": 24, ""cooldown"": 2, ""macd_fast"": 13, ""macd_k"": 1.65, ""macd_k_mid"": 0.8, ""macd_signal"": 9, ""macd_slow"": 37, ""macd_std_window"": 90, ""rebalance_freq"": 60, ""rebounce_block"": 5, ""sl_mult_lm"": 1.45, ""sl_mult_lr"": 2.7, ""sl_mult_sm"": 1.8, ""sl_mult_sr"": 2.1, ""time_stop"": 7, ""tp_mult_lm"": 5.7, ""tp_mult_lr"": 16.0, ""tp_mult_sm"": 4.3, ""tp_mult_sr"": 5.2, ""trail_mult"": 2.0, ""trail_tp"": true, ""use_trailing"": true}",{},
595,-1000000000.0,TrialState.COMPLETE,2026-04-01T02:18:28.779086,2026-04-01T02:18:28.820920,0.041834,"{""atr_window"": 14, ""bb_std_dev"": 2.3, ""bb_window"": 15, ""cooldown"": 1, ""macd_fast"": 18, ""macd_k"": 1.25, ""macd_k_mid"": 0.8500000000000001, ""macd_signal"": 7, ""macd_slow"": 43, ""macd_std_window"": 86, ""rebalance_freq"": 180, ""rebounce_block"": 5, ""sl_mult_lm"": 1.5, ""sl_mult_lr"": 2.6, ""sl_mult_sm"": 1.5, ""sl_mult_sr"": 2.0, ""time_stop"": 16, ""tp_mult_lm"": 4.8, ""tp_mult_lr"": 11.8, ""tp_mult_sm"": 6.5, ""tp_mult_sr"": 3.8, ""trail_mult"": 3.3, ""trail_tp"": false, ""use_trailing"": true}",{},
596,-1000000000.0,TrialState.COMPLETE,2026-04-01T02:18:28.864387,2026-04-01T02:18:28.904512,0.040125,"{""atr_window"": 18, ""bb_std_dev"": 2.5, ""bb_window"": 14, ""cooldown"": 3, ""macd_fast"": 14, ""macd_k"": 1.1, ""macd_k_mid"": 0.55, ""macd_signal"": 8, ""macd_slow"": 40, ""macd_std_window"": 83, ""rebalance_freq"": 90, ""rebounce_block"": 1, ""sl_mult_lm"": 1.9, ""sl_mult_lr"": 4.6, ""sl_mult_sm"": 1.55, ""sl_mult_sr"": 1.6, ""time_stop"": 21, ""tp_mult_lm"": 4.7, ""tp_mult_lr"": 10.0, ""tp_mult_sm"": 4.0, ""tp_mult_sr"": 4.2, ""trail_mult"": 2.1, ""trail_tp"": true, ""use_trailing"": true}",{},
597,-1000000000.0,TrialState.COMPLETE,2026-04-01T02:18:28.950212,2026-04-01T02:18:28.999220,0.049008,"{""atr_window"": 16, ""bb_std_dev"": 2.0, ""bb_window"": 17, ""cooldown"": 4, ""macd_fast"": 11, ""macd_k"": 1.0, ""macd_k_mid"": 0.65, ""macd_signal"": 9, ""macd_slow"": 41, ""macd_std_window"": 72, ""rebalance_freq"": 30, ""rebounce_block"": 3, ""sl_mult_lm"": 1.0, ""sl_mult_lr"": 2.0, ""sl_mult_sm"": 1.75, ""sl_mult_sr"": 1.8, ""time_stop"": 4, ""tp_mult_lm"": 4.0, ""tp_mult_lr"": 8.6, ""tp_mult_sm"": 4.2, ""tp_mult_sr"": 5.7, ""trail_mult"": 1.9, ""trail_tp"": false, ""use_trailing"": false}",{},
598,-1000000000.0,TrialState.COMPLETE,2026-04-01T02:18:29.037431,2026-04-01T02:18:29.077616,0.040185,"{""atr_window"": 20, ""bb_std_dev"": 2.45, ""bb_window"": 14, ""cooldown"": 0, ""macd_fast"": 12, ""macd_k"": 1.7000000000000002, ""macd_k_mid"": 0.7, ""macd_signal"": 10, ""macd_slow"": 36, ""macd_std_window"": 88, ""rebalance_freq"": 150, ""rebounce_block"": 2, ""sl_mult_lm"": 1.15, ""sl_mult_lr"": 3.6, ""sl_mult_sm"": 2.0, ""sl_mult_sr"": 2.5, ""time_stop"": 17, ""tp_mult_lm"": 5.5, ""tp_mult_lr"": 8.0, ""tp_mult_sm"": 5.6, ""tp_mult_sr"": 5.9, ""trail_mult"": 1.8, ""trail_tp"": true, ""use_trailing"": true}",{},
599,-1000000000.0,TrialState.COMPLETE,2026-04-01T02:18:29.116243,2026-04-01T02:18:31.659857,2.543614,"{""atr_window"": 12, ""bb_std_dev"": 1.75, ""bb_window"": 16, ""cooldown"": 5, ""macd_fast"": 15, ""macd_k"": 1.15, ""macd_k_mid"": 0.6, ""macd_signal"": 7, ""macd_slow"": 36, ""macd_std_window"": 76, ""rebalance_freq"": 60, ""rebounce_block"": 6, ""sl_mult_lm"": 2.0, ""sl_mult_lr"": 3.1, ""sl_mult_sm"": 1.7000000000000002, ""sl_mult_sr"": 1.7, ""time_stop"": 20, ""tp_mult_lm"": 4.2, ""tp_mult_lr"": 8.8, ""tp_mult_sm"": 6.7, ""tp_mult_sr"": 4.9, ""trail_mult"": 2.6, ""trail_tp"": false, ""use_trailing"": true}",{},
600,-1000000000.0,TrialState.COMPLETE,2026-04-01T02:18:31.687495,2026-04-01T02:18:31.716186,0.028691,"{""atr_window"": 13, ""bb_std_dev"": 2.35, ""bb_window"": 20, ""cooldown"": 2, ""macd_fast"": 10, ""macd_k"": 1.85, ""macd_k_mid"": 0.75, ""macd_signal"": 8, ""macd_slow"": 44, ""macd_std_window"": 84, ""rebalance_freq"": 150, ""rebounce_block"": 4, ""sl_mult_lm"": 1.35, ""sl_mult_lr"": 2.2, ""sl_mult_sm"": 1.6, ""sl_mult_sr"": 1.5, ""time_stop"": 0, ""tp_mult_lm"": 4.4, ""tp_mult_lr"": 13.8, ""tp_mult_sm"": 7.0, ""tp_mult_sr"": 3.5, ""trail_mult"": 2.7, ""trail_tp"": true, ""use_trailing"": true}",{},
601,-1000000000.0,TrialState.COMPLETE,2026-04-01T02:18:31.747742,2026-04-01T02:18:31.787037,0.039295,"{""atr_window"": 14, ""bb_std_dev"": 1.5999999999999999, ""bb_window"": 15, ""cooldown"": 0, ""macd_fast"": 16, ""macd_k"": 2.0, ""macd_k_mid"": 0.9, ""macd_signal"": 9, ""macd_slow"": 42, ""macd_std_window"": 81, ""rebalance_freq"": 90, ""rebounce_block"": 0, ""sl_mult_lm"": 1.55, ""sl_mult_lr"": 4.2, ""sl_mult_sm"": 1.15, ""sl_mult_sr"": 2.3, ""time_stop"": 14, ""tp_mult_lm"": 5.9, ""tp_mult_lr"": 11.4, ""tp_mult_sm"": 5.5, ""tp_mult_sr"": 6.300000000000001, ""trail_mult"": 2.2, ""trail_tp"": false, ""use_trailing"": false}",{},
602,-1000000000.0,TrialState.COMPLETE,2026-04-01T02:18:31.819884,2026-04-01T02:18:31.851690,0.031806,"{""atr_window"": 15, ""bb_std_dev"": 1.45, ""bb_window"": 14, ""cooldown"": 1, ""macd_fast"": 15, ""macd_k"": 1.05, ""macd_k_mid"": 0.5, ""macd_signal"": 8, ""macd_slow"": 39, ""macd_std_window"": 95, ""rebalance_freq"": 180, ""rebounce_block"": 3, ""sl_mult_lm"": 1.9500000000000002, ""sl_mult_lr"": 2.9, ""sl_mult_sm"": 1.65, ""sl_mult_sr"": 2.8, ""time_stop"": 9, ""tp_mult_lm"": 5.4, ""tp_mult_lr"": 12.4, ""tp_mult_sm"": 5.800000000000001, ""tp_mult_sr"": 3.9, ""trail_mult"": 1.7, ""trail_tp"": true, ""use_trailing"": true}",{},
603,-1000000000.0,TrialState.COMPLETE,2026-04-01T02:18:31.881895,2026-04-01T02:18:31.913634,0.031739,"{""atr_window"": 20, ""bb_std_dev"": 1.8499999999999999, ""bb_window"": 23, ""cooldown"": 3, ""macd_fast"": 19, ""macd_k"": 1.55, ""macd_k_mid"": 0.6, ""macd_signal"": 6, ""macd_slow"": 43, ""macd_std_window"": 98, ""rebalance_freq"": 120, ""rebounce_block"": 5, ""sl_mult_lm"": 1.1, ""sl_mult_lr"": 3.3, ""sl_mult_sm"": 1.5, ""sl_mult_sr"": 3.3, ""time_stop"": 24, ""tp_mult_lm"": 5.0, ""tp_mult_lr"": 14.8, ""tp_mult_sm"": 3.1, ""tp_mult_sr"": 6.2, ""trail_mult"": 2.4, ""trail_tp"": false, ""use_trailing"": true}",{},
604,-1000000000.0,TrialState.COMPLETE,2026-04-01T02:18:31.945756,2026-04-01T02:18:31.978168,0.032412,"{""atr_window"": 18, ""bb_std_dev"": 2.2, ""bb_window"": 21, ""cooldown"": 1, ""macd_fast"": 12, ""macd_k"": 1.2, ""macd_k_mid"": 0.55, ""macd_signal"": 10, ""macd_slow"": 40, ""macd_std_window"": 96, ""rebalance_freq"": 150, ""rebounce_block"": 6, ""sl_mult_lm"": 2.1, ""sl_mult_lr"": 2.1, ""sl_mult_sm"": 1.35, ""sl_mult_sr"": 2.4, ""time_stop"": 10, ""tp_mult_lm"": 4.1, ""tp_mult_lr"": 9.4, ""tp_mult_sm"": 3.5, ""tp_mult_sr"": 4.4, ""trail_mult"": 4.0, ""trail_tp"": false, ""use_trailing"": true}",{},
605,-1000000000.0,TrialState.COMPLETE,2026-04-01T02:18:32.010690,2026-04-01T02:18:34.574901,2.564211,"{""atr_window"": 16, ""bb_std_dev"": 2.05, ""bb_window"": 19, ""cooldown"": 4, ""macd_fast"": 20, ""macd_k"": 1.45, ""macd_k_mid"": 0.6, ""macd_signal"": 7, ""macd_slow"": 41, ""macd_std_window"": 78, ""rebalance_freq"": 30, ""rebounce_block"": 5, ""sl_mult_lm"": 1.7000000000000002, ""sl_mult_lr"": 2.4, ""sl_mult_sm"": 1.85, ""sl_mult_sr"": 2.2, ""time_stop"": 22, ""tp_mult_lm"": 5.2, ""tp_mult_lr"": 12.2, ""tp_mult_sm"": 5.0, ""tp_mult_sr"": 5.6, ""trail_mult"": 3.4000000000000004, ""trail_tp"": true, ""use_trailing"": false}",{},
606,-1000000000.0,TrialState.COMPLETE,2026-04-01T02:18:34.602869,2026-04-01T02:18:34.648438,0.045569,"{""atr_window"": 17, ""bb_std_dev"": 2.25, ""bb_window"": 14, ""cooldown"": 2, ""macd_fast"": 14, ""macd_k"": 1.6, ""macd_k_mid"": 0.95, ""macd_signal"": 8, ""macd_slow"": 38, ""macd_std_window"": 99, ""rebalance_freq"": 60, ""rebounce_block"": 6, ""sl_mult_lm"": 1.4, ""sl_mult_lr"": 4.9, ""sl_mult_sm"": 1.25, ""sl_mult_sr"": 1.5, ""time_stop"": 13, ""tp_mult_lm"": 4.3, ""tp_mult_lr"": 12.0, ""tp_mult_sm"": 5.9, ""tp_mult_sr"": 4.0, ""trail_mult"": 3.0, ""trail_tp"": false, ""use_trailing"": true}",{},
607,-1000000000.0,TrialState.COMPLETE,2026-04-01T02:18:34.688362,2026-04-01T02:18:34.722337,0.033975,"{""atr_window"": 19, ""bb_std_dev"": 2.3, ""bb_window"": 16, ""cooldown"": 0, ""macd_fast"": 13, ""macd_k"": 1.5, ""macd_k_mid"": 0.8, ""macd_signal"": 9, ""macd_slow"": 37, ""macd_std_window"": 85, ""rebalance_freq"": 180, ""rebounce_block"": 1, ""sl_mult_lm"": 2.05, ""sl_mult_lr"": 2.5, ""sl_mult_sm"": 1.8, ""sl_mult_sr"": 3.1, ""time_stop"": 19, ""tp_mult_lm"": 4.9, ""tp_mult_lr"": 15.600000000000001, ""tp_mult_sm"": 6.4, ""tp_mult_sr"": 3.6, ""trail_mult"": 3.8000000000000003, ""trail_tp"": true, ""use_trailing"": true}",{},
608,-1000000000.0,TrialState.COMPLETE,2026-04-01T02:18:34.756412,2026-04-01T02:18:34.789726,0.033314,"{""atr_window"": 14, ""bb_std_dev"": 1.65, ""bb_window"": 18, ""cooldown"": 3, ""macd_fast"": 11, ""macd_k"": 1.3, ""macd_k_mid"": 0.7, ""macd_signal"": 8, ""macd_slow"": 35, ""macd_std_window"": 89, ""rebalance_freq"": 120, ""rebounce_block"": 2, ""sl_mult_lm"": 1.0, ""sl_mult_lr"": 2.3, ""sl_mult_sm"": 1.7000000000000002, ""sl_mult_sr"": 1.7, ""time_stop"": 21, ""tp_mult_lm"": 5.1, ""tp_mult_lr"": 11.2, ""tp_mult_sm"": 4.5, ""tp_mult_sr"": 5.300000000000001, ""trail_mult"": 3.1, ""trail_tp"": false, ""use_trailing"": false}",{},
609,-1000000000.0,TrialState.COMPLETE,2026-04-01T02:18:34.822353,2026-04-01T02:18:34.856352,0.033999,"{""atr_window"": 16, ""bb_std_dev"": 1.5499999999999998, ""bb_window"": 22, ""cooldown"": 1, ""macd_fast"": 17, ""macd_k"": 1.25, ""macd_k_mid"": 0.55, ""macd_signal"": 5, ""macd_slow"": 44, ""macd_std_window"": 70, ""rebalance_freq"": 150, ""rebounce_block"": 3, ""sl_mult_lm"": 1.9, ""sl_mult_lr"": 4.300000000000001, ""sl_mult_sm"": 1.9500000000000002, ""sl_mult_sr"": 2.5, ""time_stop"": 15, ""tp_mult_lm"": 6.0, ""tp_mult_lr"": 11.6, ""tp_mult_sm"": 6.800000000000001, ""tp_mult_sr"": 5.0, ""trail_mult"": 1.6, ""trail_tp"": true, ""use_trailing"": true}",{},
610,-1000000000.0,TrialState.COMPLETE,2026-04-01T02:18:34.890061,2026-04-01T02:18:34.931535,0.041474,"{""atr_window"": 15, ""bb_std_dev"": 1.95, ""bb_window"": 17, ""cooldown"": 2, ""macd_fast"": 20, ""macd_k"": 1.1, ""macd_k_mid"": 0.5, ""macd_signal"": 7, ""macd_slow"": 43, ""macd_std_window"": 91, ""rebalance_freq"": 120, ""rebounce_block"": 4, ""sl_mult_lm"": 2.2, ""sl_mult_lr"": 3.0, ""sl_mult_sm"": 1.9, ""sl_mult_sr"": 2.1, ""time_stop"": 12, ""tp_mult_lm"": 4.5, ""tp_mult_lr"": 10.8, ""tp_mult_sm"": 3.9, ""tp_mult_sr"": 3.4, ""trail_mult"": 3.2, ""trail_tp"": false, ""use_trailing"": true}",{},
611,-1000000000.0,TrialState.COMPLETE,2026-04-01T02:18:34.962642,2026-04-01T02:18:34.995699,0.033057,"{""atr_window"": 10, ""bb_std_dev"": 1.7, ""bb_window"": 24, ""cooldown"": 5, ""macd_fast"": 10, ""macd_k"": 1.15, ""macd_k_mid"": 0.65, ""macd_signal"": 10, ""macd_slow"": 40, ""macd_std_window"": 77, ""rebalance_freq"": 90, ""rebounce_block"": 0, ""sl_mult_lm"": 1.4, ""sl_mult_lr"": 2.4, ""sl_mult_sm"": 1.2, ""sl_mult_sr"": 1.6, ""time_stop"": 2, ""tp_mult_lm"": 5.3, ""tp_mult_lr"": 13.600000000000001, ""tp_mult_sm"": 4.1, ""tp_mult_sr"": 5.1, ""trail_mult"": 2.0, ""trail_tp"": true, ""use_trailing"": true}",{},
612,-1000000000.0,TrialState.COMPLETE,2026-04-01T02:18:35.026920,2026-04-01T02:18:35.061832,0.034912,"{""atr_window"": 11, ""bb_std_dev"": 2.45, ""bb_window"": 15, ""cooldown"": 1, ""macd_fast"": 14, ""macd_k"": 1.0, ""macd_k_mid"": 0.5, ""macd_signal"": 9, ""macd_slow"": 44, ""macd_std_window"": 74, ""rebalance_freq"": 180, ""rebounce_block"": 5, ""sl_mult_lm"": 1.8, ""sl_mult_lr"": 4.5, ""sl_mult_sm"": 1.55, ""sl_mult_sr"": 2.9000000000000004, ""time_stop"": 16, ""tp_mult_lm"": 5.6, ""tp_mult_lr"": 8.2, ""tp_mult_sm"": 6.9, ""tp_mult_sr"": 3.2, ""trail_mult"": 2.2, ""trail_tp"": false, ""use_trailing"": false}",{},
613,-1000000000.0,TrialState.COMPLETE,2026-04-01T02:18:35.126137,2026-04-01T02:18:35.193773,0.067636,"{""atr_window"": 13, ""bb_std_dev"": 2.35, ""bb_window"": 14, ""cooldown"": 3, ""macd_fast"": 15, ""macd_k"": 1.55, ""macd_k_mid"": 0.8500000000000001, ""macd_signal"": 6, ""macd_slow"": 42, ""macd_std_window"": 97, ""rebalance_freq"": 150, ""rebounce_block"": 6, ""sl_mult_lm"": 1.05, ""sl_mult_lr"": 3.9000000000000004, ""sl_mult_sm"": 1.6, ""sl_mult_sr"": 1.8, ""time_stop"": 8, ""tp_mult_lm"": 5.1, ""tp_mult_lr"": 13.0, ""tp_mult_sm"": 6.1, ""tp_mult_sr"": 3.1, ""trail_mult"": 2.9000000000000004, ""trail_tp"": true, ""use_trailing"": true}",{},
614,-1000000000.0,TrialState.COMPLETE,2026-04-01T02:18:35.248541,2026-04-01T02:18:37.951532,2.702991,"{""atr_window"": 18, ""bb_std_dev"": 2.15, ""bb_window"": 17, ""cooldown"": 4, ""macd_fast"": 18, ""macd_k"": 1.45, ""macd_k_mid"": 1.0, ""macd_signal"": 7, ""macd_slow"": 39, ""macd_std_window"": 75, ""rebalance_freq"": 30, ""rebounce_block"": 2, ""sl_mult_lm"": 1.6, ""sl_mult_lr"": 2.5, ""sl_mult_sm"": 1.65, ""sl_mult_sr"": 1.5, ""time_stop"": 5, ""tp_mult_lm"": 4.7, ""tp_mult_lr"": 9.6, ""tp_mult_sm"": 5.2, ""tp_mult_sr"": 5.5, ""trail_mult"": 3.7, ""trail_tp"": false, ""use_trailing"": true}",{},
615,-1000000000.0,TrialState.COMPLETE,2026-04-01T02:18:37.990661,2026-04-01T02:18:38.031769,0.041108,"{""atr_window"": 15, ""bb_std_dev"": 2.2, ""bb_window"": 14, ""cooldown"": 0, ""macd_fast"": 13, ""macd_k"": 1.35, ""macd_k_mid"": 0.7, ""macd_signal"": 8, ""macd_slow"": 41, ""macd_std_window"": 94, ""rebalance_freq"": 150, ""rebounce_block"": 3, ""sl_mult_lm"": 1.25, ""sl_mult_lr"": 2.6, ""sl_mult_sm"": 1.45, ""sl_mult_sr"": 1.6, ""time_stop"": 17, ""tp_mult_lm"": 5.5, ""tp_mult_lr"": 10.4, ""tp_mult_sm"": 5.7, ""tp_mult_sr"": 5.800000000000001, ""trail_mult"": 2.3, ""trail_tp"": true, ""use_trailing"": true}",{},
616,-1000000000.0,TrialState.COMPLETE,2026-04-01T02:18:38.067178,2026-04-01T02:18:38.103939,0.036761,"{""atr_window"": 20, ""bb_std_dev"": 2.5, ""bb_window"": 16, ""cooldown"": 2, ""macd_fast"": 16, ""macd_k"": 1.9500000000000002, ""macd_k_mid"": 0.75, ""macd_signal"": 9, ""macd_slow"": 43, ""macd_std_window"": 90, ""rebalance_freq"": 120, ""rebounce_block"": 4, ""sl_mult_lm"": 1.3, ""sl_mult_lr"": 2.7, ""sl_mult_sm"": 1.4, ""sl_mult_sr"": 3.5, ""time_stop"": 11, ""tp_mult_lm"": 5.7, ""tp_mult_lr"": 12.600000000000001, ""tp_mult_sm"": 4.3, ""tp_mult_sr"": 4.8, ""trail_mult"": 3.2, ""trail_tp"": false, ""use_trailing"": false}",{},
617,-1000000000.0,TrialState.COMPLETE,2026-04-01T02:18:38.136305,2026-04-01T02:18:38.175635,0.03933,"{""atr_window"": 19, ""bb_std_dev"": 1.7999999999999998, ""bb_window"": 20, ""cooldown"": 1, ""macd_fast"": 12, ""macd_k"": 1.2, ""macd_k_mid"": 0.55, ""macd_signal"": 8, ""macd_slow"": 38, ""macd_std_window"": 100, ""rebalance_freq"": 180, ""rebounce_block"": 6, ""sl_mult_lm"": 2.1500000000000004, ""sl_mult_lr"": 2.8, ""sl_mult_sm"": 1.85, ""sl_mult_sr"": 1.9, ""time_stop"": 20, ""tp_mult_lm"": 4.1, ""tp_mult_lr"": 8.4, ""tp_mult_sm"": 4.8, ""tp_mult_sr"": 3.8, ""trail_mult"": 2.1, ""trail_tp"": true, ""use_trailing"": true}",{},
618,-1000000000.0,TrialState.COMPLETE,2026-04-01T02:18:38.212424,2026-04-01T02:18:38.250659,0.038235,"{""atr_window"": 14, ""bb_std_dev"": 2.0, ""bb_window"": 16, ""cooldown"": 4, ""macd_fast"": 17, ""macd_k"": 1.7000000000000002, ""macd_k_mid"": 0.6, ""macd_signal"": 8, ""macd_slow"": 44, ""macd_std_window"": 92, ""rebalance_freq"": 90, ""rebounce_block"": 5, ""sl_mult_lm"": 1.85, ""sl_mult_lr"": 3.4000000000000004, ""sl_mult_sm"": 1.8, ""sl_mult_sr"": 2.7, ""time_stop"": 25, ""tp_mult_lm"": 4.6, ""tp_mult_lr"": 14.4, ""tp_mult_sm"": 4.9, ""tp_mult_sr"": 6.5, ""trail_mult"": 2.6, ""trail_tp"": false, ""use_trailing"": true}",{},
619,-1000000000.0,TrialState.COMPLETE,2026-04-01T02:18:38.287068,2026-04-01T02:18:40.853804,2.566736,"{""atr_window"": 16, ""bb_std_dev"": 1.9, ""bb_window"": 25, ""cooldown"": 3, ""macd_fast"": 16, ""macd_k"": 1.05, ""macd_k_mid"": 0.65, ""macd_signal"": 7, ""macd_slow"": 36, ""macd_std_window"": 82, ""rebalance_freq"": 60, ""rebounce_block"": 1, ""sl_mult_lm"": 1.5, ""sl_mult_lr"": 4.800000000000001, ""sl_mult_sm"": 1.75, ""sl_mult_sr"": 2.0, ""time_stop"": 1, ""tp_mult_lm"": 5.6, ""tp_mult_lr"": 10.2, ""tp_mult_sm"": 3.6, ""tp_mult_sr"": 4.9, ""trail_mult"": 2.8, ""trail_tp"": true, ""use_trailing"": true}",{},
620,-1000000000.0,TrialState.COMPLETE,2026-04-01T02:18:40.882232,2026-04-01T02:18:43.396943,2.514711,"{""atr_window"": 17, ""bb_std_dev"": 2.25, ""bb_window"": 14, ""cooldown"": 2, ""macd_fast"": 19, ""macd_k"": 1.8, ""macd_k_mid"": 0.55, ""macd_signal"": 9, ""macd_slow"": 37, ""macd_std_window"": 80, ""rebalance_freq"": 150, ""rebounce_block"": 5, ""sl_mult_lm"": 1.2, ""sl_mult_lr"": 4.1, ""sl_mult_sm"": 1.6, ""sl_mult_sr"": 1.7, ""time_stop"": 12, ""tp_mult_lm"": 5.4, ""tp_mult_lr"": 12.8, ""tp_mult_sm"": 3.2, ""tp_mult_sr"": 6.800000000000001, ""trail_mult"": 2.2, ""trail_tp"": false, ""use_trailing"": false}",{},
621,-1000000000.0,TrialState.COMPLETE,2026-04-01T02:18:43.423225,2026-04-01T02:18:45.781168,2.357943,"{""atr_window"": 11, ""bb_std_dev"": 2.4, ""bb_window"": 15, ""cooldown"": 1, ""macd_fast"": 20, ""macd_k"": 1.4, ""macd_k_mid"": 0.6, ""macd_signal"": 10, ""macd_slow"": 40, ""macd_std_window"": 91, ""rebalance_freq"": 30, ""rebounce_block"": 3, ""sl_mult_lm"": 1.35, ""sl_mult_lr"": 2.5, ""sl_mult_sm"": 1.25, ""sl_mult_sr"": 2.2, ""time_stop"": 14, ""tp_mult_lm"": 5.2, ""tp_mult_lr"": 9.2, ""tp_mult_sm"": 4.6, ""tp_mult_sr"": 5.4, ""trail_mult"": 3.1, ""trail_tp"": true, ""use_trailing"": true}",{},
622,-1000000000.0,TrialState.COMPLETE,2026-04-01T02:18:45.807292,2026-04-01T02:18:45.836652,0.02936,"{""atr_window"": 18, ""bb_std_dev"": 2.25, ""bb_window"": 23, ""cooldown"": 5, ""macd_fast"": 15, ""macd_k"": 1.1, ""macd_k_mid"": 0.95, ""macd_signal"": 8, ""macd_slow"": 42, ""macd_std_window"": 87, ""rebalance_freq"": 180, ""rebounce_block"": 4, ""sl_mult_lm"": 1.55, ""sl_mult_lr"": 3.1, ""sl_mult_sm"": 1.15, ""sl_mult_sr"": 2.4, ""time_stop"": 21, ""tp_mult_lm"": 5.4, ""tp_mult_lr"": 11.0, ""tp_mult_sm"": 4.4, ""tp_mult_sr"": 6.1, ""trail_mult"": 2.1, ""trail_tp"": false, ""use_trailing"": true}",{},
623,-1000000000.0,TrialState.COMPLETE,2026-04-01T02:18:45.869978,2026-04-01T02:18:45.904769,0.034791,"{""atr_window"": 19, ""bb_std_dev"": 2.3, ""bb_window"": 17, ""cooldown"": 0, ""macd_fast"": 14, ""macd_k"": 1.6, ""macd_k_mid"": 0.5, ""macd_signal"": 6, ""macd_slow"": 41, ""macd_std_window"": 84, ""rebalance_freq"": 120, ""rebounce_block"": 2, ""sl_mult_lm"": 1.85, ""sl_mult_lr"": 2.3, ""sl_mult_sm"": 1.35, ""sl_mult_sr"": 2.1, ""time_stop"": 19, ""tp_mult_lm"": 4.8, ""tp_mult_lr"": 13.4, ""tp_mult_sm"": 3.4, ""tp_mult_sr"": 4.5, ""trail_mult"": 2.0, ""trail_tp"": true, ""use_trailing"": false}",{},
