number,value,state,datetime_start,datetime_complete,duration_seconds,params_json,fold_sharpes_json,avg_cv_sharpe
1139,-1000000000.0,TrialState.COMPLETE,2026-04-01T02:42:34.927809,2026-04-01T02:42:34.970886,0.043077,"{""atr_window"": 12, ""bb_std_dev"": 1.5999999999999999, ""bb_window"": 14, ""cooldown"": 1, ""macd_fast"": 13, ""macd_k"": 1.05, ""macd_k_mid"": 0.7, ""macd_signal"": 9, ""macd_slow"": 44, ""macd_std_window"": 71, ""rebalance_freq"": 30, ""rebounce_block"": 0, ""sl_mult_lm"": 1.9500000000000002, ""sl_mult_lr"": 2.3, ""sl_mult_sm"": 1.55, ""sl_mult_sr"": 1.5, ""time_stop"": 1, ""tp_mult_lm"": 4.7, ""tp_mult_lr"": 13.2, ""tp_mult_sm"": 4.1, ""tp_mult_sr"": 6.300000000000001, ""trail_mult"": 2.1, ""trail_tp"": true, ""use_trailing"": true}",{},
1140,-1000000000.0,TrialState.COMPLETE,2026-04-01T02:42:35.008455,2026-04-01T02:42:37.508266,2.499811,"{""atr_window"": 20, ""bb_std_dev"": 2.45, ""bb_window"": 19, ""cooldown"": 0, ""macd_fast"": 20, ""macd_k"": 1.45, ""macd_k_mid"": 0.55, ""macd_signal"": 7, ""macd_slow"": 41, ""macd_std_window"": 79, ""rebalance_freq"": 150, ""rebounce_block"": 6, ""sl_mult_lm"": 1.0, ""sl_mult_lr"": 3.0, ""sl_mult_sm"": 1.25, ""sl_mult_sr"": 2.4, ""time_stop"": 14, ""tp_mult_lm"": 5.1, ""tp_mult_lr"": 14.0, ""tp_mult_sm"": 6.300000000000001, ""tp_mult_sr"": 3.9, ""trail_mult"": 2.6, ""trail_tp"": false, ""use_trailing"": false}",{},
1141,-1000000000.0,TrialState.COMPLETE,2026-04-01T02:42:37.535888,2026-04-01T02:42:37.576907,0.041019,"{""atr_window"": 17, ""bb_std_dev"": 2.2, ""bb_window"": 16, ""cooldown"": 3, ""macd_fast"": 12, ""macd_k"": 1.9, ""macd_k_mid"": 0.5, ""macd_signal"": 6, ""macd_slow"": 40, ""macd_std_window"": 77, ""rebalance_freq"": 180, ""rebounce_block"": 3, ""sl_mult_lm"": 1.15, ""sl_mult_lr"": 3.1, ""sl_mult_sm"": 1.1, ""sl_mult_sr"": 1.8, ""time_stop"": 19, ""tp_mult_lm"": 5.5, ""tp_mult_lr"": 12.0, ""tp_mult_sm"": 6.4, ""tp_mult_sr"": 3.8, ""trail_mult"": 1.7, ""trail_tp"": true, ""use_trailing"": true}",{},
1142,-1000000000.0,TrialState.COMPLETE,2026-04-01T02:42:37.610954,2026-04-01T02:42:37.658453,0.047499,"{""atr_window"": 16, ""bb_std_dev"": 1.7, ""bb_window"": 17, ""cooldown"": 1, ""macd_fast"": 15, ""macd_k"": 1.1, ""macd_k_mid"": 0.7, ""macd_signal"": 10, ""macd_slow"": 43, ""macd_std_window"": 99, ""rebalance_freq"": 90, ""rebounce_block"": 5, ""sl_mult_lm"": 1.85, ""sl_mult_lr"": 2.7, ""sl_mult_sm"": 1.85, ""sl_mult_sr"": 2.5, ""time_stop"": 9, ""tp_mult_lm"": 5.800000000000001, ""tp_mult_lr"": 11.0, ""tp_mult_sm"": 3.5, ""tp_mult_sr"": 3.2, ""trail_mult"": 2.0, ""trail_tp"": false, ""use_trailing"": true}",{},
1143,-1000000000.0,TrialState.COMPLETE,2026-04-01T02:42:37.693192,2026-04-01T02:42:37.741090,0.047898,"{""atr_window"": 10, ""bb_std_dev"": 1.5499999999999998, ""bb_window"": 18, ""cooldown"": 2, ""macd_fast"": 11, ""macd_k"": 1.75, ""macd_k_mid"": 0.75, ""macd_signal"": 9, ""macd_slow"": 42, ""macd_std_window"": 97, ""rebalance_freq"": 60, ""rebounce_block"": 4, ""sl_mult_lm"": 1.3, ""sl_mult_lr"": 2.5, ""sl_mult_sm"": 1.9, ""sl_mult_sr"": 2.0, ""time_stop"": 4, ""tp_mult_lm"": 6.0, ""tp_mult_lr"": 11.4, ""tp_mult_sm"": 3.0, ""tp_mult_sr"": 4.1, ""trail_mult"": 2.7, ""trail_tp"": true, ""use_trailing"": true}",{},
1144,-1000000000.0,TrialState.COMPLETE,2026-04-01T02:42:37.778193,2026-04-01T02:42:37.837644,0.059451,"{""atr_window"": 15, ""bb_std_dev"": 2.35, ""bb_window"": 22, ""cooldown"": 1, ""macd_fast"": 10, ""macd_k"": 1.65, ""macd_k_mid"": 0.6, ""macd_signal"": 8, ""macd_slow"": 38, ""macd_std_window"": 95, ""rebalance_freq"": 150, ""rebounce_block"": 6, ""sl_mult_lm"": 1.9, ""sl_mult_lr"": 3.9000000000000004, ""sl_mult_sm"": 1.65, ""sl_mult_sr"": 1.6, ""time_stop"": 20, ""tp_mult_lm"": 4.3, ""tp_mult_lr"": 9.8, ""tp_mult_sm"": 5.1, ""tp_mult_sr"": 5.800000000000001, ""trail_mult"": 3.7, ""trail_tp"": false, ""use_trailing"": false}",{},
1145,-1000000000.0,TrialState.COMPLETE,2026-04-01T02:42:37.873945,2026-04-01T02:42:40.419485,2.54554,"{""atr_window"": 18, ""bb_std_dev"": 1.8499999999999999, ""bb_window"": 14, ""cooldown"": 3, ""macd_fast"": 19, ""macd_k"": 1.7000000000000002, ""macd_k_mid"": 0.9, ""macd_signal"": 8, ""macd_slow"": 37, ""macd_std_window"": 89, ""rebalance_freq"": 120, ""rebounce_block"": 0, ""sl_mult_lm"": 1.8, ""sl_mult_lr"": 2.2, ""sl_mult_sm"": 1.45, ""sl_mult_sr"": 1.5, ""time_stop"": 16, ""tp_mult_lm"": 3.8, ""tp_mult_lr"": 12.4, ""tp_mult_sm"": 4.2, ""tp_mult_sr"": 4.9, ""trail_mult"": 3.1, ""trail_tp"": true, ""use_trailing"": true}",{},
1146,-1000000000.0,TrialState.COMPLETE,2026-04-01T02:42:40.454621,2026-04-01T02:42:42.984119,2.529498,"{""atr_window"": 11, ""bb_std_dev"": 2.25, ""bb_window"": 17, ""cooldown"": 4, ""macd_fast"": 17, ""macd_k"": 1.85, ""macd_k_mid"": 0.6, ""macd_signal"": 6, ""macd_slow"": 39, ""macd_std_window"": 80, ""rebalance_freq"": 180, ""rebounce_block"": 5, ""sl_mult_lm"": 1.4, ""sl_mult_lr"": 3.4000000000000004, ""sl_mult_sm"": 1.7000000000000002, ""sl_mult_sr"": 1.7, ""time_stop"": 10, ""tp_mult_lm"": 4.6, ""tp_mult_lr"": 14.4, ""tp_mult_sm"": 5.6, ""tp_mult_sr"": 4.7, ""trail_mult"": 1.9, ""trail_tp"": true, ""use_trailing"": true}",{},
1147,-1000000000.0,TrialState.COMPLETE,2026-04-01T02:42:43.018226,2026-04-01T02:42:45.575105,2.556879,"{""atr_window"": 14, ""bb_std_dev"": 1.7999999999999998, ""bb_window"": 15, ""cooldown"": 0, ""macd_fast"": 14, ""macd_k"": 1.0, ""macd_k_mid"": 0.65, ""macd_signal"": 5, ""macd_slow"": 35, ""macd_std_window"": 73, ""rebalance_freq"": 150, ""rebounce_block"": 1, ""sl_mult_lm"": 2.0, ""sl_mult_lr"": 2.1, ""sl_mult_sm"": 1.35, ""sl_mult_sr"": 3.0, ""time_stop"": 24, ""tp_mult_lm"": 4.8, ""tp_mult_lr"": 8.4, ""tp_mult_sm"": 4.4, ""tp_mult_sr"": 5.4, ""trail_mult"": 3.2, ""trail_tp"": false, ""use_trailing"": true}",{},
1148,-1000000000.0,TrialState.COMPLETE,2026-04-01T02:42:45.602359,2026-04-01T02:42:45.643459,0.0411,"{""atr_window"": 16, ""bb_std_dev"": 1.75, ""bb_window"": 24, ""cooldown"": 2, ""macd_fast"": 12, ""macd_k"": 1.15, ""macd_k_mid"": 0.55, ""macd_signal"": 9, ""macd_slow"": 40, ""macd_std_window"": 75, ""rebalance_freq"": 30, ""rebounce_block"": 3, ""sl_mult_lm"": 1.55, ""sl_mult_lr"": 2.4, ""sl_mult_sm"": 1.3, ""sl_mult_sr"": 2.1, ""time_stop"": 15, ""tp_mult_lm"": 5.3, ""tp_mult_lr"": 14.2, ""tp_mult_sm"": 3.7, ""tp_mult_sr"": 5.9, ""trail_mult"": 3.0, ""trail_tp"": true, ""use_trailing"": false}",{},
1149,-1000000000.0,TrialState.COMPLETE,2026-04-01T02:42:45.682344,2026-04-01T02:42:45.727349,0.045005,"{""atr_window"": 13, ""bb_std_dev"": 2.3, ""bb_window"": 14, ""cooldown"": 1, ""macd_fast"": 20, ""macd_k"": 1.5, ""macd_k_mid"": 0.55, ""macd_signal"": 7, ""macd_slow"": 44, ""macd_std_window"": 90, ""rebalance_freq"": 90, ""rebounce_block"": 2, ""sl_mult_lm"": 1.6, ""sl_mult_lr"": 4.5, ""sl_mult_sm"": 1.6, ""sl_mult_sr"": 2.2, ""time_stop"": 26, ""tp_mult_lm"": 4.1, ""tp_mult_lr"": 11.6, ""tp_mult_sm"": 3.8, ""tp_mult_sr"": 3.1, ""trail_mult"": 2.9000000000000004, ""trail_tp"": false, ""use_trailing"": true}",{},
1150,-1000000000.0,TrialState.COMPLETE,2026-04-01T02:42:45.759458,2026-04-01T02:42:45.815336,0.055878,"{""atr_window"": 20, ""bb_std_dev"": 2.0, ""bb_window"": 21, ""cooldown"": 4, ""macd_fast"": 16, ""macd_k"": 1.35, ""macd_k_mid"": 1.0, ""macd_signal"": 10, ""macd_slow"": 43, ""macd_std_window"": 96, ""rebalance_freq"": 120, ""rebounce_block"": 5, ""sl_mult_lm"": 1.25, ""sl_mult_lr"": 3.3, ""sl_mult_sm"": 1.2, ""sl_mult_sr"": 2.9000000000000004, ""time_stop"": 22, ""tp_mult_lm"": 5.0, ""tp_mult_lr"": 12.2, ""tp_mult_sm"": 3.1, ""tp_mult_sr"": 3.4, ""trail_mult"": 1.5, ""trail_tp"": true, ""use_trailing"": true}",{},
1151,-1000000000.0,TrialState.COMPLETE,2026-04-01T02:42:45.848956,2026-04-01T02:42:45.898780,0.049824,"{""atr_window"": 14, ""bb_std_dev"": 1.65, ""bb_window"": 20, ""cooldown"": 5, ""macd_fast"": 18, ""macd_k"": 1.45, ""macd_k_mid"": 0.5, ""macd_signal"": 8, ""macd_slow"": 41, ""macd_std_window"": 92, ""rebalance_freq"": 180, ""rebounce_block"": 6, ""sl_mult_lm"": 1.3, ""sl_mult_lr"": 2.0, ""sl_mult_sm"": 1.4, ""sl_mult_sr"": 1.9, ""time_stop"": 14, ""tp_mult_lm"": 5.5, ""tp_mult_lr"": 10.4, ""tp_mult_sm"": 6.9, ""tp_mult_sr"": 3.6, ""trail_mult"": 2.1, ""trail_tp"": false, ""use_trailing"": false}",{},
1152,-1000000000.0,TrialState.COMPLETE,2026-04-01T02:42:45.933070,2026-04-01T02:42:48.452693,2.519623,"{""atr_window"": 19, ""bb_std_dev"": 2.15, ""bb_window"": 16, ""cooldown"": 1, ""macd_fast"": 13, ""macd_k"": 1.1, ""macd_k_mid"": 0.6, ""macd_signal"": 9, ""macd_slow"": 35, ""macd_std_window"": 88, ""rebalance_freq"": 150, ""rebounce_block"": 4, ""sl_mult_lm"": 2.1, ""sl_mult_lr"": 4.2, ""sl_mult_sm"": 1.8, ""sl_mult_sr"": 1.8, ""time_stop"": 21, ""tp_mult_lm"": 5.2, ""tp_mult_lr"": 12.600000000000001, ""tp_mult_sm"": 5.300000000000001, ""tp_mult_sr"": 4.3, ""trail_mult"": 3.4000000000000004, ""trail_tp"": true, ""use_trailing"": true}",{},
1153,-1000000000.0,TrialState.COMPLETE,2026-04-01T02:42:48.479530,2026-04-01T02:42:51.006273,2.526743,"{""atr_window"": 15, ""bb_std_dev"": 2.5, ""bb_window"": 14, ""cooldown"": 2, ""macd_fast"": 14, ""macd_k"": 1.55, ""macd_k_mid"": 0.8500000000000001, ""macd_signal"": 6, ""macd_slow"": 36, ""macd_std_window"": 70, ""rebalance_freq"": 150, ""rebounce_block"": 1, ""sl_mult_lm"": 1.65, ""sl_mult_lr"": 5.0, ""sl_mult_sm"": 1.75, ""sl_mult_sr"": 1.5, ""time_stop"": 0, ""tp_mult_lm"": 5.4, ""tp_mult_lr"": 9.4, ""tp_mult_sm"": 4.0, ""tp_mult_sr"": 6.7, ""trail_mult"": 2.8, ""trail_tp"": false, ""use_trailing"": true}",{},
1154,-1000000000.0,TrialState.COMPLETE,2026-04-01T02:42:51.041191,2026-04-01T02:42:51.089262,0.048071,"{""atr_window"": 16, ""bb_std_dev"": 2.45, ""bb_window"": 15, ""cooldown"": 0, ""macd_fast"": 11, ""macd_k"": 1.05, ""macd_k_mid"": 0.8, ""macd_signal"": 7, ""macd_slow"": 44, ""macd_std_window"": 86, ""rebalance_freq"": 120, ""rebounce_block"": 3, ""sl_mult_lm"": 1.2, ""sl_mult_lr"": 2.6, ""sl_mult_sm"": 1.15, ""sl_mult_sr"": 2.3, ""time_stop"": 8, ""tp_mult_lm"": 5.6, ""tp_mult_lr"": 10.2, ""tp_mult_sm"": 6.6, ""tp_mult_sr"": 6.2, ""trail_mult"": 2.2, ""trail_tp"": true, ""use_trailing"": true}",{},
1155,-1000000000.0,TrialState.COMPLETE,2026-04-01T02:42:51.129567,2026-04-01T02:42:51.174145,0.044578,"{""atr_window"": 20, ""bb_std_dev"": 2.2, ""bb_window"": 17, ""cooldown"": 3, ""macd_fast"": 12, ""macd_k"": 1.3, ""macd_k_mid"": 0.95, ""macd_signal"": 8, ""macd_slow"": 39, ""macd_std_window"": 81, ""rebalance_freq"": 150, ""rebounce_block"": 5, ""sl_mult_lm"": 1.9500000000000002, ""sl_mult_lr"": 2.7, ""sl_mult_sm"": 1.9500000000000002, ""sl_mult_sr"": 2.1, ""time_stop"": 23, ""tp_mult_lm"": 5.9, ""tp_mult_lr"": 15.8, ""tp_mult_sm"": 3.4, ""tp_mult_sr"": 5.300000000000001, ""trail_mult"": 2.0, ""trail_tp"": false, ""use_trailing"": false}",{},
1156,-1000000000.0,TrialState.COMPLETE,2026-04-01T02:42:51.210821,2026-04-01T02:42:53.738802,2.527981,"{""atr_window"": 17, ""bb_std_dev"": 2.05, ""bb_window"": 23, ""cooldown"": 1, ""macd_fast"": 15, ""macd_k"": 1.65, ""macd_k_mid"": 0.7, ""macd_signal"": 9, ""macd_slow"": 37, ""macd_std_window"": 94, ""rebalance_freq"": 30, ""rebounce_block"": 2, ""sl_mult_lm"": 1.75, ""sl_mult_lr"": 2.9, ""sl_mult_sm"": 1.85, ""sl_mult_sr"": 1.7, ""time_stop"": 30, ""tp_mult_lm"": 3.6, ""tp_mult_lr"": 8.8, ""tp_mult_sm"": 7.0, ""tp_mult_sr"": 3.0, ""trail_mult"": 3.2, ""trail_tp"": true, ""use_trailing"": true}",{},
1157,-1000000000.0,TrialState.COMPLETE,2026-04-01T02:42:53.765941,2026-04-01T02:57:54.720205,900.954264,"{""atr_window"": 18, ""bb_std_dev"": 1.95, ""bb_window"": 16, ""cooldown"": 4, ""macd_fast"": 19, ""macd_k"": 1.25, ""macd_k_mid"": 0.5, ""macd_signal"": 8, ""macd_slow"": 40, ""macd_std_window"": 99, ""rebalance_freq"": 180, ""rebounce_block"": 0, ""sl_mult_lm"": 1.0, ""sl_mult_lr"": 4.6, ""sl_mult_sm"": 1.7000000000000002, ""sl_mult_sr"": 1.6, ""time_stop"": 17, ""tp_mult_lm"": 4.2, ""tp_mult_lr"": 13.4, ""tp_mult_sm"": 4.3, ""tp_mult_sr"": 3.7, ""trail_mult"": 2.6, ""trail_tp"": false, ""use_trailing"": true}",{},
1158,-1000000000.0,TrialState.COMPLETE,2026-04-01T02:57:54.760070,2026-04-01T02:57:54.806827,0.046757,"{""atr_window"": 18, ""bb_std_dev"": 2.4, ""bb_window"": 14, ""cooldown"": 2, ""macd_fast"": 11, ""macd_k"": 1.2, ""macd_k_mid"": 0.55, ""macd_signal"": 9, ""macd_slow"": 38, ""macd_std_window"": 85, ""rebalance_freq"": 90, ""rebounce_block"": 6, ""sl_mult_lm"": 1.25, ""sl_mult_lr"": 2.3, ""sl_mult_sm"": 1.6, ""sl_mult_sr"": 2.0, ""time_stop"": 29, ""tp_mult_lm"": 5.7, ""tp_mult_lr"": 12.0, ""tp_mult_sm"": 6.2, ""tp_mult_sr"": 5.1, ""trail_mult"": 2.5, ""trail_tp"": true, ""use_trailing"": true}",{},
1159,-1000000000.0,TrialState.COMPLETE,2026-04-01T02:57:54.843647,2026-04-01T02:57:54.890888,0.047241,"{""atr_window"": 13, ""bb_std_dev"": 1.4, ""bb_window"": 25, ""cooldown"": 0, ""macd_fast"": 14, ""macd_k"": 1.5, ""macd_k_mid"": 0.65, ""macd_signal"": 10, ""macd_slow"": 41, ""macd_std_window"": 74, ""rebalance_freq"": 120, ""rebounce_block"": 4, ""sl_mult_lm"": 1.9, ""sl_mult_lr"": 2.4, ""sl_mult_sm"": 1.55, ""sl_mult_sr"": 3.3, ""time_stop"": 7, ""tp_mult_lm"": 4.0, ""tp_mult_lr"": 9.6, ""tp_mult_sm"": 3.6, ""tp_mult_sr"": 5.6, ""trail_mult"": 2.3, ""trail_tp"": false, ""use_trailing"": false}",{},
1160,-1000000000.0,TrialState.COMPLETE,2026-04-01T02:57:54.924539,2026-04-01T02:57:54.982018,0.057479,"{""atr_window"": 14, ""bb_std_dev"": 2.25, ""bb_window"": 18, ""cooldown"": 5, ""macd_fast"": 17, ""macd_k"": 1.15, ""macd_k_mid"": 0.5, ""macd_signal"": 8, ""macd_slow"": 43, ""macd_std_window"": 90, ""rebalance_freq"": 180, ""rebounce_block"": 5, ""sl_mult_lm"": 2.2, ""sl_mult_lr"": 3.1, ""sl_mult_sm"": 1.0, ""sl_mult_sr"": 2.2, ""time_stop"": 6, ""tp_mult_lm"": 3.7, ""tp_mult_lr"": 16.6, ""tp_mult_sm"": 4.6, ""tp_mult_sr"": 4.0, ""trail_mult"": 3.8000000000000003, ""trail_tp"": true, ""use_trailing"": true}",{},
1161,-1000000000.0,TrialState.COMPLETE,2026-04-01T02:57:55.019905,2026-04-01T02:57:55.072534,0.052629,"{""atr_window"": 16, ""bb_std_dev"": 1.5999999999999999, ""bb_window"": 22, ""cooldown"": 2, ""macd_fast"": 16, ""macd_k"": 1.1, ""macd_k_mid"": 0.6, ""macd_signal"": 7, ""macd_slow"": 42, ""macd_std_window"": 72, ""rebalance_freq"": 90, ""rebounce_block"": 3, ""sl_mult_lm"": 1.35, ""sl_mult_lr"": 2.5, ""sl_mult_sm"": 1.65, ""sl_mult_sr"": 1.5, ""time_stop"": 13, ""tp_mult_lm"": 4.9, ""tp_mult_lr"": 10.0, ""tp_mult_sm"": 5.9, ""tp_mult_sr"": 6.5, ""trail_mult"": 3.5, ""trail_tp"": false, ""use_trailing"": true}",{},
1162,-1000000000.0,TrialState.COMPLETE,2026-04-01T02:57:55.110941,2026-04-01T02:57:55.159521,0.04858,"{""atr_window"": 11, ""bb_std_dev"": 1.9, ""bb_window"": 20, ""cooldown"": 0, ""macd_fast"": 10, ""macd_k"": 1.6, ""macd_k_mid"": 0.55, ""macd_signal"": 9, ""macd_slow"": 36, ""macd_std_window"": 100, ""rebalance_freq"": 60, ""rebounce_block"": 2, ""sl_mult_lm"": 1.15, ""sl_mult_lr"": 2.1, ""sl_mult_sm"": 1.5, ""sl_mult_sr"": 1.9, ""time_stop"": 25, ""tp_mult_lm"": 5.1, ""tp_mult_lr"": 11.2, ""tp_mult_sm"": 6.5, ""tp_mult_sr"": 3.9, ""trail_mult"": 1.6, ""trail_tp"": true, ""use_trailing"": true}",{},
1163,-1000000000.0,TrialState.COMPLETE,2026-04-01T02:57:55.196431,2026-04-01T02:57:55.246421,0.04999,"{""atr_window"": 12, ""bb_std_dev"": 1.45, ""bb_window"": 15, ""cooldown"": 3, ""macd_fast"": 15, ""macd_k"": 1.0, ""macd_k_mid"": 0.7, ""macd_signal"": 10, ""macd_slow"": 43, ""macd_std_window"": 91, ""rebalance_freq"": 150, ""rebounce_block"": 0, ""sl_mult_lm"": 1.05, ""sl_mult_lr"": 3.7, ""sl_mult_sm"": 1.8, ""sl_mult_sr"": 2.8, ""time_stop"": 20, ""tp_mult_lm"": 5.4, ""tp_mult_lr"": 16.200000000000003, ""tp_mult_sm"": 4.5, ""tp_mult_sr"": 4.4, ""trail_mult"": 2.1, ""trail_tp"": false, ""use_trailing"": false}",{},
1164,-1000000000.0,TrialState.COMPLETE,2026-04-01T02:57:55.283065,2026-04-01T02:57:57.802599,2.519534,"{""atr_window"": 15, ""bb_std_dev"": 1.75, ""bb_window"": 14, ""cooldown"": 1, ""macd_fast"": 20, ""macd_k"": 1.2, ""macd_k_mid"": 0.55, ""macd_signal"": 8, ""macd_slow"": 37, ""macd_std_window"": 76, ""rebalance_freq"": 150, ""rebounce_block"": 6, ""sl_mult_lm"": 1.85, ""sl_mult_lr"": 2.6, ""sl_mult_sm"": 1.4, ""sl_mult_sr"": 3.5, ""time_stop"": 18, ""tp_mult_lm"": 6.0, ""tp_mult_lr"": 11.8, ""tp_mult_sm"": 6.300000000000001, ""tp_mult_sr"": 4.8, ""trail_mult"": 2.2, ""trail_tp"": true, ""use_trailing"": true}",{},
1165,-1000000000.0,TrialState.COMPLETE,2026-04-01T02:57:57.840108,2026-04-01T02:57:57.888674,0.048566,"{""atr_window"": 20, ""bb_std_dev"": 2.35, ""bb_window"": 19, ""cooldown"": 4, ""macd_fast"": 12, ""macd_k"": 1.35, ""macd_k_mid"": 0.75, ""macd_signal"": 6, ""macd_slow"": 44, ""macd_std_window"": 87, ""rebalance_freq"": 30, ""rebounce_block"": 4, ""sl_mult_lm"": 1.4, ""sl_mult_lr"": 2.4, ""sl_mult_sm"": 1.75, ""sl_mult_sr"": 1.6, ""time_stop"": 1, ""tp_mult_lm"": 4.4, ""tp_mult_lr"": 15.2, ""tp_mult_sm"": 5.2, ""tp_mult_sr"": 5.7, ""trail_mult"": 3.3, ""trail_tp"": false, ""use_trailing"": true}",{},
1166,-1000000000.0,TrialState.COMPLETE,2026-04-01T02:57:57.921854,2026-04-01T02:58:00.449160,2.527306,"{""atr_window"": 19, ""bb_std_dev"": 1.7, ""bb_window"": 17, ""cooldown"": 1, ""macd_fast"": 18, ""macd_k"": 1.05, ""macd_k_mid"": 0.6, ""macd_signal"": 5, ""macd_slow"": 40, ""macd_std_window"": 80, ""rebalance_freq"": 180, ""rebounce_block"": 5, ""sl_mult_lm"": 1.5, ""sl_mult_lr"": 3.8, ""sl_mult_sm"": 2.0, ""sl_mult_sr"": 3.1, ""time_stop"": 2, ""tp_mult_lm"": 5.800000000000001, ""tp_mult_lr"": 12.4, ""tp_mult_sm"": 6.1, ""tp_mult_sr"": 4.6, ""trail_mult"": 3.6, ""trail_tp"": true, ""use_trailing"": false}",{},
1167,-1000000000.0,TrialState.COMPLETE,2026-04-01T02:58:00.483795,2026-04-01T02:58:00.530694,0.046899,"{""atr_window"": 16, ""bb_std_dev"": 2.3, ""bb_window"": 16, ""cooldown"": 2, ""macd_fast"": 13, ""macd_k"": 1.45, ""macd_k_mid"": 0.55, ""macd_signal"": 7, ""macd_slow"": 43, ""macd_std_window"": 88, ""rebalance_freq"": 150, ""rebounce_block"": 3, ""sl_mult_lm"": 2.05, ""sl_mult_lr"": 2.8, ""sl_mult_sm"": 1.05, ""sl_mult_sr"": 1.8, ""time_stop"": 28, ""tp_mult_lm"": 4.5, ""tp_mult_lr"": 14.600000000000001, ""tp_mult_sm"": 6.7, ""tp_mult_sr"": 5.9, ""trail_mult"": 3.1, ""trail_tp"": false, ""use_trailing"": true}",{},
1168,-1000000000.0,TrialState.COMPLETE,2026-04-01T02:58:00.566019,2026-04-01T02:58:03.024650,2.458631,"{""atr_window"": 17, ""bb_std_dev"": 2.1, ""bb_window"": 14, ""cooldown"": 4, ""macd_fast"": 20, ""macd_k"": 1.15, ""macd_k_mid"": 0.8500000000000001, ""macd_signal"": 9, ""macd_slow"": 41, ""macd_std_window"": 89, ""rebalance_freq"": 120, ""rebounce_block"": 5, ""sl_mult_lm"": 1.8, ""sl_mult_lr"": 4.2, ""sl_mult_sm"": 1.2, ""sl_mult_sr"": 2.6, ""time_stop"": 21, ""tp_mult_lm"": 3.5, ""tp_mult_lr"": 8.2, ""tp_mult_sm"": 3.2, ""tp_mult_sr"": 5.2, ""trail_mult"": 3.7, ""trail_tp"": true, ""use_trailing"": true}",{},
1169,-1000000000.0,TrialState.COMPLETE,2026-04-01T02:58:03.064660,2026-04-01T02:58:03.118837,0.054177,"{""atr_window"": 14, ""bb_std_dev"": 2.5, ""bb_window"": 20, ""cooldown"": 1, ""macd_fast"": 14, ""macd_k"": 1.8, ""macd_k_mid"": 0.9, ""macd_signal"": 8, ""macd_slow"": 42, ""macd_std_window"": 84, ""rebalance_freq"": 120, ""rebounce_block"": 6, ""sl_mult_lm"": 1.1, ""sl_mult_lr"": 2.2, ""sl_mult_sm"": 1.7000000000000002, ""sl_mult_sr"": 2.1, ""time_stop"": 10, ""tp_mult_lm"": 5.2, ""tp_mult_lr"": 13.0, ""tp_mult_sm"": 5.0, ""tp_mult_sr"": 6.300000000000001, ""trail_mult"": 1.8, ""trail_tp"": false, ""use_trailing"": true}",{},
1170,-1000000000.0,TrialState.COMPLETE,2026-04-01T02:58:03.156727,2026-04-01T02:58:05.654735,2.498008,"{""atr_window"": 10, ""bb_std_dev"": 2.45, ""bb_window"": 15, ""cooldown"": 0, ""macd_fast"": 16, ""macd_k"": 1.7000000000000002, ""macd_k_mid"": 0.7, ""macd_signal"": 9, ""macd_slow"": 35, ""macd_std_window"": 70, ""rebalance_freq"": 150, ""rebounce_block"": 1, ""sl_mult_lm"": 1.45, ""sl_mult_lr"": 3.5, ""sl_mult_sm"": 1.25, ""sl_mult_sr"": 2.0, ""time_stop"": 5, ""tp_mult_lm"": 5.0, ""tp_mult_lr"": 11.6, ""tp_mult_sm"": 4.8, ""tp_mult_sr"": 6.0, ""trail_mult"": 3.0, ""trail_tp"": true, ""use_trailing"": false}",{},
1171,-1000000000.0,TrialState.COMPLETE,2026-04-01T02:58:05.688357,2026-04-01T02:58:05.734124,0.045767,"{""atr_window"": 18, ""bb_std_dev"": 1.65, ""bb_window"": 22, ""cooldown"": 3, ""macd_fast"": 12, ""macd_k"": 1.05, ""macd_k_mid"": 1.0, ""macd_signal"": 7, ""macd_slow"": 37, ""macd_std_window"": 71, ""rebalance_freq"": 30, ""rebounce_block"": 0, ""sl_mult_lm"": 2.1500000000000004, ""sl_mult_lr"": 3.3, ""sl_mult_sm"": 1.9, ""sl_mult_sr"": 1.7, ""time_stop"": 12, ""tp_mult_lm"": 5.3, ""tp_mult_lr"": 9.2, ""tp_mult_sm"": 6.4, ""tp_mult_sr"": 3.8, ""trail_mult"": 1.7, ""trail_tp"": false, ""use_trailing"": true}",{},
1172,-1000000000.0,TrialState.COMPLETE,2026-04-01T02:58:05.766520,2026-04-01T02:58:05.813927,0.047407,"{""atr_window"": 12, ""bb_std_dev"": 1.7999999999999998, ""bb_window"": 19, ""cooldown"": 2, ""macd_fast"": 17, ""macd_k"": 1.55, ""macd_k_mid"": 0.65, ""macd_signal"": 8, ""macd_slow"": 44, ""macd_std_window"": 100, ""rebalance_freq"": 180, ""rebounce_block"": 2, ""sl_mult_lm"": 1.35, ""sl_mult_lr"": 2.3, ""sl_mult_sm"": 1.3, ""sl_mult_sr"": 2.5, ""time_stop"": 20, ""tp_mult_lm"": 3.9, ""tp_mult_lr"": 12.2, ""tp_mult_sm"": 5.6, ""tp_mult_sr"": 6.800000000000001, ""trail_mult"": 2.3, ""trail_tp"": true, ""use_trailing"": true}",{},
