number,value,state,datetime_start,datetime_complete,duration_seconds,params_json,fold_sharpes_json,avg_cv_sharpe
727,-1000000000.0,TrialState.COMPLETE,2026-04-01T02:20:19.535641,2026-04-01T02:20:19.581802,0.046161,"{""atr_window"": 17, ""bb_std_dev"": 2.2, ""bb_window"": 25, ""cooldown"": 1, ""macd_fast"": 15, ""macd_k"": 1.0, ""macd_k_mid"": 0.55, ""macd_signal"": 6, ""macd_slow"": 39, ""macd_std_window"": 87, ""rebalance_freq"": 180, ""rebounce_block"": 5, ""sl_mult_lm"": 2.1500000000000004, ""sl_mult_lr"": 3.7, ""sl_mult_sm"": 1.45, ""sl_mult_sr"": 2.7, ""time_stop"": 25, ""tp_mult_lm"": 5.3, ""tp_mult_lr"": 13.2, ""tp_mult_sm"": 4.3, ""tp_mult_sr"": 6.0, ""trail_mult"": 4.0, ""trail_tp"": true, ""use_trailing"": true}",{},
728,-1000000000.0,TrialState.COMPLETE,2026-04-01T02:20:19.613094,2026-04-01T02:20:19.649878,0.036784,"{""atr_window"": 19, ""bb_std_dev"": 2.5, ""bb_window"": 15, ""cooldown"": 2, ""macd_fast"": 14, ""macd_k"": 1.65, ""macd_k_mid"": 0.7, ""macd_signal"": 8, ""macd_slow"": 43, ""macd_std_window"": 89, ""rebalance_freq"": 120, ""rebounce_block"": 5, ""sl_mult_lm"": 1.9, ""sl_mult_lr"": 4.800000000000001, ""sl_mult_sm"": 1.55, ""sl_mult_sr"": 1.9, ""time_stop"": 6, ""tp_mult_lm"": 5.2, ""tp_mult_lr"": 14.0, ""tp_mult_sm"": 4.4, ""tp_mult_sr"": 4.3, ""trail_mult"": 2.9000000000000004, ""trail_tp"": false, ""use_trailing"": true}",{},
729,-1000000000.0,TrialState.COMPLETE,2026-04-01T02:20:19.680353,2026-04-01T02:20:19.714779,0.034426,"{""atr_window"": 20, ""bb_std_dev"": 2.1, ""bb_window"": 18, ""cooldown"": 0, ""macd_fast"": 20, ""macd_k"": 2.0, ""macd_k_mid"": 0.6, ""macd_signal"": 10, ""macd_slow"": 44, ""macd_std_window"": 72, ""rebalance_freq"": 90, ""rebounce_block"": 6, ""sl_mult_lm"": 1.15, ""sl_mult_lr"": 2.5, ""sl_mult_sm"": 1.9500000000000002, ""sl_mult_sr"": 3.2, ""time_stop"": 22, ""tp_mult_lm"": 3.7, ""tp_mult_lr"": 12.4, ""tp_mult_sm"": 4.8, ""tp_mult_sr"": 5.6, ""trail_mult"": 3.2, ""trail_tp"": true, ""use_trailing"": false}",{},
730,-1000000000.0,TrialState.COMPLETE,2026-04-01T02:20:19.755301,2026-04-01T02:20:19.791429,0.036128,"{""atr_window"": 15, ""bb_std_dev"": 1.95, ""bb_window"": 17, ""cooldown"": 1, ""macd_fast"": 14, ""macd_k"": 1.2, ""macd_k_mid"": 0.5, ""macd_signal"": 8, ""macd_slow"": 42, ""macd_std_window"": 85, ""rebalance_freq"": 30, ""rebounce_block"": 0, ""sl_mult_lm"": 1.75, ""sl_mult_lr"": 2.1, ""sl_mult_sm"": 1.0, ""sl_mult_sr"": 1.8, ""time_stop"": 29, ""tp_mult_lm"": 3.8, ""tp_mult_lr"": 12.2, ""tp_mult_sm"": 6.300000000000001, ""tp_mult_sr"": 5.800000000000001, ""trail_mult"": 1.7, ""trail_tp"": false, ""use_trailing"": true}",{},
731,-1000000000.0,TrialState.COMPLETE,2026-04-01T02:20:19.823555,2026-04-01T02:20:22.320155,2.4966,"{""atr_window"": 16, ""bb_std_dev"": 2.2, ""bb_window"": 14, ""cooldown"": 3, ""macd_fast"": 13, ""macd_k"": 1.5, ""macd_k_mid"": 0.8500000000000001, ""macd_signal"": 5, ""macd_slow"": 35, ""macd_std_window"": 81, ""rebalance_freq"": 150, ""rebounce_block"": 4, ""sl_mult_lm"": 1.4, ""sl_mult_lr"": 3.0, ""sl_mult_sm"": 1.65, ""sl_mult_sr"": 2.3, ""time_stop"": 16, ""tp_mult_lm"": 5.1, ""tp_mult_lr"": 9.2, ""tp_mult_sm"": 3.0, ""tp_mult_sr"": 4.8, ""trail_mult"": 1.8, ""trail_tp"": true, ""use_trailing"": true}",{},
732,-1000000000.0,TrialState.COMPLETE,2026-04-01T02:20:22.350656,2026-04-01T02:20:22.387174,0.036518,"{""atr_window"": 14, ""bb_std_dev"": 2.45, ""bb_window"": 19, ""cooldown"": 4, ""macd_fast"": 11, ""macd_k"": 1.15, ""macd_k_mid"": 0.55, ""macd_signal"": 9, ""macd_slow"": 44, ""macd_std_window"": 70, ""rebalance_freq"": 180, ""rebounce_block"": 2, ""sl_mult_lm"": 1.3, ""sl_mult_lr"": 2.7, ""sl_mult_sm"": 1.5, ""sl_mult_sr"": 2.0, ""time_stop"": 21, ""tp_mult_lm"": 4.1, ""tp_mult_lr"": 10.4, ""tp_mult_sm"": 7.0, ""tp_mult_sr"": 5.0, ""trail_mult"": 2.2, ""trail_tp"": false, ""use_trailing"": true}",{},
733,-1000000000.0,TrialState.COMPLETE,2026-04-01T02:20:22.430470,2026-04-01T02:20:22.465209,0.034739,"{""atr_window"": 18, ""bb_std_dev"": 2.35, ""bb_window"": 16, ""cooldown"": 2, ""macd_fast"": 12, ""macd_k"": 1.7000000000000002, ""macd_k_mid"": 0.9, ""macd_signal"": 9, ""macd_slow"": 40, ""macd_std_window"": 80, ""rebalance_freq"": 120, ""rebounce_block"": 1, ""sl_mult_lm"": 1.1, ""sl_mult_lr"": 2.9, ""sl_mult_sm"": 1.85, ""sl_mult_sr"": 2.1, ""time_stop"": 20, ""tp_mult_lm"": 5.0, ""tp_mult_lr"": 15.2, ""tp_mult_sm"": 5.1, ""tp_mult_sr"": 7.0, ""trail_mult"": 2.0, ""trail_tp"": true, ""use_trailing"": false}",{},
734,-1000000000.0,TrialState.COMPLETE,2026-04-01T02:20:22.492368,2026-04-01T02:20:22.524372,0.032004,"{""atr_window"": 11, ""bb_std_dev"": 2.05, ""bb_window"": 20, ""cooldown"": 2, ""macd_fast"": 19, ""macd_k"": 1.1, ""macd_k_mid"": 0.5, ""macd_signal"": 7, ""macd_slow"": 42, ""macd_std_window"": 78, ""rebalance_freq"": 150, ""rebounce_block"": 5, ""sl_mult_lm"": 2.1, ""sl_mult_lr"": 2.4, ""sl_mult_sm"": 1.25, ""sl_mult_sr"": 1.5, ""time_stop"": 18, ""tp_mult_lm"": 5.4, ""tp_mult_lr"": 8.0, ""tp_mult_sm"": 6.6, ""tp_mult_sr"": 5.1, ""trail_mult"": 3.0, ""trail_tp"": false, ""use_trailing"": true}",{},
735,-1000000000.0,TrialState.COMPLETE,2026-04-01T02:20:22.559401,2026-04-01T02:20:22.598306,0.038905,"{""atr_window"": 20, ""bb_std_dev"": 2.0, ""bb_window"": 22, ""cooldown"": 1, ""macd_fast"": 18, ""macd_k"": 1.05, ""macd_k_mid"": 0.7, ""macd_signal"": 6, ""macd_slow"": 41, ""macd_std_window"": 79, ""rebalance_freq"": 30, ""rebounce_block"": 6, ""sl_mult_lm"": 1.0, ""sl_mult_lr"": 2.6, ""sl_mult_sm"": 1.6, ""sl_mult_sr"": 1.8, ""time_stop"": 18, ""tp_mult_lm"": 5.7, ""tp_mult_lr"": 11.4, ""tp_mult_sm"": 5.0, ""tp_mult_sr"": 4.0, ""trail_mult"": 1.6, ""trail_tp"": true, ""use_trailing"": true}",{},
736,-1000000000.0,TrialState.COMPLETE,2026-04-01T02:20:22.631408,2026-04-01T02:20:25.098041,2.466633,"{""atr_window"": 13, ""bb_std_dev"": 1.65, ""bb_window"": 14, ""cooldown"": 5, ""macd_fast"": 17, ""macd_k"": 1.55, ""macd_k_mid"": 0.8, ""macd_signal"": 10, ""macd_slow"": 36, ""macd_std_window"": 88, ""rebalance_freq"": 150, ""rebounce_block"": 3, ""sl_mult_lm"": 1.35, ""sl_mult_lr"": 4.300000000000001, ""sl_mult_sm"": 1.8, ""sl_mult_sr"": 2.6, ""time_stop"": 19, ""tp_mult_lm"": 5.2, ""tp_mult_lr"": 15.600000000000001, ""tp_mult_sm"": 5.7, ""tp_mult_sr"": 3.7, ""trail_mult"": 3.8000000000000003, ""trail_tp"": false, ""use_trailing"": false}",{},
737,-1000000000.0,TrialState.COMPLETE,2026-04-01T02:20:25.124506,2026-04-01T02:20:25.155597,0.031091,"{""atr_window"": 17, ""bb_std_dev"": 1.75, ""bb_window"": 17, ""cooldown"": 0, ""macd_fast"": 16, ""macd_k"": 1.35, ""macd_k_mid"": 0.6, ""macd_signal"": 9, ""macd_slow"": 39, ""macd_std_window"": 76, ""rebalance_freq"": 90, ""rebounce_block"": 0, ""sl_mult_lm"": 2.2, ""sl_mult_lr"": 2.5, ""sl_mult_sm"": 1.9, ""sl_mult_sr"": 1.6, ""time_stop"": 13, ""tp_mult_lm"": 6.0, ""tp_mult_lr"": 8.6, ""tp_mult_sm"": 3.1, ""tp_mult_sr"": 3.2, ""trail_mult"": 3.1, ""trail_tp"": true, ""use_trailing"": true}",{},
738,-1000000000.0,TrialState.COMPLETE,2026-04-01T02:20:25.199455,2026-04-01T02:20:25.236017,0.036562,"{""atr_window"": 15, ""bb_std_dev"": 1.5999999999999999, ""bb_window"": 15, ""cooldown"": 3, ""macd_fast"": 20, ""macd_k"": 1.6, ""macd_k_mid"": 0.55, ""macd_signal"": 8, ""macd_slow"": 43, ""macd_std_window"": 91, ""rebalance_freq"": 180, ""rebounce_block"": 4, ""sl_mult_lm"": 1.9500000000000002, ""sl_mult_lr"": 4.2, ""sl_mult_sm"": 1.55, ""sl_mult_sr"": 1.7, ""time_stop"": 14, ""tp_mult_lm"": 3.6, ""tp_mult_lr"": 11.8, ""tp_mult_sm"": 3.6, ""tp_mult_sr"": 3.1, ""trail_mult"": 3.6, ""trail_tp"": false, ""use_trailing"": true}",{},
739,-1000000000.0,TrialState.COMPLETE,2026-04-01T02:20:25.267789,2026-04-01T02:20:25.303435,0.035646,"{""atr_window"": 16, ""bb_std_dev"": 2.5, ""bb_window"": 21, ""cooldown"": 4, ""macd_fast"": 10, ""macd_k"": 1.85, ""macd_k_mid"": 0.55, ""macd_signal"": 9, ""macd_slow"": 37, ""macd_std_window"": 87, ""rebalance_freq"": 150, ""rebounce_block"": 5, ""sl_mult_lm"": 2.05, ""sl_mult_lr"": 4.0, ""sl_mult_sm"": 1.7000000000000002, ""sl_mult_sr"": 3.3, ""time_stop"": 8, ""tp_mult_lm"": 4.9, ""tp_mult_lr"": 9.6, ""tp_mult_sm"": 5.800000000000001, ""tp_mult_sr"": 4.6, ""trail_mult"": 2.3, ""trail_tp"": true, ""use_trailing"": true}",{},
740,-1000000000.0,TrialState.COMPLETE,2026-04-01T02:20:25.342763,2026-04-01T02:20:25.377853,0.03509,"{""atr_window"": 14, ""bb_std_dev"": 1.7, ""bb_window"": 24, ""cooldown"": 1, ""macd_fast"": 11, ""macd_k"": 1.45, ""macd_k_mid"": 0.7, ""macd_signal"": 8, ""macd_slow"": 40, ""macd_std_window"": 98, ""rebalance_freq"": 120, ""rebounce_block"": 2, ""sl_mult_lm"": 1.9, ""sl_mult_lr"": 2.8, ""sl_mult_sm"": 1.65, ""sl_mult_sr"": 2.5, ""time_stop"": 20, ""tp_mult_lm"": 5.800000000000001, ""tp_mult_lr"": 16.0, ""tp_mult_sm"": 4.6, ""tp_mult_sr"": 3.0, ""trail_mult"": 2.2, ""trail_tp"": false, ""use_trailing"": false}",{},
741,-1000000000.0,TrialState.COMPLETE,2026-04-01T02:20:25.408912,2026-04-01T02:20:25.445489,0.036577,"{""atr_window"": 10, ""bb_std_dev"": 1.9, ""bb_window"": 14, ""cooldown"": 1, ""macd_fast"": 12, ""macd_k"": 1.3, ""macd_k_mid"": 0.65, ""macd_signal"": 7, ""macd_slow"": 41, ""macd_std_window"": 86, ""rebalance_freq"": 180, ""rebounce_block"": 6, ""sl_mult_lm"": 2.0, ""sl_mult_lr"": 3.8, ""sl_mult_sm"": 1.75, ""sl_mult_sr"": 2.1, ""time_stop"": 12, ""tp_mult_lm"": 5.5, ""tp_mult_lr"": 10.0, ""tp_mult_sm"": 3.4, ""tp_mult_sr"": 4.9, ""trail_mult"": 2.7, ""trail_tp"": true, ""use_trailing"": true}",{},
742,-1000000000.0,TrialState.COMPLETE,2026-04-01T02:20:25.478472,2026-04-01T02:20:28.123538,2.645066,"{""atr_window"": 19, ""bb_std_dev"": 2.4, ""bb_window"": 16, ""cooldown"": 0, ""macd_fast"": 15, ""macd_k"": 1.4, ""macd_k_mid"": 0.95, ""macd_signal"": 6, ""macd_slow"": 35, ""macd_std_window"": 71, ""rebalance_freq"": 150, ""rebounce_block"": 0, ""sl_mult_lm"": 1.2, ""sl_mult_lr"": 4.6, ""sl_mult_sm"": 1.7000000000000002, ""sl_mult_sr"": 1.5, ""time_stop"": 9, ""tp_mult_lm"": 4.0, ""tp_mult_lr"": 14.2, ""tp_mult_sm"": 6.5, ""tp_mult_sr"": 3.3, ""trail_mult"": 3.2, ""trail_tp"": false, ""use_trailing"": true}",{},
743,-1000000000.0,TrialState.COMPLETE,2026-04-01T02:20:28.153980,2026-04-01T02:20:28.188878,0.034898,"{""atr_window"": 12, ""bb_std_dev"": 2.25, ""bb_window"": 14, ""cooldown"": 2, ""macd_fast"": 14, ""macd_k"": 1.0, ""macd_k_mid"": 0.5, ""macd_signal"": 8, ""macd_slow"": 43, ""macd_std_window"": 97, ""rebalance_freq"": 120, ""rebounce_block"": 3, ""sl_mult_lm"": 1.7000000000000002, ""sl_mult_lr"": 2.3, ""sl_mult_sm"": 2.0, ""sl_mult_sr"": 1.9, ""time_stop"": 4, ""tp_mult_lm"": 5.6, ""tp_mult_lr"": 12.0, ""tp_mult_sm"": 6.800000000000001, ""tp_mult_sr"": 5.800000000000001, ""trail_mult"": 3.9000000000000004, ""trail_tp"": true, ""use_trailing"": true}",{},
744,-1000000000.0,TrialState.COMPLETE,2026-04-01T02:20:28.219106,2026-04-01T02:20:28.263724,0.044618,"{""atr_window"": 11, ""bb_std_dev"": 2.15, ""bb_window"": 23, ""cooldown"": 4, ""macd_fast"": 13, ""macd_k"": 1.75, ""macd_k_mid"": 0.6, ""macd_signal"": 10, ""macd_slow"": 37, ""macd_std_window"": 74, ""rebalance_freq"": 30, ""rebounce_block"": 1, ""sl_mult_lm"": 1.45, ""sl_mult_lr"": 3.5, ""sl_mult_sm"": 1.05, ""sl_mult_sr"": 2.0, ""time_stop"": 27, ""tp_mult_lm"": 4.2, ""tp_mult_lr"": 12.8, ""tp_mult_sm"": 6.1, ""tp_mult_sr"": 6.0, ""trail_mult"": 3.7, ""trail_tp"": false, ""use_trailing"": false}",{},
745,-1000000000.0,TrialState.COMPLETE,2026-04-01T02:20:28.296152,2026-04-01T02:20:28.340626,0.044474,"{""atr_window"": 18, ""bb_std_dev"": 2.1, ""bb_window"": 20, ""cooldown"": 1, ""macd_fast"": 12, ""macd_k"": 1.8, ""macd_k_mid"": 0.75, ""macd_signal"": 7, ""macd_slow"": 44, ""macd_std_window"": 83, ""rebalance_freq"": 150, ""rebounce_block"": 5, ""sl_mult_lm"": 1.3, ""sl_mult_lr"": 2.2, ""sl_mult_sm"": 1.0, ""sl_mult_sr"": 2.4, ""time_stop"": 16, ""tp_mult_lm"": 5.3, ""tp_mult_lr"": 17.0, ""tp_mult_sm"": 3.2, ""tp_mult_sr"": 4.7, ""trail_mult"": 2.5, ""trail_tp"": true, ""use_trailing"": true}",{},
746,-1000000000.0,TrialState.COMPLETE,2026-04-01T02:20:28.376679,2026-04-01T02:20:30.857032,2.480353,"{""atr_window"": 13, ""bb_std_dev"": 2.3, ""bb_window"": 17, ""cooldown"": 2, ""macd_fast"": 20, ""macd_k"": 1.7000000000000002, ""macd_k_mid"": 0.55, ""macd_signal"": 9, ""macd_slow"": 38, ""macd_std_window"": 99, ""rebalance_freq"": 180, ""rebounce_block"": 4, ""sl_mult_lm"": 1.15, ""sl_mult_lr"": 3.6, ""sl_mult_sm"": 1.75, ""sl_mult_sr"": 2.2, ""time_stop"": 11, ""tp_mult_lm"": 4.8, ""tp_mult_lr"": 9.8, ""tp_mult_sm"": 3.8, ""tp_mult_sr"": 3.8, ""trail_mult"": 2.1, ""trail_tp"": false, ""use_trailing"": true}",{},
747,-1000000000.0,TrialState.COMPLETE,2026-04-01T02:20:30.891258,2026-04-01T02:20:33.451576,2.560318,"{""atr_window"": 15, ""bb_std_dev"": 2.5, ""bb_window"": 18, ""cooldown"": 3, ""macd_fast"": 17, ""macd_k"": 1.2, ""macd_k_mid"": 0.7, ""macd_signal"": 8, ""macd_slow"": 39, ""macd_std_window"": 88, ""rebalance_freq"": 90, ""rebounce_block"": 6, ""sl_mult_lm"": 1.25, ""sl_mult_lr"": 2.0, ""sl_mult_sm"": 1.2, ""sl_mult_sr"": 1.5, ""time_stop"": 0, ""tp_mult_lm"": 5.0, ""tp_mult_lr"": 14.8, ""tp_mult_sm"": 5.6, ""tp_mult_sr"": 5.7, ""trail_mult"": 2.1, ""trail_tp"": true, ""use_trailing"": true}",{},
748,-1000000000.0,TrialState.COMPLETE,2026-04-01T02:20:33.483519,2026-04-01T02:20:33.518797,0.035278,"{""atr_window"": 20, ""bb_std_dev"": 1.7999999999999998, ""bb_window"": 16, ""cooldown"": 5, ""macd_fast"": 14, ""macd_k"": 1.15, ""macd_k_mid"": 0.5, ""macd_signal"": 9, ""macd_slow"": 42, ""macd_std_window"": 89, ""rebalance_freq"": 180, ""rebounce_block"": 3, ""sl_mult_lm"": 1.6, ""sl_mult_lr"": 2.3, ""sl_mult_sm"": 1.9500000000000002, ""sl_mult_sr"": 1.6, ""time_stop"": 22, ""tp_mult_lm"": 5.4, ""tp_mult_lr"": 12.600000000000001, ""tp_mult_sm"": 4.5, ""tp_mult_sr"": 5.4, ""trail_mult"": 2.0, ""trail_tp"": false, ""use_trailing"": false}",{},
749,-1000000000.0,TrialState.COMPLETE,2026-04-01T02:20:33.552284,2026-04-01T02:20:36.074239,2.521955,"{""atr_window"": 14, ""bb_std_dev"": 2.2, ""bb_window"": 22, ""cooldown"": 1, ""macd_fast"": 19, ""macd_k"": 1.1, ""macd_k_mid"": 0.8500000000000001, ""macd_signal"": 5, ""macd_slow"": 36, ""macd_std_window"": 93, ""rebalance_freq"": 150, ""rebounce_block"": 5, ""sl_mult_lm"": 1.4, ""sl_mult_lr"": 2.4, ""sl_mult_sm"": 1.85, ""sl_mult_sr"": 2.1, ""time_stop"": 5, ""tp_mult_lm"": 3.8, ""tp_mult_lr"": 11.8, ""tp_mult_sm"": 6.4, ""tp_mult_sr"": 4.2, ""trail_mult"": 3.3, ""trail_tp"": true, ""use_trailing"": true}",{},
750,-1000000000.0,TrialState.COMPLETE,2026-04-01T02:20:36.102923,2026-04-01T02:20:36.135017,0.032094,"{""atr_window"": 17, ""bb_std_dev"": 2.05, ""bb_window"": 14, ""cooldown"": 0, ""macd_fast"": 16, ""macd_k"": 1.05, ""macd_k_mid"": 1.0, ""macd_signal"": 6, ""macd_slow"": 40, ""macd_std_window"": 81, ""rebalance_freq"": 120, ""rebounce_block"": 2, ""sl_mult_lm"": 2.1500000000000004, ""sl_mult_lr"": 3.9000000000000004, ""sl_mult_sm"": 1.8, ""sl_mult_sr"": 2.3, ""time_stop"": 10, ""tp_mult_lm"": 3.9, ""tp_mult_lr"": 9.4, ""tp_mult_sm"": 6.9, ""tp_mult_sr"": 6.300000000000001, ""trail_mult"": 1.5, ""trail_tp"": false, ""use_trailing"": true}",{},
751,-1000000000.0,TrialState.COMPLETE,2026-04-01T02:20:36.162500,2026-04-01T02:20:36.194780,0.03228,"{""atr_window"": 16, ""bb_std_dev"": 1.75, ""bb_window"": 15, ""cooldown"": 2, ""macd_fast"": 15, ""macd_k"": 1.65, ""macd_k_mid"": 0.65, ""macd_signal"": 8, ""macd_slow"": 41, ""macd_std_window"": 100, ""rebalance_freq"": 90, ""rebounce_block"": 0, ""sl_mult_lm"": 1.0, ""sl_mult_lr"": 4.4, ""sl_mult_sm"": 1.6, ""sl_mult_sr"": 3.0, ""time_stop"": 24, ""tp_mult_lm"": 5.1, ""tp_mult_lr"": 10.6, ""tp_mult_sm"": 5.2, ""tp_mult_sr"": 3.9, ""trail_mult"": 2.2, ""trail_tp"": true, ""use_trailing"": false}",{},
752,-1000000000.0,TrialState.COMPLETE,2026-04-01T02:20:36.227343,2026-04-01T02:20:36.264002,0.036659,"{""atr_window"": 14, ""bb_std_dev"": 2.35, ""bb_window"": 21, ""cooldown"": 3, ""macd_fast"": 11, ""macd_k"": 1.5, ""macd_k_mid"": 0.6, ""macd_signal"": 10, ""macd_slow"": 43, ""macd_std_window"": 90, ""rebalance_freq"": 150, ""rebounce_block"": 6, ""sl_mult_lm"": 1.9500000000000002, ""sl_mult_lr"": 2.2, ""sl_mult_sm"": 1.15, ""sl_mult_sr"": 1.9, ""time_stop"": 25, ""tp_mult_lm"": 5.6, ""tp_mult_lr"": 12.2, ""tp_mult_sm"": 3.7, ""tp_mult_sr"": 4.4, ""trail_mult"": 2.4, ""trail_tp"": false, ""use_trailing"": true}",{},
753,-1000000000.0,TrialState.COMPLETE,2026-04-01T02:20:36.303554,2026-04-01T02:20:36.339084,0.03553,"{""atr_window"": 17, ""bb_std_dev"": 2.3, ""bb_window"": 19, ""cooldown"": 4, ""macd_fast"": 13, ""macd_k"": 1.55, ""macd_k_mid"": 0.55, ""macd_signal"": 9, ""macd_slow"": 44, ""macd_std_window"": 75, ""rebalance_freq"": 30, ""rebounce_block"": 4, ""sl_mult_lm"": 1.8, ""sl_mult_lr"": 2.1, ""sl_mult_sm"": 1.3, ""sl_mult_sr"": 1.8, ""time_stop"": 28, ""tp_mult_lm"": 4.7, ""tp_mult_lr"": 11.4, ""tp_mult_sm"": 4.0, ""tp_mult_sr"": 5.2, ""trail_mult"": 3.2, ""trail_tp"": true, ""use_trailing"": true}",{},
754,-1000000000.0,TrialState.COMPLETE,2026-04-01T02:20:36.370264,2026-04-01T02:20:38.886204,2.51594,"{""atr_window"": 18, ""bb_std_dev"": 2.45, ""bb_window"": 14, ""cooldown"": 0, ""macd_fast"": 18, ""macd_k"": 1.9, ""macd_k_mid"": 0.55, ""macd_signal"": 7, ""macd_slow"": 35, ""macd_std_window"": 70, ""rebalance_freq"": 180, ""rebounce_block"": 1, ""sl_mult_lm"": 1.35, ""sl_mult_lr"": 2.9, ""sl_mult_sm"": 1.45, ""sl_mult_sr"": 1.5, ""time_stop"": 21, ""tp_mult_lm"": 5.2, ""tp_mult_lr"": 12.4, ""tp_mult_sm"": 4.4, ""tp_mult_sr"": 3.0, ""trail_mult"": 3.5, ""trail_tp"": true, ""use_trailing"": true}",{},
755,-1000000000.0,TrialState.COMPLETE,2026-04-01T02:20:38.916104,2026-04-01T02:20:38.955073,0.038969,"{""atr_window"": 16, ""bb_std_dev"": 1.8499999999999999, ""bb_window"": 15, ""cooldown"": 1, ""macd_fast"": 10, ""macd_k"": 1.05, ""macd_k_mid"": 0.7, ""macd_signal"": 8, ""macd_slow"": 37, ""macd_std_window"": 77, ""rebalance_freq"": 120, ""rebounce_block"": 5, ""sl_mult_lm"": 1.2, ""sl_mult_lr"": 2.5, ""sl_mult_sm"": 1.35, ""sl_mult_sr"": 1.7, ""time_stop"": 12, ""tp_mult_lm"": 5.9, ""tp_mult_lr"": 13.0, ""tp_mult_sm"": 3.6, ""tp_mult_sr"": 3.5, ""trail_mult"": 2.6, ""trail_tp"": false, ""use_trailing"": false}",{},
756,-1000000000.0,TrialState.COMPLETE,2026-04-01T02:20:38.988098,2026-04-01T02:20:39.025076,0.036978,"{""atr_window"": 19, ""bb_std_dev"": 1.65, ""bb_window"": 25, ""cooldown"": 2, ""macd_fast"": 12, ""macd_k"": 1.0, ""macd_k_mid"": 0.6, ""macd_signal"": 9, ""macd_slow"": 40, ""macd_std_window"": 82, ""rebalance_freq"": 150, ""rebounce_block"": 3, ""sl_mult_lm"": 1.05, ""sl_mult_lr"": 3.3, ""sl_mult_sm"": 1.25, ""sl_mult_sr"": 2.1, ""time_stop"": 14, ""tp_mult_lm"": 3.5, ""tp_mult_lr"": 10.2, ""tp_mult_sm"": 4.9, ""tp_mult_sr"": 3.7, ""trail_mult"": 1.9, ""trail_tp"": true, ""use_trailing"": true}",{},
757,-1000000000.0,TrialState.COMPLETE,2026-04-01T02:20:39.067360,2026-04-01T02:20:39.102349,0.034989,"{""atr_window"": 20, ""bb_std_dev"": 2.0, ""bb_window"": 14, ""cooldown"": 3, ""macd_fast"": 19, ""macd_k"": 1.2, ""macd_k_mid"": 0.8, ""macd_signal"": 8, ""macd_slow"": 42, ""macd_std_window"": 73, ""rebalance_freq"": 120, ""rebounce_block"": 2, ""sl_mult_lm"": 1.85, ""sl_mult_lr"": 3.0, ""sl_mult_sm"": 1.9, ""sl_mult_sr"": 2.0, ""time_stop"": 19, ""tp_mult_lm"": 4.3, ""tp_mult_lr"": 10.0, ""tp_mult_sm"": 5.9, ""tp_mult_sr"": 5.9, ""trail_mult"": 3.1, ""trail_tp"": false, ""use_trailing"": true}",{},
758,-1000000000.0,TrialState.COMPLETE,2026-04-01T02:20:39.137543,2026-04-01T02:20:39.172795,0.035252,"{""atr_window"": 15, ""bb_std_dev"": 2.15, ""bb_window"": 17, ""cooldown"": 1, ""macd_fast"": 14, ""macd_k"": 1.1, ""macd_k_mid"": 0.5, ""macd_signal"": 10, ""macd_slow"": 43, ""macd_std_window"": 94, ""rebalance_freq"": 90, ""rebounce_block"": 6, ""sl_mult_lm"": 2.1, ""sl_mult_lr"": 2.4, ""sl_mult_sm"": 1.05, ""sl_mult_sr"": 2.5, ""time_stop"": 17, ""tp_mult_lm"": 5.3, ""tp_mult_lr"": 11.2, ""tp_mult_sm"": 7.0, ""tp_mult_sr"": 6.9, ""trail_mult"": 2.7, ""trail_tp"": true, ""use_trailing"": true}",{},
759,-1000000000.0,TrialState.COMPLETE,2026-04-01T02:20:39.203962,2026-04-01T02:20:41.698311,2.494349,"{""atr_window"": 13, ""bb_std_dev"": 2.5, ""bb_window"": 20, ""cooldown"": 5, ""macd_fast"": 20, ""macd_k"": 1.45, ""macd_k_mid"": 0.75, ""macd_signal"": 7, ""macd_slow"": 38, ""macd_std_window"": 84, ""rebalance_freq"": 30, ""rebounce_block"": 5, ""sl_mult_lm"": 1.9500000000000002, ""sl_mult_lr"": 3.1, ""sl_mult_sm"": 1.5, ""sl_mult_sr"": 1.6, ""time_stop"": 2, ""tp_mult_lm"": 5.7, ""tp_mult_lr"": 8.4, ""tp_mult_sm"": 3.4, ""tp_mult_sr"": 6.2, ""trail_mult"": 3.0, ""trail_tp"": false, ""use_trailing"": false}",{},
760,-1000000000.0,TrialState.COMPLETE,2026-04-01T02:20:41.726553,2026-04-01T02:20:44.225763,2.49921,"{""atr_window"": 18, ""bb_std_dev"": 2.4, ""bb_window"": 23, ""cooldown"": 0, ""macd_fast"": 17, ""macd_k"": 1.6, ""macd_k_mid"": 0.55, ""macd_signal"": 9, ""macd_slow"": 39, ""macd_std_window"": 86, ""rebalance_freq"": 150, ""rebounce_block"": 0, ""sl_mult_lm"": 2.0, ""sl_mult_lr"": 2.6, ""sl_mult_sm"": 1.55, ""sl_mult_sr"": 3.4000000000000004, ""time_stop"": 7, ""tp_mult_lm"": 4.4, ""tp_mult_lr"": 10.6, ""tp_mult_sm"": 6.7, ""tp_mult_sr"": 5.5, ""trail_mult"": 1.6, ""trail_tp"": true, ""use_trailing"": true}",{},
761,-1000000000.0,TrialState.COMPLETE,2026-04-01T02:20:44.252618,2026-04-01T02:20:44.284466,0.031848,"{""atr_window"": 15, ""bb_std_dev"": 1.7, ""bb_window"": 16, ""cooldown"": 4, ""macd_fast"": 12, ""macd_k"": 1.25, ""macd_k_mid"": 0.9, ""macd_signal"": 8, ""macd_slow"": 41, ""macd_std_window"": 85, ""rebalance_freq"": 180, ""rebounce_block"": 5, ""sl_mult_lm"": 1.9, ""sl_mult_lr"": 2.3, ""sl_mult_sm"": 1.65, ""sl_mult_sr"": 1.5, ""time_stop"": 21, ""tp_mult_lm"": 6.0, ""tp_mult_lr"": 12.0, ""tp_mult_sm"": 6.9, ""tp_mult_sr"": 6.1, ""trail_mult"": 1.7, ""trail_tp"": false, ""use_trailing"": true}",{},
