number,value,state,datetime_start,datetime_complete,duration_seconds,params_json,fold_sharpes_json,avg_cv_sharpe
1993,-1000000000.0,TrialState.COMPLETE,2026-04-01T04:25:36.661822,2026-04-01T04:25:36.735490,0.073668,"{""atr_window"": 20, ""bb_std_dev"": 2.35, ""bb_window"": 14, ""cooldown"": 5, ""macd_fast"": 14, ""macd_k"": 1.1, ""macd_k_mid"": 0.7, ""macd_signal"": 10, ""macd_slow"": 43, ""macd_std_window"": 97, ""rebalance_freq"": 150, ""rebounce_block"": 4, ""sl_mult_lm"": 1.35, ""sl_mult_lr"": 4.4, ""sl_mult_sm"": 1.8, ""sl_mult_sr"": 1.6, ""time_stop"": 17, ""tp_mult_lm"": 5.6, ""tp_mult_lr"": 14.4, ""tp_mult_sm"": 5.6, ""tp_mult_sr"": 4.3, ""trail_mult"": 2.8, ""trail_tp"": false, ""use_trailing"": true}",{},
1994,-1000000000.0,TrialState.COMPLETE,2026-04-01T04:25:36.773665,2026-04-01T04:25:36.864688,0.091023,"{""atr_window"": 14, ""bb_std_dev"": 1.9, ""bb_window"": 16, ""cooldown"": 4, ""macd_fast"": 10, ""macd_k"": 1.2, ""macd_k_mid"": 0.6, ""macd_signal"": 7, ""macd_slow"": 42, ""macd_std_window"": 80, ""rebalance_freq"": 60, ""rebounce_block"": 0, ""sl_mult_lm"": 1.25, ""sl_mult_lr"": 3.2, ""sl_mult_sm"": 1.05, ""sl_mult_sr"": 1.5, ""time_stop"": 26, ""tp_mult_lm"": 5.1, ""tp_mult_lr"": 13.8, ""tp_mult_sm"": 4.4, ""tp_mult_sr"": 5.300000000000001, ""trail_mult"": 2.0, ""trail_tp"": true, ""use_trailing"": true}",{},
1995,-1000000000.0,TrialState.COMPLETE,2026-04-01T04:25:36.903293,2026-04-01T04:25:36.977833,0.07454,"{""atr_window"": 12, ""bb_std_dev"": 1.5, ""bb_window"": 14, ""cooldown"": 1, ""macd_fast"": 13, ""macd_k"": 1.4, ""macd_k_mid"": 0.55, ""macd_signal"": 9, ""macd_slow"": 40, ""macd_std_window"": 71, ""rebalance_freq"": 120, ""rebounce_block"": 5, ""sl_mult_lm"": 1.65, ""sl_mult_lr"": 2.5, ""sl_mult_sm"": 1.15, ""sl_mult_sr"": 2.4, ""time_stop"": 28, ""tp_mult_lm"": 5.800000000000001, ""tp_mult_lr"": 12.0, ""tp_mult_sm"": 6.9, ""tp_mult_sr"": 4.9, ""trail_mult"": 3.5, ""trail_tp"": false, ""use_trailing"": true}",{},
1996,-1000000000.0,TrialState.COMPLETE,2026-04-01T04:25:37.016807,2026-04-01T04:25:37.095491,0.078684,"{""atr_window"": 16, ""bb_std_dev"": 1.75, ""bb_window"": 21, ""cooldown"": 0, ""macd_fast"": 12, ""macd_k"": 1.05, ""macd_k_mid"": 0.6, ""macd_signal"": 6, ""macd_slow"": 38, ""macd_std_window"": 98, ""rebalance_freq"": 90, ""rebounce_block"": 3, ""sl_mult_lm"": 1.9, ""sl_mult_lr"": 3.6, ""sl_mult_sm"": 1.7000000000000002, ""sl_mult_sr"": 2.0, ""time_stop"": 11, ""tp_mult_lm"": 5.4, ""tp_mult_lr"": 12.2, ""tp_mult_sm"": 6.800000000000001, ""tp_mult_sr"": 4.1, ""trail_mult"": 2.1, ""trail_tp"": true, ""use_trailing"": false}",{},
1997,-1000000000.0,TrialState.COMPLETE,2026-04-01T04:25:37.134780,2026-04-01T04:25:37.205236,0.070456,"{""atr_window"": 19, ""bb_std_dev"": 2.4, ""bb_window"": 18, ""cooldown"": 4, ""macd_fast"": 15, ""macd_k"": 1.7000000000000002, ""macd_k_mid"": 0.55, ""macd_signal"": 8, ""macd_slow"": 44, ""macd_std_window"": 89, ""rebalance_freq"": 180, ""rebounce_block"": 5, ""sl_mult_lm"": 1.75, ""sl_mult_lr"": 3.7, ""sl_mult_sm"": 1.0, ""sl_mult_sr"": 1.9, ""time_stop"": 15, ""tp_mult_lm"": 6.0, ""tp_mult_lr"": 12.600000000000001, ""tp_mult_sm"": 6.300000000000001, ""tp_mult_sr"": 3.8, ""trail_mult"": 1.9, ""trail_tp"": false, ""use_trailing"": true}",{},
1998,-1000000000.0,TrialState.COMPLETE,2026-04-01T04:25:37.248411,2026-04-01T04:25:37.327698,0.079287,"{""atr_window"": 13, ""bb_std_dev"": 2.05, ""bb_window"": 25, ""cooldown"": 3, ""macd_fast"": 11, ""macd_k"": 1.65, ""macd_k_mid"": 0.65, ""macd_signal"": 7, ""macd_slow"": 36, ""macd_std_window"": 85, ""rebalance_freq"": 30, ""rebounce_block"": 2, ""sl_mult_lm"": 1.85, ""sl_mult_lr"": 2.1, ""sl_mult_sm"": 1.75, ""sl_mult_sr"": 1.6, ""time_stop"": 21, ""tp_mult_lm"": 5.3, ""tp_mult_lr"": 15.600000000000001, ""tp_mult_sm"": 5.1, ""tp_mult_sr"": 6.2, ""trail_mult"": 2.6, ""trail_tp"": true, ""use_trailing"": true}",{},
1999,-1000000000.0,TrialState.COMPLETE,2026-04-01T04:25:37.364737,2026-04-01T04:25:39.858094,2.493357,"{""atr_window"": 18, ""bb_std_dev"": 2.45, ""bb_window"": 15, ""cooldown"": 2, ""macd_fast"": 16, ""macd_k"": 1.9500000000000002, ""macd_k_mid"": 0.7, ""macd_signal"": 9, ""macd_slow"": 35, ""macd_std_window"": 100, ""rebalance_freq"": 150, ""rebounce_block"": 6, ""sl_mult_lm"": 1.3, ""sl_mult_lr"": 2.3, ""sl_mult_sm"": 1.4, ""sl_mult_sr"": 2.9000000000000004, ""time_stop"": 19, ""tp_mult_lm"": 5.0, ""tp_mult_lr"": 13.0, ""tp_mult_sm"": 4.0, ""tp_mult_sr"": 5.9, ""trail_mult"": 3.0, ""trail_tp"": false, ""use_trailing"": false}",{},
2000,-1000000000.0,TrialState.COMPLETE,2026-04-01T04:25:39.888077,2026-04-01T04:25:42.492052,2.603975,"{""atr_window"": 10, ""bb_std_dev"": 2.15, ""bb_window"": 20, ""cooldown"": 1, ""macd_fast"": 17, ""macd_k"": 1.15, ""macd_k_mid"": 0.5, ""macd_signal"": 10, ""macd_slow"": 39, ""macd_std_window"": 81, ""rebalance_freq"": 90, ""rebounce_block"": 4, ""sl_mult_lm"": 1.4, ""sl_mult_lr"": 2.6, ""sl_mult_sm"": 1.8, ""sl_mult_sr"": 1.8, ""time_stop"": 6, ""tp_mult_lm"": 4.5, ""tp_mult_lr"": 16.8, ""tp_mult_sm"": 3.6, ""tp_mult_sr"": 4.6, ""trail_mult"": 3.9000000000000004, ""trail_tp"": true, ""use_trailing"": true}",{},
2001,-1000000000.0,TrialState.COMPLETE,2026-04-01T04:25:42.528325,2026-04-01T04:25:42.601858,0.073533,"{""atr_window"": 15, ""bb_std_dev"": 2.5, ""bb_window"": 14, ""cooldown"": 0, ""macd_fast"": 19, ""macd_k"": 1.55, ""macd_k_mid"": 0.55, ""macd_signal"": 8, ""macd_slow"": 42, ""macd_std_window"": 88, ""rebalance_freq"": 150, ""rebounce_block"": 0, ""sl_mult_lm"": 1.05, ""sl_mult_lr"": 4.300000000000001, ""sl_mult_sm"": 1.65, ""sl_mult_sr"": 1.7, ""time_stop"": 1, ""tp_mult_lm"": 4.9, ""tp_mult_lr"": 9.4, ""tp_mult_sm"": 4.5, ""tp_mult_sr"": 5.5, ""trail_mult"": 3.1, ""trail_tp"": false, ""use_trailing"": true}",{},
2002,-1000000000.0,TrialState.COMPLETE,2026-04-01T04:25:42.635963,2026-04-01T04:25:45.197962,2.561999,"{""atr_window"": 16, ""bb_std_dev"": 2.25, ""bb_window"": 16, ""cooldown"": 2, ""macd_fast"": 20, ""macd_k"": 1.75, ""macd_k_mid"": 0.75, ""macd_signal"": 9, ""macd_slow"": 41, ""macd_std_window"": 95, ""rebalance_freq"": 180, ""rebounce_block"": 3, ""sl_mult_lm"": 2.0, ""sl_mult_lr"": 4.1, ""sl_mult_sm"": 2.0, ""sl_mult_sr"": 2.1, ""time_stop"": 5, ""tp_mult_lm"": 4.4, ""tp_mult_lr"": 10.2, ""tp_mult_sm"": 3.7, ""tp_mult_sr"": 5.0, ""trail_mult"": 2.2, ""trail_tp"": true, ""use_trailing"": true}",{},
2003,-1000000000.0,TrialState.COMPLETE,2026-04-01T04:25:45.227564,2026-04-01T04:25:45.320601,0.093037,"{""atr_window"": 17, ""bb_std_dev"": 2.0, ""bb_window"": 15, ""cooldown"": 1, ""macd_fast"": 12, ""macd_k"": 1.6, ""macd_k_mid"": 0.8500000000000001, ""macd_signal"": 6, ""macd_slow"": 37, ""macd_std_window"": 90, ""rebalance_freq"": 120, ""rebounce_block"": 5, ""sl_mult_lm"": 1.45, ""sl_mult_lr"": 2.8, ""sl_mult_sm"": 1.05, ""sl_mult_sr"": 1.5, ""time_stop"": 13, ""tp_mult_lm"": 4.2, ""tp_mult_lr"": 10.6, ""tp_mult_sm"": 4.1, ""tp_mult_sr"": 6.1, ""trail_mult"": 3.4000000000000004, ""trail_tp"": false, ""use_trailing"": false}",{},
2004,-1000000000.0,TrialState.COMPLETE,2026-04-01T04:25:45.360220,2026-04-01T04:25:45.449996,0.089776,"{""atr_window"": 20, ""bb_std_dev"": 1.75, ""bb_window"": 17, ""cooldown"": 3, ""macd_fast"": 14, ""macd_k"": 1.0, ""macd_k_mid"": 0.65, ""macd_signal"": 8, ""macd_slow"": 43, ""macd_std_window"": 87, ""rebalance_freq"": 150, ""rebounce_block"": 6, ""sl_mult_lm"": 1.7000000000000002, ""sl_mult_lr"": 2.4, ""sl_mult_sm"": 1.55, ""sl_mult_sr"": 3.1, ""time_stop"": 16, ""tp_mult_lm"": 5.5, ""tp_mult_lr"": 11.0, ""tp_mult_sm"": 7.0, ""tp_mult_sr"": 6.300000000000001, ""trail_mult"": 2.1, ""trail_tp"": true, ""use_trailing"": true}",{},
2005,-1000000000.0,TrialState.COMPLETE,2026-04-01T04:25:45.486338,2026-04-01T04:25:45.560701,0.074363,"{""atr_window"": 14, ""bb_std_dev"": 2.35, ""bb_window"": 14, ""cooldown"": 4, ""macd_fast"": 17, ""macd_k"": 1.35, ""macd_k_mid"": 0.6, ""macd_signal"": 7, ""macd_slow"": 40, ""macd_std_window"": 76, ""rebalance_freq"": 30, ""rebounce_block"": 1, ""sl_mult_lm"": 1.15, ""sl_mult_lr"": 3.0, ""sl_mult_sm"": 1.3, ""sl_mult_sr"": 2.5, ""time_stop"": 8, ""tp_mult_lm"": 4.0, ""tp_mult_lr"": 9.8, ""tp_mult_sm"": 5.9, ""tp_mult_sr"": 4.5, ""trail_mult"": 4.0, ""trail_tp"": false, ""use_trailing"": true}",{},
2006,-1000000000.0,TrialState.COMPLETE,2026-04-01T04:25:45.596100,2026-04-01T04:25:45.675145,0.079045,"{""atr_window"": 15, ""bb_std_dev"": 1.5999999999999999, ""bb_window"": 19, ""cooldown"": 5, ""macd_fast"": 10, ""macd_k"": 1.25, ""macd_k_mid"": 0.7, ""macd_signal"": 10, ""macd_slow"": 44, ""macd_std_window"": 94, ""rebalance_freq"": 180, ""rebounce_block"": 2, ""sl_mult_lm"": 1.0, ""sl_mult_lr"": 2.7, ""sl_mult_sm"": 1.85, ""sl_mult_sr"": 2.0, ""time_stop"": 20, ""tp_mult_lm"": 5.7, ""tp_mult_lr"": 11.6, ""tp_mult_sm"": 3.4, ""tp_mult_sr"": 5.800000000000001, ""trail_mult"": 2.2, ""trail_tp"": true, ""use_trailing"": true}",{},
2007,-1000000000.0,TrialState.COMPLETE,2026-04-01T04:25:45.710983,2026-04-01T04:25:45.800057,0.089074,"{""atr_window"": 18, ""bb_std_dev"": 1.7, ""bb_window"": 16, ""cooldown"": 1, ""macd_fast"": 13, ""macd_k"": 1.15, ""macd_k_mid"": 0.95, ""macd_signal"": 9, ""macd_slow"": 43, ""macd_std_window"": 82, ""rebalance_freq"": 150, ""rebounce_block"": 5, ""sl_mult_lm"": 1.8, ""sl_mult_lr"": 2.2, ""sl_mult_sm"": 1.2, ""sl_mult_sr"": 1.9, ""time_stop"": 2, ""tp_mult_lm"": 5.2, ""tp_mult_lr"": 11.4, ""tp_mult_sm"": 5.0, ""tp_mult_sr"": 3.0, ""trail_mult"": 3.2, ""trail_tp"": false, ""use_trailing"": false}",{},
2008,-1000000000.0,TrialState.COMPLETE,2026-04-01T04:25:45.839256,2026-04-01T04:25:48.268179,2.428923,"{""atr_window"": 17, ""bb_std_dev"": 2.3, ""bb_window"": 15, ""cooldown"": 0, ""macd_fast"": 15, ""macd_k"": 1.3, ""macd_k_mid"": 0.5, ""macd_signal"": 8, ""macd_slow"": 37, ""macd_std_window"": 99, ""rebalance_freq"": 120, ""rebounce_block"": 3, ""sl_mult_lm"": 1.9500000000000002, ""sl_mult_lr"": 2.5, ""sl_mult_sm"": 1.9, ""sl_mult_sr"": 2.3, ""time_stop"": 30, ""tp_mult_lm"": 5.6, ""tp_mult_lr"": 9.2, ""tp_mult_sm"": 3.0, ""tp_mult_sr"": 3.7, ""trail_mult"": 1.7, ""trail_tp"": true, ""use_trailing"": true}",{},
2009,-1000000000.0,TrialState.COMPLETE,2026-04-01T04:25:48.299621,2026-04-01T04:25:50.948830,2.649209,"{""atr_window"": 19, ""bb_std_dev"": 2.45, ""bb_window"": 22, ""cooldown"": 2, ""macd_fast"": 20, ""macd_k"": 1.2, ""macd_k_mid"": 0.6, ""macd_signal"": 9, ""macd_slow"": 39, ""macd_std_window"": 77, ""rebalance_freq"": 180, ""rebounce_block"": 0, ""sl_mult_lm"": 1.35, ""sl_mult_lr"": 2.4, ""sl_mult_sm"": 1.5, ""sl_mult_sr"": 3.2, ""time_stop"": 17, ""tp_mult_lm"": 3.8, ""tp_mult_lr"": 12.0, ""tp_mult_sm"": 6.5, ""tp_mult_sr"": 4.2, ""trail_mult"": 1.5, ""trail_tp"": false, ""use_trailing"": true}",{},
2010,-1000000000.0,TrialState.COMPLETE,2026-04-01T04:25:50.988559,2026-04-01T04:25:53.492858,2.504299,"{""atr_window"": 20, ""bb_std_dev"": 2.2, ""bb_window"": 14, ""cooldown"": 1, ""macd_fast"": 18, ""macd_k"": 1.5, ""macd_k_mid"": 1.0, ""macd_signal"": 7, ""macd_slow"": 35, ""macd_std_window"": 86, ""rebalance_freq"": 150, ""rebounce_block"": 4, ""sl_mult_lm"": 2.1, ""sl_mult_lr"": 4.2, ""sl_mult_sm"": 1.6, ""sl_mult_sr"": 1.5, ""time_stop"": 23, ""tp_mult_lm"": 3.7, ""tp_mult_lr"": 8.6, ""tp_mult_sm"": 6.2, ""tp_mult_sr"": 5.1, ""trail_mult"": 2.3, ""trail_tp"": true, ""use_trailing"": false}",{},
2011,-1000000000.0,TrialState.COMPLETE,2026-04-01T04:25:53.531791,2026-04-01T04:25:53.612679,0.080888,"{""atr_window"": 16, ""bb_std_dev"": 2.15, ""bb_window"": 23, ""cooldown"": 2, ""macd_fast"": 12, ""macd_k"": 1.05, ""macd_k_mid"": 0.55, ""macd_signal"": 8, ""macd_slow"": 41, ""macd_std_window"": 70, ""rebalance_freq"": 90, ""rebounce_block"": 6, ""sl_mult_lm"": 2.05, ""sl_mult_lr"": 4.800000000000001, ""sl_mult_sm"": 1.75, ""sl_mult_sr"": 2.2, ""time_stop"": 22, ""tp_mult_lm"": 5.1, ""tp_mult_lr"": 16.4, ""tp_mult_sm"": 6.0, ""tp_mult_sr"": 5.7, ""trail_mult"": 2.7, ""trail_tp"": false, ""use_trailing"": true}",{},
2012,-1000000000.0,TrialState.COMPLETE,2026-04-01T04:25:53.650221,2026-04-01T04:25:56.185792,2.535571,"{""atr_window"": 12, ""bb_std_dev"": 1.95, ""bb_window"": 18, ""cooldown"": 0, ""macd_fast"": 19, ""macd_k"": 1.65, ""macd_k_mid"": 0.8, ""macd_signal"": 6, ""macd_slow"": 38, ""macd_std_window"": 98, ""rebalance_freq"": 30, ""rebounce_block"": 5, ""sl_mult_lm"": 1.2, ""sl_mult_lr"": 2.1, ""sl_mult_sm"": 1.65, ""sl_mult_sr"": 1.6, ""time_stop"": 19, ""tp_mult_lm"": 3.9, ""tp_mult_lr"": 12.2, ""tp_mult_sm"": 4.8, ""tp_mult_sr"": 3.6, ""trail_mult"": 2.5, ""trail_tp"": true, ""use_trailing"": true}",{},
2013,-1000000000.0,TrialState.COMPLETE,2026-04-01T04:25:56.216102,2026-04-01T04:25:56.292438,0.076336,"{""atr_window"": 13, ""bb_std_dev"": 1.65, ""bb_window"": 17, ""cooldown"": 3, ""macd_fast"": 13, ""macd_k"": 1.85, ""macd_k_mid"": 0.7, ""macd_signal"": 10, ""macd_slow"": 40, ""macd_std_window"": 83, ""rebalance_freq"": 150, ""rebounce_block"": 4, ""sl_mult_lm"": 1.6, ""sl_mult_lr"": 3.9000000000000004, ""sl_mult_sm"": 1.15, ""sl_mult_sr"": 2.4, ""time_stop"": 18, ""tp_mult_lm"": 3.5, ""tp_mult_lr"": 11.8, ""tp_mult_sm"": 3.5, ""tp_mult_sr"": 3.9, ""trail_mult"": 3.7, ""trail_tp"": true, ""use_trailing"": true}",{},
2014,-1000000000.0,TrialState.COMPLETE,2026-04-01T04:25:56.330057,2026-04-01T04:25:58.879501,2.549444,"{""atr_window"": 14, ""bb_std_dev"": 1.7999999999999998, ""bb_window"": 21, ""cooldown"": 5, ""macd_fast"": 16, ""macd_k"": 1.45, ""macd_k_mid"": 0.5, ""macd_signal"": 5, ""macd_slow"": 36, ""macd_std_window"": 89, ""rebalance_freq"": 120, ""rebounce_block"": 6, ""sl_mult_lm"": 1.75, ""sl_mult_lr"": 3.1, ""sl_mult_sm"": 1.7000000000000002, ""sl_mult_sr"": 2.1, ""time_stop"": 14, ""tp_mult_lm"": 5.3, ""tp_mult_lr"": 13.2, ""tp_mult_sm"": 6.300000000000001, ""tp_mult_sr"": 5.9, ""trail_mult"": 3.8000000000000003, ""trail_tp"": false, ""use_trailing"": false}",{},
2015,-1000000000.0,TrialState.COMPLETE,2026-04-01T04:25:58.916430,2026-04-01T04:25:58.990799,0.074369,"{""atr_window"": 11, ""bb_std_dev"": 2.5, ""bb_window"": 14, ""cooldown"": 1, ""macd_fast"": 14, ""macd_k"": 1.1, ""macd_k_mid"": 0.8500000000000001, ""macd_signal"": 8, ""macd_slow"": 44, ""macd_std_window"": 92, ""rebalance_freq"": 60, ""rebounce_block"": 3, ""sl_mult_lm"": 1.25, ""sl_mult_lr"": 3.3, ""sl_mult_sm"": 1.8, ""sl_mult_sr"": 1.8, ""time_stop"": 0, ""tp_mult_lm"": 5.0, ""tp_mult_lr"": 12.8, ""tp_mult_sm"": 6.7, ""tp_mult_sr"": 3.8, ""trail_mult"": 2.0, ""trail_tp"": true, ""use_trailing"": true}",{},
2016,-1000000000.0,TrialState.COMPLETE,2026-04-01T04:25:59.028837,2026-04-01T04:25:59.101160,0.072323,"{""atr_window"": 18, ""bb_std_dev"": 2.4, ""bb_window"": 20, ""cooldown"": 4, ""macd_fast"": 11, ""macd_k"": 1.55, ""macd_k_mid"": 0.55, ""macd_signal"": 7, ""macd_slow"": 44, ""macd_std_window"": 79, ""rebalance_freq"": 180, ""rebounce_block"": 2, ""sl_mult_lm"": 2.2, ""sl_mult_lr"": 2.9, ""sl_mult_sm"": 1.9500000000000002, ""sl_mult_sr"": 1.7, ""time_stop"": 21, ""tp_mult_lm"": 5.7, ""tp_mult_lr"": 14.0, ""tp_mult_sm"": 4.6, ""tp_mult_sr"": 6.5, ""trail_mult"": 3.3, ""trail_tp"": false, ""use_trailing"": true}",{},
2017,-1000000000.0,TrialState.COMPLETE,2026-04-01T04:25:59.139186,2026-04-01T04:25:59.224203,0.085017,"{""atr_window"": 19, ""bb_std_dev"": 2.05, ""bb_window"": 24, ""cooldown"": 2, ""macd_fast"": 12, ""macd_k"": 1.0, ""macd_k_mid"": 0.6, ""macd_signal"": 9, ""macd_slow"": 43, ""macd_std_window"": 72, ""rebalance_freq"": 120, ""rebounce_block"": 5, ""sl_mult_lm"": 1.1, ""sl_mult_lr"": 2.3, ""sl_mult_sm"": 1.55, ""sl_mult_sr"": 1.5, ""time_stop"": 25, ""tp_mult_lm"": 5.2, ""tp_mult_lr"": 14.8, ""tp_mult_sm"": 4.4, ""tp_mult_sr"": 4.7, ""trail_mult"": 3.0, ""trail_tp"": true, ""use_trailing"": true}",{},
2018,-1000000000.0,TrialState.COMPLETE,2026-04-01T04:25:59.260990,2026-04-01T04:26:01.894337,2.633347,"{""atr_window"": 15, ""bb_std_dev"": 2.1, ""bb_window"": 14, ""cooldown"": 0, ""macd_fast"": 20, ""macd_k"": 1.3, ""macd_k_mid"": 0.65, ""macd_signal"": 8, ""macd_slow"": 42, ""macd_std_window"": 91, ""rebalance_freq"": 150, ""rebounce_block"": 0, ""sl_mult_lm"": 1.9, ""sl_mult_lr"": 2.5, ""sl_mult_sm"": 1.85, ""sl_mult_sr"": 2.6, ""time_stop"": 9, ""tp_mult_lm"": 4.6, ""tp_mult_lr"": 8.4, ""tp_mult_sm"": 5.6, ""tp_mult_sr"": 5.6, ""trail_mult"": 2.4, ""trail_tp"": false, ""use_trailing"": false}",{},
2019,-1000000000.0,TrialState.COMPLETE,2026-04-01T04:26:01.932669,2026-04-01T04:26:04.596643,2.663974,"{""atr_window"": 17, ""bb_std_dev"": 1.8499999999999999, ""bb_window"": 17, ""cooldown"": 1, ""macd_fast"": 15, ""macd_k"": 1.7000000000000002, ""macd_k_mid"": 0.9, ""macd_signal"": 9, ""macd_slow"": 37, ""macd_std_window"": 71, ""rebalance_freq"": 90, ""rebounce_block"": 3, ""sl_mult_lm"": 1.45, ""sl_mult_lr"": 2.2, ""sl_mult_sm"": 1.75, ""sl_mult_sr"": 2.0, ""time_stop"": 20, ""tp_mult_lm"": 4.7, ""tp_mult_lr"": 15.0, ""tp_mult_sm"": 3.7, ""tp_mult_sr"": 4.0, ""trail_mult"": 1.8, ""trail_tp"": true, ""use_trailing"": true}",{},
2020,-1000000000.0,TrialState.COMPLETE,2026-04-01T04:26:04.631780,2026-04-01T04:26:04.703359,0.071579,"{""atr_window"": 14, ""bb_std_dev"": 1.9, ""bb_window"": 16, ""cooldown"": 4, ""macd_fast"": 18, ""macd_k"": 1.4, ""macd_k_mid"": 0.55, ""macd_signal"": 7, ""macd_slow"": 40, ""macd_std_window"": 85, ""rebalance_freq"": 150, ""rebounce_block"": 5, ""sl_mult_lm"": 1.0, ""sl_mult_lr"": 2.4, ""sl_mult_sm"": 1.0, ""sl_mult_sr"": 3.3, ""time_stop"": 3, ""tp_mult_lm"": 5.4, ""tp_mult_lr"": 11.2, ""tp_mult_sm"": 5.5, ""tp_mult_sr"": 3.0, ""trail_mult"": 3.1, ""trail_tp"": false, ""use_trailing"": true}",{},
2021,-1000000000.0,TrialState.COMPLETE,2026-04-01T04:26:04.738846,2026-04-01T04:26:04.812353,0.073507,"{""atr_window"": 16, ""bb_std_dev"": 1.5499999999999998, ""bb_window"": 15, ""cooldown"": 1, ""macd_fast"": 14, ""macd_k"": 1.15, ""macd_k_mid"": 0.75, ""macd_signal"": 8, ""macd_slow"": 41, ""macd_std_window"": 87, ""rebalance_freq"": 180, ""rebounce_block"": 1, ""sl_mult_lm"": 2.1500000000000004, ""sl_mult_lr"": 2.3, ""sl_mult_sm"": 1.6, ""sl_mult_sr"": 3.0, ""time_stop"": 10, ""tp_mult_lm"": 4.8, ""tp_mult_lr"": 9.6, ""tp_mult_sm"": 5.300000000000001, ""tp_mult_sr"": 3.5, ""trail_mult"": 2.2, ""trail_tp"": true, ""use_trailing"": true}",{},
2022,-1000000000.0,TrialState.COMPLETE,2026-04-01T04:26:04.846213,2026-04-01T04:26:04.930454,0.084241,"{""atr_window"": 20, ""bb_std_dev"": 1.75, ""bb_window"": 14, ""cooldown"": 3, ""macd_fast"": 10, ""macd_k"": 1.8, ""macd_k_mid"": 0.8, ""macd_signal"": 9, ""macd_slow"": 35, ""macd_std_window"": 73, ""rebalance_freq"": 30, ""rebounce_block"": 2, ""sl_mult_lm"": 1.55, ""sl_mult_lr"": 3.2, ""sl_mult_sm"": 1.25, ""sl_mult_sr"": 2.7, ""time_stop"": 8, ""tp_mult_lm"": 4.3, ""tp_mult_lr"": 10.4, ""tp_mult_sm"": 4.7, ""tp_mult_sr"": 5.2, ""trail_mult"": 2.6, ""trail_tp"": false, ""use_trailing"": false}",{},
2023,-1000000000.0,TrialState.COMPLETE,2026-04-01T04:26:04.963296,2026-04-01T04:26:05.033383,0.070087,"{""atr_window"": 13, ""bb_std_dev"": 2.5, ""bb_window"": 25, ""cooldown"": 2, ""macd_fast"": 16, ""macd_k"": 1.2, ""macd_k_mid"": 0.5, ""macd_signal"": 6, ""macd_slow"": 43, ""macd_std_window"": 88, ""rebalance_freq"": 180, ""rebounce_block"": 6, ""sl_mult_lm"": 1.9500000000000002, ""sl_mult_lr"": 2.0, ""sl_mult_sm"": 1.45, ""sl_mult_sr"": 1.9, ""time_stop"": 24, ""tp_mult_lm"": 5.5, ""tp_mult_lr"": 12.4, ""tp_mult_sm"": 4.2, ""tp_mult_sr"": 3.1, ""trail_mult"": 3.2, ""trail_tp"": true, ""use_trailing"": true}",{},
2024,-1000000000.0,TrialState.COMPLETE,2026-04-01T04:26:05.072157,2026-04-01T04:42:02.723563,957.651406,"{""atr_window"": 10, ""bb_std_dev"": 2.15, ""bb_window"": 21, ""cooldown"": 0, ""macd_fast"": 17, ""macd_k"": 1.05, ""macd_k_mid"": 0.7, ""macd_signal"": 10, ""macd_slow"": 39, ""macd_std_window"": 93, ""rebalance_freq"": 150, ""rebounce_block"": 0, ""sl_mult_lm"": 1.3, ""sl_mult_lr"": 2.7, ""sl_mult_sm"": 1.9, ""sl_mult_sr"": 1.8, ""time_stop"": 29, ""tp_mult_lm"": 6.0, ""tp_mult_lr"": 10.6, ""tp_mult_sm"": 3.1, ""tp_mult_sr"": 6.0, ""trail_mult"": 1.6, ""trail_tp"": false, ""use_trailing"": true}",{},
2025,-1000000000.0,TrialState.COMPLETE,2026-04-01T04:42:02.765030,2026-04-01T04:42:02.826905,0.061875,"{""atr_window"": 12, ""bb_std_dev"": 2.3, ""bb_window"": 17, ""cooldown"": 1, ""macd_fast"": 14, ""macd_k"": 1.5, ""macd_k_mid"": 0.55, ""macd_signal"": 9, ""macd_slow"": 41, ""macd_std_window"": 96, ""rebalance_freq"": 120, ""rebounce_block"": 6, ""sl_mult_lm"": 1.35, ""sl_mult_lr"": 2.2, ""sl_mult_sm"": 1.65, ""sl_mult_sr"": 2.9000000000000004, ""time_stop"": 27, ""tp_mult_lm"": 4.9, ""tp_mult_lr"": 15.2, ""tp_mult_sm"": 6.4, ""tp_mult_sr"": 4.8, ""trail_mult"": 2.8, ""trail_tp"": true, ""use_trailing"": false}",{},
2026,-1000000000.0,TrialState.COMPLETE,2026-04-01T04:42:02.859388,2026-04-01T04:42:02.919296,0.059908,"{""atr_window"": 14, ""bb_std_dev"": 2.2, ""bb_window"": 23, ""cooldown"": 2, ""macd_fast"": 13, ""macd_k"": 1.9, ""macd_k_mid"": 0.6, ""macd_signal"": 8, ""macd_slow"": 40, ""macd_std_window"": 75, ""rebalance_freq"": 150, ""rebounce_block"": 4, ""sl_mult_lm"": 1.85, ""sl_mult_lr"": 2.6, ""sl_mult_sm"": 1.7000000000000002, ""sl_mult_sr"": 2.8, ""time_stop"": 15, ""tp_mult_lm"": 4.1, ""tp_mult_lr"": 11.8, ""tp_mult_sm"": 3.3, ""tp_mult_sr"": 6.4, ""trail_mult"": 1.7, ""trail_tp"": false, ""use_trailing"": true}",{},
