number,value,state,datetime_start,datetime_complete,duration_seconds,params_json,fold_sharpes_json,avg_cv_sharpe
2299,-1000000000.0,TrialState.COMPLETE,2026-04-01T05:43:22.005916,2026-04-01T05:43:22.115450,0.109534,"{""atr_window"": 19, ""bb_std_dev"": 2.15, ""bb_window"": 17, ""cooldown"": 5, ""macd_fast"": 20, ""macd_k"": 1.35, ""macd_k_mid"": 0.8500000000000001, ""macd_signal"": 8, ""macd_slow"": 44, ""macd_std_window"": 84, ""rebalance_freq"": 180, ""rebounce_block"": 2, ""sl_mult_lm"": 1.1, ""sl_mult_lr"": 2.2, ""sl_mult_sm"": 1.4, ""sl_mult_sr"": 2.0, ""time_stop"": 26, ""tp_mult_lm"": 5.9, ""tp_mult_lr"": 12.8, ""tp_mult_sm"": 5.0, ""tp_mult_sr"": 4.8, ""trail_mult"": 3.9000000000000004, ""trail_tp"": true, ""use_trailing"": true}",{},
2300,-1000000000.0,TrialState.COMPLETE,2026-04-01T05:43:22.186049,2026-04-01T05:43:24.569886,2.383837,"{""atr_window"": 13, ""bb_std_dev"": 2.2, ""bb_window"": 14, ""cooldown"": 0, ""macd_fast"": 19, ""macd_k"": 1.3, ""macd_k_mid"": 0.5, ""macd_signal"": 9, ""macd_slow"": 40, ""macd_std_window"": 78, ""rebalance_freq"": 150, ""rebounce_block"": 6, ""sl_mult_lm"": 1.2, ""sl_mult_lr"": 2.7, ""sl_mult_sm"": 1.7000000000000002, ""sl_mult_sr"": 2.2, ""time_stop"": 13, ""tp_mult_lm"": 5.0, ""tp_mult_lr"": 8.0, ""tp_mult_sm"": 3.0, ""tp_mult_sr"": 4.4, ""trail_mult"": 3.3, ""trail_tp"": false, ""use_trailing"": true}",{},
2301,-1000000000.0,TrialState.COMPLETE,2026-04-01T05:43:24.603832,2026-04-01T05:43:24.673003,0.069171,"{""atr_window"": 16, ""bb_std_dev"": 2.25, ""bb_window"": 15, ""cooldown"": 1, ""macd_fast"": 14, ""macd_k"": 1.2, ""macd_k_mid"": 0.55, ""macd_signal"": 8, ""macd_slow"": 37, ""macd_std_window"": 74, ""rebalance_freq"": 120, ""rebounce_block"": 3, ""sl_mult_lm"": 1.75, ""sl_mult_lr"": 2.3, ""sl_mult_sm"": 1.2, ""sl_mult_sr"": 1.6, ""time_stop"": 1, ""tp_mult_lm"": 5.6, ""tp_mult_lr"": 10.8, ""tp_mult_sm"": 5.6, ""tp_mult_sr"": 5.0, ""trail_mult"": 2.8, ""trail_tp"": true, ""use_trailing"": true}",{},
2302,-1000000000.0,TrialState.COMPLETE,2026-04-01T05:43:24.708168,2026-04-01T05:43:24.805862,0.097694,"{""atr_window"": 12, ""bb_std_dev"": 1.75, ""bb_window"": 16, ""cooldown"": 3, ""macd_fast"": 17, ""macd_k"": 1.9500000000000002, ""macd_k_mid"": 0.6, ""macd_signal"": 8, ""macd_slow"": 43, ""macd_std_window"": 92, ""rebalance_freq"": 90, ""rebounce_block"": 5, ""sl_mult_lm"": 1.05, ""sl_mult_lr"": 4.1, ""sl_mult_sm"": 1.6, ""sl_mult_sr"": 1.5, ""time_stop"": 8, ""tp_mult_lm"": 5.1, ""tp_mult_lr"": 10.4, ""tp_mult_sm"": 6.4, ""tp_mult_sr"": 6.5, ""trail_mult"": 1.6, ""trail_tp"": false, ""use_trailing"": false}",{},
2303,-1000000000.0,TrialState.COMPLETE,2026-04-01T05:43:24.848468,2026-04-01T05:43:24.942735,0.094267,"{""atr_window"": 15, ""bb_std_dev"": 2.05, ""bb_window"": 21, ""cooldown"": 4, ""macd_fast"": 13, ""macd_k"": 1.6, ""macd_k_mid"": 1.0, ""macd_signal"": 9, ""macd_slow"": 38, ""macd_std_window"": 95, ""rebalance_freq"": 180, ""rebounce_block"": 1, ""sl_mult_lm"": 1.6, ""sl_mult_lr"": 3.0, ""sl_mult_sm"": 1.75, ""sl_mult_sr"": 2.6, ""time_stop"": 12, ""tp_mult_lm"": 5.2, ""tp_mult_lr"": 9.8, ""tp_mult_sm"": 4.2, ""tp_mult_sr"": 3.7, ""trail_mult"": 3.8000000000000003, ""trail_tp"": true, ""use_trailing"": true}",{},
2304,-1000000000.0,TrialState.COMPLETE,2026-04-01T05:43:24.981034,2026-04-01T05:43:27.414388,2.433354,"{""atr_window"": 20, ""bb_std_dev"": 2.5, ""bb_window"": 14, ""cooldown"": 2, ""macd_fast"": 18, ""macd_k"": 1.1, ""macd_k_mid"": 0.7, ""macd_signal"": 10, ""macd_slow"": 36, ""macd_std_window"": 91, ""rebalance_freq"": 150, ""rebounce_block"": 3, ""sl_mult_lm"": 1.4, ""sl_mult_lr"": 2.8, ""sl_mult_sm"": 1.0, ""sl_mult_sr"": 2.1, ""time_stop"": 17, ""tp_mult_lm"": 5.3, ""tp_mult_lr"": 13.600000000000001, ""tp_mult_sm"": 4.9, ""tp_mult_sr"": 6.1, ""trail_mult"": 2.0, ""trail_tp"": false, ""use_trailing"": true}",{},
2305,-1000000000.0,TrialState.COMPLETE,2026-04-01T05:43:27.448380,2026-04-01T05:43:27.517850,0.06947,"{""atr_window"": 11, ""bb_std_dev"": 2.35, ""bb_window"": 17, ""cooldown"": 2, ""macd_fast"": 12, ""macd_k"": 1.55, ""macd_k_mid"": 0.95, ""macd_signal"": 7, ""macd_slow"": 44, ""macd_std_window"": 100, ""rebalance_freq"": 30, ""rebounce_block"": 0, ""sl_mult_lm"": 1.9, ""sl_mult_lr"": 2.1, ""sl_mult_sm"": 1.65, ""sl_mult_sr"": 1.7, ""time_stop"": 20, ""tp_mult_lm"": 4.1, ""tp_mult_lr"": 12.2, ""tp_mult_sm"": 7.0, ""tp_mult_sr"": 5.800000000000001, ""trail_mult"": 3.7, ""trail_tp"": true, ""use_trailing"": true}",{},
2306,-1000000000.0,TrialState.COMPLETE,2026-04-01T05:43:27.551708,2026-04-01T05:43:30.035755,2.484047,"{""atr_window"": 17, ""bb_std_dev"": 2.5, ""bb_window"": 15, ""cooldown"": 1, ""macd_fast"": 16, ""macd_k"": 1.05, ""macd_k_mid"": 0.6, ""macd_signal"": 9, ""macd_slow"": 35, ""macd_std_window"": 88, ""rebalance_freq"": 150, ""rebounce_block"": 5, ""sl_mult_lm"": 1.25, ""sl_mult_lr"": 2.9, ""sl_mult_sm"": 1.35, ""sl_mult_sr"": 1.8, ""time_stop"": 21, ""tp_mult_lm"": 4.9, ""tp_mult_lr"": 11.4, ""tp_mult_sm"": 3.1, ""tp_mult_sr"": 7.0, ""trail_mult"": 2.2, ""trail_tp"": false, ""use_trailing"": false}",{},
2307,-1000000000.0,TrialState.COMPLETE,2026-04-01T05:43:30.066262,2026-04-01T05:43:30.151631,0.085369,"{""atr_window"": 19, ""bb_std_dev"": 2.45, ""bb_window"": 23, ""cooldown"": 0, ""macd_fast"": 15, ""macd_k"": 1.15, ""macd_k_mid"": 0.55, ""macd_signal"": 8, ""macd_slow"": 41, ""macd_std_window"": 73, ""rebalance_freq"": 60, ""rebounce_block"": 6, ""sl_mult_lm"": 1.3, ""sl_mult_lr"": 3.8, ""sl_mult_sm"": 1.8, ""sl_mult_sr"": 3.2, ""time_stop"": 29, ""tp_mult_lm"": 5.7, ""tp_mult_lr"": 14.600000000000001, ""tp_mult_sm"": 5.5, ""tp_mult_sr"": 5.2, ""trail_mult"": 3.5, ""trail_tp"": true, ""use_trailing"": true}",{},
2308,-1000000000.0,TrialState.COMPLETE,2026-04-01T05:43:30.199748,2026-04-01T05:43:32.752399,2.552651,"{""atr_window"": 14, ""bb_std_dev"": 2.4, ""bb_window"": 19, ""cooldown"": 4, ""macd_fast"": 20, ""macd_k"": 1.5, ""macd_k_mid"": 0.65, ""macd_signal"": 6, ""macd_slow"": 40, ""macd_std_window"": 71, ""rebalance_freq"": 120, ""rebounce_block"": 4, ""sl_mult_lm"": 2.05, ""sl_mult_lr"": 2.6, ""sl_mult_sm"": 1.85, ""sl_mult_sr"": 1.5, ""time_stop"": 24, ""tp_mult_lm"": 5.5, ""tp_mult_lr"": 11.0, ""tp_mult_sm"": 3.3, ""tp_mult_sr"": 4.7, ""trail_mult"": 3.2, ""trail_tp"": false, ""use_trailing"": true}",{},
2309,-1000000000.0,TrialState.COMPLETE,2026-04-01T05:43:32.784202,2026-04-01T05:43:32.852337,0.068135,"{""atr_window"": 16, ""bb_std_dev"": 2.2, ""bb_window"": 20, ""cooldown"": 1, ""macd_fast"": 10, ""macd_k"": 1.0, ""macd_k_mid"": 0.5, ""macd_signal"": 10, ""macd_slow"": 43, ""macd_std_window"": 79, ""rebalance_freq"": 180, ""rebounce_block"": 4, ""sl_mult_lm"": 1.0, ""sl_mult_lr"": 2.4, ""sl_mult_sm"": 1.15, ""sl_mult_sr"": 3.0, ""time_stop"": 0, ""tp_mult_lm"": 5.0, ""tp_mult_lr"": 10.2, ""tp_mult_sm"": 6.2, ""tp_mult_sr"": 3.2, ""trail_mult"": 2.1, ""trail_tp"": true, ""use_trailing"": false}",{},
2310,-1000000000.0,TrialState.COMPLETE,2026-04-01T05:43:32.891872,2026-04-01T05:43:32.985989,0.094117,"{""atr_window"": 18, ""bb_std_dev"": 2.15, ""bb_window"": 18, ""cooldown"": 5, ""macd_fast"": 14, ""macd_k"": 1.65, ""macd_k_mid"": 0.8, ""macd_signal"": 9, ""macd_slow"": 39, ""macd_std_window"": 99, ""rebalance_freq"": 150, ""rebounce_block"": 5, ""sl_mult_lm"": 1.9500000000000002, ""sl_mult_lr"": 2.4, ""sl_mult_sm"": 1.7000000000000002, ""sl_mult_sr"": 2.0, ""time_stop"": 9, ""tp_mult_lm"": 5.800000000000001, ""tp_mult_lr"": 15.600000000000001, ""tp_mult_sm"": 3.5, ""tp_mult_sr"": 4.0, ""trail_mult"": 1.9, ""trail_tp"": false, ""use_trailing"": true}",{},
2311,-1000000000.0,TrialState.COMPLETE,2026-04-01T05:43:33.025065,2026-04-01T05:43:33.107343,0.082278,"{""atr_window"": 20, ""bb_std_dev"": 1.5999999999999999, ""bb_window"": 16, ""cooldown"": 3, ""macd_fast"": 11, ""macd_k"": 1.75, ""macd_k_mid"": 0.55, ""macd_signal"": 7, ""macd_slow"": 44, ""macd_std_window"": 70, ""rebalance_freq"": 90, ""rebounce_block"": 0, ""sl_mult_lm"": 2.0, ""sl_mult_lr"": 3.0, ""sl_mult_sm"": 1.25, ""sl_mult_sr"": 2.2, ""time_stop"": 19, ""tp_mult_lm"": 4.7, ""tp_mult_lr"": 11.8, ""tp_mult_sm"": 6.5, ""tp_mult_sr"": 5.9, ""trail_mult"": 1.7, ""trail_tp"": true, ""use_trailing"": true}",{},
2312,-1000000000.0,TrialState.COMPLETE,2026-04-01T05:43:33.146678,2026-04-01T05:43:35.652707,2.506029,"{""atr_window"": 15, ""bb_std_dev"": 2.3, ""bb_window"": 24, ""cooldown"": 2, ""macd_fast"": 17, ""macd_k"": 1.2, ""macd_k_mid"": 0.6, ""macd_signal"": 9, ""macd_slow"": 37, ""macd_std_window"": 85, ""rebalance_freq"": 120, ""rebounce_block"": 2, ""sl_mult_lm"": 1.85, ""sl_mult_lr"": 2.5, ""sl_mult_sm"": 1.3, ""sl_mult_sr"": 2.1, ""time_stop"": 11, ""tp_mult_lm"": 3.7, ""tp_mult_lr"": 13.4, ""tp_mult_sm"": 4.6, ""tp_mult_sr"": 3.9, ""trail_mult"": 3.6, ""trail_tp"": false, ""use_trailing"": true}",{},
2313,-1000000000.0,TrialState.COMPLETE,2026-04-01T05:43:35.689970,2026-04-01T05:43:35.789171,0.099201,"{""atr_window"": 16, ""bb_std_dev"": 2.05, ""bb_window"": 14, ""cooldown"": 1, ""macd_fast"": 12, ""macd_k"": 1.7000000000000002, ""macd_k_mid"": 0.75, ""macd_signal"": 8, ""macd_slow"": 42, ""macd_std_window"": 86, ""rebalance_freq"": 30, ""rebounce_block"": 6, ""sl_mult_lm"": 1.8, ""sl_mult_lr"": 4.300000000000001, ""sl_mult_sm"": 1.5, ""sl_mult_sr"": 2.4, ""time_stop"": 25, ""tp_mult_lm"": 3.9, ""tp_mult_lr"": 8.6, ""tp_mult_sm"": 5.300000000000001, ""tp_mult_sr"": 3.1, ""trail_mult"": 3.0, ""trail_tp"": true, ""use_trailing"": false}",{},
2314,-1000000000.0,TrialState.COMPLETE,2026-04-01T05:43:35.827837,2026-04-01T05:43:38.370616,2.542779,"{""atr_window"": 18, ""bb_std_dev"": 1.5499999999999998, ""bb_window"": 15, ""cooldown"": 0, ""macd_fast"": 14, ""macd_k"": 1.45, ""macd_k_mid"": 0.7, ""macd_signal"": 5, ""macd_slow"": 36, ""macd_std_window"": 90, ""rebalance_freq"": 180, ""rebounce_block"": 3, ""sl_mult_lm"": 1.4, ""sl_mult_lr"": 2.5, ""sl_mult_sm"": 1.2, ""sl_mult_sr"": 1.6, ""time_stop"": 2, ""tp_mult_lm"": 4.2, ""tp_mult_lr"": 12.600000000000001, ""tp_mult_sm"": 5.7, ""tp_mult_sr"": 5.5, ""trail_mult"": 2.5, ""trail_tp"": false, ""use_trailing"": true}",{},
2315,-1000000000.0,TrialState.COMPLETE,2026-04-01T05:43:38.406676,2026-04-01T05:43:38.487853,0.081177,"{""atr_window"": 17, ""bb_std_dev"": 1.95, ""bb_window"": 14, ""cooldown"": 3, ""macd_fast"": 16, ""macd_k"": 1.4, ""macd_k_mid"": 0.55, ""macd_signal"": 6, ""macd_slow"": 43, ""macd_std_window"": 87, ""rebalance_freq"": 150, ""rebounce_block"": 1, ""sl_mult_lm"": 2.1, ""sl_mult_lr"": 3.5, ""sl_mult_sm"": 1.1, ""sl_mult_sr"": 1.9, ""time_stop"": 5, ""tp_mult_lm"": 5.2, ""tp_mult_lr"": 9.6, ""tp_mult_sm"": 6.300000000000001, ""tp_mult_sr"": 4.5, ""trail_mult"": 2.7, ""trail_tp"": true, ""use_trailing"": true}",{},
2316,-1000000000.0,TrialState.COMPLETE,2026-04-01T05:43:38.525238,2026-04-01T05:43:38.606435,0.081197,"{""atr_window"": 12, ""bb_std_dev"": 1.8499999999999999, ""bb_window"": 14, ""cooldown"": 4, ""macd_fast"": 15, ""macd_k"": 1.05, ""macd_k_mid"": 0.5, ""macd_signal"": 8, ""macd_slow"": 41, ""macd_std_window"": 83, ""rebalance_freq"": 90, ""rebounce_block"": 5, ""sl_mult_lm"": 1.35, ""sl_mult_lr"": 2.2, ""sl_mult_sm"": 1.45, ""sl_mult_sr"": 2.5, ""time_stop"": 21, ""tp_mult_lm"": 4.0, ""tp_mult_lr"": 16.0, ""tp_mult_sm"": 5.9, ""tp_mult_sr"": 5.7, ""trail_mult"": 2.4, ""trail_tp"": false, ""use_trailing"": true}",{},
2317,-1000000000.0,TrialState.COMPLETE,2026-04-01T05:43:38.659203,2026-04-01T05:43:38.748207,0.089004,"{""atr_window"": 14, ""bb_std_dev"": 2.35, ""bb_window"": 21, ""cooldown"": 1, ""macd_fast"": 13, ""macd_k"": 1.3, ""macd_k_mid"": 0.55, ""macd_signal"": 10, ""macd_slow"": 40, ""macd_std_window"": 82, ""rebalance_freq"": 150, ""rebounce_block"": 3, ""sl_mult_lm"": 1.2, ""sl_mult_lr"": 2.6, ""sl_mult_sm"": 2.0, ""sl_mult_sr"": 1.7, ""time_stop"": 15, ""tp_mult_lm"": 4.5, ""tp_mult_lr"": 15.2, ""tp_mult_sm"": 4.5, ""tp_mult_sr"": 6.300000000000001, ""trail_mult"": 2.1, ""trail_tp"": true, ""use_trailing"": false}",{},
2318,-1000000000.0,TrialState.COMPLETE,2026-04-01T05:43:38.786542,2026-04-01T05:43:41.332607,2.546065,"{""atr_window"": 13, ""bb_std_dev"": 2.1, ""bb_window"": 17, ""cooldown"": 2, ""macd_fast"": 19, ""macd_k"": 1.15, ""macd_k_mid"": 0.8, ""macd_signal"": 9, ""macd_slow"": 35, ""macd_std_window"": 81, ""rebalance_freq"": 150, ""rebounce_block"": 5, ""sl_mult_lm"": 1.5, ""sl_mult_lr"": 2.3, ""sl_mult_sm"": 1.65, ""sl_mult_sr"": 3.3, ""time_stop"": 14, ""tp_mult_lm"": 5.1, ""tp_mult_lr"": 14.2, ""tp_mult_sm"": 6.800000000000001, ""tp_mult_sr"": 6.800000000000001, ""trail_mult"": 2.3, ""trail_tp"": false, ""use_trailing"": true}",{},
2319,-1000000000.0,TrialState.COMPLETE,2026-04-01T05:43:41.363470,2026-04-01T05:43:43.855634,2.492164,"{""atr_window"": 20, ""bb_std_dev"": 1.45, ""bb_window"": 22, ""cooldown"": 5, ""macd_fast"": 20, ""macd_k"": 1.5, ""macd_k_mid"": 0.65, ""macd_signal"": 7, ""macd_slow"": 39, ""macd_std_window"": 76, ""rebalance_freq"": 180, ""rebounce_block"": 0, ""sl_mult_lm"": 1.7000000000000002, ""sl_mult_lr"": 4.4, ""sl_mult_sm"": 1.55, ""sl_mult_sr"": 1.5, ""time_stop"": 18, ""tp_mult_lm"": 5.3, ""tp_mult_lr"": 10.6, ""tp_mult_sm"": 5.1, ""tp_mult_sr"": 3.3, ""trail_mult"": 2.2, ""trail_tp"": true, ""use_trailing"": true}",{},
2320,-1000000000.0,TrialState.COMPLETE,2026-04-01T05:43:43.897987,2026-04-01T05:43:43.980829,0.082842,"{""atr_window"": 10, ""bb_std_dev"": 1.7, ""bb_window"": 25, ""cooldown"": 0, ""macd_fast"": 12, ""macd_k"": 1.1, ""macd_k_mid"": 0.5, ""macd_signal"": 8, ""macd_slow"": 42, ""macd_std_window"": 92, ""rebalance_freq"": 120, ""rebounce_block"": 6, ""sl_mult_lm"": 1.9, ""sl_mult_lr"": 3.7, ""sl_mult_sm"": 1.75, ""sl_mult_sr"": 2.7, ""time_stop"": 16, ""tp_mult_lm"": 5.4, ""tp_mult_lr"": 9.4, ""tp_mult_sm"": 3.7, ""tp_mult_sr"": 3.8, ""trail_mult"": 3.0, ""trail_tp"": false, ""use_trailing"": false}",{},
2321,-1000000000.0,TrialState.COMPLETE,2026-04-01T05:43:44.018146,2026-04-01T05:43:44.103398,0.085252,"{""atr_window"": 15, ""bb_std_dev"": 1.7999999999999998, ""bb_window"": 15, ""cooldown"": 2, ""macd_fast"": 10, ""macd_k"": 1.65, ""macd_k_mid"": 0.6, ""macd_signal"": 8, ""macd_slow"": 37, ""macd_std_window"": 89, ""rebalance_freq"": 30, ""rebounce_block"": 4, ""sl_mult_lm"": 1.35, ""sl_mult_lr"": 4.0, ""sl_mult_sm"": 1.05, ""sl_mult_sr"": 2.8, ""time_stop"": 7, ""tp_mult_lm"": 4.8, ""tp_mult_lr"": 12.4, ""tp_mult_sm"": 6.9, ""tp_mult_sr"": 3.5, ""trail_mult"": 3.3, ""trail_tp"": true, ""use_trailing"": true}",{},
2322,-1000000000.0,TrialState.COMPLETE,2026-04-01T05:43:44.141695,2026-04-01T05:43:44.224702,0.083007,"{""atr_window"": 14, ""bb_std_dev"": 1.75, ""bb_window"": 20, ""cooldown"": 1, ""macd_fast"": 14, ""macd_k"": 1.25, ""macd_k_mid"": 0.7, ""macd_signal"": 9, ""macd_slow"": 44, ""macd_std_window"": 94, ""rebalance_freq"": 150, ""rebounce_block"": 2, ""sl_mult_lm"": 1.0, ""sl_mult_lr"": 2.0, ""sl_mult_sm"": 1.9, ""sl_mult_sr"": 1.6, ""time_stop"": 3, ""tp_mult_lm"": 6.0, ""tp_mult_lr"": 11.8, ""tp_mult_sm"": 4.0, ""tp_mult_sr"": 3.0, ""trail_mult"": 3.2, ""trail_tp"": true, ""use_trailing"": true}",{},
2323,-1000000000.0,TrialState.COMPLETE,2026-04-01T05:43:44.272779,2026-04-01T05:43:44.367468,0.094689,"{""atr_window"": 16, ""bb_std_dev"": 2.0, ""bb_window"": 16, ""cooldown"": 4, ""macd_fast"": 18, ""macd_k"": 1.35, ""macd_k_mid"": 0.8500000000000001, ""macd_signal"": 7, ""macd_slow"": 43, ""macd_std_window"": 90, ""rebalance_freq"": 60, ""rebounce_block"": 5, ""sl_mult_lm"": 1.65, ""sl_mult_lr"": 5.0, ""sl_mult_sm"": 1.0, ""sl_mult_sr"": 2.0, ""time_stop"": 10, ""tp_mult_lm"": 5.9, ""tp_mult_lr"": 13.0, ""tp_mult_sm"": 3.4, ""tp_mult_sr"": 6.0, ""trail_mult"": 3.1, ""trail_tp"": false, ""use_trailing"": true}",{},
2324,-1000000000.0,TrialState.COMPLETE,2026-04-01T05:43:44.406442,2026-04-01T05:43:44.493093,0.086651,"{""atr_window"": 11, ""bb_std_dev"": 2.45, ""bb_window"": 14, ""cooldown"": 3, ""macd_fast"": 15, ""macd_k"": 1.6, ""macd_k_mid"": 0.55, ""macd_signal"": 9, ""macd_slow"": 38, ""macd_std_window"": 80, ""rebalance_freq"": 90, ""rebounce_block"": 4, ""sl_mult_lm"": 1.25, ""sl_mult_lr"": 2.4, ""sl_mult_sm"": 1.85, ""sl_mult_sr"": 2.2, ""time_stop"": 28, ""tp_mult_lm"": 4.1, ""tp_mult_lr"": 10.0, ""tp_mult_sm"": 6.6, ""tp_mult_sr"": 4.2, ""trail_mult"": 2.6, ""trail_tp"": true, ""use_trailing"": false}",{},
2325,-1000000000.0,TrialState.COMPLETE,2026-04-01T05:43:44.529337,2026-04-01T05:43:46.963734,2.434397,"{""atr_window"": 18, ""bb_std_dev"": 2.5, ""bb_window"": 17, ""cooldown"": 1, ""macd_fast"": 20, ""macd_k"": 1.9, ""macd_k_mid"": 0.7, ""macd_signal"": 5, ""macd_slow"": 40, ""macd_std_window"": 88, ""rebalance_freq"": 180, ""rebounce_block"": 6, ""sl_mult_lm"": 1.9500000000000002, ""sl_mult_lr"": 2.9, ""sl_mult_sm"": 1.8, ""sl_mult_sr"": 2.6, ""time_stop"": 22, ""tp_mult_lm"": 5.6, ""tp_mult_lr"": 14.0, ""tp_mult_sm"": 6.1, ""tp_mult_sr"": 5.0, ""trail_mult"": 3.7, ""trail_tp"": false, ""use_trailing"": true}",{},
2326,-1000000000.0,TrialState.COMPLETE,2026-04-01T05:43:46.995422,2026-04-01T05:43:47.077396,0.081974,"{""atr_window"": 12, ""bb_std_dev"": 2.25, ""bb_window"": 18, ""cooldown"": 0, ""macd_fast"": 17, ""macd_k"": 1.8, ""macd_k_mid"": 0.6, ""macd_signal"": 8, ""macd_slow"": 41, ""macd_std_window"": 75, ""rebalance_freq"": 120, ""rebounce_block"": 1, ""sl_mult_lm"": 1.3, ""sl_mult_lr"": 3.1, ""sl_mult_sm"": 1.6, ""sl_mult_sr"": 1.8, ""time_stop"": 8, ""tp_mult_lm"": 4.3, ""tp_mult_lr"": 12.2, ""tp_mult_sm"": 4.3, ""tp_mult_sr"": 5.4, ""trail_mult"": 3.9000000000000004, ""trail_tp"": true, ""use_trailing"": true}",{},
2327,-1000000000.0,TrialState.COMPLETE,2026-04-01T05:43:47.116392,2026-04-01T05:43:47.219555,0.103163,"{""atr_window"": 19, ""bb_std_dev"": 2.05, ""bb_window"": 14, ""cooldown"": 2, ""macd_fast"": 12, ""macd_k"": 1.55, ""macd_k_mid"": 0.5, ""macd_signal"": 10, ""macd_slow"": 43, ""macd_std_window"": 84, ""rebalance_freq"": 150, ""rebounce_block"": 0, ""sl_mult_lm"": 1.1, ""sl_mult_lr"": 3.3, ""sl_mult_sm"": 1.8, ""sl_mult_sr"": 2.3, ""time_stop"": 12, ""tp_mult_lm"": 3.8, ""tp_mult_lr"": 11.6, ""tp_mult_sm"": 3.6, ""tp_mult_sr"": 5.6, ""trail_mult"": 3.8000000000000003, ""trail_tp"": false, ""use_trailing"": true}",{},
2328,-1000000000.0,TrialState.COMPLETE,2026-04-01T05:43:47.259423,2026-04-01T05:43:49.840202,2.580779,"{""atr_window"": 16, ""bb_std_dev"": 1.9, ""bb_window"": 16, ""cooldown"": 4, ""macd_fast"": 14, ""macd_k"": 1.0, ""macd_k_mid"": 0.55, ""macd_signal"": 7, ""macd_slow"": 36, ""macd_std_window"": 70, ""rebalance_freq"": 180, ""rebounce_block"": 3, ""sl_mult_lm"": 1.05, ""sl_mult_lr"": 4.1, ""sl_mult_sm"": 1.9500000000000002, ""sl_mult_sr"": 2.1, ""time_stop"": 21, ""tp_mult_lm"": 3.6, ""tp_mult_lr"": 12.0, ""tp_mult_sm"": 6.4, ""tp_mult_sr"": 4.4, ""trail_mult"": 3.1, ""trail_tp"": true, ""use_trailing"": false}",{},
2329,-1000000000.0,TrialState.COMPLETE,2026-04-01T05:43:49.871017,2026-04-01T05:43:52.427027,2.55601,"{""atr_window"": 20, ""bb_std_dev"": 2.4, ""bb_window"": 19, ""cooldown"": 0, ""macd_fast"": 16, ""macd_k"": 1.5, ""macd_k_mid"": 0.9, ""macd_signal"": 6, ""macd_slow"": 35, ""macd_std_window"": 77, ""rebalance_freq"": 120, ""rebounce_block"": 5, ""sl_mult_lm"": 1.15, ""sl_mult_lr"": 2.7, ""sl_mult_sm"": 1.5, ""sl_mult_sr"": 1.5, ""time_stop"": 13, ""tp_mult_lm"": 5.6, ""tp_mult_lr"": 12.8, ""tp_mult_sm"": 5.800000000000001, ""tp_mult_sr"": 4.9, ""trail_mult"": 2.0, ""trail_tp"": false, ""use_trailing"": true}",{},
2330,-1000000000.0,TrialState.COMPLETE,2026-04-01T05:43:52.459827,2026-04-01T05:43:52.531559,0.071732,"{""atr_window"": 14, ""bb_std_dev"": 1.65, ""bb_window"": 14, ""cooldown"": 2, ""macd_fast"": 11, ""macd_k"": 1.15, ""macd_k_mid"": 0.65, ""macd_signal"": 9, ""macd_slow"": 44, ""macd_std_window"": 98, ""rebalance_freq"": 150, ""rebounce_block"": 3, ""sl_mult_lm"": 2.0, ""sl_mult_lr"": 2.5, ""sl_mult_sm"": 1.7000000000000002, ""sl_mult_sr"": 2.9000000000000004, ""time_stop"": 26, ""tp_mult_lm"": 5.5, ""tp_mult_lr"": 15.0, ""tp_mult_sm"": 4.7, ""tp_mult_sr"": 3.6, ""trail_mult"": 3.4000000000000004, ""trail_tp"": true, ""use_trailing"": true}",{},
2331,-1000000000.0,TrialState.COMPLETE,2026-04-01T05:43:52.572399,2026-04-01T05:43:55.099945,2.527546,"{""atr_window"": 13, ""bb_std_dev"": 2.35, ""bb_window"": 20, ""cooldown"": 5, ""macd_fast"": 19, ""macd_k"": 1.1, ""macd_k_mid"": 0.55, ""macd_signal"": 8, ""macd_slow"": 40, ""macd_std_window"": 99, ""rebalance_freq"": 150, ""rebounce_block"": 2, ""sl_mult_lm"": 1.45, ""sl_mult_lr"": 2.3, ""sl_mult_sm"": 1.25, ""sl_mult_sr"": 1.6, ""time_stop"": 27, ""tp_mult_lm"": 5.0, ""tp_mult_lr"": 10.2, ""tp_mult_sm"": 4.4, ""tp_mult_sr"": 6.4, ""trail_mult"": 4.0, ""trail_tp"": false, ""use_trailing"": true}",{},
2332,-1000000000.0,TrialState.COMPLETE,2026-04-01T05:43:55.139028,2026-04-01T05:43:55.224372,0.085344,"{""atr_window"": 15, ""bb_std_dev"": 2.45, ""bb_window"": 23, ""cooldown"": 1, ""macd_fast"": 12, ""macd_k"": 1.05, ""macd_k_mid"": 1.0, ""macd_signal"": 9, ""macd_slow"": 37, ""macd_std_window"": 93, ""rebalance_freq"": 180, ""rebounce_block"": 2, ""sl_mult_lm"": 1.9, ""sl_mult_lr"": 2.8, ""sl_mult_sm"": 1.65, ""sl_mult_sr"": 1.9, ""time_stop"": 6, ""tp_mult_lm"": 4.6, ""tp_mult_lr"": 9.2, ""tp_mult_sm"": 3.2, ""tp_mult_sr"": 5.2, ""trail_mult"": 1.5, ""trail_tp"": true, ""use_trailing"": false}",{},
