number,value,datetime_start,datetime_complete,duration,params_atr_window,params_bb_std_dev,params_bb_window,params_cooldown,params_macd_fast,params_macd_k,params_macd_k_mid,params_macd_signal,params_macd_slow,params_macd_std_window,params_rebalance_freq,params_rebounce_block,params_sl_mult_lm,params_sl_mult_lr,params_sl_mult_sm,params_sl_mult_sr,params_time_stop,params_tp_mult_lm,params_tp_mult_lr,params_tp_mult_sm,params_tp_mult_sr,params_trail_mult,params_trail_tp,params_use_trailing,user_attrs_allocations,user_attrs_deploy_avg_sharpe,user_attrs_deploy_total_sharpe,user_attrs_deploy_year_sharpes,user_attrs_score,user_attrs_selected_tickers,user_attrs_train_avg_sharpe,user_attrs_train_year_sharpes,state
2045,-1000000000.0,2026-04-01 04:42:09.884094,2026-04-01 04:42:09.960210,0 days 00:00:00.076116,16,1.7,15,1,12,1.15,0.9,9,39,70,30,6,1.9,2.4,1.75,2.5,14,5.6,9.8,3.0,6.800000000000001,2.1,False,True,,,,,,,,,COMPLETE
2046,-1000000000.0,2026-04-01 04:42:09.994662,2026-04-01 04:42:10.067924,0 days 00:00:00.073262,20,1.5,14,2,13,1.4,0.6,7,40,89,60,4,1.9500000000000002,3.7,1.9500000000000002,2.1,5,4.8,10.4,6.0,5.6,4.0,True,True,,,,,,,,,COMPLETE
2047,-1000000000.0,2026-04-01 04:42:10.105454,2026-04-01 04:42:10.182794,0 days 00:00:00.077340,15,1.75,15,4,10,1.35,0.55,10,35,88,150,2,1.0,3.8,1.4,1.9,25,5.3,12.2,5.0,3.9,3.1,False,True,,,,,,,,,COMPLETE
2048,-1000000000.0,2026-04-01 04:42:10.229674,2026-04-01 04:42:12.581596,0 days 00:00:02.351922,11,2.2,16,1,17,1.7000000000000002,0.6,8,38,100,120,5,1.1,3.4000000000000004,1.9,2.3,26,5.9,11.4,5.4,5.4,3.8000000000000003,True,False,,,,,,,,,COMPLETE
2049,-1000000000.0,2026-04-01 04:42:12.619187,2026-04-01 04:42:12.693709,0 days 00:00:00.074522,14,2.45,17,0,14,1.05,0.7,9,44,81,180,3,1.4,2.3,1.85,1.7,21,4.9,14.600000000000001,4.4,4.7,1.9,False,True,,,,,,,,,COMPLETE
2050,-1000000000.0,2026-04-01 04:42:12.739561,2026-04-01 04:42:12.813334,0 days 00:00:00.073773,13,1.5999999999999999,23,3,18,1.25,0.65,5,41,90,90,0,1.65,5.0,1.05,3.2,23,3.9,12.0,5.1,3.8,1.5,True,True,,,,,,,,,COMPLETE
2051,-1000000000.0,2026-04-01 04:42:12.850261,2026-04-01 04:42:15.332111,0 days 00:00:02.481850,10,1.9,18,5,20,1.65,0.95,6,37,91,150,6,2.2,2.5,1.8,1.5,6,3.8,12.600000000000001,3.6,4.3,2.6,False,True,,,,,,,,,COMPLETE
2052,-1000000000.0,2026-04-01 04:42:15.367684,2026-04-01 04:42:15.460620,0 days 00:00:00.092936,12,2.5,14,2,15,1.45,0.55,7,43,76,30,3,1.35,2.9,1.0,2.6,12,3.5,16.6,5.7,6.300000000000001,3.6,True,False,,,,,,,,,COMPLETE
2053,-1000000000.0,2026-04-01 04:42:15.511186,2026-04-01 04:42:18.002662,0 days 00:00:02.491476,16,1.8499999999999999,22,0,20,1.55,0.8500000000000001,8,40,85,180,5,1.45,2.2,1.6,2.2,22,5.0,11.8,6.300000000000001,5.9,2.2,False,True,,,,,,,,,COMPLETE
2054,-1000000000.0,2026-04-01 04:42:18.038688,2026-04-01 04:42:18.113472,0 days 00:00:00.074784,15,2.3,14,1,16,1.6,0.5,10,42,99,120,4,1.85,2.4,1.65,1.6,15,5.800000000000001,12.8,4.8,3.1,2.8,True,True,,,,,,,,,COMPLETE
2055,-1000000000.0,2026-04-01 04:42:18.150615,2026-04-01 04:42:18.233532,0 days 00:00:00.082917,20,2.4,25,1,15,1.1,0.6,9,39,82,150,5,1.75,4.1,1.55,2.1,30,5.3,10.8,5.9,4.0,1.8,False,False,,,,,,,,,COMPLETE
2056,-1000000000.0,2026-04-01 04:42:18.269146,2026-04-01 04:42:18.356385,0 days 00:00:00.087239,12,2.05,15,4,11,1.85,0.75,7,35,80,150,1,2.0,2.7,1.9,2.4,7,5.5,13.8,6.9,5.7,3.2,True,True,,,,,,,,,COMPLETE
2057,-1000000000.0,2026-04-01 04:42:18.394763,2026-04-01 04:42:20.968083,0 days 00:00:02.573320,18,2.25,20,2,14,1.4,0.9,8,36,84,90,2,1.3,4.300000000000001,1.1,1.8,13,5.4,16.0,3.2,4.4,3.7,False,True,,,,,,,,,COMPLETE
2058,-1000000000.0,2026-04-01 04:42:21.005752,2026-04-01 04:42:21.086222,0 days 00:00:00.080470,19,2.15,17,5,10,1.8,0.65,9,44,93,60,6,1.6,2.1,1.7000000000000002,3.4000000000000004,27,4.4,10.2,6.5,5.800000000000001,2.5,True,True,,,,,,,,,COMPLETE
2059,-1000000000.0,2026-04-01 04:42:21.121649,2026-04-01 04:42:21.201094,0 days 00:00:00.079445,14,2.0,14,3,12,1.15,0.5,9,43,72,120,0,1.15,3.6,1.75,3.1,10,4.7,10.0,6.1,4.6,2.9000000000000004,False,False,,,,,,,,,COMPLETE
2060,-1000000000.0,2026-04-01 04:42:21.239219,2026-04-01 04:42:21.320205,0 days 00:00:00.080986,17,2.45,18,1,13,1.0,0.55,8,40,88,180,5,1.2,4.5,1.55,3.0,9,5.2,9.8,4.3,6.1,3.3,True,True,,,,,,,,,COMPLETE
2061,-1000000000.0,2026-04-01 04:42:21.356108,2026-04-01 04:42:23.975652,0 days 00:00:02.619544,19,1.95,21,0,19,1.2,1.0,6,41,74,30,3,1.9500000000000002,2.3,1.8,2.2,20,5.6,11.0,6.7,3.3,2.2,False,True,,,,,,,,,COMPLETE
2062,-1000000000.0,2026-04-01 04:42:24.006903,2026-04-01 04:42:24.084508,0 days 00:00:00.077605,18,2.1,16,2,12,1.5,0.6,10,42,95,150,6,2.0,3.0,2.0,1.5,29,5.7,15.4,4.5,6.7,2.3,True,True,,,,,,,,,COMPLETE
2063,-1000000000.0,2026-04-01 04:42:24.126464,2026-04-01 04:42:26.640344,0 days 00:00:02.513880,20,1.75,24,4,17,1.05,0.7,9,37,87,150,5,1.25,2.6,1.45,1.9,17,4.1,16.200000000000003,7.0,6.0,2.4,False,False,,,,,,,,,COMPLETE
2064,-1000000000.0,2026-04-01 04:42:26.676392,2026-04-01 04:42:29.122447,0 days 00:00:02.446055,13,1.5499999999999998,14,1,14,1.65,0.55,7,36,83,90,3,1.8,2.0,1.15,2.0,24,5.1,13.2,4.6,3.6,1.6,True,True,,,,,,,,,COMPLETE
2065,-1000000000.0,2026-04-01 04:42:29.151130,2026-04-01 04:42:31.787657,0 days 00:00:02.636527,15,1.5999999999999999,20,2,18,1.9,0.8,8,38,97,180,4,1.4,2.2,1.5,2.1,19,5.0,11.6,3.1,5.5,3.6,False,True,,,,,,,,,COMPLETE
2066,-1000000000.0,2026-04-01 04:42:31.823053,2026-04-01 04:42:31.909499,0 days 00:00:00.086446,16,2.5,15,3,16,1.3,0.7,9,43,79,120,2,1.5,3.2,1.2,2.9000000000000004,1,4.3,12.0,4.2,3.7,3.0,True,False,,,,,,,,,COMPLETE
2067,-1000000000.0,2026-04-01 04:42:31.949194,2026-04-01 04:42:32.026075,0 days 00:00:00.076881,17,2.35,17,1,15,1.15,0.55,5,44,73,90,0,1.2,4.9,1.3,1.6,16,5.9,12.4,3.7,3.8,2.0,False,True,,,,,,,,,COMPLETE
2068,-1000000000.0,2026-04-01 04:42:32.063303,2026-04-01 04:42:34.661253,0 days 00:00:02.597950,14,2.05,19,0,13,1.35,0.5,8,35,77,150,6,1.05,2.8,1.65,2.5,18,3.7,9.6,5.5,6.2,3.2,True,True,,,,,,,,,COMPLETE
2069,-1000000000.0,2026-04-01 04:42:34.691917,2026-04-01 04:42:37.227821,0 days 00:00:02.535904,16,1.65,14,2,20,1.1,0.6,6,39,94,180,1,2.1,2.4,1.25,2.7,4,5.5,8.8,4.1,3.2,1.7,True,True,,,,,,,,,COMPLETE
2070,-1000000000.0,2026-04-01 04:42:37.266460,2026-04-01 04:42:37.350489,0 days 00:00:00.084029,20,2.2,15,4,10,1.55,0.55,10,37,92,30,5,1.35,2.3,1.7000000000000002,2.0,8,4.6,9.2,6.800000000000001,5.7,2.1,False,False,,,,,,,,,COMPLETE
2071,-1000000000.0,2026-04-01 04:42:37.387510,2026-04-01 04:42:37.475450,0 days 00:00:00.087940,11,1.7999999999999998,23,0,12,1.05,0.7,7,40,71,120,4,1.3,2.6,1.8,2.8,14,4.9,15.0,6.300000000000001,5.2,2.7,True,True,,,,,,,,,COMPLETE
2072,-1000000000.0,2026-04-01 04:42:37.514324,2026-04-01 04:42:37.601013,0 days 00:00:00.086689,10,2.45,17,5,14,1.45,0.75,9,43,70,150,2,1.75,2.5,1.85,1.8,10,5.4,10.4,3.4,4.8,3.8000000000000003,False,True,,,,,,,,,COMPLETE
2073,-1000000000.0,2026-04-01 04:42:37.638900,2026-04-01 04:42:37.715630,0 days 00:00:00.076730,15,1.7,16,2,20,1.2,0.65,8,44,81,60,3,1.85,2.1,1.0,1.5,21,4.2,8.2,4.4,4.1,3.1,True,True,,,,,,,,,COMPLETE
2074,-1000000000.0,2026-04-01 04:42:37.752637,2026-04-01 04:42:37.835692,0 days 00:00:00.083055,18,2.25,14,1,17,2.0,0.55,8,42,99,30,5,1.9,3.3,1.6,3.5,6,3.8,11.8,4.9,4.5,1.9,False,False,,,,,,,,,COMPLETE
2075,-1000000000.0,2026-04-01 04:42:37.875476,2026-04-01 04:42:37.964860,0 days 00:00:00.089384,19,1.5,22,3,11,1.0,0.5,9,38,100,180,0,2.05,2.4,1.75,1.7,28,3.6,13.0,6.5,6.4,3.5,True,True,,,,,,,,,COMPLETE
2076,-1000000000.0,2026-04-01 04:42:38.002575,2026-04-01 04:42:38.081663,0 days 00:00:00.079088,13,2.4,21,1,14,1.1,0.6,7,41,89,150,6,1.0,2.9,1.25,2.2,22,5.1,12.4,5.7,4.9,1.6,False,True,,,,,,,,,COMPLETE
2077,-1000000000.0,2026-04-01 04:42:38.120052,2026-04-01 04:42:38.206826,0 days 00:00:00.086774,12,2.0,18,0,18,1.5,0.9,10,43,91,120,2,1.25,3.1,1.9500000000000002,1.6,16,5.3,13.600000000000001,3.5,4.7,3.9000000000000004,True,True,,,,,,,,,COMPLETE
2078,-1000000000.0,2026-04-01 04:42:38.246686,2026-04-01 04:42:40.679686,0 days 00:00:02.433000,14,2.15,16,4,16,1.7000000000000002,0.8500000000000001,6,36,87,150,3,1.9500000000000002,3.9000000000000004,1.4,1.9,25,6.0,11.4,5.800000000000001,3.9,2.2,False,False,,,,,,,,,COMPLETE
2079,-1000000000.0,2026-04-01 04:42:40.711901,2026-04-01 04:42:40.776999,0 days 00:00:00.065098,17,1.45,15,1,15,1.65,0.6,8,40,98,180,5,2.1500000000000004,2.5,1.65,2.6,15,5.6,8.6,6.4,6.9,3.1,True,True,,,,,,,,,COMPLETE
2080,-1000000000.0,2026-04-01 04:42:40.817590,2026-04-01 04:42:40.890353,0 days 00:00:00.072763,16,1.75,25,4,13,1.8,0.95,9,40,85,150,6,1.15,2.2,1.7000000000000002,3.3,11,5.800000000000001,10.6,6.2,5.9,3.4000000000000004,False,True,,,,,,,,,COMPLETE
2081,-1000000000.0,2026-04-01 04:42:40.927251,2026-04-01 04:42:43.441990,0 days 00:00:02.514739,20,2.35,14,2,19,1.0,0.55,8,41,75,90,4,1.9,4.0,1.1,2.1,26,5.2,12.8,6.9,3.5,3.2,True,False,,,,,,,,,COMPLETE
2082,-1000000000.0,2026-04-01 04:42:43.478644,2026-04-01 04:42:43.568412,0 days 00:00:00.089768,15,1.8499999999999999,20,3,12,1.2,0.5,7,42,93,180,1,1.1,2.7,1.35,1.5,20,5.4,14.8,4.7,5.1,3.7,False,True,,,,,,,,,COMPLETE
2083,-1000000000.0,2026-04-01 04:42:43.611884,2026-04-01 04:42:46.129179,0 days 00:00:02.517295,14,2.5,17,1,20,1.4,0.7,8,35,90,60,0,1.7000000000000002,2.3,1.55,1.8,13,5.9,11.6,3.9,3.1,2.1,True,True,,,,,,,,,COMPLETE
2084,-1000000000.0,2026-04-01 04:42:46.159092,2026-04-01 04:42:46.240338,0 days 00:00:00.081246,18,2.3,14,2,11,1.6,0.65,9,39,70,120,5,1.0,3.0,1.05,2.0,17,5.7,12.0,4.5,3.0,1.5,False,True,,,,,,,,,COMPLETE
2085,-1000000000.0,2026-04-01 04:42:46.281793,2026-04-01 04:42:46.356856,0 days 00:00:00.075063,17,2.2,15,5,10,1.25,0.8,10,43,82,30,3,1.9500000000000002,4.2,2.0,2.4,19,5.0,11.8,3.3,4.3,2.3,True,False,,,,,,,,,COMPLETE
2086,-1000000000.0,2026-04-01 04:42:46.392935,2026-04-01 04:42:46.486966,0 days 00:00:00.094031,16,1.9,24,0,14,1.75,0.7,6,37,88,150,2,1.3,3.4000000000000004,1.85,2.2,30,4.8,9.8,5.6,4.0,2.6,False,True,,,,,,,,,COMPLETE
2087,-1000000000.0,2026-04-01 04:42:46.526183,2026-04-01 04:42:46.612147,0 days 00:00:00.085964,14,1.95,16,1,18,1.45,0.55,7,44,89,90,6,1.35,4.800000000000001,1.9,1.7,0,5.3,9.4,3.0,4.2,1.8,True,True,,,,,,,,,COMPLETE
2088,-1000000000.0,2026-04-01 04:42:46.651710,2026-04-01 04:42:46.730063,0 days 00:00:00.078353,19,2.45,14,4,15,1.15,0.75,9,44,84,150,5,1.4,2.0,1.75,3.2,3,4.0,12.2,5.300000000000001,3.8,3.3,False,True,,,,,,,,,COMPLETE
2089,-1000000000.0,2026-04-01 04:42:46.765741,2026-04-01 04:42:46.846839,0 days 00:00:00.081098,18,2.4,22,0,13,1.05,0.6,8,41,86,180,3,1.55,2.4,1.5,2.3,7,5.2,13.2,4.0,6.5,3.0,True,False,,,,,,,,,COMPLETE
2090,-1000000000.0,2026-04-01 04:42:46.894743,2026-04-01 04:42:49.392375,0 days 00:00:02.497632,15,1.7,23,2,16,1.85,1.0,5,38,80,120,4,1.2,2.8,1.0,1.5,24,4.7,16.8,3.6,5.9,2.2,False,True,,,,,,,,,COMPLETE
2091,-1000000000.0,2026-04-01 04:42:49.422844,2026-04-01 04:57:54.574745,0 days 00:15:05.151901,20,2.1,19,3,12,1.55,0.55,9,37,71,30,0,2.0,2.1,1.8,2.1,8,4.9,15.2,6.6,5.800000000000001,2.7,True,True,,,,,,,,,COMPLETE
2092,-1000000000.0,2026-04-01 04:57:54.711077,2026-04-01 04:57:57.293689,0 days 00:00:02.582612,16,2.35,16,5,19,1.5,0.95,8,35,76,180,5,1.45,2.5,1.2,3.1,23,5.5,15.600000000000001,3.4,5.300000000000001,1.7,False,True,,,,,,,,,COMPLETE
2093,-1000000000.0,2026-04-01 04:57:57.334122,2026-04-01 04:57:57.412672,0 days 00:00:00.078550,14,1.7999999999999998,18,1,14,1.1,0.5,10,39,81,150,6,1.05,4.300000000000001,1.65,1.6,9,4.1,14.2,7.0,4.6,4.0,True,False,,,,,,,,,COMPLETE
2094,-1000000000.0,2026-04-01 04:57:57.449708,2026-04-01 04:57:57.526953,0 days 00:00:00.077245,12,2.05,21,2,12,1.35,0.55,7,40,95,150,2,1.25,2.6,1.6,1.8,5,6.0,10.8,5.4,6.6,2.8,False,True,,,,,,,,,COMPLETE
2095,-1000000000.0,2026-04-01 04:57:57.563953,2026-04-01 04:57:57.657999,0 days 00:00:00.094046,13,1.4,14,0,20,1.15,0.65,6,43,74,90,1,1.5,4.7,1.55,2.5,21,4.5,12.600000000000001,5.1,5.7,2.9000000000000004,True,True,,,,,,,,,COMPLETE
2096,-1000000000.0,2026-04-01 04:57:57.697055,2026-04-01 04:58:00.061346,0 days 00:00:02.364291,15,2.0,17,1,17,1.65,0.6,9,36,100,120,4,1.3,4.6,1.8,2.0,29,3.5,10.2,4.6,5.5,3.1,False,False,,,,,,,,,COMPLETE
2097,-1000000000.0,2026-04-01 04:58:00.097446,2026-04-01 04:58:00.188235,0 days 00:00:00.090789,18,2.15,15,1,16,1.3,0.5,8,42,92,150,5,2.05,2.3,1.7000000000000002,1.9,20,3.7,11.2,6.800000000000001,6.300000000000001,3.6,True,True,,,,,,,,,COMPLETE
2098,-1000000000.0,2026-04-01 04:58:00.226046,2026-04-01 04:58:00.305996,0 days 00:00:00.079950,16,2.25,14,2,15,1.0,0.7,8,43,99,180,0,1.85,2.5,1.5,3.4000000000000004,14,4.3,13.4,6.0,3.2,2.1,True,True,,,,,,,,,COMPLETE
2099,-1000000000.0,2026-04-01 04:58:00.352644,2026-04-01 04:58:00.436156,0 days 00:00:00.083512,20,2.4,20,4,17,1.05,0.8500000000000001,9,44,72,30,3,1.6,3.5,1.9,1.7,12,5.6,13.8,6.300000000000001,5.4,2.6,False,True,,,,,,,,,COMPLETE
2100,-1000000000.0,2026-04-01 04:58:00.473689,2026-04-01 04:58:00.550150,0 days 00:00:00.076461,11,1.9,22,3,11,1.15,0.6,7,41,90,60,6,1.65,2.4,1.3,2.1,2,5.1,10.0,4.3,5.0,2.4,True,False,,,,,,,,,COMPLETE
2101,-1000000000.0,2026-04-01 04:58:00.586428,2026-04-01 04:58:00.663675,0 days 00:00:00.077247,10,2.5,16,4,10,1.2,0.5,10,40,98,90,5,2.1,2.8,1.85,1.5,18,3.6,11.0,3.8,3.0,2.0,False,True,,,,,,,,,COMPLETE
2102,-1000000000.0,2026-04-01 04:58:00.709884,2026-04-01 04:58:03.159984,0 days 00:00:02.450100,17,1.8499999999999999,15,1,15,1.6,0.8,9,36,86,150,4,1.9500000000000002,2.9,1.15,2.7,17,5.4,16.4,4.8,6.0,3.3,True,True,,,,,,,,,COMPLETE
2103,-1000000000.0,2026-04-01 04:58:03.196841,2026-04-01 04:58:05.882140,0 days 00:00:02.685299,19,1.75,17,0,13,1.4,0.55,8,35,90,120,2,1.15,2.2,1.75,3.0,15,5.3,9.6,6.1,6.2,2.3,False,True,,,,,,,,,COMPLETE
2104,-1000000000.0,2026-04-01 04:58:05.914193,2026-04-01 04:58:05.991210,0 days 00:00:00.077017,14,1.65,14,2,14,1.55,0.55,7,37,96,180,3,2.2,4.2,1.9500000000000002,2.2,25,5.6,12.2,3.5,4.4,2.5,True,False,,,,,,,,,COMPLETE
2105,-1000000000.0,2026-04-01 04:58:06.027930,2026-04-01 04:58:06.110539,0 days 00:00:00.082609,13,2.2,15,5,12,1.7000000000000002,0.65,9,43,97,150,0,1.8,3.3,1.6,1.6,22,3.9,12.4,5.9,5.6,3.2,False,True,,,,,,,,,COMPLETE
2106,-1000000000.0,2026-04-01 04:58:06.151822,2026-04-01 04:58:08.641903,0 days 00:00:02.490081,20,1.5999999999999999,24,1,20,1.9500000000000002,0.9,8,38,87,30,6,1.9,2.3,1.05,2.3,6,5.2,8.4,6.2,3.9,2.1,True,True,,,,,,,,,COMPLETE
2107,-1000000000.0,2026-04-01 04:58:08.675388,2026-04-01 04:58:08.758822,0 days 00:00:00.083434,15,2.3,25,3,14,1.45,0.7,6,39,89,120,5,1.75,3.0,1.7000000000000002,2.8,1,5.5,8.0,3.3,3.7,3.7,False,True,,,,,,,,,COMPLETE
2108,-1000000000.0,2026-04-01 04:58:08.796231,2026-04-01 04:58:08.874556,0 days 00:00:00.078325,16,1.5499999999999998,14,2,12,1.1,0.6,7,41,91,180,1,1.0,3.6,1.45,2.6,10,5.7,12.0,3.7,3.4,3.0,True,False,,,,,,,,,COMPLETE
2109,-1000000000.0,2026-04-01 04:58:08.909883,2026-04-01 04:58:11.419070,0 days 00:00:02.509187,17,2.2,21,0,19,1.25,0.55,9,37,71,150,6,1.35,2.7,1.55,2.4,8,5.0,14.4,5.0,4.8,3.1,False,True,,,,,,,,,COMPLETE
2110,-1000000000.0,2026-04-01 04:58:11.449090,2026-04-01 04:58:11.538727,0 days 00:00:00.089637,18,2.45,16,1,18,1.5,0.75,10,44,78,90,4,1.4,4.1,2.0,1.8,14,5.800000000000001,11.8,3.1,6.1,1.8,True,True,,,,,,,,,COMPLETE
2111,-1000000000.0,2026-04-01 04:58:11.578653,2026-04-01 04:58:11.662617,0 days 00:00:00.083964,14,2.5,14,3,10,1.0,0.6,8,42,81,150,5,1.2,4.4,1.85,1.9,11,4.0,9.8,6.4,4.0,3.5,False,False,,,,,,,,,COMPLETE
2112,-1000000000.0,2026-04-01 04:58:11.699976,2026-04-01 04:58:11.777162,0 days 00:00:00.077186,19,2.35,23,4,17,1.1,1.0,5,40,79,120,3,2.0,2.1,1.65,1.5,21,5.4,15.0,5.5,3.6,2.2,True,True,,,,,,,,,COMPLETE
2113,-1000000000.0,2026-04-01 04:58:11.816951,2026-04-01 04:58:11.901880,0 days 00:00:00.084929,16,2.05,17,0,20,1.35,0.5,8,43,88,150,0,1.3,2.0,1.9,2.2,13,4.2,12.8,4.4,3.1,3.8000000000000003,False,True,,,,,,,,,COMPLETE
2114,-1000000000.0,2026-04-01 04:58:11.938679,2026-04-01 04:58:12.033091,0 days 00:00:00.094412,12,2.1,20,2,13,1.05,0.65,9,44,70,90,2,1.7000000000000002,2.4,1.75,2.9000000000000004,16,4.4,13.0,3.6,4.5,3.6,True,True,,,,,,,,,COMPLETE
2115,-1000000000.0,2026-04-01 04:58:12.070502,2026-04-01 04:58:12.153526,0 days 00:00:00.083024,13,1.7,15,1,15,1.6,0.7,6,39,75,180,3,2.1500000000000004,2.6,1.3,3.3,27,4.9,11.4,4.7,4.9,3.9000000000000004,False,False,,,,,,,,,COMPLETE
2116,-1000000000.0,2026-04-01 04:58:12.192874,2026-04-01 04:58:14.646212,0 days 00:00:02.453338,20,2.15,18,4,16,1.9,0.55,10,38,82,30,5,1.55,2.5,1.25,1.6,20,4.7,9.0,3.2,4.2,3.2,True,True,,,,,,,,,COMPLETE
2117,-1000000000.0,2026-04-01 04:58:14.681980,2026-04-01 04:58:14.765920,0 days 00:00:00.083940,15,2.0,14,1,11,1.15,0.8500000000000001,7,36,73,60,6,1.0,2.2,1.2,1.5,28,5.1,10.6,4.1,6.4,1.9,False,True,,,,,,,,,COMPLETE
2118,-1000000000.0,2026-04-01 04:58:14.804055,2026-04-01 04:58:17.294631,0 days 00:00:02.490576,18,2.3,14,2,18,1.65,0.55,8,35,91,150,5,1.9,3.8,1.7000000000000002,2.0,19,6.0,11.6,6.9,5.800000000000001,1.7,True,True,,,,,,,,,COMPLETE
2119,-1000000000.0,2026-04-01 04:58:17.326035,2026-04-01 04:58:17.404519,0 days 00:00:00.078484,16,2.25,19,5,14,1.5,0.6,9,41,83,180,0,1.05,3.7,1.1,2.1,16,4.8,10.4,3.0,3.0,2.1,False,False,,,,,,,,,COMPLETE
2120,-1000000000.0,2026-04-01 04:58:17.451479,2026-04-01 04:58:17.538864,0 days 00:00:00.087385,14,1.7999999999999998,16,0,12,1.3,0.5,8,40,93,120,2,1.25,2.3,1.4,1.7,29,5.3,14.600000000000001,5.2,6.7,3.4000000000000004,True,True,,,,,,,,,COMPLETE
2121,-1000000000.0,2026-04-01 04:58:17.576159,2026-04-01 04:58:17.654097,0 days 00:00:00.077938,11,2.45,24,3,14,1.25,0.8,9,43,84,150,4,1.35,2.4,1.9500000000000002,2.5,0,5.5,10.0,7.0,4.6,1.6,False,True,,,,,,,,,COMPLETE
2122,-1000000000.0,2026-04-01 04:58:17.694023,2026-04-01 04:58:20.169442,0 days 00:00:02.475419,17,2.4,18,4,20,1.2,0.7,10,42,94,30,3,2.05,5.0,1.8,1.6,15,5.6,12.2,6.6,5.1,2.7,True,False,,,,,,,,,COMPLETE
2123,-1000000000.0,2026-04-01 04:58:20.208773,2026-04-01 04:58:22.767394,0 days 00:00:02.558621,20,2.5,21,1,19,1.85,0.9,7,37,77,180,5,1.9500000000000002,3.1,1.65,1.8,23,5.9,9.4,6.7,5.2,1.5,False,True,,,,,,,,,COMPLETE
2124,-1000000000.0,2026-04-01 04:58:22.807841,2026-04-01 04:58:22.901535,0 days 00:00:00.093694,18,2.05,17,2,12,1.4,0.75,9,44,98,120,1,1.1,2.5,1.05,1.9,4,4.6,11.2,5.800000000000001,6.300000000000001,2.9000000000000004,True,True,,,,,,,,,COMPLETE
2125,-1000000000.0,2026-04-01 04:58:22.939561,2026-04-01 04:58:23.022221,0 days 00:00:00.082660,19,1.75,15,1,15,1.8,0.55,8,41,80,90,6,1.05,2.2,1.5,2.1,18,3.8,12.600000000000001,4.6,5.7,2.0,True,True,,,,,,,,,COMPLETE
2126,-1000000000.0,2026-04-01 04:58:23.059449,2026-04-01 04:58:23.147549,0 days 00:00:00.088100,14,1.95,14,0,17,1.45,0.65,5,43,99,150,6,2.0,4.300000000000001,1.0,2.0,21,5.2,11.8,6.5,6.0,2.2,False,False,,,,,,,,,COMPLETE
2127,-1000000000.0,2026-04-01 04:58:23.185650,2026-04-01 04:58:23.269988,0 days 00:00:00.084338,16,2.35,17,4,13,1.55,0.95,7,40,88,150,5,1.45,2.1,1.75,1.5,26,3.9,9.2,6.9,4.7,2.3,True,True,,,,,,,,,COMPLETE
2128,-1000000000.0,2026-04-01 04:58:23.309185,2026-04-01 04:58:23.397642,0 days 00:00:00.088457,15,2.25,20,3,16,1.9,0.5,6,39,100,180,2,2.1,2.9,1.35,2.7,24,5.1,12.4,5.300000000000001,3.3,3.8000000000000003,False,True,,,,,,,,,COMPLETE
2129,-1000000000.0,2026-04-01 04:58:23.434602,2026-04-01 04:58:23.512608,0 days 00:00:00.078006,17,2.2,16,5,11,1.75,0.6,8,35,85,120,4,1.75,2.4,1.85,1.7,11,5.7,12.0,4.9,4.1,3.1,True,True,,,,,,,,,COMPLETE
2130,-1000000000.0,2026-04-01 04:58:23.548818,2026-04-01 04:58:23.643683,0 days 00:00:00.094865,12,1.5,15,2,14,1.0,0.55,9,42,70,30,1,1.4,2.7,1.55,2.2,9,5.0,12.8,5.6,3.7,3.0,False,False,,,,,,,,,COMPLETE
2131,-1000000000.0,2026-04-01 04:58:23.684126,2026-04-01 04:58:26.304696,0 days 00:00:02.620570,13,2.5,14,1,20,1.05,0.55,8,37,89,60,0,1.35,4.9,1.65,3.2,20,3.6,16.0,3.5,5.300000000000001,3.7,True,True,,,,,,,,,COMPLETE
2132,-1000000000.0,2026-04-01 04:58:26.341601,2026-04-01 04:58:26.428758,0 days 00:00:00.087157,11,2.1,25,0,10,1.6,0.7,7,40,92,150,3,1.15,2.6,1.6,1.9,14,4.1,10.2,5.9,7.0,3.2,False,True,,,,,,,,,COMPLETE
2133,-1000000000.0,2026-04-01 04:58:26.482804,2026-04-01 04:58:26.569961,0 days 00:00:00.087157,20,1.65,22,1,12,1.1,0.65,10,36,81,90,5,1.25,2.3,1.8,1.5,19,5.3,14.0,4.5,3.9,3.3,True,True,,,,,,,,,COMPLETE
2134,-1000000000.0,2026-04-01 04:58:26.607271,2026-04-01 04:58:26.688864,0 days 00:00:00.081593,18,2.3,14,3,13,1.15,0.6,9,44,84,180,4,1.2,4.5,1.7000000000000002,2.1,12,3.7,8.4,3.7,3.8,2.5,False,False,,,,,,,,,COMPLETE
2135,-1000000000.0,2026-04-01 04:58:26.728787,2026-04-01 04:58:26.811374,0 days 00:00:00.082587,14,1.45,23,2,14,1.65,0.5,6,43,87,150,6,1.85,2.8,1.15,2.3,7,5.800000000000001,9.6,6.4,5.6,1.9,True,True,,,,,,,,,COMPLETE
2136,-1000000000.0,2026-04-01 04:58:26.848731,2026-04-01 04:58:26.940366,0 days 00:00:00.091635,15,1.9,16,1,15,2.0,0.55,8,41,82,120,3,1.9500000000000002,2.4,1.5,2.4,25,5.4,12.0,5.0,5.0,2.8,False,True,,,,,,,,,COMPLETE
2137,-1000000000.0,2026-04-01 04:58:26.978660,2026-04-01 04:58:29.434531,0 days 00:00:02.455871,10,1.8499999999999999,14,2,19,1.3,0.95,9,38,97,30,2,2.2,3.2,1.6,1.8,17,5.6,11.6,3.9,5.9,2.3,True,False,,,,,,,,,COMPLETE
2138,-1000000000.0,2026-04-01 04:58:29.471374,2026-04-01 04:58:29.546608,0 days 00:00:00.075234,16,1.7,15,5,13,1.35,0.7,8,44,76,150,0,1.9,3.5,1.45,1.6,13,4.2,13.2,4.3,4.5,2.1,False,True,,,,,,,,,COMPLETE
2139,-1000000000.0,2026-04-01 04:58:29.583931,2026-04-01 04:58:29.676708,0 days 00:00:00.092777,20,2.45,17,0,16,1.7000000000000002,0.6,6,35,91,180,5,1.0,2.5,1.9,3.1,27,5.0,8.2,6.2,3.0,3.1,True,True,,,,,,,,,COMPLETE
2140,-1000000000.0,2026-04-01 04:58:29.718576,2026-04-01 04:58:29.803610,0 days 00:00:00.085034,14,2.0,21,4,12,1.05,0.8,10,37,99,90,6,1.65,2.0,2.0,2.6,3,5.5,15.8,4.2,3.2,2.4,False,True,,,,,,,,,COMPLETE
2141,-1000000000.0,2026-04-01 04:58:29.837107,2026-04-01 04:58:29.913927,0 days 00:00:00.076820,19,2.4,14,1,18,1.1,0.8500000000000001,7,42,85,180,4,1.3,3.0,1.25,1.7,22,5.2,11.0,4.0,4.0,2.0,True,False,,,,,,,,,COMPLETE
2142,-1000000000.0,2026-04-01 04:58:29.949698,2026-04-01 04:58:30.027762,0 days 00:00:00.078064,15,1.75,20,2,20,1.2,0.5,9,43,71,150,5,1.8,3.3,1.0,1.5,10,6.0,9.8,3.6,4.4,2.2,False,True,,,,,,,,,COMPLETE
