number,value,state,datetime_start,datetime_complete,duration_seconds,params_json,fold_sharpes_json,avg_cv_sharpe
415,-1000000000.0,TrialState.COMPLETE,2026-04-01T02:16:02.697385,2026-04-01T02:16:05.233699,2.536314,"{""atr_window"": 18, ""bb_std_dev"": 1.5499999999999998, ""bb_window"": 19, ""cooldown"": 4, ""macd_fast"": 20, ""macd_k"": 1.4, ""macd_k_mid"": 0.6, ""macd_signal"": 7, ""macd_slow"": 39, ""macd_std_window"": 96, ""rebalance_freq"": 180, ""rebounce_block"": 1, ""sl_mult_lm"": 1.35, ""sl_mult_lr"": 3.3, ""sl_mult_sm"": 1.75, ""sl_mult_sr"": 1.7, ""time_stop"": 12, ""tp_mult_lm"": 4.9, ""tp_mult_lr"": 10.8, ""tp_mult_sm"": 7.0, ""tp_mult_sr"": 5.5, ""trail_mult"": 2.9000000000000004, ""trail_tp"": false, ""use_trailing"": true}",{},
416,-1000000000.0,TrialState.COMPLETE,2026-04-01T02:16:05.263233,2026-04-01T02:16:05.291086,0.027853,"{""atr_window"": 13, ""bb_std_dev"": 2.45, ""bb_window"": 23, ""cooldown"": 1, ""macd_fast"": 12, ""macd_k"": 1.6, ""macd_k_mid"": 0.75, ""macd_signal"": 8, ""macd_slow"": 40, ""macd_std_window"": 90, ""rebalance_freq"": 30, ""rebounce_block"": 4, ""sl_mult_lm"": 1.45, ""sl_mult_lr"": 3.7, ""sl_mult_sm"": 1.9500000000000002, ""sl_mult_sr"": 1.6, ""time_stop"": 15, ""tp_mult_lm"": 4.3, ""tp_mult_lr"": 15.0, ""tp_mult_sm"": 6.800000000000001, ""tp_mult_sr"": 5.7, ""trail_mult"": 4.0, ""trail_tp"": true, ""use_trailing"": true}",{},
417,-1000000000.0,TrialState.COMPLETE,2026-04-01T02:16:05.321002,2026-04-01T02:16:07.898637,2.577635,"{""atr_window"": 12, ""bb_std_dev"": 1.7, ""bb_window"": 14, ""cooldown"": 2, ""macd_fast"": 16, ""macd_k"": 1.05, ""macd_k_mid"": 0.65, ""macd_signal"": 9, ""macd_slow"": 37, ""macd_std_window"": 99, ""rebalance_freq"": 90, ""rebounce_block"": 5, ""sl_mult_lm"": 2.0, ""sl_mult_lr"": 2.5, ""sl_mult_sm"": 1.8, ""sl_mult_sr"": 1.9, ""time_stop"": 10, ""tp_mult_lm"": 5.3, ""tp_mult_lr"": 8.8, ""tp_mult_sm"": 5.800000000000001, ""tp_mult_sr"": 5.800000000000001, ""trail_mult"": 2.1, ""trail_tp"": false, ""use_trailing"": true}",{},
418,-1000000000.0,TrialState.COMPLETE,2026-04-01T02:16:07.929361,2026-04-01T02:16:07.975400,0.046039,"{""atr_window"": 19, ""bb_std_dev"": 2.2, ""bb_window"": 15, ""cooldown"": 3, ""macd_fast"": 13, ""macd_k"": 1.2, ""macd_k_mid"": 0.7, ""macd_signal"": 8, ""macd_slow"": 44, ""macd_std_window"": 92, ""rebalance_freq"": 120, ""rebounce_block"": 3, ""sl_mult_lm"": 1.55, ""sl_mult_lr"": 2.3, ""sl_mult_sm"": 1.6, ""sl_mult_sr"": 2.2, ""time_stop"": 22, ""tp_mult_lm"": 5.2, ""tp_mult_lr"": 14.0, ""tp_mult_sm"": 4.5, ""tp_mult_sr"": 4.0, ""trail_mult"": 3.1, ""trail_tp"": true, ""use_trailing"": false}",{},
419,-1000000000.0,TrialState.COMPLETE,2026-04-01T02:16:08.008780,2026-04-01T02:16:08.035792,0.027012,"{""atr_window"": 20, ""bb_std_dev"": 2.4, ""bb_window"": 14, ""cooldown"": 2, ""macd_fast"": 14, ""macd_k"": 1.9, ""macd_k_mid"": 0.55, ""macd_signal"": 10, ""macd_slow"": 43, ""macd_std_window"": 80, ""rebalance_freq"": 150, ""rebounce_block"": 5, ""sl_mult_lm"": 1.25, ""sl_mult_lr"": 2.7, ""sl_mult_sm"": 1.4, ""sl_mult_sr"": 1.5, ""time_stop"": 23, ""tp_mult_lm"": 5.7, ""tp_mult_lr"": 8.4, ""tp_mult_sm"": 5.5, ""tp_mult_sr"": 6.6, ""trail_mult"": 3.7, ""trail_tp"": false, ""use_trailing"": true}",{},
420,-1000000000.0,TrialState.COMPLETE,2026-04-01T02:16:08.079988,2026-04-01T02:16:11.188047,3.108059,"{""atr_window"": 17, ""bb_std_dev"": 2.35, ""bb_window"": 20, ""cooldown"": 1, ""macd_fast"": 20, ""macd_k"": 1.65, ""macd_k_mid"": 0.7, ""macd_signal"": 9, ""macd_slow"": 42, ""macd_std_window"": 81, ""rebalance_freq"": 180, ""rebounce_block"": 6, ""sl_mult_lm"": 2.05, ""sl_mult_lr"": 3.4000000000000004, ""sl_mult_sm"": 1.5, ""sl_mult_sr"": 2.3, ""time_stop"": 17, ""tp_mult_lm"": 3.9, ""tp_mult_lr"": 12.600000000000001, ""tp_mult_sm"": 6.9, ""tp_mult_sr"": 5.6, ""trail_mult"": 2.8, ""trail_tp"": true, ""use_trailing"": true}",{},
421,-1000000000.0,TrialState.COMPLETE,2026-04-01T02:16:11.229321,2026-04-01T02:16:11.263944,0.034623,"{""atr_window"": 14, ""bb_std_dev"": 2.25, ""bb_window"": 16, ""cooldown"": 4, ""macd_fast"": 12, ""macd_k"": 1.55, ""macd_k_mid"": 0.8, ""macd_signal"": 6, ""macd_slow"": 40, ""macd_std_window"": 94, ""rebalance_freq"": 120, ""rebounce_block"": 2, ""sl_mult_lm"": 1.75, ""sl_mult_lr"": 4.6, ""sl_mult_sm"": 1.7000000000000002, ""sl_mult_sr"": 3.5, ""time_stop"": 14, ""tp_mult_lm"": 4.8, ""tp_mult_lr"": 16.200000000000003, ""tp_mult_sm"": 4.3, ""tp_mult_sr"": 5.0, ""trail_mult"": 2.0, ""trail_tp"": false, ""use_trailing"": false}",{},
422,-1000000000.0,TrialState.COMPLETE,2026-04-01T02:16:11.318527,2026-04-01T02:16:15.100072,3.781545,"{""atr_window"": 16, ""bb_std_dev"": 2.15, ""bb_window"": 17, ""cooldown"": 5, ""macd_fast"": 15, ""macd_k"": 1.3, ""macd_k_mid"": 0.5, ""macd_signal"": 7, ""macd_slow"": 36, ""macd_std_window"": 71, ""rebalance_freq"": 150, ""rebounce_block"": 6, ""sl_mult_lm"": 1.0, ""sl_mult_lr"": 2.0, ""sl_mult_sm"": 1.55, ""sl_mult_sr"": 2.0, ""time_stop"": 19, ""tp_mult_lm"": 5.4, ""tp_mult_lr"": 9.6, ""tp_mult_sm"": 6.4, ""tp_mult_sr"": 4.4, ""trail_mult"": 1.9, ""trail_tp"": true, ""use_trailing"": true}",{},
423,-1000000000.0,TrialState.COMPLETE,2026-04-01T02:16:15.140860,2026-04-01T02:16:15.185051,0.044191,"{""atr_window"": 19, ""bb_std_dev"": 2.3, ""bb_window"": 15, ""cooldown"": 0, ""macd_fast"": 16, ""macd_k"": 1.35, ""macd_k_mid"": 0.55, ""macd_signal"": 8, ""macd_slow"": 44, ""macd_std_window"": 73, ""rebalance_freq"": 150, ""rebounce_block"": 0, ""sl_mult_lm"": 1.3, ""sl_mult_lr"": 4.300000000000001, ""sl_mult_sm"": 1.05, ""sl_mult_sr"": 1.7, ""time_stop"": 30, ""tp_mult_lm"": 5.6, ""tp_mult_lr"": 13.8, ""tp_mult_sm"": 6.6, ""tp_mult_sr"": 3.1, ""trail_mult"": 3.2, ""trail_tp"": false, ""use_trailing"": true}",{},
424,-1000000000.0,TrialState.COMPLETE,2026-04-01T02:16:15.262208,2026-04-01T02:16:15.297643,0.035435,"{""atr_window"": 15, ""bb_std_dev"": 2.05, ""bb_window"": 21, ""cooldown"": 2, ""macd_fast"": 10, ""macd_k"": 1.15, ""macd_k_mid"": 0.75, ""macd_signal"": 10, ""macd_slow"": 37, ""macd_std_window"": 89, ""rebalance_freq"": 30, ""rebounce_block"": 4, ""sl_mult_lm"": 1.4, ""sl_mult_lr"": 2.4, ""sl_mult_sm"": 1.9, ""sl_mult_sr"": 1.6, ""time_stop"": 21, ""tp_mult_lm"": 6.0, ""tp_mult_lr"": 15.8, ""tp_mult_sm"": 4.0, ""tp_mult_sr"": 4.7, ""trail_mult"": 2.6, ""trail_tp"": true, ""use_trailing"": true}",{},
425,-1000000000.0,TrialState.COMPLETE,2026-04-01T02:16:15.349477,2026-04-01T02:16:15.404458,0.054981,"{""atr_window"": 18, ""bb_std_dev"": 1.75, ""bb_window"": 17, ""cooldown"": 3, ""macd_fast"": 17, ""macd_k"": 1.0, ""macd_k_mid"": 0.55, ""macd_signal"": 8, ""macd_slow"": 41, ""macd_std_window"": 87, ""rebalance_freq"": 180, ""rebounce_block"": 3, ""sl_mult_lm"": 1.8, ""sl_mult_lr"": 2.4, ""sl_mult_sm"": 1.45, ""sl_mult_sr"": 2.1, ""time_stop"": 7, ""tp_mult_lm"": 5.5, ""tp_mult_lr"": 13.2, ""tp_mult_sm"": 3.5, ""tp_mult_sr"": 4.5, ""trail_mult"": 1.7, ""trail_tp"": false, ""use_trailing"": false}",{},
426,-1000000000.0,TrialState.COMPLETE,2026-04-01T02:16:15.450870,2026-04-01T02:16:19.324704,3.873834,"{""atr_window"": 10, ""bb_std_dev"": 2.35, ""bb_window"": 14, ""cooldown"": 1, ""macd_fast"": 19, ""macd_k"": 1.25, ""macd_k_mid"": 0.9, ""macd_signal"": 5, ""macd_slow"": 39, ""macd_std_window"": 91, ""rebalance_freq"": 60, ""rebounce_block"": 6, ""sl_mult_lm"": 1.9, ""sl_mult_lr"": 2.7, ""sl_mult_sm"": 1.85, ""sl_mult_sr"": 2.4, ""time_stop"": 4, ""tp_mult_lm"": 3.5, ""tp_mult_lr"": 10.4, ""tp_mult_sm"": 5.6, ""tp_mult_sr"": 3.7, ""trail_mult"": 1.8, ""trail_tp"": true, ""use_trailing"": true}",{},
427,-1000000000.0,TrialState.COMPLETE,2026-04-01T02:16:19.383516,2026-04-01T02:16:19.414440,0.030924,"{""atr_window"": 20, ""bb_std_dev"": 1.95, ""bb_window"": 14, ""cooldown"": 1, ""macd_fast"": 11, ""macd_k"": 1.1, ""macd_k_mid"": 0.6, ""macd_signal"": 7, ""macd_slow"": 35, ""macd_std_window"": 83, ""rebalance_freq"": 90, ""rebounce_block"": 5, ""sl_mult_lm"": 1.6, ""sl_mult_lr"": 4.2, ""sl_mult_sm"": 1.15, ""sl_mult_sr"": 1.5, ""time_stop"": 9, ""tp_mult_lm"": 5.800000000000001, ""tp_mult_lr"": 12.0, ""tp_mult_sm"": 3.6, ""tp_mult_sr"": 4.1, ""trail_mult"": 2.1, ""trail_tp"": false, ""use_trailing"": true}",{},
428,-1000000000.0,TrialState.COMPLETE,2026-04-01T02:16:19.467358,2026-04-01T02:16:19.496775,0.029417,"{""atr_window"": 13, ""bb_std_dev"": 1.8499999999999999, ""bb_window"": 22, ""cooldown"": 3, ""macd_fast"": 14, ""macd_k"": 1.5, ""macd_k_mid"": 1.0, ""macd_signal"": 6, ""macd_slow"": 43, ""macd_std_window"": 98, ""rebalance_freq"": 150, ""rebounce_block"": 1, ""sl_mult_lm"": 1.2, ""sl_mult_lr"": 4.1, ""sl_mult_sm"": 1.65, ""sl_mult_sr"": 1.8, ""time_stop"": 3, ""tp_mult_lm"": 5.1, ""tp_mult_lr"": 12.4, ""tp_mult_sm"": 6.1, ""tp_mult_sr"": 6.2, ""trail_mult"": 2.2, ""trail_tp"": true, ""use_trailing"": true}",{},
429,-1000000000.0,TrialState.COMPLETE,2026-04-01T02:16:19.576723,2026-04-01T02:16:19.612531,0.035808,"{""atr_window"": 17, ""bb_std_dev"": 1.7999999999999998, ""bb_window"": 19, ""cooldown"": 0, ""macd_fast"": 20, ""macd_k"": 1.05, ""macd_k_mid"": 0.6, ""macd_signal"": 9, ""macd_slow"": 44, ""macd_std_window"": 70, ""rebalance_freq"": 180, ""rebounce_block"": 5, ""sl_mult_lm"": 1.5, ""sl_mult_lr"": 2.1, ""sl_mult_sm"": 1.7000000000000002, ""sl_mult_sr"": 2.6, ""time_stop"": 20, ""tp_mult_lm"": 5.0, ""tp_mult_lr"": 13.600000000000001, ""tp_mult_sm"": 5.9, ""tp_mult_sr"": 3.6, ""trail_mult"": 2.7, ""trail_tp"": false, ""use_trailing"": false}",{},
430,-1000000000.0,TrialState.COMPLETE,2026-04-01T02:16:19.652937,2026-04-01T02:16:19.687687,0.03475,"{""atr_window"": 14, ""bb_std_dev"": 2.5, ""bb_window"": 16, ""cooldown"": 5, ""macd_fast"": 18, ""macd_k"": 1.9500000000000002, ""macd_k_mid"": 0.5, ""macd_signal"": 8, ""macd_slow"": 43, ""macd_std_window"": 89, ""rebalance_freq"": 120, ""rebounce_block"": 3, ""sl_mult_lm"": 1.35, ""sl_mult_lr"": 2.5, ""sl_mult_sm"": 1.8, ""sl_mult_sr"": 2.8, ""time_stop"": 16, ""tp_mult_lm"": 4.1, ""tp_mult_lr"": 14.8, ""tp_mult_sm"": 3.2, ""tp_mult_sr"": 5.9, ""trail_mult"": 3.8000000000000003, ""trail_tp"": true, ""use_trailing"": true}",{},
431,-1000000000.0,TrialState.COMPLETE,2026-04-01T02:16:19.722863,2026-04-01T02:16:19.757090,0.034227,"{""atr_window"": 16, ""bb_std_dev"": 1.7, ""bb_window"": 18, ""cooldown"": 4, ""macd_fast"": 12, ""macd_k"": 1.45, ""macd_k_mid"": 0.65, ""macd_signal"": 7, ""macd_slow"": 42, ""macd_std_window"": 92, ""rebalance_freq"": 150, ""rebounce_block"": 6, ""sl_mult_lm"": 1.15, ""sl_mult_lr"": 4.9, ""sl_mult_sm"": 2.0, ""sl_mult_sr"": 2.1, ""time_stop"": 1, ""tp_mult_lm"": 4.5, ""tp_mult_lr"": 11.8, ""tp_mult_sm"": 4.2, ""tp_mult_sr"": 6.1, ""trail_mult"": 1.5, ""trail_tp"": false, ""use_trailing"": true}",{},
432,-1000000000.0,TrialState.COMPLETE,2026-04-01T02:16:19.790281,2026-04-01T02:16:19.820474,0.030193,"{""atr_window"": 11, ""bb_std_dev"": 2.45, ""bb_window"": 15, ""cooldown"": 2, ""macd_fast"": 13, ""macd_k"": 1.75, ""macd_k_mid"": 0.95, ""macd_signal"": 8, ""macd_slow"": 40, ""macd_std_window"": 95, ""rebalance_freq"": 30, ""rebounce_block"": 4, ""sl_mult_lm"": 1.45, ""sl_mult_lr"": 2.8, ""sl_mult_sm"": 1.3, ""sl_mult_sr"": 2.5, ""time_stop"": 13, ""tp_mult_lm"": 5.6, ""tp_mult_lr"": 9.4, ""tp_mult_sm"": 4.6, ""tp_mult_sr"": 4.9, ""trail_mult"": 2.3, ""trail_tp"": true, ""use_trailing"": true}",{},
433,-1000000000.0,TrialState.COMPLETE,2026-04-01T02:16:19.854230,2026-04-01T02:16:19.901315,0.047085,"{""atr_window"": 15, ""bb_std_dev"": 2.1, ""bb_window"": 14, ""cooldown"": 1, ""macd_fast"": 15, ""macd_k"": 1.2, ""macd_k_mid"": 0.55, ""macd_signal"": 9, ""macd_slow"": 38, ""macd_std_window"": 74, ""rebalance_freq"": 90, ""rebounce_block"": 2, ""sl_mult_lm"": 1.05, ""sl_mult_lr"": 2.6, ""sl_mult_sm"": 1.6, ""sl_mult_sr"": 3.0, ""time_stop"": 15, ""tp_mult_lm"": 5.4, ""tp_mult_lr"": 10.8, ""tp_mult_sm"": 3.4, ""tp_mult_sr"": 3.0, ""trail_mult"": 3.3, ""trail_tp"": false, ""use_trailing"": false}",{},
434,-1000000000.0,TrialState.COMPLETE,2026-04-01T02:16:19.933963,2026-04-01T02:16:19.969644,0.035681,"{""atr_window"": 18, ""bb_std_dev"": 2.4, ""bb_window"": 24, ""cooldown"": 2, ""macd_fast"": 14, ""macd_k"": 1.65, ""macd_k_mid"": 0.8, ""macd_signal"": 10, ""macd_slow"": 41, ""macd_std_window"": 88, ""rebalance_freq"": 180, ""rebounce_block"": 0, ""sl_mult_lm"": 2.0, ""sl_mult_lr"": 2.4, ""sl_mult_sm"": 1.9, ""sl_mult_sr"": 1.6, ""time_stop"": 18, ""tp_mult_lm"": 4.4, ""tp_mult_lr"": 12.2, ""tp_mult_sm"": 3.7, ""tp_mult_sr"": 3.9, ""trail_mult"": 2.9000000000000004, ""trail_tp"": true, ""use_trailing"": true}",{},
435,-1000000000.0,TrialState.COMPLETE,2026-04-01T02:16:20.017185,2026-04-01T02:16:23.083011,3.065826,"{""atr_window"": 12, ""bb_std_dev"": 2.0, ""bb_window"": 14, ""cooldown"": 3, ""macd_fast"": 16, ""macd_k"": 1.5, ""macd_k_mid"": 0.7, ""macd_signal"": 7, ""macd_slow"": 36, ""macd_std_window"": 82, ""rebalance_freq"": 120, ""rebounce_block"": 5, ""sl_mult_lm"": 1.9500000000000002, ""sl_mult_lr"": 2.2, ""sl_mult_sm"": 1.75, ""sl_mult_sr"": 2.0, ""time_stop"": 17, ""tp_mult_lm"": 5.9, ""tp_mult_lr"": 13.4, ""tp_mult_sm"": 6.5, ""tp_mult_sr"": 3.8, ""trail_mult"": 3.6, ""trail_tp"": false, ""use_trailing"": true}",{},
436,-1000000000.0,TrialState.COMPLETE,2026-04-01T02:16:23.155364,2026-04-01T02:16:23.216403,0.061039,"{""atr_window"": 14, ""bb_std_dev"": 2.15, ""bb_window"": 15, ""cooldown"": 1, ""macd_fast"": 12, ""macd_k"": 1.1, ""macd_k_mid"": 0.6, ""macd_signal"": 8, ""macd_slow"": 37, ""macd_std_window"": 100, ""rebalance_freq"": 60, ""rebounce_block"": 1, ""sl_mult_lm"": 1.85, ""sl_mult_lr"": 3.5, ""sl_mult_sm"": 1.65, ""sl_mult_sr"": 2.9000000000000004, ""time_stop"": 28, ""tp_mult_lm"": 5.3, ""tp_mult_lr"": 12.8, ""tp_mult_sm"": 4.4, ""tp_mult_sr"": 5.2, ""trail_mult"": 3.9000000000000004, ""trail_tp"": false, ""use_trailing"": false}",{},
437,-1000000000.0,TrialState.COMPLETE,2026-04-01T02:16:23.302979,2026-04-01T02:16:23.367870,0.064891,"{""atr_window"": 20, ""bb_std_dev"": 1.4, ""bb_window"": 16, ""cooldown"": 0, ""macd_fast"": 10, ""macd_k"": 1.85, ""macd_k_mid"": 0.5, ""macd_signal"": 9, ""macd_slow"": 39, ""macd_std_window"": 90, ""rebalance_freq"": 150, ""rebounce_block"": 6, ""sl_mult_lm"": 2.1500000000000004, ""sl_mult_lr"": 2.2, ""sl_mult_sm"": 1.25, ""sl_mult_sr"": 1.7, ""time_stop"": 8, ""tp_mult_lm"": 4.7, ""tp_mult_lr"": 11.8, ""tp_mult_sm"": 6.9, ""tp_mult_sr"": 4.6, ""trail_mult"": 3.0, ""trail_tp"": true, ""use_trailing"": true}",{},
438,-1000000000.0,TrialState.COMPLETE,2026-04-01T02:16:23.421730,2026-04-01T02:16:23.455054,0.033324,"{""atr_window"": 19, ""bb_std_dev"": 2.2, ""bb_window"": 25, ""cooldown"": 4, ""macd_fast"": 15, ""macd_k"": 1.15, ""macd_k_mid"": 0.8500000000000001, ""macd_signal"": 6, ""macd_slow"": 43, ""macd_std_window"": 85, ""rebalance_freq"": 30, ""rebounce_block"": 3, ""sl_mult_lm"": 1.4, ""sl_mult_lr"": 3.0, ""sl_mult_sm"": 1.6, ""sl_mult_sr"": 3.1, ""time_stop"": 20, ""tp_mult_lm"": 4.0, ""tp_mult_lr"": 9.8, ""tp_mult_sm"": 4.9, ""tp_mult_sr"": 4.3, ""trail_mult"": 2.0, ""trail_tp"": false, ""use_trailing"": true}",{},
439,-1000000000.0,TrialState.COMPLETE,2026-04-01T02:16:23.497551,2026-04-01T02:16:23.577932,0.080381,"{""atr_window"": 17, ""bb_std_dev"": 2.3, ""bb_window"": 20, ""cooldown"": 2, ""macd_fast"": 11, ""macd_k"": 1.0, ""macd_k_mid"": 0.65, ""macd_signal"": 8, ""macd_slow"": 44, ""macd_std_window"": 81, ""rebalance_freq"": 90, ""rebounce_block"": 5, ""sl_mult_lm"": 1.3, ""sl_mult_lr"": 2.3, ""sl_mult_sm"": 1.9500000000000002, ""sl_mult_sr"": 1.5, ""time_stop"": 25, ""tp_mult_lm"": 5.6, ""tp_mult_lr"": 16.8, ""tp_mult_sm"": 5.2, ""tp_mult_sr"": 5.300000000000001, ""trail_mult"": 2.4, ""trail_tp"": true, ""use_trailing"": true}",{},
440,-1000000000.0,TrialState.COMPLETE,2026-04-01T02:16:23.628140,2026-04-01T02:16:27.988552,4.360412,"{""atr_window"": 16, ""bb_std_dev"": 1.7, ""bb_window"": 23, ""cooldown"": 0, ""macd_fast"": 20, ""macd_k"": 1.4, ""macd_k_mid"": 0.7, ""macd_signal"": 10, ""macd_slow"": 42, ""macd_std_window"": 96, ""rebalance_freq"": 150, ""rebounce_block"": 2, ""sl_mult_lm"": 1.9, ""sl_mult_lr"": 5.0, ""sl_mult_sm"": 1.4, ""sl_mult_sr"": 2.2, ""time_stop"": 2, ""tp_mult_lm"": 5.2, ""tp_mult_lr"": 11.2, ""tp_mult_sm"": 6.300000000000001, ""tp_mult_sr"": 5.7, ""trail_mult"": 1.9, ""trail_tp"": false, ""use_trailing"": false}",{},
441,-1000000000.0,TrialState.COMPLETE,2026-04-01T02:16:28.039294,2026-04-01T02:16:28.089511,0.050217,"{""atr_window"": 16, ""bb_std_dev"": 2.5, ""bb_window"": 21, ""cooldown"": 1, ""macd_fast"": 13, ""macd_k"": 1.55, ""macd_k_mid"": 0.55, ""macd_signal"": 7, ""macd_slow"": 41, ""macd_std_window"": 98, ""rebalance_freq"": 180, ""rebounce_block"": 0, ""sl_mult_lm"": 1.65, ""sl_mult_lr"": 2.6, ""sl_mult_sm"": 1.35, ""sl_mult_sr"": 1.9, ""time_stop"": 21, ""tp_mult_lm"": 4.9, ""tp_mult_lr"": 11.6, ""tp_mult_sm"": 3.1, ""tp_mult_sr"": 6.800000000000001, ""trail_mult"": 3.1, ""trail_tp"": true, ""use_trailing"": true}",{},
442,-1000000000.0,TrialState.COMPLETE,2026-04-01T02:16:28.146764,2026-04-01T02:16:28.221884,0.07512,"{""atr_window"": 14, ""bb_std_dev"": 1.5999999999999999, ""bb_window"": 14, ""cooldown"": 3, ""macd_fast"": 14, ""macd_k"": 1.05, ""macd_k_mid"": 0.6, ""macd_signal"": 9, ""macd_slow"": 44, ""macd_std_window"": 91, ""rebalance_freq"": 120, ""rebounce_block"": 4, ""sl_mult_lm"": 1.55, ""sl_mult_lr"": 2.9, ""sl_mult_sm"": 1.85, ""sl_mult_sr"": 1.8, ""time_stop"": 26, ""tp_mult_lm"": 4.8, ""tp_mult_lr"": 13.2, ""tp_mult_sm"": 3.0, ""tp_mult_sr"": 5.9, ""trail_mult"": 2.2, ""trail_tp"": false, ""use_trailing"": true}",{},
443,-1000000000.0,TrialState.COMPLETE,2026-04-01T02:16:28.273226,2026-04-01T02:16:28.325179,0.051953,"{""atr_window"": 15, ""bb_std_dev"": 1.75, ""bb_window"": 17, ""cooldown"": 4, ""macd_fast"": 12, ""macd_k"": 1.35, ""macd_k_mid"": 0.55, ""macd_signal"": 7, ""macd_slow"": 40, ""macd_std_window"": 86, ""rebalance_freq"": 60, ""rebounce_block"": 5, ""sl_mult_lm"": 1.1, ""sl_mult_lr"": 2.5, ""sl_mult_sm"": 1.5, ""sl_mult_sr"": 2.2, ""time_stop"": 5, ""tp_mult_lm"": 6.0, ""tp_mult_lr"": 10.0, ""tp_mult_sm"": 4.1, ""tp_mult_sr"": 6.2, ""trail_mult"": 3.5, ""trail_tp"": true, ""use_trailing"": true}",{},
444,-1000000000.0,TrialState.COMPLETE,2026-04-01T02:16:28.372244,2026-04-01T02:16:33.089164,4.71692,"{""atr_window"": 13, ""bb_std_dev"": 2.25, ""bb_window"": 14, ""cooldown"": 5, ""macd_fast"": 17, ""macd_k"": 1.6, ""macd_k_mid"": 0.5, ""macd_signal"": 8, ""macd_slow"": 36, ""macd_std_window"": 70, ""rebalance_freq"": 150, ""rebounce_block"": 6, ""sl_mult_lm"": 1.35, ""sl_mult_lr"": 3.2, ""sl_mult_sm"": 1.1, ""sl_mult_sr"": 2.0, ""time_stop"": 6, ""tp_mult_lm"": 5.7, ""tp_mult_lr"": 14.4, ""tp_mult_sm"": 6.7, ""tp_mult_sr"": 4.2, ""trail_mult"": 2.8, ""trail_tp"": false, ""use_trailing"": false}",{},
445,-1000000000.0,TrialState.COMPLETE,2026-04-01T02:16:33.131910,2026-04-01T02:16:37.835528,4.703618,"{""atr_window"": 20, ""bb_std_dev"": 1.9, ""bb_window"": 22, ""cooldown"": 2, ""macd_fast"": 20, ""macd_k"": 1.3, ""macd_k_mid"": 0.7, ""macd_signal"": 9, ""macd_slow"": 35, ""macd_std_window"": 80, ""rebalance_freq"": 180, ""rebounce_block"": 3, ""sl_mult_lm"": 2.1, ""sl_mult_lr"": 4.1, ""sl_mult_sm"": 1.8, ""sl_mult_sr"": 2.1, ""time_stop"": 10, ""tp_mult_lm"": 5.0, ""tp_mult_lr"": 12.0, ""tp_mult_sm"": 4.7, ""tp_mult_sr"": 6.300000000000001, ""trail_mult"": 2.5, ""trail_tp"": true, ""use_trailing"": true}",{},
446,-1000000000.0,TrialState.COMPLETE,2026-04-01T02:16:37.866606,2026-04-01T02:16:41.384446,3.51784,"{""atr_window"": 18, ""bb_std_dev"": 1.8499999999999999, ""bb_window"": 18, ""cooldown"": 0, ""macd_fast"": 16, ""macd_k"": 1.2, ""macd_k_mid"": 0.65, ""macd_signal"": 8, ""macd_slow"": 38, ""macd_std_window"": 99, ""rebalance_freq"": 30, ""rebounce_block"": 6, ""sl_mult_lm"": 1.25, ""sl_mult_lr"": 2.5, ""sl_mult_sm"": 1.2, ""sl_mult_sr"": 2.7, ""time_stop"": 12, ""tp_mult_lm"": 3.8, ""tp_mult_lr"": 15.2, ""tp_mult_sm"": 5.7, ""tp_mult_sr"": 4.8, ""trail_mult"": 1.6, ""trail_tp"": false, ""use_trailing"": true}",{},
447,-1000000000.0,TrialState.COMPLETE,2026-04-01T02:16:41.458827,2026-04-01T02:16:41.508288,0.049461,"{""atr_window"": 14, ""bb_std_dev"": 1.7999999999999998, ""bb_window"": 16, ""cooldown"": 3, ""macd_fast"": 15, ""macd_k"": 1.25, ""macd_k_mid"": 0.75, ""macd_signal"": 10, ""macd_slow"": 39, ""macd_std_window"": 97, ""rebalance_freq"": 120, ""rebounce_block"": 1, ""sl_mult_lm"": 1.05, ""sl_mult_lr"": 2.0, ""sl_mult_sm"": 1.55, ""sl_mult_sr"": 2.3, ""time_stop"": 19, ""tp_mult_lm"": 4.3, ""tp_mult_lr"": 12.8, ""tp_mult_sm"": 6.800000000000001, ""tp_mult_sr"": 5.1, ""trail_mult"": 2.3, ""trail_tp"": true, ""use_trailing"": true}",{},
448,-1000000000.0,TrialState.COMPLETE,2026-04-01T02:16:41.543999,2026-04-01T02:16:44.279731,2.735732,"{""atr_window"": 15, ""bb_std_dev"": 2.45, ""bb_window"": 15, ""cooldown"": 1, ""macd_fast"": 18, ""macd_k"": 1.7000000000000002, ""macd_k_mid"": 0.8, ""macd_signal"": 6, ""macd_slow"": 40, ""macd_std_window"": 75, ""rebalance_freq"": 120, ""rebounce_block"": 4, ""sl_mult_lm"": 2.05, ""sl_mult_lr"": 3.1, ""sl_mult_sm"": 1.7000000000000002, ""sl_mult_sr"": 1.6, ""time_stop"": 23, ""tp_mult_lm"": 4.6, ""tp_mult_lr"": 11.4, ""tp_mult_sm"": 6.2, ""tp_mult_sr"": 5.0, ""trail_mult"": 3.2, ""trail_tp"": false, ""use_trailing"": false}",{},
449,-1000000000.0,TrialState.COMPLETE,2026-04-01T02:16:44.310239,2026-04-01T02:16:44.338404,0.028165,"{""atr_window"": 17, ""bb_std_dev"": 1.5499999999999998, ""bb_window"": 19, ""cooldown"": 2, ""macd_fast"": 14, ""macd_k"": 2.0, ""macd_k_mid"": 0.6, ""macd_signal"": 9, ""macd_slow"": 43, ""macd_std_window"": 71, ""rebalance_freq"": 90, ""rebounce_block"": 3, ""sl_mult_lm"": 1.0, ""sl_mult_lr"": 2.3, ""sl_mult_sm"": 1.0, ""sl_mult_sr"": 3.2, ""time_stop"": 14, ""tp_mult_lm"": 5.4, ""tp_mult_lr"": 8.2, ""tp_mult_sm"": 6.0, ""tp_mult_sr"": 4.7, ""trail_mult"": 2.0, ""trail_tp"": true, ""use_trailing"": true}",{},
