number,value,state,datetime_start,datetime_complete,duration_seconds,params_json,fold_sharpes_json,avg_cv_sharpe
450,-1000000000.0,TrialState.COMPLETE,2026-04-01T02:16:44.368744,2026-04-01T02:16:44.395310,0.026566,"{""atr_window"": 10, ""bb_std_dev"": 2.35, ""bb_window"": 14, ""cooldown"": 1, ""macd_fast"": 10, ""macd_k"": 1.1, ""macd_k_mid"": 1.0, ""macd_signal"": 7, ""macd_slow"": 44, ""macd_std_window"": 77, ""rebalance_freq"": 150, ""rebounce_block"": 5, ""sl_mult_lm"": 1.8, ""sl_mult_lr"": 4.0, ""sl_mult_sm"": 1.45, ""sl_mult_sr"": 1.7, ""time_stop"": 17, ""tp_mult_lm"": 5.1, ""tp_mult_lr"": 15.4, ""tp_mult_sm"": 3.3, ""tp_mult_sr"": 3.9, ""trail_mult"": 1.8, ""trail_tp"": false, ""use_trailing"": true}",{},
451,-1000000000.0,TrialState.COMPLETE,2026-04-01T02:16:44.432057,2026-04-01T02:16:44.470837,0.03878,"{""atr_window"": 16, ""bb_std_dev"": 1.65, ""bb_window"": 14, ""cooldown"": 4, ""macd_fast"": 11, ""macd_k"": 1.15, ""macd_k_mid"": 0.9, ""macd_signal"": 8, ""macd_slow"": 43, ""macd_std_window"": 72, ""rebalance_freq"": 180, ""rebounce_block"": 5, ""sl_mult_lm"": 1.2, ""sl_mult_lr"": 4.4, ""sl_mult_sm"": 1.75, ""sl_mult_sr"": 2.5, ""time_stop"": 15, ""tp_mult_lm"": 5.5, ""tp_mult_lr"": 12.4, ""tp_mult_sm"": 7.0, ""tp_mult_sr"": 5.800000000000001, ""trail_mult"": 2.1, ""trail_tp"": true, ""use_trailing"": false}",{},
452,-1000000000.0,TrialState.COMPLETE,2026-04-01T02:16:44.502487,2026-04-01T02:16:44.544607,0.04212,"{""atr_window"": 12, ""bb_std_dev"": 2.2, ""bb_window"": 17, ""cooldown"": 0, ""macd_fast"": 12, ""macd_k"": 1.45, ""macd_k_mid"": 0.55, ""macd_signal"": 7, ""macd_slow"": 41, ""macd_std_window"": 89, ""rebalance_freq"": 150, ""rebounce_block"": 6, ""sl_mult_lm"": 1.7000000000000002, ""sl_mult_lr"": 4.800000000000001, ""sl_mult_sm"": 1.5, ""sl_mult_sr"": 1.5, ""time_stop"": 21, ""tp_mult_lm"": 5.1, ""tp_mult_lr"": 10.2, ""tp_mult_sm"": 3.5, ""tp_mult_sr"": 3.2, ""trail_mult"": 3.2, ""trail_tp"": false, ""use_trailing"": true}",{},
453,-1000000000.0,TrialState.COMPLETE,2026-04-01T02:16:44.576113,2026-04-01T02:16:44.603971,0.027858,"{""atr_window"": 19, ""bb_std_dev"": 2.3, ""bb_window"": 20, ""cooldown"": 3, ""macd_fast"": 13, ""macd_k"": 1.65, ""macd_k_mid"": 0.65, ""macd_signal"": 5, ""macd_slow"": 37, ""macd_std_window"": 87, ""rebalance_freq"": 180, ""rebounce_block"": 2, ""sl_mult_lm"": 1.9500000000000002, ""sl_mult_lr"": 2.7, ""sl_mult_sm"": 1.55, ""sl_mult_sr"": 1.6, ""time_stop"": 9, ""tp_mult_lm"": 5.800000000000001, ""tp_mult_lr"": 11.0, ""tp_mult_sm"": 4.3, ""tp_mult_sr"": 3.7, ""trail_mult"": 3.7, ""trail_tp"": true, ""use_trailing"": true}",{},
454,-1000000000.0,TrialState.COMPLETE,2026-04-01T02:16:44.636534,2026-04-01T02:16:47.847788,3.211254,"{""atr_window"": 11, ""bb_std_dev"": 2.5, ""bb_window"": 16, ""cooldown"": 5, ""macd_fast"": 17, ""macd_k"": 1.55, ""macd_k_mid"": 0.8500000000000001, ""macd_signal"": 8, ""macd_slow"": 37, ""macd_std_window"": 84, ""rebalance_freq"": 30, ""rebounce_block"": 0, ""sl_mult_lm"": 1.6, ""sl_mult_lr"": 4.2, ""sl_mult_sm"": 1.65, ""sl_mult_sr"": 2.1, ""time_stop"": 11, ""tp_mult_lm"": 5.5, ""tp_mult_lr"": 9.6, ""tp_mult_sm"": 5.300000000000001, ""tp_mult_sr"": 4.0, ""trail_mult"": 3.0, ""trail_tp"": false, ""use_trailing"": true}",{},
455,-1000000000.0,TrialState.COMPLETE,2026-04-01T02:16:47.965779,2026-04-01T02:16:48.020023,0.054244,"{""atr_window"": 20, ""bb_std_dev"": 2.4, ""bb_window"": 15, ""cooldown"": 1, ""macd_fast"": 14, ""macd_k"": 1.6, ""macd_k_mid"": 0.55, ""macd_signal"": 9, ""macd_slow"": 42, ""macd_std_window"": 81, ""rebalance_freq"": 60, ""rebounce_block"": 3, ""sl_mult_lm"": 1.75, ""sl_mult_lr"": 2.8, ""sl_mult_sm"": 1.85, ""sl_mult_sr"": 1.9, ""time_stop"": 22, ""tp_mult_lm"": 5.2, ""tp_mult_lr"": 16.4, ""tp_mult_sm"": 5.800000000000001, ""tp_mult_sr"": 5.4, ""trail_mult"": 2.2, ""trail_tp"": true, ""use_trailing"": false}",{},
456,-1000000000.0,TrialState.COMPLETE,2026-04-01T02:16:48.085819,2026-04-01T02:16:48.130780,0.044961,"{""atr_window"": 16, ""bb_std_dev"": 2.05, ""bb_window"": 24, ""cooldown"": 2, ""macd_fast"": 15, ""macd_k"": 1.0, ""macd_k_mid"": 0.95, ""macd_signal"": 10, ""macd_slow"": 40, ""macd_std_window"": 79, ""rebalance_freq"": 150, ""rebounce_block"": 4, ""sl_mult_lm"": 1.5, ""sl_mult_lr"": 2.4, ""sl_mult_sm"": 1.7000000000000002, ""sl_mult_sr"": 3.3, ""time_stop"": 29, ""tp_mult_lm"": 5.6, ""tp_mult_lr"": 13.600000000000001, ""tp_mult_sm"": 3.9, ""tp_mult_sr"": 5.6, ""trail_mult"": 3.3, ""trail_tp"": false, ""use_trailing"": true}",{},
457,-1000000000.0,TrialState.COMPLETE,2026-04-01T02:16:48.170997,2026-04-01T02:16:48.212866,0.041869,"{""atr_window"": 18, ""bb_std_dev"": 2.0, ""bb_window"": 18, ""cooldown"": 4, ""macd_fast"": 19, ""macd_k"": 1.05, ""macd_k_mid"": 0.5, ""macd_signal"": 6, ""macd_slow"": 44, ""macd_std_window"": 82, ""rebalance_freq"": 90, ""rebounce_block"": 6, ""sl_mult_lm"": 2.2, ""sl_mult_lr"": 2.5, ""sl_mult_sm"": 1.9500000000000002, ""sl_mult_sr"": 2.6, ""time_stop"": 0, ""tp_mult_lm"": 4.7, ""tp_mult_lr"": 9.8, ""tp_mult_sm"": 4.5, ""tp_mult_sr"": 6.0, ""trail_mult"": 3.1, ""trail_tp"": true, ""use_trailing"": true}",{},
458,-1000000000.0,TrialState.COMPLETE,2026-04-01T02:16:48.251390,2026-04-01T02:16:48.298654,0.047264,"{""atr_window"": 17, ""bb_std_dev"": 1.75, ""bb_window"": 14, ""cooldown"": 1, ""macd_fast"": 20, ""macd_k"": 1.15, ""macd_k_mid"": 0.6, ""macd_signal"": 9, ""macd_slow"": 43, ""macd_std_window"": 94, ""rebalance_freq"": 180, ""rebounce_block"": 5, ""sl_mult_lm"": 1.3, ""sl_mult_lr"": 2.1, ""sl_mult_sm"": 1.9, ""sl_mult_sr"": 1.5, ""time_stop"": 24, ""tp_mult_lm"": 5.3, ""tp_mult_lr"": 13.0, ""tp_mult_sm"": 5.1, ""tp_mult_sr"": 4.5, ""trail_mult"": 4.0, ""trail_tp"": false, ""use_trailing"": true}",{},
459,-1000000000.0,TrialState.COMPLETE,2026-04-01T02:16:48.335570,2026-04-01T02:16:48.376019,0.040449,"{""atr_window"": 13, ""bb_std_dev"": 2.45, ""bb_window"": 23, ""cooldown"": 3, ""macd_fast"": 16, ""macd_k"": 1.5, ""macd_k_mid"": 0.75, ""macd_signal"": 8, ""macd_slow"": 41, ""macd_std_window"": 90, ""rebalance_freq"": 120, ""rebounce_block"": 2, ""sl_mult_lm"": 1.0, ""sl_mult_lr"": 2.6, ""sl_mult_sm"": 2.0, ""sl_mult_sr"": 2.2, ""time_stop"": 16, ""tp_mult_lm"": 4.2, ""tp_mult_lr"": 12.600000000000001, ""tp_mult_sm"": 4.2, ""tp_mult_sr"": 3.1, ""trail_mult"": 3.8000000000000003, ""trail_tp"": true, ""use_trailing"": false}",{},
460,-1000000000.0,TrialState.COMPLETE,2026-04-01T02:16:48.432968,2026-04-01T02:16:48.486011,0.053043,"{""atr_window"": 14, ""bb_std_dev"": 2.1, ""bb_window"": 17, ""cooldown"": 2, ""macd_fast"": 14, ""macd_k"": 1.3, ""macd_k_mid"": 0.7, ""macd_signal"": 7, ""macd_slow"": 39, ""macd_std_window"": 96, ""rebalance_freq"": 150, ""rebounce_block"": 5, ""sl_mult_lm"": 1.35, ""sl_mult_lr"": 3.0, ""sl_mult_sm"": 1.6, ""sl_mult_sr"": 2.4, ""time_stop"": 27, ""tp_mult_lm"": 4.5, ""tp_mult_lr"": 12.2, ""tp_mult_sm"": 4.0, ""tp_mult_sr"": 6.4, ""trail_mult"": 1.7, ""trail_tp"": false, ""use_trailing"": true}",{},
461,-1000000000.0,TrialState.COMPLETE,2026-04-01T02:16:48.523002,2026-04-01T02:16:48.558329,0.035327,"{""atr_window"": 15, ""bb_std_dev"": 1.95, ""bb_window"": 21, ""cooldown"": 0, ""macd_fast"": 13, ""macd_k"": 1.35, ""macd_k_mid"": 0.5, ""macd_signal"": 8, ""macd_slow"": 36, ""macd_std_window"": 97, ""rebalance_freq"": 60, ""rebounce_block"": 6, ""sl_mult_lm"": 1.15, ""sl_mult_lr"": 2.4, ""sl_mult_sm"": 1.1, ""sl_mult_sr"": 1.8, ""time_stop"": 18, ""tp_mult_lm"": 5.2, ""tp_mult_lr"": 14.0, ""tp_mult_sm"": 5.4, ""tp_mult_sr"": 3.8, ""trail_mult"": 2.1, ""trail_tp"": true, ""use_trailing"": true}",{},
462,-1000000000.0,TrialState.COMPLETE,2026-04-01T02:16:48.593428,2026-04-01T02:16:52.583906,3.990478,"{""atr_window"": 19, ""bb_std_dev"": 2.15, ""bb_window"": 14, ""cooldown"": 5, ""macd_fast"": 19, ""macd_k"": 1.1, ""macd_k_mid"": 0.65, ""macd_signal"": 8, ""macd_slow"": 35, ""macd_std_window"": 92, ""rebalance_freq"": 150, ""rebounce_block"": 3, ""sl_mult_lm"": 1.9, ""sl_mult_lr"": 4.7, ""sl_mult_sm"": 1.8, ""sl_mult_sr"": 2.3, ""time_stop"": 20, ""tp_mult_lm"": 4.6, ""tp_mult_lr"": 10.6, ""tp_mult_sm"": 5.0, ""tp_mult_sr"": 5.7, ""trail_mult"": 1.9, ""trail_tp"": false, ""use_trailing"": false}",{},
463,-1000000000.0,TrialState.COMPLETE,2026-04-01T02:16:52.658377,2026-04-01T02:16:52.696393,0.038016,"{""atr_window"": 20, ""bb_std_dev"": 2.2, ""bb_window"": 25, ""cooldown"": 4, ""macd_fast"": 12, ""macd_k"": 1.9, ""macd_k_mid"": 0.6, ""macd_signal"": 9, ""macd_slow"": 44, ""macd_std_window"": 83, ""rebalance_freq"": 90, ""rebounce_block"": 4, ""sl_mult_lm"": 2.1500000000000004, ""sl_mult_lr"": 3.4000000000000004, ""sl_mult_sm"": 1.75, ""sl_mult_sr"": 3.4000000000000004, ""time_stop"": 8, ""tp_mult_lm"": 3.9, ""tp_mult_lr"": 8.6, ""tp_mult_sm"": 3.8, ""tp_mult_sr"": 7.0, ""trail_mult"": 2.6, ""trail_tp"": true, ""use_trailing"": true}",{},
464,-1000000000.0,TrialState.COMPLETE,2026-04-01T02:16:52.729087,2026-04-01T02:16:52.764965,0.035878,"{""atr_window"": 18, ""bb_std_dev"": 2.35, ""bb_window"": 16, ""cooldown"": 2, ""macd_fast"": 15, ""macd_k"": 1.7000000000000002, ""macd_k_mid"": 0.55, ""macd_signal"": 10, ""macd_slow"": 42, ""macd_std_window"": 78, ""rebalance_freq"": 120, ""rebounce_block"": 1, ""sl_mult_lm"": 1.4, ""sl_mult_lr"": 2.4, ""sl_mult_sm"": 1.25, ""sl_mult_sr"": 3.0, ""time_stop"": 9, ""tp_mult_lm"": 4.1, ""tp_mult_lr"": 12.0, ""tp_mult_sm"": 3.5, ""tp_mult_sr"": 3.4, ""trail_mult"": 2.7, ""trail_tp"": false, ""use_trailing"": true}",{},
465,-1000000000.0,TrialState.COMPLETE,2026-04-01T02:16:52.818436,2026-04-01T02:16:52.852218,0.033782,"{""atr_window"": 13, ""bb_std_dev"": 2.3, ""bb_window"": 15, ""cooldown"": 0, ""macd_fast"": 11, ""macd_k"": 1.4, ""macd_k_mid"": 0.7, ""macd_signal"": 7, ""macd_slow"": 40, ""macd_std_window"": 100, ""rebalance_freq"": 30, ""rebounce_block"": 0, ""sl_mult_lm"": 1.45, ""sl_mult_lr"": 2.3, ""sl_mult_sm"": 1.35, ""sl_mult_sr"": 2.0, ""time_stop"": 7, ""tp_mult_lm"": 5.0, ""tp_mult_lr"": 11.2, ""tp_mult_sm"": 6.4, ""tp_mult_sr"": 6.5, ""trail_mult"": 3.1, ""trail_tp"": false, ""use_trailing"": true}",{},
466,-1000000000.0,TrialState.COMPLETE,2026-04-01T02:16:52.885260,2026-04-01T02:16:52.960387,0.075127,"{""atr_window"": 15, ""bb_std_dev"": 2.5, ""bb_window"": 14, ""cooldown"": 1, ""macd_fast"": 18, ""macd_k"": 1.8, ""macd_k_mid"": 0.6, ""macd_signal"": 9, ""macd_slow"": 43, ""macd_std_window"": 95, ""rebalance_freq"": 180, ""rebounce_block"": 5, ""sl_mult_lm"": 1.25, ""sl_mult_lr"": 2.6, ""sl_mult_sm"": 1.65, ""sl_mult_sr"": 1.7, ""time_stop"": 13, ""tp_mult_lm"": 5.9, ""tp_mult_lr"": 9.0, ""tp_mult_sm"": 5.6, ""tp_mult_sr"": 4.6, ""trail_mult"": 2.2, ""trail_tp"": true, ""use_trailing"": false}",{},
467,-1000000000.0,TrialState.COMPLETE,2026-04-01T02:16:52.998408,2026-04-01T02:16:53.031984,0.033576,"{""atr_window"": 14, ""bb_std_dev"": 2.25, ""bb_window"": 22, ""cooldown"": 3, ""macd_fast"": 10, ""macd_k"": 1.2, ""macd_k_mid"": 0.5, ""macd_signal"": 8, ""macd_slow"": 37, ""macd_std_window"": 91, ""rebalance_freq"": 150, ""rebounce_block"": 2, ""sl_mult_lm"": 2.0, ""sl_mult_lr"": 3.6, ""sl_mult_sm"": 1.4, ""sl_mult_sr"": 1.5, ""time_stop"": 3, ""tp_mult_lm"": 5.4, ""tp_mult_lr"": 16.0, ""tp_mult_sm"": 4.4, ""tp_mult_sr"": 3.0, ""trail_mult"": 3.0, ""trail_tp"": false, ""use_trailing"": true}",{},
468,-1000000000.0,TrialState.COMPLETE,2026-04-01T02:16:53.067711,2026-04-01T02:16:53.122634,0.054923,"{""atr_window"": 12, ""bb_std_dev"": 2.4, ""bb_window"": 17, ""cooldown"": 1, ""macd_fast"": 16, ""macd_k"": 1.15, ""macd_k_mid"": 0.65, ""macd_signal"": 6, ""macd_slow"": 44, ""macd_std_window"": 99, ""rebalance_freq"": 30, ""rebounce_block"": 6, ""sl_mult_lm"": 1.85, ""sl_mult_lr"": 3.3, ""sl_mult_sm"": 1.15, ""sl_mult_sr"": 1.6, ""time_stop"": 14, ""tp_mult_lm"": 5.7, ""tp_mult_lr"": 13.2, ""tp_mult_sm"": 5.9, ""tp_mult_sr"": 3.6, ""trail_mult"": 2.0, ""trail_tp"": true, ""use_trailing"": true}",{},
469,-1000000000.0,TrialState.COMPLETE,2026-04-01T02:16:53.161421,2026-04-01T02:16:53.194081,0.03266,"{""atr_window"": 16, ""bb_std_dev"": 1.95, ""bb_window"": 15, ""cooldown"": 2, ""macd_fast"": 12, ""macd_k"": 1.45, ""macd_k_mid"": 0.8500000000000001, ""macd_signal"": 7, ""macd_slow"": 41, ""macd_std_window"": 93, ""rebalance_freq"": 120, ""rebounce_block"": 6, ""sl_mult_lm"": 1.55, ""sl_mult_lr"": 3.7, ""sl_mult_sm"": 1.7000000000000002, ""sl_mult_sr"": 2.9000000000000004, ""time_stop"": 12, ""tp_mult_lm"": 4.2, ""tp_mult_lr"": 9.4, ""tp_mult_sm"": 4.9, ""tp_mult_sr"": 4.3, ""trail_mult"": 3.7, ""trail_tp"": false, ""use_trailing"": true}",{},
470,-1000000000.0,TrialState.COMPLETE,2026-04-01T02:16:53.249700,2026-04-01T02:16:56.801286,3.551586,"{""atr_window"": 19, ""bb_std_dev"": 1.9, ""bb_window"": 21, ""cooldown"": 3, ""macd_fast"": 20, ""macd_k"": 1.65, ""macd_k_mid"": 0.55, ""macd_signal"": 10, ""macd_slow"": 40, ""macd_std_window"": 88, ""rebalance_freq"": 150, ""rebounce_block"": 3, ""sl_mult_lm"": 1.1, ""sl_mult_lr"": 2.9, ""sl_mult_sm"": 1.3, ""sl_mult_sr"": 1.8, ""time_stop"": 10, ""tp_mult_lm"": 4.9, ""tp_mult_lr"": 14.8, ""tp_mult_sm"": 4.8, ""tp_mult_sr"": 5.5, ""trail_mult"": 3.2, ""trail_tp"": true, ""use_trailing"": false}",{},
471,-1000000000.0,TrialState.COMPLETE,2026-04-01T02:16:56.861212,2026-04-01T02:16:56.895904,0.034692,"{""atr_window"": 18, ""bb_std_dev"": 2.35, ""bb_window"": 16, ""cooldown"": 4, ""macd_fast"": 13, ""macd_k"": 1.1, ""macd_k_mid"": 0.9, ""macd_signal"": 8, ""macd_slow"": 39, ""macd_std_window"": 70, ""rebalance_freq"": 180, ""rebounce_block"": 5, ""sl_mult_lm"": 1.2, ""sl_mult_lr"": 2.7, ""sl_mult_sm"": 1.85, ""sl_mult_sr"": 2.1, ""time_stop"": 19, ""tp_mult_lm"": 4.3, ""tp_mult_lr"": 14.600000000000001, ""tp_mult_sm"": 3.6, ""tp_mult_sr"": 4.9, ""trail_mult"": 3.4000000000000004, ""trail_tp"": false, ""use_trailing"": true}",{},
472,-1000000000.0,TrialState.COMPLETE,2026-04-01T02:16:56.926876,2026-04-01T02:16:56.957538,0.030662,"{""atr_window"": 20, ""bb_std_dev"": 1.7, ""bb_window"": 14, ""cooldown"": 0, ""macd_fast"": 14, ""macd_k"": 1.05, ""macd_k_mid"": 0.7, ""macd_signal"": 9, ""macd_slow"": 38, ""macd_std_window"": 75, ""rebalance_freq"": 90, ""rebounce_block"": 0, ""sl_mult_lm"": 1.9500000000000002, ""sl_mult_lr"": 2.3, ""sl_mult_sm"": 1.55, ""sl_mult_sr"": 3.2, ""time_stop"": 29, ""tp_mult_lm"": 6.0, ""tp_mult_lr"": 10.4, ""tp_mult_sm"": 4.6, ""tp_mult_sr"": 5.800000000000001, ""trail_mult"": 2.5, ""trail_tp"": true, ""use_trailing"": true}",{},
473,-1000000000.0,TrialState.COMPLETE,2026-04-01T02:16:56.988941,2026-04-01T02:16:59.905131,2.91619,"{""atr_window"": 11, ""bb_std_dev"": 1.5999999999999999, ""bb_window"": 20, ""cooldown"": 2, ""macd_fast"": 17, ""macd_k"": 1.0, ""macd_k_mid"": 0.95, ""macd_signal"": 5, ""macd_slow"": 36, ""macd_std_window"": 74, ""rebalance_freq"": 180, ""rebounce_block"": 4, ""sl_mult_lm"": 1.0, ""sl_mult_lr"": 2.2, ""sl_mult_sm"": 1.8, ""sl_mult_sr"": 1.9, ""time_stop"": 20, ""tp_mult_lm"": 3.6, ""tp_mult_lr"": 8.0, ""tp_mult_sm"": 3.0, ""tp_mult_sr"": 6.300000000000001, ""trail_mult"": 3.9000000000000004, ""trail_tp"": false, ""use_trailing"": true}",{},
474,-1000000000.0,TrialState.COMPLETE,2026-04-01T02:16:59.940219,2026-04-01T02:16:59.967725,0.027506,"{""atr_window"": 16, ""bb_std_dev"": 2.1, ""bb_window"": 14, ""cooldown"": 5, ""macd_fast"": 15, ""macd_k"": 1.25, ""macd_k_mid"": 0.6, ""macd_signal"": 8, ""macd_slow"": 43, ""macd_std_window"": 81, ""rebalance_freq"": 60, ""rebounce_block"": 3, ""sl_mult_lm"": 1.5, ""sl_mult_lr"": 2.1, ""sl_mult_sm"": 1.9500000000000002, ""sl_mult_sr"": 1.7, ""time_stop"": 1, ""tp_mult_lm"": 5.3, ""tp_mult_lr"": 14.2, ""tp_mult_sm"": 6.9, ""tp_mult_sr"": 4.0, ""trail_mult"": 3.6, ""trail_tp"": true, ""use_trailing"": false}",{},
475,-1000000000.0,TrialState.COMPLETE,2026-04-01T02:16:59.997963,2026-04-01T02:17:00.041141,0.043178,"{""atr_window"": 14, ""bb_std_dev"": 2.05, ""bb_window"": 16, ""cooldown"": 1, ""macd_fast"": 12, ""macd_k"": 1.55, ""macd_k_mid"": 0.55, ""macd_signal"": 7, ""macd_slow"": 44, ""macd_std_window"": 71, ""rebalance_freq"": 150, ""rebounce_block"": 5, ""sl_mult_lm"": 1.05, ""sl_mult_lr"": 4.300000000000001, ""sl_mult_sm"": 1.2, ""sl_mult_sr"": 2.8, ""time_stop"": 23, ""tp_mult_lm"": 4.8, ""tp_mult_lr"": 11.8, ""tp_mult_sm"": 5.2, ""tp_mult_sr"": 4.5, ""trail_mult"": 2.3, ""trail_tp"": false, ""use_trailing"": true}",{},
476,-1000000000.0,TrialState.COMPLETE,2026-04-01T02:17:00.073578,2026-04-01T02:17:03.847713,3.774135,"{""atr_window"": 17, ""bb_std_dev"": 2.25, ""bb_window"": 15, ""cooldown"": 0, ""macd_fast"": 20, ""macd_k"": 1.5, ""macd_k_mid"": 0.5, ""macd_signal"": 6, ""macd_slow"": 42, ""macd_std_window"": 98, ""rebalance_freq"": 150, ""rebounce_block"": 2, ""sl_mult_lm"": 1.35, ""sl_mult_lr"": 2.8, ""sl_mult_sm"": 1.15, ""sl_mult_sr"": 1.5, ""time_stop"": 22, ""tp_mult_lm"": 5.5, ""tp_mult_lr"": 10.0, ""tp_mult_sm"": 6.7, ""tp_mult_sr"": 4.1, ""trail_mult"": 1.8, ""trail_tp"": true, ""use_trailing"": true}",{},
477,-1000000000.0,TrialState.COMPLETE,2026-04-01T02:17:03.901921,2026-04-01T02:17:07.941631,4.03971,"{""atr_window"": 15, ""bb_std_dev"": 1.7999999999999998, ""bb_window"": 18, ""cooldown"": 4, ""macd_fast"": 16, ""macd_k"": 1.2, ""macd_k_mid"": 0.7, ""macd_signal"": 9, ""macd_slow"": 37, ""macd_std_window"": 87, ""rebalance_freq"": 120, ""rebounce_block"": 6, ""sl_mult_lm"": 1.4, ""sl_mult_lr"": 2.0, ""sl_mult_sm"": 1.05, ""sl_mult_sr"": 2.2, ""time_stop"": 6, ""tp_mult_lm"": 3.7, ""tp_mult_lr"": 13.4, ""tp_mult_sm"": 3.2, ""tp_mult_sr"": 5.9, ""trail_mult"": 1.6, ""trail_tp"": false, ""use_trailing"": false}",{},
478,-1000000000.0,TrialState.COMPLETE,2026-04-01T02:17:07.981447,2026-04-01T02:17:08.015406,0.033959,"{""atr_window"": 20, ""bb_std_dev"": 2.45, ""bb_window"": 19, ""cooldown"": 3, ""macd_fast"": 14, ""macd_k"": 1.15, ""macd_k_mid"": 0.6, ""macd_signal"": 7, ""macd_slow"": 41, ""macd_std_window"": 80, ""rebalance_freq"": 180, ""rebounce_block"": 5, ""sl_mult_lm"": 1.6, ""sl_mult_lr"": 3.9000000000000004, ""sl_mult_sm"": 1.6, ""sl_mult_sr"": 2.5, ""time_stop"": 30, ""tp_mult_lm"": 4.4, ""tp_mult_lr"": 11.4, ""tp_mult_sm"": 4.1, ""tp_mult_sr"": 5.300000000000001, ""trail_mult"": 3.8000000000000003, ""trail_tp"": true, ""use_trailing"": true}",{},
479,-1000000000.0,TrialState.COMPLETE,2026-04-01T02:17:08.051292,2026-04-01T02:17:08.102750,0.051458,"{""atr_window"": 13, ""bb_std_dev"": 1.65, ""bb_window"": 14, ""cooldown"": 2, ""macd_fast"": 10, ""macd_k"": 1.1, ""macd_k_mid"": 0.75, ""macd_signal"": 8, ""macd_slow"": 44, ""macd_std_window"": 72, ""rebalance_freq"": 30, ""rebounce_block"": 3, ""sl_mult_lm"": 1.25, ""sl_mult_lr"": 2.5, ""sl_mult_sm"": 1.5, ""sl_mult_sr"": 1.8, ""time_stop"": 5, ""tp_mult_lm"": 5.800000000000001, ""tp_mult_lr"": 10.2, ""tp_mult_sm"": 5.7, ""tp_mult_sr"": 6.1, ""trail_mult"": 1.5, ""trail_tp"": false, ""use_trailing"": true}",{},
480,-1000000000.0,TrialState.COMPLETE,2026-04-01T02:17:08.145643,2026-04-01T02:17:08.196474,0.050831,"{""atr_window"": 18, ""bb_std_dev"": 1.5, ""bb_window"": 17, ""cooldown"": 1, ""macd_fast"": 18, ""macd_k"": 1.6, ""macd_k_mid"": 0.8, ""macd_signal"": 10, ""macd_slow"": 43, ""macd_std_window"": 77, ""rebalance_freq"": 90, ""rebounce_block"": 1, ""sl_mult_lm"": 2.1, ""sl_mult_lr"": 3.5, ""sl_mult_sm"": 1.9, ""sl_mult_sr"": 1.7, ""time_stop"": 25, ""tp_mult_lm"": 5.0, ""tp_mult_lr"": 9.6, ""tp_mult_sm"": 3.7, ""tp_mult_sr"": 4.7, ""trail_mult"": 2.1, ""trail_tp"": true, ""use_trailing"": true}",{},
481,-1000000000.0,TrialState.COMPLETE,2026-04-01T02:17:08.230720,2026-04-01T02:17:08.260052,0.029332,"{""atr_window"": 14, ""bb_std_dev"": 2.2, ""bb_window"": 24, ""cooldown"": 3, ""macd_fast"": 11, ""macd_k"": 1.45, ""macd_k_mid"": 0.55, ""macd_signal"": 9, ""macd_slow"": 40, ""macd_std_window"": 85, ""rebalance_freq"": 150, ""rebounce_block"": 4, ""sl_mult_lm"": 1.3, ""sl_mult_lr"": 4.9, ""sl_mult_sm"": 1.65, ""sl_mult_sr"": 1.6, ""time_stop"": 21, ""tp_mult_lm"": 5.6, ""tp_mult_lr"": 12.2, ""tp_mult_sm"": 5.5, ""tp_mult_sr"": 5.2, ""trail_mult"": 2.8, ""trail_tp"": false, ""use_trailing"": false}",{},
482,-1000000000.0,TrialState.COMPLETE,2026-04-01T02:17:08.295909,2026-04-01T02:17:12.247128,3.951219,"{""atr_window"": 16, ""bb_std_dev"": 2.4, ""bb_window"": 15, ""cooldown"": 1, ""macd_fast"": 17, ""macd_k"": 1.75, ""macd_k_mid"": 0.65, ""macd_signal"": 8, ""macd_slow"": 38, ""macd_std_window"": 76, ""rebalance_freq"": 60, ""rebounce_block"": 6, ""sl_mult_lm"": 1.8, ""sl_mult_lr"": 4.5, ""sl_mult_sm"": 1.9, ""sl_mult_sr"": 2.1, ""time_stop"": 16, ""tp_mult_lm"": 3.8, ""tp_mult_lr"": 12.8, ""tp_mult_sm"": 7.0, ""tp_mult_sr"": 5.1, ""trail_mult"": 2.0, ""trail_tp"": true, ""use_trailing"": true}",{},
483,-1000000000.0,TrialState.COMPLETE,2026-04-01T02:17:12.287224,2026-04-01T02:17:12.326369,0.039145,"{""atr_window"": 18, ""bb_std_dev"": 2.15, ""bb_window"": 23, ""cooldown"": 0, ""macd_fast"": 19, ""macd_k"": 1.4, ""macd_k_mid"": 0.5, ""macd_signal"": 7, ""macd_slow"": 43, ""macd_std_window"": 89, ""rebalance_freq"": 120, ""rebounce_block"": 5, ""sl_mult_lm"": 1.9, ""sl_mult_lr"": 3.1, ""sl_mult_sm"": 1.75, ""sl_mult_sr"": 2.0, ""time_stop"": 17, ""tp_mult_lm"": 5.3, ""tp_mult_lr"": 11.6, ""tp_mult_sm"": 6.5, ""tp_mult_sr"": 5.0, ""trail_mult"": 3.3, ""trail_tp"": false, ""use_trailing"": true}",{},
484,-1000000000.0,TrialState.COMPLETE,2026-04-01T02:17:12.378291,2026-04-01T02:17:12.413514,0.035223,"{""atr_window"": 10, ""bb_std_dev"": 1.75, ""bb_window"": 14, ""cooldown"": 4, ""macd_fast"": 12, ""macd_k"": 1.9500000000000002, ""macd_k_mid"": 1.0, ""macd_signal"": 6, ""macd_slow"": 37, ""macd_std_window"": 73, ""rebalance_freq"": 180, ""rebounce_block"": 2, ""sl_mult_lm"": 1.35, ""sl_mult_lr"": 2.4, ""sl_mult_sm"": 1.4, ""sl_mult_sr"": 2.4, ""time_stop"": 18, ""tp_mult_lm"": 4.7, ""tp_mult_lr"": 12.4, ""tp_mult_sm"": 4.4, ""tp_mult_sr"": 3.7, ""trail_mult"": 3.2, ""trail_tp"": true, ""use_trailing"": true}",{},
