number,value,state,datetime_start,datetime_complete,duration_seconds,params_json,fold_sharpes_json,avg_cv_sharpe
1378,-1000000000.0,TrialState.COMPLETE,2026-04-01T03:01:24.097261,2026-04-01T03:01:24.325474,0.228213,"{""atr_window"": 10, ""bb_std_dev"": 1.75, ""bb_window"": 21, ""cooldown"": 3, ""macd_fast"": 12, ""macd_k"": 1.1, ""macd_k_mid"": 0.5, ""macd_signal"": 9, ""macd_slow"": 44, ""macd_std_window"": 90, ""rebalance_freq"": 120, ""rebounce_block"": 6, ""sl_mult_lm"": 1.0, ""sl_mult_lr"": 2.5, ""sl_mult_sm"": 1.25, ""sl_mult_sr"": 1.5, ""time_stop"": 7, ""tp_mult_lm"": 5.3, ""tp_mult_lr"": 13.0, ""tp_mult_sm"": 6.800000000000001, ""tp_mult_sr"": 3.5, ""trail_mult"": 3.3, ""trail_tp"": true, ""use_trailing"": true}",{},
1379,-1000000000.0,TrialState.COMPLETE,2026-04-01T03:01:24.409509,2026-04-01T03:01:24.642985,0.233476,"{""atr_window"": 18, ""bb_std_dev"": 2.1, ""bb_window"": 15, ""cooldown"": 1, ""macd_fast"": 16, ""macd_k"": 1.2, ""macd_k_mid"": 0.8, ""macd_signal"": 5, ""macd_slow"": 40, ""macd_std_window"": 82, ""rebalance_freq"": 150, ""rebounce_block"": 5, ""sl_mult_lm"": 1.3, ""sl_mult_lr"": 3.0, ""sl_mult_sm"": 1.8, ""sl_mult_sr"": 1.7, ""time_stop"": 4, ""tp_mult_lm"": 4.9, ""tp_mult_lr"": 8.2, ""tp_mult_sm"": 4.5, ""tp_mult_sr"": 5.7, ""trail_mult"": 2.3, ""trail_tp"": false, ""use_trailing"": false}",{},
1380,-1000000000.0,TrialState.COMPLETE,2026-04-01T03:01:24.728454,2026-04-01T03:01:24.959360,0.230906,"{""atr_window"": 20, ""bb_std_dev"": 1.5499999999999998, ""bb_window"": 20, ""cooldown"": 0, ""macd_fast"": 11, ""macd_k"": 1.7000000000000002, ""macd_k_mid"": 0.8500000000000001, ""macd_signal"": 7, ""macd_slow"": 42, ""macd_std_window"": 73, ""rebalance_freq"": 180, ""rebounce_block"": 2, ""sl_mult_lm"": 1.8, ""sl_mult_lr"": 3.1, ""sl_mult_sm"": 1.2, ""sl_mult_sr"": 2.0, ""time_stop"": 15, ""tp_mult_lm"": 5.0, ""tp_mult_lr"": 11.6, ""tp_mult_sm"": 5.0, ""tp_mult_sr"": 5.300000000000001, ""trail_mult"": 2.8, ""trail_tp"": true, ""use_trailing"": true}",{},
1381,-1000000000.0,TrialState.COMPLETE,2026-04-01T03:01:25.043607,2026-04-01T03:01:25.313804,0.270197,"{""atr_window"": 19, ""bb_std_dev"": 2.45, ""bb_window"": 17, ""cooldown"": 2, ""macd_fast"": 13, ""macd_k"": 1.85, ""macd_k_mid"": 0.6, ""macd_signal"": 9, ""macd_slow"": 43, ""macd_std_window"": 100, ""rebalance_freq"": 90, ""rebounce_block"": 1, ""sl_mult_lm"": 1.85, ""sl_mult_lr"": 4.300000000000001, ""sl_mult_sm"": 2.0, ""sl_mult_sr"": 3.0, ""time_stop"": 20, ""tp_mult_lm"": 3.5, ""tp_mult_lr"": 13.600000000000001, ""tp_mult_sm"": 6.4, ""tp_mult_sr"": 5.9, ""trail_mult"": 3.0, ""trail_tp"": false, ""use_trailing"": true}",{},
1382,-1000000000.0,TrialState.COMPLETE,2026-04-01T03:01:25.402195,2026-04-01T03:01:25.649352,0.247157,"{""atr_window"": 11, ""bb_std_dev"": 2.25, ""bb_window"": 14, ""cooldown"": 2, ""macd_fast"": 10, ""macd_k"": 1.65, ""macd_k_mid"": 0.55, ""macd_signal"": 8, ""macd_slow"": 35, ""macd_std_window"": 86, ""rebalance_freq"": 150, ""rebounce_block"": 3, ""sl_mult_lm"": 1.15, ""sl_mult_lr"": 2.8, ""sl_mult_sm"": 1.05, ""sl_mult_sr"": 2.6, ""time_stop"": 25, ""tp_mult_lm"": 3.9, ""tp_mult_lr"": 9.6, ""tp_mult_sm"": 4.7, ""tp_mult_sr"": 6.300000000000001, ""trail_mult"": 3.1, ""trail_tp"": true, ""use_trailing"": true}",{},
1383,-1000000000.0,TrialState.COMPLETE,2026-04-01T03:01:25.745351,2026-04-01T03:01:37.170624,11.425273,"{""atr_window"": 14, ""bb_std_dev"": 2.0, ""bb_window"": 24, ""cooldown"": 1, ""macd_fast"": 16, ""macd_k"": 1.9, ""macd_k_mid"": 0.7, ""macd_signal"": 10, ""macd_slow"": 37, ""macd_std_window"": 92, ""rebalance_freq"": 120, ""rebounce_block"": 4, ""sl_mult_lm"": 2.0, ""sl_mult_lr"": 2.4, ""sl_mult_sm"": 1.3, ""sl_mult_sr"": 2.2, ""time_stop"": 18, ""tp_mult_lm"": 5.2, ""tp_mult_lr"": 15.2, ""tp_mult_sm"": 3.5, ""tp_mult_sr"": 5.0, ""trail_mult"": 1.9, ""trail_tp"": false, ""use_trailing"": false}",{},
1384,-1000000000.0,TrialState.COMPLETE,2026-04-01T03:01:37.270805,2026-04-01T03:01:37.508899,0.238094,"{""atr_window"": 16, ""bb_std_dev"": 2.4, ""bb_window"": 15, ""cooldown"": 3, ""macd_fast"": 14, ""macd_k"": 1.6, ""macd_k_mid"": 0.6, ""macd_signal"": 7, ""macd_slow"": 41, ""macd_std_window"": 87, ""rebalance_freq"": 180, ""rebounce_block"": 5, ""sl_mult_lm"": 1.45, ""sl_mult_lr"": 2.6, ""sl_mult_sm"": 1.85, ""sl_mult_sr"": 1.6, ""time_stop"": 11, ""tp_mult_lm"": 3.8, ""tp_mult_lr"": 8.8, ""tp_mult_sm"": 3.8, ""tp_mult_sr"": 4.2, ""trail_mult"": 3.7, ""trail_tp"": true, ""use_trailing"": true}",{},
1385,-1000000000.0,TrialState.COMPLETE,2026-04-01T03:01:37.593954,2026-04-01T03:01:49.485252,11.891298,"{""atr_window"": 15, ""bb_std_dev"": 2.05, ""bb_window"": 19, ""cooldown"": 4, ""macd_fast"": 20, ""macd_k"": 1.05, ""macd_k_mid"": 0.65, ""macd_signal"": 8, ""macd_slow"": 36, ""macd_std_window"": 77, ""rebalance_freq"": 150, ""rebounce_block"": 6, ""sl_mult_lm"": 2.05, ""sl_mult_lr"": 4.5, ""sl_mult_sm"": 1.55, ""sl_mult_sr"": 2.4, ""time_stop"": 14, ""tp_mult_lm"": 5.7, ""tp_mult_lr"": 10.0, ""tp_mult_sm"": 3.3, ""tp_mult_sr"": 5.5, ""trail_mult"": 3.2, ""trail_tp"": false, ""use_trailing"": true}",{},
1386,-1000000000.0,TrialState.COMPLETE,2026-04-01T03:01:49.564281,2026-04-01T03:01:49.831288,0.267007,"{""atr_window"": 13, ""bb_std_dev"": 2.3, ""bb_window"": 14, ""cooldown"": 1, ""macd_fast"": 18, ""macd_k"": 1.15, ""macd_k_mid"": 0.55, ""macd_signal"": 9, ""macd_slow"": 44, ""macd_std_window"": 71, ""rebalance_freq"": 30, ""rebounce_block"": 0, ""sl_mult_lm"": 1.9500000000000002, ""sl_mult_lr"": 2.1, ""sl_mult_sm"": 1.0, ""sl_mult_sr"": 1.9, ""time_stop"": 29, ""tp_mult_lm"": 5.4, ""tp_mult_lr"": 12.2, ""tp_mult_sm"": 6.300000000000001, ""tp_mult_sr"": 6.0, ""trail_mult"": 1.5, ""trail_tp"": true, ""use_trailing"": true}",{},
1387,-1000000000.0,TrialState.COMPLETE,2026-04-01T03:01:49.916266,2026-04-01T03:01:50.156204,0.239938,"{""atr_window"": 17, ""bb_std_dev"": 1.7, ""bb_window"": 16, ""cooldown"": 5, ""macd_fast"": 15, ""macd_k"": 1.1, ""macd_k_mid"": 0.5, ""macd_signal"": 6, ""macd_slow"": 39, ""macd_std_window"": 95, ""rebalance_freq"": 90, ""rebounce_block"": 5, ""sl_mult_lm"": 1.35, ""sl_mult_lr"": 4.6, ""sl_mult_sm"": 1.4, ""sl_mult_sr"": 2.1, ""time_stop"": 17, ""tp_mult_lm"": 4.3, ""tp_mult_lr"": 13.2, ""tp_mult_sm"": 5.300000000000001, ""tp_mult_sr"": 3.6, ""trail_mult"": 1.7, ""trail_tp"": false, ""use_trailing"": false}",{},
1388,-1000000000.0,TrialState.COMPLETE,2026-04-01T03:01:50.237604,2026-04-01T03:01:50.473990,0.236386,"{""atr_window"": 14, ""bb_std_dev"": 1.95, ""bb_window"": 23, ""cooldown"": 0, ""macd_fast"": 12, ""macd_k"": 1.3, ""macd_k_mid"": 1.0, ""macd_signal"": 8, ""macd_slow"": 43, ""macd_std_window"": 84, ""rebalance_freq"": 180, ""rebounce_block"": 2, ""sl_mult_lm"": 1.05, ""sl_mult_lr"": 2.7, ""sl_mult_sm"": 1.5, ""sl_mult_sr"": 1.8, ""time_stop"": 10, ""tp_mult_lm"": 5.6, ""tp_mult_lr"": 13.8, ""tp_mult_sm"": 6.1, ""tp_mult_sr"": 3.2, ""trail_mult"": 3.4000000000000004, ""trail_tp"": true, ""use_trailing"": true}",{},
1389,-1000000000.0,TrialState.COMPLETE,2026-04-01T03:01:50.559750,2026-04-01T03:01:50.817855,0.258105,"{""atr_window"": 20, ""bb_std_dev"": 1.8499999999999999, ""bb_window"": 22, ""cooldown"": 4, ""macd_fast"": 14, ""macd_k"": 1.0, ""macd_k_mid"": 0.55, ""macd_signal"": 9, ""macd_slow"": 38, ""macd_std_window"": 90, ""rebalance_freq"": 60, ""rebounce_block"": 3, ""sl_mult_lm"": 2.2, ""sl_mult_lr"": 2.2, ""sl_mult_sm"": 1.45, ""sl_mult_sr"": 1.5, ""time_stop"": 23, ""tp_mult_lm"": 5.9, ""tp_mult_lr"": 11.4, ""tp_mult_sm"": 6.9, ""tp_mult_sr"": 4.8, ""trail_mult"": 2.2, ""trail_tp"": false, ""use_trailing"": true}",{},
1390,-1000000000.0,TrialState.COMPLETE,2026-04-01T03:01:50.894860,2026-04-01T03:01:51.130036,0.235176,"{""atr_window"": 12, ""bb_std_dev"": 2.5, ""bb_window"": 14, ""cooldown"": 2, ""macd_fast"": 10, ""macd_k"": 1.5, ""macd_k_mid"": 0.7, ""macd_signal"": 7, ""macd_slow"": 40, ""macd_std_window"": 85, ""rebalance_freq"": 150, ""rebounce_block"": 5, ""sl_mult_lm"": 1.9, ""sl_mult_lr"": 4.1, ""sl_mult_sm"": 1.55, ""sl_mult_sr"": 2.5, ""time_stop"": 2, ""tp_mult_lm"": 3.6, ""tp_mult_lr"": 12.0, ""tp_mult_sm"": 4.6, ""tp_mult_sr"": 4.0, ""trail_mult"": 2.0, ""trail_tp"": true, ""use_trailing"": false}",{},
1391,-1000000000.0,TrialState.COMPLETE,2026-04-01T03:01:51.216261,2026-04-01T03:01:51.456667,0.240406,"{""atr_window"": 18, ""bb_std_dev"": 2.15, ""bb_window"": 17, ""cooldown"": 1, ""macd_fast"": 13, ""macd_k"": 1.45, ""macd_k_mid"": 0.6, ""macd_signal"": 8, ""macd_slow"": 40, ""macd_std_window"": 92, ""rebalance_freq"": 120, ""rebounce_block"": 6, ""sl_mult_lm"": 1.1, ""sl_mult_lr"": 3.4000000000000004, ""sl_mult_sm"": 1.7000000000000002, ""sl_mult_sr"": 1.8, ""time_stop"": 13, ""tp_mult_lm"": 5.0, ""tp_mult_lr"": 8.4, ""tp_mult_sm"": 5.9, ""tp_mult_sr"": 3.0, ""trail_mult"": 3.8000000000000003, ""trail_tp"": false, ""use_trailing"": true}",{},
1392,-1000000000.0,TrialState.COMPLETE,2026-04-01T03:01:51.549633,2026-04-01T03:01:51.825962,0.276329,"{""atr_window"": 16, ""bb_std_dev"": 2.4, ""bb_window"": 15, ""cooldown"": 0, ""macd_fast"": 18, ""macd_k"": 1.55, ""macd_k_mid"": 0.9, ""macd_signal"": 10, ""macd_slow"": 41, ""macd_std_window"": 70, ""rebalance_freq"": 30, ""rebounce_block"": 4, ""sl_mult_lm"": 1.3, ""sl_mult_lr"": 3.3, ""sl_mult_sm"": 1.9, ""sl_mult_sr"": 1.7, ""time_stop"": 15, ""tp_mult_lm"": 4.5, ""tp_mult_lr"": 12.600000000000001, ""tp_mult_sm"": 4.0, ""tp_mult_sr"": 7.0, ""trail_mult"": 2.1, ""trail_tp"": true, ""use_trailing"": true}",{},
1393,-1000000000.0,TrialState.COMPLETE,2026-04-01T03:01:51.934909,2026-04-01T03:01:52.184059,0.24915,"{""atr_window"": 19, ""bb_std_dev"": 1.9, ""bb_window"": 14, ""cooldown"": 2, ""macd_fast"": 19, ""macd_k"": 1.3, ""macd_k_mid"": 0.75, ""macd_signal"": 9, ""macd_slow"": 42, ""macd_std_window"": 88, ""rebalance_freq"": 120, ""rebounce_block"": 2, ""sl_mult_lm"": 1.6, ""sl_mult_lr"": 2.9, ""sl_mult_sm"": 1.75, ""sl_mult_sr"": 2.3, ""time_stop"": 22, ""tp_mult_lm"": 5.2, ""tp_mult_lr"": 8.0, ""tp_mult_sm"": 3.1, ""tp_mult_sr"": 4.6, ""trail_mult"": 2.9000000000000004, ""trail_tp"": false, ""use_trailing"": true}",{},
1394,-1000000000.0,TrialState.COMPLETE,2026-04-01T03:01:52.258950,2026-04-01T03:01:52.493991,0.235041,"{""atr_window"": 14, ""bb_std_dev"": 1.45, ""bb_window"": 16, ""cooldown"": 3, ""macd_fast"": 20, ""macd_k"": 1.2, ""macd_k_mid"": 0.65, ""macd_signal"": 8, ""macd_slow"": 43, ""macd_std_window"": 81, ""rebalance_freq"": 150, ""rebounce_block"": 5, ""sl_mult_lm"": 1.0, ""sl_mult_lr"": 2.3, ""sl_mult_sm"": 1.05, ""sl_mult_sr"": 2.1, ""time_stop"": 21, ""tp_mult_lm"": 5.3, ""tp_mult_lr"": 11.0, ""tp_mult_sm"": 4.8, ""tp_mult_sr"": 6.1, ""trail_mult"": 2.7, ""trail_tp"": true, ""use_trailing"": false}",{},
1395,-1000000000.0,TrialState.COMPLETE,2026-04-01T03:01:52.577396,2026-04-01T03:02:04.566854,11.989458,"{""atr_window"": 18, ""bb_std_dev"": 2.2, ""bb_window"": 18, ""cooldown"": 4, ""macd_fast"": 15, ""macd_k"": 1.15, ""macd_k_mid"": 0.8500000000000001, ""macd_signal"": 7, ""macd_slow"": 37, ""macd_std_window"": 72, ""rebalance_freq"": 180, ""rebounce_block"": 0, ""sl_mult_lm"": 2.0, ""sl_mult_lr"": 2.5, ""sl_mult_sm"": 1.6, ""sl_mult_sr"": 1.5, ""time_stop"": 6, ""tp_mult_lm"": 5.4, ""tp_mult_lr"": 11.8, ""tp_mult_sm"": 3.4, ""tp_mult_sr"": 3.3, ""trail_mult"": 3.6, ""trail_tp"": false, ""use_trailing"": true}",{},
1396,-1000000000.0,TrialState.COMPLETE,2026-04-01T03:02:04.651657,2026-04-01T03:02:04.897948,0.246291,"{""atr_window"": 17, ""bb_std_dev"": 2.35, ""bb_window"": 21, ""cooldown"": 1, ""macd_fast"": 12, ""macd_k"": 1.05, ""macd_k_mid"": 0.5, ""macd_signal"": 6, ""macd_slow"": 44, ""macd_std_window"": 89, ""rebalance_freq"": 150, ""rebounce_block"": 6, ""sl_mult_lm"": 1.25, ""sl_mult_lr"": 2.4, ""sl_mult_sm"": 1.65, ""sl_mult_sr"": 3.2, ""time_stop"": 1, ""tp_mult_lm"": 4.0, ""tp_mult_lr"": 12.4, ""tp_mult_sm"": 4.2, ""tp_mult_sr"": 6.6, ""trail_mult"": 3.1, ""trail_tp"": true, ""use_trailing"": true}",{},
1397,-1000000000.0,TrialState.COMPLETE,2026-04-01T03:02:04.983120,2026-04-01T03:02:16.915515,11.932395,"{""atr_window"": 15, ""bb_std_dev"": 2.5, ""bb_window"": 20, ""cooldown"": 2, ""macd_fast"": 16, ""macd_k"": 1.1, ""macd_k_mid"": 0.55, ""macd_signal"": 9, ""macd_slow"": 35, ""macd_std_window"": 99, ""rebalance_freq"": 90, ""rebounce_block"": 3, ""sl_mult_lm"": 1.15, ""sl_mult_lr"": 2.1, ""sl_mult_sm"": 1.1, ""sl_mult_sr"": 2.0, ""time_stop"": 19, ""tp_mult_lm"": 4.9, ""tp_mult_lr"": 9.6, ""tp_mult_sm"": 6.5, ""tp_mult_sr"": 4.1, ""trail_mult"": 1.6, ""trail_tp"": false, ""use_trailing"": true}",{},
1398,-1000000000.0,TrialState.COMPLETE,2026-04-01T03:02:17.002234,2026-04-01T03:02:21.882259,4.880025,"{""atr_window"": 20, ""bb_std_dev"": 2.3, ""bb_window"": 17, ""cooldown"": 3, ""macd_fast"": 17, ""macd_k"": 1.6, ""macd_k_mid"": 0.55, ""macd_signal"": 8, ""macd_slow"": 36, ""macd_std_window"": 97, ""rebalance_freq"": 150, ""rebounce_block"": 0, ""sl_mult_lm"": 2.1500000000000004, ""sl_mult_lr"": 3.0, ""sl_mult_sm"": 1.85, ""sl_mult_sr"": 1.6, ""time_stop"": 8, ""tp_mult_lm"": 5.5, ""tp_mult_lr"": 10.4, ""tp_mult_sm"": 3.2, ""tp_mult_sr"": 3.1, ""trail_mult"": 3.5, ""trail_tp"": true, ""use_trailing"": false}",{},
1399,-1000000000.0,TrialState.COMPLETE,2026-04-01T03:02:21.916515,2026-04-01T03:02:21.969051,0.052536,"{""atr_window"": 16, ""bb_std_dev"": 1.65, ""bb_window"": 19, ""cooldown"": 1, ""macd_fast"": 14, ""macd_k"": 1.25, ""macd_k_mid"": 0.7, ""macd_signal"": 8, ""macd_slow"": 39, ""macd_std_window"": 80, ""rebalance_freq"": 180, ""rebounce_block"": 6, ""sl_mult_lm"": 2.1, ""sl_mult_lr"": 2.5, ""sl_mult_sm"": 1.5, ""sl_mult_sr"": 2.2, ""time_stop"": 25, ""tp_mult_lm"": 4.6, ""tp_mult_lr"": 15.0, ""tp_mult_sm"": 5.6, ""tp_mult_sr"": 4.5, ""trail_mult"": 2.6, ""trail_tp"": true, ""use_trailing"": true}",{},
1400,-1000000000.0,TrialState.COMPLETE,2026-04-01T03:02:22.004523,2026-04-01T03:02:22.058528,0.054005,"{""atr_window"": 11, ""bb_std_dev"": 1.7999999999999998, ""bb_window"": 14, ""cooldown"": 5, ""macd_fast"": 11, ""macd_k"": 1.4, ""macd_k_mid"": 0.6, ""macd_signal"": 9, ""macd_slow"": 44, ""macd_std_window"": 76, ""rebalance_freq"": 30, ""rebounce_block"": 2, ""sl_mult_lm"": 1.35, ""sl_mult_lr"": 4.4, ""sl_mult_sm"": 1.7000000000000002, ""sl_mult_sr"": 2.5, ""time_stop"": 17, ""tp_mult_lm"": 5.7, ""tp_mult_lr"": 12.0, ""tp_mult_sm"": 4.3, ""tp_mult_sr"": 3.9, ""trail_mult"": 1.8, ""trail_tp"": false, ""use_trailing"": true}",{},
1401,-1000000000.0,TrialState.COMPLETE,2026-04-01T03:02:22.095247,2026-04-01T03:02:22.149104,0.053857,"{""atr_window"": 14, ""bb_std_dev"": 1.75, ""bb_window"": 15, ""cooldown"": 0, ""macd_fast"": 13, ""macd_k"": 1.65, ""macd_k_mid"": 0.65, ""macd_signal"": 10, ""macd_slow"": 43, ""macd_std_window"": 91, ""rebalance_freq"": 60, ""rebounce_block"": 4, ""sl_mult_lm"": 1.9, ""sl_mult_lr"": 2.3, ""sl_mult_sm"": 1.15, ""sl_mult_sr"": 1.5, ""time_stop"": 10, ""tp_mult_lm"": 4.7, ""tp_mult_lr"": 11.6, ""tp_mult_sm"": 4.4, ""tp_mult_sr"": 5.800000000000001, ""trail_mult"": 3.3, ""trail_tp"": true, ""use_trailing"": true}",{},
1402,-1000000000.0,TrialState.COMPLETE,2026-04-01T03:02:22.182545,2026-04-01T03:02:22.247708,0.065163,"{""atr_window"": 20, ""bb_std_dev"": 2.45, ""bb_window"": 25, ""cooldown"": 1, ""macd_fast"": 17, ""macd_k"": 1.0, ""macd_k_mid"": 0.6, ""macd_signal"": 9, ""macd_slow"": 41, ""macd_std_window"": 98, ""rebalance_freq"": 120, ""rebounce_block"": 3, ""sl_mult_lm"": 1.9500000000000002, ""sl_mult_lr"": 2.2, ""sl_mult_sm"": 1.9500000000000002, ""sl_mult_sr"": 3.1, ""time_stop"": 16, ""tp_mult_lm"": 6.0, ""tp_mult_lr"": 16.4, ""tp_mult_sm"": 5.800000000000001, ""tp_mult_sr"": 5.6, ""trail_mult"": 2.4, ""trail_tp"": false, ""use_trailing"": false}",{},
1403,-1000000000.0,TrialState.COMPLETE,2026-04-01T03:02:22.281233,2026-04-01T03:02:22.333779,0.052546,"{""atr_window"": 13, ""bb_std_dev"": 2.0, ""bb_window"": 16, ""cooldown"": 3, ""macd_fast"": 12, ""macd_k"": 1.35, ""macd_k_mid"": 0.8, ""macd_signal"": 5, ""macd_slow"": 37, ""macd_std_window"": 90, ""rebalance_freq"": 90, ""rebounce_block"": 5, ""sl_mult_lm"": 1.4, ""sl_mult_lr"": 4.2, ""sl_mult_sm"": 1.8, ""sl_mult_sr"": 2.0, ""time_stop"": 26, ""tp_mult_lm"": 5.800000000000001, ""tp_mult_lr"": 9.2, ""tp_mult_sm"": 7.0, ""tp_mult_sr"": 6.300000000000001, ""trail_mult"": 3.2, ""trail_tp"": true, ""use_trailing"": true}",{},
1404,-1000000000.0,TrialState.COMPLETE,2026-04-01T03:02:22.370716,2026-04-01T03:02:25.836520,3.465804,"{""atr_window"": 17, ""bb_std_dev"": 1.5999999999999999, ""bb_window"": 15, ""cooldown"": 0, ""macd_fast"": 20, ""macd_k"": 1.45, ""macd_k_mid"": 0.5, ""macd_signal"": 7, ""macd_slow"": 40, ""macd_std_window"": 71, ""rebalance_freq"": 150, ""rebounce_block"": 1, ""sl_mult_lm"": 1.85, ""sl_mult_lr"": 2.9, ""sl_mult_sm"": 1.2, ""sl_mult_sr"": 2.1, ""time_stop"": 30, ""tp_mult_lm"": 5.6, ""tp_mult_lr"": 12.8, ""tp_mult_sm"": 5.5, ""tp_mult_sr"": 4.4, ""trail_mult"": 3.9000000000000004, ""trail_tp"": false, ""use_trailing"": true}",{},
1405,-1000000000.0,TrialState.COMPLETE,2026-04-01T03:02:25.879558,2026-04-01T03:02:28.841669,2.962111,"{""atr_window"": 16, ""bb_std_dev"": 2.1, ""bb_window"": 14, ""cooldown"": 4, ""macd_fast"": 14, ""macd_k"": 1.15, ""macd_k_mid"": 0.55, ""macd_signal"": 8, ""macd_slow"": 35, ""macd_std_window"": 99, ""rebalance_freq"": 180, ""rebounce_block"": 5, ""sl_mult_lm"": 1.75, ""sl_mult_lr"": 4.0, ""sl_mult_sm"": 1.75, ""sl_mult_sr"": 1.6, ""time_stop"": 19, ""tp_mult_lm"": 5.1, ""tp_mult_lr"": 11.2, ""tp_mult_sm"": 3.6, ""tp_mult_sr"": 5.1, ""trail_mult"": 2.1, ""trail_tp"": true, ""use_trailing"": false}",{},
1406,-1000000000.0,TrialState.COMPLETE,2026-04-01T03:02:28.894712,2026-04-01T03:02:31.903133,3.008421,"{""atr_window"": 19, ""bb_std_dev"": 2.2, ""bb_window"": 17, ""cooldown"": 2, ""macd_fast"": 15, ""macd_k"": 1.5, ""macd_k_mid"": 0.9, ""macd_signal"": 10, ""macd_slow"": 36, ""macd_std_window"": 87, ""rebalance_freq"": 150, ""rebounce_block"": 0, ""sl_mult_lm"": 1.7000000000000002, ""sl_mult_lr"": 5.0, ""sl_mult_sm"": 1.25, ""sl_mult_sr"": 2.6, ""time_stop"": 21, ""tp_mult_lm"": 4.8, ""tp_mult_lr"": 10.2, ""tp_mult_sm"": 3.7, ""tp_mult_sr"": 4.7, ""trail_mult"": 2.3, ""trail_tp"": false, ""use_trailing"": true}",{},
1407,-1000000000.0,TrialState.COMPLETE,2026-04-01T03:02:31.948572,2026-04-01T03:02:32.015566,0.066994,"{""atr_window"": 15, ""bb_std_dev"": 2.35, ""bb_window"": 14, ""cooldown"": 1, ""macd_fast"": 18, ""macd_k"": 1.7000000000000002, ""macd_k_mid"": 0.7, ""macd_signal"": 9, ""macd_slow"": 44, ""macd_std_window"": 75, ""rebalance_freq"": 120, ""rebounce_block"": 6, ""sl_mult_lm"": 1.25, ""sl_mult_lr"": 2.4, ""sl_mult_sm"": 1.35, ""sl_mult_sr"": 1.9, ""time_stop"": 3, ""tp_mult_lm"": 3.8, ""tp_mult_lr"": 12.4, ""tp_mult_sm"": 5.7, ""tp_mult_sr"": 3.9, ""trail_mult"": 2.2, ""trail_tp"": true, ""use_trailing"": true}",{},
1408,-1000000000.0,TrialState.COMPLETE,2026-04-01T03:02:32.054868,2026-04-01T03:02:32.153717,0.098849,"{""atr_window"": 14, ""bb_std_dev"": 1.7, ""bb_window"": 21, ""cooldown"": 0, ""macd_fast"": 10, ""macd_k"": 1.05, ""macd_k_mid"": 0.75, ""macd_signal"": 8, ""macd_slow"": 43, ""macd_std_window"": 82, ""rebalance_freq"": 30, ""rebounce_block"": 3, ""sl_mult_lm"": 1.5, ""sl_mult_lr"": 2.0, ""sl_mult_sm"": 1.65, ""sl_mult_sr"": 2.2, ""time_stop"": 22, ""tp_mult_lm"": 5.9, ""tp_mult_lr"": 9.8, ""tp_mult_sm"": 6.800000000000001, ""tp_mult_sr"": 6.800000000000001, ""trail_mult"": 2.0, ""trail_tp"": false, ""use_trailing"": true}",{},
1409,-1000000000.0,TrialState.COMPLETE,2026-04-01T03:02:32.201902,2026-04-01T03:02:32.274381,0.072479,"{""atr_window"": 18, ""bb_std_dev"": 2.4, ""bb_window"": 16, ""cooldown"": 2, ""macd_fast"": 11, ""macd_k"": 1.75, ""macd_k_mid"": 0.8500000000000001, ""macd_signal"": 6, ""macd_slow"": 42, ""macd_std_window"": 84, ""rebalance_freq"": 150, ""rebounce_block"": 2, ""sl_mult_lm"": 1.55, ""sl_mult_lr"": 3.2, ""sl_mult_sm"": 1.55, ""sl_mult_sr"": 1.8, ""time_stop"": 18, ""tp_mult_lm"": 5.5, ""tp_mult_lr"": 14.0, ""tp_mult_sm"": 3.0, ""tp_mult_sr"": 4.9, ""trail_mult"": 2.5, ""trail_tp"": true, ""use_trailing"": false}",{},
1410,-1000000000.0,TrialState.COMPLETE,2026-04-01T03:02:32.313693,2026-04-01T03:02:32.386596,0.072903,"{""atr_window"": 12, ""bb_std_dev"": 2.25, ""bb_window"": 20, ""cooldown"": 4, ""macd_fast"": 12, ""macd_k"": 1.8, ""macd_k_mid"": 0.55, ""macd_signal"": 7, ""macd_slow"": 39, ""macd_std_window"": 79, ""rebalance_freq"": 90, ""rebounce_block"": 5, ""sl_mult_lm"": 1.3, ""sl_mult_lr"": 2.6, ""sl_mult_sm"": 1.8, ""sl_mult_sr"": 1.7, ""time_stop"": 12, ""tp_mult_lm"": 4.2, ""tp_mult_lr"": 13.0, ""tp_mult_sm"": 6.2, ""tp_mult_sr"": 5.7, ""trail_mult"": 3.7, ""trail_tp"": false, ""use_trailing"": true}",{},
1411,-1000000000.0,TrialState.COMPLETE,2026-04-01T03:02:32.426069,2026-04-01T03:02:35.503974,3.077905,"{""atr_window"": 17, ""bb_std_dev"": 1.95, ""bb_window"": 15, ""cooldown"": 5, ""macd_fast"": 19, ""macd_k"": 1.2, ""macd_k_mid"": 0.95, ""macd_signal"": 7, ""macd_slow"": 37, ""macd_std_window"": 89, ""rebalance_freq"": 180, ""rebounce_block"": 4, ""sl_mult_lm"": 1.05, ""sl_mult_lr"": 2.7, ""sl_mult_sm"": 1.6, ""sl_mult_sr"": 2.7, ""time_stop"": 24, ""tp_mult_lm"": 5.3, ""tp_mult_lr"": 14.600000000000001, ""tp_mult_sm"": 6.5, ""tp_mult_sr"": 3.5, ""trail_mult"": 3.6, ""trail_tp"": true, ""use_trailing"": true}",{},
