number,value,state,datetime_start,datetime_complete,duration_seconds,params_json,fold_sharpes_json,avg_cv_sharpe
2959,-1000000000.0,TrialState.COMPLETE,2026-04-01T08:50:22.955100,2026-04-01T08:50:26.444669,3.489569,"{""atr_window"": 18, ""bb_std_dev"": 2.5, ""bb_window"": 22, ""cooldown"": 2, ""macd_fast"": 15, ""macd_k"": 1.05, ""macd_k_mid"": 0.7, ""macd_signal"": 5, ""macd_slow"": 35, ""macd_std_window"": 89, ""rebalance_freq"": 90, ""rebounce_block"": 5, ""sl_mult_lm"": 1.05, ""sl_mult_lr"": 2.5, ""sl_mult_sm"": 1.45, ""sl_mult_sr"": 1.8, ""time_stop"": 26, ""tp_mult_lm"": 5.2, ""tp_mult_lr"": 10.4, ""tp_mult_sm"": 3.0, ""tp_mult_sr"": 5.1, ""trail_mult"": 3.3, ""trail_tp"": false, ""use_trailing"": false}",{},
2960,-1000000000.0,TrialState.COMPLETE,2026-04-01T08:50:26.490992,2026-04-01T08:50:29.973878,3.482886,"{""atr_window"": 18, ""bb_std_dev"": 2.45, ""bb_window"": 21, ""cooldown"": 2, ""macd_fast"": 15, ""macd_k"": 1.05, ""macd_k_mid"": 0.7, ""macd_signal"": 5, ""macd_slow"": 35, ""macd_std_window"": 89, ""rebalance_freq"": 90, ""rebounce_block"": 5, ""sl_mult_lm"": 1.05, ""sl_mult_lr"": 2.5, ""sl_mult_sm"": 1.5, ""sl_mult_sr"": 1.8, ""time_stop"": 28, ""tp_mult_lm"": 5.2, ""tp_mult_lr"": 10.4, ""tp_mult_sm"": 3.0, ""tp_mult_sr"": 5.1, ""trail_mult"": 3.4000000000000004, ""trail_tp"": false, ""use_trailing"": false}",{},
2961,2.9873642857142855,TrialState.COMPLETE,2026-04-01T08:50:30.041846,2026-04-01T08:50:33.481286,3.43944,"{""atr_window"": 18, ""bb_std_dev"": 2.45, ""bb_window"": 21, ""cooldown"": 2, ""macd_fast"": 15, ""macd_k"": 1.05, ""macd_k_mid"": 0.7, ""macd_signal"": 5, ""macd_slow"": 35, ""macd_std_window"": 89, ""rebalance_freq"": 90, ""rebounce_block"": 5, ""sl_mult_lm"": 1.05, ""sl_mult_lr"": 2.5, ""sl_mult_sm"": 1.45, ""sl_mult_sr"": 1.8, ""time_stop"": 27, ""tp_mult_lm"": 5.2, ""tp_mult_lr"": 10.4, ""tp_mult_sm"": 3.0, ""tp_mult_sr"": 5.1, ""trail_mult"": 3.5, ""trail_tp"": false, ""use_trailing"": false}",{},
2962,-1000000000.0,TrialState.COMPLETE,2026-04-01T08:50:33.524871,2026-04-01T08:50:37.118440,3.593569,"{""atr_window"": 18, ""bb_std_dev"": 2.4, ""bb_window"": 21, ""cooldown"": 2, ""macd_fast"": 15, ""macd_k"": 1.05, ""macd_k_mid"": 0.7, ""macd_signal"": 5, ""macd_slow"": 35, ""macd_std_window"": 88, ""rebalance_freq"": 90, ""rebounce_block"": 5, ""sl_mult_lm"": 1.05, ""sl_mult_lr"": 2.5, ""sl_mult_sm"": 1.4, ""sl_mult_sr"": 1.8, ""time_stop"": 29, ""tp_mult_lm"": 5.2, ""tp_mult_lr"": 10.4, ""tp_mult_sm"": 3.0, ""tp_mult_sr"": 5.1, ""trail_mult"": 3.6, ""trail_tp"": false, ""use_trailing"": false}",{},
2963,-1000000000.0,TrialState.COMPLETE,2026-04-01T08:50:37.166501,2026-04-01T08:50:40.678254,3.511753,"{""atr_window"": 18, ""bb_std_dev"": 2.5, ""bb_window"": 21, ""cooldown"": 2, ""macd_fast"": 15, ""macd_k"": 1.05, ""macd_k_mid"": 0.7, ""macd_signal"": 5, ""macd_slow"": 35, ""macd_std_window"": 88, ""rebalance_freq"": 90, ""rebounce_block"": 5, ""sl_mult_lm"": 1.05, ""sl_mult_lr"": 2.5, ""sl_mult_sm"": 1.5, ""sl_mult_sr"": 1.8, ""time_stop"": 27, ""tp_mult_lm"": 5.2, ""tp_mult_lr"": 10.4, ""tp_mult_sm"": 3.0, ""tp_mult_sr"": 5.1, ""trail_mult"": 3.6, ""trail_tp"": false, ""use_trailing"": false}",{},
2964,2.55815,TrialState.COMPLETE,2026-04-01T08:50:40.722605,2026-04-01T08:50:44.254467,3.531862,"{""atr_window"": 18, ""bb_std_dev"": 2.45, ""bb_window"": 21, ""cooldown"": 2, ""macd_fast"": 15, ""macd_k"": 1.05, ""macd_k_mid"": 0.7, ""macd_signal"": 5, ""macd_slow"": 35, ""macd_std_window"": 89, ""rebalance_freq"": 90, ""rebounce_block"": 5, ""sl_mult_lm"": 1.05, ""sl_mult_lr"": 2.5, ""sl_mult_sm"": 1.45, ""sl_mult_sr"": 1.8, ""time_stop"": 28, ""tp_mult_lm"": 5.2, ""tp_mult_lr"": 10.4, ""tp_mult_sm"": 3.0, ""tp_mult_sr"": 5.1, ""trail_mult"": 3.6, ""trail_tp"": false, ""use_trailing"": false}",{},
2965,-1000000000.0,TrialState.COMPLETE,2026-04-01T08:50:44.297874,2026-04-01T08:50:47.815778,3.517904,"{""atr_window"": 18, ""bb_std_dev"": 2.45, ""bb_window"": 22, ""cooldown"": 2, ""macd_fast"": 15, ""macd_k"": 1.05, ""macd_k_mid"": 0.7, ""macd_signal"": 5, ""macd_slow"": 35, ""macd_std_window"": 89, ""rebalance_freq"": 90, ""rebounce_block"": 5, ""sl_mult_lm"": 1.05, ""sl_mult_lr"": 2.5, ""sl_mult_sm"": 1.4, ""sl_mult_sr"": 1.8, ""time_stop"": 26, ""tp_mult_lm"": 5.3, ""tp_mult_lr"": 10.6, ""tp_mult_sm"": 3.0, ""tp_mult_sr"": 5.1, ""trail_mult"": 3.5, ""trail_tp"": false, ""use_trailing"": false}",{},
2966,-1000000000.0,TrialState.COMPLETE,2026-04-01T08:50:47.862813,2026-04-01T08:50:51.601829,3.739016,"{""atr_window"": 18, ""bb_std_dev"": 2.5, ""bb_window"": 21, ""cooldown"": 2, ""macd_fast"": 15, ""macd_k"": 1.05, ""macd_k_mid"": 0.7, ""macd_signal"": 5, ""macd_slow"": 35, ""macd_std_window"": 88, ""rebalance_freq"": 90, ""rebounce_block"": 5, ""sl_mult_lm"": 1.05, ""sl_mult_lr"": 2.5, ""sl_mult_sm"": 1.45, ""sl_mult_sr"": 1.8, ""time_stop"": 27, ""tp_mult_lm"": 5.2, ""tp_mult_lr"": 10.4, ""tp_mult_sm"": 3.0, ""tp_mult_sr"": 5.1, ""trail_mult"": 3.5, ""trail_tp"": false, ""use_trailing"": false}",{},
2967,-1000000000.0,TrialState.COMPLETE,2026-04-01T08:50:51.646477,2026-04-01T08:50:56.361359,4.714882,"{""atr_window"": 18, ""bb_std_dev"": 2.4, ""bb_window"": 21, ""cooldown"": 2, ""macd_fast"": 15, ""macd_k"": 1.05, ""macd_k_mid"": 0.7, ""macd_signal"": 5, ""macd_slow"": 35, ""macd_std_window"": 89, ""rebalance_freq"": 90, ""rebounce_block"": 5, ""sl_mult_lm"": 1.05, ""sl_mult_lr"": 2.5, ""sl_mult_sm"": 1.5, ""sl_mult_sr"": 1.8, ""time_stop"": 28, ""tp_mult_lm"": 5.2, ""tp_mult_lr"": 10.4, ""tp_mult_sm"": 3.0, ""tp_mult_sr"": 5.1, ""trail_mult"": 3.5, ""trail_tp"": false, ""use_trailing"": false}",{},
2968,1.6261928571428574,TrialState.COMPLETE,2026-04-01T08:50:56.429870,2026-04-01T08:50:59.940614,3.510744,"{""atr_window"": 18, ""bb_std_dev"": 2.4, ""bb_window"": 21, ""cooldown"": 2, ""macd_fast"": 15, ""macd_k"": 1.05, ""macd_k_mid"": 0.7, ""macd_signal"": 5, ""macd_slow"": 35, ""macd_std_window"": 89, ""rebalance_freq"": 90, ""rebounce_block"": 5, ""sl_mult_lm"": 1.05, ""sl_mult_lr"": 2.5, ""sl_mult_sm"": 1.45, ""sl_mult_sr"": 1.8, ""time_stop"": 27, ""tp_mult_lm"": 5.3, ""tp_mult_lr"": 10.6, ""tp_mult_sm"": 3.1, ""tp_mult_sr"": 5.2, ""trail_mult"": 3.6, ""trail_tp"": false, ""use_trailing"": false}",{},
2969,-1000000000.0,TrialState.COMPLETE,2026-04-01T08:50:59.985441,2026-04-01T08:51:03.060536,3.075095,"{""atr_window"": 18, ""bb_std_dev"": 2.45, ""bb_window"": 21, ""cooldown"": 2, ""macd_fast"": 15, ""macd_k"": 1.05, ""macd_k_mid"": 0.7, ""macd_signal"": 5, ""macd_slow"": 35, ""macd_std_window"": 89, ""rebalance_freq"": 90, ""rebounce_block"": 5, ""sl_mult_lm"": 1.05, ""sl_mult_lr"": 2.5, ""sl_mult_sm"": 1.45, ""sl_mult_sr"": 1.8, ""time_stop"": 26, ""tp_mult_lm"": 5.2, ""tp_mult_lr"": 10.4, ""tp_mult_sm"": 3.1, ""tp_mult_sr"": 5.2, ""trail_mult"": 3.5, ""trail_tp"": false, ""use_trailing"": false}",{},
2970,2.3741785714285717,TrialState.COMPLETE,2026-04-01T08:51:03.124156,2026-04-01T08:51:06.467904,3.343748,"{""atr_window"": 18, ""bb_std_dev"": 2.45, ""bb_window"": 21, ""cooldown"": 2, ""macd_fast"": 15, ""macd_k"": 1.05, ""macd_k_mid"": 0.7, ""macd_signal"": 5, ""macd_slow"": 35, ""macd_std_window"": 88, ""rebalance_freq"": 90, ""rebounce_block"": 5, ""sl_mult_lm"": 1.05, ""sl_mult_lr"": 2.5, ""sl_mult_sm"": 1.4, ""sl_mult_sr"": 1.8, ""time_stop"": 28, ""tp_mult_lm"": 5.3, ""tp_mult_lr"": 10.6, ""tp_mult_sm"": 3.0, ""tp_mult_sr"": 5.2, ""trail_mult"": 3.6, ""trail_tp"": false, ""use_trailing"": false}",{},
2971,-1000000000.0,TrialState.COMPLETE,2026-04-01T08:51:06.506230,2026-04-01T08:51:09.758267,3.252037,"{""atr_window"": 18, ""bb_std_dev"": 2.5, ""bb_window"": 21, ""cooldown"": 2, ""macd_fast"": 15, ""macd_k"": 1.05, ""macd_k_mid"": 0.7, ""macd_signal"": 5, ""macd_slow"": 35, ""macd_std_window"": 89, ""rebalance_freq"": 90, ""rebounce_block"": 5, ""sl_mult_lm"": 1.05, ""sl_mult_lr"": 2.4, ""sl_mult_sm"": 1.5, ""sl_mult_sr"": 1.8, ""time_stop"": 27, ""tp_mult_lm"": 5.2, ""tp_mult_lr"": 10.6, ""tp_mult_sm"": 3.1, ""tp_mult_sr"": 5.1, ""trail_mult"": 3.5, ""trail_tp"": false, ""use_trailing"": false}",{},
2972,-1000000000.0,TrialState.COMPLETE,2026-04-01T08:51:09.804805,2026-04-01T08:51:13.048650,3.243845,"{""atr_window"": 18, ""bb_std_dev"": 2.4, ""bb_window"": 22, ""cooldown"": 2, ""macd_fast"": 15, ""macd_k"": 1.05, ""macd_k_mid"": 0.7, ""macd_signal"": 5, ""macd_slow"": 35, ""macd_std_window"": 89, ""rebalance_freq"": 90, ""rebounce_block"": 5, ""sl_mult_lm"": 1.05, ""sl_mult_lr"": 2.5, ""sl_mult_sm"": 1.45, ""sl_mult_sr"": 1.8, ""time_stop"": 26, ""tp_mult_lm"": 5.2, ""tp_mult_lr"": 10.4, ""tp_mult_sm"": 3.0, ""tp_mult_sr"": 5.2, ""trail_mult"": 3.5, ""trail_tp"": false, ""use_trailing"": false}",{},
2973,2.4024,TrialState.COMPLETE,2026-04-01T08:51:13.087036,2026-04-01T08:51:16.576081,3.489045,"{""atr_window"": 18, ""bb_std_dev"": 2.45, ""bb_window"": 21, ""cooldown"": 2, ""macd_fast"": 15, ""macd_k"": 1.05, ""macd_k_mid"": 0.7, ""macd_signal"": 5, ""macd_slow"": 35, ""macd_std_window"": 88, ""rebalance_freq"": 90, ""rebounce_block"": 5, ""sl_mult_lm"": 1.05, ""sl_mult_lr"": 2.5, ""sl_mult_sm"": 1.4, ""sl_mult_sr"": 1.8, ""time_stop"": 28, ""tp_mult_lm"": 5.3, ""tp_mult_lr"": 10.6, ""tp_mult_sm"": 3.0, ""tp_mult_sr"": 5.1, ""trail_mult"": 3.5, ""trail_tp"": false, ""use_trailing"": false}",{},
2974,3.027014285714286,TrialState.COMPLETE,2026-04-01T08:51:16.660017,2026-04-01T08:51:19.731163,3.071146,"{""atr_window"": 18, ""bb_std_dev"": 2.45, ""bb_window"": 21, ""cooldown"": 2, ""macd_fast"": 15, ""macd_k"": 1.05, ""macd_k_mid"": 0.7, ""macd_signal"": 5, ""macd_slow"": 35, ""macd_std_window"": 89, ""rebalance_freq"": 90, ""rebounce_block"": 5, ""sl_mult_lm"": 1.05, ""sl_mult_lr"": 2.4, ""sl_mult_sm"": 1.45, ""sl_mult_sr"": 1.8, ""time_stop"": 27, ""tp_mult_lm"": 5.2, ""tp_mult_lr"": 10.8, ""tp_mult_sm"": 3.1, ""tp_mult_sr"": 5.2, ""trail_mult"": 3.4000000000000004, ""trail_tp"": false, ""use_trailing"": false}",{},
2975,-1000000000.0,TrialState.COMPLETE,2026-04-01T08:51:19.768407,2026-04-01T08:51:23.798555,4.030148,"{""atr_window"": 18, ""bb_std_dev"": 2.5, ""bb_window"": 21, ""cooldown"": 2, ""macd_fast"": 15, ""macd_k"": 1.05, ""macd_k_mid"": 0.7, ""macd_signal"": 5, ""macd_slow"": 35, ""macd_std_window"": 88, ""rebalance_freq"": 90, ""rebounce_block"": 5, ""sl_mult_lm"": 1.05, ""sl_mult_lr"": 2.4, ""sl_mult_sm"": 1.45, ""sl_mult_sr"": 1.8, ""time_stop"": 26, ""tp_mult_lm"": 5.3, ""tp_mult_lr"": 10.2, ""tp_mult_sm"": 3.1, ""tp_mult_sr"": 5.2, ""trail_mult"": 3.5, ""trail_tp"": false, ""use_trailing"": false}",{},
2976,2.7821928571428574,TrialState.COMPLETE,2026-04-01T08:51:23.887357,2026-04-01T08:51:29.048004,5.160647,"{""atr_window"": 18, ""bb_std_dev"": 2.45, ""bb_window"": 21, ""cooldown"": 2, ""macd_fast"": 15, ""macd_k"": 1.05, ""macd_k_mid"": 0.7, ""macd_signal"": 5, ""macd_slow"": 35, ""macd_std_window"": 88, ""rebalance_freq"": 90, ""rebounce_block"": 5, ""sl_mult_lm"": 1.05, ""sl_mult_lr"": 2.4, ""sl_mult_sm"": 1.4, ""sl_mult_sr"": 1.8, ""time_stop"": 27, ""tp_mult_lm"": 5.3, ""tp_mult_lr"": 10.4, ""tp_mult_sm"": 3.0, ""tp_mult_sr"": 5.2, ""trail_mult"": 3.5, ""trail_tp"": false, ""use_trailing"": false}",{},
2977,1.7972642857142858,TrialState.COMPLETE,2026-04-01T08:51:29.147785,2026-04-01T08:51:35.322838,6.175053,"{""atr_window"": 18, ""bb_std_dev"": 2.4, ""bb_window"": 21, ""cooldown"": 2, ""macd_fast"": 15, ""macd_k"": 1.05, ""macd_k_mid"": 0.7, ""macd_signal"": 5, ""macd_slow"": 35, ""macd_std_window"": 88, ""rebalance_freq"": 90, ""rebounce_block"": 5, ""sl_mult_lm"": 1.05, ""sl_mult_lr"": 2.4, ""sl_mult_sm"": 1.35, ""sl_mult_sr"": 1.8, ""time_stop"": 28, ""tp_mult_lm"": 5.3, ""tp_mult_lr"": 10.2, ""tp_mult_sm"": 3.0, ""tp_mult_sr"": 5.2, ""trail_mult"": 3.6, ""trail_tp"": false, ""use_trailing"": false}",{},
2978,-1000000000.0,TrialState.COMPLETE,2026-04-01T08:51:35.393445,2026-04-01T08:51:39.772981,4.379536,"{""atr_window"": 18, ""bb_std_dev"": 2.45, ""bb_window"": 22, ""cooldown"": 2, ""macd_fast"": 15, ""macd_k"": 1.05, ""macd_k_mid"": 0.7, ""macd_signal"": 5, ""macd_slow"": 35, ""macd_std_window"": 88, ""rebalance_freq"": 90, ""rebounce_block"": 5, ""sl_mult_lm"": 1.05, ""sl_mult_lr"": 2.4, ""sl_mult_sm"": 1.4, ""sl_mult_sr"": 1.8, ""time_stop"": 29, ""tp_mult_lm"": 5.3, ""tp_mult_lr"": 10.4, ""tp_mult_sm"": 3.0, ""tp_mult_sr"": 5.2, ""trail_mult"": 3.6, ""trail_tp"": false, ""use_trailing"": false}",{},
2979,1.9081142857142857,TrialState.COMPLETE,2026-04-01T08:51:40.013610,2026-04-01T08:51:45.154446,5.140836,"{""atr_window"": 18, ""bb_std_dev"": 2.5, ""bb_window"": 21, ""cooldown"": 2, ""macd_fast"": 15, ""macd_k"": 1.05, ""macd_k_mid"": 0.7, ""macd_signal"": 5, ""macd_slow"": 35, ""macd_std_window"": 88, ""rebalance_freq"": 90, ""rebounce_block"": 5, ""sl_mult_lm"": 1.05, ""sl_mult_lr"": 2.5, ""sl_mult_sm"": 1.35, ""sl_mult_sr"": 1.8, ""time_stop"": 26, ""tp_mult_lm"": 5.3, ""tp_mult_lr"": 10.2, ""tp_mult_sm"": 3.0, ""tp_mult_sr"": 5.2, ""trail_mult"": 3.6, ""trail_tp"": false, ""use_trailing"": false}",{},
2980,2.7358785714285716,TrialState.COMPLETE,2026-04-01T08:51:45.217763,2026-04-01T08:51:49.661219,4.443456,"{""atr_window"": 18, ""bb_std_dev"": 2.45, ""bb_window"": 21, ""cooldown"": 2, ""macd_fast"": 15, ""macd_k"": 1.05, ""macd_k_mid"": 0.7, ""macd_signal"": 5, ""macd_slow"": 35, ""macd_std_window"": 88, ""rebalance_freq"": 90, ""rebounce_block"": 5, ""sl_mult_lm"": 1.05, ""sl_mult_lr"": 2.4, ""sl_mult_sm"": 1.4, ""sl_mult_sr"": 1.8, ""time_stop"": 27, ""tp_mult_lm"": 5.3, ""tp_mult_lr"": 10.4, ""tp_mult_sm"": 3.0, ""tp_mult_sr"": 5.300000000000001, ""trail_mult"": 3.5, ""trail_tp"": false, ""use_trailing"": false}",{},
2981,1.4472000000000003,TrialState.COMPLETE,2026-04-01T08:51:49.743859,2026-04-01T08:51:53.183035,3.439176,"{""atr_window"": 18, ""bb_std_dev"": 2.5, ""bb_window"": 22, ""cooldown"": 2, ""macd_fast"": 15, ""macd_k"": 1.05, ""macd_k_mid"": 0.7, ""macd_signal"": 5, ""macd_slow"": 35, ""macd_std_window"": 89, ""rebalance_freq"": 90, ""rebounce_block"": 5, ""sl_mult_lm"": 1.05, ""sl_mult_lr"": 2.4, ""sl_mult_sm"": 1.4, ""sl_mult_sr"": 1.8, ""time_stop"": 27, ""tp_mult_lm"": 5.3, ""tp_mult_lr"": 10.4, ""tp_mult_sm"": 3.0, ""tp_mult_sr"": 5.2, ""trail_mult"": 3.5, ""trail_tp"": false, ""use_trailing"": false}",{},
2982,2.353642857142857,TrialState.COMPLETE,2026-04-01T08:51:53.226138,2026-04-01T08:51:57.359869,4.133731,"{""atr_window"": 18, ""bb_std_dev"": 2.45, ""bb_window"": 21, ""cooldown"": 2, ""macd_fast"": 15, ""macd_k"": 1.05, ""macd_k_mid"": 0.7, ""macd_signal"": 5, ""macd_slow"": 35, ""macd_std_window"": 88, ""rebalance_freq"": 90, ""rebounce_block"": 5, ""sl_mult_lm"": 1.05, ""sl_mult_lr"": 2.4, ""sl_mult_sm"": 1.4, ""sl_mult_sr"": 1.8, ""time_stop"": 28, ""tp_mult_lm"": 5.3, ""tp_mult_lr"": 10.6, ""tp_mult_sm"": 3.0, ""tp_mult_sr"": 5.300000000000001, ""trail_mult"": 3.5, ""trail_tp"": false, ""use_trailing"": false}",{},
2983,-1000000000.0,TrialState.COMPLETE,2026-04-01T08:51:57.563646,2026-04-01T08:52:02.571480,5.007834,"{""atr_window"": 18, ""bb_std_dev"": 2.4, ""bb_window"": 21, ""cooldown"": 2, ""macd_fast"": 15, ""macd_k"": 1.05, ""macd_k_mid"": 0.7, ""macd_signal"": 5, ""macd_slow"": 35, ""macd_std_window"": 89, ""rebalance_freq"": 90, ""rebounce_block"": 5, ""sl_mult_lm"": 1.05, ""sl_mult_lr"": 2.4, ""sl_mult_sm"": 1.4, ""sl_mult_sr"": 1.8, ""time_stop"": 26, ""tp_mult_lm"": 5.3, ""tp_mult_lr"": 10.8, ""tp_mult_sm"": 3.1, ""tp_mult_sr"": 5.300000000000001, ""trail_mult"": 3.6, ""trail_tp"": false, ""use_trailing"": false}",{},
2984,-1000000000.0,TrialState.COMPLETE,2026-04-01T08:52:02.645143,2026-04-01T08:52:07.781820,5.136677,"{""atr_window"": 18, ""bb_std_dev"": 2.45, ""bb_window"": 21, ""cooldown"": 2, ""macd_fast"": 15, ""macd_k"": 1.05, ""macd_k_mid"": 0.7, ""macd_signal"": 5, ""macd_slow"": 35, ""macd_std_window"": 89, ""rebalance_freq"": 90, ""rebounce_block"": 5, ""sl_mult_lm"": 1.05, ""sl_mult_lr"": 2.4, ""sl_mult_sm"": 1.4, ""sl_mult_sr"": 1.8, ""time_stop"": 27, ""tp_mult_lm"": 5.3, ""tp_mult_lr"": 10.2, ""tp_mult_sm"": 3.0, ""tp_mult_sr"": 5.2, ""trail_mult"": 3.5, ""trail_tp"": false, ""use_trailing"": false}",{},
2985,-1000000000.0,TrialState.COMPLETE,2026-04-01T08:52:07.837980,2026-04-01T08:52:12.932854,5.094874,"{""atr_window"": 18, ""bb_std_dev"": 2.4, ""bb_window"": 21, ""cooldown"": 2, ""macd_fast"": 15, ""macd_k"": 1.05, ""macd_k_mid"": 0.7, ""macd_signal"": 5, ""macd_slow"": 35, ""macd_std_window"": 89, ""rebalance_freq"": 90, ""rebounce_block"": 5, ""sl_mult_lm"": 1.05, ""sl_mult_lr"": 2.4, ""sl_mult_sm"": 1.35, ""sl_mult_sr"": 1.8, ""time_stop"": 29, ""tp_mult_lm"": 5.3, ""tp_mult_lr"": 10.4, ""tp_mult_sm"": 3.1, ""tp_mult_sr"": 5.300000000000001, ""trail_mult"": 3.5, ""trail_tp"": false, ""use_trailing"": false}",{},
2986,2.3690499999999997,TrialState.COMPLETE,2026-04-01T08:52:13.002132,2026-04-01T08:52:17.101145,4.099013,"{""atr_window"": 18, ""bb_std_dev"": 2.45, ""bb_window"": 21, ""cooldown"": 2, ""macd_fast"": 15, ""macd_k"": 1.05, ""macd_k_mid"": 0.7, ""macd_signal"": 5, ""macd_slow"": 35, ""macd_std_window"": 88, ""rebalance_freq"": 90, ""rebounce_block"": 5, ""sl_mult_lm"": 1.05, ""sl_mult_lr"": 2.4, ""sl_mult_sm"": 1.4, ""sl_mult_sr"": 1.8, ""time_stop"": 28, ""tp_mult_lm"": 5.3, ""tp_mult_lr"": 10.6, ""tp_mult_sm"": 3.0, ""tp_mult_sr"": 5.2, ""trail_mult"": 3.5, ""trail_tp"": false, ""use_trailing"": false}",{},
2987,-1000000000.0,TrialState.COMPLETE,2026-04-01T08:52:17.154023,2026-04-01T08:52:21.266506,4.112483,"{""atr_window"": 18, ""bb_std_dev"": 2.5, ""bb_window"": 21, ""cooldown"": 2, ""macd_fast"": 15, ""macd_k"": 1.05, ""macd_k_mid"": 0.7, ""macd_signal"": 5, ""macd_slow"": 35, ""macd_std_window"": 88, ""rebalance_freq"": 90, ""rebounce_block"": 5, ""sl_mult_lm"": 1.05, ""sl_mult_lr"": 2.4, ""sl_mult_sm"": 1.4, ""sl_mult_sr"": 1.8, ""time_stop"": 26, ""tp_mult_lm"": 5.3, ""tp_mult_lr"": 11.2, ""tp_mult_sm"": 3.1, ""tp_mult_sr"": 5.300000000000001, ""trail_mult"": 3.6, ""trail_tp"": false, ""use_trailing"": false}",{},
2988,-1000000000.0,TrialState.COMPLETE,2026-04-01T08:52:21.327174,2026-04-01T08:52:26.052719,4.725545,"{""atr_window"": 18, ""bb_std_dev"": 2.45, ""bb_window"": 21, ""cooldown"": 2, ""macd_fast"": 15, ""macd_k"": 1.05, ""macd_k_mid"": 0.7, ""macd_signal"": 5, ""macd_slow"": 35, ""macd_std_window"": 89, ""rebalance_freq"": 90, ""rebounce_block"": 5, ""sl_mult_lm"": 1.05, ""sl_mult_lr"": 2.4, ""sl_mult_sm"": 1.4, ""sl_mult_sr"": 1.8, ""time_stop"": 27, ""tp_mult_lm"": 5.2, ""tp_mult_lr"": 10.8, ""tp_mult_sm"": 3.0, ""tp_mult_sr"": 5.2, ""trail_mult"": 3.5, ""trail_tp"": false, ""use_trailing"": false}",{},
2989,-1000000000.0,TrialState.COMPLETE,2026-04-01T08:52:26.122866,2026-04-01T08:52:30.514244,4.391378,"{""atr_window"": 18, ""bb_std_dev"": 2.5, ""bb_window"": 21, ""cooldown"": 2, ""macd_fast"": 15, ""macd_k"": 1.05, ""macd_k_mid"": 0.7, ""macd_signal"": 5, ""macd_slow"": 35, ""macd_std_window"": 89, ""rebalance_freq"": 90, ""rebounce_block"": 5, ""sl_mult_lm"": 1.05, ""sl_mult_lr"": 2.4, ""sl_mult_sm"": 1.35, ""sl_mult_sr"": 1.8, ""time_stop"": 28, ""tp_mult_lm"": 5.2, ""tp_mult_lr"": 11.0, ""tp_mult_sm"": 3.1, ""tp_mult_sr"": 5.4, ""trail_mult"": 3.5, ""trail_tp"": false, ""use_trailing"": false}",{},
2990,-1000000000.0,TrialState.COMPLETE,2026-04-01T08:52:30.581573,2026-04-01T08:52:34.865746,4.284173,"{""atr_window"": 18, ""bb_std_dev"": 2.4, ""bb_window"": 22, ""cooldown"": 2, ""macd_fast"": 15, ""macd_k"": 1.05, ""macd_k_mid"": 0.7, ""macd_signal"": 5, ""macd_slow"": 35, ""macd_std_window"": 88, ""rebalance_freq"": 90, ""rebounce_block"": 5, ""sl_mult_lm"": 1.05, ""sl_mult_lr"": 2.4, ""sl_mult_sm"": 1.4, ""sl_mult_sr"": 1.8, ""time_stop"": 27, ""tp_mult_lm"": 5.3, ""tp_mult_lr"": 10.4, ""tp_mult_sm"": 3.0, ""tp_mult_sr"": 5.300000000000001, ""trail_mult"": 3.4000000000000004, ""trail_tp"": false, ""use_trailing"": false}",{},
2991,3.027014285714286,TrialState.COMPLETE,2026-04-01T08:52:34.988158,2026-04-01T08:52:39.229990,4.241832,"{""atr_window"": 18, ""bb_std_dev"": 2.45, ""bb_window"": 21, ""cooldown"": 2, ""macd_fast"": 15, ""macd_k"": 1.05, ""macd_k_mid"": 0.7, ""macd_signal"": 5, ""macd_slow"": 35, ""macd_std_window"": 89, ""rebalance_freq"": 90, ""rebounce_block"": 5, ""sl_mult_lm"": 1.05, ""sl_mult_lr"": 2.4, ""sl_mult_sm"": 1.45, ""sl_mult_sr"": 1.8, ""time_stop"": 27, ""tp_mult_lm"": 5.2, ""tp_mult_lr"": 10.6, ""tp_mult_sm"": 3.1, ""tp_mult_sr"": 5.2, ""trail_mult"": 3.5, ""trail_tp"": false, ""use_trailing"": false}",{},
2992,-1000000000.0,TrialState.COMPLETE,2026-04-01T08:52:39.304393,2026-04-01T08:52:43.502934,4.198541,"{""atr_window"": 18, ""bb_std_dev"": 2.45, ""bb_window"": 21, ""cooldown"": 2, ""macd_fast"": 15, ""macd_k"": 1.05, ""macd_k_mid"": 0.7, ""macd_signal"": 5, ""macd_slow"": 35, ""macd_std_window"": 89, ""rebalance_freq"": 90, ""rebounce_block"": 5, ""sl_mult_lm"": 1.1, ""sl_mult_lr"": 2.4, ""sl_mult_sm"": 1.5, ""sl_mult_sr"": 1.8, ""time_stop"": 26, ""tp_mult_lm"": 5.2, ""tp_mult_lr"": 10.8, ""tp_mult_sm"": 3.2, ""tp_mult_sr"": 5.300000000000001, ""trail_mult"": 3.4000000000000004, ""trail_tp"": false, ""use_trailing"": false}",{},
2993,2.462992857142857,TrialState.COMPLETE,2026-04-01T08:52:43.567988,2026-04-01T08:52:47.760275,4.192287,"{""atr_window"": 18, ""bb_std_dev"": 2.45, ""bb_window"": 21, ""cooldown"": 2, ""macd_fast"": 15, ""macd_k"": 1.05, ""macd_k_mid"": 0.7, ""macd_signal"": 5, ""macd_slow"": 35, ""macd_std_window"": 89, ""rebalance_freq"": 90, ""rebounce_block"": 5, ""sl_mult_lm"": 1.05, ""sl_mult_lr"": 2.4, ""sl_mult_sm"": 1.5, ""sl_mult_sr"": 1.8, ""time_stop"": 28, ""tp_mult_lm"": 5.2, ""tp_mult_lr"": 11.0, ""tp_mult_sm"": 3.1, ""tp_mult_sr"": 5.4, ""trail_mult"": 3.6, ""trail_tp"": false, ""use_trailing"": false}",{},
