number,value,state,datetime_start,datetime_complete,duration_seconds,params_json,fold_sharpes_json,avg_cv_sharpe
1071,-1000000000.0,TrialState.COMPLETE,2026-04-01T02:24:33.510464,2026-04-01T02:24:33.551291,0.040827,"{""atr_window"": 12, ""bb_std_dev"": 2.4, ""bb_window"": 15, ""cooldown"": 1, ""macd_fast"": 12, ""macd_k"": 1.25, ""macd_k_mid"": 0.65, ""macd_signal"": 7, ""macd_slow"": 42, ""macd_std_window"": 73, ""rebalance_freq"": 120, ""rebounce_block"": 2, ""sl_mult_lm"": 1.4, ""sl_mult_lr"": 2.2, ""sl_mult_sm"": 2.0, ""sl_mult_sr"": 1.7, ""time_stop"": 17, ""tp_mult_lm"": 3.8, ""tp_mult_lr"": 10.8, ""tp_mult_sm"": 6.800000000000001, ""tp_mult_sr"": 3.8, ""trail_mult"": 3.1, ""trail_tp"": true, ""use_trailing"": true}",{},
1072,-1000000000.0,TrialState.COMPLETE,2026-04-01T02:24:33.582843,2026-04-01T02:24:36.089008,2.506165,"{""atr_window"": 20, ""bb_std_dev"": 2.3, ""bb_window"": 20, ""cooldown"": 4, ""macd_fast"": 14, ""macd_k"": 1.35, ""macd_k_mid"": 0.7, ""macd_signal"": 6, ""macd_slow"": 36, ""macd_std_window"": 99, ""rebalance_freq"": 180, ""rebounce_block"": 3, ""sl_mult_lm"": 1.1, ""sl_mult_lr"": 5.0, ""sl_mult_sm"": 1.8, ""sl_mult_sr"": 2.0, ""time_stop"": 21, ""tp_mult_lm"": 5.7, ""tp_mult_lr"": 8.0, ""tp_mult_sm"": 6.5, ""tp_mult_sr"": 4.5, ""trail_mult"": 2.6, ""trail_tp"": false, ""use_trailing"": true}",{},
1073,-1000000000.0,TrialState.COMPLETE,2026-04-01T02:24:36.123367,2026-04-01T02:24:38.664345,2.540978,"{""atr_window"": 14, ""bb_std_dev"": 1.5999999999999999, ""bb_window"": 17, ""cooldown"": 3, ""macd_fast"": 16, ""macd_k"": 1.1, ""macd_k_mid"": 0.6, ""macd_signal"": 8, ""macd_slow"": 35, ""macd_std_window"": 89, ""rebalance_freq"": 150, ""rebounce_block"": 5, ""sl_mult_lm"": 1.9500000000000002, ""sl_mult_lr"": 2.4, ""sl_mult_sm"": 1.9500000000000002, ""sl_mult_sr"": 2.8, ""time_stop"": 1, ""tp_mult_lm"": 5.6, ""tp_mult_lr"": 9.4, ""tp_mult_sm"": 4.8, ""tp_mult_sr"": 3.0, ""trail_mult"": 2.1, ""trail_tp"": true, ""use_trailing"": false}",{},
1074,-1000000000.0,TrialState.COMPLETE,2026-04-01T02:24:38.698338,2026-04-01T02:26:17.583436,98.885098,"{""atr_window"": 16, ""bb_std_dev"": 1.95, ""bb_window"": 25, ""cooldown"": 5, ""macd_fast"": 18, ""macd_k"": 1.15, ""macd_k_mid"": 0.9, ""macd_signal"": 10, ""macd_slow"": 39, ""macd_std_window"": 92, ""rebalance_freq"": 90, ""rebounce_block"": 4, ""sl_mult_lm"": 1.5, ""sl_mult_lr"": 2.3, ""sl_mult_sm"": 1.25, ""sl_mult_sr"": 3.1, ""time_stop"": 24, ""tp_mult_lm"": 4.5, ""tp_mult_lr"": 8.8, ""tp_mult_sm"": 6.4, ""tp_mult_sr"": 4.7, ""trail_mult"": 3.2, ""trail_tp"": false, ""use_trailing"": true}",{},
1075,-1000000000.0,TrialState.COMPLETE,2026-04-01T02:26:17.673081,2026-04-01T02:26:20.132152,2.459071,"{""atr_window"": 17, ""bb_std_dev"": 2.35, ""bb_window"": 21, ""cooldown"": 0, ""macd_fast"": 20, ""macd_k"": 1.45, ""macd_k_mid"": 0.8, ""macd_signal"": 9, ""macd_slow"": 41, ""macd_std_window"": 82, ""rebalance_freq"": 30, ""rebounce_block"": 6, ""sl_mult_lm"": 1.0, ""sl_mult_lr"": 4.6, ""sl_mult_sm"": 1.9, ""sl_mult_sr"": 3.2, ""time_stop"": 18, ""tp_mult_lm"": 5.9, ""tp_mult_lr"": 10.4, ""tp_mult_sm"": 3.7, ""tp_mult_sr"": 6.6, ""trail_mult"": 2.3, ""trail_tp"": true, ""use_trailing"": true}",{},
1076,-1000000000.0,TrialState.COMPLETE,2026-04-01T02:26:20.171358,2026-04-01T02:26:20.221638,0.05028,"{""atr_window"": 16, ""bb_std_dev"": 1.7999999999999998, ""bb_window"": 24, ""cooldown"": 2, ""macd_fast"": 13, ""macd_k"": 1.0, ""macd_k_mid"": 0.55, ""macd_signal"": 7, ""macd_slow"": 43, ""macd_std_window"": 70, ""rebalance_freq"": 60, ""rebounce_block"": 2, ""sl_mult_lm"": 2.0, ""sl_mult_lr"": 2.6, ""sl_mult_sm"": 1.4, ""sl_mult_sr"": 2.2, ""time_stop"": 9, ""tp_mult_lm"": 4.9, ""tp_mult_lr"": 11.4, ""tp_mult_sm"": 3.9, ""tp_mult_sr"": 5.7, ""trail_mult"": 2.2, ""trail_tp"": false, ""use_trailing"": true}",{},
1077,-1000000000.0,TrialState.COMPLETE,2026-04-01T02:26:20.255811,2026-04-01T02:26:20.314968,0.059157,"{""atr_window"": 15, ""bb_std_dev"": 2.2, ""bb_window"": 18, ""cooldown"": 1, ""macd_fast"": 10, ""macd_k"": 1.4, ""macd_k_mid"": 0.8500000000000001, ""macd_signal"": 8, ""macd_slow"": 44, ""macd_std_window"": 97, ""rebalance_freq"": 150, ""rebounce_block"": 0, ""sl_mult_lm"": 2.2, ""sl_mult_lr"": 2.5, ""sl_mult_sm"": 1.55, ""sl_mult_sr"": 3.3, ""time_stop"": 10, ""tp_mult_lm"": 4.8, ""tp_mult_lr"": 12.8, ""tp_mult_sm"": 4.3, ""tp_mult_sr"": 6.7, ""trail_mult"": 3.6, ""trail_tp"": true, ""use_trailing"": false}",{},
1078,-1000000000.0,TrialState.COMPLETE,2026-04-01T02:26:20.349226,2026-04-01T02:26:20.395016,0.04579,"{""atr_window"": 19, ""bb_std_dev"": 2.45, ""bb_window"": 14, ""cooldown"": 3, ""macd_fast"": 15, ""macd_k"": 1.05, ""macd_k_mid"": 0.6, ""macd_signal"": 8, ""macd_slow"": 42, ""macd_std_window"": 88, ""rebalance_freq"": 180, ""rebounce_block"": 3, ""sl_mult_lm"": 2.05, ""sl_mult_lr"": 3.7, ""sl_mult_sm"": 1.6, ""sl_mult_sr"": 1.5, ""time_stop"": 16, ""tp_mult_lm"": 4.4, ""tp_mult_lr"": 16.200000000000003, ""tp_mult_sm"": 6.300000000000001, ""tp_mult_sr"": 5.5, ""trail_mult"": 1.8, ""trail_tp"": false, ""use_trailing"": true}",{},
1079,-1000000000.0,TrialState.COMPLETE,2026-04-01T02:26:20.431403,2026-04-01T02:26:20.475073,0.04367,"{""atr_window"": 18, ""bb_std_dev"": 2.45, ""bb_window"": 16, ""cooldown"": 1, ""macd_fast"": 12, ""macd_k"": 1.6, ""macd_k_mid"": 0.7, ""macd_signal"": 9, ""macd_slow"": 37, ""macd_std_window"": 81, ""rebalance_freq"": 150, ""rebounce_block"": 5, ""sl_mult_lm"": 1.3, ""sl_mult_lr"": 3.2, ""sl_mult_sm"": 1.7000000000000002, ""sl_mult_sr"": 1.6, ""time_stop"": 22, ""tp_mult_lm"": 5.1, ""tp_mult_lr"": 12.0, ""tp_mult_sm"": 6.0, ""tp_mult_sr"": 5.9, ""trail_mult"": 3.8000000000000003, ""trail_tp"": true, ""use_trailing"": true}",{},
1080,-1000000000.0,TrialState.COMPLETE,2026-04-01T02:26:20.512010,2026-04-01T02:26:20.557009,0.044999,"{""atr_window"": 20, ""bb_std_dev"": 2.15, ""bb_window"": 15, ""cooldown"": 0, ""macd_fast"": 14, ""macd_k"": 1.2, ""macd_k_mid"": 0.55, ""macd_signal"": 9, ""macd_slow"": 40, ""macd_std_window"": 90, ""rebalance_freq"": 120, ""rebounce_block"": 4, ""sl_mult_lm"": 1.8, ""sl_mult_lr"": 2.0, ""sl_mult_sm"": 1.75, ""sl_mult_sr"": 2.9000000000000004, ""time_stop"": 15, ""tp_mult_lm"": 4.1, ""tp_mult_lr"": 11.8, ""tp_mult_sm"": 4.6, ""tp_mult_sr"": 3.1, ""trail_mult"": 3.7, ""trail_tp"": false, ""use_trailing"": false}",{},
1081,-1000000000.0,TrialState.COMPLETE,2026-04-01T02:26:20.592646,2026-04-01T02:26:20.650890,0.058244,"{""atr_window"": 14, ""bb_std_dev"": 2.35, ""bb_window"": 19, ""cooldown"": 2, ""macd_fast"": 17, ""macd_k"": 1.25, ""macd_k_mid"": 0.75, ""macd_signal"": 10, ""macd_slow"": 44, ""macd_std_window"": 80, ""rebalance_freq"": 90, ""rebounce_block"": 1, ""sl_mult_lm"": 1.35, ""sl_mult_lr"": 4.800000000000001, ""sl_mult_sm"": 1.8, ""sl_mult_sr"": 2.6, ""time_stop"": 20, ""tp_mult_lm"": 5.2, ""tp_mult_lr"": 12.600000000000001, ""tp_mult_sm"": 5.5, ""tp_mult_sr"": 6.2, ""trail_mult"": 3.5, ""trail_tp"": true, ""use_trailing"": true}",{},
1082,-1000000000.0,TrialState.COMPLETE,2026-04-01T02:26:20.685164,2026-04-01T02:26:23.187897,2.502733,"{""atr_window"": 13, ""bb_std_dev"": 2.5, ""bb_window"": 14, ""cooldown"": 4, ""macd_fast"": 20, ""macd_k"": 1.5, ""macd_k_mid"": 0.5, ""macd_signal"": 8, ""macd_slow"": 37, ""macd_std_window"": 98, ""rebalance_freq"": 120, ""rebounce_block"": 6, ""sl_mult_lm"": 1.15, ""sl_mult_lr"": 4.300000000000001, ""sl_mult_sm"": 1.85, ""sl_mult_sr"": 1.9, ""time_stop"": 28, ""tp_mult_lm"": 6.0, ""tp_mult_lr"": 12.2, ""tp_mult_sm"": 5.800000000000001, ""tp_mult_sr"": 5.300000000000001, ""trail_mult"": 2.0, ""trail_tp"": false, ""use_trailing"": true}",{},
1083,-1000000000.0,TrialState.COMPLETE,2026-04-01T02:26:23.274255,2026-04-01T02:26:34.922788,11.648533,"{""atr_window"": 15, ""bb_std_dev"": 2.15, ""bb_window"": 22, ""cooldown"": 1, ""macd_fast"": 16, ""macd_k"": 1.3, ""macd_k_mid"": 0.65, ""macd_signal"": 7, ""macd_slow"": 36, ""macd_std_window"": 100, ""rebalance_freq"": 30, ""rebounce_block"": 5, ""sl_mult_lm"": 1.2, ""sl_mult_lr"": 2.3, ""sl_mult_sm"": 1.5, ""sl_mult_sr"": 2.1, ""time_stop"": 5, ""tp_mult_lm"": 5.800000000000001, ""tp_mult_lr"": 14.4, ""tp_mult_sm"": 3.3, ""tp_mult_sr"": 4.2, ""trail_mult"": 3.2, ""trail_tp"": true, ""use_trailing"": true}",{},
1084,-1000000000.0,TrialState.COMPLETE,2026-04-01T02:26:34.996103,2026-04-01T02:26:46.649277,11.653174,"{""atr_window"": 11, ""bb_std_dev"": 2.1, ""bb_window"": 17, ""cooldown"": 2, ""macd_fast"": 19, ""macd_k"": 1.55, ""macd_k_mid"": 0.55, ""macd_signal"": 6, ""macd_slow"": 40, ""macd_std_window"": 88, ""rebalance_freq"": 180, ""rebounce_block"": 0, ""sl_mult_lm"": 1.9, ""sl_mult_lr"": 2.4, ""sl_mult_sm"": 1.0, ""sl_mult_sr"": 1.7, ""time_stop"": 3, ""tp_mult_lm"": 5.3, ""tp_mult_lr"": 13.600000000000001, ""tp_mult_sm"": 6.7, ""tp_mult_sr"": 3.8, ""trail_mult"": 2.4, ""trail_tp"": false, ""use_trailing"": false}",{},
1085,-1000000000.0,TrialState.COMPLETE,2026-04-01T02:26:46.741942,2026-04-01T02:26:46.960345,0.218403,"{""atr_window"": 14, ""bb_std_dev"": 2.25, ""bb_window"": 23, ""cooldown"": 5, ""macd_fast"": 14, ""macd_k"": 1.1, ""macd_k_mid"": 0.7, ""macd_signal"": 10, ""macd_slow"": 41, ""macd_std_window"": 92, ""rebalance_freq"": 150, ""rebounce_block"": 6, ""sl_mult_lm"": 1.05, ""sl_mult_lr"": 3.3, ""sl_mult_sm"": 1.45, ""sl_mult_sr"": 1.5, ""time_stop"": 19, ""tp_mult_lm"": 5.4, ""tp_mult_lr"": 10.6, ""tp_mult_sm"": 6.2, ""tp_mult_sr"": 6.5, ""trail_mult"": 2.9000000000000004, ""trail_tp"": true, ""use_trailing"": true}",{},
1086,-1000000000.0,TrialState.COMPLETE,2026-04-01T02:26:47.043249,2026-04-01T02:26:47.234342,0.191093,"{""atr_window"": 20, ""bb_std_dev"": 2.4, ""bb_window"": 14, ""cooldown"": 0, ""macd_fast"": 13, ""macd_k"": 2.0, ""macd_k_mid"": 0.6, ""macd_signal"": 5, ""macd_slow"": 38, ""macd_std_window"": 72, ""rebalance_freq"": 150, ""rebounce_block"": 3, ""sl_mult_lm"": 2.1500000000000004, ""sl_mult_lr"": 2.7, ""sl_mult_sm"": 1.05, ""sl_mult_sr"": 1.8, ""time_stop"": 21, ""tp_mult_lm"": 3.6, ""tp_mult_lr"": 11.2, ""tp_mult_sm"": 5.7, ""tp_mult_sr"": 4.8, ""trail_mult"": 3.0, ""trail_tp"": false, ""use_trailing"": true}",{},
1087,-1000000000.0,TrialState.COMPLETE,2026-04-01T02:26:47.321209,2026-04-01T02:26:47.534658,0.213449,"{""atr_window"": 17, ""bb_std_dev"": 2.0, ""bb_window"": 16, ""cooldown"": 3, ""macd_fast"": 11, ""macd_k"": 1.9500000000000002, ""macd_k_mid"": 0.75, ""macd_signal"": 8, ""macd_slow"": 43, ""macd_std_window"": 89, ""rebalance_freq"": 180, ""rebounce_block"": 2, ""sl_mult_lm"": 1.0, ""sl_mult_lr"": 4.1, ""sl_mult_sm"": 1.2, ""sl_mult_sr"": 2.2, ""time_stop"": 27, ""tp_mult_lm"": 4.0, ""tp_mult_lr"": 8.4, ""tp_mult_sm"": 5.1, ""tp_mult_sr"": 4.4, ""trail_mult"": 3.1, ""trail_tp"": true, ""use_trailing"": true}",{},
1088,-1000000000.0,TrialState.COMPLETE,2026-04-01T02:26:47.618076,2026-04-01T02:26:47.826336,0.20826,"{""atr_window"": 16, ""bb_std_dev"": 2.2, ""bb_window"": 21, ""cooldown"": 4, ""macd_fast"": 15, ""macd_k"": 1.05, ""macd_k_mid"": 0.5, ""macd_signal"": 9, ""macd_slow"": 39, ""macd_std_window"": 95, ""rebalance_freq"": 90, ""rebounce_block"": 4, ""sl_mult_lm"": 2.1, ""sl_mult_lr"": 4.2, ""sl_mult_sm"": 1.9, ""sl_mult_sr"": 2.0, ""time_stop"": 7, ""tp_mult_lm"": 5.0, ""tp_mult_lr"": 10.0, ""tp_mult_sm"": 3.5, ""tp_mult_sr"": 5.6, ""trail_mult"": 3.3, ""trail_tp"": false, ""use_trailing"": false}",{},
1089,-1000000000.0,TrialState.COMPLETE,2026-04-01T02:26:47.911507,2026-04-01T02:26:48.139356,0.227849,"{""atr_window"": 18, ""bb_std_dev"": 2.3, ""bb_window"": 14, ""cooldown"": 1, ""macd_fast"": 12, ""macd_k"": 1.15, ""macd_k_mid"": 0.6, ""macd_signal"": 7, ""macd_slow"": 35, ""macd_std_window"": 99, ""rebalance_freq"": 60, ""rebounce_block"": 1, ""sl_mult_lm"": 1.55, ""sl_mult_lr"": 2.8, ""sl_mult_sm"": 1.65, ""sl_mult_sr"": 1.6, ""time_stop"": 13, ""tp_mult_lm"": 5.3, ""tp_mult_lr"": 15.2, ""tp_mult_sm"": 6.9, ""tp_mult_sr"": 3.2, ""trail_mult"": 2.7, ""trail_tp"": true, ""use_trailing"": true}",{},
1090,-1000000000.0,TrialState.COMPLETE,2026-04-01T02:26:48.222350,2026-04-01T02:26:48.429209,0.206859,"{""atr_window"": 12, ""bb_std_dev"": 2.05, ""bb_window"": 18, ""cooldown"": 2, ""macd_fast"": 17, ""macd_k"": 1.45, ""macd_k_mid"": 0.8500000000000001, ""macd_signal"": 8, ""macd_slow"": 44, ""macd_std_window"": 82, ""rebalance_freq"": 120, ""rebounce_block"": 3, ""sl_mult_lm"": 2.0, ""sl_mult_lr"": 2.5, ""sl_mult_sm"": 1.1, ""sl_mult_sr"": 2.3, ""time_stop"": 0, ""tp_mult_lm"": 3.7, ""tp_mult_lr"": 12.4, ""tp_mult_sm"": 3.1, ""tp_mult_sr"": 3.9, ""trail_mult"": 2.3, ""trail_tp"": true, ""use_trailing"": true}",{},
1091,-1000000000.0,TrialState.COMPLETE,2026-04-01T02:26:48.505800,2026-04-01T02:27:00.488265,11.982465,"{""atr_window"": 16, ""bb_std_dev"": 1.95, ""bb_window"": 15, ""cooldown"": 1, ""macd_fast"": 20, ""macd_k"": 1.7000000000000002, ""macd_k_mid"": 0.55, ""macd_signal"": 6, ""macd_slow"": 40, ""macd_std_window"": 71, ""rebalance_freq"": 30, ""rebounce_block"": 6, ""sl_mult_lm"": 1.3, ""sl_mult_lr"": 2.6, ""sl_mult_sm"": 1.7000000000000002, ""sl_mult_sr"": 2.1, ""time_stop"": 26, ""tp_mult_lm"": 5.9, ""tp_mult_lr"": 10.8, ""tp_mult_sm"": 4.4, ""tp_mult_sr"": 6.800000000000001, ""trail_mult"": 2.8, ""trail_tp"": false, ""use_trailing"": true}",{},
1092,-1000000000.0,TrialState.COMPLETE,2026-04-01T02:27:00.572920,2026-04-01T02:27:00.773179,0.200259,"{""atr_window"": 10, ""bb_std_dev"": 2.35, ""bb_window"": 16, ""cooldown"": 0, ""macd_fast"": 18, ""macd_k"": 1.65, ""macd_k_mid"": 0.8, ""macd_signal"": 9, ""macd_slow"": 41, ""macd_std_window"": 91, ""rebalance_freq"": 150, ""rebounce_block"": 5, ""sl_mult_lm"": 1.25, ""sl_mult_lr"": 2.2, ""sl_mult_sm"": 1.6, ""sl_mult_sr"": 1.5, ""time_stop"": 25, ""tp_mult_lm"": 5.5, ""tp_mult_lr"": 11.6, ""tp_mult_sm"": 5.0, ""tp_mult_sr"": 5.0, ""trail_mult"": 1.7, ""trail_tp"": true, ""use_trailing"": false}",{},
1093,-1000000000.0,TrialState.COMPLETE,2026-04-01T02:27:00.867733,2026-04-01T02:27:01.127561,0.259828,"{""atr_window"": 14, ""bb_std_dev"": 1.5499999999999998, ""bb_window"": 17, ""cooldown"": 2, ""macd_fast"": 16, ""macd_k"": 1.9, ""macd_k_mid"": 0.5, ""macd_signal"": 8, ""macd_slow"": 42, ""macd_std_window"": 85, ""rebalance_freq"": 180, ""rebounce_block"": 0, ""sl_mult_lm"": 1.9500000000000002, ""sl_mult_lr"": 2.4, ""sl_mult_sm"": 1.75, ""sl_mult_sr"": 2.5, ""time_stop"": 1, ""tp_mult_lm"": 5.6, ""tp_mult_lr"": 13.0, ""tp_mult_sm"": 4.2, ""tp_mult_sr"": 5.800000000000001, ""trail_mult"": 2.2, ""trail_tp"": false, ""use_trailing"": true}",{},
1094,-1000000000.0,TrialState.COMPLETE,2026-04-01T02:27:01.213293,2026-04-01T02:27:01.436822,0.223529,"{""atr_window"": 19, ""bb_std_dev"": 1.65, ""bb_window"": 20, ""cooldown"": 5, ""macd_fast"": 10, ""macd_k"": 1.8, ""macd_k_mid"": 0.95, ""macd_signal"": 9, ""macd_slow"": 43, ""macd_std_window"": 80, ""rebalance_freq"": 150, ""rebounce_block"": 5, ""sl_mult_lm"": 1.9, ""sl_mult_lr"": 2.1, ""sl_mult_sm"": 1.25, ""sl_mult_sr"": 2.6, ""time_stop"": 6, ""tp_mult_lm"": 5.1, ""tp_mult_lr"": 9.6, ""tp_mult_sm"": 6.800000000000001, ""tp_mult_sr"": 5.4, ""trail_mult"": 3.4000000000000004, ""trail_tp"": true, ""use_trailing"": true}",{},
1095,-1000000000.0,TrialState.COMPLETE,2026-04-01T02:27:01.524157,2026-04-01T02:42:04.058484,902.534327,"{""atr_window"": 13, ""bb_std_dev"": 1.9, ""bb_window"": 14, ""cooldown"": 3, ""macd_fast"": 19, ""macd_k"": 1.0, ""macd_k_mid"": 0.55, ""macd_signal"": 9, ""macd_slow"": 37, ""macd_std_window"": 86, ""rebalance_freq"": 120, ""rebounce_block"": 3, ""sl_mult_lm"": 1.35, ""sl_mult_lr"": 2.9, ""sl_mult_sm"": 1.3, ""sl_mult_sr"": 2.1, ""time_stop"": 17, ""tp_mult_lm"": 5.0, ""tp_mult_lr"": 10.4, ""tp_mult_sm"": 7.0, ""tp_mult_sr"": 6.0, ""trail_mult"": 3.9000000000000004, ""trail_tp"": false, ""use_trailing"": false}",{},
1096,-1000000000.0,TrialState.COMPLETE,2026-04-01T02:42:04.101886,2026-04-01T02:42:06.742840,2.640954,"{""atr_window"": 15, ""bb_std_dev"": 1.8499999999999999, ""bb_window"": 19, ""cooldown"": 0, ""macd_fast"": 14, ""macd_k"": 1.5, ""macd_k_mid"": 0.7, ""macd_signal"": 10, ""macd_slow"": 35, ""macd_std_window"": 83, ""rebalance_freq"": 90, ""rebounce_block"": 2, ""sl_mult_lm"": 2.1500000000000004, ""sl_mult_lr"": 3.0, ""sl_mult_sm"": 1.85, ""sl_mult_sr"": 3.0, ""time_stop"": 10, ""tp_mult_lm"": 5.7, ""tp_mult_lr"": 15.8, ""tp_mult_sm"": 4.7, ""tp_mult_sr"": 6.9, ""trail_mult"": 2.0, ""trail_tp"": true, ""use_trailing"": true}",{},
1097,-1000000000.0,TrialState.COMPLETE,2026-04-01T02:42:06.777770,2026-04-01T02:42:06.823313,0.045543,"{""atr_window"": 20, ""bb_std_dev"": 1.75, ""bb_window"": 24, ""cooldown"": 4, ""macd_fast"": 12, ""macd_k"": 1.25, ""macd_k_mid"": 0.9, ""macd_signal"": 7, ""macd_slow"": 43, ""macd_std_window"": 87, ""rebalance_freq"": 150, ""rebounce_block"": 5, ""sl_mult_lm"": 1.2, ""sl_mult_lr"": 2.5, ""sl_mult_sm"": 1.5, ""sl_mult_sr"": 1.9, ""time_stop"": 4, ""tp_mult_lm"": 3.8, ""tp_mult_lr"": 14.600000000000001, ""tp_mult_sm"": 6.6, ""tp_mult_sr"": 6.4, ""trail_mult"": 3.3, ""trail_tp"": false, ""use_trailing"": true}",{},
1098,-1000000000.0,TrialState.COMPLETE,2026-04-01T02:42:06.856935,2026-04-01T02:42:06.901912,0.044977,"{""atr_window"": 18, ""bb_std_dev"": 1.45, ""bb_window"": 16, ""cooldown"": 1, ""macd_fast"": 15, ""macd_k"": 1.65, ""macd_k_mid"": 0.65, ""macd_signal"": 8, ""macd_slow"": 38, ""macd_std_window"": 70, ""rebalance_freq"": 180, ""rebounce_block"": 6, ""sl_mult_lm"": 1.85, ""sl_mult_lr"": 3.1, ""sl_mult_sm"": 1.9500000000000002, ""sl_mult_sr"": 2.7, ""time_stop"": 22, ""tp_mult_lm"": 6.0, ""tp_mult_lr"": 13.2, ""tp_mult_sm"": 3.4, ""tp_mult_sr"": 3.1, ""trail_mult"": 2.1, ""trail_tp"": true, ""use_trailing"": true}",{},
1099,-1000000000.0,TrialState.COMPLETE,2026-04-01T02:42:06.935243,2026-04-01T02:42:07.000278,0.065035,"{""atr_window"": 17, ""bb_std_dev"": 2.5, ""bb_window"": 15, ""cooldown"": 2, ""macd_fast"": 11, ""macd_k"": 1.1, ""macd_k_mid"": 0.6, ""macd_signal"": 8, ""macd_slow"": 36, ""macd_std_window"": 75, ""rebalance_freq"": 180, ""rebounce_block"": 4, ""sl_mult_lm"": 1.75, ""sl_mult_lr"": 4.5, ""sl_mult_sm"": 1.8, ""sl_mult_sr"": 1.8, ""time_stop"": 9, ""tp_mult_lm"": 4.2, ""tp_mult_lr"": 12.0, ""tp_mult_sm"": 4.5, ""tp_mult_sr"": 3.7, ""trail_mult"": 4.0, ""trail_tp"": false, ""use_trailing"": false}",{},
1100,-1000000000.0,TrialState.COMPLETE,2026-04-01T02:42:07.058998,2026-04-01T02:42:09.587346,2.528348,"{""atr_window"": 12, ""bb_std_dev"": 1.7, ""bb_window"": 17, ""cooldown"": 1, ""macd_fast"": 17, ""macd_k"": 1.85, ""macd_k_mid"": 0.55, ""macd_signal"": 9, ""macd_slow"": 39, ""macd_std_window"": 96, ""rebalance_freq"": 150, ""rebounce_block"": 4, ""sl_mult_lm"": 1.3, ""sl_mult_lr"": 3.4000000000000004, ""sl_mult_sm"": 1.7000000000000002, ""sl_mult_sr"": 1.6, ""time_stop"": 29, ""tp_mult_lm"": 4.6, ""tp_mult_lr"": 8.2, ""tp_mult_sm"": 5.6, ""tp_mult_sr"": 4.6, ""trail_mult"": 3.7, ""trail_tp"": true, ""use_trailing"": true}",{},
1101,-1000000000.0,TrialState.COMPLETE,2026-04-01T02:42:09.623471,2026-04-01T02:42:09.670243,0.046772,"{""atr_window"": 14, ""bb_std_dev"": 1.4, ""bb_window"": 22, ""cooldown"": 4, ""macd_fast"": 13, ""macd_k"": 1.05, ""macd_k_mid"": 0.7, ""macd_signal"": 7, ""macd_slow"": 40, ""macd_std_window"": 74, ""rebalance_freq"": 30, ""rebounce_block"": 0, ""sl_mult_lm"": 1.7000000000000002, ""sl_mult_lr"": 4.2, ""sl_mult_sm"": 1.55, ""sl_mult_sr"": 1.5, ""time_stop"": 8, ""tp_mult_lm"": 5.2, ""tp_mult_lr"": 9.2, ""tp_mult_sm"": 6.1, ""tp_mult_sr"": 4.0, ""trail_mult"": 1.9, ""trail_tp"": false, ""use_trailing"": true}",{},
1102,-1000000000.0,TrialState.COMPLETE,2026-04-01T02:42:09.704856,2026-04-01T02:42:09.749183,0.044327,"{""atr_window"": 19, ""bb_std_dev"": 1.7999999999999998, ""bb_window"": 14, ""cooldown"": 1, ""macd_fast"": 12, ""macd_k"": 1.55, ""macd_k_mid"": 1.0, ""macd_signal"": 6, ""macd_slow"": 44, ""macd_std_window"": 73, ""rebalance_freq"": 120, ""rebounce_block"": 5, ""sl_mult_lm"": 2.05, ""sl_mult_lr"": 2.3, ""sl_mult_sm"": 1.0, ""sl_mult_sr"": 2.3, ""time_stop"": 12, ""tp_mult_lm"": 3.9, ""tp_mult_lr"": 10.2, ""tp_mult_sm"": 3.6, ""tp_mult_sr"": 4.5, ""trail_mult"": 3.0, ""trail_tp"": true, ""use_trailing"": true}",{},
1103,-1000000000.0,TrialState.COMPLETE,2026-04-01T02:42:09.783007,2026-04-01T02:42:09.824783,0.041776,"{""atr_window"": 16, ""bb_std_dev"": 2.2, ""bb_window"": 14, ""cooldown"": 3, ""macd_fast"": 14, ""macd_k"": 1.15, ""macd_k_mid"": 0.6, ""macd_signal"": 10, ""macd_slow"": 42, ""macd_std_window"": 93, ""rebalance_freq"": 90, ""rebounce_block"": 2, ""sl_mult_lm"": 1.45, ""sl_mult_lr"": 2.1, ""sl_mult_sm"": 2.0, ""sl_mult_sr"": 2.0, ""time_stop"": 18, ""tp_mult_lm"": 5.3, ""tp_mult_lr"": 12.2, ""tp_mult_sm"": 3.7, ""tp_mult_sr"": 3.5, ""trail_mult"": 3.1, ""trail_tp"": false, ""use_trailing"": false}",{},
1104,-1000000000.0,TrialState.COMPLETE,2026-04-01T02:42:09.861090,2026-04-01T02:42:12.465551,2.604461,"{""atr_window"": 15, ""bb_std_dev"": 2.05, ""bb_window"": 21, ""cooldown"": 0, ""macd_fast"": 20, ""macd_k"": 1.35, ""macd_k_mid"": 0.5, ""macd_signal"": 8, ""macd_slow"": 37, ""macd_std_window"": 90, ""rebalance_freq"": 150, ""rebounce_block"": 5, ""sl_mult_lm"": 1.0, ""sl_mult_lr"": 4.4, ""sl_mult_sm"": 1.35, ""sl_mult_sr"": 1.7, ""time_stop"": 20, ""tp_mult_lm"": 4.7, ""tp_mult_lr"": 9.8, ""tp_mult_sm"": 5.4, ""tp_mult_sr"": 4.9, ""trail_mult"": 1.6, ""trail_tp"": true, ""use_trailing"": true}",{},
