number,value,datetime_start,datetime_complete,duration,params_atr_window,params_bb_std_dev,params_bb_window,params_cooldown,params_macd_fast,params_macd_k,params_macd_k_mid,params_macd_signal,params_macd_slow,params_macd_std_window,params_rebalance_freq,params_rebounce_block,params_sl_mult_lm,params_sl_mult_lr,params_sl_mult_sm,params_sl_mult_sr,params_time_stop,params_tp_mult_lm,params_tp_mult_lr,params_tp_mult_sm,params_tp_mult_sr,params_trail_mult,params_trail_tp,params_use_trailing,user_attrs_allocations,user_attrs_deploy_avg_sharpe,user_attrs_deploy_total_sharpe,user_attrs_deploy_year_sharpes,user_attrs_score,user_attrs_selected_tickers,user_attrs_train_avg_sharpe,user_attrs_train_year_sharpes,state
974,-1000000000.0,2026-04-01 02:23:23.731986,2026-04-01 02:23:26.196119,0 days 00:00:02.464133,19,2.25,17,2,20,1.85,0.65,8,38,91,30,4,1.05,2.7,1.85,2.1,25,5.5,10.8,3.1,4.0,1.7,False,True,,,,,,,,,COMPLETE
975,-1000000000.0,2026-04-01 02:23:26.228051,2026-04-01 02:23:26.268840,0 days 00:00:00.040789,16,2.35,14,1,14,1.15,0.55,9,37,84,150,3,1.2,3.0,1.25,1.7,16,4.6,9.2,6.9,4.3,3.5,True,True,,,,,,,,,COMPLETE
976,-1000000000.0,2026-04-01 02:23:26.304658,2026-04-01 02:23:26.355649,0 days 00:00:00.050991,20,1.65,16,1,12,1.35,0.5,8,43,89,180,4,1.9,2.2,1.7000000000000002,1.9,7,5.9,12.8,5.1,5.2,3.1,False,False,,,,,,,,,COMPLETE
977,-1000000000.0,2026-04-01 02:23:26.389424,2026-04-01 02:23:26.444019,0 days 00:00:00.054595,17,2.05,18,3,15,1.6,0.6,7,42,75,180,5,1.15,2.5,1.05,1.5,20,4.1,12.0,4.6,4.2,2.6,True,True,,,,,,,,,COMPLETE
978,-1000000000.0,2026-04-01 02:23:26.477934,2026-04-01 02:23:26.518186,0 days 00:00:00.040252,14,2.1,21,0,16,1.4,0.9,10,40,81,90,2,1.1,4.4,1.65,2.4,4,4.7,9.0,6.2,5.800000000000001,2.8,True,True,,,,,,,,,COMPLETE
979,-1000000000.0,2026-04-01 02:23:26.551275,2026-04-01 02:23:26.593965,0 days 00:00:00.042690,13,2.4,14,1,13,1.7000000000000002,0.7,8,43,98,60,1,1.35,2.4,1.15,2.2,15,3.7,15.8,5.9,3.5,2.7,False,False,,,,,,,,,COMPLETE
980,-1000000000.0,2026-04-01 02:23:26.626278,2026-04-01 02:23:29.126221,0 days 00:00:02.499943,15,1.8499999999999999,15,2,19,1.05,0.6,9,35,88,150,0,1.75,4.800000000000001,1.9,1.8,21,4.9,10.6,3.2,3.9,3.8000000000000003,True,True,,,,,,,,,COMPLETE
981,-1000000000.0,2026-04-01 02:23:29.163716,2026-04-01 02:23:31.703590,0 days 00:00:02.539874,11,2.0,17,4,18,1.0,0.5,9,39,77,120,6,1.3,2.9,1.35,2.0,8,3.5,15.0,6.5,4.1,2.1,False,True,,,,,,,,,COMPLETE
982,-1000000000.0,2026-04-01 02:23:31.730299,2026-04-01 02:23:31.766869,0 days 00:00:00.036570,18,1.7,15,5,20,1.5,0.55,7,44,85,30,5,1.6,2.0,1.5,3.3,17,4.3,10.0,3.3,5.4,1.9,True,True,,,,,,,,,COMPLETE
983,-1000000000.0,2026-04-01 02:23:31.811597,2026-04-01 02:23:31.855127,0 days 00:00:00.043530,16,2.5,20,2,11,1.1,0.55,6,40,82,150,4,1.4,2.6,1.9500000000000002,3.2,13,5.4,14.600000000000001,6.1,6.7,3.6,False,False,,,,,,,,,COMPLETE
984,-1000000000.0,2026-04-01 02:23:31.891768,2026-04-01 02:23:31.935765,0 days 00:00:00.043997,10,2.45,14,1,10,1.65,0.95,8,37,100,180,6,1.8,2.4,1.55,2.6,1,4.8,11.0,5.800000000000001,3.3,3.3,True,True,,,,,,,,,COMPLETE
985,-1000000000.0,2026-04-01 02:23:31.970912,2026-04-01 02:23:32.015008,0 days 00:00:00.044096,15,1.5499999999999998,16,0,14,1.45,0.9,5,43,92,120,3,1.0,2.3,1.75,2.8,29,5.3,11.4,5.0,3.7,2.3,False,True,,,,,,,,,COMPLETE
986,-1000000000.0,2026-04-01 02:23:32.049404,2026-04-01 02:23:32.089916,0 days 00:00:00.040512,20,2.2,19,4,12,1.8,0.65,10,36,96,150,1,1.2,2.5,1.6,1.7,19,5.2,11.6,4.5,4.9,3.2,True,True,,,,,,,,,COMPLETE
987,-1000000000.0,2026-04-01 02:23:32.121687,2026-04-01 02:23:32.161777,0 days 00:00:00.040090,19,2.15,17,2,16,1.2,0.7,8,42,80,90,5,1.5,2.2,1.1,3.5,27,5.7,12.4,6.7,5.9,3.0,False,False,,,,,,,,,COMPLETE
988,-1000000000.0,2026-04-01 02:23:32.193754,2026-04-01 02:23:32.237802,0 days 00:00:00.044048,14,2.05,14,0,17,1.15,0.75,9,41,87,30,5,1.9500000000000002,3.3,1.0,2.9000000000000004,24,6.0,12.600000000000001,6.300000000000001,6.5,2.2,True,True,,,,,,,,,COMPLETE
989,-1000000000.0,2026-04-01 02:23:32.280645,2026-04-01 02:23:32.326444,0 days 00:00:00.045799,13,2.35,24,3,19,1.55,0.6,7,44,97,180,6,2.1500000000000004,3.5,1.45,2.1,9,3.9,10.2,5.2,3.1,2.9000000000000004,False,True,,,,,,,,,COMPLETE
990,-1000000000.0,2026-04-01 02:23:32.361679,2026-04-01 02:23:34.854414,0 days 00:00:02.492735,17,1.8499999999999999,18,1,15,1.05,1.0,6,35,86,120,2,2.1,2.8,1.65,1.5,10,5.6,9.8,3.7,5.1,3.1,True,True,,,,,,,,,COMPLETE
991,-1000000000.0,2026-04-01 02:23:34.881995,2026-04-01 02:23:34.923495,0 days 00:00:00.041500,11,1.75,14,1,13,1.9,0.55,9,39,90,150,3,2.0,3.2,1.2,1.6,22,4.2,11.8,6.0,6.1,3.4000000000000004,False,False,,,,,,,,,COMPLETE
992,-1000000000.0,2026-04-01 02:23:34.956543,2026-04-01 02:23:37.496811,0 days 00:00:02.540268,20,1.45,21,2,20,1.35,0.5,8,40,93,150,0,1.25,4.300000000000001,1.6,1.8,12,4.0,13.4,5.4,6.0,1.5,True,True,,,,,,,,,COMPLETE
993,-1000000000.0,2026-04-01 02:23:37.524679,2026-04-01 02:23:40.080008,0 days 00:00:02.555329,18,1.95,15,4,18,1.25,0.8500000000000001,10,37,70,120,4,1.35,2.1,1.7000000000000002,2.0,26,4.4,11.2,4.3,5.7,3.7,False,True,,,,,,,,,COMPLETE
994,-1000000000.0,2026-04-01 02:23:40.107247,2026-04-01 02:23:40.150289,0 days 00:00:00.043042,15,2.25,22,0,14,1.0,0.8,8,38,79,180,5,1.85,3.9000000000000004,1.85,2.3,21,5.3,9.4,3.4,3.8,3.9000000000000004,True,False,,,,,,,,,COMPLETE
995,-1000000000.0,2026-04-01 02:23:40.183592,2026-04-01 02:23:40.226663,0 days 00:00:00.043071,12,2.5,16,1,11,1.75,0.55,9,36,71,30,2,1.9,3.0,2.0,1.5,14,5.1,8.2,5.5,5.6,2.0,False,True,,,,,,,,,COMPLETE
996,-1000000000.0,2026-04-01 02:23:40.272668,2026-04-01 02:23:40.318297,0 days 00:00:00.045629,16,2.45,17,4,12,1.9500000000000002,0.6,7,41,98,60,6,1.45,3.1,1.4,2.1,5,5.6,12.2,3.6,3.4,1.6,True,True,,,,,,,,,COMPLETE
997,-1000000000.0,2026-04-01 02:23:40.354367,2026-04-01 02:23:40.397351,0 days 00:00:00.042984,14,1.7999999999999998,20,3,14,1.3,0.65,8,43,89,90,0,1.55,2.5,1.0,1.6,20,5.4,10.4,6.9,6.300000000000001,2.6,False,True,,,,,,,,,COMPLETE
998,-1000000000.0,2026-04-01 02:23:40.431769,2026-04-01 02:23:40.473880,0 days 00:00:00.042111,18,2.1,14,5,19,1.6,0.5,9,42,91,150,3,2.05,2.9,1.25,3.0,11,5.0,11.6,4.1,4.8,2.3,True,False,,,,,,,,,COMPLETE
999,-1000000000.0,2026-04-01 02:23:40.506643,2026-04-01 02:23:40.547840,0 days 00:00:00.041197,19,2.3,15,2,10,1.4,0.55,7,44,81,150,5,1.05,2.4,1.8,1.7,25,4.9,16.8,3.9,4.0,2.2,False,True,,,,,,,,,COMPLETE
1000,-1000000000.0,2026-04-01 02:23:40.581101,2026-04-01 02:23:40.623112,0 days 00:00:00.042011,17,1.9,17,1,15,1.5,0.75,10,40,100,180,4,1.4,2.3,1.5,2.2,13,6.0,12.0,6.800000000000001,4.5,2.4,True,True,,,,,,,,,COMPLETE
1001,-1000000000.0,2026-04-01 02:23:40.661663,2026-04-01 02:23:40.705856,0 days 00:00:00.044193,16,2.4,25,1,17,1.15,0.7,8,43,84,60,5,1.65,4.1,1.05,3.2,18,5.2,14.0,5.7,5.300000000000001,3.6,False,True,,,,,,,,,COMPLETE
1002,-1000000000.0,2026-04-01 02:23:40.739936,2026-04-01 02:23:40.795102,0 days 00:00:00.055166,14,2.2,16,0,12,1.1,0.55,9,36,75,90,6,1.7000000000000002,4.5,1.65,2.5,23,5.5,13.2,5.6,6.4,2.1,True,False,,,,,,,,,COMPLETE
1003,-1000000000.0,2026-04-01 02:23:40.829469,2026-04-01 02:23:40.874276,0 days 00:00:00.044807,20,1.5999999999999999,22,3,16,1.45,0.6,9,44,99,150,3,1.3,2.6,1.9,1.9,15,5.9,15.600000000000001,3.5,6.9,3.2,False,True,,,,,,,,,COMPLETE
1004,-1000000000.0,2026-04-01 02:23:40.907963,2026-04-01 02:23:43.360881,0 days 00:00:02.452918,15,1.65,14,2,20,1.05,0.65,6,39,83,180,0,1.1,2.7,1.75,3.1,16,4.7,9.8,4.7,3.2,1.8,True,True,,,,,,,,,COMPLETE
1005,-1000000000.0,2026-04-01 02:23:43.394451,2026-04-01 02:23:45.919431,0 days 00:00:02.524980,13,1.75,15,5,13,1.6,0.5,8,35,95,120,2,2.2,5.0,1.15,1.8,28,5.800000000000001,12.8,3.1,7.0,2.1,False,True,,,,,,,,,COMPLETE
1006,-1000000000.0,2026-04-01 02:23:45.959786,2026-04-01 02:23:46.001233,0 days 00:00:00.041447,17,1.5499999999999998,23,1,14,1.1,0.6,7,37,72,150,3,1.9500000000000002,3.4000000000000004,1.8,1.5,0,3.8,13.0,3.8,4.4,4.0,True,False,,,,,,,,,COMPLETE
1007,-1000000000.0,2026-04-01 02:23:46.034330,2026-04-01 02:23:46.075948,0 days 00:00:00.041618,18,1.7,14,4,12,1.55,0.7,5,41,93,30,4,1.0,2.0,1.85,2.4,6,5.6,12.4,3.4,3.9,3.1,True,True,,,,,,,,,COMPLETE
1008,-1000000000.0,2026-04-01 02:23:46.110885,2026-04-01 02:23:48.627681,0 days 00:00:02.516796,16,2.0,20,0,20,1.2,0.55,10,38,88,150,1,1.85,4.2,1.9500000000000002,1.6,17,5.9,16.4,3.0,4.6,2.0,False,True,,,,,,,,,COMPLETE
1009,-1000000000.0,2026-04-01 02:23:48.661508,2026-04-01 02:23:48.710258,0 days 00:00:00.048750,20,2.35,21,2,13,1.65,0.95,9,42,92,120,5,2.05,4.6,1.3,1.9,21,4.8,10.0,7.0,5.0,3.7,True,False,,,,,,,,,COMPLETE
1010,-1000000000.0,2026-04-01 02:23:48.746708,2026-04-01 02:23:48.816547,0 days 00:00:00.069839,15,2.25,16,3,17,1.35,0.8,8,44,78,180,6,2.0,4.9,1.7000000000000002,2.0,7,5.1,8.0,4.9,3.0,1.9,False,True,,,,,,,,,COMPLETE
1011,-1000000000.0,2026-04-01 02:23:48.869365,2026-04-01 02:23:48.912824,0 days 00:00:00.043459,10,1.5,19,1,15,1.0,0.55,7,40,94,30,2,1.2,2.4,1.45,2.2,8,3.7,11.8,6.5,3.8,3.2,True,True,,,,,,,,,COMPLETE
1012,-1000000000.0,2026-04-01 02:23:48.947177,2026-04-01 02:23:48.991431,0 days 00:00:00.044254,19,2.5,14,4,11,1.15,0.8500000000000001,8,43,81,90,0,1.15,2.2,1.35,2.1,2,3.6,13.600000000000001,6.1,3.6,2.2,False,True,,,,,,,,,COMPLETE
1013,-1000000000.0,2026-04-01 02:23:49.031626,2026-04-01 02:23:51.485042,0 days 00:00:02.453416,14,2.05,15,2,18,2.0,0.65,6,39,89,120,6,2.1500000000000004,2.1,1.6,3.4000000000000004,19,5.7,12.2,6.4,6.2,2.5,True,False,,,,,,,,,COMPLETE
1014,-1000000000.0,2026-04-01 02:23:51.518023,2026-04-01 02:23:54.039497,0 days 00:00:02.521474,13,2.4,18,1,19,1.5,0.7,9,41,73,150,5,1.35,2.6,1.55,1.5,30,5.3,10.6,4.3,5.800000000000001,2.2,False,True,,,,,,,,,COMPLETE
1015,-1000000000.0,2026-04-01 02:23:54.068409,2026-04-01 02:23:54.111607,0 days 00:00:00.043198,16,2.15,16,0,10,1.85,0.5,8,35,70,180,1,1.75,2.3,1.25,2.7,10,4.1,9.4,4.4,6.800000000000001,2.8,True,True,,,,,,,,,COMPLETE
1016,-1000000000.0,2026-04-01 02:23:54.144904,2026-04-01 02:23:54.186360,0 days 00:00:00.041456,12,2.3,22,2,14,1.8,1.0,9,43,82,90,5,1.55,2.4,1.75,2.6,24,4.5,11.0,5.9,4.2,1.7,False,True,,,,,,,,,COMPLETE
1017,-1000000000.0,2026-04-01 02:23:54.219634,2026-04-01 02:23:56.743311,0 days 00:00:02.523677,18,2.1,24,3,16,1.25,0.9,10,37,74,150,4,1.25,2.5,1.9,2.3,16,5.0,11.4,6.300000000000001,6.0,3.2,True,False,,,,,,,,,COMPLETE
1018,-1000000000.0,2026-04-01 02:23:56.771088,2026-04-01 02:23:56.813767,0 days 00:00:00.042679,19,2.2,14,4,12,1.3,0.6,7,40,87,180,3,1.05,2.8,1.1,2.2,14,5.4,11.8,4.6,4.6,2.9000000000000004,False,True,,,,,,,,,COMPLETE
1019,-1000000000.0,2026-04-01 02:23:56.846047,2026-04-01 02:23:59.392734,0 days 00:00:02.546687,20,2.45,23,5,18,1.7000000000000002,0.55,6,36,90,120,3,1.9500000000000002,3.0,1.5,1.9,22,4.0,14.4,6.6,4.1,3.0,True,True,,,,,,,,,COMPLETE
1020,-1000000000.0,2026-04-01 02:23:59.426796,2026-04-01 02:23:59.468726,0 days 00:00:00.041930,14,1.7999999999999998,17,1,15,1.45,0.7,9,44,86,150,5,1.9,2.3,1.85,2.0,12,5.5,8.6,4.0,5.1,3.5,False,True,,,,,,,,,COMPLETE
1021,-1000000000.0,2026-04-01 02:23:59.502363,2026-04-01 02:24:02.040096,0 days 00:00:02.537733,15,1.65,25,0,20,1.2,0.5,8,41,77,60,6,2.1,3.6,1.55,1.8,18,3.9,12.600000000000001,4.2,5.4,3.3,True,False,,,,,,,,,COMPLETE
1022,-1000000000.0,2026-04-01 02:24:02.083802,2026-04-01 02:24:02.128183,0 days 00:00:00.044381,16,1.95,21,2,14,1.4,0.6,8,43,99,150,0,1.3,3.8,1.65,1.6,20,5.2,9.6,6.2,5.7,2.7,False,True,,,,,,,,,COMPLETE
1023,-1000000000.0,2026-04-01 02:24:02.161360,2026-04-01 02:24:02.206664,0 days 00:00:00.045304,18,2.5,14,1,10,1.05,0.6,7,37,71,30,2,1.45,2.1,2.0,1.5,17,4.2,13.0,4.5,3.7,3.8000000000000003,True,True,,,,,,,,,COMPLETE
1024,-1000000000.0,2026-04-01 02:24:02.242158,2026-04-01 02:24:02.286669,0 days 00:00:00.044511,11,2.25,15,0,13,1.0,0.55,9,42,90,180,3,1.85,2.5,1.3,1.7,29,4.9,15.4,5.0,4.3,3.0,False,False,,,,,,,,,COMPLETE
1025,-1000000000.0,2026-04-01 02:24:02.327209,2026-04-01 02:24:02.372312,0 days 00:00:00.045103,17,2.05,16,1,12,1.1,0.5,10,38,83,90,4,1.4,4.800000000000001,1.7000000000000002,2.1,9,4.3,12.0,3.5,4.7,2.1,True,True,,,,,,,,,COMPLETE
1026,-1000000000.0,2026-04-01 02:24:02.415242,2026-04-01 02:24:02.475613,0 days 00:00:00.060371,13,1.8499999999999999,20,5,11,1.55,0.75,8,35,97,120,6,2.0,2.4,1.05,1.5,27,5.1,10.4,3.2,5.9,2.7,False,True,,,,,,,,,COMPLETE
1027,-1000000000.0,2026-04-01 02:24:02.508407,2026-04-01 02:24:02.552243,0 days 00:00:00.043836,20,2.35,17,2,14,1.15,0.55,9,40,85,150,5,1.8,2.0,1.2,2.4,15,5.6,11.2,4.8,3.1,3.1,True,True,,,,,,,,,COMPLETE
1028,-1000000000.0,2026-04-01 02:24:02.598128,2026-04-01 02:24:02.642389,0 days 00:00:00.044261,14,2.2,14,3,16,1.65,0.95,5,44,91,30,1,1.35,2.2,1.6,2.5,20,4.6,10.8,5.300000000000001,6.300000000000001,2.6,False,False,,,,,,,,,COMPLETE
1029,-1000000000.0,2026-04-01 02:24:02.679336,2026-04-01 02:24:02.725060,0 days 00:00:00.045724,16,2.0,18,4,15,1.9500000000000002,0.8,6,43,98,180,0,1.9500000000000002,3.2,1.8,2.8,25,5.7,15.2,6.800000000000001,4.9,2.3,True,True,,,,,,,,,COMPLETE
1030,-1000000000.0,2026-04-01 02:24:02.761892,2026-04-01 02:24:02.805827,0 days 00:00:00.043935,12,2.45,14,1,12,1.05,0.65,7,39,80,150,5,1.0,4.300000000000001,1.85,2.1,6,3.5,10.0,6.7,6.6,2.5,False,True,,,,,,,,,COMPLETE
1031,-1000000000.0,2026-04-01 02:24:02.839890,2026-04-01 02:24:02.884729,0 days 00:00:00.044839,15,2.3,24,0,20,1.6,0.6,8,41,100,120,6,1.3,4.2,1.9500000000000002,3.3,3,3.8,14.2,7.0,3.0,1.5,True,True,,,,,,,,,COMPLETE
1032,-1000000000.0,2026-04-01 02:24:02.917737,2026-04-01 02:24:02.960523,0 days 00:00:00.042786,14,1.75,15,2,18,1.45,0.7,9,42,88,180,2,1.25,2.9,1.7000000000000002,2.3,13,5.0,16.0,5.6,3.9,3.6,False,False,,,,,,,,,COMPLETE
1033,-1000000000.0,2026-04-01 02:24:02.994921,2026-04-01 02:24:03.051709,0 days 00:00:00.056788,18,1.4,16,3,11,1.3,0.5,8,40,70,150,3,1.6,4.0,1.75,1.6,1,6.0,12.4,3.7,5.5,1.8,True,True,,,,,,,,,COMPLETE
1034,-1000000000.0,2026-04-01 02:24:03.088130,2026-04-01 02:24:05.473067,0 days 00:00:02.384937,17,2.4,14,4,17,1.5,0.9,10,36,89,90,5,1.75,4.4,1.4,2.0,4,5.2,10.2,6.5,5.2,1.9,True,True,,,,,,,,,COMPLETE
1035,-1000000000.0,2026-04-01 02:24:05.505591,2026-04-01 02:24:05.548523,0 days 00:00:00.042932,10,1.5999999999999999,20,1,17,1.1,0.55,7,43,76,120,4,1.5,3.7,1.0,1.7,0,5.1,14.0,5.800000000000001,4.7,2.0,False,False,,,,,,,,,COMPLETE
1036,-1000000000.0,2026-04-01 02:24:05.600275,2026-04-01 02:24:08.131141,0 days 00:00:02.530866,19,2.15,19,0,19,1.75,0.7,8,37,92,150,2,1.9,3.1,1.65,2.2,26,5.800000000000001,15.0,6.9,3.2,3.7,True,True,,,,,,,,,COMPLETE
1037,-1000000000.0,2026-04-01 02:24:08.163584,2026-04-01 02:24:08.222092,0 days 00:00:00.058508,16,1.9,17,2,13,1.2,0.6,9,44,81,60,0,1.0,2.5,1.9,1.9,22,5.4,9.6,6.2,4.3,3.9000000000000004,False,True,,,,,,,,,COMPLETE
1038,-1000000000.0,2026-04-01 02:24:08.256351,2026-04-01 02:24:10.880033,0 days 00:00:02.623682,11,1.7,14,5,20,1.0,0.8500000000000001,8,39,84,30,6,1.7000000000000002,2.3,1.1,1.8,10,5.3,12.0,5.7,6.5,3.3,True,True,,,,,,,,,COMPLETE
1039,-1000000000.0,2026-04-01 02:24:10.907710,2026-04-01 02:24:10.950261,0 days 00:00:00.042551,20,2.5,15,1,15,1.25,0.55,6,38,96,180,5,2.2,2.4,1.55,1.6,19,4.8,12.2,3.3,6.2,1.6,False,False,,,,,,,,,COMPLETE
1040,-1000000000.0,2026-04-01 02:24:10.981267,2026-04-01 02:24:13.517541,0 days 00:00:02.536274,15,1.95,22,2,14,1.15,1.0,9,35,99,150,3,1.4,2.6,1.8,2.9000000000000004,21,5.5,9.2,4.4,3.7,3.1,True,True,,,,,,,,,COMPLETE
1041,-1000000000.0,2026-04-01 02:24:13.548240,2026-04-01 02:24:13.592755,0 days 00:00:00.044515,14,2.0,21,1,10,1.55,0.65,10,40,72,150,1,1.15,2.7,1.15,3.1,8,5.3,11.8,4.6,4.5,2.1,False,True,,,,,,,,,COMPLETE
1042,-1000000000.0,2026-04-01 02:24:13.632480,2026-04-01 02:24:13.688494,0 days 00:00:00.056014,16,1.45,17,4,16,1.1,0.5,7,41,71,180,3,1.2,2.8,1.25,1.5,16,5.7,17.0,6.0,5.800000000000001,1.7,True,True,,,,,,,,,COMPLETE
1043,-1000000000.0,2026-04-01 02:24:13.723466,2026-04-01 02:24:13.767042,0 days 00:00:00.043576,18,2.2,16,3,12,1.7000000000000002,0.75,9,43,80,90,4,1.55,2.2,1.5,2.7,9,5.0,14.600000000000001,3.0,4.0,3.2,False,False,,,,,,,,,COMPLETE
1044,-1000000000.0,2026-04-01 02:24:13.801919,2026-04-01 02:24:13.845458,0 days 00:00:00.043539,19,1.7999999999999998,15,0,14,1.35,0.55,8,42,95,120,5,1.9500000000000002,2.9,1.75,2.1,23,4.7,12.8,4.9,5.7,2.2,True,True,,,,,,,,,COMPLETE
1045,-1000000000.0,2026-04-01 02:24:13.878574,2026-04-01 02:24:13.922422,0 days 00:00:00.043848,12,2.1,23,1,13,1.05,0.8,5,44,88,30,6,1.1,3.4000000000000004,1.65,2.6,11,3.7,8.4,5.5,6.1,3.5,False,True,,,,,,,,,COMPLETE
1046,-1000000000.0,2026-04-01 02:24:13.955595,2026-04-01 02:24:14.009319,0 days 00:00:00.053724,13,2.35,18,2,12,1.4,0.6,8,36,74,180,0,1.3,4.9,1.6,1.8,18,4.1,9.8,3.5,5.1,3.6,True,True,,,,,,,,,COMPLETE
1047,-1000000000.0,2026-04-01 02:24:14.045824,2026-04-01 02:24:16.542919,0 days 00:00:02.497095,17,1.8499999999999999,14,3,19,1.65,0.55,6,37,82,60,4,1.35,2.1,1.45,1.9,17,5.6,13.4,5.1,4.4,3.0,False,False,,,,,,,,,COMPLETE
1048,-1000000000.0,2026-04-01 02:24:16.573174,2026-04-01 02:24:19.085632,0 days 00:00:02.512458,20,2.05,14,4,20,1.9,0.7,9,40,91,150,2,1.65,3.0,1.35,2.0,5,4.0,8.2,6.300000000000001,5.6,4.0,True,True,,,,,,,,,COMPLETE
1049,-1000000000.0,2026-04-01 02:24:19.119316,2026-04-01 02:24:21.623528,0 days 00:00:02.504212,15,2.45,20,0,14,1.6,0.5,7,35,75,90,5,1.9,2.4,1.9500000000000002,1.7,14,5.4,16.6,3.6,3.4,3.8000000000000003,False,True,,,,,,,,,COMPLETE
1050,-1000000000.0,2026-04-01 02:24:21.651107,2026-04-01 02:24:21.709088,0 days 00:00:00.057981,14,2.25,15,2,10,1.5,0.55,9,39,87,120,5,2.1500000000000004,4.1,1.85,2.2,20,6.0,11.6,3.1,5.300000000000001,2.4,True,False,,,,,,,,,COMPLETE
1051,-1000000000.0,2026-04-01 02:24:21.741952,2026-04-01 02:24:21.794893,0 days 00:00:00.052941,16,2.4,25,1,15,1.8,0.6,10,44,70,180,6,2.05,2.5,1.7000000000000002,1.5,24,5.5,13.0,5.300000000000001,3.8,2.2,False,True,,,,,,,,,COMPLETE
1052,-1000000000.0,2026-04-01 02:24:21.828683,2026-04-01 02:24:21.873032,0 days 00:00:00.044349,20,1.5499999999999998,16,5,18,1.15,0.9,8,43,94,150,0,2.0,4.7,1.8,3.0,2,4.9,9.0,6.1,3.1,2.3,True,True,,,,,,,,,COMPLETE
1053,-1000000000.0,2026-04-01 02:24:21.908627,2026-04-01 02:24:21.954489,0 days 00:00:00.045862,18,1.75,17,1,17,1.0,0.95,8,41,89,30,2,1.25,2.3,2.0,2.5,21,3.9,14.8,6.4,6.4,2.9000000000000004,False,True,,,,,,,,,COMPLETE
1054,-1000000000.0,2026-04-01 02:24:21.989734,2026-04-01 02:24:22.035176,0 days 00:00:00.045442,11,1.65,19,4,13,1.15,0.65,10,38,77,150,6,1.2,2.8,1.55,2.2,12,5.800000000000001,12.4,4.7,3.0,3.7,True,False,,,,,,,,,COMPLETE
1055,-1000000000.0,2026-04-01 02:24:22.070964,2026-04-01 02:24:24.584812,0 days 00:00:02.513848,17,1.7,14,0,20,1.2,0.8500000000000001,7,42,86,120,1,1.0,3.3,1.9,3.4000000000000004,28,5.2,13.8,4.2,3.5,3.2,False,True,,,,,,,,,COMPLETE
1056,-1000000000.0,2026-04-01 02:24:24.619729,2026-04-01 02:24:24.665082,0 days 00:00:00.045353,13,2.15,15,3,12,1.4,0.75,9,37,100,150,3,1.05,2.3,1.05,2.3,7,3.6,12.600000000000001,3.8,4.0,2.7,True,True,,,,,,,,,COMPLETE
1057,-1000000000.0,2026-04-01 02:24:24.699675,2026-04-01 02:24:24.743101,0 days 00:00:00.043426,14,2.3,18,2,16,1.05,0.7,6,43,85,180,4,1.8,2.7,1.3,1.6,0,4.2,13.2,5.2,5.9,2.8,False,True,,,,,,,,,COMPLETE
1058,-1000000000.0,2026-04-01 02:24:24.782060,2026-04-01 02:24:24.820492,0 days 00:00:00.038432,10,2.45,16,1,11,1.1,0.55,8,41,93,90,5,1.35,4.0,1.5,1.7,8,4.4,12.2,3.4,4.8,3.3,True,False,,,,,,,,,COMPLETE
1059,-1000000000.0,2026-04-01 02:24:24.848874,2026-04-01 02:24:24.890541,0 days 00:00:00.041667,15,2.5,24,1,14,1.7000000000000002,0.5,9,44,71,30,3,2.1,2.0,1.05,1.5,16,5.9,11.4,7.0,3.6,1.9,False,True,,,,,,,,,COMPLETE
1060,-1000000000.0,2026-04-01 02:24:24.929892,2026-04-01 02:24:24.970223,0 days 00:00:00.040331,18,1.9,21,5,15,1.5,0.6,5,40,79,120,6,1.85,3.9000000000000004,1.2,2.1,19,5.1,10.6,5.4,3.9,2.6,True,True,,,,,,,,,COMPLETE
1061,-1000000000.0,2026-04-01 02:24:25.000653,2026-04-01 02:24:27.373640,0 days 00:00:02.372987,16,2.25,14,2,17,1.75,0.55,7,39,87,150,5,1.7000000000000002,3.5,1.0,2.4,15,5.3,11.0,4.4,5.0,2.2,False,True,,,,,,,,,COMPLETE
1062,-1000000000.0,2026-04-01 02:24:27.402459,2026-04-01 02:24:27.442491,0 days 00:00:00.040032,19,1.5,17,0,12,1.35,0.7,8,40,96,180,2,1.75,2.6,1.7000000000000002,2.0,23,5.6,10.2,4.0,5.800000000000001,3.1,True,False,,,,,,,,,COMPLETE
1063,-1000000000.0,2026-04-01 02:24:27.470788,2026-04-01 02:24:30.084970,0 days 00:00:02.614182,14,2.05,14,4,18,1.65,0.65,9,36,78,60,0,1.4,2.2,1.6,2.1,29,4.7,11.8,3.2,5.2,2.1,True,True,,,,,,,,,COMPLETE
1064,-1000000000.0,2026-04-01 02:24:30.119302,2026-04-01 02:24:32.902065,0 days 00:00:02.782763,20,2.2,23,3,13,1.3,0.55,6,35,76,90,4,1.15,2.5,1.85,1.9,25,5.4,11.6,4.5,6.300000000000001,1.5,False,True,,,,,,,,,COMPLETE
1065,-1000000000.0,2026-04-01 02:24:33.001213,2026-04-01 02:24:33.050276,0 days 00:00:00.049063,15,2.1,20,1,15,1.0,1.0,10,37,90,150,1,1.6,2.4,1.15,1.8,30,5.0,10.0,6.6,4.6,2.0,True,False,,,,,,,,,COMPLETE
1066,-1000000000.0,2026-04-01 02:24:33.081921,2026-04-01 02:24:33.126026,0 days 00:00:00.044105,16,2.35,22,2,14,1.55,0.5,8,43,83,180,5,1.45,2.1,1.65,1.6,13,4.3,9.8,3.6,4.1,1.6,False,True,,,,,,,,,COMPLETE
1067,-1000000000.0,2026-04-01 02:24:33.160923,2026-04-01 02:24:33.209371,0 days 00:00:00.048448,13,2.0,15,4,11,1.85,0.6,9,38,98,150,6,1.9,2.9,1.75,3.5,26,4.6,15.600000000000001,6.9,6.1,3.4000000000000004,True,True,,,,,,,,,COMPLETE
1068,-1000000000.0,2026-04-01 02:24:33.245291,2026-04-01 02:24:33.286846,0 days 00:00:00.041555,18,1.7,16,0,10,1.6,0.55,7,41,91,120,0,1.25,3.0,1.55,1.5,14,3.5,12.0,4.1,3.3,3.9000000000000004,False,True,,,,,,,,,COMPLETE
1069,-1000000000.0,2026-04-01 02:24:33.323895,2026-04-01 02:24:33.370871,0 days 00:00:00.046976,17,1.75,14,2,19,1.45,0.95,8,43,84,30,3,1.05,3.1,1.35,2.5,20,5.2,9.6,5.9,4.9,1.7,True,False,,,,,,,,,COMPLETE
1070,-1000000000.0,2026-04-01 02:24:33.423170,2026-04-01 02:24:33.471742,0 days 00:00:00.048572,19,2.5,14,1,20,1.2,0.5,9,44,81,150,5,1.9500000000000002,3.6,1.65,1.8,11,5.5,16.4,3.0,6.0,2.5,False,True,,,,,,,,,COMPLETE
1071,-1000000000.0,2026-04-01 02:24:33.510464,2026-04-01 02:24:33.551291,0 days 00:00:00.040827,12,2.4,15,1,12,1.25,0.65,7,42,73,120,2,1.4,2.2,2.0,1.7,17,3.8,10.8,6.800000000000001,3.8,3.1,True,True,,,,,,,,,COMPLETE
