number,value,datetime_start,datetime_complete,duration,params_atr_window,params_bb_std_dev,params_bb_window,params_cooldown,params_macd_fast,params_macd_k,params_macd_k_mid,params_macd_signal,params_macd_slow,params_macd_std_window,params_rebalance_freq,params_rebounce_block,params_sl_mult_lm,params_sl_mult_lr,params_sl_mult_sm,params_sl_mult_sr,params_time_stop,params_tp_mult_lm,params_tp_mult_lr,params_tp_mult_sm,params_tp_mult_sr,params_trail_mult,params_trail_tp,params_use_trailing,user_attrs_allocations,user_attrs_deploy_avg_sharpe,user_attrs_deploy_total_sharpe,user_attrs_deploy_year_sharpes,user_attrs_score,user_attrs_selected_tickers,user_attrs_train_avg_sharpe,user_attrs_train_year_sharpes,state
2629,-1000000000.0,2026-04-01 07:28:37.522204,2026-04-01 07:28:37.623418,0 days 00:00:00.101214,17,2.0,16,1,12,1.5,0.7,9,44,85,120,5,1.85,3.3,1.75,2.0,8,4.5,12.4,4.1,3.9,3.6,False,False,,,,,,,,,COMPLETE
2630,-1000000000.0,2026-04-01 07:28:37.663384,2026-04-01 07:28:37.778219,0 days 00:00:00.114835,15,1.7,18,1,15,1.4,0.8,7,42,70,30,0,2.05,4.1,1.65,2.5,17,4.7,13.8,3.6,4.8,1.5,True,True,,,,,,,,,COMPLETE
2631,-1000000000.0,2026-04-01 07:28:37.821934,2026-04-01 07:28:37.927860,0 days 00:00:00.105926,10,2.4,20,2,13,1.35,0.5,5,37,76,90,3,1.7000000000000002,2.9,1.0,1.9,27,5.800000000000001,12.0,7.0,7.0,2.9000000000000004,True,True,,,,,,,,,COMPLETE
2632,-1000000000.0,2026-04-01 07:28:37.968692,2026-04-01 07:28:38.091625,0 days 00:00:00.122933,11,2.45,17,0,14,1.05,0.8500000000000001,6,40,81,180,5,2.2,3.0,1.85,2.9000000000000004,14,3.5,11.0,4.3,3.4,3.3,False,False,,,,,,,,,COMPLETE
2633,-1000000000.0,2026-04-01 07:28:38.163598,2026-04-01 07:28:38.273251,0 days 00:00:00.109653,18,2.25,22,2,11,1.85,0.7,9,41,80,150,6,1.45,2.6,1.8,2.1,7,5.2,10.0,3.3,4.6,3.8000000000000003,True,True,,,,,,,,,COMPLETE
2634,-1000000000.0,2026-04-01 07:28:38.313620,2026-04-01 07:28:40.775958,0 days 00:00:02.462338,16,2.3,21,1,13,1.7000000000000002,0.95,8,35,72,150,0,2.1500000000000004,4.9,2.0,2.8,2,5.800000000000001,10.2,3.1,5.0,3.0,False,True,,,,,,,,,COMPLETE
2635,-1000000000.0,2026-04-01 07:28:40.818623,2026-04-01 07:28:40.910013,0 days 00:00:00.091390,19,1.95,17,0,12,1.6,1.0,7,35,88,180,3,1.0,3.1,1.55,2.6,10,5.1,9.4,4.8,4.5,3.5,True,True,,,,,,,,,COMPLETE
2636,-1000000000.0,2026-04-01 07:28:40.947954,2026-04-01 07:28:43.440613,0 days 00:00:02.492659,17,1.75,19,2,17,2.0,0.65,10,38,93,120,2,1.8,4.300000000000001,1.9,1.6,29,6.0,10.8,6.800000000000001,5.4,2.6,False,False,,,,,,,,,COMPLETE
2637,-1000000000.0,2026-04-01 07:28:43.478605,2026-04-01 07:28:43.568893,0 days 00:00:00.090288,20,2.05,20,3,10,1.15,0.5,8,36,82,180,4,1.3,4.0,1.8,2.2,16,5.6,9.8,5.6,3.1,2.8,True,True,,,,,,,,,COMPLETE
2638,-1000000000.0,2026-04-01 07:28:43.607757,2026-04-01 07:28:43.715691,0 days 00:00:00.107934,15,1.7999999999999998,23,1,16,1.55,0.75,9,44,90,90,6,1.5,2.8,1.6,1.5,25,5.3,9.6,6.800000000000001,5.1,3.2,True,True,,,,,,,,,COMPLETE
2639,-1000000000.0,2026-04-01 07:28:43.755706,2026-04-01 07:28:43.853968,0 days 00:00:00.098262,16,2.5,16,2,14,1.1,0.55,10,40,71,30,5,1.25,2.7,1.75,2.3,23,5.0,11.6,6.5,4.7,1.7,False,True,,,,,,,,,COMPLETE
2640,-1000000000.0,2026-04-01 07:28:43.897580,2026-04-01 07:28:44.000226,0 days 00:00:00.102646,18,2.1,18,1,13,1.3,0.75,8,39,83,150,5,1.75,2.9,1.7000000000000002,1.6,3,5.7,10.4,3.5,4.1,1.6,True,False,,,,,,,,,COMPLETE
2641,-1000000000.0,2026-04-01 07:28:44.040603,2026-04-01 07:28:46.512517,0 days 00:00:02.471914,13,1.8499999999999999,22,2,15,1.0,0.7,7,37,89,150,6,1.1,3.5,1.5,1.8,9,5.2,12.2,5.4,6.7,3.3,False,True,,,,,,,,,COMPLETE
2642,-1000000000.0,2026-04-01 07:28:46.551519,2026-04-01 07:28:46.661024,0 days 00:00:00.109505,12,2.15,16,3,12,1.65,0.9,9,41,91,120,4,1.85,3.2,1.85,2.5,17,5.4,8.8,6.300000000000001,3.7,2.4,True,True,,,,,,,,,COMPLETE
2643,-1000000000.0,2026-04-01 07:28:46.702967,2026-04-01 07:28:46.810732,0 days 00:00:00.107765,10,2.05,20,0,14,1.45,0.95,8,42,92,180,1,1.55,5.0,1.05,2.4,13,5.9,11.8,6.7,3.6,3.1,True,True,,,,,,,,,COMPLETE
2644,-1000000000.0,2026-04-01 07:28:46.850681,2026-04-01 07:28:49.387829,0 days 00:00:02.537148,20,1.5,25,2,13,1.25,0.5,8,35,86,150,3,1.4,3.9000000000000004,1.45,1.5,15,4.9,9.4,5.7,3.5,3.4000000000000004,False,False,,,,,,,,,COMPLETE
2645,-1000000000.0,2026-04-01 07:28:49.433129,2026-04-01 07:28:49.525769,0 days 00:00:00.092640,16,1.75,24,1,10,1.5,0.7,6,44,70,90,2,1.15,2.0,1.9,2.7,24,5.5,12.4,5.0,3.0,3.2,True,True,,,,,,,,,COMPLETE
2646,-1000000000.0,2026-04-01 07:28:49.564480,2026-04-01 07:28:49.673421,0 days 00:00:00.108941,15,1.4,21,0,15,1.7000000000000002,0.55,9,40,77,150,0,1.2,2.1,1.9500000000000002,1.9,10,5.0,12.0,5.1,6.5,3.9000000000000004,False,True,,,,,,,,,COMPLETE
2647,-1000000000.0,2026-04-01 07:28:49.716787,2026-04-01 07:28:49.817021,0 days 00:00:00.100234,11,2.35,17,1,11,1.05,0.55,10,36,81,180,5,1.9,4.2,1.55,2.1,26,5.6,10.8,3.0,6.9,3.7,True,False,,,,,,,,,COMPLETE
2648,-1000000000.0,2026-04-01 07:28:49.856490,2026-04-01 07:28:52.388931,0 days 00:00:02.532441,19,2.4,17,2,17,1.2,0.65,9,38,87,30,3,1.05,4.800000000000001,1.65,3.2,4,4.7,14.0,5.5,4.0,2.5,True,True,,,,,,,,,COMPLETE
2649,-1000000000.0,2026-04-01 07:28:52.421625,2026-04-01 07:28:52.513253,0 days 00:00:00.091628,18,2.25,16,3,16,1.35,0.5,7,39,75,120,6,1.35,2.6,1.85,2.2,0,6.0,10.2,6.1,3.8,1.8,False,True,,,,,,,,,COMPLETE
2650,-1000000000.0,2026-04-01 07:28:52.552697,2026-04-01 07:28:55.129196,0 days 00:00:02.576499,16,2.45,20,0,14,1.15,0.8500000000000001,8,35,80,150,4,2.1,2.5,1.8,2.0,16,4.8,11.2,5.9,5.2,3.0,True,True,,,,,,,,,COMPLETE
2651,-1000000000.0,2026-04-01 07:28:55.162464,2026-04-01 07:28:55.261478,0 days 00:00:00.099014,17,2.5,21,2,12,1.4,0.8,9,37,82,180,2,1.8,3.0,1.7000000000000002,2.3,18,5.2,9.0,3.4,4.6,3.3,False,False,,,,,,,,,COMPLETE
2652,-1000000000.0,2026-04-01 07:28:55.303820,2026-04-01 07:28:55.410631,0 days 00:00:00.106811,20,1.7,19,1,13,1.75,0.65,8,44,91,120,1,1.6,4.9,1.6,1.5,12,5.1,9.8,3.8,4.9,2.7,True,True,,,,,,,,,COMPLETE
2653,-1000000000.0,2026-04-01 07:28:55.448983,2026-04-01 07:28:55.541598,0 days 00:00:00.092615,12,2.0,14,1,12,1.0,0.95,7,41,85,150,5,1.45,4.4,1.0,2.6,8,5.4,13.4,6.5,4.8,3.6,False,True,,,,,,,,,COMPLETE
2654,-1000000000.0,2026-04-01 07:28:55.590535,2026-04-01 07:28:55.698042,0 days 00:00:00.107507,15,2.1,18,2,15,1.55,0.7,10,40,73,180,0,1.35,3.1,1.8,3.0,30,5.3,9.6,3.2,4.5,3.2,True,True,,,,,,,,,COMPLETE
2655,-1000000000.0,2026-04-01 07:28:55.735057,2026-04-01 07:28:58.257195,0 days 00:00:02.522138,13,1.65,22,3,14,1.1,0.55,5,35,76,30,4,1.4,2.9,1.4,1.6,7,5.1,14.4,4.0,5.5,3.5,True,False,,,,,,,,,COMPLETE
2656,-1000000000.0,2026-04-01 07:28:58.297360,2026-04-01 07:28:58.411868,0 days 00:00:00.114508,10,2.2,16,0,11,1.6,1.0,6,42,90,150,6,1.0,2.1,1.75,1.5,14,5.7,12.2,3.7,4.4,3.1,False,True,,,,,,,,,COMPLETE
2657,-1000000000.0,2026-04-01 07:28:58.451547,2026-04-01 07:28:58.546597,0 days 00:00:00.095050,20,1.8499999999999999,20,1,13,1.1,0.9,9,36,78,90,5,1.85,2.7,1.9,2.1,1,5.5,8.2,3.1,4.2,1.5,True,True,,,,,,,,,COMPLETE
2658,-1000000000.0,2026-04-01 07:28:58.588111,2026-04-01 07:28:58.694268,0 days 00:00:00.106157,16,1.5499999999999998,17,2,12,1.45,0.5,8,41,81,180,3,1.25,2.6,1.65,1.8,9,5.0,11.6,6.6,3.3,2.6,False,True,,,,,,,,,COMPLETE
2659,-1000000000.0,2026-04-01 07:28:58.744333,2026-04-01 07:28:58.845481,0 days 00:00:00.101148,19,2.2,21,2,10,1.25,0.55,9,40,89,120,0,1.3,5.0,2.0,1.9,25,4.6,9.2,6.4,5.0,2.8,True,False,,,,,,,,,COMPLETE
2660,-1000000000.0,2026-04-01 07:28:58.887285,2026-04-01 07:28:58.992151,0 days 00:00:00.104866,18,2.3,14,1,14,1.85,0.7,7,44,79,150,5,1.9,2.8,1.5,2.0,27,5.4,10.4,4.9,3.9,3.0,True,True,,,,,,,,,COMPLETE
2661,-1000000000.0,2026-04-01 07:28:59.031479,2026-04-01 07:28:59.127804,0 days 00:00:00.096325,11,2.35,23,0,16,1.9,0.65,8,39,88,90,3,1.65,4.1,1.05,1.7,5,5.9,10.0,6.9,5.1,3.7,False,True,,,,,,,,,COMPLETE
2662,-1000000000.0,2026-04-01 07:28:59.179532,2026-04-01 07:28:59.275840,0 days 00:00:00.096308,17,2.45,24,3,13,1.5,0.55,6,35,84,150,6,1.8,3.6,1.7000000000000002,3.5,6,5.6,12.0,7.0,3.2,3.3,True,False,,,,,,,,,COMPLETE
2663,-1000000000.0,2026-04-01 07:28:59.324676,2026-04-01 07:29:01.961585,0 days 00:00:02.636909,15,1.5999999999999999,14,2,15,1.65,0.95,9,37,71,30,1,2.1500000000000004,4.6,1.65,2.2,29,5.2,10.6,4.8,3.0,1.6,False,True,,,,,,,,,COMPLETE
2664,-1000000000.0,2026-04-01 07:29:02.005042,2026-04-01 07:29:04.629269,0 days 00:00:02.624227,16,1.95,25,2,17,1.8,0.75,10,37,86,180,2,1.75,2.0,1.6,1.5,11,4.9,11.4,3.6,5.6,1.7,True,True,,,,,,,,,COMPLETE
2665,-1000000000.0,2026-04-01 07:29:04.667198,2026-04-01 07:29:04.764830,0 days 00:00:00.097632,18,1.7999999999999998,20,1,13,1.9500000000000002,0.5,8,38,91,150,4,1.2,4.7,1.85,1.6,25,3.5,9.6,6.2,4.1,1.9,True,True,,,,,,,,,COMPLETE
2666,-1000000000.0,2026-04-01 07:29:04.805124,2026-04-01 07:29:04.917463,0 days 00:00:00.112339,20,1.75,16,0,11,1.05,0.8500000000000001,7,42,70,120,5,1.0,2.5,1.8,3.3,28,5.3,11.8,4.2,4.7,4.0,False,False,,,,,,,,,COMPLETE
2667,-1000000000.0,2026-04-01 07:29:04.959172,2026-04-01 07:29:05.072550,0 days 00:00:00.113378,11,1.45,18,1,12,1.0,0.8,8,41,81,180,2,2.05,3.3,1.75,2.1,14,6.0,8.0,3.5,4.3,3.2,True,True,,,,,,,,,COMPLETE
2668,-1000000000.0,2026-04-01 07:29:05.120738,2026-04-01 07:29:05.217610,0 days 00:00:00.096872,12,2.5,14,3,14,1.35,0.55,9,39,83,150,6,1.7000000000000002,4.9,1.9500000000000002,1.5,16,5.1,13.8,3.4,3.1,3.1,False,True,,,,,,,,,COMPLETE
2669,-1000000000.0,2026-04-01 07:29:05.255535,2026-04-01 07:29:05.365471,0 days 00:00:00.109936,13,2.4,17,1,10,1.15,0.9,10,44,80,30,3,1.3,2.5,1.85,3.4000000000000004,24,4.4,10.0,4.1,3.8,3.6,True,True,,,,,,,,,COMPLETE
2670,1.0900642857142857,2026-04-01 07:29:05.407289,2026-04-01 07:45:31.078489,0 days 00:16:25.671200,19,2.05,22,2,15,1.3,0.7,5,35,90,90,5,1.15,2.7,1.55,1.6,26,5.2,11.2,3.3,4.9,3.3,False,False,"{'BRK-B': 0.2528, 'GOOG': 0.241, 'AVGO': 0.1513, 'AMZN': 0.137, 'AAPL': 0.1094, 'GOOGL': 0.1086}",-0.2499,1.2368,"{2025: 2.2314, 2026: -2.7311}",1.0901,"['BRK-B', 'GOOG', 'AVGO', 'AMZN', 'AAPL', 'GOOGL']",1.3399,"{2018: 0.2787, 2019: 1.7452, 2020: 2.1346, 2021: 1.8104, 2022: -1.4977, 2023: 2.0716, 2024: 2.8366}",COMPLETE
2671,-1000000000.0,2026-04-01 07:45:31.117443,2026-04-01 07:45:33.636810,0 days 00:00:02.519367,19,1.8499999999999999,21,2,16,1.05,0.7,5,35,91,90,5,1.0,2.6,1.55,1.6,26,5.2,11.2,3.2,5.0,3.2,False,False,,,,,,,,,COMPLETE
2672,-1000000000.0,2026-04-01 07:45:33.674765,2026-04-01 07:45:36.151880,0 days 00:00:02.477115,17,2.05,21,2,15,1.2,0.7,6,35,89,90,5,1.1,2.7,1.7000000000000002,1.6,26,5.2,11.0,3.3,4.9,3.3,False,False,,,,,,,,,COMPLETE
2673,-1000000000.0,2026-04-01 07:45:36.192417,2026-04-01 07:45:38.687418,0 days 00:00:02.495001,16,1.95,21,2,15,1.3,0.7,5,35,90,90,5,1.15,2.6,1.0,1.6,27,5.2,11.0,3.3,4.9,3.3,False,False,,,,,,,,,COMPLETE
2674,-1000000000.0,2026-04-01 07:45:38.720831,2026-04-01 07:45:41.223815,0 days 00:00:02.502984,10,2.0,19,2,15,1.4,0.7,5,35,91,90,5,1.05,2.7,1.9,1.6,26,5.2,11.2,3.3,4.9,3.3,False,False,,,,,,,,,COMPLETE
2675,-1000000000.0,2026-04-01 07:45:41.274493,2026-04-01 07:45:43.689290,0 days 00:00:02.414797,15,1.7999999999999998,20,2,15,1.6,0.7,5,35,90,90,5,1.15,2.7,1.8,1.6,27,5.2,11.2,3.3,4.9,3.4000000000000004,False,False,,,,,,,,,COMPLETE
2676,-1000000000.0,2026-04-01 07:45:43.727660,2026-04-01 07:45:46.270800,0 days 00:00:02.543140,20,1.8499999999999999,21,2,15,1.15,0.7,5,35,90,90,5,1.1,2.6,1.5,1.6,26,5.1,11.0,3.4,4.9,3.3,False,False,,,,,,,,,COMPLETE
2677,2.9165357142857142,2026-04-01 07:45:46.309256,2026-04-01 07:45:48.860039,0 days 00:00:02.550783,18,2.45,21,2,15,1.0,0.7,5,35,90,90,5,1.1,2.5,1.45,1.6,27,5.2,10.6,3.2,5.0,3.3,False,False,"{'MSFT': 0.24, 'AAPL': 0.2173, 'GOOG': 0.1949, 'BRK-B': 0.1513, 'NVDA': 0.101, 'META': 0.0954}",1.3285,1.485,"{2025: 1.6098, 2026: 1.0473}",2.9165,"['MSFT', 'AAPL', 'GOOG', 'BRK-B', 'NVDA', 'META']",1.588,"{2018: 1.0905, 2019: 1.6312, 2020: 3.3872, 2021: 1.8256, 2022: -0.7608, 2023: 2.0071, 2024: 1.9351}",COMPLETE
2678,-1000000000.0,2026-04-01 07:45:48.893408,2026-04-01 07:45:51.590329,0 days 00:00:02.696921,18,2.45,21,2,15,1.0,0.7,5,35,90,90,5,1.1,2.7,1.45,1.6,27,5.2,11.2,3.2,5.1,3.4000000000000004,False,False,,,,,,,,,COMPLETE
2679,-1000000000.0,2026-04-01 07:45:51.629146,2026-04-01 07:45:54.075033,0 days 00:00:02.445887,18,2.45,21,2,15,1.0,0.7,5,35,90,90,5,1.1,2.6,1.45,1.6,26,5.2,11.0,3.2,5.1,3.4000000000000004,False,False,,,,,,,,,COMPLETE
2680,-1000000000.0,2026-04-01 07:45:54.106638,2026-04-01 07:45:56.484771,0 days 00:00:02.378133,18,2.45,21,2,15,1.0,0.7,5,35,90,90,5,1.15,2.7,1.45,1.6,26,5.2,11.2,3.2,5.2,3.3,False,False,,,,,,,,,COMPLETE
2681,-1000000000.0,2026-04-01 07:45:56.524913,2026-04-01 07:45:59.080683,0 days 00:00:02.555770,18,2.5,21,2,15,1.0,0.7,5,35,90,90,5,1.1,2.6,1.35,1.6,27,5.2,11.0,3.1,5.1,3.2,False,False,,,,,,,,,COMPLETE
2682,-1000000000.0,2026-04-01 07:45:59.127649,2026-04-01 07:46:01.685436,0 days 00:00:02.557787,18,2.45,21,2,15,1.0,0.75,5,35,90,90,5,1.15,2.6,1.4,1.6,27,5.2,10.8,3.2,5.1,3.3,False,False,,,,,,,,,COMPLETE
2683,-1000000000.0,2026-04-01 07:46:01.724393,2026-04-01 07:46:04.264798,0 days 00:00:02.540405,18,2.45,21,2,15,1.0,0.7,5,35,90,90,5,1.15,2.7,1.4,1.6,27,5.2,11.4,3.3,5.1,3.4000000000000004,False,False,,,,,,,,,COMPLETE
2684,-1000000000.0,2026-04-01 07:46:04.307445,2026-04-01 07:46:06.997024,0 days 00:00:02.689579,18,2.45,21,2,15,1.0,0.7,5,35,90,90,5,1.1,2.6,1.4,1.6,26,5.2,11.0,3.2,5.2,3.4000000000000004,False,False,,,,,,,,,COMPLETE
2685,-1000000000.0,2026-04-01 07:46:07.032577,2026-04-01 07:46:09.555782,0 days 00:00:02.523205,18,2.45,21,2,15,1.0,0.7,5,35,90,90,5,1.1,2.7,1.4,1.6,26,5.1,11.0,3.3,5.0,3.3,False,False,,,,,,,,,COMPLETE
2686,-1000000000.0,2026-04-01 07:46:09.597181,2026-04-01 07:46:12.162104,0 days 00:00:02.564923,18,2.45,21,2,15,1.0,0.7,5,35,91,90,5,1.15,2.7,1.4,1.6,27,5.2,11.0,3.2,5.0,3.4000000000000004,False,False,,,,,,,,,COMPLETE
2687,-1000000000.0,2026-04-01 07:46:12.193970,2026-04-01 07:46:14.720063,0 days 00:00:02.526093,18,2.45,21,2,15,1.0,0.7,5,35,91,90,5,1.1,2.6,1.4,1.6,27,5.2,11.2,3.2,5.2,3.3,False,False,,,,,,,,,COMPLETE
2688,2.6389785714285714,2026-04-01 07:46:14.759056,2026-04-01 07:46:17.321529,0 days 00:00:02.562473,18,2.45,21,2,15,1.0,0.7,5,35,89,90,5,1.15,2.6,1.4,1.6,27,5.1,10.8,3.3,5.1,3.3,False,False,"{'GOOGL': 0.2407, 'MSFT': 0.2267, 'AAPL': 0.1816, 'BRK-B': 0.1529, 'META': 0.1047, 'NVDA': 0.0934}",0.976,1.6173,"{2025: 1.9905, 2026: -0.0384}",2.639,"['GOOGL', 'MSFT', 'AAPL', 'BRK-B', 'META', 'NVDA']",1.6629,"{2018: 2.1321, 2019: 1.6319, 2020: 3.1739, 2021: 1.6695, 2022: -0.9044, 2023: 1.9112, 2024: 2.0263}",COMPLETE
2689,-1000000000.0,2026-04-01 07:46:17.373150,2026-04-01 07:46:19.960320,0 days 00:00:02.587170,18,2.45,21,2,15,1.0,0.7,5,35,90,90,5,1.15,2.6,1.4,1.6,27,5.1,11.0,3.3,5.1,3.3,False,False,,,,,,,,,COMPLETE
2690,-1000000000.0,2026-04-01 07:46:19.991680,2026-04-01 07:46:22.541005,0 days 00:00:02.549325,18,2.45,21,2,15,1.0,0.7,5,35,90,90,5,1.15,2.6,1.4,1.6,27,5.2,10.8,3.3,5.2,3.4000000000000004,False,False,,,,,,,,,COMPLETE
2691,-1000000000.0,2026-04-01 07:46:22.584013,2026-04-01 07:46:25.208747,0 days 00:00:02.624734,18,2.45,21,2,15,1.0,0.7,5,35,90,90,5,1.15,2.7,1.4,1.6,27,5.2,11.2,3.2,5.1,3.3,False,False,,,,,,,,,COMPLETE
2692,-1000000000.0,2026-04-01 07:46:25.248711,2026-04-01 07:46:27.902425,0 days 00:00:02.653714,18,2.45,21,2,15,1.0,0.7,6,35,91,90,5,1.15,2.7,1.4,1.6,27,5.1,11.0,3.2,5.2,3.3,False,False,,,,,,,,,COMPLETE
2693,-1000000000.0,2026-04-01 07:46:27.937493,2026-04-01 07:46:30.513207,0 days 00:00:02.575714,18,2.45,21,2,15,1.0,0.7,5,35,89,90,5,1.15,2.6,1.4,1.6,28,5.1,10.8,3.3,5.300000000000001,3.3,False,False,,,,,,,,,COMPLETE
2694,-1000000000.0,2026-04-01 07:46:30.549306,2026-04-01 07:54:10.526190,0 days 00:07:39.976884,18,2.5,21,2,15,1.05,0.7,5,35,89,90,5,1.1,2.6,1.45,1.6,27,5.2,10.8,3.3,5.1,3.4000000000000004,False,False,,,,,,,,,COMPLETE
2695,-1000000000.0,2026-04-01 07:54:10.658810,2026-04-01 07:54:13.231822,0 days 00:00:02.573012,18,2.5,21,2,15,1.0,0.7,5,35,90,90,5,1.15,2.7,1.4,1.7,27,5.2,10.6,3.3,5.0,3.3,False,False,,,,,,,,,COMPLETE
2696,2.582635714285715,2026-04-01 07:54:13.276391,2026-04-01 07:54:15.736410,0 days 00:00:02.460019,18,2.45,21,2,15,1.0,0.7,5,35,90,90,5,1.15,2.6,1.45,1.7,27,5.1,10.8,3.1,5.1,3.4000000000000004,False,False,"{'MSFT': 0.2535, 'BRK-B': 0.1916, 'AAPL': 0.1761, 'GOOG': 0.1636, 'NVDA': 0.1325, 'META': 0.0828}",1.0691,1.4995,"{2025: 1.7494, 2026: 0.3887}",2.5826,"['MSFT', 'BRK-B', 'AAPL', 'GOOG', 'NVDA', 'META']",1.5136,"{2018: 1.0454, 2019: 1.5905, 2020: 3.3325, 2021: 1.7004, 2022: -0.8861, 2023: 1.9148, 2024: 1.8976}",COMPLETE
2697,2.755342857142857,2026-04-01 07:54:15.770077,2026-04-01 07:54:18.065097,0 days 00:00:02.295020,18,2.45,21,2,15,1.0,0.7,5,35,90,90,5,1.1,2.6,1.45,1.7,27,5.1,10.6,3.1,5.1,3.3,False,False,"{'MSFT': 0.256, 'GOOG': 0.1832, 'AAPL': 0.1803, 'BRK-B': 0.1801, 'NVDA': 0.1126, 'META': 0.0879}",1.1694,1.5231,"{2025: 1.7383, 2026: 0.6005}",2.7553,"['MSFT', 'GOOG', 'AAPL', 'BRK-B', 'NVDA', 'META']",1.5859,"{2018: 1.2652, 2019: 1.6129, 2020: 3.3352, 2021: 1.8622, 2022: -0.8486, 2023: 1.9443, 2024: 1.9304}",COMPLETE
2698,-1000000000.0,2026-04-01 07:54:18.103929,2026-04-01 07:54:20.670179,0 days 00:00:02.566250,18,2.45,21,2,15,1.0,0.7,5,35,90,90,5,1.15,2.6,1.45,1.7,28,5.1,10.8,3.1,5.2,3.4000000000000004,False,False,,,,,,,,,COMPLETE
2699,2.755342857142857,2026-04-01 07:54:20.711821,2026-04-01 07:54:23.241178,0 days 00:00:02.529357,18,2.45,21,2,15,1.0,0.7,5,35,90,90,5,1.1,2.6,1.45,1.7,27,5.1,10.8,3.2,5.1,3.4000000000000004,False,False,"{'MSFT': 0.256, 'GOOG': 0.1832, 'AAPL': 0.1803, 'BRK-B': 0.1801, 'NVDA': 0.1126, 'META': 0.0879}",1.1694,1.5231,"{2025: 1.7383, 2026: 0.6005}",2.7553,"['MSFT', 'GOOG', 'AAPL', 'BRK-B', 'NVDA', 'META']",1.5859,"{2018: 1.2652, 2019: 1.6129, 2020: 3.3352, 2021: 1.8622, 2022: -0.8486, 2023: 1.9443, 2024: 1.9304}",COMPLETE
2700,2.5724142857142858,2026-04-01 07:54:23.283798,2026-04-01 07:54:25.736809,0 days 00:00:02.453011,18,2.45,21,2,15,1.0,0.7,5,35,90,90,5,1.15,2.6,1.45,1.7,27,5.1,10.8,3.1,5.2,3.4000000000000004,False,False,"{'MSFT': 0.2577, 'BRK-B': 0.1902, 'AAPL': 0.1744, 'GOOG': 0.1639, 'NVDA': 0.1315, 'META': 0.0823}",1.057,1.4934,"{2025: 1.7465, 2026: 0.3675}",2.5724,"['MSFT', 'BRK-B', 'AAPL', 'GOOG', 'NVDA', 'META']",1.5154,"{2018: 1.0454, 2019: 1.5905, 2020: 3.3325, 2021: 1.7004, 2022: -0.8861, 2023: 1.9279, 2024: 1.8973}",COMPLETE
2701,2.7438642857142854,2026-04-01 07:54:25.767330,2026-04-01 07:54:28.311233,0 days 00:00:02.543903,18,2.45,21,2,15,1.0,0.7,5,35,90,90,5,1.1,2.6,1.45,1.7,27,5.1,10.8,3.1,5.2,3.4000000000000004,False,False,"{'MSFT': 0.26, 'GOOG': 0.183, 'AAPL': 0.1789, 'BRK-B': 0.1789, 'NVDA': 0.1118, 'META': 0.0874}",1.1561,1.5158,"{2025: 1.7341, 2026: 0.578}",2.7439,"['MSFT', 'GOOG', 'AAPL', 'BRK-B', 'NVDA', 'META']",1.5878,"{2018: 1.2652, 2019: 1.6129, 2020: 3.3352, 2021: 1.8622, 2022: -0.8486, 2023: 1.9575, 2024: 1.9303}",COMPLETE
2702,-1000000000.0,2026-04-01 07:54:28.353787,2026-04-01 07:54:30.928828,0 days 00:00:02.575041,18,2.45,21,2,15,1.0,0.7,5,35,90,90,5,1.1,2.6,1.45,1.7,26,5.1,10.8,3.1,5.2,3.4000000000000004,False,False,,,,,,,,,COMPLETE
2703,2.904228571428572,2026-04-01 07:54:30.968157,2026-04-01 07:54:33.596194,0 days 00:00:02.628037,18,2.45,21,2,15,1.0,0.7,5,35,90,90,5,1.1,2.6,1.45,1.7,27,5.1,10.8,3.0,5.2,3.4000000000000004,False,False,"{'MSFT': 0.2607, 'GOOG': 0.1847, 'BRK-B': 0.1795, 'AAPL': 0.1766, 'NVDA': 0.1115, 'META': 0.087}",1.3179,1.4577,"{2025: 1.5739, 2026: 1.0619}",2.9042,"['MSFT', 'GOOG', 'BRK-B', 'AAPL', 'NVDA', 'META']",1.5863,"{2018: 1.2532, 2019: 1.6141, 2020: 3.3352, 2021: 1.8626, 2022: -0.8488, 2023: 1.9573, 2024: 1.9307}",COMPLETE
2704,2.7438642857142854,2026-04-01 07:54:33.627652,2026-04-01 07:54:36.077651,0 days 00:00:02.449999,18,2.45,21,2,15,1.0,0.7,5,35,90,90,5,1.1,2.6,1.45,1.7,27,5.1,10.8,3.1,5.2,3.4000000000000004,False,False,"{'MSFT': 0.26, 'GOOG': 0.183, 'AAPL': 0.1789, 'BRK-B': 0.1789, 'NVDA': 0.1118, 'META': 0.0874}",1.1561,1.5158,"{2025: 1.7341, 2026: 0.578}",2.7439,"['MSFT', 'GOOG', 'AAPL', 'BRK-B', 'NVDA', 'META']",1.5878,"{2018: 1.2652, 2019: 1.6129, 2020: 3.3352, 2021: 1.8622, 2022: -0.8486, 2023: 1.9575, 2024: 1.9303}",COMPLETE
2705,2.7438642857142854,2026-04-01 07:54:36.110798,2026-04-01 07:54:38.688880,0 days 00:00:02.578082,18,2.45,21,2,15,1.0,0.7,5,35,90,90,5,1.1,2.6,1.45,1.7,27,5.1,10.8,3.1,5.2,3.4000000000000004,False,False,"{'MSFT': 0.26, 'GOOG': 0.183, 'AAPL': 0.1789, 'BRK-B': 0.1789, 'NVDA': 0.1118, 'META': 0.0874}",1.1561,1.5158,"{2025: 1.7341, 2026: 0.578}",2.7439,"['MSFT', 'GOOG', 'AAPL', 'BRK-B', 'NVDA', 'META']",1.5878,"{2018: 1.2652, 2019: 1.6129, 2020: 3.3352, 2021: 1.8622, 2022: -0.8486, 2023: 1.9575, 2024: 1.9303}",COMPLETE
2706,2.7438642857142854,2026-04-01 07:54:38.728985,2026-04-01 07:54:41.373291,0 days 00:00:02.644306,18,2.45,21,2,15,1.0,0.7,5,35,90,90,5,1.1,2.6,1.45,1.7,27,5.1,10.8,3.1,5.2,3.4000000000000004,False,False,"{'MSFT': 0.26, 'GOOG': 0.183, 'AAPL': 0.1789, 'BRK-B': 0.1789, 'NVDA': 0.1118, 'META': 0.0874}",1.1561,1.5158,"{2025: 1.7341, 2026: 0.578}",2.7439,"['MSFT', 'GOOG', 'AAPL', 'BRK-B', 'NVDA', 'META']",1.5878,"{2018: 1.2652, 2019: 1.6129, 2020: 3.3352, 2021: 1.8622, 2022: -0.8486, 2023: 1.9575, 2024: 1.9303}",COMPLETE
2707,2.7438642857142854,2026-04-01 07:54:41.405832,2026-04-01 07:54:43.804265,0 days 00:00:02.398433,18,2.45,21,2,15,1.0,0.7,5,35,90,90,5,1.1,2.6,1.45,1.7,27,5.1,10.8,3.1,5.2,3.4000000000000004,False,False,"{'MSFT': 0.26, 'GOOG': 0.183, 'AAPL': 0.1789, 'BRK-B': 0.1789, 'NVDA': 0.1118, 'META': 0.0874}",1.1561,1.5158,"{2025: 1.7341, 2026: 0.578}",2.7439,"['MSFT', 'GOOG', 'AAPL', 'BRK-B', 'NVDA', 'META']",1.5878,"{2018: 1.2652, 2019: 1.6129, 2020: 3.3352, 2021: 1.8622, 2022: -0.8486, 2023: 1.9575, 2024: 1.9303}",COMPLETE
