number,value,state,datetime_start,datetime_complete,duration_seconds,params_json,fold_sharpes_json,avg_cv_sharpe
865,-1000000000.0,TrialState.COMPLETE,2026-04-01T02:21:58.345405,2026-04-01T02:21:58.383208,0.037803,"{""atr_window"": 17, ""bb_std_dev"": 2.05, ""bb_window"": 17, ""cooldown"": 3, ""macd_fast"": 13, ""macd_k"": 1.85, ""macd_k_mid"": 0.55, ""macd_signal"": 7, ""macd_slow"": 38, ""macd_std_window"": 89, ""rebalance_freq"": 120, ""rebounce_block"": 4, ""sl_mult_lm"": 1.25, ""sl_mult_lr"": 2.8, ""sl_mult_sm"": 1.15, ""sl_mult_sr"": 2.1, ""time_stop"": 14, ""tp_mult_lm"": 4.9, ""tp_mult_lr"": 12.600000000000001, ""tp_mult_sm"": 6.9, ""tp_mult_sr"": 6.1, ""trail_mult"": 3.6, ""trail_tp"": true, ""use_trailing"": true}",{},
866,-1000000000.0,TrialState.COMPLETE,2026-04-01T02:21:58.417615,2026-04-01T02:22:00.941491,2.523876,"{""atr_window"": 20, ""bb_std_dev"": 1.5999999999999999, ""bb_window"": 21, ""cooldown"": 1, ""macd_fast"": 17, ""macd_k"": 1.55, ""macd_k_mid"": 0.65, ""macd_signal"": 5, ""macd_slow"": 36, ""macd_std_window"": 76, ""rebalance_freq"": 60, ""rebounce_block"": 6, ""sl_mult_lm"": 1.3, ""sl_mult_lr"": 4.7, ""sl_mult_sm"": 1.85, ""sl_mult_sr"": 2.8, ""time_stop"": 12, ""tp_mult_lm"": 4.7, ""tp_mult_lr"": 9.8, ""tp_mult_sm"": 5.2, ""tp_mult_sr"": 5.800000000000001, ""trail_mult"": 3.2, ""trail_tp"": true, ""use_trailing"": true}",{},
867,-1000000000.0,TrialState.COMPLETE,2026-04-01T02:22:00.968621,2026-04-01T02:22:03.342693,2.374072,"{""atr_window"": 13, ""bb_std_dev"": 2.35, ""bb_window"": 16, ""cooldown"": 2, ""macd_fast"": 15, ""macd_k"": 1.5, ""macd_k_mid"": 0.75, ""macd_signal"": 9, ""macd_slow"": 37, ""macd_std_window"": 95, ""rebalance_freq"": 180, ""rebounce_block"": 5, ""sl_mult_lm"": 1.35, ""sl_mult_lr"": 2.6, ""sl_mult_sm"": 1.6, ""sl_mult_sr"": 1.6, ""time_stop"": 9, ""tp_mult_lm"": 3.8, ""tp_mult_lr"": 14.8, ""tp_mult_sm"": 6.300000000000001, ""tp_mult_sr"": 4.5, ""trail_mult"": 2.7, ""trail_tp"": false, ""use_trailing"": false}",{},
868,-1000000000.0,TrialState.COMPLETE,2026-04-01T02:22:03.373074,2026-04-01T02:22:03.409922,0.036848,"{""atr_window"": 14, ""bb_std_dev"": 2.5, ""bb_window"": 15, ""cooldown"": 0, ""macd_fast"": 18, ""macd_k"": 1.05, ""macd_k_mid"": 0.6, ""macd_signal"": 8, ""macd_slow"": 44, ""macd_std_window"": 85, ""rebalance_freq"": 90, ""rebounce_block"": 3, ""sl_mult_lm"": 1.15, ""sl_mult_lr"": 2.2, ""sl_mult_sm"": 1.55, ""sl_mult_sr"": 2.5, ""time_stop"": 19, ""tp_mult_lm"": 5.6, ""tp_mult_lr"": 12.0, ""tp_mult_sm"": 6.800000000000001, ""tp_mult_sr"": 4.9, ""trail_mult"": 2.6, ""trail_tp"": true, ""use_trailing"": true}",{},
869,-1000000000.0,TrialState.COMPLETE,2026-04-01T02:22:03.448985,2026-04-01T02:22:03.490932,0.041947,"{""atr_window"": 12, ""bb_std_dev"": 1.75, ""bb_window"": 14, ""cooldown"": 1, ""macd_fast"": 11, ""macd_k"": 1.0, ""macd_k_mid"": 0.5, ""macd_signal"": 8, ""macd_slow"": 41, ""macd_std_window"": 74, ""rebalance_freq"": 150, ""rebounce_block"": 0, ""sl_mult_lm"": 1.0, ""sl_mult_lr"": 3.4000000000000004, ""sl_mult_sm"": 1.5, ""sl_mult_sr"": 1.8, ""time_stop"": 2, ""tp_mult_lm"": 5.4, ""tp_mult_lr"": 8.6, ""tp_mult_sm"": 4.4, ""tp_mult_sr"": 5.9, ""trail_mult"": 2.2, ""trail_tp"": false, ""use_trailing"": true}",{},
870,-1000000000.0,TrialState.COMPLETE,2026-04-01T02:22:03.523276,2026-04-01T02:22:03.561030,0.037754,"{""atr_window"": 18, ""bb_std_dev"": 2.1, ""bb_window"": 20, ""cooldown"": 4, ""macd_fast"": 16, ""macd_k"": 1.35, ""macd_k_mid"": 0.55, ""macd_signal"": 10, ""macd_slow"": 40, ""macd_std_window"": 90, ""rebalance_freq"": 30, ""rebounce_block"": 6, ""sl_mult_lm"": 1.9, ""sl_mult_lr"": 2.1, ""sl_mult_sm"": 1.65, ""sl_mult_sr"": 2.1, ""time_stop"": 0, ""tp_mult_lm"": 4.3, ""tp_mult_lr"": 8.0, ""tp_mult_sm"": 6.0, ""tp_mult_sr"": 5.300000000000001, ""trail_mult"": 1.5, ""trail_tp"": true, ""use_trailing"": true}",{},
871,-1000000000.0,TrialState.COMPLETE,2026-04-01T02:22:03.592107,2026-04-01T02:22:03.629835,0.037728,"{""atr_window"": 15, ""bb_std_dev"": 1.95, ""bb_window"": 22, ""cooldown"": 2, ""macd_fast"": 12, ""macd_k"": 1.3, ""macd_k_mid"": 0.95, ""macd_signal"": 9, ""macd_slow"": 42, ""macd_std_window"": 72, ""rebalance_freq"": 180, ""rebounce_block"": 5, ""sl_mult_lm"": 1.85, ""sl_mult_lr"": 2.9, ""sl_mult_sm"": 1.75, ""sl_mult_sr"": 2.2, ""time_stop"": 5, ""tp_mult_lm"": 6.0, ""tp_mult_lr"": 9.6, ""tp_mult_sm"": 5.5, ""tp_mult_sr"": 4.6, ""trail_mult"": 4.0, ""trail_tp"": false, ""use_trailing"": false}",{},
872,-1000000000.0,TrialState.COMPLETE,2026-04-01T02:22:03.661080,2026-04-01T02:22:03.699177,0.038097,"{""atr_window"": 10, ""bb_std_dev"": 2.35, ""bb_window"": 15, ""cooldown"": 3, ""macd_fast"": 13, ""macd_k"": 2.0, ""macd_k_mid"": 0.7, ""macd_signal"": 7, ""macd_slow"": 43, ""macd_std_window"": 79, ""rebalance_freq"": 150, ""rebounce_block"": 4, ""sl_mult_lm"": 1.75, ""sl_mult_lr"": 2.0, ""sl_mult_sm"": 1.7000000000000002, ""sl_mult_sr"": 2.3, ""time_stop"": 21, ""tp_mult_lm"": 5.2, ""tp_mult_lr"": 12.4, ""tp_mult_sm"": 3.4, ""tp_mult_sr"": 4.0, ""trail_mult"": 2.2, ""trail_tp"": true, ""use_trailing"": true}",{},
873,-1000000000.0,TrialState.COMPLETE,2026-04-01T02:22:03.732681,2026-04-01T02:22:06.312044,2.579363,"{""atr_window"": 20, ""bb_std_dev"": 2.45, ""bb_window"": 23, ""cooldown"": 5, ""macd_fast"": 20, ""macd_k"": 1.9, ""macd_k_mid"": 0.8, ""macd_signal"": 7, ""macd_slow"": 39, ""macd_std_window"": 83, ""rebalance_freq"": 90, ""rebounce_block"": 1, ""sl_mult_lm"": 2.05, ""sl_mult_lr"": 4.9, ""sl_mult_sm"": 1.9, ""sl_mult_sr"": 1.5, ""time_stop"": 29, ""tp_mult_lm"": 5.0, ""tp_mult_lr"": 11.8, ""tp_mult_sm"": 5.9, ""tp_mult_sr"": 6.4, ""trail_mult"": 3.3, ""trail_tp"": false, ""use_trailing"": true}",{},
874,-1000000000.0,TrialState.COMPLETE,2026-04-01T02:22:06.344338,2026-04-01T02:22:06.384925,0.040587,"{""atr_window"": 11, ""bb_std_dev"": 2.4, ""bb_window"": 14, ""cooldown"": 1, ""macd_fast"": 14, ""macd_k"": 1.2, ""macd_k_mid"": 0.6, ""macd_signal"": 9, ""macd_slow"": 43, ""macd_std_window"": 87, ""rebalance_freq"": 120, ""rebounce_block"": 2, ""sl_mult_lm"": 1.2, ""sl_mult_lr"": 2.3, ""sl_mult_sm"": 1.25, ""sl_mult_sr"": 2.0, ""time_stop"": 20, ""tp_mult_lm"": 5.6, ""tp_mult_lr"": 11.2, ""tp_mult_sm"": 5.6, ""tp_mult_sr"": 3.8, ""trail_mult"": 1.6, ""trail_tp"": true, ""use_trailing"": true}",{},
875,-1000000000.0,TrialState.COMPLETE,2026-04-01T02:22:06.416342,2026-04-01T02:22:06.454646,0.038304,"{""atr_window"": 16, ""bb_std_dev"": 1.45, ""bb_window"": 24, ""cooldown"": 0, ""macd_fast"": 10, ""macd_k"": 1.25, ""macd_k_mid"": 0.8500000000000001, ""macd_signal"": 8, ""macd_slow"": 37, ""macd_std_window"": 92, ""rebalance_freq"": 150, ""rebounce_block"": 5, ""sl_mult_lm"": 1.9500000000000002, ""sl_mult_lr"": 2.5, ""sl_mult_sm"": 1.9500000000000002, ""sl_mult_sr"": 1.6, ""time_stop"": 4, ""tp_mult_lm"": 5.1, ""tp_mult_lr"": 9.4, ""tp_mult_sm"": 4.5, ""tp_mult_sr"": 4.4, ""trail_mult"": 3.2, ""trail_tp"": false, ""use_trailing"": false}",{},
876,-1000000000.0,TrialState.COMPLETE,2026-04-01T02:22:06.502749,2026-04-01T02:22:09.058914,2.556165,"{""atr_window"": 19, ""bb_std_dev"": 1.7999999999999998, ""bb_window"": 16, ""cooldown"": 4, ""macd_fast"": 15, ""macd_k"": 1.1, ""macd_k_mid"": 0.55, ""macd_signal"": 6, ""macd_slow"": 35, ""macd_std_window"": 88, ""rebalance_freq"": 30, ""rebounce_block"": 6, ""sl_mult_lm"": 1.1, ""sl_mult_lr"": 2.4, ""sl_mult_sm"": 1.05, ""sl_mult_sr"": 1.9, ""time_stop"": 13, ""tp_mult_lm"": 5.3, ""tp_mult_lr"": 13.4, ""tp_mult_sm"": 3.0, ""tp_mult_sr"": 3.1, ""trail_mult"": 2.3, ""trail_tp"": true, ""use_trailing"": true}",{},
877,-1000000000.0,TrialState.COMPLETE,2026-04-01T02:22:09.093402,2026-04-01T02:22:11.644294,2.550892,"{""atr_window"": 15, ""bb_std_dev"": 1.7, ""bb_window"": 17, ""cooldown"": 1, ""macd_fast"": 14, ""macd_k"": 1.05, ""macd_k_mid"": 0.55, ""macd_signal"": 8, ""macd_slow"": 36, ""macd_std_window"": 70, ""rebalance_freq"": 60, ""rebounce_block"": 3, ""sl_mult_lm"": 1.4, ""sl_mult_lr"": 4.4, ""sl_mult_sm"": 1.6, ""sl_mult_sr"": 2.2, ""time_stop"": 6, ""tp_mult_lm"": 5.9, ""tp_mult_lr"": 11.4, ""tp_mult_sm"": 6.6, ""tp_mult_sr"": 3.3, ""trail_mult"": 3.0, ""trail_tp"": false, ""use_trailing"": true}",{},
878,-1000000000.0,TrialState.COMPLETE,2026-04-01T02:22:11.676828,2026-04-01T02:22:11.716226,0.039398,"{""atr_window"": 14, ""bb_std_dev"": 2.2, ""bb_window"": 21, ""cooldown"": 2, ""macd_fast"": 12, ""macd_k"": 1.6, ""macd_k_mid"": 1.0, ""macd_signal"": 9, ""macd_slow"": 40, ""macd_std_window"": 100, ""rebalance_freq"": 180, ""rebounce_block"": 0, ""sl_mult_lm"": 2.1, ""sl_mult_lr"": 2.7, ""sl_mult_sm"": 1.0, ""sl_mult_sr"": 3.3, ""time_stop"": 16, ""tp_mult_lm"": 5.5, ""tp_mult_lr"": 10.4, ""tp_mult_sm"": 3.5, ""tp_mult_sr"": 5.7, ""trail_mult"": 3.9000000000000004, ""trail_tp"": true, ""use_trailing"": true}",{},
879,-1000000000.0,TrialState.COMPLETE,2026-04-01T02:22:11.749216,2026-04-01T02:22:14.265011,2.515795,"{""atr_window"": 14, ""bb_std_dev"": 1.5499999999999998, ""bb_window"": 15, ""cooldown"": 2, ""macd_fast"": 20, ""macd_k"": 1.45, ""macd_k_mid"": 0.5, ""macd_signal"": 10, ""macd_slow"": 41, ""macd_std_window"": 80, ""rebalance_freq"": 150, ""rebounce_block"": 2, ""sl_mult_lm"": 1.8, ""sl_mult_lr"": 4.1, ""sl_mult_sm"": 1.8, ""sl_mult_sr"": 3.1, ""time_stop"": 1, ""tp_mult_lm"": 5.800000000000001, ""tp_mult_lr"": 14.4, ""tp_mult_sm"": 4.9, ""tp_mult_sr"": 3.9, ""trail_mult"": 3.8000000000000003, ""trail_tp"": false, ""use_trailing"": false}",{},
880,-1000000000.0,TrialState.COMPLETE,2026-04-01T02:22:14.296349,2026-04-01T02:22:14.350851,0.054502,"{""atr_window"": 16, ""bb_std_dev"": 1.8499999999999999, ""bb_window"": 25, ""cooldown"": 0, ""macd_fast"": 11, ""macd_k"": 1.9500000000000002, ""macd_k_mid"": 0.6, ""macd_signal"": 6, ""macd_slow"": 44, ""macd_std_window"": 73, ""rebalance_freq"": 120, ""rebounce_block"": 5, ""sl_mult_lm"": 2.0, ""sl_mult_lr"": 3.9000000000000004, ""sl_mult_sm"": 1.4, ""sl_mult_sr"": 2.5, ""time_stop"": 7, ""tp_mult_lm"": 4.8, ""tp_mult_lr"": 12.2, ""tp_mult_sm"": 7.0, ""tp_mult_sr"": 4.3, ""trail_mult"": 2.5, ""trail_tp"": true, ""use_trailing"": true}",{},
881,-1000000000.0,TrialState.COMPLETE,2026-04-01T02:22:14.386538,2026-04-01T02:22:14.426683,0.040145,"{""atr_window"": 18, ""bb_std_dev"": 2.0, ""bb_window"": 14, ""cooldown"": 5, ""macd_fast"": 17, ""macd_k"": 1.15, ""macd_k_mid"": 0.65, ""macd_signal"": 8, ""macd_slow"": 43, ""macd_std_window"": 91, ""rebalance_freq"": 90, ""rebounce_block"": 3, ""sl_mult_lm"": 1.25, ""sl_mult_lr"": 2.3, ""sl_mult_sm"": 1.85, ""sl_mult_sr"": 1.5, ""time_stop"": 26, ""tp_mult_lm"": 5.2, ""tp_mult_lr"": 10.0, ""tp_mult_sm"": 4.3, ""tp_mult_sr"": 6.6, ""trail_mult"": 3.7, ""trail_tp"": false, ""use_trailing"": true}",{},
882,-1000000000.0,TrialState.COMPLETE,2026-04-01T02:22:14.459982,2026-04-01T02:22:16.973428,2.513446,"{""atr_window"": 17, ""bb_std_dev"": 2.5, ""bb_window"": 20, ""cooldown"": 4, ""macd_fast"": 18, ""macd_k"": 1.55, ""macd_k_mid"": 0.7, ""macd_signal"": 9, ""macd_slow"": 38, ""macd_std_window"": 77, ""rebalance_freq"": 150, ""rebounce_block"": 4, ""sl_mult_lm"": 1.3, ""sl_mult_lr"": 2.6, ""sl_mult_sm"": 1.7000000000000002, ""sl_mult_sr"": 1.7, ""time_stop"": 9, ""tp_mult_lm"": 5.4, ""tp_mult_lr"": 10.8, ""tp_mult_sm"": 3.2, ""tp_mult_sr"": 3.2, ""trail_mult"": 2.1, ""trail_tp"": true, ""use_trailing"": false}",{},
883,-1000000000.0,TrialState.COMPLETE,2026-04-01T02:22:17.008608,2026-04-01T02:22:17.048124,0.039516,"{""atr_window"": 13, ""bb_std_dev"": 2.3, ""bb_window"": 18, ""cooldown"": 1, ""macd_fast"": 13, ""macd_k"": 1.5, ""macd_k_mid"": 0.9, ""macd_signal"": 7, ""macd_slow"": 40, ""macd_std_window"": 97, ""rebalance_freq"": 180, ""rebounce_block"": 5, ""sl_mult_lm"": 1.35, ""sl_mult_lr"": 3.1, ""sl_mult_sm"": 1.9, ""sl_mult_sr"": 1.9, ""time_stop"": 24, ""tp_mult_lm"": 4.9, ""tp_mult_lr"": 13.0, ""tp_mult_sm"": 3.6, ""tp_mult_sr"": 3.6, ""trail_mult"": 1.7, ""trail_tp"": false, ""use_trailing"": true}",{},
884,-1000000000.0,TrialState.COMPLETE,2026-04-01T02:22:17.083754,2026-04-01T02:22:19.565427,2.481673,"{""atr_window"": 20, ""bb_std_dev"": 1.9, ""bb_window"": 23, ""cooldown"": 3, ""macd_fast"": 15, ""macd_k"": 1.65, ""macd_k_mid"": 0.55, ""macd_signal"": 10, ""macd_slow"": 35, ""macd_std_window"": 86, ""rebalance_freq"": 120, ""rebounce_block"": 5, ""sl_mult_lm"": 2.2, ""sl_mult_lr"": 2.0, ""sl_mult_sm"": 2.0, ""sl_mult_sr"": 2.1, ""time_stop"": 22, ""tp_mult_lm"": 5.0, ""tp_mult_lr"": 12.8, ""tp_mult_sm"": 4.8, ""tp_mult_sr"": 5.6, ""trail_mult"": 2.9000000000000004, ""trail_tp"": true, ""use_trailing"": true}",{},
885,-1000000000.0,TrialState.COMPLETE,2026-04-01T02:22:19.593100,2026-04-01T02:22:19.632570,0.03947,"{""atr_window"": 16, ""bb_std_dev"": 2.25, ""bb_window"": 14, ""cooldown"": 1, ""macd_fast"": 16, ""macd_k"": 1.0, ""macd_k_mid"": 0.5, ""macd_signal"": 8, ""macd_slow"": 39, ""macd_std_window"": 90, ""rebalance_freq"": 30, ""rebounce_block"": 6, ""sl_mult_lm"": 2.1500000000000004, ""sl_mult_lr"": 4.2, ""sl_mult_sm"": 1.55, ""sl_mult_sr"": 2.0, ""time_stop"": 17, ""tp_mult_lm"": 4.2, ""tp_mult_lr"": 12.0, ""tp_mult_sm"": 6.7, ""tp_mult_sr"": 5.1, ""trail_mult"": 2.8, ""trail_tp"": false, ""use_trailing"": true}",{},
886,-1000000000.0,TrialState.COMPLETE,2026-04-01T02:22:19.672133,2026-04-01T02:22:19.711819,0.039686,"{""atr_window"": 19, ""bb_std_dev"": 2.05, ""bb_window"": 19, ""cooldown"": 2, ""macd_fast"": 12, ""macd_k"": 1.15, ""macd_k_mid"": 0.95, ""macd_signal"": 7, ""macd_slow"": 42, ""macd_std_window"": 99, ""rebalance_freq"": 180, ""rebounce_block"": 3, ""sl_mult_lm"": 1.05, ""sl_mult_lr"": 2.2, ""sl_mult_sm"": 1.2, ""sl_mult_sr"": 1.6, ""time_stop"": 18, ""tp_mult_lm"": 3.6, ""tp_mult_lr"": 8.8, ""tp_mult_sm"": 4.1, ""tp_mult_sr"": 3.0, ""trail_mult"": 3.2, ""trail_tp"": true, ""use_trailing"": false}",{},
887,-1000000000.0,TrialState.COMPLETE,2026-04-01T02:22:19.744257,2026-04-01T02:22:19.785206,0.040949,"{""atr_window"": 17, ""bb_std_dev"": 2.25, ""bb_window"": 16, ""cooldown"": 0, ""macd_fast"": 14, ""macd_k"": 1.7000000000000002, ""macd_k_mid"": 0.6, ""macd_signal"": 9, ""macd_slow"": 44, ""macd_std_window"": 89, ""rebalance_freq"": 150, ""rebounce_block"": 0, ""sl_mult_lm"": 1.6, ""sl_mult_lr"": 4.6, ""sl_mult_sm"": 1.65, ""sl_mult_sr"": 3.0, ""time_stop"": 16, ""tp_mult_lm"": 6.0, ""tp_mult_lr"": 17.0, ""tp_mult_sm"": 5.800000000000001, ""tp_mult_sr"": 6.1, ""trail_mult"": 3.6, ""trail_tp"": false, ""use_trailing"": true}",{},
888,-1000000000.0,TrialState.COMPLETE,2026-04-01T02:22:19.818743,2026-04-01T02:22:22.352142,2.533399,"{""atr_window"": 14, ""bb_std_dev"": 2.1, ""bb_window"": 14, ""cooldown"": 3, ""macd_fast"": 20, ""macd_k"": 1.2, ""macd_k_mid"": 0.75, ""macd_signal"": 8, ""macd_slow"": 37, ""macd_std_window"": 82, ""rebalance_freq"": 90, ""rebounce_block"": 4, ""sl_mult_lm"": 1.55, ""sl_mult_lr"": 3.6, ""sl_mult_sm"": 1.1, ""sl_mult_sr"": 1.8, ""time_stop"": 14, ""tp_mult_lm"": 4.0, ""tp_mult_lr"": 15.2, ""tp_mult_sm"": 6.9, ""tp_mult_sr"": 5.300000000000001, ""trail_mult"": 3.1, ""trail_tp"": true, ""use_trailing"": true}",{},
889,-1000000000.0,TrialState.COMPLETE,2026-04-01T02:22:22.385907,2026-04-01T02:22:24.922402,2.536495,"{""atr_window"": 12, ""bb_std_dev"": 2.15, ""bb_window"": 15, ""cooldown"": 1, ""macd_fast"": 19, ""macd_k"": 1.45, ""macd_k_mid"": 0.7, ""macd_signal"": 5, ""macd_slow"": 41, ""macd_std_window"": 70, ""rebalance_freq"": 150, ""rebounce_block"": 6, ""sl_mult_lm"": 1.9, ""sl_mult_lr"": 2.5, ""sl_mult_sm"": 1.75, ""sl_mult_sr"": 1.7, ""time_stop"": 15, ""tp_mult_lm"": 4.4, ""tp_mult_lr"": 13.2, ""tp_mult_sm"": 3.1, ""tp_mult_sr"": 3.7, ""trail_mult"": 2.3, ""trail_tp"": false, ""use_trailing"": true}",{},
890,-1000000000.0,TrialState.COMPLETE,2026-04-01T02:22:24.956843,2026-04-01T02:22:27.477396,2.520553,"{""atr_window"": 15, ""bb_std_dev"": 2.2, ""bb_window"": 16, ""cooldown"": 4, ""macd_fast"": 18, ""macd_k"": 1.75, ""macd_k_mid"": 0.55, ""macd_signal"": 9, ""macd_slow"": 36, ""macd_std_window"": 81, ""rebalance_freq"": 120, ""rebounce_block"": 2, ""sl_mult_lm"": 1.4, ""sl_mult_lr"": 2.8, ""sl_mult_sm"": 1.3, ""sl_mult_sr"": 1.5, ""time_stop"": 28, ""tp_mult_lm"": 5.7, ""tp_mult_lr"": 11.6, ""tp_mult_sm"": 5.0, ""tp_mult_sr"": 6.0, ""trail_mult"": 2.4, ""trail_tp"": true, ""use_trailing"": false}",{},
891,-1000000000.0,TrialState.COMPLETE,2026-04-01T02:22:27.510503,2026-04-01T02:22:27.548912,0.038409,"{""atr_window"": 18, ""bb_std_dev"": 1.65, ""bb_window"": 17, ""cooldown"": 2, ""macd_fast"": 10, ""macd_k"": 1.8, ""macd_k_mid"": 0.65, ""macd_signal"": 6, ""macd_slow"": 42, ""macd_std_window"": 96, ""rebalance_freq"": 150, ""rebounce_block"": 1, ""sl_mult_lm"": 1.0, ""sl_mult_lr"": 2.1, ""sl_mult_sm"": 1.55, ""sl_mult_sr"": 2.2, ""time_stop"": 20, ""tp_mult_lm"": 3.7, ""tp_mult_lr"": 13.600000000000001, ""tp_mult_sm"": 6.300000000000001, ""tp_mult_sr"": 4.1, ""trail_mult"": 1.9, ""trail_tp"": false, ""use_trailing"": true}",{},
892,-1000000000.0,TrialState.COMPLETE,2026-04-01T02:22:27.593817,2026-04-01T02:22:27.633112,0.039295,"{""atr_window"": 20, ""bb_std_dev"": 1.75, ""bb_window"": 17, ""cooldown"": 0, ""macd_fast"": 15, ""macd_k"": 1.35, ""macd_k_mid"": 0.8500000000000001, ""macd_signal"": 10, ""macd_slow"": 39, ""macd_std_window"": 92, ""rebalance_freq"": 180, ""rebounce_block"": 5, ""sl_mult_lm"": 1.45, ""sl_mult_lr"": 2.4, ""sl_mult_sm"": 1.9500000000000002, ""sl_mult_sr"": 2.1, ""time_stop"": 19, ""tp_mult_lm"": 3.8, ""tp_mult_lr"": 12.600000000000001, ""tp_mult_sm"": 6.5, ""tp_mult_sr"": 6.5, ""trail_mult"": 2.6, ""trail_tp"": true, ""use_trailing"": true}",{},
893,-1000000000.0,TrialState.COMPLETE,2026-04-01T02:22:27.668617,2026-04-01T02:22:27.710359,0.041742,"{""atr_window"": 14, ""bb_std_dev"": 2.45, ""bb_window"": 18, ""cooldown"": 5, ""macd_fast"": 17, ""macd_k"": 1.4, ""macd_k_mid"": 0.8, ""macd_signal"": 8, ""macd_slow"": 44, ""macd_std_window"": 85, ""rebalance_freq"": 30, ""rebounce_block"": 3, ""sl_mult_lm"": 1.9500000000000002, ""sl_mult_lr"": 4.800000000000001, ""sl_mult_sm"": 1.5, ""sl_mult_sr"": 2.7, ""time_stop"": 25, ""tp_mult_lm"": 5.1, ""tp_mult_lr"": 16.200000000000003, ""tp_mult_sm"": 4.6, ""tp_mult_sr"": 5.7, ""trail_mult"": 2.0, ""trail_tp"": false, ""use_trailing"": false}",{},
894,-1000000000.0,TrialState.COMPLETE,2026-04-01T02:22:27.745235,2026-04-01T02:22:27.785971,0.040736,"{""atr_window"": 19, ""bb_std_dev"": 2.3, ""bb_window"": 14, ""cooldown"": 1, ""macd_fast"": 12, ""macd_k"": 1.1, ""macd_k_mid"": 0.55, ""macd_signal"": 9, ""macd_slow"": 43, ""macd_std_window"": 88, ""rebalance_freq"": 120, ""rebounce_block"": 0, ""sl_mult_lm"": 1.75, ""sl_mult_lr"": 3.8, ""sl_mult_sm"": 1.35, ""sl_mult_sr"": 1.5, ""time_stop"": 12, ""tp_mult_lm"": 5.5, ""tp_mult_lr"": 14.8, ""tp_mult_sm"": 4.0, ""tp_mult_sr"": 4.8, ""trail_mult"": 2.1, ""trail_tp"": true, ""use_trailing"": true}",{},
895,-1000000000.0,TrialState.COMPLETE,2026-04-01T02:22:27.821517,2026-04-01T02:22:27.860358,0.038841,"{""atr_window"": 15, ""bb_std_dev"": 2.35, ""bb_window"": 15, ""cooldown"": 1, ""macd_fast"": 16, ""macd_k"": 1.3, ""macd_k_mid"": 0.6, ""macd_signal"": 7, ""macd_slow"": 40, ""macd_std_window"": 93, ""rebalance_freq"": 150, ""rebounce_block"": 6, ""sl_mult_lm"": 1.25, ""sl_mult_lr"": 3.2, ""sl_mult_sm"": 1.85, ""sl_mult_sr"": 3.4000000000000004, ""time_stop"": 23, ""tp_mult_lm"": 4.6, ""tp_mult_lr"": 15.4, ""tp_mult_sm"": 6.2, ""tp_mult_sr"": 5.800000000000001, ""trail_mult"": 3.1, ""trail_tp"": true, ""use_trailing"": true}",{},
896,-1000000000.0,TrialState.COMPLETE,2026-04-01T02:22:27.888650,2026-04-01T02:22:30.398691,2.510041,"{""atr_window"": 13, ""bb_std_dev"": 2.5, ""bb_window"": 22, ""cooldown"": 4, ""macd_fast"": 13, ""macd_k"": 1.05, ""macd_k_mid"": 0.5, ""macd_signal"": 8, ""macd_slow"": 35, ""macd_std_window"": 98, ""rebalance_freq"": 90, ""rebounce_block"": 5, ""sl_mult_lm"": 2.05, ""sl_mult_lr"": 3.0, ""sl_mult_sm"": 1.8, ""sl_mult_sr"": 2.6, ""time_stop"": 13, ""tp_mult_lm"": 5.3, ""tp_mult_lr"": 14.0, ""tp_mult_sm"": 6.800000000000001, ""tp_mult_sr"": 5.2, ""trail_mult"": 2.2, ""trail_tp"": false, ""use_trailing"": true}",{},
897,-1000000000.0,TrialState.COMPLETE,2026-04-01T02:22:30.430354,2026-04-01T02:22:30.473157,0.042803,"{""atr_window"": 16, ""bb_std_dev"": 2.05, ""bb_window"": 14, ""cooldown"": 3, ""macd_fast"": 14, ""macd_k"": 1.55, ""macd_k_mid"": 0.7, ""macd_signal"": 9, ""macd_slow"": 37, ""macd_std_window"": 75, ""rebalance_freq"": 180, ""rebounce_block"": 4, ""sl_mult_lm"": 1.15, ""sl_mult_lr"": 2.4, ""sl_mult_sm"": 1.7000000000000002, ""sl_mult_sr"": 1.8, ""time_stop"": 11, ""tp_mult_lm"": 4.1, ""tp_mult_lr"": 8.2, ""tp_mult_sm"": 5.4, ""tp_mult_sr"": 5.0, ""trail_mult"": 2.7, ""trail_tp"": true, ""use_trailing"": false}",{},
898,-1000000000.0,TrialState.COMPLETE,2026-04-01T02:22:30.506960,2026-04-01T02:22:33.017366,2.510406,"{""atr_window"": 10, ""bb_std_dev"": 1.8499999999999999, ""bb_window"": 16, ""cooldown"": 1, ""macd_fast"": 19, ""macd_k"": 1.25, ""macd_k_mid"": 0.6, ""macd_signal"": 8, ""macd_slow"": 41, ""macd_std_window"": 89, ""rebalance_freq"": 150, ""rebounce_block"": 2, ""sl_mult_lm"": 1.35, ""sl_mult_lr"": 3.7, ""sl_mult_sm"": 1.65, ""sl_mult_sr"": 2.3, ""time_stop"": 10, ""tp_mult_lm"": 5.4, ""tp_mult_lr"": 10.2, ""tp_mult_sm"": 3.7, ""tp_mult_sr"": 4.6, ""trail_mult"": 3.3, ""trail_tp"": false, ""use_trailing"": true}",{},
