number,value,datetime_start,datetime_complete,duration,params_atr_window,params_bb_std_dev,params_bb_window,params_cooldown,params_macd_fast,params_macd_k,params_macd_k_mid,params_macd_signal,params_macd_slow,params_macd_std_window,params_rebalance_freq,params_rebounce_block,params_sl_mult_lm,params_sl_mult_lr,params_sl_mult_sm,params_sl_mult_sr,params_time_stop,params_tp_mult_lm,params_tp_mult_lr,params_tp_mult_sm,params_tp_mult_sr,params_trail_mult,params_trail_tp,params_use_trailing,user_attrs_allocations,user_attrs_deploy_avg_sharpe,user_attrs_deploy_total_sharpe,user_attrs_deploy_year_sharpes,user_attrs_score,user_attrs_selected_tickers,user_attrs_train_avg_sharpe,user_attrs_train_year_sharpes,state
192,-1000000000.0,2026-04-01 02:13:22.910540,2026-04-01 02:13:22.930775,0 days 00:00:00.020235,15,1.75,17,2,12,1.4,0.55,7,38,88,150,3,1.5,4.0,1.8,3.1,18,5.0,13.8,6.800000000000001,5.300000000000001,2.6,False,False,,,,,,,,,COMPLETE
193,-1000000000.0,2026-04-01 02:13:22.971670,2026-04-01 02:13:22.992061,0 days 00:00:00.020391,14,2.05,18,2,12,1.4,0.5,7,39,71,150,3,1.9500000000000002,3.7,1.85,2.5,22,5.1,15.600000000000001,7.0,5.5,2.8,False,False,,,,,,,,,COMPLETE
194,-1000000000.0,2026-04-01 02:13:23.023105,2026-04-01 02:13:23.046266,0 days 00:00:00.023161,16,1.9,19,2,11,1.5,0.6,7,39,80,150,3,1.4,2.5,1.8,2.8,21,4.8,14.600000000000001,6.800000000000001,5.4,3.3,False,False,,,,,,,,,COMPLETE
195,-1000000000.0,2026-04-01 02:13:23.074080,2026-04-01 02:13:23.097576,0 days 00:00:00.023496,13,2.15,21,2,13,1.5,0.55,9,37,87,150,3,1.7000000000000002,3.3,1.9,2.6,19,5.1,11.6,5.0,4.0,1.7,True,False,,,,,,,,,COMPLETE
196,-1000000000.0,2026-04-01 02:13:23.126222,2026-04-01 02:13:25.521613,0 days 00:00:02.395391,15,1.95,14,1,14,1.75,0.9,7,36,89,180,4,1.05,4.7,1.75,2.7,20,5.800000000000001,14.0,3.9,5.6,3.1,False,True,,,,,,,,,COMPLETE
197,-1000000000.0,2026-04-01 02:13:25.549466,2026-04-01 02:13:25.570153,0 days 00:00:00.020687,20,2.0,17,5,12,1.65,0.8500000000000001,7,37,94,180,5,1.45,3.8,1.3,3.2,14,5.9,9.4,6.9,6.800000000000001,2.7,True,True,,,,,,,,,COMPLETE
198,-1000000000.0,2026-04-01 02:13:25.597467,2026-04-01 02:13:28.067592,0 days 00:00:02.470125,18,1.5999999999999999,25,2,19,1.9,0.5,6,38,90,60,3,2.1500000000000004,4.1,1.85,1.6,10,5.2,14.600000000000001,4.4,5.800000000000001,2.8,False,False,,,,,,,,,COMPLETE
199,-1000000000.0,2026-04-01 02:13:28.095570,2026-04-01 02:13:28.116474,0 days 00:00:00.020904,19,2.2,15,0,16,1.45,0.55,5,39,84,150,6,1.3,4.800000000000001,1.7000000000000002,1.8,17,5.7,10.8,3.0,3.6,2.3,True,True,,,,,,,,,COMPLETE
200,-1000000000.0,2026-04-01 02:13:28.145143,2026-04-01 02:13:28.165787,0 days 00:00:00.020644,10,2.4,17,1,15,1.45,0.6,10,40,70,120,1,1.55,2.3,1.6,2.0,8,4.9,15.0,6.2,4.2,3.2,False,True,,,,,,,,,COMPLETE
201,-1000000000.0,2026-04-01 02:13:28.194964,2026-04-01 02:13:28.215316,0 days 00:00:00.020352,16,2.35,14,1,17,1.55,0.65,8,41,81,90,0,1.8,4.2,1.65,2.4,13,4.1,10.0,5.2,4.5,1.5,True,True,,,,,,,,,COMPLETE
202,-1000000000.0,2026-04-01 02:13:28.245688,2026-04-01 02:13:28.280551,0 days 00:00:00.034863,18,2.3,16,1,14,1.55,0.65,8,42,100,90,1,1.8,2.4,1.75,2.2,30,3.7,9.8,5.6,4.6,1.5,True,True,,,,,,,,,COMPLETE
203,-1000000000.0,2026-04-01 02:13:28.310140,2026-04-01 02:13:28.330982,0 days 00:00:00.020842,17,1.8499999999999999,15,1,15,1.5,0.7,8,40,81,90,2,1.7000000000000002,2.5,1.7000000000000002,2.1,12,4.3,9.6,5.300000000000001,5.0,2.1,True,True,,,,,,,,,COMPLETE
204,-1000000000.0,2026-04-01 02:13:28.369516,2026-04-01 02:13:28.390345,0 days 00:00:00.020829,16,1.45,14,3,11,1.6,1.0,8,41,82,90,0,1.75,2.6,1.0,2.3,29,4.3,10.2,4.0,4.8,1.9,True,True,,,,,,,,,COMPLETE
205,-1000000000.0,2026-04-01 02:13:28.419846,2026-04-01 02:13:28.440182,0 days 00:00:00.020336,19,2.5,15,1,16,1.55,0.95,9,42,83,90,1,1.6,2.4,1.65,2.5,27,3.8,10.6,5.5,4.7,3.8000000000000003,True,False,,,,,,,,,COMPLETE
206,-1000000000.0,2026-04-01 02:13:28.468837,2026-04-01 02:13:28.489017,0 days 00:00:00.020180,15,2.4,20,2,13,1.6,0.55,8,44,85,30,2,1.75,4.9,1.9500000000000002,1.5,14,4.2,13.4,4.9,4.9,2.9000000000000004,True,True,,,,,,,,,COMPLETE
207,-1000000000.0,2026-04-01 02:13:28.517750,2026-04-01 02:13:28.538248,0 days 00:00:00.020498,17,2.35,16,1,10,1.25,0.6,8,43,98,150,3,1.25,4.5,1.6,2.3,16,5.3,10.4,5.7,5.2,1.6,False,True,,,,,,,,,COMPLETE
208,-1000000000.0,2026-04-01 02:13:28.566695,2026-04-01 02:13:28.588682,0 days 00:00:00.021987,14,1.7999999999999998,24,0,14,1.2,0.7,9,44,80,180,4,1.35,2.5,1.8,2.1,15,4.5,11.8,3.6,3.2,1.7,True,True,,,,,,,,,COMPLETE
209,-1000000000.0,2026-04-01 02:13:28.616337,2026-04-01 02:13:31.157273,0 days 00:00:02.540936,20,1.65,22,3,20,1.15,0.5,7,37,91,60,6,1.2,3.9000000000000004,1.75,2.2,24,4.0,8.4,5.4,3.5,2.6,False,False,,,,,,,,,COMPLETE
210,-1000000000.0,2026-04-01 02:13:31.188328,2026-04-01 02:13:31.209458,0 days 00:00:00.021130,16,2.1,14,1,15,1.55,0.65,6,40,75,90,5,1.0,2.6,1.7000000000000002,2.6,28,6.0,13.0,4.6,4.4,2.5,True,True,,,,,,,,,COMPLETE
211,-1000000000.0,2026-04-01 02:13:31.242997,2026-04-01 02:13:31.275717,0 days 00:00:00.032720,19,2.25,23,4,14,1.3,0.9,9,41,99,180,6,1.2,2.9,1.15,2.9000000000000004,1,5.6,12.2,4.3,3.9,4.0,True,True,,,,,,,,,COMPLETE
212,-1000000000.0,2026-04-01 02:13:31.303107,2026-04-01 02:13:31.324883,0 days 00:00:00.021776,18,2.05,24,4,15,1.35,0.8500000000000001,9,41,100,180,6,1.3,2.8,1.55,1.8,1,4.6,11.4,4.4,5.7,3.5,True,True,,,,,,,,,COMPLETE
213,-1000000000.0,2026-04-01 02:13:31.350968,2026-04-01 02:13:31.372500,0 days 00:00:00.021532,20,2.05,23,4,14,1.35,0.9,9,41,86,180,6,1.2,3.0,1.5,1.9,0,5.4,11.8,5.0,4.1,3.9000000000000004,True,True,,,,,,,,,COMPLETE
214,-1000000000.0,2026-04-01 02:13:31.402371,2026-04-01 02:13:31.428208,0 days 00:00:00.025837,18,2.1,22,4,12,1.3,0.8,9,41,92,180,2,1.25,4.300000000000001,1.55,2.8,20,5.5,12.2,6.9,6.6,2.2,True,True,,,,,,,,,COMPLETE
215,-1000000000.0,2026-04-01 02:13:31.466530,2026-04-01 02:13:31.490113,0 days 00:00:00.023583,13,2.15,18,4,14,1.2,0.55,9,42,97,180,6,1.25,2.9,1.55,1.7,13,5.3,12.0,4.7,5.9,3.1,True,True,,,,,,,,,COMPLETE
216,-1000000000.0,2026-04-01 02:13:31.518501,2026-04-01 02:13:31.542471,0 days 00:00:00.023970,20,2.45,17,4,15,1.3,0.95,10,40,79,30,2,1.15,2.8,1.9,1.6,0,3.6,14.4,5.9,4.7,2.0,False,True,,,,,,,,,COMPLETE
217,-1000000000.0,2026-04-01 02:13:31.572704,2026-04-01 02:13:31.601923,0 days 00:00:00.029219,12,2.0,14,0,13,1.9500000000000002,0.6,8,37,70,150,4,1.65,3.1,1.65,2.4,2,5.4,12.8,3.1,3.8,1.5,True,False,,,,,,,,,COMPLETE
218,-1000000000.0,2026-04-01 02:13:31.632811,2026-04-01 02:13:34.145979,0 days 00:00:02.513168,17,2.3,23,1,14,1.4,0.9,9,36,98,120,6,2.2,2.3,1.2,1.5,22,5.3,11.0,6.4,6.300000000000001,3.2,False,True,,,,,,,,,COMPLETE
219,-1000000000.0,2026-04-01 02:13:34.179388,2026-04-01 02:13:34.201216,0 days 00:00:00.021828,19,2.2,21,2,12,1.1,0.7,7,39,84,150,5,1.8,2.7,1.4,1.8,25,5.0,12.600000000000001,4.5,4.5,3.7,True,True,,,,,,,,,COMPLETE
220,-1000000000.0,2026-04-01 02:13:34.229414,2026-04-01 02:13:34.252354,0 days 00:00:00.022940,16,1.75,19,3,15,1.5,0.8,8,41,91,120,0,1.35,4.0,1.35,2.0,9,4.2,8.2,4.7,4.0,3.6,False,False,,,,,,,,,COMPLETE
221,-1000000000.0,2026-04-01 02:13:34.282543,2026-04-01 02:13:34.303451,0 days 00:00:00.020908,15,1.8499999999999999,14,5,18,1.05,0.6,8,43,100,60,5,1.9,2.4,1.15,1.5,20,4.4,9.8,3.7,6.2,2.2,False,True,,,,,,,,,COMPLETE
222,-1000000000.0,2026-04-01 02:13:34.334842,2026-04-01 02:13:34.355786,0 days 00:00:00.020944,14,1.9,14,5,19,1.0,0.6,8,43,99,90,5,2.05,2.4,1.1,1.6,22,4.3,12.4,3.4,6.0,2.3,False,True,,,,,,,,,COMPLETE
223,-1000000000.0,2026-04-01 02:13:34.401603,2026-04-01 02:13:34.422708,0 days 00:00:00.021105,14,1.95,14,5,17,1.05,0.6,8,43,99,30,5,1.9,3.5,1.25,1.5,22,3.9,8.0,3.6,4.2,1.9,False,True,,,,,,,,,COMPLETE
224,-1000000000.0,2026-04-01 02:13:34.453688,2026-04-01 02:13:34.474131,0 days 00:00:00.020443,13,2.4,14,5,19,1.0,0.5,8,43,72,180,5,1.85,2.3,1.6,1.9,21,4.2,13.600000000000001,5.2,4.6,2.2,False,True,,,,,,,,,COMPLETE
225,-1000000000.0,2026-04-01 02:13:34.501879,2026-04-01 02:13:34.523403,0 days 00:00:00.021524,11,1.4,16,5,18,1.0,0.8500000000000001,6,44,100,60,4,1.9500000000000002,2.5,1.85,1.6,23,4.1,10.2,3.5,6.2,2.4,False,True,,,,,,,,,COMPLETE
226,-1000000000.0,2026-04-01 02:13:34.559287,2026-04-01 02:13:34.584813,0 days 00:00:00.025526,18,1.7,15,2,17,1.65,0.65,7,40,81,30,5,1.75,2.1,1.3,3.2,11,5.5,12.0,4.2,5.6,3.3,True,True,,,,,,,,,COMPLETE
227,-1000000000.0,2026-04-01 02:13:34.614115,2026-04-01 02:13:34.636784,0 days 00:00:00.022669,16,1.7999999999999998,14,1,18,1.25,0.55,10,44,82,90,1,1.3,2.2,2.0,1.5,17,5.1,13.0,4.3,3.0,3.0,False,False,,,,,,,,,COMPLETE
228,-1000000000.0,2026-04-01 02:13:34.667098,2026-04-01 02:13:34.688816,0 days 00:00:00.021718,10,1.9,17,5,16,1.15,0.95,9,42,89,150,6,2.0,2.0,1.5,3.3,21,5.6,16.0,3.3,5.1,1.8,True,True,,,,,,,,,COMPLETE
229,-1000000000.0,2026-04-01 02:13:34.717914,2026-04-01 02:13:38.900224,0 days 00:00:04.182310,15,2.35,22,0,20,1.45,0.6,8,38,71,180,5,1.4,3.8,1.85,1.7,24,5.2,12.4,7.0,6.4,4.0,False,True,,,,,,,,,COMPLETE
230,-1000000000.0,2026-04-01 02:13:38.945435,2026-04-01 02:13:39.016361,0 days 00:00:00.070926,14,2.5,14,2,10,1.0,0.75,9,43,98,150,2,2.1,3.6,1.25,2.2,5,4.7,11.6,3.8,3.7,3.8000000000000003,True,True,,,,,,,,,COMPLETE
231,-1000000000.0,2026-04-01 02:13:39.052533,2026-04-01 02:13:39.077577,0 days 00:00:00.025044,14,1.75,15,4,20,1.1,0.55,8,43,95,120,5,1.9500000000000002,2.3,1.2,1.7,20,3.8,15.0,4.5,6.0,2.1,False,True,,,,,,,,,COMPLETE
232,-1000000000.0,2026-04-01 02:13:39.113523,2026-04-01 02:13:39.138433,0 days 00:00:00.024910,14,1.7,15,4,20,1.05,0.55,8,43,93,120,5,1.9,2.2,1.7000000000000002,1.7,19,4.0,15.4,4.4,5.800000000000001,2.0,False,True,,,,,,,,,COMPLETE
233,-1000000000.0,2026-04-01 02:13:39.168833,2026-04-01 02:13:39.194229,0 days 00:00:00.025396,13,1.75,15,4,20,1.1,0.55,8,43,76,120,5,1.9500000000000002,2.4,1.2,1.8,16,3.6,16.8,6.7,5.7,2.2,False,True,,,,,,,,,COMPLETE
234,-1000000000.0,2026-04-01 02:13:39.235011,2026-04-01 02:13:39.263477,0 days 00:00:00.028466,14,1.8499999999999999,16,4,12,1.15,0.6,8,44,96,120,5,1.85,2.5,1.25,2.1,7,5.7,10.0,4.6,3.9,2.1,False,True,,,,,,,,,COMPLETE
235,-1000000000.0,2026-04-01 02:13:39.294877,2026-04-01 02:13:43.464326,0 days 00:00:04.169449,17,1.7999999999999998,25,4,20,1.8,0.5,6,42,99,120,5,1.9,4.6,1.45,3.1,14,3.8,16.6,4.8,6.1,2.1,False,False,,,,,,,,,COMPLETE
236,-1000000000.0,2026-04-01 02:13:43.551166,2026-04-01 02:13:43.582531,0 days 00:00:00.031365,18,2.2,24,3,12,1.6,0.55,8,37,80,90,4,2.05,2.3,1.15,1.5,18,6.0,12.8,6.300000000000001,5.9,2.2,True,True,,,,,,,,,COMPLETE
237,-1000000000.0,2026-04-01 02:13:43.626277,2026-04-01 02:13:43.651177,0 days 00:00:00.024900,20,2.45,15,0,14,1.15,1.0,5,43,87,120,0,2.0,2.4,1.8,1.6,21,3.9,16.200000000000003,5.5,6.300000000000001,2.0,False,True,,,,,,,,,COMPLETE
238,-1000000000.0,2026-04-01 02:13:43.683349,2026-04-01 02:13:43.709432,0 days 00:00:00.026083,15,1.7999999999999998,20,2,11,1.7000000000000002,0.7,8,40,78,150,6,1.9500000000000002,3.0,1.3,1.8,29,5.1,9.6,6.1,5.9,3.1,True,False,,,,,,,,,COMPLETE
239,-1000000000.0,2026-04-01 02:13:43.741763,2026-04-01 02:13:47.792470,0 days 00:00:04.050707,11,1.95,14,1,13,1.1,0.5,10,35,94,180,3,1.05,2.6,1.25,3.0,2,5.0,15.600000000000001,6.5,4.4,3.2,False,True,,,,,,,,,COMPLETE
240,-1000000000.0,2026-04-01 02:13:47.849076,2026-04-01 02:13:50.756599,0 days 00:00:02.907523,16,1.45,16,1,19,1.05,0.7,7,39,90,30,1,2.1500000000000004,3.4000000000000004,1.9500000000000002,2.5,15,5.4,14.2,5.800000000000001,6.0,2.1,True,True,,,,,,,,,COMPLETE
241,-1000000000.0,2026-04-01 02:13:50.786528,2026-04-01 02:13:50.819423,0 days 00:00:00.032895,14,2.3,14,3,16,1.1,0.6,7,44,96,60,6,1.5,2.6,1.35,1.7,9,4.6,13.2,4.3,5.0,2.0,False,True,,,,,,,,,COMPLETE
242,-1000000000.0,2026-04-01 02:13:50.851878,2026-04-01 02:13:50.876003,0 days 00:00:00.024125,14,2.25,14,3,16,1.05,0.65,7,44,96,60,6,1.55,2.5,1.45,3.4000000000000004,9,4.4,13.600000000000001,4.1,3.8,2.2,False,True,,,,,,,,,COMPLETE
243,-1000000000.0,2026-04-01 02:13:50.905278,2026-04-01 02:13:50.929282,0 days 00:00:00.024004,14,1.5,14,3,16,1.2,0.65,7,44,97,60,6,1.5,2.7,1.4,1.7,10,4.5,13.4,4.4,4.3,1.9,False,True,,,,,,,,,COMPLETE
244,-1000000000.0,2026-04-01 02:13:50.961716,2026-04-01 02:13:50.984496,0 days 00:00:00.022780,14,2.35,15,3,17,1.1,0.65,7,44,95,60,6,1.55,2.5,1.6,1.6,12,4.8,14.0,3.6,4.9,2.3,False,True,,,,,,,,,COMPLETE
245,-1000000000.0,2026-04-01 02:13:51.012939,2026-04-01 02:13:51.037562,0 days 00:00:00.024623,19,1.5499999999999998,14,4,16,1.15,0.65,9,41,73,60,6,1.0,4.2,1.65,2.1,8,4.7,13.2,3.9,4.7,1.9,False,True,,,,,,,,,COMPLETE
246,-1000000000.0,2026-04-01 02:13:51.067810,2026-04-01 02:13:53.581479,0 days 00:00:02.513669,12,2.3,18,3,15,1.4,0.55,7,36,70,150,3,1.35,2.8,1.05,1.9,19,3.5,15.2,6.800000000000001,5.2,1.8,True,False,,,,,,,,,COMPLETE
247,-1000000000.0,2026-04-01 02:13:53.621022,2026-04-01 02:13:53.653026,0 days 00:00:00.032004,15,2.35,17,0,20,1.65,0.65,8,44,97,150,2,1.45,2.6,1.4,2.3,6,5.9,10.8,4.2,5.800000000000001,2.7,False,True,,,,,,,,,COMPLETE
248,-1000000000.0,2026-04-01 02:13:53.689563,2026-04-01 02:13:53.718671,0 days 00:00:00.029108,13,2.25,14,2,16,1.75,0.5,6,43,88,60,5,1.6,5.0,1.1,2.0,21,5.2,9.2,3.0,3.2,2.6,True,True,,,,,,,,,COMPLETE
249,-1000000000.0,2026-04-01 02:13:53.753408,2026-04-01 02:13:53.780212,0 days 00:00:00.026804,20,2.05,15,1,14,1.5,0.7,8,38,85,180,4,1.55,2.9,1.75,1.8,10,5.6,13.8,5.6,5.4,2.0,False,True,,,,,,,,,COMPLETE
250,-1000000000.0,2026-04-01 02:13:53.812874,2026-04-01 02:13:53.832700,0 days 00:00:00.019826,16,2.15,19,3,10,1.6,0.6,9,42,81,120,2,1.1,2.4,1.55,1.7,20,5.800000000000001,14.4,5.1,4.8,3.9000000000000004,True,False,,,,,,,,,COMPLETE
251,-1000000000.0,2026-04-01 02:13:53.864343,2026-04-01 02:13:56.409759,0 days 00:00:02.545416,20,1.5999999999999999,14,4,15,1.35,0.55,7,37,74,30,6,1.25,2.7,1.2,2.7,0,3.7,14.8,4.5,3.1,1.6,False,True,,,,,,,,,COMPLETE
252,-1000000000.0,2026-04-01 02:13:56.434232,2026-04-01 02:13:56.456873,0 days 00:00:00.022641,14,1.75,20,0,12,1.0,0.8500000000000001,9,40,90,150,5,1.65,2.6,1.7000000000000002,1.6,8,4.1,12.600000000000001,4.9,5.0,3.6,True,True,,,,,,,,,COMPLETE
253,-1000000000.0,2026-04-01 02:13:56.485250,2026-04-01 02:13:59.014853,0 days 00:00:02.529603,12,1.7,21,1,19,1.2,0.6,10,41,82,90,3,1.0,2.3,1.9,1.5,13,4.9,15.8,3.4,5.300000000000001,2.3,False,False,,,,,,,,,COMPLETE
254,-1000000000.0,2026-04-01 02:13:59.052578,2026-04-01 02:13:59.090329,0 days 00:00:00.037751,18,2.5,17,2,17,1.25,0.9,8,43,83,180,0,1.7000000000000002,4.4,1.35,2.2,1,4.2,10.4,4.0,6.1,3.0,True,True,,,,,,,,,COMPLETE
255,-1000000000.0,2026-04-01 02:13:59.120618,2026-04-01 02:13:59.151776,0 days 00:00:00.031158,15,2.2,16,5,11,1.85,0.55,7,44,92,120,6,1.4,4.9,1.75,2.4,4,5.3,11.2,3.5,5.6,1.7,False,True,,,,,,,,,COMPLETE
256,-1000000000.0,2026-04-01 02:13:59.186368,2026-04-01 02:14:02.031809,0 days 00:00:02.845441,13,2.3,14,2,18,1.1,0.65,9,36,77,150,4,1.85,3.2,1.85,2.1,16,5.5,12.2,6.0,5.7,2.1,True,True,,,,,,,,,COMPLETE
257,-1000000000.0,2026-04-01 02:14:02.061773,2026-04-01 02:14:02.084964,0 days 00:00:00.023191,17,1.65,14,1,14,1.9,0.7,6,37,97,90,5,2.2,2.5,1.8,1.6,11,4.0,11.8,6.9,3.4,2.9000000000000004,False,False,,,,,,,,,COMPLETE
258,-1000000000.0,2026-04-01 02:14:02.114947,2026-04-01 02:14:04.974572,0 days 00:00:02.859625,19,2.1,14,3,20,1.45,0.8,8,39,98,30,1,1.3,2.4,1.3,1.5,3,5.6,9.8,3.1,4.0,3.7,True,True,,,,,,,,,COMPLETE
259,-1000000000.0,2026-04-01 02:14:05.007604,2026-04-01 02:14:05.046998,0 days 00:00:00.039394,16,2.4,24,0,13,1.3,0.75,5,44,71,180,3,1.35,2.2,1.5,2.5,17,4.5,10.4,4.4,4.5,3.2,False,True,,,,,,,,,COMPLETE
260,-1000000000.0,2026-04-01 02:14:05.074248,2026-04-01 02:14:05.096968,0 days 00:00:00.022720,18,1.8499999999999999,23,4,10,1.5,0.5,7,40,86,150,6,1.9,4.300000000000001,1.65,1.7,22,5.9,9.6,3.2,5.1,3.4000000000000004,True,False,,,,,,,,,COMPLETE
261,-1000000000.0,2026-04-01 02:14:05.125049,2026-04-01 02:14:05.147802,0 days 00:00:00.022753,17,2.45,22,2,15,1.15,0.6,9,42,100,90,5,1.2,2.5,1.9500000000000002,2.6,20,5.7,8.4,5.9,4.1,2.7,False,True,,,,,,,,,COMPLETE
262,-1000000000.0,2026-04-01 02:14:05.175277,2026-04-01 02:14:05.204966,0 days 00:00:00.029689,20,1.9,16,1,16,1.05,0.55,10,41,89,150,2,1.8,2.8,1.55,2.9000000000000004,14,4.8,13.0,7.0,6.9,3.1,True,True,,,,,,,,,COMPLETE
263,-1000000000.0,2026-04-01 02:14:05.232082,2026-04-01 02:14:05.254803,0 days 00:00:00.022721,15,2.0,18,5,12,1.55,0.95,8,35,70,60,6,1.45,2.0,2.0,2.0,7,5.4,9.4,4.2,5.5,2.5,False,True,,,,,,,,,COMPLETE
264,-1000000000.0,2026-04-01 02:14:05.284010,2026-04-01 02:14:05.310213,0 days 00:00:00.026203,14,2.25,15,3,14,1.4,0.55,9,43,96,30,2,1.15,4.1,1.8,1.9,23,4.3,12.0,5.0,3.7,1.9,True,False,,,,,,,,,COMPLETE
265,-1000000000.0,2026-04-01 02:14:05.339177,2026-04-01 02:14:08.039478,0 days 00:00:02.700301,16,2.5,17,4,18,2.0,0.7,7,38,91,180,5,2.1,2.2,1.45,1.8,9,6.0,13.4,5.300000000000001,6.5,1.8,False,True,,,,,,,,,COMPLETE
266,-1000000000.0,2026-04-01 02:14:08.071674,2026-04-01 02:14:08.097773,0 days 00:00:00.026099,11,2.35,20,1,13,1.7000000000000002,0.65,10,40,99,120,0,1.25,4.2,1.6,2.8,26,4.6,11.0,3.7,3.0,3.3,True,True,,,,,,,,,COMPLETE
267,-1000000000.0,2026-04-01 02:14:08.137069,2026-04-01 02:14:08.163132,0 days 00:00:00.026063,10,2.2,15,0,12,1.65,0.5,8,43,93,150,4,2.0,3.3,1.05,1.5,15,5.0,11.8,5.7,3.8,2.0,False,True,,,,,,,,,COMPLETE
268,-1000000000.0,2026-04-01 02:14:08.190342,2026-04-01 02:14:08.212790,0 days 00:00:00.022448,18,2.15,14,2,11,1.15,0.75,7,37,95,180,3,1.5,2.1,1.7000000000000002,2.2,18,4.4,10.6,6.6,3.9,2.2,False,False,,,,,,,,,COMPLETE
269,-1000000000.0,2026-04-01 02:14:08.243275,2026-04-01 02:14:08.265031,0 days 00:00:00.021756,15,1.75,16,3,20,1.0,0.65,8,44,80,90,5,1.4,2.4,1.4,2.1,19,5.2,8.0,6.2,6.7,2.4,True,True,,,,,,,,,COMPLETE
270,-1000000000.0,2026-04-01 02:14:08.292085,2026-04-01 02:14:08.314322,0 days 00:00:00.022237,14,2.4,25,1,16,1.35,0.6,6,39,88,120,6,1.3,2.6,1.9,1.7,5,5.5,10.0,4.6,5.9,2.1,False,True,,,,,,,,,COMPLETE
271,-1000000000.0,2026-04-01 02:14:08.341621,2026-04-01 02:14:08.363537,0 days 00:00:00.021916,18,1.65,21,4,14,1.55,1.0,5,41,79,180,4,1.0,3.0,1.75,2.3,8,5.3,8.8,6.4,6.300000000000001,3.0,True,True,,,,,,,,,COMPLETE
272,-1000000000.0,2026-04-01 02:14:08.390360,2026-04-01 02:14:10.918298,0 days 00:00:02.527938,20,2.3,14,2,15,1.15,0.7,9,36,84,60,3,1.35,3.1,1.1,3.0,30,5.1,11.6,4.0,6.2,3.2,False,False,,,,,,,,,COMPLETE
273,-1000000000.0,2026-04-01 02:14:10.960002,2026-04-01 02:14:10.982753,0 days 00:00:00.022751,13,2.45,15,0,12,1.2,0.55,8,42,89,150,0,1.9500000000000002,2.7,1.0,3.5,21,5.3,13.8,4.3,4.6,2.8,True,True,,,,,,,,,COMPLETE
274,-1000000000.0,2026-04-01 02:14:11.012931,2026-04-01 02:14:11.035909,0 days 00:00:00.022978,19,2.05,19,5,10,1.1,0.8500000000000001,9,40,75,150,1,1.05,4.800000000000001,1.25,3.2,25,5.7,12.8,4.8,5.1,2.6,False,True,,,,,,,,,COMPLETE
275,-1000000000.0,2026-04-01 02:14:11.066026,2026-04-01 02:14:13.633114,0 days 00:00:02.567088,16,1.95,17,1,17,1.05,0.5,6,37,92,30,6,1.6,4.5,1.35,1.8,24,5.4,16.4,6.800000000000001,4.7,3.1,True,False,,,,,,,,,COMPLETE
276,-1000000000.0,2026-04-01 02:14:13.670132,2026-04-01 02:14:13.695630,0 days 00:00:00.025498,17,1.7,16,3,20,1.5,0.8,8,44,81,150,5,2.05,3.4000000000000004,1.85,1.5,17,6.0,12.600000000000001,4.5,4.9,3.7,False,True,,,,,,,,,COMPLETE
277,-1000000000.0,2026-04-01 02:14:13.725063,2026-04-01 02:14:13.754996,0 days 00:00:00.029933,19,2.35,14,2,14,1.6,0.6,7,43,91,120,4,1.1,2.9,1.65,1.6,28,4.9,12.4,3.5,4.3,1.6,True,True,,,,,,,,,COMPLETE
278,-1000000000.0,2026-04-01 02:14:13.786447,2026-04-01 02:14:16.336291,0 days 00:00:02.549844,14,2.5,14,0,19,1.45,0.95,10,39,100,180,3,1.2,2.5,1.7000000000000002,2.0,13,4.7,12.2,6.9,6.0,2.2,False,True,,,,,,,,,COMPLETE
279,-1000000000.0,2026-04-01 02:14:16.363910,2026-04-01 02:14:16.391457,0 days 00:00:00.027547,20,2.25,15,4,16,1.0,0.55,8,38,82,120,2,2.0,2.3,1.5,3.4000000000000004,12,4.1,15.2,5.4,3.3,3.3,True,False,,,,,,,,,COMPLETE
280,-1000000000.0,2026-04-01 02:14:16.420281,2026-04-01 02:14:16.444554,0 days 00:00:00.024273,12,1.5,18,1,13,1.25,0.5,7,44,98,90,5,1.5,4.0,1.9500000000000002,1.9,1,5.0,13.4,3.3,4.1,3.8000000000000003,False,True,,,,,,,,,COMPLETE
281,-1000000000.0,2026-04-01 02:14:16.482288,2026-04-01 02:14:16.509338,0 days 00:00:00.027050,13,1.7999999999999998,14,2,15,1.75,0.7,9,43,87,150,6,2.1500000000000004,3.6,1.15,3.1,20,3.5,14.8,3.0,5.800000000000001,2.3,True,True,,,,,,,,,COMPLETE
282,-1000000000.0,2026-04-01 02:14:16.540672,2026-04-01 02:14:20.036799,0 days 00:00:03.496127,16,2.2,24,2,17,1.4,0.65,7,36,71,30,0,1.75,4.7,1.6,2.1,16,5.6,17.0,4.1,3.6,1.5,False,True,,,,,,,,,COMPLETE
283,-1000000000.0,2026-04-01 02:14:20.067974,2026-04-01 02:14:20.092667,0 days 00:00:00.024693,11,2.0,17,3,12,1.8,0.9,10,41,85,180,5,2.1,2.4,1.85,2.7,10,5.1,8.6,3.7,6.800000000000001,4.0,True,False,,,,,,,,,COMPLETE
284,-1000000000.0,2026-04-01 02:14:20.125291,2026-04-01 02:14:22.599083,0 days 00:00:02.473792,15,2.15,23,0,14,1.2,0.55,8,35,76,180,2,1.9,2.1,1.3,1.6,9,5.800000000000001,11.4,3.2,4.8,1.9,False,True,,,,,,,,,COMPLETE
285,-1000000000.0,2026-04-01 02:14:22.627929,2026-04-01 02:14:22.650878,0 days 00:00:00.022949,14,2.1,17,5,11,1.05,0.6,9,37,90,60,4,1.15,2.6,1.4,2.2,6,4.0,10.0,3.6,3.9,1.8,True,True,,,,,,,,,COMPLETE
286,-1000000000.0,2026-04-01 02:14:22.679229,2026-04-01 02:14:25.138779,0 days 00:00:02.459550,16,1.5999999999999999,14,4,20,1.65,0.6,8,42,78,120,3,1.25,2.5,1.55,1.5,4,4.2,12.0,5.7,3.7,2.1,False,True,,,,,,,,,COMPLETE
287,-1000000000.0,2026-04-01 02:14:25.167724,2026-04-01 02:14:25.191119,0 days 00:00:00.023395,19,2.4,16,1,10,1.1,0.55,7,40,99,90,5,1.55,4.1,2.0,2.6,0,5.2,15.8,3.8,6.1,3.2,True,False,,,,,,,,,COMPLETE
288,-1000000000.0,2026-04-01 02:14:25.235526,2026-04-01 02:14:25.259812,0 days 00:00:00.024286,20,1.75,20,3,11,1.9500000000000002,0.75,9,43,96,30,6,1.35,3.9000000000000004,1.9,2.5,15,5.5,10.2,5.5,3.1,3.5,False,True,,,,,,,,,COMPLETE
289,-1000000000.0,2026-04-01 02:14:25.291983,2026-04-01 02:14:25.316622,0 days 00:00:00.024639,18,2.3,14,1,18,1.15,0.7,6,44,94,150,6,1.3,2.0,1.2,2.3,27,5.4,13.2,4.2,6.4,1.7,True,True,,,,,,,,,COMPLETE
