number,value,state,datetime_start,datetime_complete,duration_seconds,params_json,fold_sharpes_json,avg_cv_sharpe
0,-1000000000.0,TrialState.COMPLETE,2026-04-01T02:10:59.304236,2026-04-01T02:10:59.307953,0.003717,"{""atr_window"": 16, ""bb_std_dev"": 2.35, ""bb_window"": 14, ""cooldown"": 2, ""macd_fast"": 14, ""macd_k"": 1.15, ""macd_k_mid"": 0.55, ""macd_signal"": 9, ""macd_slow"": 44, ""macd_std_window"": 88, ""rebalance_freq"": 150, ""rebounce_block"": 3, ""sl_mult_lm"": 1.0, ""sl_mult_lr"": 2.5, ""sl_mult_sm"": 1.85, ""sl_mult_sr"": 2.1, ""time_stop"": 9, ""tp_mult_lm"": 5.3, ""tp_mult_lr"": 9.8, ""tp_mult_sm"": 6.9, ""tp_mult_sr"": 3.7, ""trail_mult"": 2.2, ""trail_tp"": true, ""use_trailing"": true}",{},
1,-1000000000.0,TrialState.COMPLETE,2026-04-01T02:10:59.346486,2026-04-01T02:10:59.347573,0.001087,"{""atr_window"": 20, ""bb_std_dev"": 2.45, ""bb_window"": 14, ""cooldown"": 1, ""macd_fast"": 12, ""macd_k"": 1.6, ""macd_k_mid"": 0.55, ""macd_signal"": 8, ""macd_slow"": 40, ""macd_std_window"": 71, ""rebalance_freq"": 150, ""rebounce_block"": 6, ""sl_mult_lm"": 1.35, ""sl_mult_lr"": 2.3, ""sl_mult_sm"": 1.7000000000000002, ""sl_mult_sr"": 1.5, ""time_stop"": 16, ""tp_mult_lm"": 5.6, ""tp_mult_lr"": 12.0, ""tp_mult_sm"": 3.4, ""tp_mult_sr"": 5.0, ""trail_mult"": 3.2, ""trail_tp"": false, ""use_trailing"": true}",{},
2,-1000000000.0,TrialState.COMPLETE,2026-04-01T02:10:59.376983,2026-04-01T02:10:59.379124,0.002141,"{""atr_window"": 14, ""bb_std_dev"": 1.75, ""bb_window"": 14, ""cooldown"": 4, ""macd_fast"": 20, ""macd_k"": 1.05, ""macd_k_mid"": 0.6, ""macd_signal"": 8, ""macd_slow"": 43, ""macd_std_window"": 98, ""rebalance_freq"": 30, ""rebounce_block"": 5, ""sl_mult_lm"": 2.0, ""sl_mult_lr"": 2.4, ""sl_mult_sm"": 1.25, ""sl_mult_sr"": 1.6, ""time_stop"": 21, ""tp_mult_lm"": 4.2, ""tp_mult_lr"": 12.8, ""tp_mult_sm"": 4.4, ""tp_mult_sr"": 6.2, ""trail_mult"": 2.0, ""trail_tp"": false, ""use_trailing"": true}",{},
3,-1000000000.0,TrialState.COMPLETE,2026-04-01T02:10:59.411213,2026-04-01T02:10:59.412680,0.001467,"{""atr_window"": 18, ""bb_std_dev"": 1.75, ""bb_window"": 17, ""cooldown"": 3, ""macd_fast"": 13, ""macd_k"": 1.3, ""macd_k_mid"": 0.5, ""macd_signal"": 10, ""macd_slow"": 36, ""macd_std_window"": 89, ""rebalance_freq"": 120, ""rebounce_block"": 2, ""sl_mult_lm"": 2.1, ""sl_mult_lr"": 4.300000000000001, ""sl_mult_sm"": 1.1, ""sl_mult_sr"": 3.1, ""time_stop"": 0, ""tp_mult_lm"": 5.1, ""tp_mult_lr"": 14.4, ""tp_mult_sm"": 4.9, ""tp_mult_sr"": 5.300000000000001, ""trail_mult"": 2.6, ""trail_tp"": false, ""use_trailing"": false}",{},
4,-1000000000.0,TrialState.COMPLETE,2026-04-01T02:10:59.441631,2026-04-01T02:11:02.973285,3.531654,"{""atr_window"": 20, ""bb_std_dev"": 1.5499999999999998, ""bb_window"": 17, ""cooldown"": 5, ""macd_fast"": 19, ""macd_k"": 1.2, ""macd_k_mid"": 0.5, ""macd_signal"": 7, ""macd_slow"": 37, ""macd_std_window"": 93, ""rebalance_freq"": 120, ""rebounce_block"": 0, ""sl_mult_lm"": 1.75, ""sl_mult_lr"": 4.7, ""sl_mult_sm"": 1.8, ""sl_mult_sr"": 3.1, ""time_stop"": 25, ""tp_mult_lm"": 5.6, ""tp_mult_lr"": 9.6, ""tp_mult_sm"": 6.5, ""tp_mult_sr"": 5.2, ""trail_mult"": 1.7, ""trail_tp"": false, ""use_trailing"": true}",{},
5,-1000000000.0,TrialState.COMPLETE,2026-04-01T02:11:03.008282,2026-04-01T02:11:03.009394,0.001112,"{""atr_window"": 13, ""bb_std_dev"": 2.2, ""bb_window"": 20, ""cooldown"": 2, ""macd_fast"": 14, ""macd_k"": 1.9500000000000002, ""macd_k_mid"": 0.65, ""macd_signal"": 5, ""macd_slow"": 37, ""macd_std_window"": 80, ""rebalance_freq"": 60, ""rebounce_block"": 6, ""sl_mult_lm"": 2.2, ""sl_mult_lr"": 2.8, ""sl_mult_sm"": 1.5, ""sl_mult_sr"": 2.7, ""time_stop"": 4, ""tp_mult_lm"": 6.0, ""tp_mult_lr"": 10.6, ""tp_mult_sm"": 4.0, ""tp_mult_sr"": 3.1, ""trail_mult"": 2.2, ""trail_tp"": true, ""use_trailing"": true}",{},
6,-1000000000.0,TrialState.COMPLETE,2026-04-01T02:11:03.072972,2026-04-01T02:11:03.083305,0.010333,"{""atr_window"": 10, ""bb_std_dev"": 2.0, ""bb_window"": 21, ""cooldown"": 0, ""macd_fast"": 17, ""macd_k"": 1.35, ""macd_k_mid"": 0.8, ""macd_signal"": 6, ""macd_slow"": 42, ""macd_std_window"": 92, ""rebalance_freq"": 30, ""rebounce_block"": 2, ""sl_mult_lm"": 1.4, ""sl_mult_lr"": 4.1, ""sl_mult_sm"": 1.0, ""sl_mult_sr"": 2.5, ""time_stop"": 29, ""tp_mult_lm"": 5.6, ""tp_mult_lr"": 13.4, ""tp_mult_sm"": 3.7, ""tp_mult_sr"": 3.0, ""trail_mult"": 1.9, ""trail_tp"": true, ""use_trailing"": false}",{},
7,-1000000000.0,TrialState.COMPLETE,2026-04-01T02:11:03.126833,2026-04-01T02:11:03.127708,0.000875,"{""atr_window"": 11, ""bb_std_dev"": 1.65, ""bb_window"": 20, ""cooldown"": 0, ""macd_fast"": 20, ""macd_k"": 1.85, ""macd_k_mid"": 0.8, ""macd_signal"": 6, ""macd_slow"": 43, ""macd_std_window"": 90, ""rebalance_freq"": 120, ""rebounce_block"": 0, ""sl_mult_lm"": 2.1, ""sl_mult_lr"": 4.2, ""sl_mult_sm"": 1.35, ""sl_mult_sr"": 3.3, ""time_stop"": 18, ""tp_mult_lm"": 5.800000000000001, ""tp_mult_lr"": 11.2, ""tp_mult_sm"": 5.5, ""tp_mult_sr"": 6.6, ""trail_mult"": 1.7, ""trail_tp"": false, ""use_trailing"": true}",{},
8,-1000000000.0,TrialState.COMPLETE,2026-04-01T02:11:03.166666,2026-04-01T02:11:03.170817,0.004151,"{""atr_window"": 13, ""bb_std_dev"": 1.65, ""bb_window"": 22, ""cooldown"": 3, ""macd_fast"": 10, ""macd_k"": 1.65, ""macd_k_mid"": 0.6, ""macd_signal"": 8, ""macd_slow"": 36, ""macd_std_window"": 91, ""rebalance_freq"": 90, ""rebounce_block"": 4, ""sl_mult_lm"": 1.8, ""sl_mult_lr"": 2.2, ""sl_mult_sm"": 1.65, ""sl_mult_sr"": 2.0, ""time_stop"": 24, ""tp_mult_lm"": 5.4, ""tp_mult_lr"": 13.2, ""tp_mult_sm"": 6.4, ""tp_mult_sr"": 4.5, ""trail_mult"": 2.5, ""trail_tp"": true, ""use_trailing"": false}",{},
9,-1000000000.0,TrialState.COMPLETE,2026-04-01T02:11:03.209098,2026-04-01T02:11:03.210849,0.001751,"{""atr_window"": 20, ""bb_std_dev"": 2.45, ""bb_window"": 25, ""cooldown"": 4, ""macd_fast"": 12, ""macd_k"": 1.65, ""macd_k_mid"": 0.55, ""macd_signal"": 6, ""macd_slow"": 42, ""macd_std_window"": 70, ""rebalance_freq"": 30, ""rebounce_block"": 3, ""sl_mult_lm"": 1.0, ""sl_mult_lr"": 4.9, ""sl_mult_sm"": 1.4, ""sl_mult_sr"": 2.1, ""time_stop"": 29, ""tp_mult_lm"": 4.4, ""tp_mult_lr"": 16.8, ""tp_mult_sm"": 6.800000000000001, ""tp_mult_sr"": 6.4, ""trail_mult"": 2.3, ""trail_tp"": false, ""use_trailing"": false}",{},
10,-1000000000.0,TrialState.COMPLETE,2026-04-01T02:11:03.251824,2026-04-01T02:11:03.268100,0.016276,"{""atr_window"": 16, ""bb_std_dev"": 2.2, ""bb_window"": 17, ""cooldown"": 2, ""macd_fast"": 16, ""macd_k"": 1.0, ""macd_k_mid"": 0.95, ""macd_signal"": 10, ""macd_slow"": 40, ""macd_std_window"": 81, ""rebalance_freq"": 180, ""rebounce_block"": 2, ""sl_mult_lm"": 1.0, ""sl_mult_lr"": 3.1, ""sl_mult_sm"": 1.9500000000000002, ""sl_mult_sr"": 2.2, ""time_stop"": 10, ""tp_mult_lm"": 3.5, ""tp_mult_lr"": 8.4, ""tp_mult_sm"": 5.800000000000001, ""tp_mult_sr"": 3.9, ""trail_mult"": 3.8000000000000003, ""trail_tp"": true, ""use_trailing"": true}",{},
11,-1000000000.0,TrialState.COMPLETE,2026-04-01T02:11:03.308346,2026-04-01T02:11:03.326416,0.01807,"{""atr_window"": 17, ""bb_std_dev"": 2.5, ""bb_window"": 14, ""cooldown"": 1, ""macd_fast"": 11, ""macd_k"": 1.5, ""macd_k_mid"": 0.7, ""macd_signal"": 9, ""macd_slow"": 40, ""macd_std_window"": 70, ""rebalance_freq"": 180, ""rebounce_block"": 6, ""sl_mult_lm"": 1.35, ""sl_mult_lr"": 2.0, ""sl_mult_sm"": 1.75, ""sl_mult_sr"": 1.5, ""time_stop"": 13, ""tp_mult_lm"": 4.9, ""tp_mult_lr"": 11.0, ""tp_mult_sm"": 3.1, ""tp_mult_sr"": 4.0, ""trail_mult"": 3.2, ""trail_tp"": true, ""use_trailing"": true}",{},
12,-1000000000.0,TrialState.COMPLETE,2026-04-01T02:11:03.362678,2026-04-01T02:11:03.376432,0.013754,"{""atr_window"": 18, ""bb_std_dev"": 2.3, ""bb_window"": 15, ""cooldown"": 1, ""macd_fast"": 15, ""macd_k"": 1.5, ""macd_k_mid"": 0.7, ""macd_signal"": 9, ""macd_slow"": 44, ""macd_std_window"": 77, ""rebalance_freq"": 150, ""rebounce_block"": 4, ""sl_mult_lm"": 1.3, ""sl_mult_lr"": 3.5, ""sl_mult_sm"": 2.0, ""sl_mult_sr"": 1.7, ""time_stop"": 9, ""tp_mult_lm"": 5.2, ""tp_mult_lr"": 8.2, ""tp_mult_sm"": 3.0, ""tp_mult_sr"": 5.7, ""trail_mult"": 3.2, ""trail_tp"": true, ""use_trailing"": true}",{},
13,-1000000000.0,TrialState.COMPLETE,2026-04-01T02:11:03.404747,2026-04-01T02:11:03.417709,0.012962,"{""atr_window"": 15, ""bb_std_dev"": 2.05, ""bb_window"": 16, ""cooldown"": 1, ""macd_fast"": 13, ""macd_k"": 1.7000000000000002, ""macd_k_mid"": 1.0, ""macd_signal"": 9, ""macd_slow"": 39, ""macd_std_window"": 84, ""rebalance_freq"": 150, ""rebounce_block"": 4, ""sl_mult_lm"": 1.15, ""sl_mult_lr"": 2.7, ""sl_mult_sm"": 1.65, ""sl_mult_sr"": 1.8, ""time_stop"": 16, ""tp_mult_lm"": 4.7, ""tp_mult_lr"": 15.0, ""tp_mult_sm"": 4.9, ""tp_mult_sr"": 4.5, ""trail_mult"": 3.0, ""trail_tp"": false, ""use_trailing"": true}",{},
14,-1000000000.0,TrialState.COMPLETE,2026-04-01T02:11:03.449597,2026-04-01T02:11:03.461838,0.012241,"{""atr_window"": 19, ""bb_std_dev"": 2.35, ""bb_window"": 14, ""cooldown"": 2, ""macd_fast"": 10, ""macd_k"": 1.2, ""macd_k_mid"": 0.6, ""macd_signal"": 8, ""macd_slow"": 39, ""macd_std_window"": 75, ""rebalance_freq"": 150, ""rebounce_block"": 3, ""sl_mult_lm"": 1.55, ""sl_mult_lr"": 3.3, ""sl_mult_sm"": 1.9, ""sl_mult_sr"": 2.5, ""time_stop"": 6, ""tp_mult_lm"": 6.0, ""tp_mult_lr"": 9.8, ""tp_mult_sm"": 5.6, ""tp_mult_sr"": 3.8, ""trail_mult"": 3.7, ""trail_tp"": false, ""use_trailing"": true}",{},
15,-1000000000.0,TrialState.COMPLETE,2026-04-01T02:11:03.535389,2026-04-01T02:11:03.546760,0.011371,"{""atr_window"": 16, ""bb_std_dev"": 1.4, ""bb_window"": 18, ""cooldown"": 1, ""macd_fast"": 17, ""macd_k"": 1.4, ""macd_k_mid"": 0.8500000000000001, ""macd_signal"": 7, ""macd_slow"": 41, ""macd_std_window"": 85, ""rebalance_freq"": 180, ""rebounce_block"": 5, ""sl_mult_lm"": 1.2, ""sl_mult_lr"": 2.5, ""sl_mult_sm"": 1.65, ""sl_mult_sr"": 1.9, ""time_stop"": 12, ""tp_mult_lm"": 5.3, ""tp_mult_lr"": 12.0, ""tp_mult_sm"": 3.6, ""tp_mult_sr"": 7.0, ""trail_mult"": 2.9000000000000004, ""trail_tp"": true, ""use_trailing"": true}",{},
16,-1000000000.0,TrialState.COMPLETE,2026-04-01T02:11:03.596345,2026-04-01T02:11:03.609324,0.012979,"{""atr_window"": 18, ""bb_std_dev"": 2.2, ""bb_window"": 24, ""cooldown"": 0, ""macd_fast"": 12, ""macd_k"": 1.8, ""macd_k_mid"": 0.5, ""macd_signal"": 9, ""macd_slow"": 44, ""macd_std_window"": 96, ""rebalance_freq"": 90, ""rebounce_block"": 1, ""sl_mult_lm"": 1.55, ""sl_mult_lr"": 3.0, ""sl_mult_sm"": 1.8, ""sl_mult_sr"": 2.2, ""time_stop"": 17, ""tp_mult_lm"": 4.7, ""tp_mult_lr"": 9.4, ""tp_mult_sm"": 4.3, ""tp_mult_sr"": 4.6, ""trail_mult"": 3.3, ""trail_tp"": true, ""use_trailing"": true}",{},
17,-1000000000.0,TrialState.COMPLETE,2026-04-01T02:11:03.639284,2026-04-01T02:11:07.314881,3.675597,"{""atr_window"": 12, ""bb_std_dev"": 2.5, ""bb_window"": 16, ""cooldown"": 3, ""macd_fast"": 14, ""macd_k"": 1.15, ""macd_k_mid"": 0.7, ""macd_signal"": 10, ""macd_slow"": 35, ""macd_std_window"": 74, ""rebalance_freq"": 150, ""rebounce_block"": 5, ""sl_mult_lm"": 1.15, ""sl_mult_lr"": 2.0, ""sl_mult_sm"": 1.55, ""sl_mult_sr"": 1.5, ""time_stop"": 6, ""tp_mult_lm"": 5.6, ""tp_mult_lr"": 12.0, ""tp_mult_sm"": 6.1, ""tp_mult_sr"": 3.5, ""trail_mult"": 3.6, ""trail_tp"": false, ""use_trailing"": true}",{},
18,-1000000000.0,TrialState.COMPLETE,2026-04-01T02:11:07.390754,2026-04-01T02:11:07.411578,0.020824,"{""atr_window"": 15, ""bb_std_dev"": 1.9, ""bb_window"": 18, ""cooldown"": 2, ""macd_fast"": 12, ""macd_k"": 1.45, ""macd_k_mid"": 0.55, ""macd_signal"": 7, ""macd_slow"": 38, ""macd_std_window"": 87, ""rebalance_freq"": 150, ""rebounce_block"": 3, ""sl_mult_lm"": 1.4, ""sl_mult_lr"": 3.8, ""sl_mult_sm"": 1.85, ""sl_mult_sr"": 2.8, ""time_stop"": 20, ""tp_mult_lm"": 5.0, ""tp_mult_lr"": 14.4, ""tp_mult_sm"": 7.0, ""tp_mult_sr"": 5.6, ""trail_mult"": 2.7, ""trail_tp"": false, ""use_trailing"": false}",{},
19,-1000000000.0,TrialState.COMPLETE,2026-04-01T02:11:07.442534,2026-04-01T02:11:07.454029,0.011495,"{""atr_window"": 17, ""bb_std_dev"": 2.35, ""bb_window"": 15, ""cooldown"": 1, ""macd_fast"": 15, ""macd_k"": 1.55, ""macd_k_mid"": 0.65, ""macd_signal"": 8, ""macd_slow"": 41, ""macd_std_window"": 82, ""rebalance_freq"": 90, ""rebounce_block"": 1, ""sl_mult_lm"": 1.7000000000000002, ""sl_mult_lr"": 2.5, ""sl_mult_sm"": 1.7000000000000002, ""sl_mult_sr"": 2.3, ""time_stop"": 14, ""tp_mult_lm"": 4.0, ""tp_mult_lr"": 10.2, ""tp_mult_sm"": 5.2, ""tp_mult_sr"": 4.8, ""trail_mult"": 1.5, ""trail_tp"": true, ""use_trailing"": true}",{},
20,-1000000000.0,TrialState.COMPLETE,2026-04-01T02:11:07.487247,2026-04-01T02:11:07.502926,0.015679,"{""atr_window"": 19, ""bb_std_dev"": 2.1, ""bb_window"": 23, ""cooldown"": 4, ""macd_fast"": 14, ""macd_k"": 1.3, ""macd_k_mid"": 0.9, ""macd_signal"": 9, ""macd_slow"": 41, ""macd_std_window"": 100, ""rebalance_freq"": 180, ""rebounce_block"": 6, ""sl_mult_lm"": 1.25, ""sl_mult_lr"": 2.9, ""sl_mult_sm"": 1.55, ""sl_mult_sr"": 1.8, ""time_stop"": 0, ""tp_mult_lm"": 5.4, ""tp_mult_lr"": 11.8, ""tp_mult_sm"": 4.5, ""tp_mult_sr"": 4.2, ""trail_mult"": 4.0, ""trail_tp"": true, ""use_trailing"": true}",{},
21,-1000000000.0,TrialState.COMPLETE,2026-04-01T02:11:07.536129,2026-04-01T02:11:07.551484,0.015355,"{""atr_window"": 14, ""bb_std_dev"": 1.8499999999999999, ""bb_window"": 14, ""cooldown"": 5, ""macd_fast"": 18, ""macd_k"": 1.0, ""macd_k_mid"": 0.6, ""macd_signal"": 8, ""macd_slow"": 43, ""macd_std_window"": 99, ""rebalance_freq"": 60, ""rebounce_block"": 5, ""sl_mult_lm"": 1.9, ""sl_mult_lr"": 2.4, ""sl_mult_sm"": 1.25, ""sl_mult_sr"": 1.5, ""time_stop"": 22, ""tp_mult_lm"": 4.2, ""tp_mult_lr"": 12.8, ""tp_mult_sm"": 3.5, ""tp_mult_sr"": 6.1, ""trail_mult"": 2.2, ""trail_tp"": false, ""use_trailing"": true}",{},
22,-1000000000.0,TrialState.COMPLETE,2026-04-01T02:11:07.583020,2026-04-01T02:11:07.626365,0.043345,"{""atr_window"": 14, ""bb_std_dev"": 1.75, ""bb_window"": 15, ""cooldown"": 4, ""macd_fast"": 20, ""macd_k"": 1.1, ""macd_k_mid"": 0.55, ""macd_signal"": 8, ""macd_slow"": 43, ""macd_std_window"": 96, ""rebalance_freq"": 120, ""rebounce_block"": 5, ""sl_mult_lm"": 1.9500000000000002, ""sl_mult_lr"": 2.3, ""sl_mult_sm"": 1.2, ""sl_mult_sr"": 1.7, ""time_stop"": 20, ""tp_mult_lm"": 3.8, ""tp_mult_lr"": 15.8, ""tp_mult_sm"": 4.5, ""tp_mult_sr"": 5.9, ""trail_mult"": 2.1, ""trail_tp"": false, ""use_trailing"": true}",{},
23,-1000000000.0,TrialState.COMPLETE,2026-04-01T02:11:07.656633,2026-04-01T02:11:07.670681,0.014048,"{""atr_window"": 14, ""bb_std_dev"": 2.3, ""bb_window"": 14, ""cooldown"": 3, ""macd_fast"": 16, ""macd_k"": 1.1, ""macd_k_mid"": 0.65, ""macd_signal"": 7, ""macd_slow"": 44, ""macd_std_window"": 96, ""rebalance_freq"": 60, ""rebounce_block"": 6, ""sl_mult_lm"": 1.5, ""sl_mult_lr"": 2.6, ""sl_mult_sm"": 1.4, ""sl_mult_sr"": 1.7, ""time_stop"": 9, ""tp_mult_lm"": 4.5, ""tp_mult_lr"": 13.600000000000001, ""tp_mult_sm"": 4.1, ""tp_mult_sr"": 5.0, ""trail_mult"": 1.9, ""trail_tp"": false, ""use_trailing"": true}",{},
24,-1000000000.0,TrialState.COMPLETE,2026-04-01T02:11:07.714335,2026-04-01T02:11:07.728108,0.013773,"{""atr_window"": 16, ""bb_std_dev"": 2.4, ""bb_window"": 16, ""cooldown"": 4, ""macd_fast"": 13, ""macd_k"": 1.0, ""macd_k_mid"": 0.55, ""macd_signal"": 9, ""macd_slow"": 42, ""macd_std_window"": 87, ""rebalance_freq"": 30, ""rebounce_block"": 4, ""sl_mult_lm"": 1.0, ""sl_mult_lr"": 2.1, ""sl_mult_sm"": 1.2, ""sl_mult_sr"": 2.0, ""time_stop"": 25, ""tp_mult_lm"": 4.4, ""tp_mult_lr"": 12.4, ""tp_mult_sm"": 3.3, ""tp_mult_sr"": 5.4, ""trail_mult"": 3.4000000000000004, ""trail_tp"": false, ""use_trailing"": true}",{},
25,-1000000000.0,TrialState.COMPLETE,2026-04-01T02:11:07.760921,2026-04-01T02:11:07.773199,0.012278,"{""atr_window"": 12, ""bb_std_dev"": 1.7999999999999998, ""bb_window"": 15, ""cooldown"": 2, ""macd_fast"": 11, ""macd_k"": 1.25, ""macd_k_mid"": 0.6, ""macd_signal"": 8, ""macd_slow"": 43, ""macd_std_window"": 78, ""rebalance_freq"": 150, ""rebounce_block"": 5, ""sl_mult_lm"": 1.65, ""sl_mult_lr"": 3.3, ""sl_mult_sm"": 1.9, ""sl_mult_sr"": 1.6, ""time_stop"": 19, ""tp_mult_lm"": 4.0, ""tp_mult_lr"": 11.4, ""tp_mult_sm"": 3.8, ""tp_mult_sr"": 3.5, ""trail_mult"": 2.4, ""trail_tp"": false, ""use_trailing"": true}",{},
26,-1000000000.0,TrialState.COMPLETE,2026-04-01T02:11:07.804530,2026-04-01T02:11:07.817388,0.012858,"{""atr_window"": 13, ""bb_std_dev"": 1.95, ""bb_window"": 19, ""cooldown"": 5, ""macd_fast"": 16, ""macd_k"": 1.1, ""macd_k_mid"": 0.75, ""macd_signal"": 10, ""macd_slow"": 44, ""macd_std_window"": 94, ""rebalance_freq"": 120, ""rebounce_block"": 4, ""sl_mult_lm"": 1.1, ""sl_mult_lr"": 2.3, ""sl_mult_sm"": 1.3, ""sl_mult_sr"": 2.4, ""time_stop"": 15, ""tp_mult_lm"": 5.800000000000001, ""tp_mult_lr"": 9.0, ""tp_mult_sm"": 4.8, ""tp_mult_sr"": 7.0, ""trail_mult"": 2.9000000000000004, ""trail_tp"": false, ""use_trailing"": false}",{},
27,-1000000000.0,TrialState.COMPLETE,2026-04-01T02:11:07.846477,2026-04-01T02:11:07.861098,0.014621,"{""atr_window"": 17, ""bb_std_dev"": 2.15, ""bb_window"": 14, ""cooldown"": 3, ""macd_fast"": 18, ""macd_k"": 1.6, ""macd_k_mid"": 0.5, ""macd_signal"": 9, ""macd_slow"": 42, ""macd_std_window"": 73, ""rebalance_freq"": 90, ""rebounce_block"": 3, ""sl_mult_lm"": 1.45, ""sl_mult_lr"": 2.7, ""sl_mult_sm"": 1.1, ""sl_mult_sr"": 1.9, ""time_stop"": 11, ""tp_mult_lm"": 5.0, ""tp_mult_lr"": 10.6, ""tp_mult_sm"": 5.2, ""tp_mult_sr"": 6.2, ""trail_mult"": 2.0, ""trail_tp"": false, ""use_trailing"": true}",{},
28,-1000000000.0,TrialState.COMPLETE,2026-04-01T02:11:07.894756,2026-04-01T02:11:07.909624,0.014868,"{""atr_window"": 19, ""bb_std_dev"": 1.5, ""bb_window"": 16, ""cooldown"": 1, ""macd_fast"": 15, ""macd_k"": 1.75, ""macd_k_mid"": 0.65, ""macd_signal"": 8, ""macd_slow"": 40, ""macd_std_window"": 88, ""rebalance_freq"": 60, ""rebounce_block"": 6, ""sl_mult_lm"": 1.9, ""sl_mult_lr"": 3.2, ""sl_mult_sm"": 1.55, ""sl_mult_sr"": 2.7, ""time_stop"": 23, ""tp_mult_lm"": 4.8, ""tp_mult_lr"": 14.0, ""tp_mult_sm"": 4.5, ""tp_mult_sr"": 6.7, ""trail_mult"": 1.5, ""trail_tp"": true, ""use_trailing"": true}",{},
29,-1000000000.0,TrialState.COMPLETE,2026-04-01T02:11:07.940875,2026-04-01T02:11:07.954135,0.01326,"{""atr_window"": 15, ""bb_std_dev"": 2.3, ""bb_window"": 18, ""cooldown"": 2, ""macd_fast"": 13, ""macd_k"": 1.3, ""macd_k_mid"": 0.5, ""macd_signal"": 10, ""macd_slow"": 43, ""macd_std_window"": 84, ""rebalance_freq"": 180, ""rebounce_block"": 2, ""sl_mult_lm"": 2.05, ""sl_mult_lr"": 3.6, ""sl_mult_sm"": 1.1, ""sl_mult_sr"": 3.5, ""time_stop"": 27, ""tp_mult_lm"": 5.2, ""tp_mult_lr"": 15.2, ""tp_mult_sm"": 4.0, ""tp_mult_sr"": 5.300000000000001, ""trail_mult"": 2.6, ""trail_tp"": false, ""use_trailing"": false}",{},
30,-1000000000.0,TrialState.COMPLETE,2026-04-01T02:11:07.983143,2026-04-01T02:11:07.998336,0.015193,"{""atr_window"": 10, ""bb_std_dev"": 1.5999999999999999, ""bb_window"": 15, ""cooldown"": 4, ""macd_fast"": 11, ""macd_k"": 1.9500000000000002, ""macd_k_mid"": 0.55, ""macd_signal"": 7, ""macd_slow"": 38, ""macd_std_window"": 89, ""rebalance_freq"": 150, ""rebounce_block"": 5, ""sl_mult_lm"": 1.8, ""sl_mult_lr"": 2.9, ""sl_mult_sm"": 1.45, ""sl_mult_sr"": 1.6, ""time_stop"": 21, ""tp_mult_lm"": 5.800000000000001, ""tp_mult_lr"": 12.4, ""tp_mult_sm"": 4.7, ""tp_mult_sr"": 3.4, ""trail_mult"": 2.5, ""trail_tp"": false, ""use_trailing"": true}",{},
31,-1000000000.0,TrialState.COMPLETE,2026-04-01T02:11:08.073069,2026-04-01T02:11:11.471440,3.398371,"{""atr_window"": 20, ""bb_std_dev"": 1.75, ""bb_window"": 17, ""cooldown"": 3, ""macd_fast"": 13, ""macd_k"": 1.2, ""macd_k_mid"": 0.5, ""macd_signal"": 10, ""macd_slow"": 35, ""macd_std_window"": 94, ""rebalance_freq"": 120, ""rebounce_block"": 2, ""sl_mult_lm"": 2.2, ""sl_mult_lr"": 4.4, ""sl_mult_sm"": 1.0, ""sl_mult_sr"": 3.0, ""time_stop"": 0, ""tp_mult_lm"": 5.5, ""tp_mult_lr"": 14.4, ""tp_mult_sm"": 5.2, ""tp_mult_sr"": 5.0, ""trail_mult"": 1.8, ""trail_tp"": false, ""use_trailing"": false}",{},
32,-1000000000.0,TrialState.COMPLETE,2026-04-01T02:11:11.527413,2026-04-01T02:11:11.547969,0.020556,"{""atr_window"": 18, ""bb_std_dev"": 1.7, ""bb_window"": 17, ""cooldown"": 3, ""macd_fast"": 14, ""macd_k"": 1.4, ""macd_k_mid"": 0.5, ""macd_signal"": 9, ""macd_slow"": 37, ""macd_std_window"": 98, ""rebalance_freq"": 120, ""rebounce_block"": 1, ""sl_mult_lm"": 2.0, ""sl_mult_lr"": 3.9000000000000004, ""sl_mult_sm"": 1.1, ""sl_mult_sr"": 3.0, ""time_stop"": 5, ""tp_mult_lm"": 5.1, ""tp_mult_lr"": 15.4, ""tp_mult_sm"": 6.5, ""tp_mult_sr"": 5.7, ""trail_mult"": 2.8, ""trail_tp"": false, ""use_trailing"": false}",{},
33,-1000000000.0,TrialState.COMPLETE,2026-04-01T02:11:11.580528,2026-04-01T02:11:11.595772,0.015244,"{""atr_window"": 20, ""bb_std_dev"": 1.8499999999999999, ""bb_window"": 16, ""cooldown"": 5, ""macd_fast"": 12, ""macd_k"": 1.15, ""macd_k_mid"": 0.6, ""macd_signal"": 5, ""macd_slow"": 36, ""macd_std_window"": 92, ""rebalance_freq"": 120, ""rebounce_block"": 3, ""sl_mult_lm"": 2.1, ""sl_mult_lr"": 4.5, ""sl_mult_sm"": 1.15, ""sl_mult_sr"": 3.2, ""time_stop"": 3, ""tp_mult_lm"": 5.3, ""tp_mult_lr"": 13.0, ""tp_mult_sm"": 6.0, ""tp_mult_sr"": 5.300000000000001, ""trail_mult"": 2.3, ""trail_tp"": false, ""use_trailing"": false}",{},
34,-1000000000.0,TrialState.COMPLETE,2026-04-01T02:11:11.648658,2026-04-01T02:11:15.278272,3.629614,"{""atr_window"": 19, ""bb_std_dev"": 2.0, ""bb_window"": 19, ""cooldown"": 0, ""macd_fast"": 19, ""macd_k"": 1.3, ""macd_k_mid"": 0.55, ""macd_signal"": 10, ""macd_slow"": 38, ""macd_std_window"": 79, ""rebalance_freq"": 150, ""rebounce_block"": 2, ""sl_mult_lm"": 2.1500000000000004, ""sl_mult_lr"": 4.9, ""sl_mult_sm"": 1.8, ""sl_mult_sr"": 2.6, ""time_stop"": 2, ""tp_mult_lm"": 5.7, ""tp_mult_lr"": 13.8, ""tp_mult_sm"": 4.2, ""tp_mult_sr"": 4.2, ""trail_mult"": 1.7, ""trail_tp"": false, ""use_trailing"": false}",{},
