number,value,state,datetime_start,datetime_complete,duration_seconds,params_json,fold_sharpes_json,avg_cv_sharpe
2745,-1000000000.0,TrialState.COMPLETE,2026-04-01T08:15:18.603086,2026-04-01T08:15:21.172577,2.569491,"{""atr_window"": 18, ""bb_std_dev"": 2.45, ""bb_window"": 21, ""cooldown"": 2, ""macd_fast"": 15, ""macd_k"": 1.0, ""macd_k_mid"": 0.7, ""macd_signal"": 5, ""macd_slow"": 35, ""macd_std_window"": 91, ""rebalance_freq"": 90, ""rebounce_block"": 5, ""sl_mult_lm"": 1.1, ""sl_mult_lr"": 2.6, ""sl_mult_sm"": 1.45, ""sl_mult_sr"": 1.7, ""time_stop"": 27, ""tp_mult_lm"": 5.1, ""tp_mult_lr"": 10.8, ""tp_mult_sm"": 3.0, ""tp_mult_sr"": 5.4, ""trail_mult"": 3.5, ""trail_tp"": false, ""use_trailing"": false}",{},
2746,-1000000000.0,TrialState.COMPLETE,2026-04-01T08:15:21.214165,2026-04-01T08:15:23.775360,2.561195,"{""atr_window"": 18, ""bb_std_dev"": 2.45, ""bb_window"": 21, ""cooldown"": 2, ""macd_fast"": 15, ""macd_k"": 1.0, ""macd_k_mid"": 0.7, ""macd_signal"": 5, ""macd_slow"": 35, ""macd_std_window"": 91, ""rebalance_freq"": 90, ""rebounce_block"": 5, ""sl_mult_lm"": 1.1, ""sl_mult_lr"": 2.7, ""sl_mult_sm"": 1.45, ""sl_mult_sr"": 1.7, ""time_stop"": 28, ""tp_mult_lm"": 5.1, ""tp_mult_lr"": 10.8, ""tp_mult_sm"": 3.1, ""tp_mult_sr"": 5.300000000000001, ""trail_mult"": 3.4000000000000004, ""trail_tp"": false, ""use_trailing"": false}",{},
2747,2.7504857142857144,TrialState.COMPLETE,2026-04-01T08:15:23.819650,2026-04-01T08:15:26.370346,2.550696,"{""atr_window"": 18, ""bb_std_dev"": 2.45, ""bb_window"": 21, ""cooldown"": 2, ""macd_fast"": 15, ""macd_k"": 1.0, ""macd_k_mid"": 0.7, ""macd_signal"": 5, ""macd_slow"": 35, ""macd_std_window"": 90, ""rebalance_freq"": 90, ""rebounce_block"": 5, ""sl_mult_lm"": 1.1, ""sl_mult_lr"": 2.6, ""sl_mult_sm"": 1.45, ""sl_mult_sr"": 1.7, ""time_stop"": 27, ""tp_mult_lm"": 5.1, ""tp_mult_lr"": 10.6, ""tp_mult_sm"": 3.1, ""tp_mult_sr"": 5.300000000000001, ""trail_mult"": 3.5, ""trail_tp"": false, ""use_trailing"": false}",{},
2748,2.9323928571428572,TrialState.COMPLETE,2026-04-01T08:15:26.417370,2026-04-01T08:15:28.955567,2.538197,"{""atr_window"": 18, ""bb_std_dev"": 2.45, ""bb_window"": 21, ""cooldown"": 2, ""macd_fast"": 15, ""macd_k"": 1.0, ""macd_k_mid"": 0.7, ""macd_signal"": 5, ""macd_slow"": 35, ""macd_std_window"": 90, ""rebalance_freq"": 90, ""rebounce_block"": 5, ""sl_mult_lm"": 1.1, ""sl_mult_lr"": 2.6, ""sl_mult_sm"": 1.45, ""sl_mult_sr"": 1.7, ""time_stop"": 27, ""tp_mult_lm"": 5.1, ""tp_mult_lr"": 10.6, ""tp_mult_sm"": 3.0, ""tp_mult_sr"": 5.4, ""trail_mult"": 3.5, ""trail_tp"": false, ""use_trailing"": false}",{},
2749,1.7648214285714285,TrialState.COMPLETE,2026-04-01T08:15:28.986900,2026-04-01T08:15:31.778206,2.791306,"{""atr_window"": 18, ""bb_std_dev"": 2.45, ""bb_window"": 21, ""cooldown"": 2, ""macd_fast"": 15, ""macd_k"": 1.0, ""macd_k_mid"": 0.7, ""macd_signal"": 5, ""macd_slow"": 35, ""macd_std_window"": 91, ""rebalance_freq"": 90, ""rebounce_block"": 5, ""sl_mult_lm"": 1.1, ""sl_mult_lr"": 2.7, ""sl_mult_sm"": 1.45, ""sl_mult_sr"": 1.7, ""time_stop"": 27, ""tp_mult_lm"": 5.1, ""tp_mult_lr"": 10.6, ""tp_mult_sm"": 3.0, ""tp_mult_sr"": 5.4, ""trail_mult"": 3.5, ""trail_tp"": false, ""use_trailing"": false}",{},
2750,1.5942214285714285,TrialState.COMPLETE,2026-04-01T08:15:31.818080,2026-04-01T08:28:59.891785,808.073705,"{""atr_window"": 18, ""bb_std_dev"": 2.45, ""bb_window"": 21, ""cooldown"": 2, ""macd_fast"": 15, ""macd_k"": 1.0, ""macd_k_mid"": 0.7, ""macd_signal"": 5, ""macd_slow"": 35, ""macd_std_window"": 91, ""rebalance_freq"": 90, ""rebounce_block"": 5, ""sl_mult_lm"": 1.1, ""sl_mult_lr"": 2.7, ""sl_mult_sm"": 1.45, ""sl_mult_sr"": 1.7, ""time_stop"": 28, ""tp_mult_lm"": 5.1, ""tp_mult_lr"": 10.6, ""tp_mult_sm"": 3.0, ""tp_mult_sr"": 5.4, ""trail_mult"": 3.5, ""trail_tp"": false, ""use_trailing"": false}",{},
2751,1.8947928571428574,TrialState.COMPLETE,2026-04-01T08:28:59.931945,2026-04-01T08:29:02.394705,2.46276,"{""atr_window"": 18, ""bb_std_dev"": 2.45, ""bb_window"": 21, ""cooldown"": 2, ""macd_fast"": 15, ""macd_k"": 1.0, ""macd_k_mid"": 0.7, ""macd_signal"": 5, ""macd_slow"": 35, ""macd_std_window"": 90, ""rebalance_freq"": 90, ""rebounce_block"": 5, ""sl_mult_lm"": 1.1, ""sl_mult_lr"": 2.6, ""sl_mult_sm"": 1.45, ""sl_mult_sr"": 1.7, ""time_stop"": 28, ""tp_mult_lm"": 5.1, ""tp_mult_lr"": 10.6, ""tp_mult_sm"": 3.0, ""tp_mult_sr"": 5.4, ""trail_mult"": 3.5, ""trail_tp"": false, ""use_trailing"": false}",{},
2752,2.9231285714285713,TrialState.COMPLETE,2026-04-01T08:29:02.440019,2026-04-01T08:29:04.948641,2.508622,"{""atr_window"": 18, ""bb_std_dev"": 2.45, ""bb_window"": 21, ""cooldown"": 2, ""macd_fast"": 15, ""macd_k"": 1.0, ""macd_k_mid"": 0.7, ""macd_signal"": 5, ""macd_slow"": 35, ""macd_std_window"": 90, ""rebalance_freq"": 90, ""rebounce_block"": 5, ""sl_mult_lm"": 1.1, ""sl_mult_lr"": 2.6, ""sl_mult_sm"": 1.45, ""sl_mult_sr"": 1.7, ""time_stop"": 27, ""tp_mult_lm"": 5.1, ""tp_mult_lr"": 10.8, ""tp_mult_sm"": 3.0, ""tp_mult_sr"": 5.300000000000001, ""trail_mult"": 3.4000000000000004, ""trail_tp"": false, ""use_trailing"": false}",{},
2753,1.7524571428571427,TrialState.COMPLETE,2026-04-01T08:29:05.008406,2026-04-01T08:29:07.514251,2.505845,"{""atr_window"": 18, ""bb_std_dev"": 2.45, ""bb_window"": 21, ""cooldown"": 2, ""macd_fast"": 15, ""macd_k"": 1.0, ""macd_k_mid"": 0.7, ""macd_signal"": 5, ""macd_slow"": 35, ""macd_std_window"": 91, ""rebalance_freq"": 90, ""rebounce_block"": 5, ""sl_mult_lm"": 1.1, ""sl_mult_lr"": 2.7, ""sl_mult_sm"": 1.45, ""sl_mult_sr"": 1.7, ""time_stop"": 27, ""tp_mult_lm"": 5.1, ""tp_mult_lr"": 11.0, ""tp_mult_sm"": 3.0, ""tp_mult_sr"": 5.300000000000001, ""trail_mult"": 3.5, ""trail_tp"": false, ""use_trailing"": false}",{},
2754,1.7375785714285716,TrialState.COMPLETE,2026-04-01T08:29:07.546050,2026-04-01T08:29:10.060863,2.514813,"{""atr_window"": 18, ""bb_std_dev"": 2.45, ""bb_window"": 21, ""cooldown"": 2, ""macd_fast"": 15, ""macd_k"": 1.0, ""macd_k_mid"": 0.7, ""macd_signal"": 5, ""macd_slow"": 35, ""macd_std_window"": 90, ""rebalance_freq"": 90, ""rebounce_block"": 5, ""sl_mult_lm"": 1.1, ""sl_mult_lr"": 2.6, ""sl_mult_sm"": 1.45, ""sl_mult_sr"": 1.7, ""time_stop"": 28, ""tp_mult_lm"": 5.0, ""tp_mult_lr"": 10.8, ""tp_mult_sm"": 3.0, ""tp_mult_sr"": 5.4, ""trail_mult"": 3.4000000000000004, ""trail_tp"": false, ""use_trailing"": false}",{},
2755,-1000000000.0,TrialState.COMPLETE,2026-04-01T08:29:10.092454,2026-04-01T08:29:12.624398,2.531944,"{""atr_window"": 18, ""bb_std_dev"": 2.45, ""bb_window"": 21, ""cooldown"": 2, ""macd_fast"": 15, ""macd_k"": 1.0, ""macd_k_mid"": 0.7, ""macd_signal"": 5, ""macd_slow"": 35, ""macd_std_window"": 91, ""rebalance_freq"": 90, ""rebounce_block"": 5, ""sl_mult_lm"": 1.1, ""sl_mult_lr"": 2.6, ""sl_mult_sm"": 1.45, ""sl_mult_sr"": 1.7, ""time_stop"": 27, ""tp_mult_lm"": 5.0, ""tp_mult_lr"": 10.6, ""tp_mult_sm"": 3.1, ""tp_mult_sr"": 5.300000000000001, ""trail_mult"": 3.4000000000000004, ""trail_tp"": false, ""use_trailing"": false}",{},
2756,1.6101785714285712,TrialState.COMPLETE,2026-04-01T08:29:12.656628,2026-04-01T08:29:15.202712,2.546084,"{""atr_window"": 18, ""bb_std_dev"": 2.45, ""bb_window"": 21, ""cooldown"": 2, ""macd_fast"": 15, ""macd_k"": 1.0, ""macd_k_mid"": 0.7, ""macd_signal"": 5, ""macd_slow"": 35, ""macd_std_window"": 90, ""rebalance_freq"": 90, ""rebounce_block"": 5, ""sl_mult_lm"": 1.1, ""sl_mult_lr"": 2.7, ""sl_mult_sm"": 1.45, ""sl_mult_sr"": 1.7, ""time_stop"": 28, ""tp_mult_lm"": 5.1, ""tp_mult_lr"": 11.0, ""tp_mult_sm"": 3.0, ""tp_mult_sr"": 5.4, ""trail_mult"": 3.5, ""trail_tp"": false, ""use_trailing"": false}",{},
2757,2.9231285714285713,TrialState.COMPLETE,2026-04-01T08:29:15.244674,2026-04-01T08:29:17.791421,2.546747,"{""atr_window"": 18, ""bb_std_dev"": 2.45, ""bb_window"": 21, ""cooldown"": 2, ""macd_fast"": 15, ""macd_k"": 1.0, ""macd_k_mid"": 0.7, ""macd_signal"": 5, ""macd_slow"": 35, ""macd_std_window"": 90, ""rebalance_freq"": 90, ""rebounce_block"": 5, ""sl_mult_lm"": 1.1, ""sl_mult_lr"": 2.6, ""sl_mult_sm"": 1.45, ""sl_mult_sr"": 1.7, ""time_stop"": 27, ""tp_mult_lm"": 5.1, ""tp_mult_lr"": 10.6, ""tp_mult_sm"": 3.0, ""tp_mult_sr"": 5.300000000000001, ""trail_mult"": 3.4000000000000004, ""trail_tp"": false, ""use_trailing"": false}",{},
2758,1.6056285714285716,TrialState.COMPLETE,2026-04-01T08:29:17.824172,2026-04-01T08:29:20.386978,2.562806,"{""atr_window"": 18, ""bb_std_dev"": 2.45, ""bb_window"": 21, ""cooldown"": 2, ""macd_fast"": 15, ""macd_k"": 1.0, ""macd_k_mid"": 0.7, ""macd_signal"": 5, ""macd_slow"": 35, ""macd_std_window"": 90, ""rebalance_freq"": 90, ""rebounce_block"": 5, ""sl_mult_lm"": 1.1, ""sl_mult_lr"": 2.7, ""sl_mult_sm"": 1.45, ""sl_mult_sr"": 1.7, ""time_stop"": 28, ""tp_mult_lm"": 5.1, ""tp_mult_lr"": 10.6, ""tp_mult_sm"": 3.0, ""tp_mult_sr"": 5.300000000000001, ""trail_mult"": 3.5, ""trail_tp"": false, ""use_trailing"": false}",{},
2759,-1000000000.0,TrialState.COMPLETE,2026-04-01T08:29:20.420056,2026-04-01T08:29:23.077396,2.65734,"{""atr_window"": 18, ""bb_std_dev"": 2.45, ""bb_window"": 21, ""cooldown"": 2, ""macd_fast"": 15, ""macd_k"": 1.0, ""macd_k_mid"": 0.7, ""macd_signal"": 5, ""macd_slow"": 35, ""macd_std_window"": 91, ""rebalance_freq"": 90, ""rebounce_block"": 5, ""sl_mult_lm"": 1.1, ""sl_mult_lr"": 2.6, ""sl_mult_sm"": 1.45, ""sl_mult_sr"": 1.7, ""time_stop"": 27, ""tp_mult_lm"": 5.0, ""tp_mult_lr"": 10.6, ""tp_mult_sm"": 3.0, ""tp_mult_sr"": 5.4, ""trail_mult"": 3.4000000000000004, ""trail_tp"": false, ""use_trailing"": false}",{},
2760,-1000000000.0,TrialState.COMPLETE,2026-04-01T08:29:23.118047,2026-04-01T08:29:25.678310,2.560263,"{""atr_window"": 18, ""bb_std_dev"": 2.45, ""bb_window"": 21, ""cooldown"": 2, ""macd_fast"": 15, ""macd_k"": 1.0, ""macd_k_mid"": 0.7, ""macd_signal"": 5, ""macd_slow"": 35, ""macd_std_window"": 91, ""rebalance_freq"": 90, ""rebounce_block"": 5, ""sl_mult_lm"": 1.1, ""sl_mult_lr"": 2.6, ""sl_mult_sm"": 1.45, ""sl_mult_sr"": 1.7, ""time_stop"": 27, ""tp_mult_lm"": 5.1, ""tp_mult_lr"": 10.6, ""tp_mult_sm"": 3.0, ""tp_mult_sr"": 5.300000000000001, ""trail_mult"": 3.4000000000000004, ""trail_tp"": false, ""use_trailing"": false}",{},
2761,1.4190357142857142,TrialState.COMPLETE,2026-04-01T08:29:25.720218,2026-04-01T08:29:28.361472,2.641254,"{""atr_window"": 18, ""bb_std_dev"": 2.45, ""bb_window"": 21, ""cooldown"": 2, ""macd_fast"": 15, ""macd_k"": 1.0, ""macd_k_mid"": 0.7, ""macd_signal"": 5, ""macd_slow"": 35, ""macd_std_window"": 90, ""rebalance_freq"": 90, ""rebounce_block"": 5, ""sl_mult_lm"": 1.1, ""sl_mult_lr"": 2.7, ""sl_mult_sm"": 1.45, ""sl_mult_sr"": 1.7, ""time_stop"": 28, ""tp_mult_lm"": 5.0, ""tp_mult_lr"": 11.0, ""tp_mult_sm"": 3.1, ""tp_mult_sr"": 5.4, ""trail_mult"": 3.5, ""trail_tp"": false, ""use_trailing"": false}",{},
2762,-1000000000.0,TrialState.COMPLETE,2026-04-01T08:29:28.404947,2026-04-01T08:29:30.928044,2.523097,"{""atr_window"": 18, ""bb_std_dev"": 2.4, ""bb_window"": 21, ""cooldown"": 2, ""macd_fast"": 15, ""macd_k"": 1.0, ""macd_k_mid"": 0.7, ""macd_signal"": 5, ""macd_slow"": 35, ""macd_std_window"": 89, ""rebalance_freq"": 90, ""rebounce_block"": 5, ""sl_mult_lm"": 1.1, ""sl_mult_lr"": 2.6, ""sl_mult_sm"": 1.45, ""sl_mult_sr"": 1.7, ""time_stop"": 27, ""tp_mult_lm"": 5.1, ""tp_mult_lr"": 10.8, ""tp_mult_sm"": 3.1, ""tp_mult_sr"": 5.300000000000001, ""trail_mult"": 3.4000000000000004, ""trail_tp"": false, ""use_trailing"": false}",{},
2763,2.9323928571428572,TrialState.COMPLETE,2026-04-01T08:29:30.960817,2026-04-01T08:29:33.579192,2.618375,"{""atr_window"": 18, ""bb_std_dev"": 2.45, ""bb_window"": 21, ""cooldown"": 2, ""macd_fast"": 15, ""macd_k"": 1.0, ""macd_k_mid"": 0.7, ""macd_signal"": 5, ""macd_slow"": 35, ""macd_std_window"": 90, ""rebalance_freq"": 90, ""rebounce_block"": 5, ""sl_mult_lm"": 1.1, ""sl_mult_lr"": 2.6, ""sl_mult_sm"": 1.45, ""sl_mult_sr"": 1.7, ""time_stop"": 27, ""tp_mult_lm"": 5.1, ""tp_mult_lr"": 10.8, ""tp_mult_sm"": 3.0, ""tp_mult_sr"": 5.4, ""trail_mult"": 3.5, ""trail_tp"": false, ""use_trailing"": false}",{},
2764,1.6101785714285712,TrialState.COMPLETE,2026-04-01T08:29:33.627980,2026-04-01T08:29:36.217000,2.58902,"{""atr_window"": 18, ""bb_std_dev"": 2.45, ""bb_window"": 21, ""cooldown"": 2, ""macd_fast"": 15, ""macd_k"": 1.0, ""macd_k_mid"": 0.7, ""macd_signal"": 5, ""macd_slow"": 35, ""macd_std_window"": 90, ""rebalance_freq"": 90, ""rebounce_block"": 5, ""sl_mult_lm"": 1.1, ""sl_mult_lr"": 2.7, ""sl_mult_sm"": 1.45, ""sl_mult_sr"": 1.7, ""time_stop"": 28, ""tp_mult_lm"": 5.1, ""tp_mult_lr"": 11.0, ""tp_mult_sm"": 3.0, ""tp_mult_sr"": 5.4, ""trail_mult"": 3.5, ""trail_tp"": false, ""use_trailing"": false}",{},
2765,-1000000000.0,TrialState.COMPLETE,2026-04-01T08:29:36.266336,2026-04-01T08:29:38.913888,2.647552,"{""atr_window"": 18, ""bb_std_dev"": 2.45, ""bb_window"": 21, ""cooldown"": 2, ""macd_fast"": 15, ""macd_k"": 1.0, ""macd_k_mid"": 0.7, ""macd_signal"": 5, ""macd_slow"": 35, ""macd_std_window"": 91, ""rebalance_freq"": 90, ""rebounce_block"": 5, ""sl_mult_lm"": 1.1, ""sl_mult_lr"": 2.6, ""sl_mult_sm"": 1.45, ""sl_mult_sr"": 1.7, ""time_stop"": 27, ""tp_mult_lm"": 5.0, ""tp_mult_lr"": 10.6, ""tp_mult_sm"": 3.0, ""tp_mult_sr"": 5.4, ""trail_mult"": 3.5, ""trail_tp"": false, ""use_trailing"": false}",{},
2766,1.7648214285714285,TrialState.COMPLETE,2026-04-01T08:29:38.953634,2026-04-01T08:29:41.409555,2.455921,"{""atr_window"": 18, ""bb_std_dev"": 2.45, ""bb_window"": 21, ""cooldown"": 2, ""macd_fast"": 15, ""macd_k"": 1.0, ""macd_k_mid"": 0.7, ""macd_signal"": 5, ""macd_slow"": 35, ""macd_std_window"": 91, ""rebalance_freq"": 90, ""rebounce_block"": 5, ""sl_mult_lm"": 1.1, ""sl_mult_lr"": 2.7, ""sl_mult_sm"": 1.45, ""sl_mult_sr"": 1.7, ""time_stop"": 27, ""tp_mult_lm"": 5.1, ""tp_mult_lr"": 10.6, ""tp_mult_sm"": 3.0, ""tp_mult_sr"": 5.4, ""trail_mult"": 3.5, ""trail_tp"": false, ""use_trailing"": false}",{},
2767,1.3746142857142856,TrialState.COMPLETE,2026-04-01T08:29:41.449143,2026-04-01T08:29:44.022333,2.57319,"{""atr_window"": 18, ""bb_std_dev"": 2.4, ""bb_window"": 21, ""cooldown"": 2, ""macd_fast"": 15, ""macd_k"": 1.0, ""macd_k_mid"": 0.7, ""macd_signal"": 5, ""macd_slow"": 35, ""macd_std_window"": 89, ""rebalance_freq"": 90, ""rebounce_block"": 5, ""sl_mult_lm"": 1.1, ""sl_mult_lr"": 2.6, ""sl_mult_sm"": 1.4, ""sl_mult_sr"": 1.7, ""time_stop"": 28, ""tp_mult_lm"": 5.0, ""tp_mult_lr"": 11.0, ""tp_mult_sm"": 3.0, ""tp_mult_sr"": 5.300000000000001, ""trail_mult"": 3.5, ""trail_tp"": false, ""use_trailing"": false}",{},
2768,1.8636499999999998,TrialState.COMPLETE,2026-04-01T08:29:44.062793,2026-04-01T08:30:06.973729,22.910936,"{""atr_window"": 18, ""bb_std_dev"": 2.4, ""bb_window"": 21, ""cooldown"": 2, ""macd_fast"": 15, ""macd_k"": 1.0, ""macd_k_mid"": 0.7, ""macd_signal"": 5, ""macd_slow"": 35, ""macd_std_window"": 90, ""rebalance_freq"": 90, ""rebounce_block"": 5, ""sl_mult_lm"": 1.1, ""sl_mult_lr"": 2.7, ""sl_mult_sm"": 1.45, ""sl_mult_sr"": 1.7, ""time_stop"": 27, ""tp_mult_lm"": 5.1, ""tp_mult_lr"": 10.8, ""tp_mult_sm"": 3.1, ""tp_mult_sr"": 5.300000000000001, ""trail_mult"": 3.4000000000000004, ""trail_tp"": false, ""use_trailing"": false}",{},
2769,-1000000000.0,TrialState.COMPLETE,2026-04-01T08:30:07.005876,2026-04-01T08:30:09.567598,2.561722,"{""atr_window"": 18, ""bb_std_dev"": 2.45, ""bb_window"": 21, ""cooldown"": 2, ""macd_fast"": 15, ""macd_k"": 1.0, ""macd_k_mid"": 0.7, ""macd_signal"": 5, ""macd_slow"": 35, ""macd_std_window"": 89, ""rebalance_freq"": 90, ""rebounce_block"": 5, ""sl_mult_lm"": 1.1, ""sl_mult_lr"": 2.6, ""sl_mult_sm"": 1.4, ""sl_mult_sr"": 1.7, ""time_stop"": 27, ""tp_mult_lm"": 5.0, ""tp_mult_lr"": 10.6, ""tp_mult_sm"": 3.1, ""tp_mult_sr"": 5.4, ""trail_mult"": 3.5, ""trail_tp"": false, ""use_trailing"": false}",{},
2770,-1000000000.0,TrialState.COMPLETE,2026-04-01T08:30:09.621695,2026-04-01T08:30:12.194319,2.572624,"{""atr_window"": 18, ""bb_std_dev"": 2.45, ""bb_window"": 21, ""cooldown"": 2, ""macd_fast"": 15, ""macd_k"": 1.0, ""macd_k_mid"": 0.7, ""macd_signal"": 5, ""macd_slow"": 35, ""macd_std_window"": 91, ""rebalance_freq"": 90, ""rebounce_block"": 5, ""sl_mult_lm"": 1.1, ""sl_mult_lr"": 2.6, ""sl_mult_sm"": 1.45, ""sl_mult_sr"": 1.7, ""time_stop"": 27, ""tp_mult_lm"": 5.1, ""tp_mult_lr"": 10.8, ""tp_mult_sm"": 3.0, ""tp_mult_sr"": 5.300000000000001, ""trail_mult"": 3.4000000000000004, ""trail_tp"": false, ""use_trailing"": false}",{},
2771,1.4080428571428572,TrialState.COMPLETE,2026-04-01T08:30:12.236607,2026-04-01T08:30:14.892845,2.656238,"{""atr_window"": 18, ""bb_std_dev"": 2.45, ""bb_window"": 21, ""cooldown"": 2, ""macd_fast"": 15, ""macd_k"": 1.0, ""macd_k_mid"": 0.7, ""macd_signal"": 5, ""macd_slow"": 35, ""macd_std_window"": 90, ""rebalance_freq"": 90, ""rebounce_block"": 5, ""sl_mult_lm"": 1.1, ""sl_mult_lr"": 2.7, ""sl_mult_sm"": 1.45, ""sl_mult_sr"": 1.7, ""time_stop"": 28, ""tp_mult_lm"": 5.0, ""tp_mult_lr"": 11.0, ""tp_mult_sm"": 3.1, ""tp_mult_sr"": 5.300000000000001, ""trail_mult"": 3.5, ""trail_tp"": false, ""use_trailing"": false}",{},
2772,1.936614285714286,TrialState.COMPLETE,2026-04-01T08:30:14.931698,2026-04-01T08:30:17.493293,2.561595,"{""atr_window"": 18, ""bb_std_dev"": 2.4, ""bb_window"": 21, ""cooldown"": 2, ""macd_fast"": 15, ""macd_k"": 1.0, ""macd_k_mid"": 0.7, ""macd_signal"": 5, ""macd_slow"": 35, ""macd_std_window"": 90, ""rebalance_freq"": 90, ""rebounce_block"": 5, ""sl_mult_lm"": 1.1, ""sl_mult_lr"": 2.6, ""sl_mult_sm"": 1.45, ""sl_mult_sr"": 1.7, ""time_stop"": 28, ""tp_mult_lm"": 5.1, ""tp_mult_lr"": 11.0, ""tp_mult_sm"": 3.1, ""tp_mult_sr"": 5.4, ""trail_mult"": 3.4000000000000004, ""trail_tp"": false, ""use_trailing"": false}",{},
2773,2.54355,TrialState.COMPLETE,2026-04-01T08:30:17.538805,2026-04-01T08:30:20.134571,2.595766,"{""atr_window"": 18, ""bb_std_dev"": 2.45, ""bb_window"": 21, ""cooldown"": 2, ""macd_fast"": 15, ""macd_k"": 1.0, ""macd_k_mid"": 0.7, ""macd_signal"": 5, ""macd_slow"": 35, ""macd_std_window"": 89, ""rebalance_freq"": 90, ""rebounce_block"": 5, ""sl_mult_lm"": 1.1, ""sl_mult_lr"": 2.6, ""sl_mult_sm"": 1.4, ""sl_mult_sr"": 1.7, ""time_stop"": 27, ""tp_mult_lm"": 5.1, ""tp_mult_lr"": 10.6, ""tp_mult_sm"": 3.0, ""tp_mult_sr"": 5.4, ""trail_mult"": 3.4000000000000004, ""trail_tp"": false, ""use_trailing"": false}",{},
2774,-1000000000.0,TrialState.COMPLETE,2026-04-01T08:30:20.175471,2026-04-01T08:30:22.731613,2.556142,"{""atr_window"": 18, ""bb_std_dev"": 2.45, ""bb_window"": 21, ""cooldown"": 2, ""macd_fast"": 15, ""macd_k"": 1.0, ""macd_k_mid"": 0.7, ""macd_signal"": 5, ""macd_slow"": 35, ""macd_std_window"": 91, ""rebalance_freq"": 90, ""rebounce_block"": 5, ""sl_mult_lm"": 1.05, ""sl_mult_lr"": 2.7, ""sl_mult_sm"": 1.45, ""sl_mult_sr"": 1.7, ""time_stop"": 28, ""tp_mult_lm"": 5.0, ""tp_mult_lr"": 10.8, ""tp_mult_sm"": 3.0, ""tp_mult_sr"": 5.300000000000001, ""trail_mult"": 3.5, ""trail_tp"": false, ""use_trailing"": false}",{},
2775,1.8874499999999999,TrialState.COMPLETE,2026-04-01T08:30:22.774581,2026-04-01T08:30:25.342918,2.568337,"{""atr_window"": 18, ""bb_std_dev"": 2.4, ""bb_window"": 21, ""cooldown"": 2, ""macd_fast"": 15, ""macd_k"": 1.0, ""macd_k_mid"": 0.7, ""macd_signal"": 5, ""macd_slow"": 35, ""macd_std_window"": 90, ""rebalance_freq"": 90, ""rebounce_block"": 5, ""sl_mult_lm"": 1.1, ""sl_mult_lr"": 2.6, ""sl_mult_sm"": 1.45, ""sl_mult_sr"": 1.7, ""time_stop"": 27, ""tp_mult_lm"": 5.1, ""tp_mult_lr"": 10.6, ""tp_mult_sm"": 3.1, ""tp_mult_sr"": 5.300000000000001, ""trail_mult"": 3.4000000000000004, ""trail_tp"": false, ""use_trailing"": false}",{},
2776,2.54355,TrialState.COMPLETE,2026-04-01T08:30:25.383808,2026-04-01T08:30:27.927568,2.54376,"{""atr_window"": 18, ""bb_std_dev"": 2.45, ""bb_window"": 21, ""cooldown"": 2, ""macd_fast"": 15, ""macd_k"": 1.0, ""macd_k_mid"": 0.7, ""macd_signal"": 5, ""macd_slow"": 35, ""macd_std_window"": 89, ""rebalance_freq"": 90, ""rebounce_block"": 5, ""sl_mult_lm"": 1.1, ""sl_mult_lr"": 2.6, ""sl_mult_sm"": 1.4, ""sl_mult_sr"": 1.7, ""time_stop"": 27, ""tp_mult_lm"": 5.1, ""tp_mult_lr"": 10.8, ""tp_mult_sm"": 3.0, ""tp_mult_sr"": 5.4, ""trail_mult"": 3.4000000000000004, ""trail_tp"": false, ""use_trailing"": false}",{},
2777,-1000000000.0,TrialState.COMPLETE,2026-04-01T08:30:27.966939,2026-04-01T08:30:30.541120,2.574181,"{""atr_window"": 18, ""bb_std_dev"": 2.45, ""bb_window"": 21, ""cooldown"": 2, ""macd_fast"": 15, ""macd_k"": 1.0, ""macd_k_mid"": 0.7, ""macd_signal"": 5, ""macd_slow"": 35, ""macd_std_window"": 91, ""rebalance_freq"": 90, ""rebounce_block"": 5, ""sl_mult_lm"": 1.05, ""sl_mult_lr"": 2.7, ""sl_mult_sm"": 1.45, ""sl_mult_sr"": 1.7, ""time_stop"": 28, ""tp_mult_lm"": 5.1, ""tp_mult_lr"": 10.6, ""tp_mult_sm"": 3.1, ""tp_mult_sr"": 5.300000000000001, ""trail_mult"": 3.5, ""trail_tp"": false, ""use_trailing"": false}",{},
2778,1.8741857142857143,TrialState.COMPLETE,2026-04-01T08:30:30.583317,2026-04-01T08:30:33.194066,2.610749,"{""atr_window"": 18, ""bb_std_dev"": 2.4, ""bb_window"": 21, ""cooldown"": 2, ""macd_fast"": 15, ""macd_k"": 1.0, ""macd_k_mid"": 0.7, ""macd_signal"": 5, ""macd_slow"": 35, ""macd_std_window"": 90, ""rebalance_freq"": 90, ""rebounce_block"": 5, ""sl_mult_lm"": 1.1, ""sl_mult_lr"": 2.6, ""sl_mult_sm"": 1.45, ""sl_mult_sr"": 1.7, ""time_stop"": 27, ""tp_mult_lm"": 5.0, ""tp_mult_lr"": 11.0, ""tp_mult_sm"": 3.1, ""tp_mult_sr"": 5.4, ""trail_mult"": 3.4000000000000004, ""trail_tp"": false, ""use_trailing"": false}",{},
