number,value,state,datetime_start,datetime_complete,duration_seconds,params_json,fold_sharpes_json,avg_cv_sharpe
2641,-1000000000.0,TrialState.COMPLETE,2026-04-01T07:28:44.040603,2026-04-01T07:28:46.512517,2.471914,"{""atr_window"": 13, ""bb_std_dev"": 1.8499999999999999, ""bb_window"": 22, ""cooldown"": 2, ""macd_fast"": 15, ""macd_k"": 1.0, ""macd_k_mid"": 0.7, ""macd_signal"": 7, ""macd_slow"": 37, ""macd_std_window"": 89, ""rebalance_freq"": 150, ""rebounce_block"": 6, ""sl_mult_lm"": 1.1, ""sl_mult_lr"": 3.5, ""sl_mult_sm"": 1.5, ""sl_mult_sr"": 1.8, ""time_stop"": 9, ""tp_mult_lm"": 5.2, ""tp_mult_lr"": 12.2, ""tp_mult_sm"": 5.4, ""tp_mult_sr"": 6.7, ""trail_mult"": 3.3, ""trail_tp"": false, ""use_trailing"": true}",{},
2642,-1000000000.0,TrialState.COMPLETE,2026-04-01T07:28:46.551519,2026-04-01T07:28:46.661024,0.109505,"{""atr_window"": 12, ""bb_std_dev"": 2.15, ""bb_window"": 16, ""cooldown"": 3, ""macd_fast"": 12, ""macd_k"": 1.65, ""macd_k_mid"": 0.9, ""macd_signal"": 9, ""macd_slow"": 41, ""macd_std_window"": 91, ""rebalance_freq"": 120, ""rebounce_block"": 4, ""sl_mult_lm"": 1.85, ""sl_mult_lr"": 3.2, ""sl_mult_sm"": 1.85, ""sl_mult_sr"": 2.5, ""time_stop"": 17, ""tp_mult_lm"": 5.4, ""tp_mult_lr"": 8.8, ""tp_mult_sm"": 6.300000000000001, ""tp_mult_sr"": 3.7, ""trail_mult"": 2.4, ""trail_tp"": true, ""use_trailing"": true}",{},
2643,-1000000000.0,TrialState.COMPLETE,2026-04-01T07:28:46.702967,2026-04-01T07:28:46.810732,0.107765,"{""atr_window"": 10, ""bb_std_dev"": 2.05, ""bb_window"": 20, ""cooldown"": 0, ""macd_fast"": 14, ""macd_k"": 1.45, ""macd_k_mid"": 0.95, ""macd_signal"": 8, ""macd_slow"": 42, ""macd_std_window"": 92, ""rebalance_freq"": 180, ""rebounce_block"": 1, ""sl_mult_lm"": 1.55, ""sl_mult_lr"": 5.0, ""sl_mult_sm"": 1.05, ""sl_mult_sr"": 2.4, ""time_stop"": 13, ""tp_mult_lm"": 5.9, ""tp_mult_lr"": 11.8, ""tp_mult_sm"": 6.7, ""tp_mult_sr"": 3.6, ""trail_mult"": 3.1, ""trail_tp"": true, ""use_trailing"": true}",{},
2644,-1000000000.0,TrialState.COMPLETE,2026-04-01T07:28:46.850681,2026-04-01T07:28:49.387829,2.537148,"{""atr_window"": 20, ""bb_std_dev"": 1.5, ""bb_window"": 25, ""cooldown"": 2, ""macd_fast"": 13, ""macd_k"": 1.25, ""macd_k_mid"": 0.5, ""macd_signal"": 8, ""macd_slow"": 35, ""macd_std_window"": 86, ""rebalance_freq"": 150, ""rebounce_block"": 3, ""sl_mult_lm"": 1.4, ""sl_mult_lr"": 3.9000000000000004, ""sl_mult_sm"": 1.45, ""sl_mult_sr"": 1.5, ""time_stop"": 15, ""tp_mult_lm"": 4.9, ""tp_mult_lr"": 9.4, ""tp_mult_sm"": 5.7, ""tp_mult_sr"": 3.5, ""trail_mult"": 3.4000000000000004, ""trail_tp"": false, ""use_trailing"": false}",{},
2645,-1000000000.0,TrialState.COMPLETE,2026-04-01T07:28:49.433129,2026-04-01T07:28:49.525769,0.09264,"{""atr_window"": 16, ""bb_std_dev"": 1.75, ""bb_window"": 24, ""cooldown"": 1, ""macd_fast"": 10, ""macd_k"": 1.5, ""macd_k_mid"": 0.7, ""macd_signal"": 6, ""macd_slow"": 44, ""macd_std_window"": 70, ""rebalance_freq"": 90, ""rebounce_block"": 2, ""sl_mult_lm"": 1.15, ""sl_mult_lr"": 2.0, ""sl_mult_sm"": 1.9, ""sl_mult_sr"": 2.7, ""time_stop"": 24, ""tp_mult_lm"": 5.5, ""tp_mult_lr"": 12.4, ""tp_mult_sm"": 5.0, ""tp_mult_sr"": 3.0, ""trail_mult"": 3.2, ""trail_tp"": true, ""use_trailing"": true}",{},
2646,-1000000000.0,TrialState.COMPLETE,2026-04-01T07:28:49.564480,2026-04-01T07:28:49.673421,0.108941,"{""atr_window"": 15, ""bb_std_dev"": 1.4, ""bb_window"": 21, ""cooldown"": 0, ""macd_fast"": 15, ""macd_k"": 1.7000000000000002, ""macd_k_mid"": 0.55, ""macd_signal"": 9, ""macd_slow"": 40, ""macd_std_window"": 77, ""rebalance_freq"": 150, ""rebounce_block"": 0, ""sl_mult_lm"": 1.2, ""sl_mult_lr"": 2.1, ""sl_mult_sm"": 1.9500000000000002, ""sl_mult_sr"": 1.9, ""time_stop"": 10, ""tp_mult_lm"": 5.0, ""tp_mult_lr"": 12.0, ""tp_mult_sm"": 5.1, ""tp_mult_sr"": 6.5, ""trail_mult"": 3.9000000000000004, ""trail_tp"": false, ""use_trailing"": true}",{},
2647,-1000000000.0,TrialState.COMPLETE,2026-04-01T07:28:49.716787,2026-04-01T07:28:49.817021,0.100234,"{""atr_window"": 11, ""bb_std_dev"": 2.35, ""bb_window"": 17, ""cooldown"": 1, ""macd_fast"": 11, ""macd_k"": 1.05, ""macd_k_mid"": 0.55, ""macd_signal"": 10, ""macd_slow"": 36, ""macd_std_window"": 81, ""rebalance_freq"": 180, ""rebounce_block"": 5, ""sl_mult_lm"": 1.9, ""sl_mult_lr"": 4.2, ""sl_mult_sm"": 1.55, ""sl_mult_sr"": 2.1, ""time_stop"": 26, ""tp_mult_lm"": 5.6, ""tp_mult_lr"": 10.8, ""tp_mult_sm"": 3.0, ""tp_mult_sr"": 6.9, ""trail_mult"": 3.7, ""trail_tp"": true, ""use_trailing"": false}",{},
2648,-1000000000.0,TrialState.COMPLETE,2026-04-01T07:28:49.856490,2026-04-01T07:28:52.388931,2.532441,"{""atr_window"": 19, ""bb_std_dev"": 2.4, ""bb_window"": 17, ""cooldown"": 2, ""macd_fast"": 17, ""macd_k"": 1.2, ""macd_k_mid"": 0.65, ""macd_signal"": 9, ""macd_slow"": 38, ""macd_std_window"": 87, ""rebalance_freq"": 30, ""rebounce_block"": 3, ""sl_mult_lm"": 1.05, ""sl_mult_lr"": 4.800000000000001, ""sl_mult_sm"": 1.65, ""sl_mult_sr"": 3.2, ""time_stop"": 4, ""tp_mult_lm"": 4.7, ""tp_mult_lr"": 14.0, ""tp_mult_sm"": 5.5, ""tp_mult_sr"": 4.0, ""trail_mult"": 2.5, ""trail_tp"": true, ""use_trailing"": true}",{},
2649,-1000000000.0,TrialState.COMPLETE,2026-04-01T07:28:52.421625,2026-04-01T07:28:52.513253,0.091628,"{""atr_window"": 18, ""bb_std_dev"": 2.25, ""bb_window"": 16, ""cooldown"": 3, ""macd_fast"": 16, ""macd_k"": 1.35, ""macd_k_mid"": 0.5, ""macd_signal"": 7, ""macd_slow"": 39, ""macd_std_window"": 75, ""rebalance_freq"": 120, ""rebounce_block"": 6, ""sl_mult_lm"": 1.35, ""sl_mult_lr"": 2.6, ""sl_mult_sm"": 1.85, ""sl_mult_sr"": 2.2, ""time_stop"": 0, ""tp_mult_lm"": 6.0, ""tp_mult_lr"": 10.2, ""tp_mult_sm"": 6.1, ""tp_mult_sr"": 3.8, ""trail_mult"": 1.8, ""trail_tp"": false, ""use_trailing"": true}",{},
2650,-1000000000.0,TrialState.COMPLETE,2026-04-01T07:28:52.552697,2026-04-01T07:28:55.129196,2.576499,"{""atr_window"": 16, ""bb_std_dev"": 2.45, ""bb_window"": 20, ""cooldown"": 0, ""macd_fast"": 14, ""macd_k"": 1.15, ""macd_k_mid"": 0.8500000000000001, ""macd_signal"": 8, ""macd_slow"": 35, ""macd_std_window"": 80, ""rebalance_freq"": 150, ""rebounce_block"": 4, ""sl_mult_lm"": 2.1, ""sl_mult_lr"": 2.5, ""sl_mult_sm"": 1.8, ""sl_mult_sr"": 2.0, ""time_stop"": 16, ""tp_mult_lm"": 4.8, ""tp_mult_lr"": 11.2, ""tp_mult_sm"": 5.9, ""tp_mult_sr"": 5.2, ""trail_mult"": 3.0, ""trail_tp"": true, ""use_trailing"": true}",{},
2651,-1000000000.0,TrialState.COMPLETE,2026-04-01T07:28:55.162464,2026-04-01T07:28:55.261478,0.099014,"{""atr_window"": 17, ""bb_std_dev"": 2.5, ""bb_window"": 21, ""cooldown"": 2, ""macd_fast"": 12, ""macd_k"": 1.4, ""macd_k_mid"": 0.8, ""macd_signal"": 9, ""macd_slow"": 37, ""macd_std_window"": 82, ""rebalance_freq"": 180, ""rebounce_block"": 2, ""sl_mult_lm"": 1.8, ""sl_mult_lr"": 3.0, ""sl_mult_sm"": 1.7000000000000002, ""sl_mult_sr"": 2.3, ""time_stop"": 18, ""tp_mult_lm"": 5.2, ""tp_mult_lr"": 9.0, ""tp_mult_sm"": 3.4, ""tp_mult_sr"": 4.6, ""trail_mult"": 3.3, ""trail_tp"": false, ""use_trailing"": false}",{},
2652,-1000000000.0,TrialState.COMPLETE,2026-04-01T07:28:55.303820,2026-04-01T07:28:55.410631,0.106811,"{""atr_window"": 20, ""bb_std_dev"": 1.7, ""bb_window"": 19, ""cooldown"": 1, ""macd_fast"": 13, ""macd_k"": 1.75, ""macd_k_mid"": 0.65, ""macd_signal"": 8, ""macd_slow"": 44, ""macd_std_window"": 91, ""rebalance_freq"": 120, ""rebounce_block"": 1, ""sl_mult_lm"": 1.6, ""sl_mult_lr"": 4.9, ""sl_mult_sm"": 1.6, ""sl_mult_sr"": 1.5, ""time_stop"": 12, ""tp_mult_lm"": 5.1, ""tp_mult_lr"": 9.8, ""tp_mult_sm"": 3.8, ""tp_mult_sr"": 4.9, ""trail_mult"": 2.7, ""trail_tp"": true, ""use_trailing"": true}",{},
2653,-1000000000.0,TrialState.COMPLETE,2026-04-01T07:28:55.448983,2026-04-01T07:28:55.541598,0.092615,"{""atr_window"": 12, ""bb_std_dev"": 2.0, ""bb_window"": 14, ""cooldown"": 1, ""macd_fast"": 12, ""macd_k"": 1.0, ""macd_k_mid"": 0.95, ""macd_signal"": 7, ""macd_slow"": 41, ""macd_std_window"": 85, ""rebalance_freq"": 150, ""rebounce_block"": 5, ""sl_mult_lm"": 1.45, ""sl_mult_lr"": 4.4, ""sl_mult_sm"": 1.0, ""sl_mult_sr"": 2.6, ""time_stop"": 8, ""tp_mult_lm"": 5.4, ""tp_mult_lr"": 13.4, ""tp_mult_sm"": 6.5, ""tp_mult_sr"": 4.8, ""trail_mult"": 3.6, ""trail_tp"": false, ""use_trailing"": true}",{},
2654,-1000000000.0,TrialState.COMPLETE,2026-04-01T07:28:55.590535,2026-04-01T07:28:55.698042,0.107507,"{""atr_window"": 15, ""bb_std_dev"": 2.1, ""bb_window"": 18, ""cooldown"": 2, ""macd_fast"": 15, ""macd_k"": 1.55, ""macd_k_mid"": 0.7, ""macd_signal"": 10, ""macd_slow"": 40, ""macd_std_window"": 73, ""rebalance_freq"": 180, ""rebounce_block"": 0, ""sl_mult_lm"": 1.35, ""sl_mult_lr"": 3.1, ""sl_mult_sm"": 1.8, ""sl_mult_sr"": 3.0, ""time_stop"": 30, ""tp_mult_lm"": 5.3, ""tp_mult_lr"": 9.6, ""tp_mult_sm"": 3.2, ""tp_mult_sr"": 4.5, ""trail_mult"": 3.2, ""trail_tp"": true, ""use_trailing"": true}",{},
2655,-1000000000.0,TrialState.COMPLETE,2026-04-01T07:28:55.735057,2026-04-01T07:28:58.257195,2.522138,"{""atr_window"": 13, ""bb_std_dev"": 1.65, ""bb_window"": 22, ""cooldown"": 3, ""macd_fast"": 14, ""macd_k"": 1.1, ""macd_k_mid"": 0.55, ""macd_signal"": 5, ""macd_slow"": 35, ""macd_std_window"": 76, ""rebalance_freq"": 30, ""rebounce_block"": 4, ""sl_mult_lm"": 1.4, ""sl_mult_lr"": 2.9, ""sl_mult_sm"": 1.4, ""sl_mult_sr"": 1.6, ""time_stop"": 7, ""tp_mult_lm"": 5.1, ""tp_mult_lr"": 14.4, ""tp_mult_sm"": 4.0, ""tp_mult_sr"": 5.5, ""trail_mult"": 3.5, ""trail_tp"": true, ""use_trailing"": false}",{},
2656,-1000000000.0,TrialState.COMPLETE,2026-04-01T07:28:58.297360,2026-04-01T07:28:58.411868,0.114508,"{""atr_window"": 10, ""bb_std_dev"": 2.2, ""bb_window"": 16, ""cooldown"": 0, ""macd_fast"": 11, ""macd_k"": 1.6, ""macd_k_mid"": 1.0, ""macd_signal"": 6, ""macd_slow"": 42, ""macd_std_window"": 90, ""rebalance_freq"": 150, ""rebounce_block"": 6, ""sl_mult_lm"": 1.0, ""sl_mult_lr"": 2.1, ""sl_mult_sm"": 1.75, ""sl_mult_sr"": 1.5, ""time_stop"": 14, ""tp_mult_lm"": 5.7, ""tp_mult_lr"": 12.2, ""tp_mult_sm"": 3.7, ""tp_mult_sr"": 4.4, ""trail_mult"": 3.1, ""trail_tp"": false, ""use_trailing"": true}",{},
2657,-1000000000.0,TrialState.COMPLETE,2026-04-01T07:28:58.451547,2026-04-01T07:28:58.546597,0.09505,"{""atr_window"": 20, ""bb_std_dev"": 1.8499999999999999, ""bb_window"": 20, ""cooldown"": 1, ""macd_fast"": 13, ""macd_k"": 1.1, ""macd_k_mid"": 0.9, ""macd_signal"": 9, ""macd_slow"": 36, ""macd_std_window"": 78, ""rebalance_freq"": 90, ""rebounce_block"": 5, ""sl_mult_lm"": 1.85, ""sl_mult_lr"": 2.7, ""sl_mult_sm"": 1.9, ""sl_mult_sr"": 2.1, ""time_stop"": 1, ""tp_mult_lm"": 5.5, ""tp_mult_lr"": 8.2, ""tp_mult_sm"": 3.1, ""tp_mult_sr"": 4.2, ""trail_mult"": 1.5, ""trail_tp"": true, ""use_trailing"": true}",{},
2658,-1000000000.0,TrialState.COMPLETE,2026-04-01T07:28:58.588111,2026-04-01T07:28:58.694268,0.106157,"{""atr_window"": 16, ""bb_std_dev"": 1.5499999999999998, ""bb_window"": 17, ""cooldown"": 2, ""macd_fast"": 12, ""macd_k"": 1.45, ""macd_k_mid"": 0.5, ""macd_signal"": 8, ""macd_slow"": 41, ""macd_std_window"": 81, ""rebalance_freq"": 180, ""rebounce_block"": 3, ""sl_mult_lm"": 1.25, ""sl_mult_lr"": 2.6, ""sl_mult_sm"": 1.65, ""sl_mult_sr"": 1.8, ""time_stop"": 9, ""tp_mult_lm"": 5.0, ""tp_mult_lr"": 11.6, ""tp_mult_sm"": 6.6, ""tp_mult_sr"": 3.3, ""trail_mult"": 2.6, ""trail_tp"": false, ""use_trailing"": true}",{},
2659,-1000000000.0,TrialState.COMPLETE,2026-04-01T07:28:58.744333,2026-04-01T07:28:58.845481,0.101148,"{""atr_window"": 19, ""bb_std_dev"": 2.2, ""bb_window"": 21, ""cooldown"": 2, ""macd_fast"": 10, ""macd_k"": 1.25, ""macd_k_mid"": 0.55, ""macd_signal"": 9, ""macd_slow"": 40, ""macd_std_window"": 89, ""rebalance_freq"": 120, ""rebounce_block"": 0, ""sl_mult_lm"": 1.3, ""sl_mult_lr"": 5.0, ""sl_mult_sm"": 2.0, ""sl_mult_sr"": 1.9, ""time_stop"": 25, ""tp_mult_lm"": 4.6, ""tp_mult_lr"": 9.2, ""tp_mult_sm"": 6.4, ""tp_mult_sr"": 5.0, ""trail_mult"": 2.8, ""trail_tp"": true, ""use_trailing"": false}",{},
2660,-1000000000.0,TrialState.COMPLETE,2026-04-01T07:28:58.887285,2026-04-01T07:28:58.992151,0.104866,"{""atr_window"": 18, ""bb_std_dev"": 2.3, ""bb_window"": 14, ""cooldown"": 1, ""macd_fast"": 14, ""macd_k"": 1.85, ""macd_k_mid"": 0.7, ""macd_signal"": 7, ""macd_slow"": 44, ""macd_std_window"": 79, ""rebalance_freq"": 150, ""rebounce_block"": 5, ""sl_mult_lm"": 1.9, ""sl_mult_lr"": 2.8, ""sl_mult_sm"": 1.5, ""sl_mult_sr"": 2.0, ""time_stop"": 27, ""tp_mult_lm"": 5.4, ""tp_mult_lr"": 10.4, ""tp_mult_sm"": 4.9, ""tp_mult_sr"": 3.9, ""trail_mult"": 3.0, ""trail_tp"": true, ""use_trailing"": true}",{},
2661,-1000000000.0,TrialState.COMPLETE,2026-04-01T07:28:59.031479,2026-04-01T07:28:59.127804,0.096325,"{""atr_window"": 11, ""bb_std_dev"": 2.35, ""bb_window"": 23, ""cooldown"": 0, ""macd_fast"": 16, ""macd_k"": 1.9, ""macd_k_mid"": 0.65, ""macd_signal"": 8, ""macd_slow"": 39, ""macd_std_window"": 88, ""rebalance_freq"": 90, ""rebounce_block"": 3, ""sl_mult_lm"": 1.65, ""sl_mult_lr"": 4.1, ""sl_mult_sm"": 1.05, ""sl_mult_sr"": 1.7, ""time_stop"": 5, ""tp_mult_lm"": 5.9, ""tp_mult_lr"": 10.0, ""tp_mult_sm"": 6.9, ""tp_mult_sr"": 5.1, ""trail_mult"": 3.7, ""trail_tp"": false, ""use_trailing"": true}",{},
2662,-1000000000.0,TrialState.COMPLETE,2026-04-01T07:28:59.179532,2026-04-01T07:28:59.275840,0.096308,"{""atr_window"": 17, ""bb_std_dev"": 2.45, ""bb_window"": 24, ""cooldown"": 3, ""macd_fast"": 13, ""macd_k"": 1.5, ""macd_k_mid"": 0.55, ""macd_signal"": 6, ""macd_slow"": 35, ""macd_std_window"": 84, ""rebalance_freq"": 150, ""rebounce_block"": 6, ""sl_mult_lm"": 1.8, ""sl_mult_lr"": 3.6, ""sl_mult_sm"": 1.7000000000000002, ""sl_mult_sr"": 3.5, ""time_stop"": 6, ""tp_mult_lm"": 5.6, ""tp_mult_lr"": 12.0, ""tp_mult_sm"": 7.0, ""tp_mult_sr"": 3.2, ""trail_mult"": 3.3, ""trail_tp"": true, ""use_trailing"": false}",{},
2663,-1000000000.0,TrialState.COMPLETE,2026-04-01T07:28:59.324676,2026-04-01T07:29:01.961585,2.636909,"{""atr_window"": 15, ""bb_std_dev"": 1.5999999999999999, ""bb_window"": 14, ""cooldown"": 2, ""macd_fast"": 15, ""macd_k"": 1.65, ""macd_k_mid"": 0.95, ""macd_signal"": 9, ""macd_slow"": 37, ""macd_std_window"": 71, ""rebalance_freq"": 30, ""rebounce_block"": 1, ""sl_mult_lm"": 2.1500000000000004, ""sl_mult_lr"": 4.6, ""sl_mult_sm"": 1.65, ""sl_mult_sr"": 2.2, ""time_stop"": 29, ""tp_mult_lm"": 5.2, ""tp_mult_lr"": 10.6, ""tp_mult_sm"": 4.8, ""tp_mult_sr"": 3.0, ""trail_mult"": 1.6, ""trail_tp"": false, ""use_trailing"": true}",{},
2664,-1000000000.0,TrialState.COMPLETE,2026-04-01T07:29:02.005042,2026-04-01T07:29:04.629269,2.624227,"{""atr_window"": 16, ""bb_std_dev"": 1.95, ""bb_window"": 25, ""cooldown"": 2, ""macd_fast"": 17, ""macd_k"": 1.8, ""macd_k_mid"": 0.75, ""macd_signal"": 10, ""macd_slow"": 37, ""macd_std_window"": 86, ""rebalance_freq"": 180, ""rebounce_block"": 2, ""sl_mult_lm"": 1.75, ""sl_mult_lr"": 2.0, ""sl_mult_sm"": 1.6, ""sl_mult_sr"": 1.5, ""time_stop"": 11, ""tp_mult_lm"": 4.9, ""tp_mult_lr"": 11.4, ""tp_mult_sm"": 3.6, ""tp_mult_sr"": 5.6, ""trail_mult"": 1.7, ""trail_tp"": true, ""use_trailing"": true}",{},
2665,-1000000000.0,TrialState.COMPLETE,2026-04-01T07:29:04.667198,2026-04-01T07:29:04.764830,0.097632,"{""atr_window"": 18, ""bb_std_dev"": 1.7999999999999998, ""bb_window"": 20, ""cooldown"": 1, ""macd_fast"": 13, ""macd_k"": 1.9500000000000002, ""macd_k_mid"": 0.5, ""macd_signal"": 8, ""macd_slow"": 38, ""macd_std_window"": 91, ""rebalance_freq"": 150, ""rebounce_block"": 4, ""sl_mult_lm"": 1.2, ""sl_mult_lr"": 4.7, ""sl_mult_sm"": 1.85, ""sl_mult_sr"": 1.6, ""time_stop"": 25, ""tp_mult_lm"": 3.5, ""tp_mult_lr"": 9.6, ""tp_mult_sm"": 6.2, ""tp_mult_sr"": 4.1, ""trail_mult"": 1.9, ""trail_tp"": true, ""use_trailing"": true}",{},
2666,-1000000000.0,TrialState.COMPLETE,2026-04-01T07:29:04.805124,2026-04-01T07:29:04.917463,0.112339,"{""atr_window"": 20, ""bb_std_dev"": 1.75, ""bb_window"": 16, ""cooldown"": 0, ""macd_fast"": 11, ""macd_k"": 1.05, ""macd_k_mid"": 0.8500000000000001, ""macd_signal"": 7, ""macd_slow"": 42, ""macd_std_window"": 70, ""rebalance_freq"": 120, ""rebounce_block"": 5, ""sl_mult_lm"": 1.0, ""sl_mult_lr"": 2.5, ""sl_mult_sm"": 1.8, ""sl_mult_sr"": 3.3, ""time_stop"": 28, ""tp_mult_lm"": 5.3, ""tp_mult_lr"": 11.8, ""tp_mult_sm"": 4.2, ""tp_mult_sr"": 4.7, ""trail_mult"": 4.0, ""trail_tp"": false, ""use_trailing"": false}",{},
2667,-1000000000.0,TrialState.COMPLETE,2026-04-01T07:29:04.959172,2026-04-01T07:29:05.072550,0.113378,"{""atr_window"": 11, ""bb_std_dev"": 1.45, ""bb_window"": 18, ""cooldown"": 1, ""macd_fast"": 12, ""macd_k"": 1.0, ""macd_k_mid"": 0.8, ""macd_signal"": 8, ""macd_slow"": 41, ""macd_std_window"": 81, ""rebalance_freq"": 180, ""rebounce_block"": 2, ""sl_mult_lm"": 2.05, ""sl_mult_lr"": 3.3, ""sl_mult_sm"": 1.75, ""sl_mult_sr"": 2.1, ""time_stop"": 14, ""tp_mult_lm"": 6.0, ""tp_mult_lr"": 8.0, ""tp_mult_sm"": 3.5, ""tp_mult_sr"": 4.3, ""trail_mult"": 3.2, ""trail_tp"": true, ""use_trailing"": true}",{},
2668,-1000000000.0,TrialState.COMPLETE,2026-04-01T07:29:05.120738,2026-04-01T07:29:05.217610,0.096872,"{""atr_window"": 12, ""bb_std_dev"": 2.5, ""bb_window"": 14, ""cooldown"": 3, ""macd_fast"": 14, ""macd_k"": 1.35, ""macd_k_mid"": 0.55, ""macd_signal"": 9, ""macd_slow"": 39, ""macd_std_window"": 83, ""rebalance_freq"": 150, ""rebounce_block"": 6, ""sl_mult_lm"": 1.7000000000000002, ""sl_mult_lr"": 4.9, ""sl_mult_sm"": 1.9500000000000002, ""sl_mult_sr"": 1.5, ""time_stop"": 16, ""tp_mult_lm"": 5.1, ""tp_mult_lr"": 13.8, ""tp_mult_sm"": 3.4, ""tp_mult_sr"": 3.1, ""trail_mult"": 3.1, ""trail_tp"": false, ""use_trailing"": true}",{},
2669,-1000000000.0,TrialState.COMPLETE,2026-04-01T07:29:05.255535,2026-04-01T07:29:05.365471,0.109936,"{""atr_window"": 13, ""bb_std_dev"": 2.4, ""bb_window"": 17, ""cooldown"": 1, ""macd_fast"": 10, ""macd_k"": 1.15, ""macd_k_mid"": 0.9, ""macd_signal"": 10, ""macd_slow"": 44, ""macd_std_window"": 80, ""rebalance_freq"": 30, ""rebounce_block"": 3, ""sl_mult_lm"": 1.3, ""sl_mult_lr"": 2.5, ""sl_mult_sm"": 1.85, ""sl_mult_sr"": 3.4000000000000004, ""time_stop"": 24, ""tp_mult_lm"": 4.4, ""tp_mult_lr"": 10.0, ""tp_mult_sm"": 4.1, ""tp_mult_sr"": 3.8, ""trail_mult"": 3.6, ""trail_tp"": true, ""use_trailing"": true}",{},
2670,1.0900642857142857,TrialState.COMPLETE,2026-04-01T07:29:05.407289,2026-04-01T07:45:31.078489,985.6712,"{""atr_window"": 19, ""bb_std_dev"": 2.05, ""bb_window"": 22, ""cooldown"": 2, ""macd_fast"": 15, ""macd_k"": 1.3, ""macd_k_mid"": 0.7, ""macd_signal"": 5, ""macd_slow"": 35, ""macd_std_window"": 90, ""rebalance_freq"": 90, ""rebounce_block"": 5, ""sl_mult_lm"": 1.15, ""sl_mult_lr"": 2.7, ""sl_mult_sm"": 1.55, ""sl_mult_sr"": 1.6, ""time_stop"": 26, ""tp_mult_lm"": 5.2, ""tp_mult_lr"": 11.2, ""tp_mult_sm"": 3.3, ""tp_mult_sr"": 4.9, ""trail_mult"": 3.3, ""trail_tp"": false, ""use_trailing"": false}",{},
2671,-1000000000.0,TrialState.COMPLETE,2026-04-01T07:45:31.117443,2026-04-01T07:45:33.636810,2.519367,"{""atr_window"": 19, ""bb_std_dev"": 1.8499999999999999, ""bb_window"": 21, ""cooldown"": 2, ""macd_fast"": 16, ""macd_k"": 1.05, ""macd_k_mid"": 0.7, ""macd_signal"": 5, ""macd_slow"": 35, ""macd_std_window"": 91, ""rebalance_freq"": 90, ""rebounce_block"": 5, ""sl_mult_lm"": 1.0, ""sl_mult_lr"": 2.6, ""sl_mult_sm"": 1.55, ""sl_mult_sr"": 1.6, ""time_stop"": 26, ""tp_mult_lm"": 5.2, ""tp_mult_lr"": 11.2, ""tp_mult_sm"": 3.2, ""tp_mult_sr"": 5.0, ""trail_mult"": 3.2, ""trail_tp"": false, ""use_trailing"": false}",{},
2672,-1000000000.0,TrialState.COMPLETE,2026-04-01T07:45:33.674765,2026-04-01T07:45:36.151880,2.477115,"{""atr_window"": 17, ""bb_std_dev"": 2.05, ""bb_window"": 21, ""cooldown"": 2, ""macd_fast"": 15, ""macd_k"": 1.2, ""macd_k_mid"": 0.7, ""macd_signal"": 6, ""macd_slow"": 35, ""macd_std_window"": 89, ""rebalance_freq"": 90, ""rebounce_block"": 5, ""sl_mult_lm"": 1.1, ""sl_mult_lr"": 2.7, ""sl_mult_sm"": 1.7000000000000002, ""sl_mult_sr"": 1.6, ""time_stop"": 26, ""tp_mult_lm"": 5.2, ""tp_mult_lr"": 11.0, ""tp_mult_sm"": 3.3, ""tp_mult_sr"": 4.9, ""trail_mult"": 3.3, ""trail_tp"": false, ""use_trailing"": false}",{},
2673,-1000000000.0,TrialState.COMPLETE,2026-04-01T07:45:36.192417,2026-04-01T07:45:38.687418,2.495001,"{""atr_window"": 16, ""bb_std_dev"": 1.95, ""bb_window"": 21, ""cooldown"": 2, ""macd_fast"": 15, ""macd_k"": 1.3, ""macd_k_mid"": 0.7, ""macd_signal"": 5, ""macd_slow"": 35, ""macd_std_window"": 90, ""rebalance_freq"": 90, ""rebounce_block"": 5, ""sl_mult_lm"": 1.15, ""sl_mult_lr"": 2.6, ""sl_mult_sm"": 1.0, ""sl_mult_sr"": 1.6, ""time_stop"": 27, ""tp_mult_lm"": 5.2, ""tp_mult_lr"": 11.0, ""tp_mult_sm"": 3.3, ""tp_mult_sr"": 4.9, ""trail_mult"": 3.3, ""trail_tp"": false, ""use_trailing"": false}",{},
2674,-1000000000.0,TrialState.COMPLETE,2026-04-01T07:45:38.720831,2026-04-01T07:45:41.223815,2.502984,"{""atr_window"": 10, ""bb_std_dev"": 2.0, ""bb_window"": 19, ""cooldown"": 2, ""macd_fast"": 15, ""macd_k"": 1.4, ""macd_k_mid"": 0.7, ""macd_signal"": 5, ""macd_slow"": 35, ""macd_std_window"": 91, ""rebalance_freq"": 90, ""rebounce_block"": 5, ""sl_mult_lm"": 1.05, ""sl_mult_lr"": 2.7, ""sl_mult_sm"": 1.9, ""sl_mult_sr"": 1.6, ""time_stop"": 26, ""tp_mult_lm"": 5.2, ""tp_mult_lr"": 11.2, ""tp_mult_sm"": 3.3, ""tp_mult_sr"": 4.9, ""trail_mult"": 3.3, ""trail_tp"": false, ""use_trailing"": false}",{},
2675,-1000000000.0,TrialState.COMPLETE,2026-04-01T07:45:41.274493,2026-04-01T07:45:43.689290,2.414797,"{""atr_window"": 15, ""bb_std_dev"": 1.7999999999999998, ""bb_window"": 20, ""cooldown"": 2, ""macd_fast"": 15, ""macd_k"": 1.6, ""macd_k_mid"": 0.7, ""macd_signal"": 5, ""macd_slow"": 35, ""macd_std_window"": 90, ""rebalance_freq"": 90, ""rebounce_block"": 5, ""sl_mult_lm"": 1.15, ""sl_mult_lr"": 2.7, ""sl_mult_sm"": 1.8, ""sl_mult_sr"": 1.6, ""time_stop"": 27, ""tp_mult_lm"": 5.2, ""tp_mult_lr"": 11.2, ""tp_mult_sm"": 3.3, ""tp_mult_sr"": 4.9, ""trail_mult"": 3.4000000000000004, ""trail_tp"": false, ""use_trailing"": false}",{},
