number,value,state,datetime_start,datetime_complete,duration_seconds,params_json,fold_sharpes_json,avg_cv_sharpe
485,-1000000000.0,TrialState.COMPLETE,2026-04-01T02:17:12.470283,2026-04-01T02:17:12.506447,0.036164,"{""atr_window"": 17, ""bb_std_dev"": 1.8499999999999999, ""bb_window"": 14, ""cooldown"": 2, ""macd_fast"": 14, ""macd_k"": 1.0, ""macd_k_mid"": 0.65, ""macd_signal"": 9, ""macd_slow"": 38, ""macd_std_window"": 100, ""rebalance_freq"": 90, ""rebounce_block"": 6, ""sl_mult_lm"": 1.55, ""sl_mult_lr"": 2.5, ""sl_mult_sm"": 1.45, ""sl_mult_sr"": 3.1, ""time_stop"": 9, ""tp_mult_lm"": 5.1, ""tp_mult_lr"": 13.0, ""tp_mult_sm"": 6.800000000000001, ""tp_mult_sr"": 4.4, ""trail_mult"": 2.2, ""trail_tp"": false, ""use_trailing"": false}",{},
486,-1000000000.0,TrialState.COMPLETE,2026-04-01T02:17:12.541647,2026-04-01T02:17:16.583813,4.042166,"{""atr_window"": 14, ""bb_std_dev"": 1.5499999999999998, ""bb_window"": 16, ""cooldown"": 2, ""macd_fast"": 13, ""macd_k"": 1.05, ""macd_k_mid"": 0.55, ""macd_signal"": 8, ""macd_slow"": 35, ""macd_std_window"": 90, ""rebalance_freq"": 60, ""rebounce_block"": 5, ""sl_mult_lm"": 1.75, ""sl_mult_lr"": 3.2, ""sl_mult_sm"": 2.0, ""sl_mult_sr"": 2.7, ""time_stop"": 0, ""tp_mult_lm"": 5.7, ""tp_mult_lr"": 10.8, ""tp_mult_sm"": 3.3, ""tp_mult_sr"": 3.9, ""trail_mult"": 1.7, ""trail_tp"": true, ""use_trailing"": true}",{},
487,-1000000000.0,TrialState.COMPLETE,2026-04-01T02:17:16.639523,2026-04-01T02:17:16.678164,0.038641,"{""atr_window"": 16, ""bb_std_dev"": 2.3, ""bb_window"": 25, ""cooldown"": 1, ""macd_fast"": 15, ""macd_k"": 1.15, ""macd_k_mid"": 0.8, ""macd_signal"": 10, ""macd_slow"": 39, ""macd_std_window"": 84, ""rebalance_freq"": 30, ""rebounce_block"": 3, ""sl_mult_lm"": 1.45, ""sl_mult_lr"": 2.6, ""sl_mult_sm"": 1.55, ""sl_mult_sr"": 2.6, ""time_stop"": 11, ""tp_mult_lm"": 5.4, ""tp_mult_lr"": 13.600000000000001, ""tp_mult_sm"": 4.3, ""tp_mult_sr"": 4.8, ""trail_mult"": 3.1, ""trail_tp"": false, ""use_trailing"": true}",{},
488,-1000000000.0,TrialState.COMPLETE,2026-04-01T02:17:16.712911,2026-04-01T02:17:20.208736,3.495825,"{""atr_window"": 20, ""bb_std_dev"": 2.35, ""bb_window"": 15, ""cooldown"": 5, ""macd_fast"": 16, ""macd_k"": 1.35, ""macd_k_mid"": 0.6, ""macd_signal"": 7, ""macd_slow"": 36, ""macd_std_window"": 86, ""rebalance_freq"": 180, ""rebounce_block"": 4, ""sl_mult_lm"": 1.7000000000000002, ""sl_mult_lr"": 2.4, ""sl_mult_sm"": 1.8, ""sl_mult_sr"": 1.5, ""time_stop"": 20, ""tp_mult_lm"": 5.9, ""tp_mult_lr"": 12.600000000000001, ""tp_mult_sm"": 6.300000000000001, ""tp_mult_sr"": 3.8, ""trail_mult"": 2.7, ""trail_tp"": true, ""use_trailing"": true}",{},
489,-1000000000.0,TrialState.COMPLETE,2026-04-01T02:17:20.249648,2026-04-01T02:17:23.084319,2.834671,"{""atr_window"": 19, ""bb_std_dev"": 2.5, ""bb_window"": 20, ""cooldown"": 3, ""macd_fast"": 20, ""macd_k"": 1.85, ""macd_k_mid"": 0.7, ""macd_signal"": 9, ""macd_slow"": 41, ""macd_std_window"": 96, ""rebalance_freq"": 120, ""rebounce_block"": 0, ""sl_mult_lm"": 1.15, ""sl_mult_lr"": 4.800000000000001, ""sl_mult_sm"": 1.7000000000000002, ""sl_mult_sr"": 1.6, ""time_stop"": 10, ""tp_mult_lm"": 4.0, ""tp_mult_lr"": 10.0, ""tp_mult_sm"": 5.300000000000001, ""tp_mult_sr"": 6.0, ""trail_mult"": 3.5, ""trail_tp"": false, ""use_trailing"": false}",{},
490,-1000000000.0,TrialState.COMPLETE,2026-04-01T02:17:23.114932,2026-04-01T02:17:23.143874,0.028942,"{""atr_window"": 15, ""bb_std_dev"": 1.9, ""bb_window"": 17, ""cooldown"": 0, ""macd_fast"": 14, ""macd_k"": 1.5, ""macd_k_mid"": 0.9, ""macd_signal"": 8, ""macd_slow"": 40, ""macd_std_window"": 99, ""rebalance_freq"": 150, ""rebounce_block"": 6, ""sl_mult_lm"": 2.2, ""sl_mult_lr"": 2.2, ""sl_mult_sm"": 1.85, ""sl_mult_sr"": 2.3, ""time_stop"": 15, ""tp_mult_lm"": 5.3, ""tp_mult_lr"": 9.8, ""tp_mult_sm"": 6.1, ""tp_mult_sr"": 3.2, ""trail_mult"": 1.8, ""trail_tp"": true, ""use_trailing"": true}",{},
491,-1000000000.0,TrialState.COMPLETE,2026-04-01T02:17:23.176216,2026-04-01T02:17:23.205728,0.029512,"{""atr_window"": 12, ""bb_std_dev"": 2.0, ""bb_window"": 14, ""cooldown"": 1, ""macd_fast"": 15, ""macd_k"": 1.25, ""macd_k_mid"": 0.55, ""macd_signal"": 8, ""macd_slow"": 44, ""macd_std_window"": 70, ""rebalance_freq"": 150, ""rebounce_block"": 2, ""sl_mult_lm"": 1.65, ""sl_mult_lr"": 2.3, ""sl_mult_sm"": 1.25, ""sl_mult_sr"": 2.2, ""time_stop"": 16, ""tp_mult_lm"": 5.2, ""tp_mult_lr"": 15.8, ""tp_mult_sm"": 6.0, ""tp_mult_sr"": 3.5, ""trail_mult"": 1.9, ""trail_tp"": false, ""use_trailing"": true}",{},
492,-1000000000.0,TrialState.COMPLETE,2026-04-01T02:17:23.237114,2026-04-01T02:17:23.266142,0.029028,"{""atr_window"": 15, ""bb_std_dev"": 2.45, ""bb_window"": 21, ""cooldown"": 3, ""macd_fast"": 10, ""macd_k"": 1.55, ""macd_k_mid"": 0.6, ""macd_signal"": 7, ""macd_slow"": 42, ""macd_std_window"": 98, ""rebalance_freq"": 120, ""rebounce_block"": 5, ""sl_mult_lm"": 2.05, ""sl_mult_lr"": 4.1, ""sl_mult_sm"": 1.3, ""sl_mult_sr"": 1.5, ""time_stop"": 19, ""tp_mult_lm"": 5.5, ""tp_mult_lr"": 8.6, ""tp_mult_sm"": 4.5, ""tp_mult_sr"": 5.6, ""trail_mult"": 2.9000000000000004, ""trail_tp"": false, ""use_trailing"": false}",{},
493,-1000000000.0,TrialState.COMPLETE,2026-04-01T02:17:23.298254,2026-04-01T02:17:23.329277,0.031023,"{""atr_window"": 14, ""bb_std_dev"": 2.25, ""bb_window"": 14, ""cooldown"": 2, ""macd_fast"": 11, ""macd_k"": 1.4, ""macd_k_mid"": 0.8500000000000001, ""macd_signal"": 6, ""macd_slow"": 43, ""macd_std_window"": 94, ""rebalance_freq"": 180, ""rebounce_block"": 3, ""sl_mult_lm"": 1.0, ""sl_mult_lr"": 2.9, ""sl_mult_sm"": 1.35, ""sl_mult_sr"": 2.5, ""time_stop"": 8, ""tp_mult_lm"": 5.0, ""tp_mult_lr"": 9.2, ""tp_mult_sm"": 3.1, ""tp_mult_sr"": 5.800000000000001, ""trail_mult"": 2.6, ""trail_tp"": true, ""use_trailing"": true}",{},
494,-1000000000.0,TrialState.COMPLETE,2026-04-01T02:17:23.375204,2026-04-01T02:17:23.410583,0.035379,"{""atr_window"": 13, ""bb_std_dev"": 1.45, ""bb_window"": 17, ""cooldown"": 4, ""macd_fast"": 12, ""macd_k"": 1.65, ""macd_k_mid"": 0.5, ""macd_signal"": 9, ""macd_slow"": 44, ""macd_std_window"": 88, ""rebalance_freq"": 60, ""rebounce_block"": 6, ""sl_mult_lm"": 1.05, ""sl_mult_lr"": 4.2, ""sl_mult_sm"": 1.75, ""sl_mult_sr"": 1.8, ""time_stop"": 7, ""tp_mult_lm"": 5.4, ""tp_mult_lr"": 11.0, ""tp_mult_sm"": 3.4, ""tp_mult_sr"": 6.2, ""trail_mult"": 2.4, ""trail_tp"": false, ""use_trailing"": true}",{},
495,-1000000000.0,TrialState.COMPLETE,2026-04-01T02:17:23.443185,2026-04-01T02:17:23.473972,0.030787,"{""atr_window"": 10, ""bb_std_dev"": 2.2, ""bb_window"": 15, ""cooldown"": 0, ""macd_fast"": 13, ""macd_k"": 1.3, ""macd_k_mid"": 0.65, ""macd_signal"": 5, ""macd_slow"": 37, ""macd_std_window"": 93, ""rebalance_freq"": 150, ""rebounce_block"": 1, ""sl_mult_lm"": 1.3, ""sl_mult_lr"": 2.7, ""sl_mult_sm"": 1.55, ""sl_mult_sr"": 2.1, ""time_stop"": 14, ""tp_mult_lm"": 4.9, ""tp_mult_lr"": 12.0, ""tp_mult_sm"": 4.7, ""tp_mult_sr"": 6.7, ""trail_mult"": 2.1, ""trail_tp"": true, ""use_trailing"": true}",{},
496,-1000000000.0,TrialState.COMPLETE,2026-04-01T02:17:23.505939,2026-04-01T02:17:23.534859,0.02892,"{""atr_window"": 16, ""bb_std_dev"": 2.35, ""bb_window"": 16, ""cooldown"": 1, ""macd_fast"": 17, ""macd_k"": 1.1, ""macd_k_mid"": 0.5, ""macd_signal"": 10, ""macd_slow"": 42, ""macd_std_window"": 91, ""rebalance_freq"": 30, ""rebounce_block"": 4, ""sl_mult_lm"": 1.9, ""sl_mult_lr"": 2.0, ""sl_mult_sm"": 1.65, ""sl_mult_sr"": 2.0, ""time_stop"": 21, ""tp_mult_lm"": 5.6, ""tp_mult_lr"": 13.0, ""tp_mult_sm"": 3.7, ""tp_mult_sr"": 6.1, ""trail_mult"": 2.2, ""trail_tp"": false, ""use_trailing"": false}",{},
497,-1000000000.0,TrialState.COMPLETE,2026-04-01T02:17:23.567637,2026-04-01T02:17:23.598848,0.031211,"{""atr_window"": 20, ""bb_std_dev"": 2.3, ""bb_window"": 24, ""cooldown"": 1, ""macd_fast"": 16, ""macd_k"": 1.2, ""macd_k_mid"": 0.7, ""macd_signal"": 8, ""macd_slow"": 39, ""macd_std_window"": 82, ""rebalance_freq"": 90, ""rebounce_block"": 5, ""sl_mult_lm"": 1.2, ""sl_mult_lr"": 4.300000000000001, ""sl_mult_sm"": 1.7000000000000002, ""sl_mult_sr"": 1.7, ""time_stop"": 26, ""tp_mult_lm"": 6.0, ""tp_mult_lr"": 11.8, ""tp_mult_sm"": 6.6, ""tp_mult_sr"": 4.2, ""trail_mult"": 3.0, ""trail_tp"": true, ""use_trailing"": true}",{},
498,-1000000000.0,TrialState.COMPLETE,2026-04-01T02:17:23.631081,2026-04-01T02:17:26.099346,2.468265,"{""atr_window"": 11, ""bb_std_dev"": 1.75, ""bb_window"": 14, ""cooldown"": 3, ""macd_fast"": 20, ""macd_k"": 1.7000000000000002, ""macd_k_mid"": 0.55, ""macd_signal"": 7, ""macd_slow"": 40, ""macd_std_window"": 83, ""rebalance_freq"": 150, ""rebounce_block"": 0, ""sl_mult_lm"": 1.85, ""sl_mult_lr"": 3.0, ""sl_mult_sm"": 1.85, ""sl_mult_sr"": 1.5, ""time_stop"": 13, ""tp_mult_lm"": 5.1, ""tp_mult_lr"": 12.2, ""tp_mult_sm"": 5.800000000000001, ""tp_mult_sr"": 3.9, ""trail_mult"": 2.3, ""trail_tp"": false, ""use_trailing"": true}",{},
499,-1000000000.0,TrialState.COMPLETE,2026-04-01T02:17:26.131349,2026-04-01T02:17:26.160527,0.029178,"{""atr_window"": 17, ""bb_std_dev"": 1.5999999999999999, ""bb_window"": 18, ""cooldown"": 4, ""macd_fast"": 12, ""macd_k"": 1.8, ""macd_k_mid"": 0.75, ""macd_signal"": 9, ""macd_slow"": 36, ""macd_std_window"": 78, ""rebalance_freq"": 120, ""rebounce_block"": 2, ""sl_mult_lm"": 1.9500000000000002, ""sl_mult_lr"": 2.6, ""sl_mult_sm"": 1.8, ""sl_mult_sr"": 1.9, ""time_stop"": 17, ""tp_mult_lm"": 4.5, ""tp_mult_lr"": 13.4, ""tp_mult_sm"": 3.9, ""tp_mult_sr"": 6.4, ""trail_mult"": 4.0, ""trail_tp"": true, ""use_trailing"": true}",{},
500,-1000000000.0,TrialState.COMPLETE,2026-04-01T02:17:26.191153,2026-04-01T02:17:26.219681,0.028528,"{""atr_window"": 18, ""bb_std_dev"": 1.7, ""bb_window"": 14, ""cooldown"": 5, ""macd_fast"": 14, ""macd_k"": 1.6, ""macd_k_mid"": 0.95, ""macd_signal"": 8, ""macd_slow"": 41, ""macd_std_window"": 97, ""rebalance_freq"": 180, ""rebounce_block"": 3, ""sl_mult_lm"": 1.4, ""sl_mult_lr"": 2.5, ""sl_mult_sm"": 1.5, ""sl_mult_sr"": 1.7, ""time_stop"": 22, ""tp_mult_lm"": 4.6, ""tp_mult_lr"": 15.4, ""tp_mult_sm"": 4.3, ""tp_mult_sr"": 4.9, ""trail_mult"": 3.2, ""trail_tp"": false, ""use_trailing"": false}",{},
501,-1000000000.0,TrialState.COMPLETE,2026-04-01T02:17:26.250787,2026-04-01T02:17:26.281819,0.031032,"{""atr_window"": 19, ""bb_std_dev"": 1.4, ""bb_window"": 16, ""cooldown"": 2, ""macd_fast"": 15, ""macd_k"": 1.15, ""macd_k_mid"": 0.6, ""macd_signal"": 7, ""macd_slow"": 43, ""macd_std_window"": 95, ""rebalance_freq"": 150, ""rebounce_block"": 6, ""sl_mult_lm"": 2.1500000000000004, ""sl_mult_lr"": 2.4, ""sl_mult_sm"": 1.6, ""sl_mult_sr"": 1.6, ""time_stop"": 9, ""tp_mult_lm"": 4.2, ""tp_mult_lr"": 10.6, ""tp_mult_sm"": 3.6, ""tp_mult_sr"": 3.6, ""trail_mult"": 3.3, ""trail_tp"": true, ""use_trailing"": true}",{},
502,-1000000000.0,TrialState.COMPLETE,2026-04-01T02:17:26.313982,2026-04-01T02:17:26.343736,0.029754,"{""atr_window"": 15, ""bb_std_dev"": 2.5, ""bb_window"": 17, ""cooldown"": 0, ""macd_fast"": 18, ""macd_k"": 1.05, ""macd_k_mid"": 0.65, ""macd_signal"": 8, ""macd_slow"": 44, ""macd_std_window"": 92, ""rebalance_freq"": 30, ""rebounce_block"": 5, ""sl_mult_lm"": 2.0, ""sl_mult_lr"": 2.2, ""sl_mult_sm"": 1.2, ""sl_mult_sr"": 2.1, ""time_stop"": 4, ""tp_mult_lm"": 4.4, ""tp_mult_lr"": 13.8, ""tp_mult_sm"": 6.9, ""tp_mult_sr"": 4.6, ""trail_mult"": 2.0, ""trail_tp"": false, ""use_trailing"": true}",{},
503,-1000000000.0,TrialState.COMPLETE,2026-04-01T02:17:26.375694,2026-04-01T02:17:28.821512,2.445818,"{""atr_window"": 14, ""bb_std_dev"": 1.65, ""bb_window"": 22, ""cooldown"": 1, ""macd_fast"": 19, ""macd_k"": 1.9, ""macd_k_mid"": 0.55, ""macd_signal"": 10, ""macd_slow"": 41, ""macd_std_window"": 80, ""rebalance_freq"": 90, ""rebounce_block"": 1, ""sl_mult_lm"": 1.25, ""sl_mult_lr"": 2.5, ""sl_mult_sm"": 1.4, ""sl_mult_sr"": 1.8, ""time_stop"": 1, ""tp_mult_lm"": 5.2, ""tp_mult_lr"": 14.600000000000001, ""tp_mult_sm"": 5.0, ""tp_mult_sr"": 3.0, ""trail_mult"": 2.5, ""trail_tp"": true, ""use_trailing"": true}",{},
504,-1000000000.0,TrialState.COMPLETE,2026-04-01T02:17:28.850901,2026-04-01T02:17:28.879843,0.028942,"{""atr_window"": 17, ""bb_std_dev"": 2.4, ""bb_window"": 19, ""cooldown"": 2, ""macd_fast"": 12, ""macd_k"": 1.0, ""macd_k_mid"": 1.0, ""macd_signal"": 9, ""macd_slow"": 35, ""macd_std_window"": 71, ""rebalance_freq"": 180, ""rebounce_block"": 5, ""sl_mult_lm"": 1.35, ""sl_mult_lr"": 3.3, ""sl_mult_sm"": 1.65, ""sl_mult_sr"": 2.2, ""time_stop"": 11, ""tp_mult_lm"": 3.5, ""tp_mult_lr"": 10.4, ""tp_mult_sm"": 4.6, ""tp_mult_sr"": 3.3, ""trail_mult"": 1.6, ""trail_tp"": false, ""use_trailing"": false}",{},
505,-1000000000.0,TrialState.COMPLETE,2026-04-01T02:17:28.909972,2026-04-01T02:17:28.953639,0.043667,"{""atr_window"": 20, ""bb_std_dev"": 2.05, ""bb_window"": 15, ""cooldown"": 4, ""macd_fast"": 20, ""macd_k"": 1.75, ""macd_k_mid"": 0.7, ""macd_signal"": 9, ""macd_slow"": 43, ""macd_std_window"": 89, ""rebalance_freq"": 120, ""rebounce_block"": 4, ""sl_mult_lm"": 1.1, ""sl_mult_lr"": 3.8, ""sl_mult_sm"": 1.45, ""sl_mult_sr"": 2.4, ""time_stop"": 0, ""tp_mult_lm"": 4.0, ""tp_mult_lr"": 16.200000000000003, ""tp_mult_sm"": 6.2, ""tp_mult_sr"": 6.6, ""trail_mult"": 2.1, ""trail_tp"": true, ""use_trailing"": true}",{},
506,-1000000000.0,TrialState.COMPLETE,2026-04-01T02:17:28.987453,2026-04-01T02:17:29.018273,0.03082,"{""atr_window"": 16, ""bb_std_dev"": 2.1, ""bb_window"": 14, ""cooldown"": 0, ""macd_fast"": 10, ""macd_k"": 1.65, ""macd_k_mid"": 0.6, ""macd_signal"": 8, ""macd_slow"": 39, ""macd_std_window"": 76, ""rebalance_freq"": 150, ""rebounce_block"": 3, ""sl_mult_lm"": 1.0, ""sl_mult_lr"": 3.6, ""sl_mult_sm"": 1.0, ""sl_mult_sr"": 2.9000000000000004, ""time_stop"": 24, ""tp_mult_lm"": 4.9, ""tp_mult_lr"": 12.600000000000001, ""tp_mult_sm"": 3.0, ""tp_mult_sr"": 5.0, ""trail_mult"": 3.1, ""trail_tp"": false, ""use_trailing"": true}",{},
507,-1000000000.0,TrialState.COMPLETE,2026-04-01T02:17:29.048190,2026-04-01T02:17:29.086171,0.037981,"{""atr_window"": 12, ""bb_std_dev"": 2.25, ""bb_window"": 18, ""cooldown"": 2, ""macd_fast"": 16, ""macd_k"": 1.1, ""macd_k_mid"": 0.8, ""macd_signal"": 7, ""macd_slow"": 44, ""macd_std_window"": 90, ""rebalance_freq"": 60, ""rebounce_block"": 2, ""sl_mult_lm"": 1.3, ""sl_mult_lr"": 2.3, ""sl_mult_sm"": 1.9500000000000002, ""sl_mult_sr"": 1.6, ""time_stop"": 6, ""tp_mult_lm"": 4.8, ""tp_mult_lr"": 8.2, ""tp_mult_sm"": 5.9, ""tp_mult_sr"": 5.7, ""trail_mult"": 1.9, ""trail_tp"": true, ""use_trailing"": false}",{},
508,-1000000000.0,TrialState.COMPLETE,2026-04-01T02:17:29.119969,2026-04-01T02:17:29.148437,0.028468,"{""atr_window"": 18, ""bb_std_dev"": 2.2, ""bb_window"": 20, ""cooldown"": 3, ""macd_fast"": 13, ""macd_k"": 1.35, ""macd_k_mid"": 0.55, ""macd_signal"": 6, ""macd_slow"": 37, ""macd_std_window"": 79, ""rebalance_freq"": 150, ""rebounce_block"": 6, ""sl_mult_lm"": 1.15, ""sl_mult_lr"": 2.1, ""sl_mult_sm"": 1.75, ""sl_mult_sr"": 2.0, ""time_stop"": 21, ""tp_mult_lm"": 3.9, ""tp_mult_lr"": 11.2, ""tp_mult_sm"": 4.8, ""tp_mult_sr"": 4.1, ""trail_mult"": 3.7, ""trail_tp"": false, ""use_trailing"": true}",{},
509,-1000000000.0,TrialState.COMPLETE,2026-04-01T02:17:29.177444,2026-04-01T02:17:29.206089,0.028645,"{""atr_window"": 14, ""bb_std_dev"": 1.95, ""bb_window"": 25, ""cooldown"": 1, ""macd_fast"": 14, ""macd_k"": 1.5, ""macd_k_mid"": 0.5, ""macd_signal"": 6, ""macd_slow"": 38, ""macd_std_window"": 81, ""rebalance_freq"": 180, ""rebounce_block"": 6, ""sl_mult_lm"": 1.2, ""sl_mult_lr"": 4.0, ""sl_mult_sm"": 1.25, ""sl_mult_sr"": 1.5, ""time_stop"": 15, ""tp_mult_lm"": 4.1, ""tp_mult_lr"": 17.0, ""tp_mult_sm"": 5.6, ""tp_mult_sr"": 5.1, ""trail_mult"": 2.2, ""trail_tp"": true, ""use_trailing"": true}",{},
510,-1000000000.0,TrialState.COMPLETE,2026-04-01T02:17:29.236934,2026-04-01T02:17:29.265765,0.028831,"{""atr_window"": 16, ""bb_std_dev"": 1.7999999999999998, ""bb_window"": 14, ""cooldown"": 3, ""macd_fast"": 11, ""macd_k"": 1.7000000000000002, ""macd_k_mid"": 0.65, ""macd_signal"": 8, ""macd_slow"": 40, ""macd_std_window"": 91, ""rebalance_freq"": 120, ""rebounce_block"": 5, ""sl_mult_lm"": 2.1, ""sl_mult_lr"": 2.6, ""sl_mult_sm"": 1.3, ""sl_mult_sr"": 2.8, ""time_stop"": 12, ""tp_mult_lm"": 5.0, ""tp_mult_lr"": 14.4, ""tp_mult_sm"": 4.1, ""tp_mult_sr"": 3.8, ""trail_mult"": 3.6, ""trail_tp"": false, ""use_trailing"": true}",{},
511,-1000000000.0,TrialState.COMPLETE,2026-04-01T02:17:29.295793,2026-04-01T02:17:29.323879,0.028086,"{""atr_window"": 13, ""bb_std_dev"": 2.45, ""bb_window"": 23, ""cooldown"": 4, ""macd_fast"": 14, ""macd_k"": 1.45, ""macd_k_mid"": 0.55, ""macd_signal"": 10, ""macd_slow"": 42, ""macd_std_window"": 86, ""rebalance_freq"": 30, ""rebounce_block"": 3, ""sl_mult_lm"": 2.0, ""sl_mult_lr"": 4.6, ""sl_mult_sm"": 2.0, ""sl_mult_sr"": 2.3, ""time_stop"": 28, ""tp_mult_lm"": 5.7, ""tp_mult_lr"": 15.0, ""tp_mult_sm"": 7.0, ""tp_mult_sr"": 4.4, ""trail_mult"": 2.7, ""trail_tp"": true, ""use_trailing"": false}",{},
512,-1000000000.0,TrialState.COMPLETE,2026-04-01T02:17:29.356720,2026-04-01T02:17:29.386705,0.029985,"{""atr_window"": 19, ""bb_std_dev"": 2.15, ""bb_window"": 15, ""cooldown"": 0, ""macd_fast"": 17, ""macd_k"": 1.6, ""macd_k_mid"": 0.7, ""macd_signal"": 9, ""macd_slow"": 43, ""macd_std_window"": 85, ""rebalance_freq"": 90, ""rebounce_block"": 0, ""sl_mult_lm"": 1.5, ""sl_mult_lr"": 2.9, ""sl_mult_sm"": 1.85, ""sl_mult_sr"": 1.5, ""time_stop"": 19, ""tp_mult_lm"": 5.5, ""tp_mult_lr"": 13.2, ""tp_mult_sm"": 4.2, ""tp_mult_sr"": 5.5, ""trail_mult"": 1.8, ""trail_tp"": false, ""use_trailing"": true}",{},
513,-1000000000.0,TrialState.COMPLETE,2026-04-01T02:17:29.432125,2026-04-01T02:17:32.218046,2.785921,"{""atr_window"": 17, ""bb_std_dev"": 2.3, ""bb_window"": 17, ""cooldown"": 5, ""macd_fast"": 15, ""macd_k"": 1.55, ""macd_k_mid"": 0.8500000000000001, ""macd_signal"": 5, ""macd_slow"": 36, ""macd_std_window"": 74, ""rebalance_freq"": 150, ""rebounce_block"": 4, ""sl_mult_lm"": 1.75, ""sl_mult_lr"": 5.0, ""sl_mult_sm"": 1.05, ""sl_mult_sr"": 1.9, ""time_stop"": 20, ""tp_mult_lm"": 5.1, ""tp_mult_lr"": 9.4, ""tp_mult_sm"": 6.800000000000001, ""tp_mult_sr"": 4.7, ""trail_mult"": 3.9000000000000004, ""trail_tp"": true, ""use_trailing"": true}",{},
514,-1000000000.0,TrialState.COMPLETE,2026-04-01T02:17:32.252460,2026-04-01T02:17:32.285510,0.03305,"{""atr_window"": 15, ""bb_std_dev"": 2.2, ""bb_window"": 16, ""cooldown"": 2, ""macd_fast"": 12, ""macd_k"": 1.05, ""macd_k_mid"": 0.55, ""macd_signal"": 7, ""macd_slow"": 44, ""macd_std_window"": 99, ""rebalance_freq"": 180, ""rebounce_block"": 5, ""sl_mult_lm"": 1.6, ""sl_mult_lr"": 2.8, ""sl_mult_sm"": 1.9, ""sl_mult_sr"": 3.3, ""time_stop"": 10, ""tp_mult_lm"": 5.6, ""tp_mult_lr"": 9.8, ""tp_mult_sm"": 4.4, ""tp_mult_sr"": 3.1, ""trail_mult"": 2.9000000000000004, ""trail_tp"": false, ""use_trailing"": true}",{},
515,-1000000000.0,TrialState.COMPLETE,2026-04-01T02:17:32.319686,2026-04-01T02:17:35.037334,2.717648,"{""atr_window"": 20, ""bb_std_dev"": 2.0, ""bb_window"": 15, ""cooldown"": 1, ""macd_fast"": 20, ""macd_k"": 1.15, ""macd_k_mid"": 0.6, ""macd_signal"": 8, ""macd_slow"": 39, ""macd_std_window"": 70, ""rebalance_freq"": 60, ""rebounce_block"": 6, ""sl_mult_lm"": 1.55, ""sl_mult_lr"": 3.0, ""sl_mult_sm"": 1.1, ""sl_mult_sr"": 3.2, ""time_stop"": 8, ""tp_mult_lm"": 5.3, ""tp_mult_lr"": 11.6, ""tp_mult_sm"": 3.6, ""tp_mult_sr"": 6.0, ""trail_mult"": 3.1, ""trail_tp"": true, ""use_trailing"": false}",{},
516,-1000000000.0,TrialState.COMPLETE,2026-04-01T02:17:35.073267,2026-04-01T02:17:35.124561,0.051294,"{""atr_window"": 19, ""bb_std_dev"": 2.35, ""bb_window"": 14, ""cooldown"": 3, ""macd_fast"": 16, ""macd_k"": 1.2, ""macd_k_mid"": 0.75, ""macd_signal"": 7, ""macd_slow"": 40, ""macd_std_window"": 82, ""rebalance_freq"": 150, ""rebounce_block"": 2, ""sl_mult_lm"": 1.05, ""sl_mult_lr"": 2.7, ""sl_mult_sm"": 1.55, ""sl_mult_sr"": 1.7, ""time_stop"": 17, ""tp_mult_lm"": 5.800000000000001, ""tp_mult_lr"": 16.6, ""tp_mult_sm"": 4.5, ""tp_mult_sr"": 5.9, ""trail_mult"": 3.8000000000000003, ""trail_tp"": false, ""use_trailing"": true}",{},
517,-1000000000.0,TrialState.COMPLETE,2026-04-01T02:17:35.189457,2026-04-01T02:17:35.243626,0.054169,"{""atr_window"": 11, ""bb_std_dev"": 2.45, ""bb_window"": 14, ""cooldown"": 2, ""macd_fast"": 13, ""macd_k"": 1.1, ""macd_k_mid"": 0.5, ""macd_signal"": 10, ""macd_slow"": 37, ""macd_std_window"": 84, ""rebalance_freq"": 90, ""rebounce_block"": 1, ""sl_mult_lm"": 1.4, ""sl_mult_lr"": 2.3, ""sl_mult_sm"": 1.5, ""sl_mult_sr"": 1.6, ""time_stop"": 16, ""tp_mult_lm"": 4.3, ""tp_mult_lr"": 9.6, ""tp_mult_sm"": 4.0, ""tp_mult_sr"": 5.4, ""trail_mult"": 3.2, ""trail_tp"": true, ""use_trailing"": true}",{},
518,-1000000000.0,TrialState.COMPLETE,2026-04-01T02:17:35.323958,2026-04-01T02:17:38.653804,3.329846,"{""atr_window"": 18, ""bb_std_dev"": 2.5, ""bb_window"": 22, ""cooldown"": 4, ""macd_fast"": 19, ""macd_k"": 1.3, ""macd_k_mid"": 0.65, ""macd_signal"": 8, ""macd_slow"": 41, ""macd_std_window"": 70, ""rebalance_freq"": 120, ""rebounce_block"": 3, ""sl_mult_lm"": 1.35, ""sl_mult_lr"": 2.4, ""sl_mult_sm"": 1.15, ""sl_mult_sr"": 2.1, ""time_stop"": 13, ""tp_mult_lm"": 5.4, ""tp_mult_lr"": 12.0, ""tp_mult_sm"": 3.5, ""tp_mult_sr"": 6.5, ""trail_mult"": 2.6, ""trail_tp"": false, ""use_trailing"": true}",{},
519,-1000000000.0,TrialState.COMPLETE,2026-04-01T02:17:38.707068,2026-04-01T02:17:38.734009,0.026941,"{""atr_window"": 16, ""bb_std_dev"": 1.45, ""bb_window"": 21, ""cooldown"": 1, ""macd_fast"": 14, ""macd_k"": 1.85, ""macd_k_mid"": 0.95, ""macd_signal"": 9, ""macd_slow"": 44, ""macd_std_window"": 100, ""rebalance_freq"": 180, ""rebounce_block"": 5, ""sl_mult_lm"": 1.25, ""sl_mult_lr"": 3.9000000000000004, ""sl_mult_sm"": 1.7000000000000002, ""sl_mult_sr"": 3.1, ""time_stop"": 2, ""tp_mult_lm"": 4.5, ""tp_mult_lr"": 12.4, ""tp_mult_sm"": 5.5, ""tp_mult_sr"": 4.8, ""trail_mult"": 2.4, ""trail_tp"": true, ""use_trailing"": false}",{},
