number,value,state,datetime_start,datetime_complete,duration_seconds,params_json,fold_sharpes_json,avg_cv_sharpe
1754,-1000000000.0,TrialState.COMPLETE,2026-04-01T03:22:44.581962,2026-04-01T03:22:44.653923,0.071961,"{""atr_window"": 15, ""bb_std_dev"": 1.95, ""bb_window"": 14, ""cooldown"": 0, ""macd_fast"": 11, ""macd_k"": 1.65, ""macd_k_mid"": 0.8500000000000001, ""macd_signal"": 8, ""macd_slow"": 37, ""macd_std_window"": 70, ""rebalance_freq"": 120, ""rebounce_block"": 5, ""sl_mult_lm"": 2.1500000000000004, ""sl_mult_lr"": 3.0, ""sl_mult_sm"": 1.85, ""sl_mult_sr"": 2.2, ""time_stop"": 16, ""tp_mult_lm"": 5.4, ""tp_mult_lr"": 11.4, ""tp_mult_sm"": 3.6, ""tp_mult_sr"": 3.6, ""trail_mult"": 1.8, ""trail_tp"": false, ""use_trailing"": true}",{},
1755,-1000000000.0,TrialState.COMPLETE,2026-04-01T03:22:44.689891,2026-04-01T03:22:44.757575,0.067684,"{""atr_window"": 18, ""bb_std_dev"": 2.3, ""bb_window"": 15, ""cooldown"": 1, ""macd_fast"": 13, ""macd_k"": 1.6, ""macd_k_mid"": 0.5, ""macd_signal"": 6, ""macd_slow"": 43, ""macd_std_window"": 91, ""rebalance_freq"": 150, ""rebounce_block"": 3, ""sl_mult_lm"": 2.0, ""sl_mult_lr"": 2.4, ""sl_mult_sm"": 1.7000000000000002, ""sl_mult_sr"": 2.3, ""time_stop"": 17, ""tp_mult_lm"": 5.6, ""tp_mult_lr"": 15.2, ""tp_mult_sm"": 6.5, ""tp_mult_sr"": 4.4, ""trail_mult"": 3.3, ""trail_tp"": true, ""use_trailing"": true}",{},
1756,-1000000000.0,TrialState.COMPLETE,2026-04-01T03:22:44.792394,2026-04-01T03:22:47.417088,2.624694,"{""atr_window"": 17, ""bb_std_dev"": 2.4, ""bb_window"": 25, ""cooldown"": 3, ""macd_fast"": 19, ""macd_k"": 1.4, ""macd_k_mid"": 0.55, ""macd_signal"": 8, ""macd_slow"": 36, ""macd_std_window"": 79, ""rebalance_freq"": 90, ""rebounce_block"": 6, ""sl_mult_lm"": 1.65, ""sl_mult_lr"": 3.2, ""sl_mult_sm"": 1.5, ""sl_mult_sr"": 2.1, ""time_stop"": 15, ""tp_mult_lm"": 4.1, ""tp_mult_lr"": 10.6, ""tp_mult_sm"": 4.5, ""tp_mult_sr"": 6.4, ""trail_mult"": 1.9, ""trail_tp"": false, ""use_trailing"": false}",{},
1757,-1000000000.0,TrialState.COMPLETE,2026-04-01T03:22:47.446286,2026-04-01T03:22:47.527372,0.081086,"{""atr_window"": 20, ""bb_std_dev"": 2.5, ""bb_window"": 20, ""cooldown"": 2, ""macd_fast"": 12, ""macd_k"": 1.15, ""macd_k_mid"": 0.6, ""macd_signal"": 7, ""macd_slow"": 39, ""macd_std_window"": 99, ""rebalance_freq"": 180, ""rebounce_block"": 0, ""sl_mult_lm"": 2.1, ""sl_mult_lr"": 2.0, ""sl_mult_sm"": 1.8, ""sl_mult_sr"": 1.8, ""time_stop"": 30, ""tp_mult_lm"": 4.8, ""tp_mult_lr"": 11.8, ""tp_mult_sm"": 5.7, ""tp_mult_sr"": 4.9, ""trail_mult"": 2.6, ""trail_tp"": true, ""use_trailing"": true}",{},
1758,-1000000000.0,TrialState.COMPLETE,2026-04-01T03:22:47.561300,2026-04-01T03:22:50.103695,2.542395,"{""atr_window"": 10, ""bb_std_dev"": 1.5, ""bb_window"": 17, ""cooldown"": 5, ""macd_fast"": 20, ""macd_k"": 1.5, ""macd_k_mid"": 0.95, ""macd_signal"": 9, ""macd_slow"": 40, ""macd_std_window"": 80, ""rebalance_freq"": 150, ""rebounce_block"": 1, ""sl_mult_lm"": 2.05, ""sl_mult_lr"": 4.0, ""sl_mult_sm"": 1.45, ""sl_mult_sr"": 1.5, ""time_stop"": 29, ""tp_mult_lm"": 5.5, ""tp_mult_lr"": 13.0, ""tp_mult_sm"": 4.7, ""tp_mult_sr"": 5.800000000000001, ""trail_mult"": 3.8000000000000003, ""trail_tp"": false, ""use_trailing"": true}",{},
1759,-1000000000.0,TrialState.COMPLETE,2026-04-01T03:22:50.139384,2026-04-01T03:22:50.212229,0.072845,"{""atr_window"": 14, ""bb_std_dev"": 2.25, ""bb_window"": 14, ""cooldown"": 4, ""macd_fast"": 16, ""macd_k"": 1.35, ""macd_k_mid"": 0.65, ""macd_signal"": 10, ""macd_slow"": 44, ""macd_std_window"": 92, ""rebalance_freq"": 60, ""rebounce_block"": 5, ""sl_mult_lm"": 1.3, ""sl_mult_lr"": 3.4000000000000004, ""sl_mult_sm"": 1.85, ""sl_mult_sr"": 3.2, ""time_stop"": 28, ""tp_mult_lm"": 5.3, ""tp_mult_lr"": 15.600000000000001, ""tp_mult_sm"": 5.0, ""tp_mult_sr"": 3.9, ""trail_mult"": 2.9000000000000004, ""trail_tp"": true, ""use_trailing"": true}",{},
1760,-1000000000.0,TrialState.COMPLETE,2026-04-01T03:22:50.249354,2026-04-01T03:22:50.324248,0.074894,"{""atr_window"": 15, ""bb_std_dev"": 1.65, ""bb_window"": 16, ""cooldown"": 1, ""macd_fast"": 14, ""macd_k"": 1.05, ""macd_k_mid"": 0.7, ""macd_signal"": 8, ""macd_slow"": 41, ""macd_std_window"": 96, ""rebalance_freq"": 30, ""rebounce_block"": 5, ""sl_mult_lm"": 1.05, ""sl_mult_lr"": 2.7, ""sl_mult_sm"": 1.6, ""sl_mult_sr"": 3.1, ""time_stop"": 0, ""tp_mult_lm"": 4.0, ""tp_mult_lr"": 16.0, ""tp_mult_sm"": 6.4, ""tp_mult_sr"": 5.0, ""trail_mult"": 2.2, ""trail_tp"": false, ""use_trailing"": false}",{},
1761,-1000000000.0,TrialState.COMPLETE,2026-04-01T03:22:50.362398,2026-04-01T03:22:50.431157,0.068759,"{""atr_window"": 13, ""bb_std_dev"": 1.5999999999999999, ""bb_window"": 15, ""cooldown"": 0, ""macd_fast"": 10, ""macd_k"": 1.45, ""macd_k_mid"": 0.5, ""macd_signal"": 8, ""macd_slow"": 38, ""macd_std_window"": 93, ""rebalance_freq"": 180, ""rebounce_block"": 2, ""sl_mult_lm"": 1.55, ""sl_mult_lr"": 3.8, ""sl_mult_sm"": 1.75, ""sl_mult_sr"": 1.6, ""time_stop"": 20, ""tp_mult_lm"": 5.7, ""tp_mult_lr"": 9.8, ""tp_mult_sm"": 3.4, ""tp_mult_sr"": 4.3, ""trail_mult"": 3.1, ""trail_tp"": true, ""use_trailing"": true}",{},
1762,-1000000000.0,TrialState.COMPLETE,2026-04-01T03:22:50.478765,2026-04-01T03:22:52.991454,2.512689,"{""atr_window"": 19, ""bb_std_dev"": 2.45, ""bb_window"": 14, ""cooldown"": 2, ""macd_fast"": 15, ""macd_k"": 1.55, ""macd_k_mid"": 0.55, ""macd_signal"": 9, ""macd_slow"": 37, ""macd_std_window"": 75, ""rebalance_freq"": 120, ""rebounce_block"": 4, ""sl_mult_lm"": 1.35, ""sl_mult_lr"": 2.9, ""sl_mult_sm"": 1.7000000000000002, ""sl_mult_sr"": 3.0, ""time_stop"": 24, ""tp_mult_lm"": 5.1, ""tp_mult_lr"": 10.2, ""tp_mult_sm"": 4.2, ""tp_mult_sr"": 4.7, ""trail_mult"": 3.6, ""trail_tp"": true, ""use_trailing"": true}",{},
1763,-1000000000.0,TrialState.COMPLETE,2026-04-01T03:22:53.039813,2026-04-01T03:22:55.593973,2.55416,"{""atr_window"": 16, ""bb_std_dev"": 2.0, ""bb_window"": 21, ""cooldown"": 2, ""macd_fast"": 18, ""macd_k"": 1.2, ""macd_k_mid"": 0.6, ""macd_signal"": 7, ""macd_slow"": 35, ""macd_std_window"": 90, ""rebalance_freq"": 150, ""rebounce_block"": 3, ""sl_mult_lm"": 1.6, ""sl_mult_lr"": 4.2, ""sl_mult_sm"": 1.35, ""sl_mult_sr"": 2.4, ""time_stop"": 13, ""tp_mult_lm"": 4.4, ""tp_mult_lr"": 16.4, ""tp_mult_sm"": 5.6, ""tp_mult_sr"": 4.8, ""trail_mult"": 1.7, ""trail_tp"": false, ""use_trailing"": true}",{},
1764,-1000000000.0,TrialState.COMPLETE,2026-04-01T03:22:55.628529,2026-04-01T03:22:55.705144,0.076615,"{""atr_window"": 14, ""bb_std_dev"": 2.15, ""bb_window"": 18, ""cooldown"": 3, ""macd_fast"": 12, ""macd_k"": 1.8, ""macd_k_mid"": 0.75, ""macd_signal"": 6, ""macd_slow"": 43, ""macd_std_window"": 87, ""rebalance_freq"": 150, ""rebounce_block"": 0, ""sl_mult_lm"": 1.75, ""sl_mult_lr"": 2.5, ""sl_mult_sm"": 1.55, ""sl_mult_sr"": 2.1, ""time_stop"": 22, ""tp_mult_lm"": 5.2, ""tp_mult_lr"": 11.0, ""tp_mult_sm"": 5.1, ""tp_mult_sr"": 3.0, ""trail_mult"": 2.5, ""trail_tp"": true, ""use_trailing"": false}",{},
1765,-1000000000.0,TrialState.COMPLETE,2026-04-01T03:22:55.747169,2026-04-01T03:22:55.821497,0.074328,"{""atr_window"": 20, ""bb_std_dev"": 1.7, ""bb_window"": 20, ""cooldown"": 1, ""macd_fast"": 17, ""macd_k"": 1.1, ""macd_k_mid"": 0.8, ""macd_signal"": 9, ""macd_slow"": 41, ""macd_std_window"": 83, ""rebalance_freq"": 120, ""rebounce_block"": 2, ""sl_mult_lm"": 1.15, ""sl_mult_lr"": 5.0, ""sl_mult_sm"": 1.65, ""sl_mult_sr"": 2.5, ""time_stop"": 6, ""tp_mult_lm"": 3.8, ""tp_mult_lr"": 12.0, ""tp_mult_sm"": 3.2, ""tp_mult_sr"": 4.6, ""trail_mult"": 2.3, ""trail_tp"": false, ""use_trailing"": true}",{},
1766,-1000000000.0,TrialState.COMPLETE,2026-04-01T03:22:55.862327,2026-04-01T03:22:55.939524,0.077197,"{""atr_window"": 18, ""bb_std_dev"": 2.2, ""bb_window"": 14, ""cooldown"": 0, ""macd_fast"": 20, ""macd_k"": 1.0, ""macd_k_mid"": 1.0, ""macd_signal"": 10, ""macd_slow"": 44, ""macd_std_window"": 94, ""rebalance_freq"": 180, ""rebounce_block"": 6, ""sl_mult_lm"": 1.9, ""sl_mult_lr"": 3.1, ""sl_mult_sm"": 1.0, ""sl_mult_sr"": 2.3, ""time_stop"": 17, ""tp_mult_lm"": 3.7, ""tp_mult_lr"": 14.8, ""tp_mult_sm"": 7.0, ""tp_mult_sr"": 5.4, ""trail_mult"": 2.0, ""trail_tp"": true, ""use_trailing"": true}",{},
1767,-1000000000.0,TrialState.COMPLETE,2026-04-01T03:22:55.976209,2026-04-01T03:22:56.044520,0.068311,"{""atr_window"": 16, ""bb_std_dev"": 2.05, ""bb_window"": 16, ""cooldown"": 1, ""macd_fast"": 14, ""macd_k"": 1.65, ""macd_k_mid"": 0.7, ""macd_signal"": 8, ""macd_slow"": 39, ""macd_std_window"": 84, ""rebalance_freq"": 30, ""rebounce_block"": 5, ""sl_mult_lm"": 1.0, ""sl_mult_lr"": 2.6, ""sl_mult_sm"": 1.9, ""sl_mult_sr"": 2.6, ""time_stop"": 18, ""tp_mult_lm"": 5.800000000000001, ""tp_mult_lr"": 13.2, ""tp_mult_sm"": 5.800000000000001, ""tp_mult_sr"": 3.1, ""trail_mult"": 4.0, ""trail_tp"": false, ""use_trailing"": true}",{},
1768,-1000000000.0,TrialState.COMPLETE,2026-04-01T03:22:56.081624,2026-04-01T03:22:56.156651,0.075027,"{""atr_window"": 15, ""bb_std_dev"": 1.75, ""bb_window"": 24, ""cooldown"": 5, ""macd_fast"": 15, ""macd_k"": 1.15, ""macd_k_mid"": 0.6, ""macd_signal"": 7, ""macd_slow"": 40, ""macd_std_window"": 88, ""rebalance_freq"": 90, ""rebounce_block"": 3, ""sl_mult_lm"": 1.5, ""sl_mult_lr"": 2.2, ""sl_mult_sm"": 1.5, ""sl_mult_sr"": 2.0, ""time_stop"": 9, ""tp_mult_lm"": 6.0, ""tp_mult_lr"": 11.6, ""tp_mult_sm"": 6.2, ""tp_mult_sr"": 3.3, ""trail_mult"": 2.2, ""trail_tp"": true, ""use_trailing"": false}",{},
1769,-1000000000.0,TrialState.COMPLETE,2026-04-01T03:22:56.203919,2026-04-01T03:22:56.283108,0.079189,"{""atr_window"": 12, ""bb_std_dev"": 2.3, ""bb_window"": 23, ""cooldown"": 3, ""macd_fast"": 13, ""macd_k"": 1.6, ""macd_k_mid"": 0.55, ""macd_signal"": 9, ""macd_slow"": 42, ""macd_std_window"": 76, ""rebalance_freq"": 150, ""rebounce_block"": 4, ""sl_mult_lm"": 1.25, ""sl_mult_lr"": 2.8, ""sl_mult_sm"": 1.4, ""sl_mult_sr"": 2.8, ""time_stop"": 1, ""tp_mult_lm"": 5.9, ""tp_mult_lr"": 13.600000000000001, ""tp_mult_sm"": 4.3, ""tp_mult_sr"": 6.5, ""trail_mult"": 2.1, ""trail_tp"": false, ""use_trailing"": true}",{},
1770,-1000000000.0,TrialState.COMPLETE,2026-04-01T03:22:56.322667,2026-04-01T03:22:56.399313,0.076646,"{""atr_window"": 18, ""bb_std_dev"": 1.7999999999999998, ""bb_window"": 17, ""cooldown"": 4, ""macd_fast"": 11, ""macd_k"": 1.9, ""macd_k_mid"": 0.5, ""macd_signal"": 8, ""macd_slow"": 35, ""macd_std_window"": 100, ""rebalance_freq"": 120, ""rebounce_block"": 6, ""sl_mult_lm"": 1.2, ""sl_mult_lr"": 2.5, ""sl_mult_sm"": 1.8, ""sl_mult_sr"": 1.7, ""time_stop"": 4, ""tp_mult_lm"": 4.6, ""tp_mult_lr"": 14.2, ""tp_mult_sm"": 4.9, ""tp_mult_sr"": 6.2, ""trail_mult"": 2.8, ""trail_tp"": true, ""use_trailing"": true}",{},
1771,-1000000000.0,TrialState.COMPLETE,2026-04-01T03:22:56.437891,2026-04-01T03:22:58.862930,2.425039,"{""atr_window"": 13, ""bb_std_dev"": 2.35, ""bb_window"": 15, ""cooldown"": 2, ""macd_fast"": 16, ""macd_k"": 1.85, ""macd_k_mid"": 0.65, ""macd_signal"": 9, ""macd_slow"": 36, ""macd_std_window"": 85, ""rebalance_freq"": 150, ""rebounce_block"": 5, ""sl_mult_lm"": 1.1, ""sl_mult_lr"": 2.4, ""sl_mult_sm"": 1.75, ""sl_mult_sr"": 1.5, ""time_stop"": 20, ""tp_mult_lm"": 5.7, ""tp_mult_lr"": 8.2, ""tp_mult_sm"": 5.4, ""tp_mult_sr"": 4.0, ""trail_mult"": 3.9000000000000004, ""trail_tp"": false, ""use_trailing"": false}",{},
1772,-1000000000.0,TrialState.COMPLETE,2026-04-01T03:22:58.906732,2026-04-01T03:22:58.976910,0.070178,"{""atr_window"": 17, ""bb_std_dev"": 2.25, ""bb_window"": 14, ""cooldown"": 0, ""macd_fast"": 12, ""macd_k"": 1.15, ""macd_k_mid"": 0.55, ""macd_signal"": 6, ""macd_slow"": 43, ""macd_std_window"": 71, ""rebalance_freq"": 180, ""rebounce_block"": 1, ""sl_mult_lm"": 1.9500000000000002, ""sl_mult_lr"": 2.3, ""sl_mult_sm"": 1.1, ""sl_mult_sr"": 2.2, ""time_stop"": 12, ""tp_mult_lm"": 4.9, ""tp_mult_lr"": 12.4, ""tp_mult_sm"": 6.300000000000001, ""tp_mult_sr"": 6.0, ""trail_mult"": 3.6, ""trail_tp"": true, ""use_trailing"": true}",{},
1773,-1000000000.0,TrialState.COMPLETE,2026-04-01T03:22:59.010199,2026-04-01T03:23:01.605028,2.594829,"{""atr_window"": 20, ""bb_std_dev"": 1.4, ""bb_window"": 19, ""cooldown"": 1, ""macd_fast"": 19, ""macd_k"": 1.35, ""macd_k_mid"": 0.8500000000000001, ""macd_signal"": 7, ""macd_slow"": 41, ""macd_std_window"": 70, ""rebalance_freq"": 90, ""rebounce_block"": 0, ""sl_mult_lm"": 1.05, ""sl_mult_lr"": 2.6, ""sl_mult_sm"": 1.15, ""sl_mult_sr"": 1.6, ""time_stop"": 16, ""tp_mult_lm"": 5.4, ""tp_mult_lr"": 10.0, ""tp_mult_sm"": 3.3, ""tp_mult_sr"": 5.7, ""trail_mult"": 1.5, ""trail_tp"": false, ""use_trailing"": true}",{},
1774,-1000000000.0,TrialState.COMPLETE,2026-04-01T03:23:01.640623,2026-04-01T03:23:01.709630,0.069007,"{""atr_window"": 14, ""bb_std_dev"": 1.8499999999999999, ""bb_window"": 18, ""cooldown"": 4, ""macd_fast"": 14, ""macd_k"": 1.25, ""macd_k_mid"": 0.75, ""macd_signal"": 8, ""macd_slow"": 40, ""macd_std_window"": 73, ""rebalance_freq"": 30, ""rebounce_block"": 3, ""sl_mult_lm"": 1.3, ""sl_mult_lr"": 3.6, ""sl_mult_sm"": 1.2, ""sl_mult_sr"": 1.9, ""time_stop"": 21, ""tp_mult_lm"": 4.5, ""tp_mult_lr"": 17.0, ""tp_mult_sm"": 4.4, ""tp_mult_sr"": 5.9, ""trail_mult"": 2.7, ""trail_tp"": true, ""use_trailing"": true}",{},
1775,-1000000000.0,TrialState.COMPLETE,2026-04-01T03:23:01.747135,2026-04-01T03:23:01.818814,0.071679,"{""atr_window"": 16, ""bb_std_dev"": 1.95, ""bb_window"": 16, ""cooldown"": 2, ""macd_fast"": 17, ""macd_k"": 1.7000000000000002, ""macd_k_mid"": 0.55, ""macd_signal"": 10, ""macd_slow"": 44, ""macd_std_window"": 82, ""rebalance_freq"": 150, ""rebounce_block"": 2, ""sl_mult_lm"": 1.45, ""sl_mult_lr"": 3.0, ""sl_mult_sm"": 1.25, ""sl_mult_sr"": 3.3, ""time_stop"": 25, ""tp_mult_lm"": 5.2, ""tp_mult_lr"": 8.8, ""tp_mult_sm"": 5.300000000000001, ""tp_mult_sr"": 3.2, ""trail_mult"": 2.9000000000000004, ""trail_tp"": false, ""use_trailing"": false}",{},
1776,-1000000000.0,TrialState.COMPLETE,2026-04-01T03:23:01.880434,2026-04-01T03:23:01.974499,0.094065,"{""atr_window"": 15, ""bb_std_dev"": 2.4, ""bb_window"": 17, ""cooldown"": 1, ""macd_fast"": 10, ""macd_k"": 1.55, ""macd_k_mid"": 0.5, ""macd_signal"": 9, ""macd_slow"": 37, ""macd_std_window"": 89, ""rebalance_freq"": 180, ""rebounce_block"": 5, ""sl_mult_lm"": 1.7000000000000002, ""sl_mult_lr"": 2.4, ""sl_mult_sm"": 1.65, ""sl_mult_sr"": 1.8, ""time_stop"": 15, ""tp_mult_lm"": 5.1, ""tp_mult_lr"": 12.600000000000001, ""tp_mult_sm"": 3.7, ""tp_mult_sr"": 6.6, ""trail_mult"": 3.2, ""trail_tp"": true, ""use_trailing"": true}",{},
1777,-1000000000.0,TrialState.COMPLETE,2026-04-01T03:23:02.012935,2026-04-01T03:23:02.084869,0.071934,"{""atr_window"": 17, ""bb_std_dev"": 2.1, ""bb_window"": 25, ""cooldown"": 5, ""macd_fast"": 20, ""macd_k"": 1.05, ""macd_k_mid"": 0.6, ""macd_signal"": 8, ""macd_slow"": 43, ""macd_std_window"": 97, ""rebalance_freq"": 120, ""rebounce_block"": 5, ""sl_mult_lm"": 2.0, ""sl_mult_lr"": 3.5, ""sl_mult_sm"": 1.05, ""sl_mult_sr"": 2.1, ""time_stop"": 7, ""tp_mult_lm"": 5.0, ""tp_mult_lr"": 9.4, ""tp_mult_sm"": 6.1, ""tp_mult_sr"": 4.5, ""trail_mult"": 3.5, ""trail_tp"": false, ""use_trailing"": true}",{},
1778,-1000000000.0,TrialState.COMPLETE,2026-04-01T03:23:02.121071,2026-04-01T03:23:02.210118,0.089047,"{""atr_window"": 19, ""bb_std_dev"": 2.05, ""bb_window"": 15, ""cooldown"": 3, ""macd_fast"": 13, ""macd_k"": 1.0, ""macd_k_mid"": 0.9, ""macd_signal"": 5, ""macd_slow"": 38, ""macd_std_window"": 91, ""rebalance_freq"": 60, ""rebounce_block"": 4, ""sl_mult_lm"": 1.8, ""sl_mult_lr"": 2.1, ""sl_mult_sm"": 1.85, ""sl_mult_sr"": 2.7, ""time_stop"": 28, ""tp_mult_lm"": 5.6, ""tp_mult_lr"": 10.4, ""tp_mult_sm"": 4.0, ""tp_mult_sr"": 3.1, ""trail_mult"": 3.0, ""trail_tp"": true, ""use_trailing"": true}",{},
1779,-1000000000.0,TrialState.COMPLETE,2026-04-01T03:23:02.250156,2026-04-01T03:23:04.717856,2.4677,"{""atr_window"": 11, ""bb_std_dev"": 1.45, ""bb_window"": 14, ""cooldown"": 0, ""macd_fast"": 18, ""macd_k"": 1.75, ""macd_k_mid"": 0.65, ""macd_signal"": 7, ""macd_slow"": 39, ""macd_std_window"": 79, ""rebalance_freq"": 150, ""rebounce_block"": 6, ""sl_mult_lm"": 1.3, ""sl_mult_lr"": 2.0, ""sl_mult_sm"": 1.6, ""sl_mult_sr"": 1.5, ""time_stop"": 14, ""tp_mult_lm"": 5.5, ""tp_mult_lr"": 12.2, ""tp_mult_sm"": 6.800000000000001, ""tp_mult_sr"": 6.300000000000001, ""trail_mult"": 3.4000000000000004, ""trail_tp"": false, ""use_trailing"": false}",{},
1780,-1000000000.0,TrialState.COMPLETE,2026-04-01T03:23:04.758936,2026-04-01T03:23:04.828398,0.069462,"{""atr_window"": 14, ""bb_std_dev"": 2.2, ""bb_window"": 20, ""cooldown"": 1, ""macd_fast"": 12, ""macd_k"": 1.5, ""macd_k_mid"": 0.7, ""macd_signal"": 8, ""macd_slow"": 37, ""macd_std_window"": 87, ""rebalance_freq"": 90, ""rebounce_block"": 0, ""sl_mult_lm"": 1.4, ""sl_mult_lr"": 3.3, ""sl_mult_sm"": 1.9500000000000002, ""sl_mult_sr"": 2.0, ""time_stop"": 10, ""tp_mult_lm"": 5.3, ""tp_mult_lr"": 9.6, ""tp_mult_sm"": 3.5, ""tp_mult_sr"": 5.1, ""trail_mult"": 3.7, ""trail_tp"": true, ""use_trailing"": true}",{},
1781,-1000000000.0,TrialState.COMPLETE,2026-04-01T03:23:04.864435,2026-04-01T03:23:07.488656,2.624221,"{""atr_window"": 20, ""bb_std_dev"": 2.0, ""bb_window"": 14, ""cooldown"": 2, ""macd_fast"": 15, ""macd_k"": 1.3, ""macd_k_mid"": 0.55, ""macd_signal"": 9, ""macd_slow"": 36, ""macd_std_window"": 90, ""rebalance_freq"": 30, ""rebounce_block"": 3, ""sl_mult_lm"": 1.0, ""sl_mult_lr"": 2.4, ""sl_mult_sm"": 1.8, ""sl_mult_sr"": 1.6, ""time_stop"": 11, ""tp_mult_lm"": 3.7, ""tp_mult_lr"": 8.0, ""tp_mult_sm"": 4.8, ""tp_mult_sr"": 3.8, ""trail_mult"": 3.1, ""trail_tp"": false, ""use_trailing"": true}",{},
1782,-1000000000.0,TrialState.COMPLETE,2026-04-01T03:23:07.525510,2026-04-01T03:23:07.596847,0.071337,"{""atr_window"": 18, ""bb_std_dev"": 1.7, ""bb_window"": 21, ""cooldown"": 0, ""macd_fast"": 11, ""macd_k"": 1.2, ""macd_k_mid"": 0.6, ""macd_signal"": 9, ""macd_slow"": 40, ""macd_std_window"": 81, ""rebalance_freq"": 180, ""rebounce_block"": 2, ""sl_mult_lm"": 1.35, ""sl_mult_lr"": 2.3, ""sl_mult_sm"": 1.9, ""sl_mult_sr"": 1.8, ""time_stop"": 23, ""tp_mult_lm"": 4.3, ""tp_mult_lr"": 9.2, ""tp_mult_sm"": 5.9, ""tp_mult_sr"": 4.9, ""trail_mult"": 2.4, ""trail_tp"": true, ""use_trailing"": true}",{},
1783,-1000000000.0,TrialState.COMPLETE,2026-04-01T03:23:07.633383,2026-04-01T03:23:07.706122,0.072739,"{""atr_window"": 16, ""bb_std_dev"": 1.9, ""bb_window"": 22, ""cooldown"": 4, ""macd_fast"": 12, ""macd_k"": 1.4, ""macd_k_mid"": 0.5, ""macd_signal"": 10, ""macd_slow"": 44, ""macd_std_window"": 99, ""rebalance_freq"": 150, ""rebounce_block"": 5, ""sl_mult_lm"": 1.2, ""sl_mult_lr"": 2.5, ""sl_mult_sm"": 1.7000000000000002, ""sl_mult_sr"": 2.5, ""time_stop"": 0, ""tp_mult_lm"": 5.3, ""tp_mult_lr"": 8.6, ""tp_mult_sm"": 5.5, ""tp_mult_sr"": 5.300000000000001, ""trail_mult"": 2.1, ""trail_tp"": false, ""use_trailing"": false}",{},
1784,-1000000000.0,TrialState.COMPLETE,2026-04-01T03:23:07.743825,2026-04-01T03:23:07.814427,0.070602,"{""atr_window"": 10, ""bb_std_dev"": 2.5, ""bb_window"": 14, ""cooldown"": 3, ""macd_fast"": 14, ""macd_k"": 1.1, ""macd_k_mid"": 0.55, ""macd_signal"": 7, ""macd_slow"": 41, ""macd_std_window"": 86, ""rebalance_freq"": 150, ""rebounce_block"": 6, ""sl_mult_lm"": 1.9, ""sl_mult_lr"": 2.3, ""sl_mult_sm"": 1.45, ""sl_mult_sr"": 2.9000000000000004, ""time_stop"": 5, ""tp_mult_lm"": 4.2, ""tp_mult_lr"": 10.8, ""tp_mult_sm"": 6.6, ""tp_mult_sr"": 6.1, ""trail_mult"": 3.2, ""trail_tp"": true, ""use_trailing"": true}",{},
1785,-1000000000.0,TrialState.COMPLETE,2026-04-01T03:23:07.851426,2026-04-01T03:23:07.928354,0.076928,"{""atr_window"": 13, ""bb_std_dev"": 2.2, ""bb_window"": 15, ""cooldown"": 1, ""macd_fast"": 13, ""macd_k"": 1.05, ""macd_k_mid"": 0.7, ""macd_signal"": 6, ""macd_slow"": 43, ""macd_std_window"": 95, ""rebalance_freq"": 120, ""rebounce_block"": 4, ""sl_mult_lm"": 2.2, ""sl_mult_lr"": 2.2, ""sl_mult_sm"": 2.0, ""sl_mult_sr"": 1.9, ""time_stop"": 21, ""tp_mult_lm"": 4.7, ""tp_mult_lr"": 11.8, ""tp_mult_sm"": 6.9, ""tp_mult_sr"": 3.0, ""trail_mult"": 2.0, ""trail_tp"": false, ""use_trailing"": true}",{},
1786,-1000000000.0,TrialState.COMPLETE,2026-04-01T03:23:07.967072,2026-04-01T03:38:09.009258,901.042186,"{""atr_window"": 14, ""bb_std_dev"": 2.15, ""bb_window"": 16, ""cooldown"": 2, ""macd_fast"": 20, ""macd_k"": 1.25, ""macd_k_mid"": 0.8, ""macd_signal"": 8, ""macd_slow"": 35, ""macd_std_window"": 98, ""rebalance_freq"": 60, ""rebounce_block"": 0, ""sl_mult_lm"": 1.85, ""sl_mult_lr"": 4.2, ""sl_mult_sm"": 1.75, ""sl_mult_sr"": 2.2, ""time_stop"": 26, ""tp_mult_lm"": 5.0, ""tp_mult_lr"": 11.2, ""tp_mult_sm"": 3.8, ""tp_mult_sr"": 5.6, ""trail_mult"": 3.0, ""trail_tp"": true, ""use_trailing"": false}",{},
1787,-1000000000.0,TrialState.COMPLETE,2026-04-01T03:38:09.048542,2026-04-01T03:38:09.131412,0.08287,"{""atr_window"": 15, ""bb_std_dev"": 1.5499999999999998, ""bb_window"": 15, ""cooldown"": 1, ""macd_fast"": 15, ""macd_k"": 2.0, ""macd_k_mid"": 0.6, ""macd_signal"": 8, ""macd_slow"": 42, ""macd_std_window"": 72, ""rebalance_freq"": 180, ""rebounce_block"": 3, ""sl_mult_lm"": 2.0, ""sl_mult_lr"": 2.7, ""sl_mult_sm"": 1.55, ""sl_mult_sr"": 2.1, ""time_stop"": 19, ""tp_mult_lm"": 5.4, ""tp_mult_lr"": 11.6, ""tp_mult_sm"": 4.6, ""tp_mult_sr"": 4.1, ""trail_mult"": 2.6, ""trail_tp"": false, ""use_trailing"": true}",{},
