number,value,state,datetime_start,datetime_complete,duration_seconds,params_json,fold_sharpes_json,avg_cv_sharpe
1583,-1000000000.0,TrialState.COMPLETE,2026-04-01T03:05:36.324819,2026-04-01T03:05:36.408811,0.083992,"{""atr_window"": 14, ""bb_std_dev"": 2.15, ""bb_window"": 14, ""cooldown"": 2, ""macd_fast"": 12, ""macd_k"": 1.1, ""macd_k_mid"": 0.6, ""macd_signal"": 8, ""macd_slow"": 38, ""macd_std_window"": 96, ""rebalance_freq"": 120, ""rebounce_block"": 0, ""sl_mult_lm"": 2.05, ""sl_mult_lr"": 2.4, ""sl_mult_sm"": 1.9500000000000002, ""sl_mult_sr"": 1.8, ""time_stop"": 1, ""tp_mult_lm"": 6.0, ""tp_mult_lr"": 11.8, ""tp_mult_sm"": 4.4, ""tp_mult_sr"": 3.7, ""trail_mult"": 1.6, ""trail_tp"": true, ""use_trailing"": true}",{},
1584,-1000000000.0,TrialState.COMPLETE,2026-04-01T03:05:36.463115,2026-04-01T03:05:36.559189,0.096074,"{""atr_window"": 17, ""bb_std_dev"": 2.35, ""bb_window"": 16, ""cooldown"": 1, ""macd_fast"": 15, ""macd_k"": 1.35, ""macd_k_mid"": 0.55, ""macd_signal"": 9, ""macd_slow"": 40, ""macd_std_window"": 82, ""rebalance_freq"": 150, ""rebounce_block"": 4, ""sl_mult_lm"": 1.0, ""sl_mult_lr"": 2.1, ""sl_mult_sm"": 1.75, ""sl_mult_sr"": 2.4, ""time_stop"": 29, ""tp_mult_lm"": 5.4, ""tp_mult_lr"": 10.8, ""tp_mult_sm"": 7.0, ""tp_mult_sr"": 5.7, ""trail_mult"": 3.1, ""trail_tp"": false, ""use_trailing"": true}",{},
1585,-1000000000.0,TrialState.COMPLETE,2026-04-01T03:05:36.603273,2026-04-01T03:20:38.882691,902.279418,"{""atr_window"": 19, ""bb_std_dev"": 2.4, ""bb_window"": 15, ""cooldown"": 0, ""macd_fast"": 20, ""macd_k"": 1.55, ""macd_k_mid"": 0.9, ""macd_signal"": 7, ""macd_slow"": 41, ""macd_std_window"": 85, ""rebalance_freq"": 30, ""rebounce_block"": 5, ""sl_mult_lm"": 1.3, ""sl_mult_lr"": 2.3, ""sl_mult_sm"": 1.85, ""sl_mult_sr"": 1.6, ""time_stop"": 3, ""tp_mult_lm"": 5.1, ""tp_mult_lr"": 12.2, ""tp_mult_sm"": 3.3, ""tp_mult_sr"": 3.4, ""trail_mult"": 2.9000000000000004, ""trail_tp"": true, ""use_trailing"": false}",{},
1586,-1000000000.0,TrialState.COMPLETE,2026-04-01T03:20:38.923116,2026-04-01T03:20:39.026979,0.103863,"{""atr_window"": 13, ""bb_std_dev"": 2.45, ""bb_window"": 24, ""cooldown"": 2, ""macd_fast"": 16, ""macd_k"": 1.7000000000000002, ""macd_k_mid"": 0.65, ""macd_signal"": 8, ""macd_slow"": 44, ""macd_std_window"": 99, ""rebalance_freq"": 180, ""rebounce_block"": 2, ""sl_mult_lm"": 1.25, ""sl_mult_lr"": 2.7, ""sl_mult_sm"": 1.65, ""sl_mult_sr"": 1.9, ""time_stop"": 26, ""tp_mult_lm"": 5.9, ""tp_mult_lr"": 10.0, ""tp_mult_sm"": 4.6, ""tp_mult_sr"": 3.0, ""trail_mult"": 3.5, ""trail_tp"": false, ""use_trailing"": true}",{},
1587,-1000000000.0,TrialState.COMPLETE,2026-04-01T03:20:39.067886,2026-04-01T03:20:39.154735,0.086849,"{""atr_window"": 20, ""bb_std_dev"": 2.0, ""bb_window"": 14, ""cooldown"": 1, ""macd_fast"": 12, ""macd_k"": 1.25, ""macd_k_mid"": 0.6, ""macd_signal"": 9, ""macd_slow"": 39, ""macd_std_window"": 76, ""rebalance_freq"": 150, ""rebounce_block"": 6, ""sl_mult_lm"": 1.8, ""sl_mult_lr"": 4.6, ""sl_mult_sm"": 1.9, ""sl_mult_sr"": 2.8, ""time_stop"": 19, ""tp_mult_lm"": 4.1, ""tp_mult_lr"": 14.4, ""tp_mult_sm"": 6.2, ""tp_mult_sr"": 6.4, ""trail_mult"": 2.1, ""trail_tp"": true, ""use_trailing"": true}",{},
1588,-1000000000.0,TrialState.COMPLETE,2026-04-01T03:20:39.193791,2026-04-01T03:20:41.669484,2.475693,"{""atr_window"": 18, ""bb_std_dev"": 2.2, ""bb_window"": 22, ""cooldown"": 3, ""macd_fast"": 20, ""macd_k"": 1.9500000000000002, ""macd_k_mid"": 0.75, ""macd_signal"": 10, ""macd_slow"": 41, ""macd_std_window"": 95, ""rebalance_freq"": 90, ""rebounce_block"": 5, ""sl_mult_lm"": 2.1500000000000004, ""sl_mult_lr"": 2.4, ""sl_mult_sm"": 1.55, ""sl_mult_sr"": 2.2, ""time_stop"": 9, ""tp_mult_lm"": 3.8, ""tp_mult_lr"": 13.0, ""tp_mult_sm"": 4.8, ""tp_mult_sr"": 3.9, ""trail_mult"": 2.6, ""trail_tp"": false, ""use_trailing"": false}",{},
1589,-1000000000.0,TrialState.COMPLETE,2026-04-01T03:20:41.716997,2026-04-01T03:20:41.781038,0.064041,"{""atr_window"": 12, ""bb_std_dev"": 2.1, ""bb_window"": 19, ""cooldown"": 5, ""macd_fast"": 16, ""macd_k"": 1.3, ""macd_k_mid"": 0.55, ""macd_signal"": 6, ""macd_slow"": 42, ""macd_std_window"": 70, ""rebalance_freq"": 150, ""rebounce_block"": 0, ""sl_mult_lm"": 1.4, ""sl_mult_lr"": 3.3, ""sl_mult_sm"": 1.1, ""sl_mult_sr"": 2.9000000000000004, ""time_stop"": 15, ""tp_mult_lm"": 5.5, ""tp_mult_lr"": 16.6, ""tp_mult_sm"": 5.1, ""tp_mult_sr"": 4.2, ""trail_mult"": 1.7, ""trail_tp"": true, ""use_trailing"": true}",{},
1590,-1000000000.0,TrialState.COMPLETE,2026-04-01T03:20:41.819884,2026-04-01T03:20:41.880224,0.06034,"{""atr_window"": 15, ""bb_std_dev"": 2.25, ""bb_window"": 20, ""cooldown"": 0, ""macd_fast"": 13, ""macd_k"": 1.5, ""macd_k_mid"": 0.8, ""macd_signal"": 8, ""macd_slow"": 37, ""macd_std_window"": 88, ""rebalance_freq"": 120, ""rebounce_block"": 2, ""sl_mult_lm"": 1.35, ""sl_mult_lr"": 2.8, ""sl_mult_sm"": 1.6, ""sl_mult_sr"": 1.8, ""time_stop"": 2, ""tp_mult_lm"": 5.3, ""tp_mult_lr"": 12.4, ""tp_mult_sm"": 6.9, ""tp_mult_sr"": 6.2, ""trail_mult"": 3.6, ""trail_tp"": false, ""use_trailing"": true}",{},
1591,-1000000000.0,TrialState.COMPLETE,2026-04-01T03:20:41.915498,2026-04-01T03:20:41.976586,0.061088,"{""atr_window"": 19, ""bb_std_dev"": 2.5, ""bb_window"": 14, ""cooldown"": 2, ""macd_fast"": 13, ""macd_k"": 1.85, ""macd_k_mid"": 0.7, ""macd_signal"": 9, ""macd_slow"": 36, ""macd_std_window"": 100, ""rebalance_freq"": 30, ""rebounce_block"": 3, ""sl_mult_lm"": 1.0, ""sl_mult_lr"": 3.7, ""sl_mult_sm"": 1.15, ""sl_mult_sr"": 2.1, ""time_stop"": 6, ""tp_mult_lm"": 4.3, ""tp_mult_lr"": 12.600000000000001, ""tp_mult_sm"": 3.9, ""tp_mult_sr"": 4.7, ""trail_mult"": 3.7, ""trail_tp"": true, ""use_trailing"": true}",{},
1592,-1000000000.0,TrialState.COMPLETE,2026-04-01T03:20:42.008430,2026-04-01T03:20:42.066390,0.05796,"{""atr_window"": 16, ""bb_std_dev"": 2.45, ""bb_window"": 25, ""cooldown"": 4, ""macd_fast"": 17, ""macd_k"": 1.4, ""macd_k_mid"": 0.5, ""macd_signal"": 7, ""macd_slow"": 44, ""macd_std_window"": 92, ""rebalance_freq"": 180, ""rebounce_block"": 4, ""sl_mult_lm"": 1.75, ""sl_mult_lr"": 2.9, ""sl_mult_sm"": 1.7000000000000002, ""sl_mult_sr"": 2.3, ""time_stop"": 20, ""tp_mult_lm"": 4.8, ""tp_mult_lr"": 11.0, ""tp_mult_sm"": 5.9, ""tp_mult_sr"": 5.800000000000001, ""trail_mult"": 3.2, ""trail_tp"": false, ""use_trailing"": false}",{},
1593,-1000000000.0,TrialState.COMPLETE,2026-04-01T03:20:42.101353,2026-04-01T03:20:42.160452,0.059099,"{""atr_window"": 20, ""bb_std_dev"": 1.8499999999999999, ""bb_window"": 17, ""cooldown"": 1, ""macd_fast"": 14, ""macd_k"": 1.1, ""macd_k_mid"": 0.55, ""macd_signal"": 10, ""macd_slow"": 40, ""macd_std_window"": 97, ""rebalance_freq"": 150, ""rebounce_block"": 5, ""sl_mult_lm"": 1.15, ""sl_mult_lr"": 2.5, ""sl_mult_sm"": 1.0, ""sl_mult_sr"": 1.7, ""time_stop"": 25, ""tp_mult_lm"": 5.2, ""tp_mult_lr"": 9.6, ""tp_mult_sm"": 3.0, ""tp_mult_sr"": 3.1, ""trail_mult"": 3.0, ""trail_tp"": true, ""use_trailing"": true}",{},
1594,-1000000000.0,TrialState.COMPLETE,2026-04-01T03:20:42.205908,2026-04-01T03:20:44.609646,2.403738,"{""atr_window"": 14, ""bb_std_dev"": 2.25, ""bb_window"": 15, ""cooldown"": 2, ""macd_fast"": 19, ""macd_k"": 1.9, ""macd_k_mid"": 0.8500000000000001, ""macd_signal"": 8, ""macd_slow"": 36, ""macd_std_window"": 80, ""rebalance_freq"": 120, ""rebounce_block"": 1, ""sl_mult_lm"": 1.3, ""sl_mult_lr"": 4.4, ""sl_mult_sm"": 1.85, ""sl_mult_sr"": 1.5, ""time_stop"": 18, ""tp_mult_lm"": 5.6, ""tp_mult_lr"": 13.600000000000001, ""tp_mult_sm"": 6.7, ""tp_mult_sr"": 3.7, ""trail_mult"": 4.0, ""trail_tp"": true, ""use_trailing"": true}",{},
1595,-1000000000.0,TrialState.COMPLETE,2026-04-01T03:20:44.643219,2026-04-01T03:20:44.717556,0.074337,"{""atr_window"": 17, ""bb_std_dev"": 1.9, ""bb_window"": 21, ""cooldown"": 3, ""macd_fast"": 18, ""macd_k"": 1.15, ""macd_k_mid"": 0.6, ""macd_signal"": 8, ""macd_slow"": 43, ""macd_std_window"": 89, ""rebalance_freq"": 90, ""rebounce_block"": 6, ""sl_mult_lm"": 2.2, ""sl_mult_lr"": 2.6, ""sl_mult_sm"": 1.9500000000000002, ""sl_mult_sr"": 3.3, ""time_stop"": 17, ""tp_mult_lm"": 4.0, ""tp_mult_lr"": 10.4, ""tp_mult_sm"": 3.5, ""tp_mult_sr"": 6.7, ""trail_mult"": 3.8000000000000003, ""trail_tp"": false, ""use_trailing"": true}",{},
1596,-1000000000.0,TrialState.COMPLETE,2026-04-01T03:20:44.754757,2026-04-01T03:20:44.809512,0.054755,"{""atr_window"": 10, ""bb_std_dev"": 1.7999999999999998, ""bb_window"": 16, ""cooldown"": 1, ""macd_fast"": 10, ""macd_k"": 1.15, ""macd_k_mid"": 0.7, ""macd_signal"": 9, ""macd_slow"": 35, ""macd_std_window"": 84, ""rebalance_freq"": 180, ""rebounce_block"": 2, ""sl_mult_lm"": 2.1, ""sl_mult_lr"": 2.2, ""sl_mult_sm"": 1.75, ""sl_mult_sr"": 1.6, ""time_stop"": 23, ""tp_mult_lm"": 5.0, ""tp_mult_lr"": 11.8, ""tp_mult_sm"": 3.1, ""tp_mult_sr"": 4.6, ""trail_mult"": 3.9000000000000004, ""trail_tp"": true, ""use_trailing"": false}",{},
1597,-1000000000.0,TrialState.COMPLETE,2026-04-01T03:20:44.852915,2026-04-01T03:20:44.913634,0.060719,"{""atr_window"": 18, ""bb_std_dev"": 2.05, ""bb_window"": 15, ""cooldown"": 1, ""macd_fast"": 12, ""macd_k"": 1.05, ""macd_k_mid"": 0.65, ""macd_signal"": 7, ""macd_slow"": 43, ""macd_std_window"": 78, ""rebalance_freq"": 60, ""rebounce_block"": 5, ""sl_mult_lm"": 1.1, ""sl_mult_lr"": 2.3, ""sl_mult_sm"": 1.5, ""sl_mult_sr"": 2.0, ""time_stop"": 10, ""tp_mult_lm"": 4.9, ""tp_mult_lr"": 9.2, ""tp_mult_sm"": 4.5, ""tp_mult_sr"": 4.4, ""trail_mult"": 2.1, ""trail_tp"": false, ""use_trailing"": true}",{},
1598,-1000000000.0,TrialState.COMPLETE,2026-04-01T03:20:44.949798,2026-04-01T03:20:45.006970,0.057172,"{""atr_window"": 16, ""bb_std_dev"": 1.5, ""bb_window"": 14, ""cooldown"": 5, ""macd_fast"": 15, ""macd_k"": 1.45, ""macd_k_mid"": 0.75, ""macd_signal"": 9, ""macd_slow"": 44, ""macd_std_window"": 90, ""rebalance_freq"": 150, ""rebounce_block"": 3, ""sl_mult_lm"": 1.05, ""sl_mult_lr"": 3.1, ""sl_mult_sm"": 1.3, ""sl_mult_sr"": 1.5, ""time_stop"": 21, ""tp_mult_lm"": 4.4, ""tp_mult_lr"": 11.4, ""tp_mult_sm"": 5.5, ""tp_mult_sr"": 4.0, ""trail_mult"": 2.3, ""trail_tp"": true, ""use_trailing"": true}",{},
1599,-1000000000.0,TrialState.COMPLETE,2026-04-01T03:20:45.045728,2026-04-01T03:20:45.103491,0.057763,"{""atr_window"": 14, ""bb_std_dev"": 1.75, ""bb_window"": 20, ""cooldown"": 4, ""macd_fast"": 11, ""macd_k"": 1.2, ""macd_k_mid"": 0.5, ""macd_signal"": 8, ""macd_slow"": 42, ""macd_std_window"": 94, ""rebalance_freq"": 120, ""rebounce_block"": 6, ""sl_mult_lm"": 1.85, ""sl_mult_lr"": 3.0, ""sl_mult_sm"": 1.65, ""sl_mult_sr"": 2.3, ""time_stop"": 22, ""tp_mult_lm"": 5.4, ""tp_mult_lr"": 12.2, ""tp_mult_sm"": 5.7, ""tp_mult_sr"": 3.3, ""trail_mult"": 1.8, ""trail_tp"": false, ""use_trailing"": true}",{},
1600,-1000000000.0,TrialState.COMPLETE,2026-04-01T03:20:45.136916,2026-04-01T03:20:47.558164,2.421248,"{""atr_window"": 13, ""bb_std_dev"": 2.3, ""bb_window"": 18, ""cooldown"": 0, ""macd_fast"": 20, ""macd_k"": 1.6, ""macd_k_mid"": 0.55, ""macd_signal"": 7, ""macd_slow"": 39, ""macd_std_window"": 77, ""rebalance_freq"": 150, ""rebounce_block"": 5, ""sl_mult_lm"": 1.9500000000000002, ""sl_mult_lr"": 2.0, ""sl_mult_sm"": 1.8, ""sl_mult_sr"": 2.5, ""time_stop"": 15, ""tp_mult_lm"": 4.7, ""tp_mult_lr"": 10.6, ""tp_mult_sm"": 4.1, ""tp_mult_sr"": 5.9, ""trail_mult"": 2.5, ""trail_tp"": true, ""use_trailing"": false}",{},
1601,-1000000000.0,TrialState.COMPLETE,2026-04-01T03:20:47.593373,2026-04-01T03:20:47.651566,0.058193,"{""atr_window"": 15, ""bb_std_dev"": 2.35, ""bb_window"": 16, ""cooldown"": 2, ""macd_fast"": 14, ""macd_k"": 1.0, ""macd_k_mid"": 0.6, ""macd_signal"": 6, ""macd_slow"": 38, ""macd_std_window"": 81, ""rebalance_freq"": 180, ""rebounce_block"": 0, ""sl_mult_lm"": 1.35, ""sl_mult_lr"": 2.5, ""sl_mult_sm"": 1.55, ""sl_mult_sr"": 3.0, ""time_stop"": 13, ""tp_mult_lm"": 3.6, ""tp_mult_lr"": 16.0, ""tp_mult_sm"": 4.9, ""tp_mult_sr"": 4.8, ""trail_mult"": 2.8, ""trail_tp"": false, ""use_trailing"": true}",{},
1602,-1000000000.0,TrialState.COMPLETE,2026-04-01T03:20:47.687490,2026-04-01T03:20:47.760366,0.072876,"{""atr_window"": 19, ""bb_std_dev"": 2.15, ""bb_window"": 14, ""cooldown"": 4, ""macd_fast"": 17, ""macd_k"": 1.75, ""macd_k_mid"": 0.9, ""macd_signal"": 10, ""macd_slow"": 43, ""macd_std_window"": 71, ""rebalance_freq"": 30, ""rebounce_block"": 4, ""sl_mult_lm"": 1.7000000000000002, ""sl_mult_lr"": 4.9, ""sl_mult_sm"": 1.25, ""sl_mult_sr"": 1.9, ""time_stop"": 11, ""tp_mult_lm"": 5.3, ""tp_mult_lr"": 10.2, ""tp_mult_sm"": 3.5, ""tp_mult_sr"": 5.6, ""trail_mult"": 2.2, ""trail_tp"": true, ""use_trailing"": true}",{},
1603,-1000000000.0,TrialState.COMPLETE,2026-04-01T03:20:47.804225,2026-04-01T03:20:47.879377,0.075152,"{""atr_window"": 20, ""bb_std_dev"": 2.2, ""bb_window"": 17, ""cooldown"": 1, ""macd_fast"": 15, ""macd_k"": 1.35, ""macd_k_mid"": 0.95, ""macd_signal"": 8, ""macd_slow"": 40, ""macd_std_window"": 83, ""rebalance_freq"": 90, ""rebounce_block"": 6, ""sl_mult_lm"": 1.6, ""sl_mult_lr"": 3.9000000000000004, ""sl_mult_sm"": 1.2, ""sl_mult_sr"": 1.6, ""time_stop"": 27, ""tp_mult_lm"": 4.5, ""tp_mult_lr"": 9.8, ""tp_mult_sm"": 6.6, ""tp_mult_sr"": 5.0, ""trail_mult"": 2.0, ""trail_tp"": false, ""use_trailing"": false}",{},
1604,-1000000000.0,TrialState.COMPLETE,2026-04-01T03:20:47.915684,2026-04-01T03:20:47.974720,0.059036,"{""atr_window"": 14, ""bb_std_dev"": 1.65, ""bb_window"": 23, ""cooldown"": 0, ""macd_fast"": 12, ""macd_k"": 1.05, ""macd_k_mid"": 0.55, ""macd_signal"": 9, ""macd_slow"": 41, ""macd_std_window"": 87, ""rebalance_freq"": 180, ""rebounce_block"": 3, ""sl_mult_lm"": 1.9, ""sl_mult_lr"": 3.6, ""sl_mult_sm"": 1.7000000000000002, ""sl_mult_sr"": 3.1, ""time_stop"": 29, ""tp_mult_lm"": 3.5, ""tp_mult_lr"": 12.0, ""tp_mult_sm"": 6.4, ""tp_mult_sr"": 3.8, ""trail_mult"": 3.3, ""trail_tp"": true, ""use_trailing"": true}",{},
1605,-1000000000.0,TrialState.COMPLETE,2026-04-01T03:20:48.006765,2026-04-01T03:20:48.063678,0.056913,"{""atr_window"": 17, ""bb_std_dev"": 1.95, ""bb_window"": 21, ""cooldown"": 3, ""macd_fast"": 11, ""macd_k"": 1.5, ""macd_k_mid"": 0.5, ""macd_signal"": 5, ""macd_slow"": 37, ""macd_std_window"": 88, ""rebalance_freq"": 150, ""rebounce_block"": 0, ""sl_mult_lm"": 1.2, ""sl_mult_lr"": 2.1, ""sl_mult_sm"": 1.45, ""sl_mult_sr"": 1.7, ""time_stop"": 20, ""tp_mult_lm"": 6.0, ""tp_mult_lr"": 11.6, ""tp_mult_sm"": 6.5, ""tp_mult_sr"": 6.300000000000001, ""trail_mult"": 3.0, ""trail_tp"": false, ""use_trailing"": true}",{},
1606,-1000000000.0,TrialState.COMPLETE,2026-04-01T03:20:48.098015,2026-04-01T03:20:50.548105,2.45009,"{""atr_window"": 12, ""bb_std_dev"": 1.75, ""bb_window"": 22, ""cooldown"": 2, ""macd_fast"": 14, ""macd_k"": 1.65, ""macd_k_mid"": 0.7, ""macd_signal"": 9, ""macd_slow"": 36, ""macd_std_window"": 91, ""rebalance_freq"": 120, ""rebounce_block"": 5, ""sl_mult_lm"": 1.25, ""sl_mult_lr"": 2.4, ""sl_mult_sm"": 1.4, ""sl_mult_sr"": 3.2, ""time_stop"": 0, ""tp_mult_lm"": 5.800000000000001, ""tp_mult_lr"": 13.2, ""tp_mult_sm"": 6.800000000000001, ""tp_mult_sr"": 4.3, ""trail_mult"": 3.2, ""trail_tp"": true, ""use_trailing"": true}",{},
1607,-1000000000.0,TrialState.COMPLETE,2026-04-01T03:20:50.587182,2026-04-01T03:20:50.650654,0.063472,"{""atr_window"": 16, ""bb_std_dev"": 1.7, ""bb_window"": 15, ""cooldown"": 1, ""macd_fast"": 13, ""macd_k"": 1.0, ""macd_k_mid"": 0.6, ""macd_signal"": 8, ""macd_slow"": 44, ""macd_std_window"": 85, ""rebalance_freq"": 30, ""rebounce_block"": 1, ""sl_mult_lm"": 1.55, ""sl_mult_lr"": 4.2, ""sl_mult_sm"": 1.85, ""sl_mult_sr"": 2.0, ""time_stop"": 24, ""tp_mult_lm"": 4.2, ""tp_mult_lr"": 13.0, ""tp_mult_sm"": 5.800000000000001, ""tp_mult_sr"": 5.4, ""trail_mult"": 3.1, ""trail_tp"": false, ""use_trailing"": false}",{},
1608,-1000000000.0,TrialState.COMPLETE,2026-04-01T03:20:50.687111,2026-04-01T03:20:53.147761,2.46065,"{""atr_window"": 15, ""bb_std_dev"": 2.0, ""bb_window"": 14, ""cooldown"": 4, ""macd_fast"": 19, ""macd_k"": 1.4, ""macd_k_mid"": 0.8500000000000001, ""macd_signal"": 7, ""macd_slow"": 40, ""macd_std_window"": 79, ""rebalance_freq"": 150, ""rebounce_block"": 2, ""sl_mult_lm"": 2.1, ""sl_mult_lr"": 2.3, ""sl_mult_sm"": 1.75, ""sl_mult_sr"": 3.4000000000000004, ""time_stop"": 17, ""tp_mult_lm"": 5.5, ""tp_mult_lr"": 8.2, ""tp_mult_sm"": 3.2, ""tp_mult_sr"": 4.5, ""trail_mult"": 2.4, ""trail_tp"": true, ""use_trailing"": true}",{},
1609,-1000000000.0,TrialState.COMPLETE,2026-04-01T03:20:53.179538,2026-04-01T03:20:55.725627,2.546089,"{""atr_window"": 18, ""bb_std_dev"": 2.5, ""bb_window"": 15, ""cooldown"": 1, ""macd_fast"": 20, ""macd_k"": 1.25, ""macd_k_mid"": 0.65, ""macd_signal"": 10, ""macd_slow"": 35, ""macd_std_window"": 70, ""rebalance_freq"": 180, ""rebounce_block"": 6, ""sl_mult_lm"": 1.45, ""sl_mult_lr"": 2.9, ""sl_mult_sm"": 1.6, ""sl_mult_sr"": 2.1, ""time_stop"": 7, ""tp_mult_lm"": 5.1, ""tp_mult_lr"": 14.0, ""tp_mult_sm"": 3.8, ""tp_mult_sr"": 3.6, ""trail_mult"": 2.9000000000000004, ""trail_tp"": false, ""use_trailing"": true}",{},
1610,-1000000000.0,TrialState.COMPLETE,2026-04-01T03:20:55.771753,2026-04-01T03:20:58.381804,2.610051,"{""atr_window"": 11, ""bb_std_dev"": 1.5999999999999999, ""bb_window"": 18, ""cooldown"": 0, ""macd_fast"": 18, ""macd_k"": 1.15, ""macd_k_mid"": 0.55, ""macd_signal"": 6, ""macd_slow"": 38, ""macd_std_window"": 93, ""rebalance_freq"": 60, ""rebounce_block"": 4, ""sl_mult_lm"": 1.4, ""sl_mult_lr"": 2.1, ""sl_mult_sm"": 1.35, ""sl_mult_sr"": 2.1, ""time_stop"": 12, ""tp_mult_lm"": 4.6, ""tp_mult_lr"": 12.4, ""tp_mult_sm"": 6.1, ""tp_mult_sr"": 5.2, ""trail_mult"": 3.6, ""trail_tp"": true, ""use_trailing"": true}",{},
1611,-1000000000.0,TrialState.COMPLETE,2026-04-01T03:20:58.409205,2026-04-01T03:20:58.480105,0.0709,"{""atr_window"": 20, ""bb_std_dev"": 2.4, ""bb_window"": 17, ""cooldown"": 2, ""macd_fast"": 12, ""macd_k"": 1.65, ""macd_k_mid"": 0.8, ""macd_signal"": 8, ""macd_slow"": 42, ""macd_std_window"": 99, ""rebalance_freq"": 120, ""rebounce_block"": 3, ""sl_mult_lm"": 1.15, ""sl_mult_lr"": 2.4, ""sl_mult_sm"": 2.0, ""sl_mult_sr"": 2.2, ""time_stop"": 30, ""tp_mult_lm"": 3.7, ""tp_mult_lr"": 8.6, ""tp_mult_sm"": 3.6, ""tp_mult_sr"": 4.1, ""trail_mult"": 2.7, ""trail_tp"": false, ""use_trailing"": false}",{},
1612,-1000000000.0,TrialState.COMPLETE,2026-04-01T03:20:58.523410,2026-04-01T03:20:58.587947,0.064537,"{""atr_window"": 16, ""bb_std_dev"": 2.4, ""bb_window"": 16, ""cooldown"": 3, ""macd_fast"": 16, ""macd_k"": 1.8, ""macd_k_mid"": 1.0, ""macd_signal"": 9, ""macd_slow"": 43, ""macd_std_window"": 80, ""rebalance_freq"": 150, ""rebounce_block"": 5, ""sl_mult_lm"": 2.0, ""sl_mult_lr"": 2.2, ""sl_mult_sm"": 1.9, ""sl_mult_sr"": 1.5, ""time_stop"": 5, ""tp_mult_lm"": 5.0, ""tp_mult_lr"": 12.0, ""tp_mult_sm"": 5.0, ""tp_mult_sr"": 3.2, ""trail_mult"": 1.9, ""trail_tp"": true, ""use_trailing"": true}",{},
1613,-1000000000.0,TrialState.COMPLETE,2026-04-01T03:20:58.625222,2026-04-01T03:21:01.159598,2.534376,"{""atr_window"": 14, ""bb_std_dev"": 1.7999999999999998, ""bb_window"": 14, ""cooldown"": 4, ""macd_fast"": 17, ""macd_k"": 1.3, ""macd_k_mid"": 0.5, ""macd_signal"": 8, ""macd_slow"": 37, ""macd_std_window"": 86, ""rebalance_freq"": 90, ""rebounce_block"": 0, ""sl_mult_lm"": 1.3, ""sl_mult_lr"": 2.6, ""sl_mult_sm"": 1.1, ""sl_mult_sr"": 1.8, ""time_stop"": 4, ""tp_mult_lm"": 5.6, ""tp_mult_lr"": 14.600000000000001, ""tp_mult_sm"": 5.300000000000001, ""tp_mult_sr"": 3.0, ""trail_mult"": 2.2, ""trail_tp"": false, ""use_trailing"": true}",{},
1614,-1000000000.0,TrialState.COMPLETE,2026-04-01T03:21:01.192787,2026-04-01T03:21:01.251251,0.058464,"{""atr_window"": 17, ""bb_std_dev"": 2.1, ""bb_window"": 14, ""cooldown"": 1, ""macd_fast"": 14, ""macd_k"": 1.7000000000000002, ""macd_k_mid"": 0.6, ""macd_signal"": 7, ""macd_slow"": 40, ""macd_std_window"": 74, ""rebalance_freq"": 150, ""rebounce_block"": 5, ""sl_mult_lm"": 1.0, ""sl_mult_lr"": 3.4000000000000004, ""sl_mult_sm"": 1.55, ""sl_mult_sr"": 1.5, ""time_stop"": 8, ""tp_mult_lm"": 5.2, ""tp_mult_lr"": 11.2, ""tp_mult_sm"": 6.2, ""tp_mult_sr"": 4.7, ""trail_mult"": 1.7, ""trail_tp"": true, ""use_trailing"": true}",{},
1615,-1000000000.0,TrialState.COMPLETE,2026-04-01T03:21:01.287532,2026-04-01T03:21:01.343833,0.056301,"{""atr_window"": 19, ""bb_std_dev"": 2.35, ""bb_window"": 25, ""cooldown"": 0, ""macd_fast"": 10, ""macd_k"": 1.1, ""macd_k_mid"": 0.55, ""macd_signal"": 9, ""macd_slow"": 41, ""macd_std_window"": 89, ""rebalance_freq"": 30, ""rebounce_block"": 4, ""sl_mult_lm"": 1.25, ""sl_mult_lr"": 2.8, ""sl_mult_sm"": 1.8, ""sl_mult_sr"": 2.5, ""time_stop"": 16, ""tp_mult_lm"": 5.9, ""tp_mult_lr"": 13.8, ""tp_mult_sm"": 3.4, ""tp_mult_sr"": 5.9, ""trail_mult"": 3.5, ""trail_tp"": false, ""use_trailing"": false}",{},
1616,-1000000000.0,TrialState.COMPLETE,2026-04-01T03:21:01.389739,2026-04-01T03:21:03.892478,2.502739,"{""atr_window"": 13, ""bb_std_dev"": 2.05, ""bb_window"": 16, ""cooldown"": 5, ""macd_fast"": 19, ""macd_k"": 1.45, ""macd_k_mid"": 0.75, ""macd_signal"": 10, ""macd_slow"": 39, ""macd_std_window"": 98, ""rebalance_freq"": 150, ""rebounce_block"": 3, ""sl_mult_lm"": 1.9, ""sl_mult_lr"": 2.5, ""sl_mult_sm"": 1.3, ""sl_mult_sr"": 2.4, ""time_stop"": 25, ""tp_mult_lm"": 5.7, ""tp_mult_lr"": 9.6, ""tp_mult_sm"": 6.9, ""tp_mult_sr"": 3.9, ""trail_mult"": 1.6, ""trail_tp"": true, ""use_trailing"": true}",{},
