number,value,state,datetime_start,datetime_complete,duration_seconds,params_json,fold_sharpes_json,avg_cv_sharpe
104,-1000000000.0,TrialState.COMPLETE,2026-04-01T02:12:22.834940,2026-04-01T02:12:22.865766,0.030826,"{""atr_window"": 15, ""bb_std_dev"": 2.15, ""bb_window"": 16, ""cooldown"": 2, ""macd_fast"": 14, ""macd_k"": 1.5, ""macd_k_mid"": 1.0, ""macd_signal"": 10, ""macd_slow"": 40, ""macd_std_window"": 81, ""rebalance_freq"": 180, ""rebounce_block"": 3, ""sl_mult_lm"": 1.05, ""sl_mult_lr"": 2.3, ""sl_mult_sm"": 1.9500000000000002, ""sl_mult_sr"": 2.0, ""time_stop"": 12, ""tp_mult_lm"": 5.7, ""tp_mult_lr"": 9.0, ""tp_mult_sm"": 4.9, ""tp_mult_sr"": 4.1, ""trail_mult"": 2.7, ""trail_tp"": true, ""use_trailing"": true}",{},
105,-1000000000.0,TrialState.COMPLETE,2026-04-01T02:12:22.900515,2026-04-01T02:12:22.920718,0.020203,"{""atr_window"": 17, ""bb_std_dev"": 2.1, ""bb_window"": 14, ""cooldown"": 3, ""macd_fast"": 15, ""macd_k"": 1.1, ""macd_k_mid"": 0.65, ""macd_signal"": 9, ""macd_slow"": 41, ""macd_std_window"": 91, ""rebalance_freq"": 90, ""rebounce_block"": 6, ""sl_mult_lm"": 2.1500000000000004, ""sl_mult_lr"": 2.9, ""sl_mult_sm"": 1.05, ""sl_mult_sr"": 2.1, ""time_stop"": 6, ""tp_mult_lm"": 5.0, ""tp_mult_lr"": 8.2, ""tp_mult_sm"": 5.7, ""tp_mult_sr"": 5.1, ""trail_mult"": 2.6, ""trail_tp"": true, ""use_trailing"": true}",{},
106,-1000000000.0,TrialState.COMPLETE,2026-04-01T02:12:22.952423,2026-04-01T02:12:22.970282,0.017859,"{""atr_window"": 13, ""bb_std_dev"": 2.35, ""bb_window"": 21, ""cooldown"": 1, ""macd_fast"": 12, ""macd_k"": 1.0, ""macd_k_mid"": 0.7, ""macd_signal"": 10, ""macd_slow"": 38, ""macd_std_window"": 89, ""rebalance_freq"": 150, ""rebounce_block"": 3, ""sl_mult_lm"": 1.7000000000000002, ""sl_mult_lr"": 2.7, ""sl_mult_sm"": 2.0, ""sl_mult_sr"": 2.4, ""time_stop"": 19, ""tp_mult_lm"": 5.3, ""tp_mult_lr"": 9.2, ""tp_mult_sm"": 6.7, ""tp_mult_sr"": 4.4, ""trail_mult"": 2.2, ""trail_tp"": false, ""use_trailing"": true}",{},
107,-1000000000.0,TrialState.COMPLETE,2026-04-01T02:12:22.999100,2026-04-01T02:12:23.015810,0.01671,"{""atr_window"": 18, ""bb_std_dev"": 1.7, ""bb_window"": 15, ""cooldown"": 1, ""macd_fast"": 11, ""macd_k"": 1.2, ""macd_k_mid"": 0.5, ""macd_signal"": 6, ""macd_slow"": 37, ""macd_std_window"": 90, ""rebalance_freq"": 120, ""rebounce_block"": 2, ""sl_mult_lm"": 2.1, ""sl_mult_lr"": 2.6, ""sl_mult_sm"": 1.3, ""sl_mult_sr"": 1.9, ""time_stop"": 4, ""tp_mult_lm"": 5.5, ""tp_mult_lr"": 12.0, ""tp_mult_sm"": 4.4, ""tp_mult_sr"": 3.1, ""trail_mult"": 4.0, ""trail_tp"": false, ""use_trailing"": false}",{},
108,-1000000000.0,TrialState.COMPLETE,2026-04-01T02:12:23.044476,2026-04-01T02:12:25.691788,2.647312,"{""atr_window"": 16, ""bb_std_dev"": 1.8499999999999999, ""bb_window"": 19, ""cooldown"": 2, ""macd_fast"": 18, ""macd_k"": 1.05, ""macd_k_mid"": 0.55, ""macd_signal"": 9, ""macd_slow"": 36, ""macd_std_window"": 75, ""rebalance_freq"": 90, ""rebounce_block"": 1, ""sl_mult_lm"": 1.1, ""sl_mult_lr"": 2.2, ""sl_mult_sm"": 1.9, ""sl_mult_sr"": 3.2, ""time_stop"": 26, ""tp_mult_lm"": 3.8, ""tp_mult_lr"": 10.0, ""tp_mult_sm"": 3.3, ""tp_mult_sr"": 6.2, ""trail_mult"": 3.1, ""trail_tp"": true, ""use_trailing"": true}",{},
109,-1000000000.0,TrialState.COMPLETE,2026-04-01T02:12:25.715207,2026-04-01T02:12:28.218486,2.503279,"{""atr_window"": 12, ""bb_std_dev"": 2.2, ""bb_window"": 22, ""cooldown"": 0, ""macd_fast"": 20, ""macd_k"": 1.15, ""macd_k_mid"": 0.9, ""macd_signal"": 8, ""macd_slow"": 39, ""macd_std_window"": 86, ""rebalance_freq"": 180, ""rebounce_block"": 5, ""sl_mult_lm"": 1.4, ""sl_mult_lr"": 3.8, ""sl_mult_sm"": 1.45, ""sl_mult_sr"": 2.2, ""time_stop"": 14, ""tp_mult_lm"": 5.6, ""tp_mult_lr"": 12.600000000000001, ""tp_mult_sm"": 3.7, ""tp_mult_sr"": 3.3, ""trail_mult"": 3.5, ""trail_tp"": false, ""use_trailing"": true}",{},
110,-1000000000.0,TrialState.COMPLETE,2026-04-01T02:12:28.246638,2026-04-01T02:12:28.264066,0.017428,"{""atr_window"": 20, ""bb_std_dev"": 1.5999999999999999, ""bb_window"": 16, ""cooldown"": 5, ""macd_fast"": 19, ""macd_k"": 2.0, ""macd_k_mid"": 0.55, ""macd_signal"": 5, ""macd_slow"": 42, ""macd_std_window"": 70, ""rebalance_freq"": 120, ""rebounce_block"": 0, ""sl_mult_lm"": 1.2, ""sl_mult_lr"": 2.4, ""sl_mult_sm"": 1.85, ""sl_mult_sr"": 1.8, ""time_stop"": 8, ""tp_mult_lm"": 3.7, ""tp_mult_lr"": 10.4, ""tp_mult_sm"": 6.300000000000001, ""tp_mult_sr"": 4.8, ""trail_mult"": 3.3, ""trail_tp"": true, ""use_trailing"": false}",{},
111,-1000000000.0,TrialState.COMPLETE,2026-04-01T02:12:28.291945,2026-04-01T02:12:28.309415,0.01747,"{""atr_window"": 16, ""bb_std_dev"": 2.45, ""bb_window"": 14, ""cooldown"": 1, ""macd_fast"": 11, ""macd_k"": 1.35, ""macd_k_mid"": 0.7, ""macd_signal"": 9, ""macd_slow"": 40, ""macd_std_window"": 72, ""rebalance_freq"": 180, ""rebounce_block"": 6, ""sl_mult_lm"": 1.35, ""sl_mult_lr"": 2.1, ""sl_mult_sm"": 1.8, ""sl_mult_sr"": 1.5, ""time_stop"": 11, ""tp_mult_lm"": 4.9, ""tp_mult_lr"": 11.2, ""tp_mult_sm"": 3.1, ""tp_mult_sr"": 3.7, ""trail_mult"": 3.5, ""trail_tp"": true, ""use_trailing"": true}",{},
112,-1000000000.0,TrialState.COMPLETE,2026-04-01T02:12:28.336118,2026-04-01T02:12:28.353280,0.017162,"{""atr_window"": 17, ""bb_std_dev"": 2.5, ""bb_window"": 14, ""cooldown"": 0, ""macd_fast"": 10, ""macd_k"": 1.7000000000000002, ""macd_k_mid"": 0.75, ""macd_signal"": 9, ""macd_slow"": 41, ""macd_std_window"": 73, ""rebalance_freq"": 180, ""rebounce_block"": 6, ""sl_mult_lm"": 1.3, ""sl_mult_lr"": 2.2, ""sl_mult_sm"": 1.75, ""sl_mult_sr"": 2.7, ""time_stop"": 10, ""tp_mult_lm"": 5.2, ""tp_mult_lr"": 11.6, ""tp_mult_sm"": 3.0, ""tp_mult_sr"": 3.9, ""trail_mult"": 1.7, ""trail_tp"": true, ""use_trailing"": true}",{},
113,-1000000000.0,TrialState.COMPLETE,2026-04-01T02:12:28.380286,2026-04-01T02:12:28.397147,0.016861,"{""atr_window"": 11, ""bb_std_dev"": 2.0, ""bb_window"": 14, ""cooldown"": 2, ""macd_fast"": 11, ""macd_k"": 1.4, ""macd_k_mid"": 0.7, ""macd_signal"": 10, ""macd_slow"": 40, ""macd_std_window"": 78, ""rebalance_freq"": 150, ""rebounce_block"": 6, ""sl_mult_lm"": 1.65, ""sl_mult_lr"": 4.5, ""sl_mult_sm"": 1.7000000000000002, ""sl_mult_sr"": 1.6, ""time_stop"": 23, ""tp_mult_lm"": 5.1, ""tp_mult_lr"": 13.600000000000001, ""tp_mult_sm"": 3.4, ""tp_mult_sr"": 4.1, ""trail_mult"": 2.0, ""trail_tp"": true, ""use_trailing"": true}",{},
114,-1000000000.0,TrialState.COMPLETE,2026-04-01T02:12:28.423853,2026-04-01T02:12:28.447958,0.024105,"{""atr_window"": 17, ""bb_std_dev"": 2.45, ""bb_window"": 15, ""cooldown"": 4, ""macd_fast"": 10, ""macd_k"": 1.8, ""macd_k_mid"": 0.65, ""macd_signal"": 8, ""macd_slow"": 40, ""macd_std_window"": 70, ""rebalance_freq"": 180, ""rebounce_block"": 6, ""sl_mult_lm"": 2.05, ""sl_mult_lr"": 2.3, ""sl_mult_sm"": 1.65, ""sl_mult_sr"": 1.5, ""time_stop"": 18, ""tp_mult_lm"": 5.0, ""tp_mult_lr"": 9.6, ""tp_mult_sm"": 3.2, ""tp_mult_sr"": 4.7, ""trail_mult"": 1.6, ""trail_tp"": true, ""use_trailing"": true}",{},
115,-1000000000.0,TrialState.COMPLETE,2026-04-01T02:12:28.475761,2026-04-01T02:12:28.492992,0.017231,"{""atr_window"": 18, ""bb_std_dev"": 1.7999999999999998, ""bb_window"": 20, ""cooldown"": 3, ""macd_fast"": 11, ""macd_k"": 1.55, ""macd_k_mid"": 0.65, ""macd_signal"": 7, ""macd_slow"": 44, ""macd_std_window"": 72, ""rebalance_freq"": 180, ""rebounce_block"": 6, ""sl_mult_lm"": 1.35, ""sl_mult_lr"": 2.0, ""sl_mult_sm"": 1.85, ""sl_mult_sr"": 1.7, ""time_stop"": 13, ""tp_mult_lm"": 4.9, ""tp_mult_lr"": 16.200000000000003, ""tp_mult_sm"": 3.1, ""tp_mult_sr"": 5.2, ""trail_mult"": 3.9000000000000004, ""trail_tp"": false, ""use_trailing"": true}",{},
116,-1000000000.0,TrialState.COMPLETE,2026-04-01T02:12:28.532433,2026-04-01T02:12:28.550808,0.018375,"{""atr_window"": 15, ""bb_std_dev"": 2.5, ""bb_window"": 14, ""cooldown"": 1, ""macd_fast"": 12, ""macd_k"": 1.5, ""macd_k_mid"": 0.8500000000000001, ""macd_signal"": 8, ""macd_slow"": 43, ""macd_std_window"": 71, ""rebalance_freq"": 30, ""rebounce_block"": 5, ""sl_mult_lm"": 1.15, ""sl_mult_lr"": 4.4, ""sl_mult_sm"": 1.7000000000000002, ""sl_mult_sr"": 1.5, ""time_stop"": 9, ""tp_mult_lm"": 4.5, ""tp_mult_lr"": 11.0, ""tp_mult_sm"": 3.5, ""tp_mult_sr"": 4.2, ""trail_mult"": 2.9000000000000004, ""trail_tp"": true, ""use_trailing"": true}",{},
117,-1000000000.0,TrialState.COMPLETE,2026-04-01T02:12:28.580671,2026-04-01T02:12:28.599038,0.018367,"{""atr_window"": 15, ""bb_std_dev"": 2.05, ""bb_window"": 17, ""cooldown"": 2, ""macd_fast"": 13, ""macd_k"": 1.65, ""macd_k_mid"": 0.6, ""macd_signal"": 10, ""macd_slow"": 41, ""macd_std_window"": 84, ""rebalance_freq"": 60, ""rebounce_block"": 5, ""sl_mult_lm"": 1.8, ""sl_mult_lr"": 2.1, ""sl_mult_sm"": 1.75, ""sl_mult_sr"": 3.4000000000000004, ""time_stop"": 21, ""tp_mult_lm"": 5.9, ""tp_mult_lr"": 15.600000000000001, ""tp_mult_sm"": 4.6, ""tp_mult_sr"": 3.9, ""trail_mult"": 2.5, ""trail_tp"": false, ""use_trailing"": false}",{},
118,-1000000000.0,TrialState.COMPLETE,2026-04-01T02:12:28.628977,2026-04-01T02:12:31.089030,2.460053,"{""atr_window"": 10, ""bb_std_dev"": 1.95, ""bb_window"": 20, ""cooldown"": 2, ""macd_fast"": 20, ""macd_k"": 1.45, ""macd_k_mid"": 0.7, ""macd_signal"": 6, ""macd_slow"": 39, ""macd_std_window"": 92, ""rebalance_freq"": 150, ""rebounce_block"": 1, ""sl_mult_lm"": 2.2, ""sl_mult_lr"": 3.5, ""sl_mult_sm"": 1.2, ""sl_mult_sr"": 3.0, ""time_stop"": 12, ""tp_mult_lm"": 4.7, ""tp_mult_lr"": 10.6, ""tp_mult_sm"": 6.5, ""tp_mult_sr"": 4.3, ""trail_mult"": 1.9, ""trail_tp"": true, ""use_trailing"": true}",{},
119,-1000000000.0,TrialState.COMPLETE,2026-04-01T02:12:31.115926,2026-04-01T02:12:31.137528,0.021602,"{""atr_window"": 14, ""bb_std_dev"": 1.75, ""bb_window"": 14, ""cooldown"": 0, ""macd_fast"": 12, ""macd_k"": 1.25, ""macd_k_mid"": 0.5, ""macd_signal"": 9, ""macd_slow"": 36, ""macd_std_window"": 88, ""rebalance_freq"": 120, ""rebounce_block"": 2, ""sl_mult_lm"": 1.45, ""sl_mult_lr"": 4.0, ""sl_mult_sm"": 1.25, ""sl_mult_sr"": 3.1, ""time_stop"": 28, ""tp_mult_lm"": 5.7, ""tp_mult_lr"": 10.2, ""tp_mult_sm"": 5.2, ""tp_mult_sr"": 3.5, ""trail_mult"": 1.5, ""trail_tp"": false, ""use_trailing"": true}",{},
120,-1000000000.0,TrialState.COMPLETE,2026-04-01T02:12:31.164406,2026-04-01T02:12:31.181752,0.017346,"{""atr_window"": 17, ""bb_std_dev"": 1.5499999999999998, ""bb_window"": 18, ""cooldown"": 3, ""macd_fast"": 14, ""macd_k"": 1.2, ""macd_k_mid"": 0.6, ""macd_signal"": 8, ""macd_slow"": 40, ""macd_std_window"": 100, ""rebalance_freq"": 30, ""rebounce_block"": 3, ""sl_mult_lm"": 1.55, ""sl_mult_lr"": 4.2, ""sl_mult_sm"": 1.0, ""sl_mult_sr"": 2.3, ""time_stop"": 7, ""tp_mult_lm"": 5.1, ""tp_mult_lr"": 13.2, ""tp_mult_sm"": 6.6, ""tp_mult_sr"": 5.6, ""trail_mult"": 2.4, ""trail_tp"": true, ""use_trailing"": false}",{},
121,-1000000000.0,TrialState.COMPLETE,2026-04-01T02:12:31.218417,2026-04-01T02:12:31.235670,0.017253,"{""atr_window"": 19, ""bb_std_dev"": 2.25, ""bb_window"": 15, ""cooldown"": 1, ""macd_fast"": 15, ""macd_k"": 1.55, ""macd_k_mid"": 0.75, ""macd_signal"": 9, ""macd_slow"": 44, ""macd_std_window"": 74, ""rebalance_freq"": 150, ""rebounce_block"": 4, ""sl_mult_lm"": 1.3, ""sl_mult_lr"": 3.3, ""sl_mult_sm"": 1.9500000000000002, ""sl_mult_sr"": 1.6, ""time_stop"": 9, ""tp_mult_lm"": 5.3, ""tp_mult_lr"": 8.6, ""tp_mult_sm"": 3.0, ""tp_mult_sr"": 5.5, ""trail_mult"": 3.1, ""trail_tp"": true, ""use_trailing"": true}",{},
122,-1000000000.0,TrialState.COMPLETE,2026-04-01T02:12:31.265290,2026-04-01T02:12:31.283180,0.01789,"{""atr_window"": 18, ""bb_std_dev"": 2.3, ""bb_window"": 14, ""cooldown"": 1, ""macd_fast"": 16, ""macd_k"": 1.5, ""macd_k_mid"": 0.7, ""macd_signal"": 9, ""macd_slow"": 44, ""macd_std_window"": 85, ""rebalance_freq"": 150, ""rebounce_block"": 4, ""sl_mult_lm"": 1.25, ""sl_mult_lr"": 3.0, ""sl_mult_sm"": 1.8, ""sl_mult_sr"": 1.7, ""time_stop"": 10, ""tp_mult_lm"": 5.2, ""tp_mult_lr"": 8.2, ""tp_mult_sm"": 4.1, ""tp_mult_sr"": 5.300000000000001, ""trail_mult"": 3.2, ""trail_tp"": true, ""use_trailing"": true}",{},
123,-1000000000.0,TrialState.COMPLETE,2026-04-01T02:12:31.311430,2026-04-01T02:12:31.329387,0.017957,"{""atr_window"": 18, ""bb_std_dev"": 2.4, ""bb_window"": 15, ""cooldown"": 4, ""macd_fast"": 14, ""macd_k"": 1.45, ""macd_k_mid"": 0.65, ""macd_signal"": 9, ""macd_slow"": 44, ""macd_std_window"": 76, ""rebalance_freq"": 150, ""rebounce_block"": 3, ""sl_mult_lm"": 1.4, ""sl_mult_lr"": 3.1, ""sl_mult_sm"": 1.6, ""sl_mult_sr"": 1.5, ""time_stop"": 15, ""tp_mult_lm"": 5.4, ""tp_mult_lr"": 8.4, ""tp_mult_sm"": 3.1, ""tp_mult_sr"": 6.0, ""trail_mult"": 3.2, ""trail_tp"": true, ""use_trailing"": true}",{},
124,-1000000000.0,TrialState.COMPLETE,2026-04-01T02:12:31.356834,2026-04-01T02:12:31.374344,0.01751,"{""atr_window"": 19, ""bb_std_dev"": 2.3, ""bb_window"": 14, ""cooldown"": 1, ""macd_fast"": 15, ""macd_k"": 1.6, ""macd_k_mid"": 0.8, ""macd_signal"": 9, ""macd_slow"": 38, ""macd_std_window"": 80, ""rebalance_freq"": 150, ""rebounce_block"": 6, ""sl_mult_lm"": 1.4, ""sl_mult_lr"": 2.0, ""sl_mult_sm"": 2.0, ""sl_mult_sr"": 1.6, ""time_stop"": 11, ""tp_mult_lm"": 6.0, ""tp_mult_lr"": 8.8, ""tp_mult_sm"": 3.4, ""tp_mult_sr"": 5.7, ""trail_mult"": 3.3, ""trail_tp"": true, ""use_trailing"": true}",{},
125,-1000000000.0,TrialState.COMPLETE,2026-04-01T02:12:31.401130,2026-04-01T02:12:31.418420,0.01729,"{""atr_window"": 20, ""bb_std_dev"": 2.35, ""bb_window"": 21, ""cooldown"": 1, ""macd_fast"": 12, ""macd_k"": 1.35, ""macd_k_mid"": 0.55, ""macd_signal"": 9, ""macd_slow"": 43, ""macd_std_window"": 83, ""rebalance_freq"": 120, ""rebounce_block"": 4, ""sl_mult_lm"": 1.5, ""sl_mult_lr"": 3.7, ""sl_mult_sm"": 2.0, ""sl_mult_sr"": 1.6, ""time_stop"": 6, ""tp_mult_lm"": 5.2, ""tp_mult_lr"": 11.4, ""tp_mult_sm"": 3.3, ""tp_mult_sr"": 5.0, ""trail_mult"": 3.4000000000000004, ""trail_tp"": false, ""use_trailing"": true}",{},
126,2.5402428571428572,TrialState.COMPLETE,2026-04-01T02:12:31.445417,2026-04-01T02:12:33.912593,2.467176,"{""atr_window"": 16, ""bb_std_dev"": 2.2, ""bb_window"": 16, ""cooldown"": 0, ""macd_fast"": 16, ""macd_k"": 1.15, ""macd_k_mid"": 0.7, ""macd_signal"": 7, ""macd_slow"": 37, ""macd_std_window"": 81, ""rebalance_freq"": 180, ""rebounce_block"": 5, ""sl_mult_lm"": 1.9, ""sl_mult_lr"": 2.5, ""sl_mult_sm"": 1.55, ""sl_mult_sr"": 2.1, ""time_stop"": 20, ""tp_mult_lm"": 5.0, ""tp_mult_lr"": 12.0, ""tp_mult_sm"": 6.1, ""tp_mult_sr"": 5.800000000000001, ""trail_mult"": 3.1, ""trail_tp"": true, ""use_trailing"": false}",{},
127,-1000000000.0,TrialState.COMPLETE,2026-04-01T02:12:33.940047,2026-04-01T02:12:36.480493,2.540446,"{""atr_window"": 16, ""bb_std_dev"": 2.15, ""bb_window"": 17, ""cooldown"": 0, ""macd_fast"": 16, ""macd_k"": 1.15, ""macd_k_mid"": 0.7, ""macd_signal"": 7, ""macd_slow"": 37, ""macd_std_window"": 81, ""rebalance_freq"": 180, ""rebounce_block"": 5, ""sl_mult_lm"": 1.9, ""sl_mult_lr"": 2.5, ""sl_mult_sm"": 1.55, ""sl_mult_sr"": 2.2, ""time_stop"": 17, ""tp_mult_lm"": 4.8, ""tp_mult_lr"": 12.0, ""tp_mult_sm"": 6.0, ""tp_mult_sr"": 6.6, ""trail_mult"": 2.3, ""trail_tp"": true, ""use_trailing"": false}",{},
128,-1000000000.0,TrialState.COMPLETE,2026-04-01T02:12:36.508643,2026-04-01T02:12:38.991190,2.482547,"{""atr_window"": 16, ""bb_std_dev"": 1.65, ""bb_window"": 18, ""cooldown"": 0, ""macd_fast"": 17, ""macd_k"": 1.1, ""macd_k_mid"": 0.5, ""macd_signal"": 7, ""macd_slow"": 37, ""macd_std_window"": 89, ""rebalance_freq"": 180, ""rebounce_block"": 6, ""sl_mult_lm"": 1.9500000000000002, ""sl_mult_lr"": 2.4, ""sl_mult_sm"": 1.4, ""sl_mult_sr"": 2.1, ""time_stop"": 19, ""tp_mult_lm"": 5.0, ""tp_mult_lr"": 11.8, ""tp_mult_sm"": 6.1, ""tp_mult_sr"": 5.800000000000001, ""trail_mult"": 3.0, ""trail_tp"": false, ""use_trailing"": false}",{},
129,-1000000000.0,TrialState.COMPLETE,2026-04-01T02:12:39.019378,2026-04-01T02:12:39.038035,0.018657,"{""atr_window"": 15, ""bb_std_dev"": 2.2, ""bb_window"": 17, ""cooldown"": 0, ""macd_fast"": 13, ""macd_k"": 1.3, ""macd_k_mid"": 0.65, ""macd_signal"": 7, ""macd_slow"": 36, ""macd_std_window"": 95, ""rebalance_freq"": 180, ""rebounce_block"": 0, ""sl_mult_lm"": 1.85, ""sl_mult_lr"": 4.800000000000001, ""sl_mult_sm"": 1.5, ""sl_mult_sr"": 2.0, ""time_stop"": 29, ""tp_mult_lm"": 5.800000000000001, ""tp_mult_lr"": 12.4, ""tp_mult_sm"": 6.2, ""tp_mult_sr"": 6.4, ""trail_mult"": 2.7, ""trail_tp"": true, ""use_trailing"": false}",{},
130,-1000000000.0,TrialState.COMPLETE,2026-04-01T02:12:39.066791,2026-04-01T02:12:41.547182,2.480391,"{""atr_window"": 16, ""bb_std_dev"": 2.2, ""bb_window"": 16, ""cooldown"": 0, ""macd_fast"": 20, ""macd_k"": 1.2, ""macd_k_mid"": 0.55, ""macd_signal"": 7, ""macd_slow"": 37, ""macd_std_window"": 80, ""rebalance_freq"": 180, ""rebounce_block"": 2, ""sl_mult_lm"": 1.9, ""sl_mult_lr"": 2.7, ""sl_mult_sm"": 1.1, ""sl_mult_sr"": 1.9, ""time_stop"": 20, ""tp_mult_lm"": 4.1, ""tp_mult_lr"": 11.0, ""tp_mult_sm"": 5.7, ""tp_mult_sr"": 3.7, ""trail_mult"": 2.1, ""trail_tp"": false, ""use_trailing"": false}",{},
131,-1000000000.0,TrialState.COMPLETE,2026-04-01T02:12:41.575720,2026-04-01T02:12:41.593648,0.017928,"{""atr_window"": 17, ""bb_std_dev"": 2.45, ""bb_window"": 15, ""cooldown"": 0, ""macd_fast"": 15, ""macd_k"": 1.4, ""macd_k_mid"": 0.75, ""macd_signal"": 6, ""macd_slow"": 43, ""macd_std_window"": 79, ""rebalance_freq"": 180, ""rebounce_block"": 5, ""sl_mult_lm"": 2.0, ""sl_mult_lr"": 4.300000000000001, ""sl_mult_sm"": 1.7000000000000002, ""sl_mult_sr"": 2.1, ""time_stop"": 8, ""tp_mult_lm"": 4.9, ""tp_mult_lr"": 13.0, ""tp_mult_sm"": 5.800000000000001, ""tp_mult_sr"": 6.5, ""trail_mult"": 3.2, ""trail_tp"": true, ""use_trailing"": false}",{},
132,-1000000000.0,TrialState.COMPLETE,2026-04-01T02:12:41.620913,2026-04-01T02:12:44.170431,2.549518,"{""atr_window"": 17, ""bb_std_dev"": 2.25, ""bb_window"": 16, ""cooldown"": 4, ""macd_fast"": 17, ""macd_k"": 1.9, ""macd_k_mid"": 0.7, ""macd_signal"": 6, ""macd_slow"": 37, ""macd_std_window"": 82, ""rebalance_freq"": 150, ""rebounce_block"": 3, ""sl_mult_lm"": 1.75, ""sl_mult_lr"": 4.9, ""sl_mult_sm"": 1.35, ""sl_mult_sr"": 3.0, ""time_stop"": 16, ""tp_mult_lm"": 5.0, ""tp_mult_lr"": 12.2, ""tp_mult_sm"": 6.800000000000001, ""tp_mult_sr"": 6.0, ""trail_mult"": 3.1, ""trail_tp"": true, ""use_trailing"": true}",{},
133,-1000000000.0,TrialState.COMPLETE,2026-04-01T02:12:44.195341,2026-04-01T02:12:44.211935,0.016594,"{""atr_window"": 20, ""bb_std_dev"": 2.4, ""bb_window"": 16, ""cooldown"": 2, ""macd_fast"": 18, ""macd_k"": 1.05, ""macd_k_mid"": 0.7, ""macd_signal"": 8, ""macd_slow"": 44, ""macd_std_window"": 78, ""rebalance_freq"": 30, ""rebounce_block"": 5, ""sl_mult_lm"": 1.35, ""sl_mult_lr"": 2.8, ""sl_mult_sm"": 1.65, ""sl_mult_sr"": 2.5, ""time_stop"": 20, ""tp_mult_lm"": 5.1, ""tp_mult_lr"": 9.4, ""tp_mult_sm"": 6.4, ""tp_mult_sr"": 5.800000000000001, ""trail_mult"": 1.8, ""trail_tp"": true, ""use_trailing"": false}",{},
134,-1000000000.0,TrialState.COMPLETE,2026-04-01T02:12:44.239190,2026-04-01T02:12:46.660773,2.421583,"{""atr_window"": 12, ""bb_std_dev"": 2.15, ""bb_window"": 14, ""cooldown"": 0, ""macd_fast"": 16, ""macd_k"": 1.15, ""macd_k_mid"": 0.6, ""macd_signal"": 10, ""macd_slow"": 36, ""macd_std_window"": 91, ""rebalance_freq"": 90, ""rebounce_block"": 4, ""sl_mult_lm"": 2.1, ""sl_mult_lr"": 2.6, ""sl_mult_sm"": 1.75, ""sl_mult_sr"": 3.3, ""time_stop"": 0, ""tp_mult_lm"": 5.3, ""tp_mult_lr"": 8.0, ""tp_mult_sm"": 6.9, ""tp_mult_sr"": 6.2, ""trail_mult"": 2.2, ""trail_tp"": true, ""use_trailing"": true}",{},
135,-1000000000.0,TrialState.COMPLETE,2026-04-01T02:12:46.684496,2026-04-01T02:12:46.705444,0.020948,"{""atr_window"": 14, ""bb_std_dev"": 2.4, ""bb_window"": 15, ""cooldown"": 5, ""macd_fast"": 10, ""macd_k"": 1.25, ""macd_k_mid"": 0.7, ""macd_signal"": 8, ""macd_slow"": 42, ""macd_std_window"": 71, ""rebalance_freq"": 120, ""rebounce_block"": 6, ""sl_mult_lm"": 1.85, ""sl_mult_lr"": 3.2, ""sl_mult_sm"": 1.9500000000000002, ""sl_mult_sr"": 2.7, ""time_stop"": 24, ""tp_mult_lm"": 5.6, ""tp_mult_lr"": 13.8, ""tp_mult_sm"": 5.9, ""tp_mult_sr"": 3.0, ""trail_mult"": 3.0, ""trail_tp"": true, ""use_trailing"": false}",{},
136,-1000000000.0,TrialState.COMPLETE,2026-04-01T02:12:46.734322,2026-04-01T02:12:46.752182,0.01786,"{""atr_window"": 16, ""bb_std_dev"": 1.9, ""bb_window"": 14, ""cooldown"": 1, ""macd_fast"": 11, ""macd_k"": 1.1, ""macd_k_mid"": 0.65, ""macd_signal"": 5, ""macd_slow"": 38, ""macd_std_window"": 90, ""rebalance_freq"": 180, ""rebounce_block"": 3, ""sl_mult_lm"": 1.0, ""sl_mult_lr"": 2.3, ""sl_mult_sm"": 1.6, ""sl_mult_sr"": 1.8, ""time_stop"": 19, ""tp_mult_lm"": 5.5, ""tp_mult_lr"": 11.8, ""tp_mult_sm"": 3.6, ""tp_mult_sr"": 5.4, ""trail_mult"": 2.8, ""trail_tp"": false, ""use_trailing"": true}",{},
137,-1000000000.0,TrialState.COMPLETE,2026-04-01T02:12:46.780833,2026-04-01T02:12:50.160131,3.379298,"{""atr_window"": 13, ""bb_std_dev"": 2.2, ""bb_window"": 22, ""cooldown"": 3, ""macd_fast"": 16, ""macd_k"": 1.9500000000000002, ""macd_k_mid"": 0.75, ""macd_signal"": 6, ""macd_slow"": 35, ""macd_std_window"": 73, ""rebalance_freq"": 30, ""rebounce_block"": 4, ""sl_mult_lm"": 1.8, ""sl_mult_lr"": 3.5, ""sl_mult_sm"": 1.45, ""sl_mult_sr"": 3.2, ""time_stop"": 22, ""tp_mult_lm"": 5.1, ""tp_mult_lr"": 11.6, ""tp_mult_sm"": 3.2, ""tp_mult_sr"": 5.6, ""trail_mult"": 2.9000000000000004, ""trail_tp"": true, ""use_trailing"": true}",{},
138,-1000000000.0,TrialState.COMPLETE,2026-04-01T02:12:50.197553,2026-04-01T02:12:50.217895,0.020342,"{""atr_window"": 11, ""bb_std_dev"": 1.5999999999999999, ""bb_window"": 16, ""cooldown"": 2, ""macd_fast"": 15, ""macd_k"": 1.0, ""macd_k_mid"": 0.65, ""macd_signal"": 10, ""macd_slow"": 43, ""macd_std_window"": 87, ""rebalance_freq"": 150, ""rebounce_block"": 2, ""sl_mult_lm"": 1.05, ""sl_mult_lr"": 2.2, ""sl_mult_sm"": 1.9, ""sl_mult_sr"": 2.0, ""time_stop"": 18, ""tp_mult_lm"": 4.0, ""tp_mult_lr"": 11.2, ""tp_mult_sm"": 6.4, ""tp_mult_sr"": 3.2, ""trail_mult"": 3.3, ""trail_tp"": false, ""use_trailing"": false}",{},
