number,value,datetime_start,datetime_complete,duration,params_atr_window,params_bb_std_dev,params_bb_window,params_cooldown,params_macd_fast,params_macd_k,params_macd_k_mid,params_macd_signal,params_macd_slow,params_macd_std_window,params_rebalance_freq,params_rebounce_block,params_sl_mult_lm,params_sl_mult_lr,params_sl_mult_sm,params_sl_mult_sr,params_time_stop,params_tp_mult_lm,params_tp_mult_lr,params_tp_mult_sm,params_tp_mult_sr,params_trail_mult,params_trail_tp,params_use_trailing,user_attrs_allocations,user_attrs_deploy_avg_sharpe,user_attrs_deploy_total_sharpe,user_attrs_deploy_year_sharpes,user_attrs_score,user_attrs_selected_tickers,user_attrs_train_avg_sharpe,user_attrs_train_year_sharpes,state
1753,-1000000000.0,2026-04-01 03:22:44.471547,2026-04-01 03:22:44.543628,0 days 00:00:00.072081,19,2.35,17,4,14,1.0,0.9,9,42,82,150,4,1.85,4.7,2.0,1.6,3,4.7,8.4,6.0,5.1,1.6,True,False,,,,,,,,,COMPLETE
1754,-1000000000.0,2026-04-01 03:22:44.581962,2026-04-01 03:22:44.653923,0 days 00:00:00.071961,15,1.95,14,0,11,1.65,0.8500000000000001,8,37,70,120,5,2.1500000000000004,3.0,1.85,2.2,16,5.4,11.4,3.6,3.6,1.8,False,True,,,,,,,,,COMPLETE
1755,-1000000000.0,2026-04-01 03:22:44.689891,2026-04-01 03:22:44.757575,0 days 00:00:00.067684,18,2.3,15,1,13,1.6,0.5,6,43,91,150,3,2.0,2.4,1.7000000000000002,2.3,17,5.6,15.2,6.5,4.4,3.3,True,True,,,,,,,,,COMPLETE
1756,-1000000000.0,2026-04-01 03:22:44.792394,2026-04-01 03:22:47.417088,0 days 00:00:02.624694,17,2.4,25,3,19,1.4,0.55,8,36,79,90,6,1.65,3.2,1.5,2.1,15,4.1,10.6,4.5,6.4,1.9,False,False,,,,,,,,,COMPLETE
1757,-1000000000.0,2026-04-01 03:22:47.446286,2026-04-01 03:22:47.527372,0 days 00:00:00.081086,20,2.5,20,2,12,1.15,0.6,7,39,99,180,0,2.1,2.0,1.8,1.8,30,4.8,11.8,5.7,4.9,2.6,True,True,,,,,,,,,COMPLETE
1758,-1000000000.0,2026-04-01 03:22:47.561300,2026-04-01 03:22:50.103695,0 days 00:00:02.542395,10,1.5,17,5,20,1.5,0.95,9,40,80,150,1,2.05,4.0,1.45,1.5,29,5.5,13.0,4.7,5.800000000000001,3.8000000000000003,False,True,,,,,,,,,COMPLETE
1759,-1000000000.0,2026-04-01 03:22:50.139384,2026-04-01 03:22:50.212229,0 days 00:00:00.072845,14,2.25,14,4,16,1.35,0.65,10,44,92,60,5,1.3,3.4000000000000004,1.85,3.2,28,5.3,15.600000000000001,5.0,3.9,2.9000000000000004,True,True,,,,,,,,,COMPLETE
1760,-1000000000.0,2026-04-01 03:22:50.249354,2026-04-01 03:22:50.324248,0 days 00:00:00.074894,15,1.65,16,1,14,1.05,0.7,8,41,96,30,5,1.05,2.7,1.6,3.1,0,4.0,16.0,6.4,5.0,2.2,False,False,,,,,,,,,COMPLETE
1761,-1000000000.0,2026-04-01 03:22:50.362398,2026-04-01 03:22:50.431157,0 days 00:00:00.068759,13,1.5999999999999999,15,0,10,1.45,0.5,8,38,93,180,2,1.55,3.8,1.75,1.6,20,5.7,9.8,3.4,4.3,3.1,True,True,,,,,,,,,COMPLETE
1762,-1000000000.0,2026-04-01 03:22:50.478765,2026-04-01 03:22:52.991454,0 days 00:00:02.512689,19,2.45,14,2,15,1.55,0.55,9,37,75,120,4,1.35,2.9,1.7000000000000002,3.0,24,5.1,10.2,4.2,4.7,3.6,True,True,,,,,,,,,COMPLETE
1763,-1000000000.0,2026-04-01 03:22:53.039813,2026-04-01 03:22:55.593973,0 days 00:00:02.554160,16,2.0,21,2,18,1.2,0.6,7,35,90,150,3,1.6,4.2,1.35,2.4,13,4.4,16.4,5.6,4.8,1.7,False,True,,,,,,,,,COMPLETE
1764,-1000000000.0,2026-04-01 03:22:55.628529,2026-04-01 03:22:55.705144,0 days 00:00:00.076615,14,2.15,18,3,12,1.8,0.75,6,43,87,150,0,1.75,2.5,1.55,2.1,22,5.2,11.0,5.1,3.0,2.5,True,False,,,,,,,,,COMPLETE
1765,-1000000000.0,2026-04-01 03:22:55.747169,2026-04-01 03:22:55.821497,0 days 00:00:00.074328,20,1.7,20,1,17,1.1,0.8,9,41,83,120,2,1.15,5.0,1.65,2.5,6,3.8,12.0,3.2,4.6,2.3,False,True,,,,,,,,,COMPLETE
1766,-1000000000.0,2026-04-01 03:22:55.862327,2026-04-01 03:22:55.939524,0 days 00:00:00.077197,18,2.2,14,0,20,1.0,1.0,10,44,94,180,6,1.9,3.1,1.0,2.3,17,3.7,14.8,7.0,5.4,2.0,True,True,,,,,,,,,COMPLETE
1767,-1000000000.0,2026-04-01 03:22:55.976209,2026-04-01 03:22:56.044520,0 days 00:00:00.068311,16,2.05,16,1,14,1.65,0.7,8,39,84,30,5,1.0,2.6,1.9,2.6,18,5.800000000000001,13.2,5.800000000000001,3.1,4.0,False,True,,,,,,,,,COMPLETE
1768,-1000000000.0,2026-04-01 03:22:56.081624,2026-04-01 03:22:56.156651,0 days 00:00:00.075027,15,1.75,24,5,15,1.15,0.6,7,40,88,90,3,1.5,2.2,1.5,2.0,9,6.0,11.6,6.2,3.3,2.2,True,False,,,,,,,,,COMPLETE
1769,-1000000000.0,2026-04-01 03:22:56.203919,2026-04-01 03:22:56.283108,0 days 00:00:00.079189,12,2.3,23,3,13,1.6,0.55,9,42,76,150,4,1.25,2.8,1.4,2.8,1,5.9,13.600000000000001,4.3,6.5,2.1,False,True,,,,,,,,,COMPLETE
1770,-1000000000.0,2026-04-01 03:22:56.322667,2026-04-01 03:22:56.399313,0 days 00:00:00.076646,18,1.7999999999999998,17,4,11,1.9,0.5,8,35,100,120,6,1.2,2.5,1.8,1.7,4,4.6,14.2,4.9,6.2,2.8,True,True,,,,,,,,,COMPLETE
1771,-1000000000.0,2026-04-01 03:22:56.437891,2026-04-01 03:22:58.862930,0 days 00:00:02.425039,13,2.35,15,2,16,1.85,0.65,9,36,85,150,5,1.1,2.4,1.75,1.5,20,5.7,8.2,5.4,4.0,3.9000000000000004,False,False,,,,,,,,,COMPLETE
1772,-1000000000.0,2026-04-01 03:22:58.906732,2026-04-01 03:22:58.976910,0 days 00:00:00.070178,17,2.25,14,0,12,1.15,0.55,6,43,71,180,1,1.9500000000000002,2.3,1.1,2.2,12,4.9,12.4,6.300000000000001,6.0,3.6,True,True,,,,,,,,,COMPLETE
1773,-1000000000.0,2026-04-01 03:22:59.010199,2026-04-01 03:23:01.605028,0 days 00:00:02.594829,20,1.4,19,1,19,1.35,0.8500000000000001,7,41,70,90,0,1.05,2.6,1.15,1.6,16,5.4,10.0,3.3,5.7,1.5,False,True,,,,,,,,,COMPLETE
1774,-1000000000.0,2026-04-01 03:23:01.640623,2026-04-01 03:23:01.709630,0 days 00:00:00.069007,14,1.8499999999999999,18,4,14,1.25,0.75,8,40,73,30,3,1.3,3.6,1.2,1.9,21,4.5,17.0,4.4,5.9,2.7,True,True,,,,,,,,,COMPLETE
1775,-1000000000.0,2026-04-01 03:23:01.747135,2026-04-01 03:23:01.818814,0 days 00:00:00.071679,16,1.95,16,2,17,1.7000000000000002,0.55,10,44,82,150,2,1.45,3.0,1.25,3.3,25,5.2,8.8,5.300000000000001,3.2,2.9000000000000004,False,False,,,,,,,,,COMPLETE
1776,-1000000000.0,2026-04-01 03:23:01.880434,2026-04-01 03:23:01.974499,0 days 00:00:00.094065,15,2.4,17,1,10,1.55,0.5,9,37,89,180,5,1.7000000000000002,2.4,1.65,1.8,15,5.1,12.600000000000001,3.7,6.6,3.2,True,True,,,,,,,,,COMPLETE
1777,-1000000000.0,2026-04-01 03:23:02.012935,2026-04-01 03:23:02.084869,0 days 00:00:00.071934,17,2.1,25,5,20,1.05,0.6,8,43,97,120,5,2.0,3.5,1.05,2.1,7,5.0,9.4,6.1,4.5,3.5,False,True,,,,,,,,,COMPLETE
1778,-1000000000.0,2026-04-01 03:23:02.121071,2026-04-01 03:23:02.210118,0 days 00:00:00.089047,19,2.05,15,3,13,1.0,0.9,5,38,91,60,4,1.8,2.1,1.85,2.7,28,5.6,10.4,4.0,3.1,3.0,True,True,,,,,,,,,COMPLETE
1779,-1000000000.0,2026-04-01 03:23:02.250156,2026-04-01 03:23:04.717856,0 days 00:00:02.467700,11,1.45,14,0,18,1.75,0.65,7,39,79,150,6,1.3,2.0,1.6,1.5,14,5.5,12.2,6.800000000000001,6.300000000000001,3.4000000000000004,False,False,,,,,,,,,COMPLETE
1780,-1000000000.0,2026-04-01 03:23:04.758936,2026-04-01 03:23:04.828398,0 days 00:00:00.069462,14,2.2,20,1,12,1.5,0.7,8,37,87,90,0,1.4,3.3,1.9500000000000002,2.0,10,5.3,9.6,3.5,5.1,3.7,True,True,,,,,,,,,COMPLETE
1781,-1000000000.0,2026-04-01 03:23:04.864435,2026-04-01 03:23:07.488656,0 days 00:00:02.624221,20,2.0,14,2,15,1.3,0.55,9,36,90,30,3,1.0,2.4,1.8,1.6,11,3.7,8.0,4.8,3.8,3.1,False,True,,,,,,,,,COMPLETE
1782,-1000000000.0,2026-04-01 03:23:07.525510,2026-04-01 03:23:07.596847,0 days 00:00:00.071337,18,1.7,21,0,11,1.2,0.6,9,40,81,180,2,1.35,2.3,1.9,1.8,23,4.3,9.2,5.9,4.9,2.4,True,True,,,,,,,,,COMPLETE
1783,-1000000000.0,2026-04-01 03:23:07.633383,2026-04-01 03:23:07.706122,0 days 00:00:00.072739,16,1.9,22,4,12,1.4,0.5,10,44,99,150,5,1.2,2.5,1.7000000000000002,2.5,0,5.3,8.6,5.5,5.300000000000001,2.1,False,False,,,,,,,,,COMPLETE
1784,-1000000000.0,2026-04-01 03:23:07.743825,2026-04-01 03:23:07.814427,0 days 00:00:00.070602,10,2.5,14,3,14,1.1,0.55,7,41,86,150,6,1.9,2.3,1.45,2.9000000000000004,5,4.2,10.8,6.6,6.1,3.2,True,True,,,,,,,,,COMPLETE
1785,-1000000000.0,2026-04-01 03:23:07.851426,2026-04-01 03:23:07.928354,0 days 00:00:00.076928,13,2.2,15,1,13,1.05,0.7,6,43,95,120,4,2.2,2.2,2.0,1.9,21,4.7,11.8,6.9,3.0,2.0,False,True,,,,,,,,,COMPLETE
1786,-1000000000.0,2026-04-01 03:23:07.967072,2026-04-01 03:38:09.009258,0 days 00:15:01.042186,14,2.15,16,2,20,1.25,0.8,8,35,98,60,0,1.85,4.2,1.75,2.2,26,5.0,11.2,3.8,5.6,3.0,True,False,,,,,,,,,COMPLETE
1787,-1000000000.0,2026-04-01 03:38:09.048542,2026-04-01 03:38:09.131412,0 days 00:00:00.082870,15,1.5499999999999998,15,1,15,2.0,0.6,8,42,72,180,3,2.0,2.7,1.55,2.1,19,5.4,11.6,4.6,4.1,2.6,False,True,,,,,,,,,COMPLETE
1788,-1000000000.0,2026-04-01 03:38:09.175880,2026-04-01 03:38:09.235975,0 days 00:00:00.060095,17,2.45,17,0,16,1.7000000000000002,0.95,9,42,89,90,6,2.1500000000000004,2.9,1.0,1.7,8,3.9,12.8,4.1,4.3,1.6,True,True,,,,,,,,,COMPLETE
1789,-1000000000.0,2026-04-01 03:38:09.270076,2026-04-01 03:38:11.799397,0 days 00:00:02.529321,20,2.25,24,4,17,1.35,0.55,7,39,88,150,1,2.05,2.8,1.5,1.5,13,3.5,12.0,4.5,3.7,2.5,True,True,,,,,,,,,COMPLETE
1790,-1000000000.0,2026-04-01 03:38:11.838525,2026-04-01 03:38:11.911811,0 days 00:00:00.073286,12,1.65,23,2,14,1.15,0.6,10,44,70,30,5,1.75,2.5,1.85,1.7,20,5.6,16.200000000000003,3.0,6.0,2.2,False,False,,,,,,,,,COMPLETE
1791,-1000000000.0,2026-04-01 03:38:11.947547,2026-04-01 03:38:12.028683,0 days 00:00:00.081136,18,2.45,14,5,10,1.1,0.75,8,40,92,120,3,1.15,4.9,1.65,1.6,18,6.0,9.8,5.800000000000001,6.9,3.3,True,True,,,,,,,,,COMPLETE
1792,-1000000000.0,2026-04-01 03:38:12.066488,2026-04-01 03:38:12.133784,0 days 00:00:00.067296,16,2.1,22,1,19,1.6,0.7,9,43,100,180,2,1.1,2.1,1.9500000000000002,2.0,17,4.8,13.4,3.6,5.800000000000001,1.7,False,True,,,,,,,,,COMPLETE
1793,-1000000000.0,2026-04-01 03:38:12.168201,2026-04-01 03:38:14.713826,0 days 00:00:02.545625,19,1.75,20,2,20,1.5,0.8500000000000001,6,41,71,150,4,1.9500000000000002,3.4000000000000004,1.6,2.4,23,4.1,12.4,7.0,3.9,3.7,True,True,,,,,,,,,COMPLETE
1794,-1000000000.0,2026-04-01 03:38:14.742830,2026-04-01 03:38:14.810992,0 days 00:00:00.068162,13,2.35,16,3,12,1.45,0.65,8,38,74,90,5,2.1,4.800000000000001,1.9,1.9,30,5.800000000000001,15.0,3.9,4.4,2.3,False,False,,,,,,,,,COMPLETE
1795,-1000000000.0,2026-04-01 03:38:14.846557,2026-04-01 03:38:17.317806,0 days 00:00:02.471249,14,1.5999999999999999,14,4,18,1.0,0.5,9,37,83,180,2,1.45,2.4,1.7000000000000002,1.5,27,5.1,11.4,3.1,4.7,2.7,True,True,,,,,,,,,COMPLETE
1796,-1000000000.0,2026-04-01 03:38:17.352666,2026-04-01 03:38:19.831582,0 days 00:00:02.478916,17,2.5,19,1,15,1.65,0.5,8,36,85,120,6,1.4,4.300000000000001,1.3,2.1,16,5.5,10.6,4.3,5.5,1.8,False,True,,,,,,,,,COMPLETE
1797,-1000000000.0,2026-04-01 03:38:19.860380,2026-04-01 03:38:19.928448,0 days 00:00:00.068068,11,2.2,18,0,16,1.3,0.55,7,40,82,150,0,1.25,2.6,1.35,3.1,14,4.9,15.8,6.7,3.6,3.1,True,True,,,,,,,,,COMPLETE
1798,-1000000000.0,2026-04-01 03:38:19.963654,2026-04-01 03:38:20.033574,0 days 00:00:00.069920,15,2.3,14,1,11,1.55,0.55,10,35,88,30,5,1.05,2.2,2.0,2.2,15,3.8,10.0,3.7,4.5,1.9,False,False,,,,,,,,,COMPLETE
1799,-1000000000.0,2026-04-01 03:38:20.070844,2026-04-01 03:38:20.154495,0 days 00:00:00.083651,16,1.5,17,2,14,1.05,0.95,9,44,99,150,1,1.0,2.3,1.05,1.8,24,5.3,12.0,6.4,4.6,3.6,True,True,,,,,,,,,COMPLETE
1800,-1000000000.0,2026-04-01 03:38:20.190797,2026-04-01 03:38:20.262859,0 days 00:00:00.072062,18,1.7999999999999998,15,3,13,1.15,0.65,5,43,81,180,3,1.2,2.0,1.2,1.5,2,5.9,14.4,5.6,4.2,2.1,False,True,,,,,,,,,COMPLETE
1801,-1000000000.0,2026-04-01 03:38:20.298994,2026-04-01 03:38:20.365415,0 days 00:00:00.066421,20,2.05,17,4,12,1.65,0.8,8,41,76,120,6,1.65,2.5,1.75,2.3,22,5.7,11.0,6.1,3.5,3.8000000000000003,True,False,,,,,,,,,COMPLETE
1802,-1000000000.0,2026-04-01 03:38:20.403003,2026-04-01 03:38:22.826325,0 days 00:00:02.423322,14,2.4,21,1,20,1.9500000000000002,1.0,9,37,93,150,4,1.9,4.1,1.5,1.6,10,4.4,13.0,6.300000000000001,4.0,3.4000000000000004,False,True,,,,,,,,,COMPLETE
1803,-1000000000.0,2026-04-01 03:38:22.869412,2026-04-01 03:38:22.941250,0 days 00:00:00.071838,15,1.7,23,0,17,1.2,0.7,7,42,97,30,5,1.55,3.1,1.55,2.1,19,5.2,11.8,5.0,6.4,2.0,True,True,,,,,,,,,COMPLETE
1804,-1000000000.0,2026-04-01 03:38:22.990522,2026-04-01 03:38:23.059033,0 days 00:00:00.068511,19,2.0,16,5,10,1.0,0.6,6,39,90,90,3,1.35,2.4,1.8,1.9,29,3.6,12.2,6.5,5.9,2.2,False,True,,,,,,,,,COMPLETE
1805,-1000000000.0,2026-04-01 03:38:23.094785,2026-04-01 03:38:23.159967,0 days 00:00:00.065182,16,2.25,14,2,14,1.6,0.9,10,43,84,180,0,1.85,3.2,1.15,2.0,9,5.6,9.6,3.3,3.8,3.2,True,False,,,,,,,,,COMPLETE
1806,-1000000000.0,2026-04-01 03:38:23.198522,2026-04-01 03:38:23.275782,0 days 00:00:00.077260,18,1.75,15,3,19,1.45,0.55,8,40,94,150,5,1.3,3.0,1.25,3.5,1,5.0,10.2,3.5,3.4,2.6,False,True,,,,,,,,,COMPLETE
1807,-1000000000.0,2026-04-01 03:38:23.320035,2026-04-01 03:38:23.389819,0 days 00:00:00.069784,20,2.35,20,1,12,1.1,0.5,9,44,96,150,6,1.8,3.7,1.6,1.8,25,5.4,11.6,5.1,5.7,2.2,True,True,,,,,,,,,COMPLETE
1808,-1000000000.0,2026-04-01 03:38:23.427284,2026-04-01 03:38:25.899160,0 days 00:00:02.471876,19,1.7999999999999998,14,0,15,1.4,0.55,6,37,78,60,2,1.9,3.6,1.9500000000000002,2.8,21,5.2,14.600000000000001,5.2,5.0,3.2,False,True,,,,,,,,,COMPLETE
1809,-1000000000.0,2026-04-01 03:38:25.947549,2026-04-01 03:38:28.461168,0 days 00:00:02.513619,17,2.5,25,2,13,1.05,0.6,8,35,75,90,6,1.25,2.1,1.7000000000000002,2.5,12,5.1,15.2,5.9,3.7,3.0,True,False,,,,,,,,,COMPLETE
1810,-1000000000.0,2026-04-01 03:38:28.491028,2026-04-01 03:38:28.573477,0 days 00:00:00.082449,14,2.15,16,4,18,1.35,0.6,7,41,89,120,5,1.15,4.4,1.65,2.6,6,5.7,12.600000000000001,4.7,3.2,3.1,False,True,,,,,,,,,COMPLETE
1811,-1000000000.0,2026-04-01 03:38:28.612108,2026-04-01 03:38:28.683130,0 days 00:00:00.071022,12,1.95,18,1,11,1.5,0.75,9,43,80,180,0,1.9500000000000002,2.6,1.45,2.2,20,4.0,9.8,6.9,6.2,2.1,True,True,,,,,,,,,COMPLETE
1812,-1000000000.0,2026-04-01 03:38:28.720845,2026-04-01 03:38:28.796299,0 days 00:00:00.075454,10,1.9,24,5,16,1.3,0.7,5,42,91,120,4,1.05,3.9000000000000004,1.4,1.6,7,4.2,8.4,4.4,3.0,4.0,False,False,,,,,,,,,COMPLETE
1813,-1000000000.0,2026-04-01 03:38:28.832811,2026-04-01 03:38:28.901264,0 days 00:00:00.068453,13,2.4,14,1,14,1.2,0.5,10,38,87,150,1,2.05,3.3,1.05,3.2,26,5.9,10.8,3.6,4.8,3.7,True,True,,,,,,,,,COMPLETE
1814,-1000000000.0,2026-04-01 03:38:28.939604,2026-04-01 03:38:31.469445,0 days 00:00:02.529841,16,2.3,17,2,20,1.8,0.65,8,36,99,30,3,1.7000000000000002,2.7,1.1,3.0,3,4.8,13.2,5.7,5.2,2.5,False,True,,,,,,,,,COMPLETE
1815,-1000000000.0,2026-04-01 03:38:31.504840,2026-04-01 03:38:31.626877,0 days 00:00:00.122037,18,2.1,15,3,17,1.9,0.55,9,44,77,180,2,1.6,2.3,1.9,1.7,5,5.6,11.2,4.9,6.300000000000001,2.3,True,True,,,,,,,,,COMPLETE
1816,-1000000000.0,2026-04-01 03:38:31.663856,2026-04-01 03:38:31.744107,0 days 00:00:00.080251,15,2.45,19,4,14,1.7000000000000002,0.8500000000000001,8,40,70,60,4,2.1500000000000004,2.9,1.55,2.9000000000000004,11,5.5,15.4,6.2,5.1,2.8,False,False,,,,,,,,,COMPLETE
1817,-1000000000.0,2026-04-01 03:38:31.783832,2026-04-01 03:38:31.854213,0 days 00:00:00.070381,20,2.0,14,0,10,1.15,0.7,7,39,86,150,5,1.3,2.2,1.85,2.4,17,3.7,13.4,3.1,6.1,3.3,True,True,,,,,,,,,COMPLETE
1818,-1000000000.0,2026-04-01 03:38:31.892442,2026-04-01 03:38:31.975215,0 days 00:00:00.082773,14,1.8499999999999999,21,1,13,1.75,0.5,8,41,100,90,3,1.4,2.4,1.75,3.4000000000000004,8,5.800000000000001,14.8,4.5,5.800000000000001,2.7,True,True,,,,,,,,,COMPLETE
1819,-1000000000.0,2026-04-01 03:38:32.011144,2026-04-01 03:38:32.085293,0 days 00:00:00.074149,16,2.5,16,2,12,1.55,0.55,9,43,91,150,6,1.35,4.0,1.8,1.5,13,6.0,12.2,6.0,5.6,3.5,False,True,,,,,,,,,COMPLETE
1820,-1000000000.0,2026-04-01 03:38:32.122548,2026-04-01 03:38:34.612484,0 days 00:00:02.489936,15,2.05,15,0,19,1.45,1.0,6,35,72,120,4,1.0,2.5,1.6,1.7,28,5.3,10.2,3.4,5.300000000000001,1.5,True,False,,,,,,,,,COMPLETE
1821,-1000000000.0,2026-04-01 03:38:34.649301,2026-04-01 03:38:37.188207,0 days 00:00:02.538906,17,1.65,14,4,16,1.1,0.55,10,36,71,180,5,1.9500000000000002,2.8,1.0,2.1,22,5.4,12.8,6.5,4.4,3.8000000000000003,False,True,,,,,,,,,COMPLETE
1822,-1000000000.0,2026-04-01 03:38:37.217326,2026-04-01 03:38:37.276537,0 days 00:00:00.059211,11,1.75,17,1,15,1.0,0.6,7,40,98,150,0,1.5,2.3,1.3,2.0,18,4.9,13.8,6.4,5.4,1.9,True,True,,,,,,,,,COMPLETE
1823,-1000000000.0,2026-04-01 03:38:37.305267,2026-04-01 03:38:37.363563,0 days 00:00:00.058296,12,2.2,23,2,20,1.25,0.9,8,44,82,30,2,2.0,2.2,1.65,1.5,16,4.6,10.4,6.800000000000001,4.7,3.1,False,True,,,,,,,,,COMPLETE
1824,-1000000000.0,2026-04-01 03:38:37.389742,2026-04-01 03:38:39.931969,0 days 00:00:02.542227,19,2.35,22,1,15,1.5,0.6,9,37,81,150,5,1.75,2.0,1.7000000000000002,1.8,20,4.3,12.0,4.0,4.6,3.9000000000000004,True,False,,,,,,,,,COMPLETE
1825,-1000000000.0,2026-04-01 03:38:39.961443,2026-04-01 03:38:40.028276,0 days 00:00:00.066833,13,2.3,20,3,18,1.65,0.7,7,43,95,90,6,1.1,3.1,1.25,1.6,21,5.2,9.6,4.2,4.0,1.8,False,True,,,,,,,,,COMPLETE
1826,-1000000000.0,2026-04-01 03:38:40.076769,2026-04-01 03:38:40.151524,0 days 00:00:00.074755,20,1.5499999999999998,18,0,12,1.15,0.65,8,38,88,120,3,1.9,4.2,1.85,2.3,29,5.0,11.6,4.1,3.1,3.2,True,True,,,,,,,,,COMPLETE
1827,-1000000000.0,2026-04-01 03:38:40.193716,2026-04-01 03:38:42.683035,0 days 00:00:02.489319,14,2.15,14,2,17,1.85,0.5,9,39,92,180,0,2.2,4.7,1.75,2.2,25,4.5,10.0,3.0,3.9,1.6,False,False,,,,,,,,,COMPLETE
1828,-1000000000.0,2026-04-01 03:38:42.720745,2026-04-01 03:38:42.789357,0 days 00:00:00.068612,16,2.4,15,5,14,1.6,0.75,10,41,89,150,5,1.25,2.4,1.9500000000000002,1.9,15,5.1,13.0,7.0,6.800000000000001,2.1,True,True,,,,,,,,,COMPLETE
1829,-1000000000.0,2026-04-01 03:38:42.827322,2026-04-01 03:38:42.896629,0 days 00:00:00.069307,18,2.25,16,4,11,1.05,0.8500000000000001,8,44,70,180,3,1.0,2.5,1.15,3.3,24,3.5,9.2,4.7,6.0,2.0,False,True,,,,,,,,,COMPLETE
1830,-1000000000.0,2026-04-01 03:38:42.931507,2026-04-01 03:38:43.012966,0 days 00:00:00.081459,14,1.7,21,1,10,1.4,0.55,6,42,73,120,1,1.2,4.6,1.5,2.6,12,4.1,14.2,4.5,3.0,2.4,True,True,,,,,,,,,COMPLETE
1831,-1000000000.0,2026-04-01 03:38:43.051446,2026-04-01 03:38:45.554001,0 days 00:00:02.502555,11,2.35,19,0,20,1.55,0.95,9,37,80,60,5,2.1,4.5,1.8,1.5,0,5.6,12.4,4.4,6.7,3.6,False,False,,,,,,,,,COMPLETE
1832,-1000000000.0,2026-04-01 03:38:45.591896,2026-04-01 03:38:48.158091,0 days 00:00:02.566195,15,2.45,14,3,19,1.1,0.65,9,36,90,30,6,1.35,4.9,1.4,2.1,9,4.7,8.0,4.8,6.5,2.2,True,True,,,,,,,,,COMPLETE
1833,-1000000000.0,2026-04-01 03:38:48.186787,2026-04-01 03:38:48.265396,0 days 00:00:00.078609,17,1.5,20,2,18,1.35,0.8,7,43,85,180,2,1.3,2.5,2.0,1.6,19,3.9,16.6,6.300000000000001,5.9,2.3,False,True,,,,,,,,,COMPLETE
1834,-1000000000.0,2026-04-01 03:38:48.304476,2026-04-01 03:38:50.886079,0 days 00:00:02.581603,16,1.4,17,1,14,1.2,0.55,8,35,71,90,0,1.8,2.8,1.65,2.0,7,5.5,11.8,5.800000000000001,5.7,3.0,True,True,,,,,,,,,COMPLETE
1835,-1000000000.0,2026-04-01 03:38:50.922541,2026-04-01 03:38:51.005016,0 days 00:00:00.082475,19,2.2,15,1,13,2.0,0.6,10,40,74,150,4,1.15,3.5,1.55,2.7,16,5.4,10.6,6.0,4.1,3.7,False,False,,,,,,,,,COMPLETE
1836,-1000000000.0,2026-04-01 03:38:51.041295,2026-04-01 03:38:51.109408,0 days 00:00:00.068113,20,2.5,14,4,12,1.0,0.7,8,41,88,150,5,1.75,3.0,1.9,1.7,14,5.3,9.8,5.300000000000001,4.9,3.4000000000000004,True,True,,,,,,,,,COMPLETE
1837,-1000000000.0,2026-04-01 03:38:51.144390,2026-04-01 03:38:51.218548,0 days 00:00:00.074158,18,1.7999999999999998,16,0,15,1.9500000000000002,0.5,5,42,79,30,6,2.0,2.9,1.85,2.5,17,3.8,11.8,3.6,7.0,2.9000000000000004,False,True,,,,,,,,,COMPLETE
1838,-1000000000.0,2026-04-01 03:38:51.255501,2026-04-01 03:38:51.339003,0 days 00:00:00.083502,14,1.5999999999999999,22,5,17,1.05,0.6,9,44,82,150,3,1.85,2.4,1.35,3.2,8,5.2,12.600000000000001,5.5,3.8,2.1,True,True,,,,,,,,,COMPLETE
1839,-1000000000.0,2026-04-01 03:38:51.375210,2026-04-01 03:38:51.445871,0 days 00:00:00.070661,13,1.95,25,2,16,1.45,0.55,7,40,97,120,5,1.55,2.1,1.7000000000000002,3.1,10,3.6,13.600000000000001,4.6,5.0,2.7,False,False,,,,,,,,,COMPLETE
1840,-1000000000.0,2026-04-01 03:38:51.482377,2026-04-01 03:38:51.555939,0 days 00:00:00.073562,17,2.1,15,3,12,1.25,0.65,6,39,86,180,1,1.9500000000000002,2.6,1.2,1.8,6,6.0,12.0,6.6,4.8,3.1,True,True,,,,,,,,,COMPLETE
1841,-1000000000.0,2026-04-01 03:38:51.592803,2026-04-01 03:38:54.058222,0 days 00:00:02.465419,16,2.0,24,1,20,1.6,0.75,8,37,98,90,2,1.4,2.3,1.1,1.9,14,5.9,12.2,6.7,4.5,3.3,False,True,,,,,,,,,COMPLETE
1842,-1000000000.0,2026-04-01 03:38:54.107198,2026-04-01 03:53:57.290738,0 days 00:15:03.183540,15,2.45,18,1,13,1.15,0.55,9,35,87,120,3,1.7000000000000002,3.7,1.75,2.2,13,5.7,11.4,6.1,6.300000000000001,1.7,True,False,,,,,,,,,COMPLETE
1843,-1000000000.0,2026-04-01 03:53:57.327194,2026-04-01 03:53:57.411608,0 days 00:00:00.084414,20,2.05,14,2,11,1.65,0.5,7,43,90,150,4,1.45,2.2,1.25,1.5,4,5.1,15.600000000000001,3.5,3.7,2.2,False,True,,,,,,,,,COMPLETE
1844,-1000000000.0,2026-04-01 03:53:57.445836,2026-04-01 03:53:57.516659,0 days 00:00:00.070823,18,1.9,17,0,10,1.7000000000000002,1.0,10,38,91,120,0,2.05,3.8,1.45,1.5,21,4.9,11.2,3.7,4.0,1.9,True,True,,,,,,,,,COMPLETE
1845,-1000000000.0,2026-04-01 03:53:57.575071,2026-04-01 03:53:57.655497,0 days 00:00:00.080426,19,2.25,14,4,14,1.2,0.7,8,44,84,180,6,1.35,4.300000000000001,1.0,2.3,18,4.0,8.4,6.2,3.6,3.9000000000000004,True,True,,,,,,,,,COMPLETE
1846,-1000000000.0,2026-04-01 03:53:57.693259,2026-04-01 03:53:57.773334,0 days 00:00:00.080075,10,1.65,21,3,15,1.5,0.55,9,43,75,60,4,2.1500000000000004,3.2,1.6,2.8,30,5.0,9.4,7.0,6.2,2.6,False,False,,,,,,,,,COMPLETE
1847,-1000000000.0,2026-04-01 03:53:57.810591,2026-04-01 03:53:57.890494,0 days 00:00:00.079903,12,1.8499999999999999,16,5,14,1.8,0.95,6,41,100,150,5,1.0,5.0,1.8,2.1,22,5.3,8.2,3.8,3.1,1.8,True,True,,,,,,,,,COMPLETE
1848,-1000000000.0,2026-04-01 03:53:57.930002,2026-04-01 03:53:58.012824,0 days 00:00:00.082822,14,2.45,17,1,16,1.3,0.8,8,40,83,30,3,1.25,4.800000000000001,1.65,1.7,26,4.8,14.600000000000001,3.3,4.2,3.5,False,True,,,,,,,,,COMPLETE
1849,-1000000000.0,2026-04-01 03:53:58.058085,2026-04-01 03:53:58.132241,0 days 00:00:00.074156,16,2.5,23,4,12,1.9,0.6,9,36,81,90,6,2.0,4.0,1.3,1.9,27,3.9,16.200000000000003,3.5,5.800000000000001,2.8,True,True,,,,,,,,,COMPLETE
