number,value,state,datetime_start,datetime_complete,duration_seconds,params_json,fold_sharpes_json,avg_cv_sharpe
2505,-1000000000.0,TrialState.COMPLETE,2026-04-01T07:00:52.506410,2026-04-01T07:00:52.603816,0.097406,"{""atr_window"": 20, ""bb_std_dev"": 1.75, ""bb_window"": 20, ""cooldown"": 2, ""macd_fast"": 15, ""macd_k"": 1.0, ""macd_k_mid"": 0.75, ""macd_signal"": 8, ""macd_slow"": 41, ""macd_std_window"": 71, ""rebalance_freq"": 150, ""rebounce_block"": 2, ""sl_mult_lm"": 1.15, ""sl_mult_lr"": 3.4000000000000004, ""sl_mult_sm"": 1.8, ""sl_mult_sr"": 1.5, ""time_stop"": 27, ""tp_mult_lm"": 4.7, ""tp_mult_lr"": 11.8, ""tp_mult_sm"": 6.9, ""tp_mult_sr"": 4.9, ""trail_mult"": 3.1, ""trail_tp"": true, ""use_trailing"": false}",{},
2506,-1000000000.0,TrialState.COMPLETE,2026-04-01T07:00:52.642052,2026-04-01T07:00:52.751311,0.109259,"{""atr_window"": 10, ""bb_std_dev"": 1.65, ""bb_window"": 21, ""cooldown"": 1, ""macd_fast"": 14, ""macd_k"": 1.5, ""macd_k_mid"": 0.8, ""macd_signal"": 9, ""macd_slow"": 38, ""macd_std_window"": 81, ""rebalance_freq"": 180, ""rebounce_block"": 6, ""sl_mult_lm"": 1.7000000000000002, ""sl_mult_lr"": 4.6, ""sl_mult_sm"": 1.55, ""sl_mult_sr"": 2.0, ""time_stop"": 7, ""tp_mult_lm"": 5.1, ""tp_mult_lr"": 14.0, ""tp_mult_sm"": 3.5, ""tp_mult_sr"": 4.5, ""trail_mult"": 1.8, ""trail_tp"": true, ""use_trailing"": true}",{},
2507,-1000000000.0,TrialState.COMPLETE,2026-04-01T07:00:52.790397,2026-04-01T07:00:52.877231,0.086834,"{""atr_window"": 16, ""bb_std_dev"": 2.35, ""bb_window"": 25, ""cooldown"": 2, ""macd_fast"": 12, ""macd_k"": 1.35, ""macd_k_mid"": 0.95, ""macd_signal"": 7, ""macd_slow"": 40, ""macd_std_window"": 70, ""rebalance_freq"": 150, ""rebounce_block"": 4, ""sl_mult_lm"": 1.3, ""sl_mult_lr"": 3.7, ""sl_mult_sm"": 1.6, ""sl_mult_sr"": 2.9000000000000004, ""time_stop"": 16, ""tp_mult_lm"": 5.6, ""tp_mult_lr"": 10.0, ""tp_mult_sm"": 3.9, ""tp_mult_sr"": 5.0, ""trail_mult"": 3.5, ""trail_tp"": true, ""use_trailing"": true}",{},
2508,-1000000000.0,TrialState.COMPLETE,2026-04-01T07:00:52.915247,2026-04-01T07:00:52.994846,0.079599,"{""atr_window"": 18, ""bb_std_dev"": 2.25, ""bb_window"": 18, ""cooldown"": 3, ""macd_fast"": 12, ""macd_k"": 1.55, ""macd_k_mid"": 0.8500000000000001, ""macd_signal"": 8, ""macd_slow"": 37, ""macd_std_window"": 90, ""rebalance_freq"": 150, ""rebounce_block"": 5, ""sl_mult_lm"": 1.1, ""sl_mult_lr"": 4.300000000000001, ""sl_mult_sm"": 1.75, ""sl_mult_sr"": 3.0, ""time_stop"": 24, ""tp_mult_lm"": 5.5, ""tp_mult_lr"": 10.8, ""tp_mult_sm"": 3.1, ""tp_mult_sr"": 4.8, ""trail_mult"": 3.3, ""trail_tp"": true, ""use_trailing"": true}",{},
2509,-1000000000.0,TrialState.COMPLETE,2026-04-01T07:00:53.033982,2026-04-01T07:00:53.127192,0.09321,"{""atr_window"": 11, ""bb_std_dev"": 2.05, ""bb_window"": 21, ""cooldown"": 0, ""macd_fast"": 11, ""macd_k"": 1.85, ""macd_k_mid"": 0.7, ""macd_signal"": 10, ""macd_slow"": 35, ""macd_std_window"": 82, ""rebalance_freq"": 120, ""rebounce_block"": 2, ""sl_mult_lm"": 1.0, ""sl_mult_lr"": 4.800000000000001, ""sl_mult_sm"": 2.0, ""sl_mult_sr"": 1.6, ""time_stop"": 13, ""tp_mult_lm"": 5.0, ""tp_mult_lr"": 11.4, ""tp_mult_sm"": 3.4, ""tp_mult_sr"": 5.2, ""trail_mult"": 2.6, ""trail_tp"": true, ""use_trailing"": false}",{},
2510,-1000000000.0,TrialState.COMPLETE,2026-04-01T07:00:53.168465,2026-04-01T07:00:53.268330,0.099865,"{""atr_window"": 17, ""bb_std_dev"": 1.7, ""bb_window"": 17, ""cooldown"": 2, ""macd_fast"": 13, ""macd_k"": 1.7000000000000002, ""macd_k_mid"": 1.0, ""macd_signal"": 9, ""macd_slow"": 41, ""macd_std_window"": 75, ""rebalance_freq"": 180, ""rebounce_block"": 3, ""sl_mult_lm"": 1.4, ""sl_mult_lr"": 5.0, ""sl_mult_sm"": 1.7000000000000002, ""sl_mult_sr"": 2.4, ""time_stop"": 18, ""tp_mult_lm"": 5.2, ""tp_mult_lr"": 12.0, ""tp_mult_sm"": 3.2, ""tp_mult_sr"": 6.6, ""trail_mult"": 4.0, ""trail_tp"": true, ""use_trailing"": true}",{},
2511,-1000000000.0,TrialState.COMPLETE,2026-04-01T07:00:53.309296,2026-04-01T07:00:53.401605,0.092309,"{""atr_window"": 12, ""bb_std_dev"": 2.1, ""bb_window"": 20, ""cooldown"": 1, ""macd_fast"": 13, ""macd_k"": 1.3, ""macd_k_mid"": 0.5, ""macd_signal"": 7, ""macd_slow"": 39, ""macd_std_window"": 89, ""rebalance_freq"": 150, ""rebounce_block"": 1, ""sl_mult_lm"": 1.55, ""sl_mult_lr"": 2.9, ""sl_mult_sm"": 1.85, ""sl_mult_sr"": 2.3, ""time_stop"": 0, ""tp_mult_lm"": 4.9, ""tp_mult_lr"": 9.8, ""tp_mult_sm"": 5.2, ""tp_mult_sr"": 4.4, ""trail_mult"": 3.2, ""trail_tp"": true, ""use_trailing"": true}",{},
2512,-1000000000.0,TrialState.COMPLETE,2026-04-01T07:00:53.440088,2026-04-01T07:00:53.534558,0.09447,"{""atr_window"": 19, ""bb_std_dev"": 2.15, ""bb_window"": 17, ""cooldown"": 1, ""macd_fast"": 10, ""macd_k"": 1.4, ""macd_k_mid"": 0.75, ""macd_signal"": 8, ""macd_slow"": 35, ""macd_std_window"": 87, ""rebalance_freq"": 180, ""rebounce_block"": 0, ""sl_mult_lm"": 1.25, ""sl_mult_lr"": 3.1, ""sl_mult_sm"": 1.65, ""sl_mult_sr"": 2.1, ""time_stop"": 6, ""tp_mult_lm"": 5.4, ""tp_mult_lr"": 9.6, ""tp_mult_sm"": 6.4, ""tp_mult_sr"": 6.800000000000001, ""trail_mult"": 3.6, ""trail_tp"": true, ""use_trailing"": true}",{},
2513,-1000000000.0,TrialState.COMPLETE,2026-04-01T07:00:53.573036,2026-04-01T07:00:53.666031,0.092995,"{""atr_window"": 20, ""bb_std_dev"": 2.3, ""bb_window"": 23, ""cooldown"": 2, ""macd_fast"": 14, ""macd_k"": 1.05, ""macd_k_mid"": 0.9, ""macd_signal"": 5, ""macd_slow"": 37, ""macd_std_window"": 85, ""rebalance_freq"": 120, ""rebounce_block"": 6, ""sl_mult_lm"": 1.85, ""sl_mult_lr"": 2.0, ""sl_mult_sm"": 1.4, ""sl_mult_sr"": 1.9, ""time_stop"": 2, ""tp_mult_lm"": 5.3, ""tp_mult_lr"": 8.8, ""tp_mult_sm"": 5.0, ""tp_mult_sr"": 4.0, ""trail_mult"": 2.7, ""trail_tp"": true, ""use_trailing"": false}",{},
2514,-1000000000.0,TrialState.COMPLETE,2026-04-01T07:00:53.713339,2026-04-01T07:00:53.802441,0.089102,"{""atr_window"": 18, ""bb_std_dev"": 2.45, ""bb_window"": 19, ""cooldown"": 1, ""macd_fast"": 15, ""macd_k"": 1.65, ""macd_k_mid"": 0.9, ""macd_signal"": 9, ""macd_slow"": 40, ""macd_std_window"": 81, ""rebalance_freq"": 180, ""rebounce_block"": 5, ""sl_mult_lm"": 2.1, ""sl_mult_lr"": 4.1, ""sl_mult_sm"": 1.9, ""sl_mult_sr"": 2.7, ""time_stop"": 26, ""tp_mult_lm"": 5.7, ""tp_mult_lr"": 8.0, ""tp_mult_sm"": 6.6, ""tp_mult_sr"": 3.8, ""trail_mult"": 3.8000000000000003, ""trail_tp"": true, ""use_trailing"": true}",{},
2515,-1000000000.0,TrialState.COMPLETE,2026-04-01T07:00:53.843157,2026-04-01T07:00:53.939595,0.096438,"{""atr_window"": 17, ""bb_std_dev"": 1.7999999999999998, ""bb_window"": 21, ""cooldown"": 0, ""macd_fast"": 12, ""macd_k"": 1.75, ""macd_k_mid"": 0.7, ""macd_signal"": 8, ""macd_slow"": 35, ""macd_std_window"": 71, ""rebalance_freq"": 150, ""rebounce_block"": 4, ""sl_mult_lm"": 1.05, ""sl_mult_lr"": 2.8, ""sl_mult_sm"": 1.5, ""sl_mult_sr"": 2.2, ""time_stop"": 3, ""tp_mult_lm"": 4.6, ""tp_mult_lr"": 11.8, ""tp_mult_sm"": 3.0, ""tp_mult_sr"": 3.7, ""trail_mult"": 3.0, ""trail_tp"": true, ""use_trailing"": true}",{},
2516,-1000000000.0,TrialState.COMPLETE,2026-04-01T07:00:53.978882,2026-04-01T07:00:54.069919,0.091037,"{""atr_window"": 16, ""bb_std_dev"": 2.2, ""bb_window"": 22, ""cooldown"": 3, ""macd_fast"": 14, ""macd_k"": 1.0, ""macd_k_mid"": 0.8, ""macd_signal"": 7, ""macd_slow"": 38, ""macd_std_window"": 74, ""rebalance_freq"": 180, ""rebounce_block"": 6, ""sl_mult_lm"": 1.35, ""sl_mult_lr"": 3.2, ""sl_mult_sm"": 1.8, ""sl_mult_sr"": 2.0, ""time_stop"": 5, ""tp_mult_lm"": 5.1, ""tp_mult_lr"": 11.0, ""tp_mult_sm"": 5.6, ""tp_mult_sr"": 4.9, ""trail_mult"": 3.2, ""trail_tp"": true, ""use_trailing"": true}",{},
2517,-1000000000.0,TrialState.COMPLETE,2026-04-01T07:00:54.122136,2026-04-01T07:00:56.565303,2.443167,"{""atr_window"": 10, ""bb_std_dev"": 1.4, ""bb_window"": 20, ""cooldown"": 2, ""macd_fast"": 14, ""macd_k"": 1.25, ""macd_k_mid"": 0.95, ""macd_signal"": 6, ""macd_slow"": 36, ""macd_std_window"": 80, ""rebalance_freq"": 150, ""rebounce_block"": 5, ""sl_mult_lm"": 1.75, ""sl_mult_lr"": 3.8, ""sl_mult_sm"": 1.85, ""sl_mult_sr"": 1.6, ""time_stop"": 29, ""tp_mult_lm"": 5.800000000000001, ""tp_mult_lr"": 10.2, ""tp_mult_sm"": 4.0, ""tp_mult_sr"": 3.0, ""trail_mult"": 3.5, ""trail_tp"": true, ""use_trailing"": false}",{},
2518,-1000000000.0,TrialState.COMPLETE,2026-04-01T07:00:56.621237,2026-04-01T07:00:56.748374,0.127137,"{""atr_window"": 11, ""bb_std_dev"": 2.5, ""bb_window"": 17, ""cooldown"": 2, ""macd_fast"": 12, ""macd_k"": 1.45, ""macd_k_mid"": 0.5, ""macd_signal"": 9, ""macd_slow"": 35, ""macd_std_window"": 91, ""rebalance_freq"": 120, ""rebounce_block"": 0, ""sl_mult_lm"": 1.15, ""sl_mult_lr"": 3.0, ""sl_mult_sm"": 1.55, ""sl_mult_sr"": 2.6, ""time_stop"": 9, ""tp_mult_lm"": 5.9, ""tp_mult_lr"": 10.4, ""tp_mult_sm"": 3.7, ""tp_mult_sr"": 5.5, ""trail_mult"": 3.1, ""trail_tp"": true, ""use_trailing"": true}",{},
2519,-1000000000.0,TrialState.COMPLETE,2026-04-01T07:00:56.788442,2026-04-01T07:00:56.898856,0.110414,"{""atr_window"": 20, ""bb_std_dev"": 2.0, ""bb_window"": 20, ""cooldown"": 1, ""macd_fast"": 13, ""macd_k"": 1.5, ""macd_k_mid"": 0.7, ""macd_signal"": 10, ""macd_slow"": 40, ""macd_std_window"": 83, ""rebalance_freq"": 150, ""rebounce_block"": 3, ""sl_mult_lm"": 1.45, ""sl_mult_lr"": 4.7, ""sl_mult_sm"": 1.75, ""sl_mult_sr"": 3.3, ""time_stop"": 17, ""tp_mult_lm"": 5.5, ""tp_mult_lr"": 9.4, ""tp_mult_sm"": 6.0, ""tp_mult_sr"": 3.2, ""trail_mult"": 2.6, ""trail_tp"": true, ""use_trailing"": true}",{},
2520,-1000000000.0,TrialState.COMPLETE,2026-04-01T07:00:56.941383,2026-04-01T07:00:57.036609,0.095226,"{""atr_window"": 16, ""bb_std_dev"": 1.5499999999999998, ""bb_window"": 18, ""cooldown"": 0, ""macd_fast"": 10, ""macd_k"": 1.6, ""macd_k_mid"": 0.8500000000000001, ""macd_signal"": 8, ""macd_slow"": 37, ""macd_std_window"": 78, ""rebalance_freq"": 150, ""rebounce_block"": 3, ""sl_mult_lm"": 1.85, ""sl_mult_lr"": 3.6, ""sl_mult_sm"": 1.9, ""sl_mult_sr"": 1.5, ""time_stop"": 25, ""tp_mult_lm"": 5.2, ""tp_mult_lr"": 11.2, ""tp_mult_sm"": 3.4, ""tp_mult_sr"": 4.5, ""trail_mult"": 1.8, ""trail_tp"": true, ""use_trailing"": false}",{},
2521,-1000000000.0,TrialState.COMPLETE,2026-04-01T07:00:57.076968,2026-04-01T07:00:57.173930,0.096962,"{""atr_window"": 18, ""bb_std_dev"": 1.5999999999999999, ""bb_window"": 21, ""cooldown"": 1, ""macd_fast"": 15, ""macd_k"": 1.0, ""macd_k_mid"": 0.75, ""macd_signal"": 10, ""macd_slow"": 41, ""macd_std_window"": 88, ""rebalance_freq"": 180, ""rebounce_block"": 1, ""sl_mult_lm"": 1.25, ""sl_mult_lr"": 4.2, ""sl_mult_sm"": 1.6, ""sl_mult_sr"": 3.2, ""time_stop"": 10, ""tp_mult_lm"": 5.4, ""tp_mult_lr"": 11.4, ""tp_mult_sm"": 5.300000000000001, ""tp_mult_sr"": 4.0, ""trail_mult"": 2.4, ""trail_tp"": true, ""use_trailing"": true}",{},
2522,-1000000000.0,TrialState.COMPLETE,2026-04-01T07:00:57.214393,2026-04-01T07:00:57.327840,0.113447,"{""atr_window"": 17, ""bb_std_dev"": 1.5, ""bb_window"": 17, ""cooldown"": 2, ""macd_fast"": 11, ""macd_k"": 1.55, ""macd_k_mid"": 0.95, ""macd_signal"": 8, ""macd_slow"": 39, ""macd_std_window"": 84, ""rebalance_freq"": 120, ""rebounce_block"": 2, ""sl_mult_lm"": 1.35, ""sl_mult_lr"": 4.9, ""sl_mult_sm"": 1.65, ""sl_mult_sr"": 2.1, ""time_stop"": 1, ""tp_mult_lm"": 6.0, ""tp_mult_lr"": 12.0, ""tp_mult_sm"": 3.5, ""tp_mult_sr"": 5.0, ""trail_mult"": 3.2, ""trail_tp"": true, ""use_trailing"": true}",{},
2523,-1000000000.0,TrialState.COMPLETE,2026-04-01T07:00:57.367023,2026-04-01T07:00:57.459336,0.092313,"{""atr_window"": 19, ""bb_std_dev"": 2.4, ""bb_window"": 18, ""cooldown"": 3, ""macd_fast"": 13, ""macd_k"": 1.3, ""macd_k_mid"": 0.65, ""macd_signal"": 9, ""macd_slow"": 41, ""macd_std_window"": 71, ""rebalance_freq"": 150, ""rebounce_block"": 4, ""sl_mult_lm"": 1.3, ""sl_mult_lr"": 2.7, ""sl_mult_sm"": 1.9500000000000002, ""sl_mult_sr"": 1.5, ""time_stop"": 28, ""tp_mult_lm"": 4.8, ""tp_mult_lr"": 11.6, ""tp_mult_sm"": 6.1, ""tp_mult_sr"": 4.7, ""trail_mult"": 3.3, ""trail_tp"": true, ""use_trailing"": true}",{},
2524,-1000000000.0,TrialState.COMPLETE,2026-04-01T07:00:57.497465,2026-04-01T07:00:57.589616,0.092151,"{""atr_window"": 16, ""bb_std_dev"": 2.05, ""bb_window"": 24, ""cooldown"": 0, ""macd_fast"": 12, ""macd_k"": 1.65, ""macd_k_mid"": 0.5, ""macd_signal"": 6, ""macd_slow"": 35, ""macd_std_window"": 92, ""rebalance_freq"": 180, ""rebounce_block"": 5, ""sl_mult_lm"": 1.8, ""sl_mult_lr"": 4.5, ""sl_mult_sm"": 1.7000000000000002, ""sl_mult_sr"": 2.2, ""time_stop"": 14, ""tp_mult_lm"": 5.2, ""tp_mult_lr"": 13.600000000000001, ""tp_mult_sm"": 5.5, ""tp_mult_sr"": 6.7, ""trail_mult"": 3.4000000000000004, ""trail_tp"": true, ""use_trailing"": false}",{},
2525,-1000000000.0,TrialState.COMPLETE,2026-04-01T07:00:57.628625,2026-04-01T07:00:57.730958,0.102333,"{""atr_window"": 12, ""bb_std_dev"": 2.35, ""bb_window"": 25, ""cooldown"": 2, ""macd_fast"": 14, ""macd_k"": 1.2, ""macd_k_mid"": 0.7, ""macd_signal"": 7, ""macd_slow"": 40, ""macd_std_window"": 86, ""rebalance_freq"": 120, ""rebounce_block"": 0, ""sl_mult_lm"": 1.2, ""sl_mult_lr"": 5.0, ""sl_mult_sm"": 1.8, ""sl_mult_sr"": 1.9, ""time_stop"": 12, ""tp_mult_lm"": 5.1, ""tp_mult_lr"": 10.0, ""tp_mult_sm"": 6.800000000000001, ""tp_mult_sr"": 4.1, ""trail_mult"": 2.8, ""trail_tp"": true, ""use_trailing"": true}",{},
2526,-1000000000.0,TrialState.COMPLETE,2026-04-01T07:00:57.778454,2026-04-01T07:16:06.973547,909.195093,"{""atr_window"": 20, ""bb_std_dev"": 2.3, ""bb_window"": 16, ""cooldown"": 1, ""macd_fast"": 16, ""macd_k"": 1.05, ""macd_k_mid"": 1.0, ""macd_signal"": 8, ""macd_slow"": 38, ""macd_std_window"": 81, ""rebalance_freq"": 150, ""rebounce_block"": 6, ""sl_mult_lm"": 1.0, ""sl_mult_lr"": 2.0, ""sl_mult_sm"": 1.5, ""sl_mult_sr"": 1.6, ""time_stop"": 8, ""tp_mult_lm"": 5.0, ""tp_mult_lr"": 8.4, ""tp_mult_sm"": 6.9, ""tp_mult_sr"": 4.6, ""trail_mult"": 3.6, ""trail_tp"": true, ""use_trailing"": true}",{},
2527,-1000000000.0,TrialState.COMPLETE,2026-04-01T07:16:07.012871,2026-04-01T07:16:07.102195,0.089324,"{""atr_window"": 12, ""bb_std_dev"": 2.5, ""bb_window"": 20, ""cooldown"": 2, ""macd_fast"": 13, ""macd_k"": 1.45, ""macd_k_mid"": 0.8, ""macd_signal"": 9, ""macd_slow"": 36, ""macd_std_window"": 90, ""rebalance_freq"": 180, ""rebounce_block"": 5, ""sl_mult_lm"": 1.75, ""sl_mult_lr"": 4.9, ""sl_mult_sm"": 1.45, ""sl_mult_sr"": 2.8, ""time_stop"": 15, ""tp_mult_lm"": 5.800000000000001, ""tp_mult_lr"": 12.2, ""tp_mult_sm"": 4.9, ""tp_mult_sr"": 5.2, ""trail_mult"": 2.9000000000000004, ""trail_tp"": true, ""use_trailing"": true}",{},
2528,-1000000000.0,TrialState.COMPLETE,2026-04-01T07:16:07.140784,2026-04-01T07:16:09.602065,2.461281,"{""atr_window"": 10, ""bb_std_dev"": 2.25, ""bb_window"": 17, ""cooldown"": 1, ""macd_fast"": 15, ""macd_k"": 1.4, ""macd_k_mid"": 0.5, ""macd_signal"": 8, ""macd_slow"": 37, ""macd_std_window"": 79, ""rebalance_freq"": 90, ""rebounce_block"": 2, ""sl_mult_lm"": 2.2, ""sl_mult_lr"": 2.9, ""sl_mult_sm"": 1.0, ""sl_mult_sr"": 1.5, ""time_stop"": 16, ""tp_mult_lm"": 5.3, ""tp_mult_lr"": 9.6, ""tp_mult_sm"": 7.0, ""tp_mult_sr"": 4.2, ""trail_mult"": 3.7, ""trail_tp"": true, ""use_trailing"": false}",{},
2529,-1000000000.0,TrialState.COMPLETE,2026-04-01T07:16:09.644059,2026-04-01T07:16:09.726864,0.082805,"{""atr_window"": 16, ""bb_std_dev"": 1.75, ""bb_window"": 22, ""cooldown"": 3, ""macd_fast"": 10, ""macd_k"": 1.7000000000000002, ""macd_k_mid"": 0.9, ""macd_signal"": 7, ""macd_slow"": 41, ""macd_std_window"": 77, ""rebalance_freq"": 120, ""rebounce_block"": 4, ""sl_mult_lm"": 2.1500000000000004, ""sl_mult_lr"": 3.0, ""sl_mult_sm"": 1.8, ""sl_mult_sr"": 2.5, ""time_stop"": 18, ""tp_mult_lm"": 4.7, ""tp_mult_lr"": 10.6, ""tp_mult_sm"": 4.2, ""tp_mult_sr"": 6.5, ""trail_mult"": 3.3, ""trail_tp"": true, ""use_trailing"": true}",{},
2530,-1000000000.0,TrialState.COMPLETE,2026-04-01T07:16:09.767811,2026-04-01T07:16:09.865106,0.097295,"{""atr_window"": 19, ""bb_std_dev"": 2.15, ""bb_window"": 16, ""cooldown"": 0, ""macd_fast"": 11, ""macd_k"": 1.9500000000000002, ""macd_k_mid"": 0.95, ""macd_signal"": 9, ""macd_slow"": 39, ""macd_std_window"": 82, ""rebalance_freq"": 150, ""rebounce_block"": 6, ""sl_mult_lm"": 1.4, ""sl_mult_lr"": 3.1, ""sl_mult_sm"": 1.75, ""sl_mult_sr"": 3.1, ""time_stop"": 30, ""tp_mult_lm"": 5.6, ""tp_mult_lr"": 10.8, ""tp_mult_sm"": 6.5, ""tp_mult_sr"": 5.1, ""trail_mult"": 1.5, ""trail_tp"": true, ""use_trailing"": true}",{},
2531,-1000000000.0,TrialState.COMPLETE,2026-04-01T07:16:09.903703,2026-04-01T07:16:10.005798,0.102095,"{""atr_window"": 18, ""bb_std_dev"": 2.0, ""bb_window"": 19, ""cooldown"": 1, ""macd_fast"": 12, ""macd_k"": 1.2, ""macd_k_mid"": 0.7, ""macd_signal"": 10, ""macd_slow"": 40, ""macd_std_window"": 70, ""rebalance_freq"": 180, ""rebounce_block"": 3, ""sl_mult_lm"": 1.1, ""sl_mult_lr"": 4.800000000000001, ""sl_mult_sm"": 1.65, ""sl_mult_sr"": 2.1, ""time_stop"": 7, ""tp_mult_lm"": 5.2, ""tp_mult_lr"": 9.8, ""tp_mult_sm"": 3.2, ""tp_mult_sr"": 3.4, ""trail_mult"": 3.1, ""trail_tp"": true, ""use_trailing"": true}",{},
2532,-1000000000.0,TrialState.COMPLETE,2026-04-01T07:16:10.048316,2026-04-01T07:16:12.468364,2.420048,"{""atr_window"": 11, ""bb_std_dev"": 2.1, ""bb_window"": 20, ""cooldown"": 2, ""macd_fast"": 14, ""macd_k"": 1.6, ""macd_k_mid"": 0.65, ""macd_signal"": 6, ""macd_slow"": 35, ""macd_std_window"": 89, ""rebalance_freq"": 150, ""rebounce_block"": 5, ""sl_mult_lm"": 1.45, ""sl_mult_lr"": 5.0, ""sl_mult_sm"": 1.55, ""sl_mult_sr"": 2.3, ""time_stop"": 25, ""tp_mult_lm"": 5.4, ""tp_mult_lr"": 11.6, ""tp_mult_sm"": 6.7, ""tp_mult_sr"": 3.7, ""trail_mult"": 3.0, ""trail_tp"": true, ""use_trailing"": false}",{},
2533,-1000000000.0,TrialState.COMPLETE,2026-04-01T07:16:12.506471,2026-04-01T07:16:15.072812,2.566341,"{""atr_window"": 20, ""bb_std_dev"": 2.45, ""bb_window"": 21, ""cooldown"": 1, ""macd_fast"": 16, ""macd_k"": 1.25, ""macd_k_mid"": 0.5, ""macd_signal"": 8, ""macd_slow"": 36, ""macd_std_window"": 88, ""rebalance_freq"": 150, ""rebounce_block"": 1, ""sl_mult_lm"": 1.05, ""sl_mult_lr"": 2.8, ""sl_mult_sm"": 1.85, ""sl_mult_sr"": 2.0, ""time_stop"": 11, ""tp_mult_lm"": 5.5, ""tp_mult_lr"": 12.2, ""tp_mult_sm"": 5.1, ""tp_mult_sr"": 3.9, ""trail_mult"": 3.7, ""trail_tp"": true, ""use_trailing"": true}",{},
2534,-1000000000.0,TrialState.COMPLETE,2026-04-01T07:16:15.121822,2026-04-01T07:16:17.649590,2.527768,"{""atr_window"": 19, ""bb_std_dev"": 1.8499999999999999, ""bb_window"": 24, ""cooldown"": 3, ""macd_fast"": 13, ""macd_k"": 1.35, ""macd_k_mid"": 0.8, ""macd_signal"": 5, ""macd_slow"": 35, ""macd_std_window"": 73, ""rebalance_freq"": 180, ""rebounce_block"": 3, ""sl_mult_lm"": 1.5, ""sl_mult_lr"": 2.0, ""sl_mult_sm"": 2.0, ""sl_mult_sr"": 2.2, ""time_stop"": 14, ""tp_mult_lm"": 4.9, ""tp_mult_lr"": 11.0, ""tp_mult_sm"": 5.800000000000001, ""tp_mult_sr"": 4.8, ""trail_mult"": 2.5, ""trail_tp"": true, ""use_trailing"": true}",{},
2535,-1000000000.0,TrialState.COMPLETE,2026-04-01T07:16:17.680630,2026-04-01T07:16:17.774845,0.094215,"{""atr_window"": 10, ""bb_std_dev"": 1.65, ""bb_window"": 23, ""cooldown"": 0, ""macd_fast"": 15, ""macd_k"": 1.55, ""macd_k_mid"": 1.0, ""macd_signal"": 9, ""macd_slow"": 41, ""macd_std_window"": 81, ""rebalance_freq"": 120, ""rebounce_block"": 5, ""sl_mult_lm"": 1.7000000000000002, ""sl_mult_lr"": 3.9000000000000004, ""sl_mult_sm"": 1.6, ""sl_mult_sr"": 2.5, ""time_stop"": 13, ""tp_mult_lm"": 5.3, ""tp_mult_lr"": 9.4, ""tp_mult_sm"": 3.3, ""tp_mult_sr"": 7.0, ""trail_mult"": 1.6, ""trail_tp"": true, ""use_trailing"": false}",{},
2536,-1000000000.0,TrialState.COMPLETE,2026-04-01T07:16:17.822720,2026-04-01T07:16:17.908569,0.085849,"{""atr_window"": 17, ""bb_std_dev"": 2.4, ""bb_window"": 17, ""cooldown"": 2, ""macd_fast"": 12, ""macd_k"": 1.0, ""macd_k_mid"": 0.75, ""macd_signal"": 9, ""macd_slow"": 37, ""macd_std_window"": 91, ""rebalance_freq"": 30, ""rebounce_block"": 0, ""sl_mult_lm"": 1.8, ""sl_mult_lr"": 4.9, ""sl_mult_sm"": 1.7000000000000002, ""sl_mult_sr"": 1.5, ""time_stop"": 26, ""tp_mult_lm"": 6.0, ""tp_mult_lr"": 9.2, ""tp_mult_sm"": 5.7, ""tp_mult_sr"": 3.0, ""trail_mult"": 1.7, ""trail_tp"": true, ""use_trailing"": true}",{},
2537,-1000000000.0,TrialState.COMPLETE,2026-04-01T07:16:17.950762,2026-04-01T07:16:18.038496,0.087734,"{""atr_window"": 16, ""bb_std_dev"": 2.2, ""bb_window"": 16, ""cooldown"": 1, ""macd_fast"": 14, ""macd_k"": 1.65, ""macd_k_mid"": 0.7, ""macd_signal"": 8, ""macd_slow"": 40, ""macd_std_window"": 80, ""rebalance_freq"": 180, ""rebounce_block"": 2, ""sl_mult_lm"": 1.85, ""sl_mult_lr"": 3.5, ""sl_mult_sm"": 1.8, ""sl_mult_sr"": 1.6, ""time_stop"": 0, ""tp_mult_lm"": 5.7, ""tp_mult_lr"": 11.8, ""tp_mult_sm"": 3.1, ""tp_mult_sr"": 3.6, ""trail_mult"": 3.2, ""trail_tp"": true, ""use_trailing"": true}",{},
2538,-1000000000.0,TrialState.COMPLETE,2026-04-01T07:16:18.074616,2026-04-01T07:16:18.175043,0.100427,"{""atr_window"": 18, ""bb_std_dev"": 1.7999999999999998, ""bb_window"": 21, ""cooldown"": 2, ""macd_fast"": 13, ""macd_k"": 1.05, ""macd_k_mid"": 0.95, ""macd_signal"": 7, ""macd_slow"": 39, ""macd_std_window"": 83, ""rebalance_freq"": 90, ""rebounce_block"": 6, ""sl_mult_lm"": 2.1, ""sl_mult_lr"": 4.1, ""sl_mult_sm"": 1.9500000000000002, ""sl_mult_sr"": 3.0, ""time_stop"": 5, ""tp_mult_lm"": 5.1, ""tp_mult_lr"": 10.2, ""tp_mult_sm"": 6.4, ""tp_mult_sr"": 6.9, ""trail_mult"": 2.7, ""trail_tp"": true, ""use_trailing"": true}",{},
