number,value,state,datetime_start,datetime_complete,duration_seconds,params_json,fold_sharpes_json,avg_cv_sharpe
1959,-1000000000.0,TrialState.COMPLETE,2026-04-01T04:10:44.487034,2026-04-01T04:10:47.116402,2.629368,"{""atr_window"": 13, ""bb_std_dev"": 1.8499999999999999, ""bb_window"": 18, ""cooldown"": 5, ""macd_fast"": 16, ""macd_k"": 1.45, ""macd_k_mid"": 0.7, ""macd_signal"": 6, ""macd_slow"": 37, ""macd_std_window"": 74, ""rebalance_freq"": 30, ""rebounce_block"": 3, ""sl_mult_lm"": 1.9, ""sl_mult_lr"": 2.4, ""sl_mult_sm"": 1.4, ""sl_mult_sr"": 1.7, ""time_stop"": 10, ""tp_mult_lm"": 5.2, ""tp_mult_lr"": 11.4, ""tp_mult_sm"": 6.800000000000001, ""tp_mult_sr"": 3.5, ""trail_mult"": 2.8, ""trail_tp"": true, ""use_trailing"": true}",{},
1960,-1000000000.0,TrialState.COMPLETE,2026-04-01T04:10:47.152950,2026-04-01T04:10:47.226308,0.073358,"{""atr_window"": 14, ""bb_std_dev"": 2.5, ""bb_window"": 23, ""cooldown"": 1, ""macd_fast"": 15, ""macd_k"": 1.15, ""macd_k_mid"": 0.8500000000000001, ""macd_signal"": 10, ""macd_slow"": 39, ""macd_std_window"": 92, ""rebalance_freq"": 150, ""rebounce_block"": 4, ""sl_mult_lm"": 1.35, ""sl_mult_lr"": 2.5, ""sl_mult_sm"": 1.45, ""sl_mult_sr"": 1.9, ""time_stop"": 5, ""tp_mult_lm"": 4.7, ""tp_mult_lr"": 9.6, ""tp_mult_sm"": 6.1, ""tp_mult_sr"": 4.3, ""trail_mult"": 2.1, ""trail_tp"": false, ""use_trailing"": true}",{},
1961,-1000000000.0,TrialState.COMPLETE,2026-04-01T04:10:47.263698,2026-04-01T04:10:47.335730,0.072032,"{""atr_window"": 20, ""bb_std_dev"": 2.35, ""bb_window"": 16, ""cooldown"": 4, ""macd_fast"": 14, ""macd_k"": 1.5, ""macd_k_mid"": 0.5, ""macd_signal"": 8, ""macd_slow"": 42, ""macd_std_window"": 89, ""rebalance_freq"": 120, ""rebounce_block"": 2, ""sl_mult_lm"": 1.9500000000000002, ""sl_mult_lr"": 2.1, ""sl_mult_sm"": 1.8, ""sl_mult_sr"": 1.5, ""time_stop"": 0, ""tp_mult_lm"": 3.9, ""tp_mult_lr"": 14.2, ""tp_mult_sm"": 4.5, ""tp_mult_sr"": 6.2, ""trail_mult"": 3.3, ""trail_tp"": true, ""use_trailing"": true}",{},
1962,-1000000000.0,TrialState.COMPLETE,2026-04-01T04:10:47.371233,2026-04-01T04:10:47.460845,0.089612,"{""atr_window"": 19, ""bb_std_dev"": 1.9, ""bb_window"": 21, ""cooldown"": 3, ""macd_fast"": 13, ""macd_k"": 1.0, ""macd_k_mid"": 0.55, ""macd_signal"": 9, ""macd_slow"": 43, ""macd_std_window"": 96, ""rebalance_freq"": 150, ""rebounce_block"": 0, ""sl_mult_lm"": 1.2, ""sl_mult_lr"": 2.9, ""sl_mult_sm"": 1.25, ""sl_mult_sr"": 1.8, ""time_stop"": 25, ""tp_mult_lm"": 4.9, ""tp_mult_lr"": 12.0, ""tp_mult_sm"": 4.8, ""tp_mult_sr"": 5.5, ""trail_mult"": 4.0, ""trail_tp"": false, ""use_trailing"": false}",{},
1963,-1000000000.0,TrialState.COMPLETE,2026-04-01T04:10:47.498224,2026-04-01T04:10:50.010544,2.51232,"{""atr_window"": 15, ""bb_std_dev"": 2.4, ""bb_window"": 15, ""cooldown"": 0, ""macd_fast"": 20, ""macd_k"": 1.3, ""macd_k_mid"": 0.6, ""macd_signal"": 7, ""macd_slow"": 40, ""macd_std_window"": 93, ""rebalance_freq"": 180, ""rebounce_block"": 5, ""sl_mult_lm"": 1.15, ""sl_mult_lr"": 3.0, ""sl_mult_sm"": 1.05, ""sl_mult_sr"": 3.3, ""time_stop"": 17, ""tp_mult_lm"": 5.800000000000001, ""tp_mult_lr"": 12.600000000000001, ""tp_mult_sm"": 6.300000000000001, ""tp_mult_sr"": 5.9, ""trail_mult"": 3.2, ""trail_tp"": true, ""use_trailing"": true}",{},
1964,-1000000000.0,TrialState.COMPLETE,2026-04-01T04:10:50.043056,2026-04-01T04:10:50.139328,0.096272,"{""atr_window"": 17, ""bb_std_dev"": 1.75, ""bb_window"": 19, ""cooldown"": 2, ""macd_fast"": 18, ""macd_k"": 1.1, ""macd_k_mid"": 0.65, ""macd_signal"": 8, ""macd_slow"": 44, ""macd_std_window"": 99, ""rebalance_freq"": 30, ""rebounce_block"": 6, ""sl_mult_lm"": 1.25, ""sl_mult_lr"": 2.6, ""sl_mult_sm"": 1.6, ""sl_mult_sr"": 2.2, ""time_stop"": 19, ""tp_mult_lm"": 5.0, ""tp_mult_lr"": 13.600000000000001, ""tp_mult_sm"": 6.9, ""tp_mult_sr"": 6.6, ""trail_mult"": 1.7, ""trail_tp"": false, ""use_trailing"": true}",{},
1965,-1000000000.0,TrialState.COMPLETE,2026-04-01T04:10:50.194597,2026-04-01T04:10:50.267283,0.072686,"{""atr_window"": 18, ""bb_std_dev"": 2.05, ""bb_window"": 17, ""cooldown"": 1, ""macd_fast"": 12, ""macd_k"": 1.85, ""macd_k_mid"": 0.95, ""macd_signal"": 9, ""macd_slow"": 35, ""macd_std_window"": 71, ""rebalance_freq"": 90, ""rebounce_block"": 3, ""sl_mult_lm"": 1.3, ""sl_mult_lr"": 3.9000000000000004, ""sl_mult_sm"": 1.65, ""sl_mult_sr"": 2.1, ""time_stop"": 26, ""tp_mult_lm"": 4.8, ""tp_mult_lr"": 11.6, ""tp_mult_sm"": 3.6, ""tp_mult_sr"": 3.8, ""trail_mult"": 1.5, ""trail_tp"": true, ""use_trailing"": true}",{},
1966,-1000000000.0,TrialState.COMPLETE,2026-04-01T04:10:50.303183,2026-04-01T04:10:50.376761,0.073578,"{""atr_window"": 10, ""bb_std_dev"": 1.45, ""bb_window"": 14, ""cooldown"": 4, ""macd_fast"": 14, ""macd_k"": 1.25, ""macd_k_mid"": 0.7, ""macd_signal"": 10, ""macd_slow"": 41, ""macd_std_window"": 78, ""rebalance_freq"": 120, ""rebounce_block"": 6, ""sl_mult_lm"": 2.05, ""sl_mult_lr"": 2.7, ""sl_mult_sm"": 1.2, ""sl_mult_sr"": 2.0, ""time_stop"": 21, ""tp_mult_lm"": 3.5, ""tp_mult_lr"": 10.2, ""tp_mult_sm"": 5.5, ""tp_mult_sr"": 3.6, ""trail_mult"": 3.6, ""trail_tp"": false, ""use_trailing"": false}",{},
1967,-1000000000.0,TrialState.COMPLETE,2026-04-01T04:10:50.421093,2026-04-01T04:10:50.507544,0.086451,"{""atr_window"": 16, ""bb_std_dev"": 1.5999999999999999, ""bb_window"": 15, ""cooldown"": 2, ""macd_fast"": 19, ""macd_k"": 1.35, ""macd_k_mid"": 0.8, ""macd_signal"": 8, ""macd_slow"": 43, ""macd_std_window"": 91, ""rebalance_freq"": 150, ""rebounce_block"": 1, ""sl_mult_lm"": 2.0, ""sl_mult_lr"": 2.4, ""sl_mult_sm"": 1.5, ""sl_mult_sr"": 2.4, ""time_stop"": 16, ""tp_mult_lm"": 5.6, ""tp_mult_lr"": 8.0, ""tp_mult_sm"": 3.9, ""tp_mult_sr"": 3.1, ""trail_mult"": 3.8000000000000003, ""trail_tp"": true, ""use_trailing"": true}",{},
1968,-1000000000.0,TrialState.COMPLETE,2026-04-01T04:10:50.547013,2026-04-01T04:10:50.626573,0.07956,"{""atr_window"": 14, ""bb_std_dev"": 2.3, ""bb_window"": 14, ""cooldown"": 1, ""macd_fast"": 11, ""macd_k"": 1.6, ""macd_k_mid"": 0.55, ""macd_signal"": 9, ""macd_slow"": 40, ""macd_std_window"": 88, ""rebalance_freq"": 180, ""rebounce_block"": 4, ""sl_mult_lm"": 1.4, ""sl_mult_lr"": 2.0, ""sl_mult_sm"": 1.75, ""sl_mult_sr"": 3.4000000000000004, ""time_stop"": 14, ""tp_mult_lm"": 4.1, ""tp_mult_lr"": 10.6, ""tp_mult_sm"": 4.6, ""tp_mult_sr"": 5.0, ""trail_mult"": 3.1, ""trail_tp"": false, ""use_trailing"": true}",{},
1969,-1000000000.0,TrialState.COMPLETE,2026-04-01T04:10:50.661532,2026-04-01T04:10:50.731239,0.069707,"{""atr_window"": 19, ""bb_std_dev"": 2.15, ""bb_window"": 16, ""cooldown"": 0, ""macd_fast"": 10, ""macd_k"": 1.1, ""macd_k_mid"": 0.75, ""macd_signal"": 7, ""macd_slow"": 37, ""macd_std_window"": 83, ""rebalance_freq"": 150, ""rebounce_block"": 5, ""sl_mult_lm"": 2.2, ""sl_mult_lr"": 4.5, ""sl_mult_sm"": 1.3, ""sl_mult_sr"": 3.2, ""time_stop"": 12, ""tp_mult_lm"": 5.3, ""tp_mult_lr"": 10.0, ""tp_mult_sm"": 6.2, ""tp_mult_sr"": 4.9, ""trail_mult"": 1.9, ""trail_tp"": true, ""use_trailing"": false}",{},
1970,-1000000000.0,TrialState.COMPLETE,2026-04-01T04:10:50.766398,2026-04-01T04:10:50.837604,0.071206,"{""atr_window"": 11, ""bb_std_dev"": 1.7, ""bb_window"": 14, ""cooldown"": 5, ""macd_fast"": 15, ""macd_k"": 1.65, ""macd_k_mid"": 0.5, ""macd_signal"": 6, ""macd_slow"": 38, ""macd_std_window"": 70, ""rebalance_freq"": 90, ""rebounce_block"": 0, ""sl_mult_lm"": 1.9, ""sl_mult_lr"": 3.3, ""sl_mult_sm"": 1.6, ""sl_mult_sr"": 1.6, ""time_stop"": 20, ""tp_mult_lm"": 5.5, ""tp_mult_lr"": 11.0, ""tp_mult_sm"": 5.2, ""tp_mult_sr"": 4.4, ""trail_mult"": 3.5, ""trail_tp"": false, ""use_trailing"": true}",{},
1971,-1000000000.0,TrialState.COMPLETE,2026-04-01T04:10:50.887197,2026-04-01T04:10:53.349540,2.462343,"{""atr_window"": 20, ""bb_std_dev"": 1.4, ""bb_window"": 17, ""cooldown"": 3, ""macd_fast"": 17, ""macd_k"": 1.05, ""macd_k_mid"": 0.55, ""macd_signal"": 9, ""macd_slow"": 39, ""macd_std_window"": 94, ""rebalance_freq"": 60, ""rebounce_block"": 3, ""sl_mult_lm"": 1.0, ""sl_mult_lr"": 4.1, ""sl_mult_sm"": 1.9500000000000002, ""sl_mult_sr"": 2.3, ""time_stop"": 8, ""tp_mult_lm"": 5.9, ""tp_mult_lr"": 14.0, ""tp_mult_sm"": 5.300000000000001, ""tp_mult_sr"": 6.9, ""trail_mult"": 2.2, ""trail_tp"": true, ""use_trailing"": true}",{},
1972,-1000000000.0,TrialState.COMPLETE,2026-04-01T04:10:53.384191,2026-04-01T04:10:53.466463,0.082272,"{""atr_window"": 16, ""bb_std_dev"": 1.7999999999999998, ""bb_window"": 20, ""cooldown"": 4, ""macd_fast"": 12, ""macd_k"": 1.45, ""macd_k_mid"": 0.9, ""macd_signal"": 8, ""macd_slow"": 44, ""macd_std_window"": 73, ""rebalance_freq"": 120, ""rebounce_block"": 5, ""sl_mult_lm"": 2.1500000000000004, ""sl_mult_lr"": 4.800000000000001, ""sl_mult_sm"": 1.7000000000000002, ""sl_mult_sr"": 3.1, ""time_stop"": 27, ""tp_mult_lm"": 5.4, ""tp_mult_lr"": 12.4, ""tp_mult_sm"": 3.4, ""tp_mult_sr"": 6.300000000000001, ""trail_mult"": 3.0, ""trail_tp"": false, ""use_trailing"": true}",{},
1973,-1000000000.0,TrialState.COMPLETE,2026-04-01T04:10:53.504808,2026-04-01T04:10:53.581471,0.076663,"{""atr_window"": 15, ""bb_std_dev"": 2.45, ""bb_window"": 25, ""cooldown"": 1, ""macd_fast"": 16, ""macd_k"": 1.4, ""macd_k_mid"": 0.65, ""macd_signal"": 7, ""macd_slow"": 41, ""macd_std_window"": 87, ""rebalance_freq"": 180, ""rebounce_block"": 6, ""sl_mult_lm"": 1.85, ""sl_mult_lr"": 2.2, ""sl_mult_sm"": 1.9, ""sl_mult_sr"": 1.8, ""time_stop"": 13, ""tp_mult_lm"": 5.7, ""tp_mult_lr"": 8.4, ""tp_mult_sm"": 7.0, ""tp_mult_sr"": 5.7, ""trail_mult"": 3.9000000000000004, ""trail_tp"": true, ""use_trailing"": false}",{},
1974,-1000000000.0,TrialState.COMPLETE,2026-04-01T04:10:53.611425,2026-04-01T04:10:53.687882,0.076457,"{""atr_window"": 18, ""bb_std_dev"": 2.0, ""bb_window"": 22, ""cooldown"": 2, ""macd_fast"": 13, ""macd_k"": 1.3, ""macd_k_mid"": 0.6, ""macd_signal"": 5, ""macd_slow"": 42, ""macd_std_window"": 97, ""rebalance_freq"": 30, ""rebounce_block"": 2, ""sl_mult_lm"": 2.0, ""sl_mult_lr"": 3.1, ""sl_mult_sm"": 1.0, ""sl_mult_sr"": 1.5, ""time_stop"": 4, ""tp_mult_lm"": 5.6, ""tp_mult_lr"": 12.2, ""tp_mult_sm"": 3.0, ""tp_mult_sr"": 4.1, ""trail_mult"": 2.6, ""trail_tp"": false, ""use_trailing"": true}",{},
1975,-1000000000.0,TrialState.COMPLETE,2026-04-01T04:10:53.725962,2026-04-01T04:25:22.784629,869.058667,"{""atr_window"": 13, ""bb_std_dev"": 2.25, ""bb_window"": 24, ""cooldown"": 1, ""macd_fast"": 20, ""macd_k"": 1.7000000000000002, ""macd_k_mid"": 0.55, ""macd_signal"": 8, ""macd_slow"": 35, ""macd_std_window"": 80, ""rebalance_freq"": 150, ""rebounce_block"": 4, ""sl_mult_lm"": 1.35, ""sl_mult_lr"": 2.3, ""sl_mult_sm"": 1.55, ""sl_mult_sr"": 1.9, ""time_stop"": 18, ""tp_mult_lm"": 4.1, ""tp_mult_lr"": 9.8, ""tp_mult_sm"": 6.7, ""tp_mult_sr"": 3.7, ""trail_mult"": 3.2, ""trail_tp"": true, ""use_trailing"": true}",{},
1976,-1000000000.0,TrialState.COMPLETE,2026-04-01T04:25:22.822586,2026-04-01T04:25:22.903331,0.080745,"{""atr_window"": 14, ""bb_std_dev"": 2.35, ""bb_window"": 14, ""cooldown"": 3, ""macd_fast"": 14, ""macd_k"": 1.25, ""macd_k_mid"": 0.7, ""macd_signal"": 9, ""macd_slow"": 43, ""macd_std_window"": 89, ""rebalance_freq"": 150, ""rebounce_block"": 5, ""sl_mult_lm"": 1.25, ""sl_mult_lr"": 4.2, ""sl_mult_sm"": 1.8, ""sl_mult_sr"": 2.7, ""time_stop"": 16, ""tp_mult_lm"": 4.4, ""tp_mult_lr"": 15.4, ""tp_mult_sm"": 6.6, ""tp_mult_sr"": 4.7, ""trail_mult"": 2.0, ""trail_tp"": false, ""use_trailing"": true}",{},
1977,-1000000000.0,TrialState.COMPLETE,2026-04-01T04:25:22.943894,2026-04-01T04:25:23.021722,0.077828,"{""atr_window"": 12, ""bb_std_dev"": 1.95, ""bb_window"": 16, ""cooldown"": 0, ""macd_fast"": 18, ""macd_k"": 1.0, ""macd_k_mid"": 1.0, ""macd_signal"": 10, ""macd_slow"": 36, ""macd_std_window"": 90, ""rebalance_freq"": 120, ""rebounce_block"": 0, ""sl_mult_lm"": 2.1, ""sl_mult_lr"": 5.0, ""sl_mult_sm"": 1.65, ""sl_mult_sr"": 2.0, ""time_stop"": 21, ""tp_mult_lm"": 5.1, ""tp_mult_lr"": 13.0, ""tp_mult_sm"": 6.4, ""tp_mult_sr"": 4.5, ""trail_mult"": 3.8000000000000003, ""trail_tp"": true, ""use_trailing"": false}",{},
1978,-1000000000.0,TrialState.COMPLETE,2026-04-01T04:25:23.059042,2026-04-01T04:25:23.131695,0.072653,"{""atr_window"": 20, ""bb_std_dev"": 2.1, ""bb_window"": 15, ""cooldown"": 2, ""macd_fast"": 15, ""macd_k"": 1.5, ""macd_k_mid"": 0.5, ""macd_signal"": 7, ""macd_slow"": 43, ""macd_std_window"": 81, ""rebalance_freq"": 180, ""rebounce_block"": 3, ""sl_mult_lm"": 1.55, ""sl_mult_lr"": 4.6, ""sl_mult_sm"": 2.0, ""sl_mult_sr"": 1.7, ""time_stop"": 22, ""tp_mult_lm"": 4.7, ""tp_mult_lr"": 16.0, ""tp_mult_sm"": 3.2, ""tp_mult_sr"": 3.9, ""trail_mult"": 3.7, ""trail_tp"": false, ""use_trailing"": true}",{},
1979,-1000000000.0,TrialState.COMPLETE,2026-04-01T04:25:23.170018,2026-04-01T04:25:23.243977,0.073959,"{""atr_window"": 17, ""bb_std_dev"": 2.2, ""bb_window"": 21, ""cooldown"": 1, ""macd_fast"": 12, ""macd_k"": 1.8, ""macd_k_mid"": 0.7, ""macd_signal"": 9, ""macd_slow"": 40, ""macd_std_window"": 100, ""rebalance_freq"": 90, ""rebounce_block"": 6, ""sl_mult_lm"": 1.4, ""sl_mult_lr"": 2.1, ""sl_mult_sm"": 1.85, ""sl_mult_sr"": 2.5, ""time_stop"": 9, ""tp_mult_lm"": 3.8, ""tp_mult_lr"": 13.2, ""tp_mult_sm"": 3.8, ""tp_mult_sr"": 6.5, ""trail_mult"": 2.1, ""trail_tp"": true, ""use_trailing"": true}",{},
1980,-1000000000.0,TrialState.COMPLETE,2026-04-01T04:25:23.280847,2026-04-01T04:25:23.364906,0.084059,"{""atr_window"": 18, ""bb_std_dev"": 2.5, ""bb_window"": 17, ""cooldown"": 4, ""macd_fast"": 20, ""macd_k"": 1.55, ""macd_k_mid"": 0.6, ""macd_signal"": 6, ""macd_slow"": 44, ""macd_std_window"": 86, ""rebalance_freq"": 150, ""rebounce_block"": 1, ""sl_mult_lm"": 1.6, ""sl_mult_lr"": 2.5, ""sl_mult_sm"": 1.75, ""sl_mult_sr"": 2.8, ""time_stop"": 18, ""tp_mult_lm"": 5.3, ""tp_mult_lr"": 11.2, ""tp_mult_sm"": 5.800000000000001, ""tp_mult_sr"": 5.2, ""trail_mult"": 3.7, ""trail_tp"": false, ""use_trailing"": true}",{},
1981,-1000000000.0,TrialState.COMPLETE,2026-04-01T04:25:23.404887,2026-04-01T04:25:25.759855,2.354968,"{""atr_window"": 14, ""bb_std_dev"": 1.8499999999999999, ""bb_window"": 23, ""cooldown"": 0, ""macd_fast"": 17, ""macd_k"": 1.15, ""macd_k_mid"": 0.55, ""macd_signal"": 8, ""macd_slow"": 38, ""macd_std_window"": 82, ""rebalance_freq"": 180, ""rebounce_block"": 5, ""sl_mult_lm"": 1.9500000000000002, ""sl_mult_lr"": 2.4, ""sl_mult_sm"": 1.7000000000000002, ""sl_mult_sr"": 2.1, ""time_stop"": 15, ""tp_mult_lm"": 6.0, ""tp_mult_lr"": 12.0, ""tp_mult_sm"": 3.1, ""tp_mult_sr"": 4.0, ""trail_mult"": 2.2, ""trail_tp"": true, ""use_trailing"": false}",{},
1982,-1000000000.0,TrialState.COMPLETE,2026-04-01T04:25:25.796950,2026-04-01T04:25:25.873462,0.076512,"{""atr_window"": 15, ""bb_std_dev"": 2.4, ""bb_window"": 14, ""cooldown"": 3, ""macd_fast"": 13, ""macd_k"": 1.05, ""macd_k_mid"": 0.75, ""macd_signal"": 9, ""macd_slow"": 40, ""macd_std_window"": 91, ""rebalance_freq"": 30, ""rebounce_block"": 3, ""sl_mult_lm"": 1.5, ""sl_mult_lr"": 3.0, ""sl_mult_sm"": 1.55, ""sl_mult_sr"": 3.0, ""time_stop"": 23, ""tp_mult_lm"": 5.2, ""tp_mult_lr"": 14.600000000000001, ""tp_mult_sm"": 6.1, ""tp_mult_sr"": 3.4, ""trail_mult"": 3.3, ""trail_tp"": false, ""use_trailing"": true}",{},
1983,-1000000000.0,TrialState.COMPLETE,2026-04-01T04:25:25.914026,2026-04-01T04:25:26.003419,0.089393,"{""atr_window"": 13, ""bb_std_dev"": 2.3, ""bb_window"": 18, ""cooldown"": 5, ""macd_fast"": 10, ""macd_k"": 1.9, ""macd_k_mid"": 0.55, ""macd_signal"": 8, ""macd_slow"": 41, ""macd_std_window"": 79, ""rebalance_freq"": 120, ""rebounce_block"": 2, ""sl_mult_lm"": 1.8, ""sl_mult_lr"": 2.6, ""sl_mult_sm"": 1.65, ""sl_mult_sr"": 1.6, ""time_stop"": 14, ""tp_mult_lm"": 5.4, ""tp_mult_lr"": 10.8, ""tp_mult_sm"": 6.0, ""tp_mult_sr"": 5.6, ""trail_mult"": 1.6, ""trail_tp"": true, ""use_trailing"": true}",{},
1984,-1000000000.0,TrialState.COMPLETE,2026-04-01T04:25:26.044568,2026-04-01T04:25:28.477851,2.433283,"{""atr_window"": 16, ""bb_std_dev"": 2.0, ""bb_window"": 15, ""cooldown"": 2, ""macd_fast"": 16, ""macd_k"": 1.35, ""macd_k_mid"": 0.8, ""macd_signal"": 10, ""macd_slow"": 37, ""macd_std_window"": 88, ""rebalance_freq"": 150, ""rebounce_block"": 4, ""sl_mult_lm"": 2.05, ""sl_mult_lr"": 3.8, ""sl_mult_sm"": 1.85, ""sl_mult_sr"": 3.5, ""time_stop"": 29, ""tp_mult_lm"": 5.0, ""tp_mult_lr"": 9.0, ""tp_mult_sm"": 4.3, ""tp_mult_sr"": 6.4, ""trail_mult"": 2.5, ""trail_tp"": false, ""use_trailing"": false}",{},
1985,-1000000000.0,TrialState.COMPLETE,2026-04-01T04:25:28.515193,2026-04-01T04:25:28.586288,0.071095,"{""atr_window"": 19, ""bb_std_dev"": 1.5499999999999998, ""bb_window"": 16, ""cooldown"": 1, ""macd_fast"": 14, ""macd_k"": 1.2, ""macd_k_mid"": 0.95, ""macd_signal"": 6, ""macd_slow"": 42, ""macd_std_window"": 84, ""rebalance_freq"": 150, ""rebounce_block"": 0, ""sl_mult_lm"": 1.05, ""sl_mult_lr"": 3.5, ""sl_mult_sm"": 1.1, ""sl_mult_sr"": 2.3, ""time_stop"": 20, ""tp_mult_lm"": 5.2, ""tp_mult_lr"": 9.6, ""tp_mult_sm"": 5.4, ""tp_mult_sr"": 5.800000000000001, ""trail_mult"": 3.1, ""trail_tp"": true, ""use_trailing"": true}",{},
1986,-1000000000.0,TrialState.COMPLETE,2026-04-01T04:25:28.623581,2026-04-01T04:25:28.700734,0.077153,"{""atr_window"": 15, ""bb_std_dev"": 2.45, ""bb_window"": 19, ""cooldown"": 4, ""macd_fast"": 12, ""macd_k"": 1.15, ""macd_k_mid"": 0.8500000000000001, ""macd_signal"": 8, ""macd_slow"": 43, ""macd_std_window"": 99, ""rebalance_freq"": 180, ""rebounce_block"": 5, ""sl_mult_lm"": 1.7000000000000002, ""sl_mult_lr"": 2.8, ""sl_mult_sm"": 1.45, ""sl_mult_sr"": 2.6, ""time_stop"": 12, ""tp_mult_lm"": 3.6, ""tp_mult_lr"": 12.8, ""tp_mult_sm"": 3.3, ""tp_mult_sr"": 3.1, ""trail_mult"": 2.4, ""trail_tp"": true, ""use_trailing"": true}",{},
1987,-1000000000.0,TrialState.COMPLETE,2026-04-01T04:25:28.739040,2026-04-01T04:25:28.813543,0.074503,"{""atr_window"": 20, ""bb_std_dev"": 2.05, ""bb_window"": 14, ""cooldown"": 0, ""macd_fast"": 11, ""macd_k"": 2.0, ""macd_k_mid"": 0.65, ""macd_signal"": 9, ""macd_slow"": 35, ""macd_std_window"": 72, ""rebalance_freq"": 90, ""rebounce_block"": 2, ""sl_mult_lm"": 1.1, ""sl_mult_lr"": 2.9, ""sl_mult_sm"": 1.9500000000000002, ""sl_mult_sr"": 2.2, ""time_stop"": 3, ""tp_mult_lm"": 5.5, ""tp_mult_lr"": 11.8, ""tp_mult_sm"": 5.7, ""tp_mult_sr"": 3.2, ""trail_mult"": 1.8, ""trail_tp"": false, ""use_trailing"": true}",{},
1988,-1000000000.0,TrialState.COMPLETE,2026-04-01T04:25:28.850605,2026-04-01T04:25:28.924618,0.074013,"{""atr_window"": 11, ""bb_std_dev"": 1.7, ""bb_window"": 20, ""cooldown"": 1, ""macd_fast"": 15, ""macd_k"": 1.0, ""macd_k_mid"": 0.5, ""macd_signal"": 7, ""macd_slow"": 39, ""macd_std_window"": 70, ""rebalance_freq"": 60, ""rebounce_block"": 6, ""sl_mult_lm"": 1.15, ""sl_mult_lr"": 2.2, ""sl_mult_sm"": 1.25, ""sl_mult_sr"": 1.5, ""time_stop"": 7, ""tp_mult_lm"": 4.0, ""tp_mult_lr"": 13.4, ""tp_mult_sm"": 6.5, ""tp_mult_sr"": 5.4, ""trail_mult"": 2.3, ""trail_tp"": true, ""use_trailing"": false}",{},
1989,-1000000000.0,TrialState.COMPLETE,2026-04-01T04:25:28.964368,2026-04-01T04:25:29.042621,0.078253,"{""atr_window"": 18, ""bb_std_dev"": 1.7999999999999998, ""bb_window"": 15, ""cooldown"": 2, ""macd_fast"": 18, ""macd_k"": 1.45, ""macd_k_mid"": 0.6, ""macd_signal"": 8, ""macd_slow"": 44, ""macd_std_window"": 84, ""rebalance_freq"": 30, ""rebounce_block"": 1, ""sl_mult_lm"": 1.2, ""sl_mult_lr"": 2.4, ""sl_mult_sm"": 1.5, ""sl_mult_sr"": 1.7, ""time_stop"": 25, ""tp_mult_lm"": 4.8, ""tp_mult_lr"": 12.4, ""tp_mult_sm"": 4.2, ""tp_mult_sr"": 3.0, ""trail_mult"": 2.9000000000000004, ""trail_tp"": false, ""use_trailing"": true}",{},
1990,-1000000000.0,TrialState.COMPLETE,2026-04-01T04:25:29.076859,2026-04-01T04:25:31.540619,2.46376,"{""atr_window"": 16, ""bb_std_dev"": 2.2, ""bb_window"": 22, ""cooldown"": 3, ""macd_fast"": 19, ""macd_k"": 1.6, ""macd_k_mid"": 0.9, ""macd_signal"": 8, ""macd_slow"": 37, ""macd_std_window"": 75, ""rebalance_freq"": 150, ""rebounce_block"": 5, ""sl_mult_lm"": 1.0, ""sl_mult_lr"": 3.4000000000000004, ""sl_mult_sm"": 1.6, ""sl_mult_sr"": 2.1, ""time_stop"": 10, ""tp_mult_lm"": 4.6, ""tp_mult_lr"": 11.6, ""tp_mult_sm"": 3.5, ""tp_mult_sr"": 6.0, ""trail_mult"": 3.6, ""trail_tp"": true, ""use_trailing"": true}",{},
1991,-1000000000.0,TrialState.COMPLETE,2026-04-01T04:25:31.572342,2026-04-01T04:25:34.112857,2.540515,"{""atr_window"": 17, ""bb_std_dev"": 1.65, ""bb_window"": 17, ""cooldown"": 1, ""macd_fast"": 14, ""macd_k"": 1.5, ""macd_k_mid"": 0.55, ""macd_signal"": 5, ""macd_slow"": 36, ""macd_std_window"": 90, ""rebalance_freq"": 180, ""rebounce_block"": 3, ""sl_mult_lm"": 1.3, ""sl_mult_lr"": 2.3, ""sl_mult_sm"": 1.35, ""sl_mult_sr"": 1.8, ""time_stop"": 0, ""tp_mult_lm"": 4.3, ""tp_mult_lr"": 10.0, ""tp_mult_sm"": 4.9, ""tp_mult_sr"": 4.8, ""trail_mult"": 3.2, ""trail_tp"": false, ""use_trailing"": true}",{},
1992,-1000000000.0,TrialState.COMPLETE,2026-04-01T04:25:34.150930,2026-04-01T04:25:36.625504,2.474574,"{""atr_window"": 14, ""bb_std_dev"": 2.1, ""bb_window"": 24, ""cooldown"": 2, ""macd_fast"": 20, ""macd_k"": 1.1, ""macd_k_mid"": 0.5, ""macd_signal"": 9, ""macd_slow"": 41, ""macd_std_window"": 92, ""rebalance_freq"": 120, ""rebounce_block"": 6, ""sl_mult_lm"": 1.9500000000000002, ""sl_mult_lr"": 2.0, ""sl_mult_sm"": 1.9, ""sl_mult_sr"": 2.2, ""time_stop"": 24, ""tp_mult_lm"": 5.9, ""tp_mult_lr"": 8.2, ""tp_mult_sm"": 4.7, ""tp_mult_sr"": 6.800000000000001, ""trail_mult"": 2.7, ""trail_tp"": true, ""use_trailing"": false}",{},
