number,value,state,datetime_start,datetime_complete,duration_seconds,params_json,fold_sharpes_json,avg_cv_sharpe
1276,-1000000000.0,TrialState.COMPLETE,2026-04-01T02:59:24.036922,2026-04-01T02:59:24.088407,0.051485,"{""atr_window"": 20, ""bb_std_dev"": 2.15, ""bb_window"": 17, ""cooldown"": 1, ""macd_fast"": 17, ""macd_k"": 1.25, ""macd_k_mid"": 0.6, ""macd_signal"": 8, ""macd_slow"": 43, ""macd_std_window"": 87, ""rebalance_freq"": 120, ""rebounce_block"": 2, ""sl_mult_lm"": 1.9, ""sl_mult_lr"": 2.4, ""sl_mult_sm"": 1.9, ""sl_mult_sr"": 2.0, ""time_stop"": 17, ""tp_mult_lm"": 5.3, ""tp_mult_lr"": 16.4, ""tp_mult_sm"": 5.800000000000001, ""tp_mult_sr"": 3.0, ""trail_mult"": 4.0, ""trail_tp"": true, ""use_trailing"": true}",{},
1277,-1000000000.0,TrialState.COMPLETE,2026-04-01T02:59:24.122507,2026-04-01T02:59:26.556619,2.434112,"{""atr_window"": 10, ""bb_std_dev"": 2.4, ""bb_window"": 18, ""cooldown"": 3, ""macd_fast"": 19, ""macd_k"": 1.5, ""macd_k_mid"": 0.7, ""macd_signal"": 9, ""macd_slow"": 39, ""macd_std_window"": 82, ""rebalance_freq"": 150, ""rebounce_block"": 5, ""sl_mult_lm"": 1.2, ""sl_mult_lr"": 3.1, ""sl_mult_sm"": 1.7000000000000002, ""sl_mult_sr"": 2.9000000000000004, ""time_stop"": 27, ""tp_mult_lm"": 3.8, ""tp_mult_lr"": 11.2, ""tp_mult_sm"": 6.9, ""tp_mult_sr"": 5.1, ""trail_mult"": 3.3, ""trail_tp"": false, ""use_trailing"": true}",{},
1278,-1000000000.0,TrialState.COMPLETE,2026-04-01T02:59:26.591194,2026-04-01T02:59:26.644167,0.052973,"{""atr_window"": 18, ""bb_std_dev"": 2.25, ""bb_window"": 24, ""cooldown"": 1, ""macd_fast"": 14, ""macd_k"": 1.15, ""macd_k_mid"": 0.5, ""macd_signal"": 6, ""macd_slow"": 37, ""macd_std_window"": 83, ""rebalance_freq"": 150, ""rebounce_block"": 5, ""sl_mult_lm"": 1.25, ""sl_mult_lr"": 2.5, ""sl_mult_sm"": 1.0, ""sl_mult_sr"": 3.1, ""time_stop"": 2, ""tp_mult_lm"": 3.6, ""tp_mult_lr"": 11.0, ""tp_mult_sm"": 4.6, ""tp_mult_sr"": 4.1, ""trail_mult"": 3.0, ""trail_tp"": true, ""use_trailing"": false}",{},
1279,-1000000000.0,TrialState.COMPLETE,2026-04-01T02:59:26.678415,2026-04-01T02:59:26.733700,0.055285,"{""atr_window"": 19, ""bb_std_dev"": 2.45, ""bb_window"": 14, ""cooldown"": 0, ""macd_fast"": 12, ""macd_k"": 1.1, ""macd_k_mid"": 0.65, ""macd_signal"": 7, ""macd_slow"": 43, ""macd_std_window"": 79, ""rebalance_freq"": 180, ""rebounce_block"": 6, ""sl_mult_lm"": 1.85, ""sl_mult_lr"": 2.3, ""sl_mult_sm"": 1.6, ""sl_mult_sr"": 1.5, ""time_stop"": 25, ""tp_mult_lm"": 4.0, ""tp_mult_lr"": 13.0, ""tp_mult_sm"": 3.6, ""tp_mult_sr"": 3.1, ""trail_mult"": 3.8000000000000003, ""trail_tp"": false, ""use_trailing"": true}",{},
1280,-1000000000.0,TrialState.COMPLETE,2026-04-01T02:59:26.771319,2026-04-01T02:59:29.315889,2.54457,"{""atr_window"": 14, ""bb_std_dev"": 1.8499999999999999, ""bb_window"": 16, ""cooldown"": 4, ""macd_fast"": 20, ""macd_k"": 1.05, ""macd_k_mid"": 0.55, ""macd_signal"": 10, ""macd_slow"": 37, ""macd_std_window"": 80, ""rebalance_freq"": 90, ""rebounce_block"": 4, ""sl_mult_lm"": 1.0, ""sl_mult_lr"": 2.1, ""sl_mult_sm"": 1.5, ""sl_mult_sr"": 2.1, ""time_stop"": 21, ""tp_mult_lm"": 5.4, ""tp_mult_lr"": 9.8, ""tp_mult_sm"": 4.7, ""tp_mult_sr"": 3.6, ""trail_mult"": 3.1, ""trail_tp"": true, ""use_trailing"": true}",{},
1281,-1000000000.0,TrialState.COMPLETE,2026-04-01T02:59:29.356995,2026-04-01T02:59:31.910203,2.553208,"{""atr_window"": 16, ""bb_std_dev"": 1.75, ""bb_window"": 15, ""cooldown"": 2, ""macd_fast"": 15, ""macd_k"": 1.15, ""macd_k_mid"": 0.75, ""macd_signal"": 9, ""macd_slow"": 36, ""macd_std_window"": 92, ""rebalance_freq"": 120, ""rebounce_block"": 6, ""sl_mult_lm"": 1.5, ""sl_mult_lr"": 4.4, ""sl_mult_sm"": 1.3, ""sl_mult_sr"": 2.4, ""time_stop"": 6, ""tp_mult_lm"": 4.9, ""tp_mult_lr"": 9.4, ""tp_mult_sm"": 6.1, ""tp_mult_sr"": 7.0, ""trail_mult"": 2.3, ""trail_tp"": false, ""use_trailing"": true}",{},
1282,-1000000000.0,TrialState.COMPLETE,2026-04-01T02:59:31.946925,2026-04-01T02:59:32.000086,0.053161,"{""atr_window"": 15, ""bb_std_dev"": 2.35, ""bb_window"": 21, ""cooldown"": 2, ""macd_fast"": 16, ""macd_k"": 1.9500000000000002, ""macd_k_mid"": 0.6, ""macd_signal"": 8, ""macd_slow"": 41, ""macd_std_window"": 100, ""rebalance_freq"": 150, ""rebounce_block"": 3, ""sl_mult_lm"": 1.15, ""sl_mult_lr"": 2.6, ""sl_mult_sm"": 1.25, ""sl_mult_sr"": 2.8, ""time_stop"": 14, ""tp_mult_lm"": 5.1, ""tp_mult_lr"": 10.4, ""tp_mult_sm"": 4.5, ""tp_mult_sr"": 6.1, ""trail_mult"": 3.2, ""trail_tp"": true, ""use_trailing"": false}",{},
1283,-1000000000.0,TrialState.COMPLETE,2026-04-01T02:59:32.047105,2026-04-01T02:59:32.100473,0.053368,"{""atr_window"": 12, ""bb_std_dev"": 2.3, ""bb_window"": 14, ""cooldown"": 1, ""macd_fast"": 10, ""macd_k"": 2.0, ""macd_k_mid"": 0.5, ""macd_signal"": 5, ""macd_slow"": 42, ""macd_std_window"": 75, ""rebalance_freq"": 60, ""rebounce_block"": 0, ""sl_mult_lm"": 1.3, ""sl_mult_lr"": 3.7, ""sl_mult_sm"": 1.05, ""sl_mult_sr"": 3.3, ""time_stop"": 23, ""tp_mult_lm"": 5.5, ""tp_mult_lr"": 17.0, ""tp_mult_sm"": 5.6, ""tp_mult_sr"": 6.4, ""trail_mult"": 2.0, ""trail_tp"": false, ""use_trailing"": true}",{},
1284,-1000000000.0,TrialState.COMPLETE,2026-04-01T02:59:32.135260,2026-04-01T02:59:32.184868,0.049608,"{""atr_window"": 13, ""bb_std_dev"": 2.2, ""bb_window"": 20, ""cooldown"": 0, ""macd_fast"": 11, ""macd_k"": 1.2, ""macd_k_mid"": 1.0, ""macd_signal"": 7, ""macd_slow"": 40, ""macd_std_window"": 96, ""rebalance_freq"": 30, ""rebounce_block"": 2, ""sl_mult_lm"": 2.05, ""sl_mult_lr"": 3.9000000000000004, ""sl_mult_sm"": 1.65, ""sl_mult_sr"": 1.7, ""time_stop"": 15, ""tp_mult_lm"": 6.0, ""tp_mult_lr"": 8.2, ""tp_mult_sm"": 3.4, ""tp_mult_sr"": 3.8, ""trail_mult"": 1.7, ""trail_tp"": true, ""use_trailing"": true}",{},
1285,-1000000000.0,TrialState.COMPLETE,2026-04-01T02:59:32.220612,2026-04-01T02:59:32.271009,0.050397,"{""atr_window"": 20, ""bb_std_dev"": 2.4, ""bb_window"": 16, ""cooldown"": 3, ""macd_fast"": 12, ""macd_k"": 1.35, ""macd_k_mid"": 0.55, ""macd_signal"": 8, ""macd_slow"": 44, ""macd_std_window"": 70, ""rebalance_freq"": 180, ""rebounce_block"": 5, ""sl_mult_lm"": 1.6, ""sl_mult_lr"": 3.0, ""sl_mult_sm"": 1.75, ""sl_mult_sr"": 1.9, ""time_stop"": 20, ""tp_mult_lm"": 5.7, ""tp_mult_lr"": 12.600000000000001, ""tp_mult_sm"": 6.6, ""tp_mult_sr"": 6.0, ""trail_mult"": 2.7, ""trail_tp"": false, ""use_trailing"": true}",{},
1286,-1000000000.0,TrialState.COMPLETE,2026-04-01T02:59:32.306137,2026-04-01T02:59:32.375229,0.069092,"{""atr_window"": 17, ""bb_std_dev"": 2.5, ""bb_window"": 17, ""cooldown"": 1, ""macd_fast"": 13, ""macd_k"": 1.45, ""macd_k_mid"": 0.7, ""macd_signal"": 9, ""macd_slow"": 42, ""macd_std_window"": 97, ""rebalance_freq"": 150, ""rebounce_block"": 6, ""sl_mult_lm"": 1.9500000000000002, ""sl_mult_lr"": 2.0, ""sl_mult_sm"": 1.8, ""sl_mult_sr"": 2.6, ""time_stop"": 0, ""tp_mult_lm"": 5.2, ""tp_mult_lr"": 12.2, ""tp_mult_sm"": 7.0, ""tp_mult_sr"": 5.7, ""trail_mult"": 2.1, ""trail_tp"": true, ""use_trailing"": false}",{},
1287,-1000000000.0,TrialState.COMPLETE,2026-04-01T02:59:32.413858,2026-04-01T02:59:34.903291,2.489433,"{""atr_window"": 15, ""bb_std_dev"": 2.05, ""bb_window"": 14, ""cooldown"": 5, ""macd_fast"": 17, ""macd_k"": 1.55, ""macd_k_mid"": 0.6, ""macd_signal"": 6, ""macd_slow"": 35, ""macd_std_window"": 86, ""rebalance_freq"": 90, ""rebounce_block"": 3, ""sl_mult_lm"": 1.75, ""sl_mult_lr"": 5.0, ""sl_mult_sm"": 1.2, ""sl_mult_sr"": 2.5, ""time_stop"": 10, ""tp_mult_lm"": 5.9, ""tp_mult_lr"": 11.8, ""tp_mult_sm"": 6.0, ""tp_mult_sr"": 5.800000000000001, ""trail_mult"": 3.5, ""trail_tp"": true, ""use_trailing"": true}",{},
1288,-1000000000.0,TrialState.COMPLETE,2026-04-01T02:59:34.950638,2026-04-01T02:59:35.052168,0.10153,"{""atr_window"": 16, ""bb_std_dev"": 2.45, ""bb_window"": 15, ""cooldown"": 4, ""macd_fast"": 14, ""macd_k"": 1.6, ""macd_k_mid"": 0.65, ""macd_signal"": 9, ""macd_slow"": 38, ""macd_std_window"": 72, ""rebalance_freq"": 180, ""rebounce_block"": 1, ""sl_mult_lm"": 1.65, ""sl_mult_lr"": 2.4, ""sl_mult_sm"": 1.35, ""sl_mult_sr"": 2.0, ""time_stop"": 3, ""tp_mult_lm"": 4.1, ""tp_mult_lr"": 11.4, ""tp_mult_sm"": 4.1, ""tp_mult_sr"": 3.7, ""trail_mult"": 2.9000000000000004, ""trail_tp"": false, ""use_trailing"": true}",{},
1289,-1000000000.0,TrialState.COMPLETE,2026-04-01T02:59:35.088510,2026-04-01T02:59:37.627365,2.538855,"{""atr_window"": 18, ""bb_std_dev"": 2.2, ""bb_window"": 18, ""cooldown"": 2, ""macd_fast"": 19, ""macd_k"": 1.05, ""macd_k_mid"": 0.55, ""macd_signal"": 8, ""macd_slow"": 39, ""macd_std_window"": 71, ""rebalance_freq"": 120, ""rebounce_block"": 5, ""sl_mult_lm"": 1.4, ""sl_mult_lr"": 2.8, ""sl_mult_sm"": 1.55, ""sl_mult_sr"": 1.6, ""time_stop"": 15, ""tp_mult_lm"": 4.4, ""tp_mult_lr"": 12.0, ""tp_mult_sm"": 6.800000000000001, ""tp_mult_sr"": 5.5, ""trail_mult"": 2.2, ""trail_tp"": true, ""use_trailing"": true}",{},
1290,-1000000000.0,TrialState.COMPLETE,2026-04-01T02:59:37.669953,2026-04-01T02:59:37.723441,0.053488,"{""atr_window"": 19, ""bb_std_dev"": 2.05, ""bb_window"": 16, ""cooldown"": 3, ""macd_fast"": 15, ""macd_k"": 1.1, ""macd_k_mid"": 0.5, ""macd_signal"": 10, ""macd_slow"": 40, ""macd_std_window"": 90, ""rebalance_freq"": 150, ""rebounce_block"": 4, ""sl_mult_lm"": 1.35, ""sl_mult_lr"": 4.9, ""sl_mult_sm"": 1.85, ""sl_mult_sr"": 2.2, ""time_stop"": 22, ""tp_mult_lm"": 5.3, ""tp_mult_lr"": 11.8, ""tp_mult_sm"": 3.5, ""tp_mult_sr"": 4.7, ""trail_mult"": 3.1, ""trail_tp"": false, ""use_trailing"": false}",{},
1291,-1000000000.0,TrialState.COMPLETE,2026-04-01T02:59:37.759345,2026-04-01T02:59:37.812781,0.053436,"{""atr_window"": 13, ""bb_std_dev"": 1.8499999999999999, ""bb_window"": 14, ""cooldown"": 0, ""macd_fast"": 16, ""macd_k"": 1.7000000000000002, ""macd_k_mid"": 0.8, ""macd_signal"": 7, ""macd_slow"": 43, ""macd_std_window"": 88, ""rebalance_freq"": 30, ""rebounce_block"": 0, ""sl_mult_lm"": 1.7000000000000002, ""sl_mult_lr"": 4.2, ""sl_mult_sm"": 1.6, ""sl_mult_sr"": 1.8, ""time_stop"": 9, ""tp_mult_lm"": 5.5, ""tp_mult_lr"": 10.2, ""tp_mult_sm"": 6.300000000000001, ""tp_mult_sr"": 3.5, ""trail_mult"": 3.3, ""trail_tp"": true, ""use_trailing"": true}",{},
1292,-1000000000.0,TrialState.COMPLETE,2026-04-01T02:59:37.849885,2026-04-01T02:59:37.910266,0.060381,"{""atr_window"": 14, ""bb_std_dev"": 1.65, ""bb_window"": 19, ""cooldown"": 2, ""macd_fast"": 13, ""macd_k"": 1.0, ""macd_k_mid"": 0.9, ""macd_signal"": 8, ""macd_slow"": 44, ""macd_std_window"": 98, ""rebalance_freq"": 150, ""rebounce_block"": 5, ""sl_mult_lm"": 1.8, ""sl_mult_lr"": 3.3, ""sl_mult_sm"": 1.9500000000000002, ""sl_mult_sr"": 3.4000000000000004, ""time_stop"": 28, ""tp_mult_lm"": 5.6, ""tp_mult_lr"": 9.8, ""tp_mult_sm"": 3.2, ""tp_mult_sr"": 4.0, ""trail_mult"": 2.5, ""trail_tp"": false, ""use_trailing"": true}",{},
1293,-1000000000.0,TrialState.COMPLETE,2026-04-01T02:59:37.946711,2026-04-01T02:59:38.008971,0.06226,"{""atr_window"": 20, ""bb_std_dev"": 1.5499999999999998, ""bb_window"": 23, ""cooldown"": 1, ""macd_fast"": 14, ""macd_k"": 1.45, ""macd_k_mid"": 0.7, ""macd_signal"": 9, ""macd_slow"": 41, ""macd_std_window"": 81, ""rebalance_freq"": 180, ""rebounce_block"": 3, ""sl_mult_lm"": 1.85, ""sl_mult_lr"": 2.3, ""sl_mult_sm"": 1.45, ""sl_mult_sr"": 1.5, ""time_stop"": 12, ""tp_mult_lm"": 5.0, ""tp_mult_lr"": 15.2, ""tp_mult_sm"": 4.9, ""tp_mult_sr"": 4.8, ""trail_mult"": 1.8, ""trail_tp"": true, ""use_trailing"": false}",{},
1294,-1000000000.0,TrialState.COMPLETE,2026-04-01T02:59:38.044792,2026-04-01T02:59:40.569886,2.525094,"{""atr_window"": 11, ""bb_std_dev"": 2.35, ""bb_window"": 22, ""cooldown"": 1, ""macd_fast"": 20, ""macd_k"": 1.65, ""macd_k_mid"": 0.95, ""macd_signal"": 6, ""macd_slow"": 35, ""macd_std_window"": 74, ""rebalance_freq"": 150, ""rebounce_block"": 2, ""sl_mult_lm"": 1.25, ""sl_mult_lr"": 2.2, ""sl_mult_sm"": 1.9, ""sl_mult_sr"": 2.1, ""time_stop"": 16, ""tp_mult_lm"": 3.9, ""tp_mult_lr"": 16.6, ""tp_mult_sm"": 4.3, ""tp_mult_sr"": 3.0, ""trail_mult"": 3.2, ""trail_tp"": false, ""use_trailing"": true}",{},
1295,-1000000000.0,TrialState.COMPLETE,2026-04-01T02:59:40.599621,2026-04-01T02:59:40.644106,0.044485,"{""atr_window"": 16, ""bb_std_dev"": 1.7, ""bb_window"": 21, ""cooldown"": 5, ""macd_fast"": 12, ""macd_k"": 1.15, ""macd_k_mid"": 0.55, ""macd_signal"": 7, ""macd_slow"": 43, ""macd_std_window"": 91, ""rebalance_freq"": 120, ""rebounce_block"": 4, ""sl_mult_lm"": 1.3, ""sl_mult_lr"": 2.5, ""sl_mult_sm"": 1.5, ""sl_mult_sr"": 1.7, ""time_stop"": 19, ""tp_mult_lm"": 3.7, ""tp_mult_lr"": 14.600000000000001, ""tp_mult_sm"": 5.2, ""tp_mult_sr"": 6.7, ""trail_mult"": 3.9000000000000004, ""trail_tp"": true, ""use_trailing"": true}",{},
1296,-1000000000.0,TrialState.COMPLETE,2026-04-01T02:59:40.673839,2026-04-01T02:59:43.088453,2.414614,"{""atr_window"": 17, ""bb_std_dev"": 2.25, ""bb_window"": 17, ""cooldown"": 3, ""macd_fast"": 18, ""macd_k"": 1.5, ""macd_k_mid"": 0.8500000000000001, ""macd_signal"": 8, ""macd_slow"": 36, ""macd_std_window"": 73, ""rebalance_freq"": 180, ""rebounce_block"": 6, ""sl_mult_lm"": 2.1, ""sl_mult_lr"": 4.1, ""sl_mult_sm"": 1.15, ""sl_mult_sr"": 3.2, ""time_stop"": 1, ""tp_mult_lm"": 3.5, ""tp_mult_lr"": 13.4, ""tp_mult_sm"": 3.0, ""tp_mult_sr"": 5.0, ""trail_mult"": 2.4, ""trail_tp"": false, ""use_trailing"": true}",{},
1297,-1000000000.0,TrialState.COMPLETE,2026-04-01T02:59:43.132584,2026-04-01T02:59:45.657025,2.524441,"{""atr_window"": 18, ""bb_std_dev"": 1.9, ""bb_window"": 20, ""cooldown"": 4, ""macd_fast"": 17, ""macd_k"": 1.4, ""macd_k_mid"": 0.6, ""macd_signal"": 9, ""macd_slow"": 37, ""macd_std_window"": 82, ""rebalance_freq"": 150, ""rebounce_block"": 1, ""sl_mult_lm"": 1.1, ""sl_mult_lr"": 3.6, ""sl_mult_sm"": 1.7000000000000002, ""sl_mult_sr"": 2.4, ""time_stop"": 20, ""tp_mult_lm"": 5.2, ""tp_mult_lr"": 12.2, ""tp_mult_sm"": 3.6, ""tp_mult_sr"": 4.6, ""trail_mult"": 3.4000000000000004, ""trail_tp"": true, ""use_trailing"": false}",{},
1298,-1000000000.0,TrialState.COMPLETE,2026-04-01T02:59:45.689024,2026-04-01T02:59:45.745407,0.056383,"{""atr_window"": 14, ""bb_std_dev"": 2.0, ""bb_window"": 15, ""cooldown"": 4, ""macd_fast"": 10, ""macd_k"": 1.85, ""macd_k_mid"": 0.5, ""macd_signal"": 10, ""macd_slow"": 40, ""macd_std_window"": 76, ""rebalance_freq"": 30, ""rebounce_block"": 0, ""sl_mult_lm"": 1.9, ""sl_mult_lr"": 4.7, ""sl_mult_sm"": 1.75, ""sl_mult_sr"": 1.5, ""time_stop"": 26, ""tp_mult_lm"": 5.1, ""tp_mult_lr"": 10.0, ""tp_mult_sm"": 4.8, ""tp_mult_sr"": 6.4, ""trail_mult"": 3.7, ""trail_tp"": false, ""use_trailing"": true}",{},
1299,-1000000000.0,TrialState.COMPLETE,2026-04-01T02:59:45.778690,2026-04-01T02:59:45.840649,0.061959,"{""atr_window"": 15, ""bb_std_dev"": 2.5, ""bb_window"": 25, ""cooldown"": 0, ""macd_fast"": 15, ""macd_k"": 1.3, ""macd_k_mid"": 0.55, ""macd_signal"": 8, ""macd_slow"": 38, ""macd_std_window"": 89, ""rebalance_freq"": 90, ""rebounce_block"": 5, ""sl_mult_lm"": 2.0, ""sl_mult_lr"": 3.5, ""sl_mult_sm"": 1.1, ""sl_mult_sr"": 2.2, ""time_stop"": 17, ""tp_mult_lm"": 5.800000000000001, ""tp_mult_lr"": 10.6, ""tp_mult_sm"": 3.7, ""tp_mult_sr"": 5.2, ""trail_mult"": 2.0, ""trail_tp"": true, ""use_trailing"": true}",{},
1300,-1000000000.0,TrialState.COMPLETE,2026-04-01T02:59:45.876849,2026-04-01T02:59:45.928190,0.051341,"{""atr_window"": 10, ""bb_std_dev"": 2.1, ""bb_window"": 14, ""cooldown"": 1, ""macd_fast"": 11, ""macd_k"": 1.25, ""macd_k_mid"": 0.65, ""macd_signal"": 7, ""macd_slow"": 44, ""macd_std_window"": 93, ""rebalance_freq"": 90, ""rebounce_block"": 6, ""sl_mult_lm"": 2.1500000000000004, ""sl_mult_lr"": 3.8, ""sl_mult_sm"": 1.65, ""sl_mult_sr"": 2.3, ""time_stop"": 21, ""tp_mult_lm"": 5.3, ""tp_mult_lr"": 13.0, ""tp_mult_sm"": 6.4, ""tp_mult_sr"": 3.2, ""trail_mult"": 2.6, ""trail_tp"": false, ""use_trailing"": true}",{},
1301,-1000000000.0,TrialState.COMPLETE,2026-04-01T02:59:45.962720,2026-04-01T02:59:46.012481,0.049761,"{""atr_window"": 16, ""bb_std_dev"": 2.3, ""bb_window"": 14, ""cooldown"": 2, ""macd_fast"": 12, ""macd_k"": 1.8, ""macd_k_mid"": 0.55, ""macd_signal"": 9, ""macd_slow"": 42, ""macd_std_window"": 86, ""rebalance_freq"": 150, ""rebounce_block"": 2, ""sl_mult_lm"": 1.55, ""sl_mult_lr"": 2.6, ""sl_mult_sm"": 1.55, ""sl_mult_sr"": 2.7, ""time_stop"": 30, ""tp_mult_lm"": 3.6, ""tp_mult_lr"": 15.4, ""tp_mult_sm"": 5.9, ""tp_mult_sr"": 3.9, ""trail_mult"": 1.5, ""trail_tp"": true, ""use_trailing"": false}",{},
1302,-1000000000.0,TrialState.COMPLETE,2026-04-01T02:59:46.048229,2026-04-01T02:59:46.100522,0.052293,"{""atr_window"": 19, ""bb_std_dev"": 1.7999999999999998, ""bb_window"": 16, ""cooldown"": 0, ""macd_fast"": 13, ""macd_k"": 1.2, ""macd_k_mid"": 0.75, ""macd_signal"": 6, ""macd_slow"": 43, ""macd_std_window"": 100, ""rebalance_freq"": 180, ""rebounce_block"": 3, ""sl_mult_lm"": 1.35, ""sl_mult_lr"": 2.9, ""sl_mult_sm"": 1.85, ""sl_mult_sr"": 1.9, ""time_stop"": 5, ""tp_mult_lm"": 5.7, ""tp_mult_lr"": 12.600000000000001, ""tp_mult_sm"": 3.9, ""tp_mult_sr"": 5.9, ""trail_mult"": 3.6, ""trail_tp"": false, ""use_trailing"": true}",{},
1303,-1000000000.0,TrialState.COMPLETE,2026-04-01T02:59:46.138197,2026-04-01T02:59:48.618728,2.480531,"{""atr_window"": 12, ""bb_std_dev"": 2.15, ""bb_window"": 15, ""cooldown"": 1, ""macd_fast"": 14, ""macd_k"": 1.75, ""macd_k_mid"": 0.6, ""macd_signal"": 8, ""macd_slow"": 36, ""macd_std_window"": 99, ""rebalance_freq"": 120, ""rebounce_block"": 5, ""sl_mult_lm"": 1.15, ""sl_mult_lr"": 2.4, ""sl_mult_sm"": 1.8, ""sl_mult_sr"": 1.6, ""time_stop"": 18, ""tp_mult_lm"": 5.6, ""tp_mult_lr"": 11.0, ""tp_mult_sm"": 4.5, ""tp_mult_sr"": 6.2, ""trail_mult"": 1.9, ""trail_tp"": true, ""use_trailing"": true}",{},
1304,-1000000000.0,TrialState.COMPLETE,2026-04-01T02:59:48.655748,2026-04-01T02:59:51.172858,2.51711,"{""atr_window"": 13, ""bb_std_dev"": 1.95, ""bb_window"": 24, ""cooldown"": 2, ""macd_fast"": 20, ""macd_k"": 1.6, ""macd_k_mid"": 0.7, ""macd_signal"": 9, ""macd_slow"": 37, ""macd_std_window"": 84, ""rebalance_freq"": 60, ""rebounce_block"": 0, ""sl_mult_lm"": 1.05, ""sl_mult_lr"": 4.300000000000001, ""sl_mult_sm"": 2.0, ""sl_mult_sr"": 1.8, ""time_stop"": 14, ""tp_mult_lm"": 4.2, ""tp_mult_lr"": 9.2, ""tp_mult_sm"": 7.0, ""tp_mult_sr"": 4.5, ""trail_mult"": 2.2, ""trail_tp"": false, ""use_trailing"": false}",{},
1305,-1000000000.0,TrialState.COMPLETE,2026-04-01T02:59:51.209491,2026-04-01T02:59:51.262105,0.052614,"{""atr_window"": 20, ""bb_std_dev"": 1.75, ""bb_window"": 14, ""cooldown"": 4, ""macd_fast"": 16, ""macd_k"": 1.55, ""macd_k_mid"": 0.8, ""macd_signal"": 5, ""macd_slow"": 39, ""macd_std_window"": 95, ""rebalance_freq"": 30, ""rebounce_block"": 3, ""sl_mult_lm"": 1.6, ""sl_mult_lr"": 2.2, ""sl_mult_sm"": 1.0, ""sl_mult_sr"": 2.1, ""time_stop"": 24, ""tp_mult_lm"": 5.4, ""tp_mult_lr"": 11.6, ""tp_mult_sm"": 5.7, ""tp_mult_sr"": 5.800000000000001, ""trail_mult"": 2.8, ""trail_tp"": true, ""use_trailing"": true}",{},
1306,-1000000000.0,TrialState.COMPLETE,2026-04-01T02:59:51.308446,2026-04-01T02:59:51.362359,0.053913,"{""atr_window"": 14, ""bb_std_dev"": 2.2, ""bb_window"": 23, ""cooldown"": 3, ""macd_fast"": 10, ""macd_k"": 1.05, ""macd_k_mid"": 0.5, ""macd_signal"": 10, ""macd_slow"": 41, ""macd_std_window"": 87, ""rebalance_freq"": 120, ""rebounce_block"": 4, ""sl_mult_lm"": 2.05, ""sl_mult_lr"": 2.8, ""sl_mult_sm"": 1.05, ""sl_mult_sr"": 1.5, ""time_stop"": 9, ""tp_mult_lm"": 5.5, ""tp_mult_lr"": 14.8, ""tp_mult_sm"": 5.300000000000001, ""tp_mult_sr"": 4.9, ""trail_mult"": 1.6, ""trail_tp"": false, ""use_trailing"": true}",{},
1307,-1000000000.0,TrialState.COMPLETE,2026-04-01T02:59:51.397745,2026-04-01T02:59:51.450777,0.053032,"{""atr_window"": 15, ""bb_std_dev"": 2.45, ""bb_window"": 17, ""cooldown"": 2, ""macd_fast"": 14, ""macd_k"": 1.0, ""macd_k_mid"": 0.65, ""macd_signal"": 8, ""macd_slow"": 44, ""macd_std_window"": 81, ""rebalance_freq"": 150, ""rebounce_block"": 5, ""sl_mult_lm"": 1.2, ""sl_mult_lr"": 2.1, ""sl_mult_sm"": 1.3, ""sl_mult_sr"": 2.0, ""time_stop"": 22, ""tp_mult_lm"": 4.7, ""tp_mult_lr"": 9.6, ""tp_mult_sm"": 6.300000000000001, ""tp_mult_sr"": 6.9, ""trail_mult"": 2.1, ""trail_tp"": true, ""use_trailing"": true}",{},
1308,-1000000000.0,TrialState.COMPLETE,2026-04-01T02:59:51.494908,2026-04-01T02:59:54.086004,2.591096,"{""atr_window"": 16, ""bb_std_dev"": 2.35, ""bb_window"": 14, ""cooldown"": 1, ""macd_fast"": 20, ""macd_k"": 1.5, ""macd_k_mid"": 0.6, ""macd_signal"": 7, ""macd_slow"": 40, ""macd_std_window"": 75, ""rebalance_freq"": 180, ""rebounce_block"": 6, ""sl_mult_lm"": 1.9500000000000002, ""sl_mult_lr"": 2.3, ""sl_mult_sm"": 1.4, ""sl_mult_sr"": 2.2, ""time_stop"": 16, ""tp_mult_lm"": 4.8, ""tp_mult_lr"": 10.8, ""tp_mult_sm"": 5.1, ""tp_mult_sr"": 3.8, ""trail_mult"": 3.0, ""trail_tp"": false, ""use_trailing"": false}",{},
1309,-1000000000.0,TrialState.COMPLETE,2026-04-01T02:59:54.121922,2026-04-01T02:59:56.647659,2.525737,"{""atr_window"": 19, ""bb_std_dev"": 2.4, ""bb_window"": 18, ""cooldown"": 0, ""macd_fast"": 19, ""macd_k"": 1.9, ""macd_k_mid"": 0.8500000000000001, ""macd_signal"": 9, ""macd_slow"": 39, ""macd_std_window"": 78, ""rebalance_freq"": 150, ""rebounce_block"": 2, ""sl_mult_lm"": 1.3, ""sl_mult_lr"": 2.7, ""sl_mult_sm"": 1.25, ""sl_mult_sr"": 3.3, ""time_stop"": 8, ""tp_mult_lm"": 4.9, ""tp_mult_lr"": 12.4, ""tp_mult_sm"": 5.4, ""tp_mult_sr"": 5.4, ""trail_mult"": 2.3, ""trail_tp"": true, ""use_trailing"": true}",{},
