number,value,state,datetime_start,datetime_complete,duration_seconds,params_json,fold_sharpes_json,avg_cv_sharpe
1412,-1000000000.0,TrialState.COMPLETE,2026-04-01T03:02:35.538620,2026-04-01T03:02:35.609585,0.070965,"{""atr_window"": 10, ""bb_std_dev"": 2.45, ""bb_window"": 18, ""cooldown"": 1, ""macd_fast"": 13, ""macd_k"": 1.55, ""macd_k_mid"": 0.5, ""macd_signal"": 9, ""macd_slow"": 38, ""macd_std_window"": 96, ""rebalance_freq"": 60, ""rebounce_block"": 3, ""sl_mult_lm"": 1.9500000000000002, ""sl_mult_lr"": 2.8, ""sl_mult_sm"": 1.45, ""sl_mult_sr"": 1.9, ""time_stop"": 9, ""tp_mult_lm"": 3.7, ""tp_mult_lr"": 10.8, ""tp_mult_sm"": 6.9, ""tp_mult_sr"": 4.0, ""trail_mult"": 3.8000000000000003, ""trail_tp"": false, ""use_trailing"": true}",{},
1413,-1000000000.0,TrialState.COMPLETE,2026-04-01T03:02:35.647632,2026-04-01T03:02:35.708565,0.060933,"{""atr_window"": 16, ""bb_std_dev"": 1.5, ""bb_window"": 22, ""cooldown"": 3, ""macd_fast"": 14, ""macd_k"": 1.35, ""macd_k_mid"": 0.6, ""macd_signal"": 8, ""macd_slow"": 41, ""macd_std_window"": 74, ""rebalance_freq"": 120, ""rebounce_block"": 5, ""sl_mult_lm"": 1.8, ""sl_mult_lr"": 2.3, ""sl_mult_sm"": 2.0, ""sl_mult_sr"": 3.3, ""time_stop"": 20, ""tp_mult_lm"": 5.0, ""tp_mult_lr"": 10.6, ""tp_mult_sm"": 5.4, ""tp_mult_sr"": 3.8, ""trail_mult"": 2.8, ""trail_tp"": true, ""use_trailing"": false}",{},
1414,-1000000000.0,TrialState.COMPLETE,2026-04-01T03:02:35.746064,2026-04-01T03:02:38.716611,2.970547,"{""atr_window"": 15, ""bb_std_dev"": 2.2, ""bb_window"": 23, ""cooldown"": 2, ""macd_fast"": 20, ""macd_k"": 1.45, ""macd_k_mid"": 0.55, ""macd_signal"": 6, ""macd_slow"": 42, ""macd_std_window"": 70, ""rebalance_freq"": 150, ""rebounce_block"": 1, ""sl_mult_lm"": 2.05, ""sl_mult_lr"": 2.2, ""sl_mult_sm"": 1.85, ""sl_mult_sr"": 1.5, ""time_stop"": 0, ""tp_mult_lm"": 5.1, ""tp_mult_lr"": 15.600000000000001, ""tp_mult_sm"": 4.5, ""tp_mult_sr"": 6.2, ""trail_mult"": 3.2, ""trail_tp"": false, ""use_trailing"": true}",{},
1415,-1000000000.0,TrialState.COMPLETE,2026-04-01T03:02:38.751460,2026-04-01T03:02:38.813061,0.061601,"{""atr_window"": 20, ""bb_std_dev"": 1.75, ""bb_window"": 14, ""cooldown"": 1, ""macd_fast"": 16, ""macd_k"": 1.65, ""macd_k_mid"": 0.6, ""macd_signal"": 10, ""macd_slow"": 40, ""macd_std_window"": 94, ""rebalance_freq"": 180, ""rebounce_block"": 6, ""sl_mult_lm"": 1.2, ""sl_mult_lr"": 3.3, ""sl_mult_sm"": 1.9, ""sl_mult_sr"": 2.1, ""time_stop"": 9, ""tp_mult_lm"": 5.7, ""tp_mult_lr"": 16.8, ""tp_mult_sm"": 6.7, ""tp_mult_sr"": 6.4, ""trail_mult"": 4.0, ""trail_tp"": true, ""use_trailing"": true}",{},
1416,-1000000000.0,TrialState.COMPLETE,2026-04-01T03:02:38.849088,2026-04-01T03:02:38.916644,0.067556,"{""atr_window"": 13, ""bb_std_dev"": 1.9, ""bb_window"": 17, ""cooldown"": 1, ""macd_fast"": 15, ""macd_k"": 1.0, ""macd_k_mid"": 0.7, ""macd_signal"": 9, ""macd_slow"": 43, ""macd_std_window"": 85, ""rebalance_freq"": 150, ""rebounce_block"": 0, ""sl_mult_lm"": 1.1, ""sl_mult_lr"": 3.9000000000000004, ""sl_mult_sm"": 1.0, ""sl_mult_sr"": 3.0, ""time_stop"": 7, ""tp_mult_lm"": 3.9, ""tp_mult_lr"": 13.4, ""tp_mult_sm"": 3.5, ""tp_mult_sr"": 4.2, ""trail_mult"": 2.1, ""trail_tp"": false, ""use_trailing"": true}",{},
1417,-1000000000.0,TrialState.COMPLETE,2026-04-01T03:02:38.959595,2026-04-01T03:02:41.993144,3.033549,"{""atr_window"": 18, ""bb_std_dev"": 2.5, ""bb_window"": 14, ""cooldown"": 4, ""macd_fast"": 17, ""macd_k"": 1.1, ""macd_k_mid"": 1.0, ""macd_signal"": 8, ""macd_slow"": 35, ""macd_std_window"": 91, ""rebalance_freq"": 30, ""rebounce_block"": 4, ""sl_mult_lm"": 1.35, ""sl_mult_lr"": 2.5, ""sl_mult_sm"": 1.75, ""sl_mult_sr"": 2.3, ""time_stop"": 4, ""tp_mult_lm"": 4.5, ""tp_mult_lr"": 12.2, ""tp_mult_sm"": 4.1, ""tp_mult_sr"": 6.5, ""trail_mult"": 2.7, ""trail_tp"": true, ""use_trailing"": false}",{},
1418,-1000000000.0,TrialState.COMPLETE,2026-04-01T03:02:42.030109,2026-04-01T03:02:42.092083,0.061974,"{""atr_window"": 20, ""bb_std_dev"": 2.05, ""bb_window"": 24, ""cooldown"": 0, ""macd_fast"": 12, ""macd_k"": 1.25, ""macd_k_mid"": 0.5, ""macd_signal"": 7, ""macd_slow"": 36, ""macd_std_window"": 93, ""rebalance_freq"": 90, ""rebounce_block"": 3, ""sl_mult_lm"": 1.0, ""sl_mult_lr"": 3.6, ""sl_mult_sm"": 1.4, ""sl_mult_sr"": 2.4, ""time_stop"": 16, ""tp_mult_lm"": 5.4, ""tp_mult_lr"": 16.0, ""tp_mult_sm"": 6.0, ""tp_mult_sr"": 5.9, ""trail_mult"": 3.0, ""trail_tp"": false, ""use_trailing"": true}",{},
1419,-1000000000.0,TrialState.COMPLETE,2026-04-01T03:02:42.137776,2026-04-01T03:02:42.204404,0.066628,"{""atr_window"": 19, ""bb_std_dev"": 1.8499999999999999, ""bb_window"": 16, ""cooldown"": 2, ""macd_fast"": 20, ""macd_k"": 1.5, ""macd_k_mid"": 0.75, ""macd_signal"": 9, ""macd_slow"": 44, ""macd_std_window"": 100, ""rebalance_freq"": 150, ""rebounce_block"": 6, ""sl_mult_lm"": 1.45, ""sl_mult_lr"": 2.5, ""sl_mult_sm"": 1.65, ""sl_mult_sr"": 1.6, ""time_stop"": 20, ""tp_mult_lm"": 5.6, ""tp_mult_lr"": 9.8, ""tp_mult_sm"": 6.300000000000001, ""tp_mult_sr"": 3.1, ""trail_mult"": 1.6, ""trail_tp"": true, ""use_trailing"": true}",{},
1420,-1000000000.0,TrialState.COMPLETE,2026-04-01T03:02:42.240925,2026-04-01T03:02:42.317245,0.07632,"{""atr_window"": 15, ""bb_std_dev"": 2.35, ""bb_window"": 15, ""cooldown"": 4, ""macd_fast"": 14, ""macd_k"": 1.4, ""macd_k_mid"": 0.65, ""macd_signal"": 5, ""macd_slow"": 41, ""macd_std_window"": 88, ""rebalance_freq"": 120, ""rebounce_block"": 2, ""sl_mult_lm"": 1.75, ""sl_mult_lr"": 2.1, ""sl_mult_sm"": 1.05, ""sl_mult_sr"": 2.2, ""time_stop"": 11, ""tp_mult_lm"": 5.2, ""tp_mult_lr"": 10.0, ""tp_mult_sm"": 5.0, ""tp_mult_sr"": 3.6, ""trail_mult"": 1.9, ""trail_tp"": false, ""use_trailing"": false}",{},
1421,-1000000000.0,TrialState.COMPLETE,2026-04-01T03:02:42.355667,2026-04-01T03:02:42.428210,0.072543,"{""atr_window"": 14, ""bb_std_dev"": 2.15, ""bb_window"": 20, ""cooldown"": 5, ""macd_fast"": 11, ""macd_k"": 1.6, ""macd_k_mid"": 0.55, ""macd_signal"": 8, ""macd_slow"": 39, ""macd_std_window"": 83, ""rebalance_freq"": 180, ""rebounce_block"": 5, ""sl_mult_lm"": 1.4, ""sl_mult_lr"": 2.4, ""sl_mult_sm"": 1.7000000000000002, ""sl_mult_sr"": 1.8, ""time_stop"": 13, ""tp_mult_lm"": 3.7, ""tp_mult_lr"": 11.4, ""tp_mult_sm"": 6.6, ""tp_mult_sr"": 6.0, ""trail_mult"": 3.1, ""trail_tp"": true, ""use_trailing"": true}",{},
1422,-1000000000.0,TrialState.COMPLETE,2026-04-01T03:02:42.467296,2026-04-01T03:02:42.541662,0.074366,"{""atr_window"": 16, ""bb_std_dev"": 1.65, ""bb_window"": 19, ""cooldown"": 1, ""macd_fast"": 18, ""macd_k"": 1.15, ""macd_k_mid"": 0.65, ""macd_signal"": 10, ""macd_slow"": 43, ""macd_std_window"": 81, ""rebalance_freq"": 120, ""rebounce_block"": 0, ""sl_mult_lm"": 1.2, ""sl_mult_lr"": 4.2, ""sl_mult_sm"": 1.3, ""sl_mult_sr"": 2.9000000000000004, ""time_stop"": 15, ""tp_mult_lm"": 4.0, ""tp_mult_lr"": 14.4, ""tp_mult_sm"": 4.9, ""tp_mult_sr"": 3.0, ""trail_mult"": 2.2, ""trail_tp"": false, ""use_trailing"": true}",{},
1423,-1000000000.0,TrialState.COMPLETE,2026-04-01T03:02:42.579144,2026-04-01T03:02:42.649844,0.0707,"{""atr_window"": 19, ""bb_std_dev"": 2.3, ""bb_window"": 14, ""cooldown"": 0, ""macd_fast"": 12, ""macd_k"": 1.05, ""macd_k_mid"": 0.5, ""macd_signal"": 8, ""macd_slow"": 40, ""macd_std_window"": 89, ""rebalance_freq"": 180, ""rebounce_block"": 5, ""sl_mult_lm"": 1.9500000000000002, ""sl_mult_lr"": 4.1, ""sl_mult_sm"": 1.55, ""sl_mult_sr"": 2.8, ""time_stop"": 1, ""tp_mult_lm"": 5.800000000000001, ""tp_mult_lr"": 12.0, ""tp_mult_sm"": 3.4, ""tp_mult_sr"": 3.7, ""trail_mult"": 2.3, ""trail_tp"": true, ""use_trailing"": true}",{},
1424,-1000000000.0,TrialState.COMPLETE,2026-04-01T03:02:42.689663,2026-04-01T03:02:42.762906,0.073243,"{""atr_window"": 12, ""bb_std_dev"": 2.05, ""bb_window"": 17, ""cooldown"": 2, ""macd_fast"": 13, ""macd_k"": 1.2, ""macd_k_mid"": 0.95, ""macd_signal"": 8, ""macd_slow"": 42, ""macd_std_window"": 92, ""rebalance_freq"": 150, ""rebounce_block"": 3, ""sl_mult_lm"": 2.1500000000000004, ""sl_mult_lr"": 3.7, ""sl_mult_sm"": 1.85, ""sl_mult_sr"": 2.0, ""time_stop"": 23, ""tp_mult_lm"": 4.3, ""tp_mult_lr"": 10.2, ""tp_mult_sm"": 4.7, ""tp_mult_sr"": 4.7, ""trail_mult"": 1.7, ""trail_tp"": false, ""use_trailing"": false}",{},
1425,-1000000000.0,TrialState.COMPLETE,2026-04-01T03:02:42.810511,2026-04-01T03:02:42.884989,0.074478,"{""atr_window"": 11, ""bb_std_dev"": 2.5, ""bb_window"": 18, ""cooldown"": 3, ""macd_fast"": 10, ""macd_k"": 1.1, ""macd_k_mid"": 0.55, ""macd_signal"": 9, ""macd_slow"": 38, ""macd_std_window"": 86, ""rebalance_freq"": 60, ""rebounce_block"": 4, ""sl_mult_lm"": 1.15, ""sl_mult_lr"": 3.1, ""sl_mult_sm"": 1.9500000000000002, ""sl_mult_sr"": 1.5, ""time_stop"": 14, ""tp_mult_lm"": 4.1, ""tp_mult_lr"": 11.6, ""tp_mult_sm"": 4.3, ""tp_mult_sr"": 5.800000000000001, ""trail_mult"": 3.4000000000000004, ""trail_tp"": true, ""use_trailing"": true}",{},
1426,-1000000000.0,TrialState.COMPLETE,2026-04-01T03:02:42.926762,2026-04-01T03:02:43.009788,0.083026,"{""atr_window"": 18, ""bb_std_dev"": 2.0, ""bb_window"": 14, ""cooldown"": 1, ""macd_fast"": 19, ""macd_k"": 1.0, ""macd_k_mid"": 0.7, ""macd_signal"": 7, ""macd_slow"": 44, ""macd_std_window"": 71, ""rebalance_freq"": 90, ""rebounce_block"": 6, ""sl_mult_lm"": 1.0, ""sl_mult_lr"": 3.5, ""sl_mult_sm"": 1.9, ""sl_mult_sr"": 3.4000000000000004, ""time_stop"": 28, ""tp_mult_lm"": 4.4, ""tp_mult_lr"": 12.2, ""tp_mult_sm"": 5.2, ""tp_mult_sr"": 4.3, ""trail_mult"": 2.9000000000000004, ""trail_tp"": true, ""use_trailing"": true}",{},
1427,-1000000000.0,TrialState.COMPLETE,2026-04-01T03:02:43.048194,2026-04-01T03:02:46.622162,3.573968,"{""atr_window"": 13, ""bb_std_dev"": 1.4, ""bb_window"": 21, ""cooldown"": 3, ""macd_fast"": 15, ""macd_k"": 1.3, ""macd_k_mid"": 0.6, ""macd_signal"": 10, ""macd_slow"": 37, ""macd_std_window"": 88, ""rebalance_freq"": 30, ""rebounce_block"": 1, ""sl_mult_lm"": 1.9, ""sl_mult_lr"": 2.9, ""sl_mult_sm"": 1.5, ""sl_mult_sr"": 1.7, ""time_stop"": 21, ""tp_mult_lm"": 4.9, ""tp_mult_lr"": 8.6, ""tp_mult_sm"": 7.0, ""tp_mult_sr"": 5.300000000000001, ""trail_mult"": 3.2, ""trail_tp"": false, ""use_trailing"": true}",{},
1428,-1000000000.0,TrialState.COMPLETE,2026-04-01T03:02:46.659859,2026-04-01T03:02:46.723425,0.063566,"{""atr_window"": 14, ""bb_std_dev"": 2.1, ""bb_window"": 16, ""cooldown"": 2, ""macd_fast"": 14, ""macd_k"": 1.85, ""macd_k_mid"": 0.55, ""macd_signal"": 6, ""macd_slow"": 40, ""macd_std_window"": 90, ""rebalance_freq"": 150, ""rebounce_block"": 2, ""sl_mult_lm"": 2.0, ""sl_mult_lr"": 3.0, ""sl_mult_sm"": 1.6, ""sl_mult_sr"": 2.1, ""time_stop"": 17, ""tp_mult_lm"": 6.0, ""tp_mult_lr"": 9.6, ""tp_mult_sm"": 3.2, ""tp_mult_sr"": 5.5, ""trail_mult"": 1.5, ""trail_tp"": true, ""use_trailing"": false}",{},
1429,-1000000000.0,TrialState.COMPLETE,2026-04-01T03:02:46.761286,2026-04-01T03:02:46.824165,0.062879,"{""atr_window"": 16, ""bb_std_dev"": 1.5999999999999999, ""bb_window"": 15, ""cooldown"": 1, ""macd_fast"": 16, ""macd_k"": 1.6, ""macd_k_mid"": 0.6, ""macd_signal"": 8, ""macd_slow"": 43, ""macd_std_window"": 78, ""rebalance_freq"": 180, ""rebounce_block"": 5, ""sl_mult_lm"": 2.1, ""sl_mult_lr"": 2.3, ""sl_mult_sm"": 1.8, ""sl_mult_sr"": 1.9, ""time_stop"": 29, ""tp_mult_lm"": 5.2, ""tp_mult_lr"": 11.8, ""tp_mult_sm"": 6.9, ""tp_mult_sr"": 5.0, ""trail_mult"": 3.3, ""trail_tp"": false, ""use_trailing"": true}",{},
1430,-1000000000.0,TrialState.COMPLETE,2026-04-01T03:02:46.863155,2026-04-01T03:02:49.945069,3.081914,"{""atr_window"": 15, ""bb_std_dev"": 2.25, ""bb_window"": 25, ""cooldown"": 0, ""macd_fast"": 20, ""macd_k"": 1.55, ""macd_k_mid"": 0.9, ""macd_signal"": 9, ""macd_slow"": 36, ""macd_std_window"": 80, ""rebalance_freq"": 150, ""rebounce_block"": 5, ""sl_mult_lm"": 1.3, ""sl_mult_lr"": 4.9, ""sl_mult_sm"": 1.1, ""sl_mult_sr"": 3.1, ""time_stop"": 27, ""tp_mult_lm"": 5.3, ""tp_mult_lr"": 14.2, ""tp_mult_sm"": 3.6, ""tp_mult_sr"": 5.2, ""trail_mult"": 1.8, ""trail_tp"": true, ""use_trailing"": true}",{},
1431,-1000000000.0,TrialState.COMPLETE,2026-04-01T03:02:49.983757,2026-04-01T03:02:50.056923,0.073166,"{""atr_window"": 17, ""bb_std_dev"": 1.5499999999999998, ""bb_window"": 16, ""cooldown"": 4, ""macd_fast"": 10, ""macd_k"": 1.05, ""macd_k_mid"": 0.8, ""macd_signal"": 9, ""macd_slow"": 35, ""macd_std_window"": 100, ""rebalance_freq"": 30, ""rebounce_block"": 2, ""sl_mult_lm"": 1.35, ""sl_mult_lr"": 2.6, ""sl_mult_sm"": 1.65, ""sl_mult_sr"": 2.5, ""time_stop"": 19, ""tp_mult_lm"": 4.8, ""tp_mult_lr"": 9.4, ""tp_mult_sm"": 6.4, ""tp_mult_sr"": 5.4, ""trail_mult"": 3.7, ""trail_tp"": false, ""use_trailing"": false}",{},
1432,-1000000000.0,TrialState.COMPLETE,2026-04-01T03:02:50.096556,2026-04-01T03:02:50.168284,0.071728,"{""atr_window"": 10, ""bb_std_dev"": 1.7999999999999998, ""bb_window"": 14, ""cooldown"": 5, ""macd_fast"": 13, ""macd_k"": 1.35, ""macd_k_mid"": 0.55, ""macd_signal"": 7, ""macd_slow"": 41, ""macd_std_window"": 72, ""rebalance_freq"": 120, ""rebounce_block"": 6, ""sl_mult_lm"": 1.65, ""sl_mult_lr"": 3.8, ""sl_mult_sm"": 1.7000000000000002, ""sl_mult_sr"": 1.5, ""time_stop"": 14, ""tp_mult_lm"": 3.5, ""tp_mult_lr"": 12.8, ""tp_mult_sm"": 4.4, ""tp_mult_sr"": 5.6, ""trail_mult"": 2.1, ""trail_tp"": true, ""use_trailing"": true}",{},
1433,-1000000000.0,TrialState.COMPLETE,2026-04-01T03:02:50.207378,2026-04-01T03:02:50.285070,0.077692,"{""atr_window"": 14, ""bb_std_dev"": 2.4, ""bb_window"": 24, ""cooldown"": 2, ""macd_fast"": 17, ""macd_k"": 1.9, ""macd_k_mid"": 0.8500000000000001, ""macd_signal"": 8, ""macd_slow"": 44, ""macd_std_window"": 75, ""rebalance_freq"": 150, ""rebounce_block"": 0, ""sl_mult_lm"": 1.85, ""sl_mult_lr"": 2.4, ""sl_mult_sm"": 1.55, ""sl_mult_sr"": 2.0, ""time_stop"": 25, ""tp_mult_lm"": 4.2, ""tp_mult_lr"": 12.600000000000001, ""tp_mult_sm"": 3.9, ""tp_mult_sr"": 4.5, ""trail_mult"": 1.9, ""trail_tp"": false, ""use_trailing"": true}",{},
1434,-1000000000.0,TrialState.COMPLETE,2026-04-01T03:02:50.326802,2026-04-01T03:02:53.666447,3.339645,"{""atr_window"": 20, ""bb_std_dev"": 2.45, ""bb_window"": 22, ""cooldown"": 1, ""macd_fast"": 18, ""macd_k"": 1.15, ""macd_k_mid"": 0.7, ""macd_signal"": 8, ""macd_slow"": 37, ""macd_std_window"": 97, ""rebalance_freq"": 180, ""rebounce_block"": 4, ""sl_mult_lm"": 1.25, ""sl_mult_lr"": 2.2, ""sl_mult_sm"": 1.2, ""sl_mult_sr"": 1.6, ""time_stop"": 5, ""tp_mult_lm"": 5.5, ""tp_mult_lr"": 11.8, ""tp_mult_sm"": 5.1, ""tp_mult_sr"": 6.4, ""trail_mult"": 3.5, ""trail_tp"": true, ""use_trailing"": true}",{},
1435,-1000000000.0,TrialState.COMPLETE,2026-04-01T03:02:53.706343,2026-04-01T03:02:53.784007,0.077664,"{""atr_window"": 16, ""bb_std_dev"": 2.15, ""bb_window"": 14, ""cooldown"": 0, ""macd_fast"": 15, ""macd_k"": 1.65, ""macd_k_mid"": 0.6, ""macd_signal"": 9, ""macd_slow"": 39, ""macd_std_window"": 98, ""rebalance_freq"": 90, ""rebounce_block"": 3, ""sl_mult_lm"": 1.05, ""sl_mult_lr"": 3.2, ""sl_mult_sm"": 1.0, ""sl_mult_sr"": 1.7, ""time_stop"": 8, ""tp_mult_lm"": 5.6, ""tp_mult_lr"": 13.2, ""tp_mult_sm"": 6.1, ""tp_mult_sr"": 3.2, ""trail_mult"": 3.0, ""trail_tp"": false, ""use_trailing"": false}",{},
1436,-1000000000.0,TrialState.COMPLETE,2026-04-01T03:02:53.823707,2026-04-01T03:02:53.912186,0.088479,"{""atr_window"": 20, ""bb_std_dev"": 2.2, ""bb_window"": 15, ""cooldown"": 3, ""macd_fast"": 11, ""macd_k"": 1.75, ""macd_k_mid"": 0.55, ""macd_signal"": 7, ""macd_slow"": 43, ""macd_std_window"": 91, ""rebalance_freq"": 150, ""rebounce_block"": 5, ""sl_mult_lm"": 1.8, ""sl_mult_lr"": 2.0, ""sl_mult_sm"": 1.25, ""sl_mult_sr"": 2.3, ""time_stop"": 2, ""tp_mult_lm"": 5.0, ""tp_mult_lr"": 15.8, ""tp_mult_sm"": 4.6, ""tp_mult_sr"": 6.1, ""trail_mult"": 3.1, ""trail_tp"": true, ""use_trailing"": true}",{},
1437,-1000000000.0,TrialState.COMPLETE,2026-04-01T03:02:53.955481,2026-04-01T03:02:54.046501,0.09102,"{""atr_window"": 18, ""bb_std_dev"": 1.75, ""bb_window"": 20, ""cooldown"": 1, ""macd_fast"": 14, ""macd_k"": 1.25, ""macd_k_mid"": 0.5, ""macd_signal"": 6, ""macd_slow"": 40, ""macd_std_window"": 70, ""rebalance_freq"": 120, ""rebounce_block"": 6, ""sl_mult_lm"": 1.55, ""sl_mult_lr"": 4.300000000000001, ""sl_mult_sm"": 1.75, ""sl_mult_sr"": 2.1, ""time_stop"": 15, ""tp_mult_lm"": 4.7, ""tp_mult_lr"": 8.2, ""tp_mult_sm"": 5.9, ""tp_mult_sr"": 4.9, ""trail_mult"": 2.2, ""trail_tp"": false, ""use_trailing"": true}",{},
1438,-1000000000.0,TrialState.COMPLETE,2026-04-01T03:02:54.087370,2026-04-01T03:02:54.168763,0.081393,"{""atr_window"": 14, ""bb_std_dev"": 1.7, ""bb_window"": 17, ""cooldown"": 4, ""macd_fast"": 12, ""macd_k"": 1.1, ""macd_k_mid"": 0.65, ""macd_signal"": 5, ""macd_slow"": 38, ""macd_std_window"": 82, ""rebalance_freq"": 180, ""rebounce_block"": 3, ""sl_mult_lm"": 1.3, ""sl_mult_lr"": 2.8, ""sl_mult_sm"": 1.9, ""sl_mult_sr"": 1.8, ""time_stop"": 22, ""tp_mult_lm"": 5.9, ""tp_mult_lr"": 11.0, ""tp_mult_sm"": 4.2, ""tp_mult_sr"": 4.4, ""trail_mult"": 2.6, ""trail_tp"": true, ""use_trailing"": true}",{},
1439,-1000000000.0,TrialState.COMPLETE,2026-04-01T03:02:54.208874,2026-04-01T03:02:57.775522,3.566648,"{""atr_window"": 17, ""bb_std_dev"": 2.3, ""bb_window"": 23, ""cooldown"": 2, ""macd_fast"": 20, ""macd_k"": 1.7000000000000002, ""macd_k_mid"": 0.75, ""macd_signal"": 9, ""macd_slow"": 37, ""macd_std_window"": 89, ""rebalance_freq"": 150, ""rebounce_block"": 1, ""sl_mult_lm"": 2.2, ""sl_mult_lr"": 2.1, ""sl_mult_sm"": 2.0, ""sl_mult_sr"": 2.2, ""time_stop"": 0, ""tp_mult_lm"": 5.1, ""tp_mult_lr"": 11.2, ""tp_mult_sm"": 3.8, ""tp_mult_sr"": 3.8, ""trail_mult"": 3.6, ""trail_tp"": false, ""use_trailing"": false}",{},
1440,-1000000000.0,TrialState.COMPLETE,2026-04-01T03:02:57.812009,2026-04-01T03:02:57.875073,0.063064,"{""atr_window"": 13, ""bb_std_dev"": 2.45, ""bb_window"": 14, ""cooldown"": 1, ""macd_fast"": 17, ""macd_k"": 1.5, ""macd_k_mid"": 0.5, ""macd_signal"": 10, ""macd_slow"": 41, ""macd_std_window"": 95, ""rebalance_freq"": 60, ""rebounce_block"": 4, ""sl_mult_lm"": 1.9500000000000002, ""sl_mult_lr"": 4.7, ""sl_mult_sm"": 1.35, ""sl_mult_sr"": 3.2, ""time_stop"": 18, ""tp_mult_lm"": 5.3, ""tp_mult_lr"": 9.0, ""tp_mult_sm"": 3.7, ""tp_mult_sr"": 5.9, ""trail_mult"": 3.2, ""trail_tp"": true, ""use_trailing"": true}",{},
1441,-1000000000.0,TrialState.COMPLETE,2026-04-01T03:02:57.911054,2026-04-01T03:03:00.890120,2.979066,"{""atr_window"": 15, ""bb_std_dev"": 2.35, ""bb_window"": 18, ""cooldown"": 2, ""macd_fast"": 13, ""macd_k"": 1.15, ""macd_k_mid"": 1.0, ""macd_signal"": 8, ""macd_slow"": 35, ""macd_std_window"": 70, ""rebalance_freq"": 90, ""rebounce_block"": 5, ""sl_mult_lm"": 1.1, ""sl_mult_lr"": 2.3, ""sl_mult_sm"": 1.15, ""sl_mult_sr"": 1.9, ""time_stop"": 7, ""tp_mult_lm"": 5.4, ""tp_mult_lr"": 15.2, ""tp_mult_sm"": 5.300000000000001, ""tp_mult_sr"": 5.7, ""trail_mult"": 3.9000000000000004, ""trail_tp"": false, ""use_trailing"": true}",{},
1442,-1000000000.0,TrialState.COMPLETE,2026-04-01T03:03:00.925016,2026-04-01T03:03:00.986693,0.061677,"{""atr_window"": 11, ""bb_std_dev"": 2.1, ""bb_window"": 16, ""cooldown"": 0, ""macd_fast"": 16, ""macd_k"": 1.2, ""macd_k_mid"": 0.7, ""macd_signal"": 6, ""macd_slow"": 42, ""macd_std_window"": 99, ""rebalance_freq"": 180, ""rebounce_block"": 2, ""sl_mult_lm"": 1.9, ""sl_mult_lr"": 2.4, ""sl_mult_sm"": 1.8, ""sl_mult_sr"": 1.5, ""time_stop"": 24, ""tp_mult_lm"": 3.6, ""tp_mult_lr"": 10.4, ""tp_mult_sm"": 4.5, ""tp_mult_sr"": 4.8, ""trail_mult"": 2.0, ""trail_tp"": true, ""use_trailing"": true}",{},
1443,-1000000000.0,TrialState.COMPLETE,2026-04-01T03:03:01.030056,2026-04-01T03:03:01.097741,0.067685,"{""atr_window"": 19, ""bb_std_dev"": 1.95, ""bb_window"": 15, ""cooldown"": 4, ""macd_fast"": 14, ""macd_k"": 1.0, ""macd_k_mid"": 0.95, ""macd_signal"": 9, ""macd_slow"": 44, ""macd_std_window"": 87, ""rebalance_freq"": 150, ""rebounce_block"": 0, ""sl_mult_lm"": 2.05, ""sl_mult_lr"": 2.7, ""sl_mult_sm"": 1.5, ""sl_mult_sr"": 1.6, ""time_stop"": 20, ""tp_mult_lm"": 4.6, ""tp_mult_lr"": 10.0, ""tp_mult_sm"": 3.5, ""tp_mult_sr"": 3.0, ""trail_mult"": 3.1, ""trail_tp"": false, ""use_trailing"": false}",{},
1444,-1000000000.0,TrialState.COMPLETE,2026-04-01T03:03:01.136320,2026-04-01T03:03:01.209131,0.072811,"{""atr_window"": 16, ""bb_std_dev"": 2.0, ""bb_window"": 17, ""cooldown"": 5, ""macd_fast"": 19, ""macd_k"": 1.4, ""macd_k_mid"": 0.55, ""macd_signal"": 8, ""macd_slow"": 43, ""macd_std_window"": 92, ""rebalance_freq"": 30, ""rebounce_block"": 6, ""sl_mult_lm"": 1.0, ""sl_mult_lr"": 4.6, ""sl_mult_sm"": 1.05, ""sl_mult_sr"": 2.6, ""time_stop"": 26, ""tp_mult_lm"": 4.1, ""tp_mult_lr"": 8.4, ""tp_mult_sm"": 3.0, ""tp_mult_sr"": 5.1, ""trail_mult"": 1.7, ""trail_tp"": true, ""use_trailing"": true}",{},
1445,-1000000000.0,TrialState.COMPLETE,2026-04-01T03:03:01.247585,2026-04-01T03:03:01.318893,0.071308,"{""atr_window"": 12, ""bb_std_dev"": 1.7999999999999998, ""bb_window"": 14, ""cooldown"": 1, ""macd_fast"": 12, ""macd_k"": 1.8, ""macd_k_mid"": 0.6, ""macd_signal"": 7, ""macd_slow"": 40, ""macd_std_window"": 76, ""rebalance_freq"": 120, ""rebounce_block"": 5, ""sl_mult_lm"": 1.4, ""sl_mult_lr"": 4.800000000000001, ""sl_mult_sm"": 1.85, ""sl_mult_sr"": 1.7, ""time_stop"": 12, ""tp_mult_lm"": 5.800000000000001, ""tp_mult_lr"": 12.2, ""tp_mult_sm"": 6.2, ""tp_mult_sr"": 6.9, ""trail_mult"": 2.3, ""trail_tp"": false, ""use_trailing"": true}",{},
1446,-1000000000.0,TrialState.COMPLETE,2026-04-01T03:03:01.356769,2026-04-01T03:03:01.432482,0.075713,"{""atr_window"": 18, ""bb_std_dev"": 1.45, ""bb_window"": 19, ""cooldown"": 3, ""macd_fast"": 15, ""macd_k"": 1.45, ""macd_k_mid"": 0.5, ""macd_signal"": 10, ""macd_slow"": 39, ""macd_std_window"": 88, ""rebalance_freq"": 90, ""rebounce_block"": 3, ""sl_mult_lm"": 1.2, ""sl_mult_lr"": 2.5, ""sl_mult_sm"": 1.45, ""sl_mult_sr"": 1.5, ""time_stop"": 6, ""tp_mult_lm"": 5.6, ""tp_mult_lr"": 9.6, ""tp_mult_sm"": 4.8, ""tp_mult_sr"": 4.6, ""trail_mult"": 2.2, ""trail_tp"": true, ""use_trailing"": false}",{},
