number,value,state,datetime_start,datetime_complete,duration_seconds,params_json,fold_sharpes_json,avg_cv_sharpe
659,-1000000000.0,TrialState.COMPLETE,2026-04-01T02:19:32.740646,2026-04-01T02:19:32.777342,0.036696,"{""atr_window"": 20, ""bb_std_dev"": 1.7, ""bb_window"": 17, ""cooldown"": 1, ""macd_fast"": 12, ""macd_k"": 1.75, ""macd_k_mid"": 0.6, ""macd_signal"": 10, ""macd_slow"": 41, ""macd_std_window"": 88, ""rebalance_freq"": 90, ""rebounce_block"": 5, ""sl_mult_lm"": 1.7000000000000002, ""sl_mult_lr"": 2.0, ""sl_mult_sm"": 1.2, ""sl_mult_sr"": 2.0, ""time_stop"": 5, ""tp_mult_lm"": 5.5, ""tp_mult_lr"": 15.4, ""tp_mult_sm"": 3.1, ""tp_mult_sr"": 4.6, ""trail_mult"": 2.1, ""trail_tp"": false, ""use_trailing"": true}",{},
660,-1000000000.0,TrialState.COMPLETE,2026-04-01T02:19:32.808834,2026-04-01T02:19:35.350287,2.541453,"{""atr_window"": 19, ""bb_std_dev"": 1.5499999999999998, ""bb_window"": 15, ""cooldown"": 0, ""macd_fast"": 20, ""macd_k"": 1.65, ""macd_k_mid"": 0.55, ""macd_signal"": 9, ""macd_slow"": 39, ""macd_std_window"": 70, ""rebalance_freq"": 180, ""rebounce_block"": 2, ""sl_mult_lm"": 1.35, ""sl_mult_lr"": 4.7, ""sl_mult_sm"": 1.9500000000000002, ""sl_mult_sr"": 1.5, ""time_stop"": 24, ""tp_mult_lm"": 5.7, ""tp_mult_lr"": 10.2, ""tp_mult_sm"": 3.6, ""tp_mult_sr"": 6.9, ""trail_mult"": 2.6, ""trail_tp"": true, ""use_trailing"": true}",{},
661,-1000000000.0,TrialState.COMPLETE,2026-04-01T02:19:35.381392,2026-04-01T02:19:35.430201,0.048809,"{""atr_window"": 10, ""bb_std_dev"": 2.5, ""bb_window"": 16, ""cooldown"": 2, ""macd_fast"": 15, ""macd_k"": 1.45, ""macd_k_mid"": 0.5, ""macd_signal"": 8, ""macd_slow"": 40, ""macd_std_window"": 76, ""rebalance_freq"": 150, ""rebounce_block"": 1, ""sl_mult_lm"": 2.0, ""sl_mult_lr"": 2.3, ""sl_mult_sm"": 1.75, ""sl_mult_sr"": 2.3, ""time_stop"": 20, ""tp_mult_lm"": 5.3, ""tp_mult_lr"": 11.8, ""tp_mult_sm"": 6.9, ""tp_mult_sr"": 6.2, ""trail_mult"": 2.5, ""trail_tp"": false, ""use_trailing"": true}",{},
662,-1000000000.0,TrialState.COMPLETE,2026-04-01T02:19:35.472597,2026-04-01T02:19:37.954092,2.481495,"{""atr_window"": 17, ""bb_std_dev"": 2.05, ""bb_window"": 18, ""cooldown"": 5, ""macd_fast"": 14, ""macd_k"": 1.9, ""macd_k_mid"": 0.55, ""macd_signal"": 9, ""macd_slow"": 35, ""macd_std_window"": 90, ""rebalance_freq"": 120, ""rebounce_block"": 3, ""sl_mult_lm"": 2.2, ""sl_mult_lr"": 3.0, ""sl_mult_sm"": 1.55, ""sl_mult_sr"": 1.6, ""time_stop"": 21, ""tp_mult_lm"": 5.800000000000001, ""tp_mult_lr"": 16.8, ""tp_mult_sm"": 3.0, ""tp_mult_sr"": 4.2, ""trail_mult"": 2.9000000000000004, ""trail_tp"": true, ""use_trailing"": false}",{},
663,-1000000000.0,TrialState.COMPLETE,2026-04-01T02:19:37.992732,2026-04-01T02:19:38.026161,0.033429,"{""atr_window"": 16, ""bb_std_dev"": 1.5999999999999999, ""bb_window"": 22, ""cooldown"": 0, ""macd_fast"": 17, ""macd_k"": 1.1, ""macd_k_mid"": 0.75, ""macd_signal"": 8, ""macd_slow"": 43, ""macd_std_window"": 84, ""rebalance_freq"": 180, ""rebounce_block"": 0, ""sl_mult_lm"": 1.0, ""sl_mult_lr"": 4.4, ""sl_mult_sm"": 1.85, ""sl_mult_sr"": 2.4, ""time_stop"": 15, ""tp_mult_lm"": 5.4, ""tp_mult_lr"": 14.600000000000001, ""tp_mult_sm"": 6.4, ""tp_mult_sr"": 6.0, ""trail_mult"": 3.2, ""trail_tp"": false, ""use_trailing"": true}",{},
664,-1000000000.0,TrialState.COMPLETE,2026-04-01T02:19:38.057811,2026-04-01T02:19:38.090745,0.032934,"{""atr_window"": 13, ""bb_std_dev"": 2.1, ""bb_window"": 17, ""cooldown"": 1, ""macd_fast"": 12, ""macd_k"": 1.2, ""macd_k_mid"": 0.7, ""macd_signal"": 9, ""macd_slow"": 37, ""macd_std_window"": 81, ""rebalance_freq"": 30, ""rebounce_block"": 5, ""sl_mult_lm"": 1.9500000000000002, ""sl_mult_lr"": 2.9, ""sl_mult_sm"": 1.7000000000000002, ""sl_mult_sr"": 1.9, ""time_stop"": 1, ""tp_mult_lm"": 5.2, ""tp_mult_lr"": 12.2, ""tp_mult_sm"": 4.5, ""tp_mult_sr"": 3.3, ""trail_mult"": 3.1, ""trail_tp"": true, ""use_trailing"": true}",{},
665,-1000000000.0,TrialState.COMPLETE,2026-04-01T02:19:38.122322,2026-04-01T02:19:40.609765,2.487443,"{""atr_window"": 14, ""bb_std_dev"": 1.95, ""bb_window"": 20, ""cooldown"": 2, ""macd_fast"": 20, ""macd_k"": 1.55, ""macd_k_mid"": 0.8, ""macd_signal"": 6, ""macd_slow"": 42, ""macd_std_window"": 86, ""rebalance_freq"": 150, ""rebounce_block"": 4, ""sl_mult_lm"": 1.4, ""sl_mult_lr"": 2.4, ""sl_mult_sm"": 2.0, ""sl_mult_sr"": 1.8, ""time_stop"": 26, ""tp_mult_lm"": 3.9, ""tp_mult_lr"": 10.8, ""tp_mult_sm"": 5.9, ""tp_mult_sr"": 5.9, ""trail_mult"": 3.9000000000000004, ""trail_tp"": false, ""use_trailing"": false}",{},
666,-1000000000.0,TrialState.COMPLETE,2026-04-01T02:19:40.643972,2026-04-01T02:19:43.144698,2.500726,"{""atr_window"": 15, ""bb_std_dev"": 1.75, ""bb_window"": 16, ""cooldown"": 4, ""macd_fast"": 19, ""macd_k"": 2.0, ""macd_k_mid"": 0.5, ""macd_signal"": 10, ""macd_slow"": 41, ""macd_std_window"": 91, ""rebalance_freq"": 150, ""rebounce_block"": 3, ""sl_mult_lm"": 2.1500000000000004, ""sl_mult_lr"": 2.2, ""sl_mult_sm"": 1.75, ""sl_mult_sr"": 2.1, ""time_stop"": 16, ""tp_mult_lm"": 6.0, ""tp_mult_lr"": 9.4, ""tp_mult_sm"": 5.7, ""tp_mult_sr"": 4.7, ""trail_mult"": 2.3, ""trail_tp"": true, ""use_trailing"": true}",{},
667,-1000000000.0,TrialState.COMPLETE,2026-04-01T02:19:43.175171,2026-04-01T02:19:43.208582,0.033411,"{""atr_window"": 16, ""bb_std_dev"": 2.2, ""bb_window"": 15, ""cooldown"": 1, ""macd_fast"": 10, ""macd_k"": 1.8, ""macd_k_mid"": 0.6, ""macd_signal"": 8, ""macd_slow"": 36, ""macd_std_window"": 92, ""rebalance_freq"": 90, ""rebounce_block"": 5, ""sl_mult_lm"": 1.9, ""sl_mult_lr"": 2.2, ""sl_mult_sm"": 1.9, ""sl_mult_sr"": 2.2, ""time_stop"": 19, ""tp_mult_lm"": 5.0, ""tp_mult_lr"": 11.4, ""tp_mult_sm"": 6.300000000000001, ""tp_mult_sr"": 3.5, ""trail_mult"": 3.7, ""trail_tp"": false, ""use_trailing"": true}",{},
668,-1000000000.0,TrialState.COMPLETE,2026-04-01T02:19:43.244602,2026-04-01T02:19:43.279546,0.034944,"{""atr_window"": 20, ""bb_std_dev"": 2.0, ""bb_window"": 19, ""cooldown"": 2, ""macd_fast"": 13, ""macd_k"": 1.85, ""macd_k_mid"": 1.0, ""macd_signal"": 10, ""macd_slow"": 38, ""macd_std_window"": 99, ""rebalance_freq"": 120, ""rebounce_block"": 0, ""sl_mult_lm"": 1.05, ""sl_mult_lr"": 4.6, ""sl_mult_sm"": 1.5, ""sl_mult_sr"": 1.5, ""time_stop"": 17, ""tp_mult_lm"": 5.6, ""tp_mult_lr"": 16.4, ""tp_mult_sm"": 3.7, ""tp_mult_sr"": 3.6, ""trail_mult"": 1.6, ""trail_tp"": true, ""use_trailing"": true}",{},
669,-1000000000.0,TrialState.COMPLETE,2026-04-01T02:19:43.311363,2026-04-01T02:19:45.806312,2.494949,"{""atr_window"": 19, ""bb_std_dev"": 2.15, ""bb_window"": 21, ""cooldown"": 1, ""macd_fast"": 18, ""macd_k"": 1.15, ""macd_k_mid"": 0.55, ""macd_signal"": 9, ""macd_slow"": 40, ""macd_std_window"": 89, ""rebalance_freq"": 180, ""rebounce_block"": 3, ""sl_mult_lm"": 1.1, ""sl_mult_lr"": 3.4000000000000004, ""sl_mult_sm"": 1.25, ""sl_mult_sr"": 1.6, ""time_stop"": 14, ""tp_mult_lm"": 5.1, ""tp_mult_lr"": 10.6, ""tp_mult_sm"": 3.4, ""tp_mult_sr"": 3.2, ""trail_mult"": 2.2, ""trail_tp"": false, ""use_trailing"": false}",{},
670,-1000000000.0,TrialState.COMPLETE,2026-04-01T02:19:45.833549,2026-04-01T02:19:45.864065,0.030516,"{""atr_window"": 12, ""bb_std_dev"": 2.45, ""bb_window"": 14, ""cooldown"": 4, ""macd_fast"": 14, ""macd_k"": 1.05, ""macd_k_mid"": 0.5, ""macd_signal"": 8, ""macd_slow"": 43, ""macd_std_window"": 75, ""rebalance_freq"": 150, ""rebounce_block"": 4, ""sl_mult_lm"": 1.35, ""sl_mult_lr"": 5.0, ""sl_mult_sm"": 1.8, ""sl_mult_sr"": 1.9, ""time_stop"": 22, ""tp_mult_lm"": 3.7, ""tp_mult_lr"": 8.0, ""tp_mult_sm"": 5.5, ""tp_mult_sr"": 4.5, ""trail_mult"": 3.3, ""trail_tp"": true, ""use_trailing"": true}",{},
671,-1000000000.0,TrialState.COMPLETE,2026-04-01T02:19:45.892080,2026-04-01T02:19:45.922065,0.029985,"{""atr_window"": 11, ""bb_std_dev"": 2.35, ""bb_window"": 15, ""cooldown"": 0, ""macd_fast"": 15, ""macd_k"": 1.25, ""macd_k_mid"": 0.9, ""macd_signal"": 9, ""macd_slow"": 39, ""macd_std_window"": 71, ""rebalance_freq"": 120, ""rebounce_block"": 2, ""sl_mult_lm"": 1.75, ""sl_mult_lr"": 2.4, ""sl_mult_sm"": 1.6, ""sl_mult_sr"": 1.8, ""time_stop"": 30, ""tp_mult_lm"": 4.9, ""tp_mult_lr"": 12.0, ""tp_mult_sm"": 3.2, ""tp_mult_sr"": 3.0, ""trail_mult"": 3.2, ""trail_tp"": true, ""use_trailing"": true}",{},
672,-1000000000.0,TrialState.COMPLETE,2026-04-01T02:19:45.955554,2026-04-01T02:19:46.004875,0.049321,"{""atr_window"": 16, ""bb_std_dev"": 1.7, ""bb_window"": 17, ""cooldown"": 5, ""macd_fast"": 11, ""macd_k"": 1.0, ""macd_k_mid"": 0.55, ""macd_signal"": 8, ""macd_slow"": 37, ""macd_std_window"": 87, ""rebalance_freq"": 30, ""rebounce_block"": 5, ""sl_mult_lm"": 1.8, ""sl_mult_lr"": 3.3, ""sl_mult_sm"": 1.7000000000000002, ""sl_mult_sr"": 2.5, ""time_stop"": 18, ""tp_mult_lm"": 3.5, ""tp_mult_lr"": 12.600000000000001, ""tp_mult_sm"": 5.300000000000001, ""tp_mult_sr"": 6.4, ""trail_mult"": 1.7, ""trail_tp"": false, ""use_trailing"": true}",{},
673,-1000000000.0,TrialState.COMPLETE,2026-04-01T02:19:46.035782,2026-04-01T02:19:46.069864,0.034082,"{""atr_window"": 14, ""bb_std_dev"": 1.8499999999999999, ""bb_window"": 25, ""cooldown"": 2, ""macd_fast"": 12, ""macd_k"": 1.4, ""macd_k_mid"": 0.7, ""macd_signal"": 5, ""macd_slow"": 36, ""macd_std_window"": 77, ""rebalance_freq"": 150, ""rebounce_block"": 4, ""sl_mult_lm"": 1.3, ""sl_mult_lr"": 3.2, ""sl_mult_sm"": 1.65, ""sl_mult_sr"": 2.2, ""time_stop"": 11, ""tp_mult_lm"": 4.2, ""tp_mult_lr"": 12.8, ""tp_mult_sm"": 3.5, ""tp_mult_sr"": 5.800000000000001, ""trail_mult"": 2.1, ""trail_tp"": true, ""use_trailing"": false}",{},
674,-1000000000.0,TrialState.COMPLETE,2026-04-01T02:19:46.113489,2026-04-01T02:19:46.146983,0.033494,"{""atr_window"": 17, ""bb_std_dev"": 2.4, ""bb_window"": 22, ""cooldown"": 1, ""macd_fast"": 17, ""macd_k"": 1.45, ""macd_k_mid"": 0.6, ""macd_signal"": 6, ""macd_slow"": 41, ""macd_std_window"": 93, ""rebalance_freq"": 180, ""rebounce_block"": 0, ""sl_mult_lm"": 1.85, ""sl_mult_lr"": 2.8, ""sl_mult_sm"": 1.3, ""sl_mult_sr"": 2.1, ""time_stop"": 12, ""tp_mult_lm"": 5.4, ""tp_mult_lr"": 15.2, ""tp_mult_sm"": 6.1, ""tp_mult_sr"": 3.9, ""trail_mult"": 3.6, ""trail_tp"": false, ""use_trailing"": true}",{},
675,-1000000000.0,TrialState.COMPLETE,2026-04-01T02:19:46.178185,2026-04-01T02:19:46.212149,0.033964,"{""atr_window"": 15, ""bb_std_dev"": 1.95, ""bb_window"": 23, ""cooldown"": 0, ""macd_fast"": 13, ""macd_k"": 1.5, ""macd_k_mid"": 0.5, ""macd_signal"": 8, ""macd_slow"": 42, ""macd_std_window"": 83, ""rebalance_freq"": 90, ""rebounce_block"": 1, ""sl_mult_lm"": 2.05, ""sl_mult_lr"": 2.3, ""sl_mult_sm"": 1.1, ""sl_mult_sr"": 1.5, ""time_stop"": 4, ""tp_mult_lm"": 5.2, ""tp_mult_lr"": 10.4, ""tp_mult_sm"": 5.800000000000001, ""tp_mult_sr"": 3.8, ""trail_mult"": 2.6, ""trail_tp"": true, ""use_trailing"": true}",{},
676,-1000000000.0,TrialState.COMPLETE,2026-04-01T02:19:46.243143,2026-04-01T02:19:46.278198,0.035055,"{""atr_window"": 18, ""bb_std_dev"": 1.65, ""bb_window"": 18, ""cooldown"": 4, ""macd_fast"": 15, ""macd_k"": 1.1, ""macd_k_mid"": 0.8500000000000001, ""macd_signal"": 9, ""macd_slow"": 40, ""macd_std_window"": 88, ""rebalance_freq"": 150, ""rebounce_block"": 5, ""sl_mult_lm"": 2.1, ""sl_mult_lr"": 3.6, ""sl_mult_sm"": 1.85, ""sl_mult_sr"": 2.3, ""time_stop"": 21, ""tp_mult_lm"": 5.7, ""tp_mult_lr"": 9.6, ""tp_mult_sm"": 7.0, ""tp_mult_sr"": 6.5, ""trail_mult"": 2.2, ""trail_tp"": false, ""use_trailing"": true}",{},
677,-1000000000.0,TrialState.COMPLETE,2026-04-01T02:19:46.309825,2026-04-01T02:19:46.353353,0.043528,"{""atr_window"": 18, ""bb_std_dev"": 2.05, ""bb_window"": 14, ""cooldown"": 2, ""macd_fast"": 10, ""macd_k"": 1.55, ""macd_k_mid"": 0.75, ""macd_signal"": 9, ""macd_slow"": 37, ""macd_std_window"": 81, ""rebalance_freq"": 30, ""rebounce_block"": 3, ""sl_mult_lm"": 1.0, ""sl_mult_lr"": 3.7, ""sl_mult_sm"": 1.75, ""sl_mult_sr"": 2.0, ""time_stop"": 13, ""tp_mult_lm"": 5.5, ""tp_mult_lr"": 11.6, ""tp_mult_sm"": 4.6, ""tp_mult_sr"": 5.6, ""trail_mult"": 1.5, ""trail_tp"": true, ""use_trailing"": false}",{},
678,-1000000000.0,TrialState.COMPLETE,2026-04-01T02:19:46.397889,2026-04-01T02:19:48.851807,2.453918,"{""atr_window"": 20, ""bb_std_dev"": 1.5, ""bb_window"": 16, ""cooldown"": 1, ""macd_fast"": 14, ""macd_k"": 1.35, ""macd_k_mid"": 0.55, ""macd_signal"": 10, ""macd_slow"": 35, ""macd_std_window"": 100, ""rebalance_freq"": 120, ""rebounce_block"": 2, ""sl_mult_lm"": 1.2, ""sl_mult_lr"": 4.2, ""sl_mult_sm"": 1.5, ""sl_mult_sr"": 2.1, ""time_stop"": 20, ""tp_mult_lm"": 5.3, ""tp_mult_lr"": 10.0, ""tp_mult_sm"": 6.800000000000001, ""tp_mult_sr"": 6.300000000000001, ""trail_mult"": 3.7, ""trail_tp"": false, ""use_trailing"": true}",{},
679,-1000000000.0,TrialState.COMPLETE,2026-04-01T02:19:48.894496,2026-04-01T02:19:48.930522,0.036026,"{""atr_window"": 14, ""bb_std_dev"": 2.2, ""bb_window"": 20, ""cooldown"": 0, ""macd_fast"": 20, ""macd_k"": 1.65, ""macd_k_mid"": 0.6, ""macd_signal"": 8, ""macd_slow"": 43, ""macd_std_window"": 91, ""rebalance_freq"": 180, ""rebounce_block"": 5, ""sl_mult_lm"": 1.9500000000000002, ""sl_mult_lr"": 2.4, ""sl_mult_sm"": 1.05, ""sl_mult_sr"": 3.0, ""time_stop"": 0, ""tp_mult_lm"": 4.1, ""tp_mult_lr"": 11.0, ""tp_mult_sm"": 6.5, ""tp_mult_sr"": 5.5, ""trail_mult"": 3.0, ""trail_tp"": true, ""use_trailing"": true}",{},
680,-1000000000.0,TrialState.COMPLETE,2026-04-01T02:19:48.964139,2026-04-01T02:19:51.542017,2.577878,"{""atr_window"": 16, ""bb_std_dev"": 2.1, ""bb_window"": 16, ""cooldown"": 1, ""macd_fast"": 19, ""macd_k"": 1.7000000000000002, ""macd_k_mid"": 0.8, ""macd_signal"": 8, ""macd_slow"": 41, ""macd_std_window"": 82, ""rebalance_freq"": 150, ""rebounce_block"": 0, ""sl_mult_lm"": 1.15, ""sl_mult_lr"": 2.0, ""sl_mult_sm"": 1.55, ""sl_mult_sr"": 3.2, ""time_stop"": 27, ""tp_mult_lm"": 5.0, ""tp_mult_lr"": 12.0, ""tp_mult_sm"": 3.8, ""tp_mult_sr"": 4.7, ""trail_mult"": 2.4, ""trail_tp"": false, ""use_trailing"": false}",{},
681,-1000000000.0,TrialState.COMPLETE,2026-04-01T02:19:51.572011,2026-04-01T02:19:51.604778,0.032767,"{""atr_window"": 17, ""bb_std_dev"": 2.5, ""bb_window"": 24, ""cooldown"": 2, ""macd_fast"": 12, ""macd_k"": 1.3, ""macd_k_mid"": 0.95, ""macd_signal"": 9, ""macd_slow"": 39, ""macd_std_window"": 85, ""rebalance_freq"": 120, ""rebounce_block"": 3, ""sl_mult_lm"": 1.9, ""sl_mult_lr"": 4.0, ""sl_mult_sm"": 1.65, ""sl_mult_sr"": 1.5, ""time_stop"": 6, ""tp_mult_lm"": 6.0, ""tp_mult_lr"": 12.4, ""tp_mult_sm"": 6.300000000000001, ""tp_mult_sr"": 4.4, ""trail_mult"": 3.8000000000000003, ""trail_tp"": true, ""use_trailing"": true}",{},
682,-1000000000.0,TrialState.COMPLETE,2026-04-01T02:19:51.633745,2026-04-01T02:19:51.676445,0.0427,"{""atr_window"": 15, ""bb_std_dev"": 2.45, ""bb_window"": 15, ""cooldown"": 5, ""macd_fast"": 11, ""macd_k"": 1.2, ""macd_k_mid"": 0.7, ""macd_signal"": 6, ""macd_slow"": 43, ""macd_std_window"": 70, ""rebalance_freq"": 150, ""rebounce_block"": 4, ""sl_mult_lm"": 1.25, ""sl_mult_lr"": 4.1, ""sl_mult_sm"": 1.9, ""sl_mult_sr"": 1.8, ""time_stop"": 16, ""tp_mult_lm"": 5.6, ""tp_mult_lr"": 8.4, ""tp_mult_sm"": 3.6, ""tp_mult_sr"": 3.1, ""trail_mult"": 3.5, ""trail_tp"": false, ""use_trailing"": true}",{},
683,-1000000000.0,TrialState.COMPLETE,2026-04-01T02:19:51.707407,2026-04-01T02:19:54.174058,2.466651,"{""atr_window"": 13, ""bb_std_dev"": 1.75, ""bb_window"": 14, ""cooldown"": 4, ""macd_fast"": 20, ""macd_k"": 1.9500000000000002, ""macd_k_mid"": 0.55, ""macd_signal"": 10, ""macd_slow"": 40, ""macd_std_window"": 99, ""rebalance_freq"": 90, ""rebounce_block"": 2, ""sl_mult_lm"": 2.0, ""sl_mult_lr"": 2.1, ""sl_mult_sm"": 1.15, ""sl_mult_sr"": 2.2, ""time_stop"": 5, ""tp_mult_lm"": 3.9, ""tp_mult_lr"": 16.0, ""tp_mult_sm"": 4.9, ""tp_mult_sr"": 4.1, ""trail_mult"": 3.2, ""trail_tp"": true, ""use_trailing"": true}",{},
684,-1000000000.0,TrialState.COMPLETE,2026-04-01T02:19:54.204565,2026-04-01T02:19:56.719189,2.514624,"{""atr_window"": 14, ""bb_std_dev"": 2.15, ""bb_window"": 14, ""cooldown"": 1, ""macd_fast"": 18, ""macd_k"": 1.15, ""macd_k_mid"": 0.6, ""macd_signal"": 8, ""macd_slow"": 35, ""macd_std_window"": 98, ""rebalance_freq"": 180, ""rebounce_block"": 5, ""sl_mult_lm"": 1.35, ""sl_mult_lr"": 4.9, ""sl_mult_sm"": 1.8, ""sl_mult_sr"": 1.6, ""time_stop"": 21, ""tp_mult_lm"": 5.3, ""tp_mult_lr"": 8.2, ""tp_mult_sm"": 6.6, ""tp_mult_sr"": 6.1, ""trail_mult"": 2.7, ""trail_tp"": false, ""use_trailing"": false}",{},
685,-1000000000.0,TrialState.COMPLETE,2026-04-01T02:19:56.750671,2026-04-01T02:19:56.786322,0.035651,"{""atr_window"": 20, ""bb_std_dev"": 2.4, ""bb_window"": 17, ""cooldown"": 0, ""macd_fast"": 14, ""macd_k"": 1.6, ""macd_k_mid"": 0.5, ""macd_signal"": 9, ""macd_slow"": 42, ""macd_std_window"": 73, ""rebalance_freq"": 180, ""rebounce_block"": 1, ""sl_mult_lm"": 1.7000000000000002, ""sl_mult_lr"": 2.3, ""sl_mult_sm"": 1.9500000000000002, ""sl_mult_sr"": 3.1, ""time_stop"": 26, ""tp_mult_lm"": 3.6, ""tp_mult_lr"": 11.8, ""tp_mult_sm"": 3.3, ""tp_mult_sr"": 4.3, ""trail_mult"": 3.1, ""trail_tp"": true, ""use_trailing"": true}",{},
686,-1000000000.0,TrialState.COMPLETE,2026-04-01T02:19:56.819672,2026-04-01T02:19:56.853357,0.033685,"{""atr_window"": 11, ""bb_std_dev"": 1.7999999999999998, ""bb_window"": 14, ""cooldown"": 2, ""macd_fast"": 13, ""macd_k"": 1.15, ""macd_k_mid"": 0.55, ""macd_signal"": 8, ""macd_slow"": 38, ""macd_std_window"": 79, ""rebalance_freq"": 150, ""rebounce_block"": 5, ""sl_mult_lm"": 1.65, ""sl_mult_lr"": 2.5, ""sl_mult_sm"": 1.7000000000000002, ""sl_mult_sr"": 1.9, ""time_stop"": 18, ""tp_mult_lm"": 5.1, ""tp_mult_lr"": 9.2, ""tp_mult_sm"": 6.9, ""tp_mult_sr"": 4.0, ""trail_mult"": 2.1, ""trail_tp"": false, ""use_trailing"": true}",{},
687,-1000000000.0,TrialState.COMPLETE,2026-04-01T02:19:56.885440,2026-04-01T02:19:59.445977,2.560537,"{""atr_window"": 12, ""bb_std_dev"": 1.9, ""bb_window"": 21, ""cooldown"": 1, ""macd_fast"": 17, ""macd_k"": 1.0, ""macd_k_mid"": 0.7, ""macd_signal"": 6, ""macd_slow"": 37, ""macd_std_window"": 89, ""rebalance_freq"": 30, ""rebounce_block"": 5, ""sl_mult_lm"": 1.4, ""sl_mult_lr"": 2.9, ""sl_mult_sm"": 1.6, ""sl_mult_sr"": 2.6, ""time_stop"": 28, ""tp_mult_lm"": 4.8, ""tp_mult_lr"": 14.2, ""tp_mult_sm"": 3.1, ""tp_mult_sr"": 6.800000000000001, ""trail_mult"": 2.2, ""trail_tp"": true, ""use_trailing"": true}",{},
688,-1000000000.0,TrialState.COMPLETE,2026-04-01T02:19:59.478154,2026-04-01T02:19:59.524804,0.04665,"{""atr_window"": 19, ""bb_std_dev"": 1.5499999999999998, ""bb_window"": 17, ""cooldown"": 4, ""macd_fast"": 12, ""macd_k"": 1.5, ""macd_k_mid"": 0.75, ""macd_signal"": 9, ""macd_slow"": 36, ""macd_std_window"": 72, ""rebalance_freq"": 120, ""rebounce_block"": 3, ""sl_mult_lm"": 1.3, ""sl_mult_lr"": 3.8, ""sl_mult_sm"": 1.0, ""sl_mult_sr"": 2.7, ""time_stop"": 15, ""tp_mult_lm"": 4.0, ""tp_mult_lr"": 10.4, ""tp_mult_sm"": 5.2, ""tp_mult_sr"": 3.6, ""trail_mult"": 3.4000000000000004, ""trail_tp"": false, ""use_trailing"": false}",{},
689,-1000000000.0,TrialState.COMPLETE,2026-04-01T02:19:59.558686,2026-04-01T02:19:59.592782,0.034096,"{""atr_window"": 16, ""bb_std_dev"": 2.35, ""bb_window"": 15, ""cooldown"": 0, ""macd_fast"": 15, ""macd_k"": 1.05, ""macd_k_mid"": 0.6, ""macd_signal"": 10, ""macd_slow"": 39, ""macd_std_window"": 86, ""rebalance_freq"": 90, ""rebounce_block"": 0, ""sl_mult_lm"": 1.0, ""sl_mult_lr"": 2.3, ""sl_mult_sm"": 1.2, ""sl_mult_sr"": 1.6, ""time_stop"": 14, ""tp_mult_lm"": 5.2, ""tp_mult_lr"": 12.2, ""tp_mult_sm"": 4.4, ""tp_mult_sr"": 6.0, ""trail_mult"": 2.9000000000000004, ""trail_tp"": true, ""use_trailing"": true}",{},
690,-1000000000.0,TrialState.COMPLETE,2026-04-01T02:19:59.629272,2026-04-01T02:19:59.663962,0.03469,"{""atr_window"": 18, ""bb_std_dev"": 2.2, ""bb_window"": 23, ""cooldown"": 1, ""macd_fast"": 10, ""macd_k"": 1.65, ""macd_k_mid"": 0.55, ""macd_signal"": 9, ""macd_slow"": 43, ""macd_std_window"": 78, ""rebalance_freq"": 150, ""rebounce_block"": 3, ""sl_mult_lm"": 1.05, ""sl_mult_lr"": 3.1, ""sl_mult_sm"": 1.85, ""sl_mult_sr"": 2.0, ""time_stop"": 24, ""tp_mult_lm"": 5.9, ""tp_mult_lr"": 16.200000000000003, ""tp_mult_sm"": 6.2, ""tp_mult_sr"": 3.0, ""trail_mult"": 2.5, ""trail_tp"": false, ""use_trailing"": true}",{},
691,-1000000000.0,TrialState.COMPLETE,2026-04-01T02:19:59.695809,2026-04-01T02:19:59.729626,0.033817,"{""atr_window"": 14, ""bb_std_dev"": 2.05, ""bb_window"": 19, ""cooldown"": 2, ""macd_fast"": 14, ""macd_k"": 1.45, ""macd_k_mid"": 0.5, ""macd_signal"": 8, ""macd_slow"": 41, ""macd_std_window"": 88, ""rebalance_freq"": 180, ""rebounce_block"": 4, ""sl_mult_lm"": 1.9500000000000002, ""sl_mult_lr"": 3.0, ""sl_mult_sm"": 1.25, ""sl_mult_sr"": 2.8, ""time_stop"": 23, ""tp_mult_lm"": 3.7, ""tp_mult_lr"": 13.0, ""tp_mult_sm"": 4.5, ""tp_mult_sr"": 6.7, ""trail_mult"": 2.6, ""trail_tp"": true, ""use_trailing"": true}",{},
692,-1000000000.0,TrialState.COMPLETE,2026-04-01T02:19:59.761118,2026-04-01T02:19:59.794678,0.03356,"{""atr_window"": 19, ""bb_std_dev"": 2.5, ""bb_window"": 20, ""cooldown"": 4, ""macd_fast"": 13, ""macd_k"": 1.05, ""macd_k_mid"": 0.9, ""macd_signal"": 8, ""macd_slow"": 40, ""macd_std_window"": 80, ""rebalance_freq"": 150, ""rebounce_block"": 2, ""sl_mult_lm"": 1.85, ""sl_mult_lr"": 3.9000000000000004, ""sl_mult_sm"": 2.0, ""sl_mult_sr"": 2.4, ""time_stop"": 29, ""tp_mult_lm"": 5.4, ""tp_mult_lr"": 11.2, ""tp_mult_sm"": 5.9, ""tp_mult_sr"": 5.7, ""trail_mult"": 4.0, ""trail_tp"": false, ""use_trailing"": false}",{},
