number,value,state,datetime_start,datetime_complete,duration_seconds,params_json,fold_sharpes_json,avg_cv_sharpe
139,-1000000000.0,TrialState.COMPLETE,2026-04-01T02:12:50.249907,2026-04-01T02:12:50.272187,0.02228,"{""atr_window"": 20, ""bb_std_dev"": 2.35, ""bb_window"": 23, ""cooldown"": 1, ""macd_fast"": 19, ""macd_k"": 1.15, ""macd_k_mid"": 0.5, ""macd_signal"": 7, ""macd_slow"": 44, ""macd_std_window"": 70, ""rebalance_freq"": 60, ""rebounce_block"": 0, ""sl_mult_lm"": 2.1500000000000004, ""sl_mult_lr"": 2.5, ""sl_mult_sm"": 1.85, ""sl_mult_sr"": 2.2, ""time_stop"": 7, ""tp_mult_lm"": 4.9, ""tp_mult_lr"": 12.600000000000001, ""tp_mult_sm"": 6.0, ""tp_mult_sr"": 4.5, ""trail_mult"": 3.4000000000000004, ""trail_tp"": true, ""use_trailing"": true}",{},
140,-1000000000.0,TrialState.COMPLETE,2026-04-01T02:12:50.301229,2026-04-01T02:12:53.782494,3.481265,"{""atr_window"": 16, ""bb_std_dev"": 1.5, ""bb_window"": 17, ""cooldown"": 0, ""macd_fast"": 14, ""macd_k"": 1.45, ""macd_k_mid"": 1.0, ""macd_signal"": 8, ""macd_slow"": 36, ""macd_std_window"": 94, ""rebalance_freq"": 120, ""rebounce_block"": 5, ""sl_mult_lm"": 2.1, ""sl_mult_lr"": 4.1, ""sl_mult_sm"": 1.8, ""sl_mult_sr"": 2.1, ""time_stop"": 1, ""tp_mult_lm"": 5.0, ""tp_mult_lr"": 10.6, ""tp_mult_sm"": 4.3, ""tp_mult_sr"": 5.1, ""trail_mult"": 2.6, ""trail_tp"": false, ""use_trailing"": true}",{},
141,-1000000000.0,TrialState.COMPLETE,2026-04-01T02:12:53.814702,2026-04-01T02:12:53.835559,0.020857,"{""atr_window"": 15, ""bb_std_dev"": 2.1, ""bb_window"": 17, ""cooldown"": 1, ""macd_fast"": 13, ""macd_k"": 1.75, ""macd_k_mid"": 0.6, ""macd_signal"": 9, ""macd_slow"": 40, ""macd_std_window"": 83, ""rebalance_freq"": 150, ""rebounce_block"": 4, ""sl_mult_lm"": 1.05, ""sl_mult_lr"": 2.6, ""sl_mult_sm"": 1.55, ""sl_mult_sr"": 1.7, ""time_stop"": 16, ""tp_mult_lm"": 4.4, ""tp_mult_lr"": 8.4, ""tp_mult_sm"": 5.1, ""tp_mult_sr"": 5.2, ""trail_mult"": 3.2, ""trail_tp"": false, ""use_trailing"": true}",{},
142,-1000000000.0,TrialState.COMPLETE,2026-04-01T02:12:53.894555,2026-04-01T02:12:53.921827,0.027272,"{""atr_window"": 15, ""bb_std_dev"": 2.05, ""bb_window"": 16, ""cooldown"": 1, ""macd_fast"": 14, ""macd_k"": 1.7000000000000002, ""macd_k_mid"": 1.0, ""macd_signal"": 9, ""macd_slow"": 37, ""macd_std_window"": 82, ""rebalance_freq"": 150, ""rebounce_block"": 4, ""sl_mult_lm"": 1.9500000000000002, ""sl_mult_lr"": 4.6, ""sl_mult_sm"": 1.65, ""sl_mult_sr"": 1.8, ""time_stop"": 14, ""tp_mult_lm"": 4.3, ""tp_mult_lr"": 14.8, ""tp_mult_sm"": 4.6, ""tp_mult_sr"": 4.0, ""trail_mult"": 3.1, ""trail_tp"": false, ""use_trailing"": true}",{},
143,-1000000000.0,TrialState.COMPLETE,2026-04-01T02:12:53.956275,2026-04-01T02:12:53.976832,0.020557,"{""atr_window"": 14, ""bb_std_dev"": 2.0, ""bb_window"": 15, ""cooldown"": 1, ""macd_fast"": 13, ""macd_k"": 1.65, ""macd_k_mid"": 0.8, ""macd_signal"": 9, ""macd_slow"": 39, ""macd_std_window"": 81, ""rebalance_freq"": 150, ""rebounce_block"": 4, ""sl_mult_lm"": 1.3, ""sl_mult_lr"": 2.7, ""sl_mult_sm"": 1.6, ""sl_mult_sr"": 1.7, ""time_stop"": 17, ""tp_mult_lm"": 5.2, ""tp_mult_lr"": 14.600000000000001, ""tp_mult_sm"": 4.9, ""tp_mult_sr"": 6.2, ""trail_mult"": 3.2, ""trail_tp"": false, ""use_trailing"": true}",{},
144,-1000000000.0,TrialState.COMPLETE,2026-04-01T02:12:54.007666,2026-04-01T02:12:54.028324,0.020658,"{""atr_window"": 16, ""bb_std_dev"": 2.45, ""bb_window"": 15, ""cooldown"": 1, ""macd_fast"": 12, ""macd_k"": 1.6, ""macd_k_mid"": 0.95, ""macd_signal"": 9, ""macd_slow"": 40, ""macd_std_window"": 93, ""rebalance_freq"": 150, ""rebounce_block"": 3, ""sl_mult_lm"": 1.15, ""sl_mult_lr"": 2.3, ""sl_mult_sm"": 1.7000000000000002, ""sl_mult_sr"": 1.5, ""time_stop"": 13, ""tp_mult_lm"": 5.4, ""tp_mult_lr"": 15.8, ""tp_mult_sm"": 3.8, ""tp_mult_sr"": 4.3, ""trail_mult"": 3.0, ""trail_tp"": false, ""use_trailing"": true}",{},
145,-1000000000.0,TrialState.COMPLETE,2026-04-01T02:12:54.060389,2026-04-01T02:12:57.425186,3.364797,"{""atr_window"": 10, ""bb_std_dev"": 2.5, ""bb_window"": 20, ""cooldown"": 2, ""macd_fast"": 20, ""macd_k"": 1.7000000000000002, ""macd_k_mid"": 0.9, ""macd_signal"": 6, ""macd_slow"": 36, ""macd_std_window"": 84, ""rebalance_freq"": 150, ""rebounce_block"": 6, ""sl_mult_lm"": 1.25, ""sl_mult_lr"": 4.7, ""sl_mult_sm"": 1.0, ""sl_mult_sr"": 1.9, ""time_stop"": 21, ""tp_mult_lm"": 4.7, ""tp_mult_lr"": 10.0, ""tp_mult_sm"": 5.4, ""tp_mult_sr"": 4.9, ""trail_mult"": 2.0, ""trail_tp"": false, ""use_trailing"": false}",{},
146,-1000000000.0,TrialState.COMPLETE,2026-04-01T02:12:57.455647,2026-04-01T02:12:57.492113,0.036466,"{""atr_window"": 18, ""bb_std_dev"": 1.9, ""bb_window"": 14, ""cooldown"": 3, ""macd_fast"": 15, ""macd_k"": 1.55, ""macd_k_mid"": 1.0, ""macd_signal"": 8, ""macd_slow"": 41, ""macd_std_window"": 77, ""rebalance_freq"": 180, ""rebounce_block"": 4, ""sl_mult_lm"": 1.1, ""sl_mult_lr"": 2.4, ""sl_mult_sm"": 1.3, ""sl_mult_sr"": 2.8, ""time_stop"": 15, ""tp_mult_lm"": 4.8, ""tp_mult_lr"": 14.2, ""tp_mult_sm"": 4.8, ""tp_mult_sr"": 4.7, ""trail_mult"": 1.9, ""trail_tp"": true, ""use_trailing"": true}",{},
147,-1000000000.0,TrialState.COMPLETE,2026-04-01T02:12:57.525783,2026-04-01T02:12:57.548246,0.022463,"{""atr_window"": 19, ""bb_std_dev"": 1.75, ""bb_window"": 17, ""cooldown"": 1, ""macd_fast"": 11, ""macd_k"": 1.85, ""macd_k_mid"": 0.95, ""macd_signal"": 10, ""macd_slow"": 39, ""macd_std_window"": 90, ""rebalance_freq"": 120, ""rebounce_block"": 6, ""sl_mult_lm"": 1.0, ""sl_mult_lr"": 3.6, ""sl_mult_sm"": 1.2, ""sl_mult_sr"": 2.9000000000000004, ""time_stop"": 30, ""tp_mult_lm"": 5.9, ""tp_mult_lr"": 17.0, ""tp_mult_sm"": 4.9, ""tp_mult_sr"": 6.7, ""trail_mult"": 3.1, ""trail_tp"": false, ""use_trailing"": true}",{},
148,-1000000000.0,TrialState.COMPLETE,2026-04-01T02:12:57.577861,2026-04-01T02:12:57.600746,0.022885,"{""atr_window"": 13, ""bb_std_dev"": 1.7, ""bb_window"": 21, ""cooldown"": 5, ""macd_fast"": 14, ""macd_k"": 1.05, ""macd_k_mid"": 0.55, ""macd_signal"": 7, ""macd_slow"": 38, ""macd_std_window"": 80, ""rebalance_freq"": 30, ""rebounce_block"": 3, ""sl_mult_lm"": 1.35, ""sl_mult_lr"": 2.4, ""sl_mult_sm"": 1.5, ""sl_mult_sr"": 2.1, ""time_stop"": 23, ""tp_mult_lm"": 5.7, ""tp_mult_lr"": 15.0, ""tp_mult_sm"": 6.300000000000001, ""tp_mult_sr"": 5.5, ""trail_mult"": 2.1, ""trail_tp"": true, ""use_trailing"": false}",{},
149,-1000000000.0,TrialState.COMPLETE,2026-04-01T02:12:57.630783,2026-04-01T02:12:57.653303,0.02252,"{""atr_window"": 16, ""bb_std_dev"": 2.25, ""bb_window"": 14, ""cooldown"": 0, ""macd_fast"": 13, ""macd_k"": 1.65, ""macd_k_mid"": 0.55, ""macd_signal"": 9, ""macd_slow"": 37, ""macd_std_window"": 92, ""rebalance_freq"": 30, ""rebounce_block"": 5, ""sl_mult_lm"": 2.05, ""sl_mult_lr"": 2.8, ""sl_mult_sm"": 1.65, ""sl_mult_sr"": 1.7, ""time_stop"": 9, ""tp_mult_lm"": 5.6, ""tp_mult_lr"": 13.600000000000001, ""tp_mult_sm"": 6.1, ""tp_mult_sr"": 4.6, ""trail_mult"": 3.5, ""trail_tp"": false, ""use_trailing"": true}",{},
150,-1000000000.0,TrialState.COMPLETE,2026-04-01T02:12:57.692840,2026-04-01T02:12:57.725861,0.033021,"{""atr_window"": 17, ""bb_std_dev"": 2.05, ""bb_window"": 16, ""cooldown"": 2, ""macd_fast"": 17, ""macd_k"": 1.1, ""macd_k_mid"": 0.5, ""macd_signal"": 10, ""macd_slow"": 43, ""macd_std_window"": 97, ""rebalance_freq"": 90, ""rebounce_block"": 2, ""sl_mult_lm"": 1.25, ""sl_mult_lr"": 2.5, ""sl_mult_sm"": 1.05, ""sl_mult_sr"": 2.0, ""time_stop"": 27, ""tp_mult_lm"": 5.1, ""tp_mult_lr"": 8.8, ""tp_mult_sm"": 3.0, ""tp_mult_sr"": 3.1, ""trail_mult"": 2.8, ""trail_tp"": true, ""use_trailing"": true}",{},
151,-1000000000.0,TrialState.COMPLETE,2026-04-01T02:12:57.754409,2026-04-01T02:12:57.790364,0.035955,"{""atr_window"": 20, ""bb_std_dev"": 2.3, ""bb_window"": 14, ""cooldown"": 2, ""macd_fast"": 10, ""macd_k"": 1.2, ""macd_k_mid"": 0.6, ""macd_signal"": 8, ""macd_slow"": 39, ""macd_std_window"": 78, ""rebalance_freq"": 150, ""rebounce_block"": 3, ""sl_mult_lm"": 1.45, ""sl_mult_lr"": 3.0, ""sl_mult_sm"": 1.9, ""sl_mult_sr"": 2.4, ""time_stop"": 3, ""tp_mult_lm"": 6.0, ""tp_mult_lr"": 9.8, ""tp_mult_sm"": 6.7, ""tp_mult_sr"": 3.8, ""trail_mult"": 3.7, ""trail_tp"": false, ""use_trailing"": true}",{},
152,-1000000000.0,TrialState.COMPLETE,2026-04-01T02:12:57.820978,2026-04-01T02:12:57.842506,0.021528,"{""atr_window"": 19, ""bb_std_dev"": 2.0, ""bb_window"": 14, ""cooldown"": 2, ""macd_fast"": 10, ""macd_k"": 1.2, ""macd_k_mid"": 0.6, ""macd_signal"": 8, ""macd_slow"": 40, ""macd_std_window"": 71, ""rebalance_freq"": 150, ""rebounce_block"": 3, ""sl_mult_lm"": 1.4, ""sl_mult_lr"": 3.3, ""sl_mult_sm"": 1.9500000000000002, ""sl_mult_sr"": 2.5, ""time_stop"": 28, ""tp_mult_lm"": 6.0, ""tp_mult_lr"": 9.2, ""tp_mult_sm"": 5.6, ""tp_mult_sr"": 3.9, ""trail_mult"": 3.8000000000000003, ""trail_tp"": false, ""use_trailing"": true}",{},
153,-1000000000.0,TrialState.COMPLETE,2026-04-01T02:12:57.873058,2026-04-01T02:12:57.893513,0.020455,"{""atr_window"": 20, ""bb_std_dev"": 2.35, ""bb_window"": 15, ""cooldown"": 2, ""macd_fast"": 10, ""macd_k"": 1.3, ""macd_k_mid"": 0.8500000000000001, ""macd_signal"": 8, ""macd_slow"": 39, ""macd_std_window"": 75, ""rebalance_freq"": 150, ""rebounce_block"": 3, ""sl_mult_lm"": 2.0, ""sl_mult_lr"": 3.4000000000000004, ""sl_mult_sm"": 1.55, ""sl_mult_sr"": 1.6, ""time_stop"": 5, ""tp_mult_lm"": 5.9, ""tp_mult_lr"": 13.2, ""tp_mult_sm"": 5.300000000000001, ""tp_mult_sr"": 3.6, ""trail_mult"": 1.7, ""trail_tp"": false, ""use_trailing"": true}",{},
154,-1000000000.0,TrialState.COMPLETE,2026-04-01T02:12:57.928323,2026-04-01T02:12:57.952550,0.024227,"{""atr_window"": 18, ""bb_std_dev"": 2.45, ""bb_window"": 14, ""cooldown"": 4, ""macd_fast"": 10, ""macd_k"": 1.65, ""macd_k_mid"": 0.6, ""macd_signal"": 8, ""macd_slow"": 42, ""macd_std_window"": 76, ""rebalance_freq"": 150, ""rebounce_block"": 0, ""sl_mult_lm"": 1.3, ""sl_mult_lr"": 3.7, ""sl_mult_sm"": 1.9, ""sl_mult_sr"": 2.3, ""time_stop"": 18, ""tp_mult_lm"": 4.5, ""tp_mult_lr"": 9.6, ""tp_mult_sm"": 5.6, ""tp_mult_sr"": 5.300000000000001, ""trail_mult"": 3.9000000000000004, ""trail_tp"": false, ""use_trailing"": true}",{},
155,-1000000000.0,TrialState.COMPLETE,2026-04-01T02:12:57.985263,2026-04-01T02:12:58.045847,0.060584,"{""atr_window"": 20, ""bb_std_dev"": 2.4, ""bb_window"": 19, ""cooldown"": 2, ""macd_fast"": 12, ""macd_k"": 1.5, ""macd_k_mid"": 0.55, ""macd_signal"": 9, ""macd_slow"": 38, ""macd_std_window"": 99, ""rebalance_freq"": 180, ""rebounce_block"": 4, ""sl_mult_lm"": 1.6, ""sl_mult_lr"": 3.3, ""sl_mult_sm"": 1.9500000000000002, ""sl_mult_sr"": 2.6, ""time_stop"": 8, ""tp_mult_lm"": 4.6, ""tp_mult_lr"": 12.8, ""tp_mult_sm"": 5.800000000000001, ""tp_mult_sr"": 6.4, ""trail_mult"": 3.8000000000000003, ""trail_tp"": false, ""use_trailing"": false}",{},
156,-1000000000.0,TrialState.COMPLETE,2026-04-01T02:12:58.094814,2026-04-01T02:12:58.115824,0.02101,"{""atr_window"": 19, ""bb_std_dev"": 1.95, ""bb_window"": 14, ""cooldown"": 1, ""macd_fast"": 11, ""macd_k"": 1.25, ""macd_k_mid"": 0.65, ""macd_signal"": 8, ""macd_slow"": 44, ""macd_std_window"": 70, ""rebalance_freq"": 120, ""rebounce_block"": 1, ""sl_mult_lm"": 1.0, ""sl_mult_lr"": 2.6, ""sl_mult_sm"": 1.45, ""sl_mult_sr"": 1.5, ""time_stop"": 25, ""tp_mult_lm"": 5.9, ""tp_mult_lr"": 10.8, ""tp_mult_sm"": 4.5, ""tp_mult_sr"": 4.0, ""trail_mult"": 3.3, ""trail_tp"": true, ""use_trailing"": true}",{},
157,-1000000000.0,TrialState.COMPLETE,2026-04-01T02:12:58.149289,2026-04-01T02:12:58.170201,0.020912,"{""atr_window"": 15, ""bb_std_dev"": 2.3, ""bb_window"": 15, ""cooldown"": 3, ""macd_fast"": 16, ""macd_k"": 1.6, ""macd_k_mid"": 0.6, ""macd_signal"": 6, ""macd_slow"": 40, ""macd_std_window"": 72, ""rebalance_freq"": 180, ""rebounce_block"": 3, ""sl_mult_lm"": 2.1500000000000004, ""sl_mult_lr"": 2.9, ""sl_mult_sm"": 2.0, ""sl_mult_sr"": 1.6, ""time_stop"": 7, ""tp_mult_lm"": 5.800000000000001, ""tp_mult_lr"": 10.4, ""tp_mult_sm"": 5.1, ""tp_mult_sr"": 4.1, ""trail_mult"": 3.7, ""trail_tp"": false, ""use_trailing"": true}",{},
158,-1000000000.0,TrialState.COMPLETE,2026-04-01T02:12:58.201545,2026-04-01T02:13:01.547038,3.345493,"{""atr_window"": 19, ""bb_std_dev"": 2.35, ""bb_window"": 24, ""cooldown"": 2, ""macd_fast"": 20, ""macd_k"": 1.15, ""macd_k_mid"": 0.7, ""macd_signal"": 5, ""macd_slow"": 38, ""macd_std_window"": 89, ""rebalance_freq"": 150, ""rebounce_block"": 2, ""sl_mult_lm"": 1.5, ""sl_mult_lr"": 3.2, ""sl_mult_sm"": 1.15, ""sl_mult_sr"": 2.2, ""time_stop"": 29, ""tp_mult_lm"": 4.9, ""tp_mult_lr"": 13.4, ""tp_mult_sm"": 3.1, ""tp_mult_sr"": 3.8, ""trail_mult"": 4.0, ""trail_tp"": true, ""use_trailing"": false}",{},
159,-1000000000.0,TrialState.COMPLETE,2026-04-01T02:13:01.578351,2026-04-01T02:13:01.601557,0.023206,"{""atr_window"": 17, ""bb_std_dev"": 2.5, ""bb_window"": 20, ""cooldown"": 0, ""macd_fast"": 14, ""macd_k"": 1.0, ""macd_k_mid"": 0.5, ""macd_signal"": 8, ""macd_slow"": 42, ""macd_std_window"": 91, ""rebalance_freq"": 120, ""rebounce_block"": 6, ""sl_mult_lm"": 2.05, ""sl_mult_lr"": 3.6, ""sl_mult_sm"": 1.85, ""sl_mult_sr"": 3.5, ""time_stop"": 4, ""tp_mult_lm"": 3.5, ""tp_mult_lr"": 12.4, ""tp_mult_sm"": 3.7, ""tp_mult_sr"": 3.4, ""trail_mult"": 2.3, ""trail_tp"": false, ""use_trailing"": true}",{},
160,-1000000000.0,TrialState.COMPLETE,2026-04-01T02:13:01.630846,2026-04-01T02:13:01.652979,0.022133,"{""atr_window"": 20, ""bb_std_dev"": 1.7, ""bb_window"": 25, ""cooldown"": 3, ""macd_fast"": 13, ""macd_k"": 1.25, ""macd_k_mid"": 0.75, ""macd_signal"": 7, ""macd_slow"": 39, ""macd_std_window"": 81, ""rebalance_freq"": 30, ""rebounce_block"": 5, ""sl_mult_lm"": 1.05, ""sl_mult_lr"": 3.4000000000000004, ""sl_mult_sm"": 1.5, ""sl_mult_sr"": 2.4, ""time_stop"": 10, ""tp_mult_lm"": 4.2, ""tp_mult_lr"": 12.2, ""tp_mult_sm"": 5.4, ""tp_mult_sr"": 3.7, ""trail_mult"": 2.5, ""trail_tp"": true, ""use_trailing"": true}",{},
161,-1000000000.0,TrialState.COMPLETE,2026-04-01T02:13:01.698659,2026-04-01T02:13:01.721932,0.023273,"{""atr_window"": 16, ""bb_std_dev"": 1.4, ""bb_window"": 17, ""cooldown"": 1, ""macd_fast"": 18, ""macd_k"": 1.4, ""macd_k_mid"": 0.8, ""macd_signal"": 7, ""macd_slow"": 41, ""macd_std_window"": 85, ""rebalance_freq"": 180, ""rebounce_block"": 5, ""sl_mult_lm"": 1.2, ""sl_mult_lr"": 2.5, ""sl_mult_sm"": 1.75, ""sl_mult_sr"": 1.9, ""time_stop"": 11, ""tp_mult_lm"": 5.3, ""tp_mult_lr"": 11.4, ""tp_mult_sm"": 3.6, ""tp_mult_sr"": 6.1, ""trail_mult"": 2.9000000000000004, ""trail_tp"": true, ""use_trailing"": true}",{},
162,-1000000000.0,TrialState.COMPLETE,2026-04-01T02:13:01.754111,2026-04-01T02:13:01.775067,0.020956,"{""atr_window"": 16, ""bb_std_dev"": 1.45, ""bb_window"": 18, ""cooldown"": 1, ""macd_fast"": 17, ""macd_k"": 1.35, ""macd_k_mid"": 0.9, ""macd_signal"": 7, ""macd_slow"": 40, ""macd_std_window"": 86, ""rebalance_freq"": 180, ""rebounce_block"": 5, ""sl_mult_lm"": 1.25, ""sl_mult_lr"": 2.1, ""sl_mult_sm"": 1.65, ""sl_mult_sr"": 1.8, ""time_stop"": 16, ""tp_mult_lm"": 5.4, ""tp_mult_lr"": 12.0, ""tp_mult_sm"": 3.5, ""tp_mult_sr"": 7.0, ""trail_mult"": 3.0, ""trail_tp"": true, ""use_trailing"": true}",{},
163,-1000000000.0,TrialState.COMPLETE,2026-04-01T02:13:01.825538,2026-04-01T02:13:01.846770,0.021232,"{""atr_window"": 17, ""bb_std_dev"": 1.65, ""bb_window"": 18, ""cooldown"": 1, ""macd_fast"": 17, ""macd_k"": 1.3, ""macd_k_mid"": 0.8500000000000001, ""macd_signal"": 7, ""macd_slow"": 41, ""macd_std_window"": 82, ""rebalance_freq"": 180, ""rebounce_block"": 4, ""sl_mult_lm"": 1.2, ""sl_mult_lr"": 2.4, ""sl_mult_sm"": 1.7000000000000002, ""sl_mult_sr"": 2.0, ""time_stop"": 12, ""tp_mult_lm"": 5.2, ""tp_mult_lr"": 9.8, ""tp_mult_sm"": 5.5, ""tp_mult_sr"": 6.9, ""trail_mult"": 2.7, ""trail_tp"": true, ""use_trailing"": true}",{},
164,-1000000000.0,TrialState.COMPLETE,2026-04-01T02:13:01.876787,2026-04-01T02:13:01.897070,0.020283,"{""atr_window"": 11, ""bb_std_dev"": 1.8499999999999999, ""bb_window"": 17, ""cooldown"": 1, ""macd_fast"": 16, ""macd_k"": 1.35, ""macd_k_mid"": 1.0, ""macd_signal"": 6, ""macd_slow"": 42, ""macd_std_window"": 91, ""rebalance_freq"": 180, ""rebounce_block"": 5, ""sl_mult_lm"": 1.35, ""sl_mult_lr"": 5.0, ""sl_mult_sm"": 1.6, ""sl_mult_sr"": 3.4000000000000004, ""time_stop"": 12, ""tp_mult_lm"": 5.5, ""tp_mult_lr"": 8.2, ""tp_mult_sm"": 6.2, ""tp_mult_sr"": 5.800000000000001, ""trail_mult"": 3.1, ""trail_tp"": true, ""use_trailing"": true}",{},
165,-1000000000.0,TrialState.COMPLETE,2026-04-01T02:13:01.927891,2026-04-01T02:13:01.948096,0.020205,"{""atr_window"": 14, ""bb_std_dev"": 1.4, ""bb_window"": 18, ""cooldown"": 2, ""macd_fast"": 15, ""macd_k"": 1.5, ""macd_k_mid"": 0.75, ""macd_signal"": 9, ""macd_slow"": 41, ""macd_std_window"": 79, ""rebalance_freq"": 150, ""rebounce_block"": 6, ""sl_mult_lm"": 1.7000000000000002, ""sl_mult_lr"": 2.5, ""sl_mult_sm"": 1.8, ""sl_mult_sr"": 1.8, ""time_stop"": 2, ""tp_mult_lm"": 5.3, ""tp_mult_lr"": 11.4, ""tp_mult_sm"": 7.0, ""tp_mult_sr"": 6.800000000000001, ""trail_mult"": 1.8, ""trail_tp"": true, ""use_trailing"": false}",{},
166,-1000000000.0,TrialState.COMPLETE,2026-04-01T02:13:01.979815,2026-04-01T02:13:05.269566,3.289751,"{""atr_window"": 12, ""bb_std_dev"": 1.5999999999999999, ""bb_window"": 16, ""cooldown"": 0, ""macd_fast"": 18, ""macd_k"": 1.4, ""macd_k_mid"": 0.95, ""macd_signal"": 8, ""macd_slow"": 40, ""macd_std_window"": 87, ""rebalance_freq"": 60, ""rebounce_block"": 3, ""sl_mult_lm"": 1.3, ""sl_mult_lr"": 4.300000000000001, ""sl_mult_sm"": 1.25, ""sl_mult_sr"": 1.9, ""time_stop"": 9, ""tp_mult_lm"": 3.7, ""tp_mult_lr"": 11.8, ""tp_mult_sm"": 4.0, ""tp_mult_sr"": 5.9, ""trail_mult"": 2.9000000000000004, ""trail_tp"": false, ""use_trailing"": true}",{},
167,-1000000000.0,TrialState.COMPLETE,2026-04-01T02:13:05.298464,2026-04-01T02:13:05.320724,0.02226,"{""atr_window"": 15, ""bb_std_dev"": 1.5499999999999998, ""bb_window"": 20, ""cooldown"": 1, ""macd_fast"": 11, ""macd_k"": 1.15, ""macd_k_mid"": 0.55, ""macd_signal"": 7, ""macd_slow"": 37, ""macd_std_window"": 88, ""rebalance_freq"": 180, ""rebounce_block"": 2, ""sl_mult_lm"": 2.2, ""sl_mult_lr"": 2.3, ""sl_mult_sm"": 1.9, ""sl_mult_sr"": 3.1, ""time_stop"": 13, ""tp_mult_lm"": 5.2, ""tp_mult_lr"": 12.8, ""tp_mult_sm"": 3.3, ""tp_mult_sr"": 6.300000000000001, ""trail_mult"": 2.2, ""trail_tp"": true, ""use_trailing"": true}",{},
168,-1000000000.0,TrialState.COMPLETE,2026-04-01T02:13:05.349077,2026-04-01T02:13:05.368373,0.019296,"{""atr_window"": 10, ""bb_std_dev"": 2.25, ""bb_window"": 21, ""cooldown"": 4, ""macd_fast"": 10, ""macd_k"": 1.9, ""macd_k_mid"": 0.8, ""macd_signal"": 7, ""macd_slow"": 35, ""macd_std_window"": 71, ""rebalance_freq"": 90, ""rebounce_block"": 5, ""sl_mult_lm"": 1.15, ""sl_mult_lr"": 3.1, ""sl_mult_sm"": 1.65, ""sl_mult_sr"": 2.1, ""time_stop"": 14, ""tp_mult_lm"": 3.9, ""tp_mult_lr"": 14.2, ""tp_mult_sm"": 3.2, ""tp_mult_sr"": 5.0, ""trail_mult"": 2.4, ""trail_tp"": false, ""use_trailing"": false}",{},
169,-1000000000.0,TrialState.COMPLETE,2026-04-01T02:13:05.400297,2026-04-01T02:13:05.421546,0.021249,"{""atr_window"": 18, ""bb_std_dev"": 2.15, ""bb_window"": 14, ""cooldown"": 2, ""macd_fast"": 15, ""macd_k"": 1.55, ""macd_k_mid"": 0.7, ""macd_signal"": 10, ""macd_slow"": 44, ""macd_std_window"": 84, ""rebalance_freq"": 150, ""rebounce_block"": 0, ""sl_mult_lm"": 1.05, ""sl_mult_lr"": 2.6, ""sl_mult_sm"": 1.7000000000000002, ""sl_mult_sr"": 2.0, ""time_stop"": 26, ""tp_mult_lm"": 5.7, ""tp_mult_lr"": 10.0, ""tp_mult_sm"": 3.9, ""tp_mult_sr"": 6.6, ""trail_mult"": 1.6, ""trail_tp"": true, ""use_trailing"": true}",{},
170,-1000000000.0,TrialState.COMPLETE,2026-04-01T02:13:05.459954,2026-04-01T02:13:05.495694,0.03574,"{""atr_window"": 16, ""bb_std_dev"": 1.7999999999999998, ""bb_window"": 17, ""cooldown"": 1, ""macd_fast"": 19, ""macd_k"": 1.8, ""macd_k_mid"": 0.8500000000000001, ""macd_signal"": 6, ""macd_slow"": 43, ""macd_std_window"": 90, ""rebalance_freq"": 30, ""rebounce_block"": 4, ""sl_mult_lm"": 1.9, ""sl_mult_lr"": 4.2, ""sl_mult_sm"": 1.1, ""sl_mult_sr"": 2.5, ""time_stop"": 10, ""tp_mult_lm"": 5.1, ""tp_mult_lr"": 10.2, ""tp_mult_sm"": 6.6, ""tp_mult_sr"": 4.5, ""trail_mult"": 3.0, ""trail_tp"": false, ""use_trailing"": true}",{},
171,-1000000000.0,TrialState.COMPLETE,2026-04-01T02:13:05.536434,2026-04-01T02:13:05.557426,0.020992,"{""atr_window"": 18, ""bb_std_dev"": 2.2, ""bb_window"": 23, ""cooldown"": 0, ""macd_fast"": 12, ""macd_k"": 1.85, ""macd_k_mid"": 0.5, ""macd_signal"": 9, ""macd_slow"": 44, ""macd_std_window"": 96, ""rebalance_freq"": 90, ""rebounce_block"": 1, ""sl_mult_lm"": 1.55, ""sl_mult_lr"": 3.0, ""sl_mult_sm"": 1.75, ""sl_mult_sr"": 2.6, ""time_stop"": 15, ""tp_mult_lm"": 4.7, ""tp_mult_lr"": 9.4, ""tp_mult_sm"": 4.3, ""tp_mult_sr"": 5.1, ""trail_mult"": 3.2, ""trail_tp"": true, ""use_trailing"": true}",{},
172,-1000000000.0,TrialState.COMPLETE,2026-04-01T02:13:05.589086,2026-04-01T02:13:05.611225,0.022139,"{""atr_window"": 18, ""bb_std_dev"": 2.1, ""bb_window"": 25, ""cooldown"": 0, ""macd_fast"": 12, ""macd_k"": 1.75, ""macd_k_mid"": 0.5, ""macd_signal"": 9, ""macd_slow"": 44, ""macd_std_window"": 95, ""rebalance_freq"": 90, ""rebounce_block"": 0, ""sl_mult_lm"": 1.6, ""sl_mult_lr"": 2.9, ""sl_mult_sm"": 1.35, ""sl_mult_sr"": 2.1, ""time_stop"": 6, ""tp_mult_lm"": 4.8, ""tp_mult_lr"": 9.2, ""tp_mult_sm"": 4.7, ""tp_mult_sr"": 4.8, ""trail_mult"": 3.1, ""trail_tp"": true, ""use_trailing"": true}",{},
