number,value,state,datetime_start,datetime_complete,duration_seconds,params_json,fold_sharpes_json,avg_cv_sharpe
2402,-1000000000.0,TrialState.COMPLETE,2026-04-01T06:00:07.700846,2026-04-01T06:00:10.286487,2.585641,"{""atr_window"": 11, ""bb_std_dev"": 1.7999999999999998, ""bb_window"": 20, ""cooldown"": 2, ""macd_fast"": 13, ""macd_k"": 1.0, ""macd_k_mid"": 0.95, ""macd_signal"": 9, ""macd_slow"": 35, ""macd_std_window"": 82, ""rebalance_freq"": 90, ""rebounce_block"": 2, ""sl_mult_lm"": 1.85, ""sl_mult_lr"": 5.0, ""sl_mult_sm"": 1.85, ""sl_mult_sr"": 1.5, ""time_stop"": 25, ""tp_mult_lm"": 5.2, ""tp_mult_lr"": 9.4, ""tp_mult_sm"": 3.4, ""tp_mult_sr"": 5.0, ""trail_mult"": 3.3, ""trail_tp"": true, ""use_trailing"": true}",{},
2403,-1000000000.0,TrialState.COMPLETE,2026-04-01T06:00:10.326839,2026-04-01T06:00:10.416631,0.089792,"{""atr_window"": 11, ""bb_std_dev"": 1.8499999999999999, ""bb_window"": 20, ""cooldown"": 2, ""macd_fast"": 13, ""macd_k"": 1.0, ""macd_k_mid"": 1.0, ""macd_signal"": 6, ""macd_slow"": 35, ""macd_std_window"": 81, ""rebalance_freq"": 30, ""rebounce_block"": 3, ""sl_mult_lm"": 1.8, ""sl_mult_lr"": 5.0, ""sl_mult_sm"": 1.85, ""sl_mult_sr"": 1.5, ""time_stop"": 25, ""tp_mult_lm"": 5.2, ""tp_mult_lr"": 9.6, ""tp_mult_sm"": 3.4, ""tp_mult_sr"": 4.8, ""trail_mult"": 3.4000000000000004, ""trail_tp"": true, ""use_trailing"": true}",{},
2404,-1000000000.0,TrialState.COMPLETE,2026-04-01T06:00:10.456565,2026-04-01T06:00:13.004198,2.547633,"{""atr_window"": 11, ""bb_std_dev"": 1.8499999999999999, ""bb_window"": 20, ""cooldown"": 2, ""macd_fast"": 13, ""macd_k"": 1.05, ""macd_k_mid"": 0.95, ""macd_signal"": 8, ""macd_slow"": 35, ""macd_std_window"": 81, ""rebalance_freq"": 120, ""rebounce_block"": 3, ""sl_mult_lm"": 1.9, ""sl_mult_lr"": 5.0, ""sl_mult_sm"": 1.85, ""sl_mult_sr"": 1.5, ""time_stop"": 25, ""tp_mult_lm"": 5.2, ""tp_mult_lr"": 9.4, ""tp_mult_sm"": 3.3, ""tp_mult_sr"": 4.9, ""trail_mult"": 3.4000000000000004, ""trail_tp"": true, ""use_trailing"": false}",{},
2405,-1000000000.0,TrialState.COMPLETE,2026-04-01T06:00:13.034470,2026-04-01T06:00:15.598265,2.563795,"{""atr_window"": 11, ""bb_std_dev"": 1.8499999999999999, ""bb_window"": 20, ""cooldown"": 2, ""macd_fast"": 13, ""macd_k"": 1.0, ""macd_k_mid"": 0.95, ""macd_signal"": 10, ""macd_slow"": 35, ""macd_std_window"": 81, ""rebalance_freq"": 150, ""rebounce_block"": 6, ""sl_mult_lm"": 1.85, ""sl_mult_lr"": 5.0, ""sl_mult_sm"": 1.85, ""sl_mult_sr"": 1.5, ""time_stop"": 25, ""tp_mult_lm"": 5.2, ""tp_mult_lr"": 10.2, ""tp_mult_sm"": 3.4, ""tp_mult_sr"": 4.9, ""trail_mult"": 3.3, ""trail_tp"": true, ""use_trailing"": true}",{},
2406,-1000000000.0,TrialState.COMPLETE,2026-04-01T06:00:15.636083,2026-04-01T06:00:18.340872,2.704789,"{""atr_window"": 10, ""bb_std_dev"": 1.8499999999999999, ""bb_window"": 20, ""cooldown"": 2, ""macd_fast"": 13, ""macd_k"": 1.25, ""macd_k_mid"": 0.95, ""macd_signal"": 7, ""macd_slow"": 35, ""macd_std_window"": 80, ""rebalance_freq"": 60, ""rebounce_block"": 1, ""sl_mult_lm"": 1.8, ""sl_mult_lr"": 4.9, ""sl_mult_sm"": 1.85, ""sl_mult_sr"": 1.5, ""time_stop"": 25, ""tp_mult_lm"": 5.2, ""tp_mult_lr"": 9.6, ""tp_mult_sm"": 3.3, ""tp_mult_sr"": 5.1, ""trail_mult"": 3.4000000000000004, ""trail_tp"": true, ""use_trailing"": true}",{},
2407,-1000000000.0,TrialState.COMPLETE,2026-04-01T06:00:18.380988,2026-04-01T06:00:20.943640,2.562652,"{""atr_window"": 11, ""bb_std_dev"": 1.8499999999999999, ""bb_window"": 20, ""cooldown"": 2, ""macd_fast"": 13, ""macd_k"": 1.05, ""macd_k_mid"": 0.95, ""macd_signal"": 9, ""macd_slow"": 35, ""macd_std_window"": 81, ""rebalance_freq"": 150, ""rebounce_block"": 5, ""sl_mult_lm"": 1.85, ""sl_mult_lr"": 4.9, ""sl_mult_sm"": 1.85, ""sl_mult_sr"": 1.5, ""time_stop"": 24, ""tp_mult_lm"": 5.1, ""tp_mult_lr"": 9.4, ""tp_mult_sm"": 3.3, ""tp_mult_sr"": 4.9, ""trail_mult"": 3.3, ""trail_tp"": true, ""use_trailing"": false}",{},
2408,-1000000000.0,TrialState.COMPLETE,2026-04-01T06:00:20.974723,2026-04-01T06:16:34.012682,973.037959,"{""atr_window"": 11, ""bb_std_dev"": 1.7999999999999998, ""bb_window"": 20, ""cooldown"": 2, ""macd_fast"": 13, ""macd_k"": 1.25, ""macd_k_mid"": 0.95, ""macd_signal"": 5, ""macd_slow"": 35, ""macd_std_window"": 82, ""rebalance_freq"": 90, ""rebounce_block"": 0, ""sl_mult_lm"": 1.85, ""sl_mult_lr"": 5.0, ""sl_mult_sm"": 1.85, ""sl_mult_sr"": 1.5, ""time_stop"": 26, ""tp_mult_lm"": 5.1, ""tp_mult_lr"": 9.6, ""tp_mult_sm"": 3.4, ""tp_mult_sr"": 5.0, ""trail_mult"": 3.4000000000000004, ""trail_tp"": true, ""use_trailing"": true}",{},
2409,-1000000000.0,TrialState.COMPLETE,2026-04-01T06:16:34.048206,2026-04-01T06:16:34.160272,0.112066,"{""atr_window"": 10, ""bb_std_dev"": 1.8499999999999999, ""bb_window"": 20, ""cooldown"": 2, ""macd_fast"": 13, ""macd_k"": 1.0, ""macd_k_mid"": 1.0, ""macd_signal"": 8, ""macd_slow"": 35, ""macd_std_window"": 80, ""rebalance_freq"": 180, ""rebounce_block"": 4, ""sl_mult_lm"": 1.8, ""sl_mult_lr"": 3.2, ""sl_mult_sm"": 1.85, ""sl_mult_sr"": 1.5, ""time_stop"": 25, ""tp_mult_lm"": 5.2, ""tp_mult_lr"": 9.6, ""tp_mult_sm"": 3.5, ""tp_mult_sr"": 4.8, ""trail_mult"": 3.3, ""trail_tp"": true, ""use_trailing"": true}",{},
2410,-1000000000.0,TrialState.COMPLETE,2026-04-01T06:16:34.201141,2026-04-01T06:16:36.665605,2.464464,"{""atr_window"": 11, ""bb_std_dev"": 1.9, ""bb_window"": 20, ""cooldown"": 2, ""macd_fast"": 13, ""macd_k"": 1.05, ""macd_k_mid"": 0.95, ""macd_signal"": 7, ""macd_slow"": 35, ""macd_std_window"": 82, ""rebalance_freq"": 120, ""rebounce_block"": 6, ""sl_mult_lm"": 1.85, ""sl_mult_lr"": 4.9, ""sl_mult_sm"": 1.85, ""sl_mult_sr"": 1.5, ""time_stop"": 25, ""tp_mult_lm"": 5.2, ""tp_mult_lr"": 9.2, ""tp_mult_sm"": 3.4, ""tp_mult_sr"": 5.0, ""trail_mult"": 3.3, ""trail_tp"": true, ""use_trailing"": true}",{},
2411,-1000000000.0,TrialState.COMPLETE,2026-04-01T06:16:36.695958,2026-04-01T06:16:38.969690,2.273732,"{""atr_window"": 12, ""bb_std_dev"": 1.7999999999999998, ""bb_window"": 20, ""cooldown"": 2, ""macd_fast"": 13, ""macd_k"": 1.05, ""macd_k_mid"": 0.9, ""macd_signal"": 9, ""macd_slow"": 35, ""macd_std_window"": 81, ""rebalance_freq"": 30, ""rebounce_block"": 5, ""sl_mult_lm"": 1.85, ""sl_mult_lr"": 4.800000000000001, ""sl_mult_sm"": 1.9, ""sl_mult_sr"": 1.5, ""time_stop"": 24, ""tp_mult_lm"": 5.3, ""tp_mult_lr"": 9.8, ""tp_mult_sm"": 3.3, ""tp_mult_sr"": 4.9, ""trail_mult"": 3.3, ""trail_tp"": true, ""use_trailing"": false}",{},
2412,1.5433571428571426,TrialState.COMPLETE,2026-04-01T06:16:39.001398,2026-04-01T06:16:41.555795,2.554397,"{""atr_window"": 10, ""bb_std_dev"": 1.7999999999999998, ""bb_window"": 21, ""cooldown"": 2, ""macd_fast"": 13, ""macd_k"": 1.0, ""macd_k_mid"": 0.95, ""macd_signal"": 8, ""macd_slow"": 35, ""macd_std_window"": 81, ""rebalance_freq"": 180, ""rebounce_block"": 5, ""sl_mult_lm"": 1.8, ""sl_mult_lr"": 5.0, ""sl_mult_sm"": 1.8, ""sl_mult_sr"": 1.5, ""time_stop"": 25, ""tp_mult_lm"": 5.1, ""tp_mult_lr"": 9.6, ""tp_mult_sm"": 3.4, ""tp_mult_sr"": 4.9, ""trail_mult"": 3.3, ""trail_tp"": true, ""use_trailing"": true}",{},
2413,-1000000000.0,TrialState.COMPLETE,2026-04-01T06:16:41.588489,2026-04-01T06:16:44.126592,2.538103,"{""atr_window"": 10, ""bb_std_dev"": 1.7999999999999998, ""bb_window"": 21, ""cooldown"": 2, ""macd_fast"": 13, ""macd_k"": 1.0, ""macd_k_mid"": 0.95, ""macd_signal"": 8, ""macd_slow"": 35, ""macd_std_window"": 81, ""rebalance_freq"": 180, ""rebounce_block"": 2, ""sl_mult_lm"": 1.8, ""sl_mult_lr"": 4.9, ""sl_mult_sm"": 1.8, ""sl_mult_sr"": 1.5, ""time_stop"": 26, ""tp_mult_lm"": 5.1, ""tp_mult_lr"": 9.6, ""tp_mult_sm"": 3.2, ""tp_mult_sr"": 5.0, ""trail_mult"": 3.4000000000000004, ""trail_tp"": true, ""use_trailing"": true}",{},
2414,-1000000000.0,TrialState.COMPLETE,2026-04-01T06:16:44.159602,2026-04-01T06:16:46.678362,2.51876,"{""atr_window"": 10, ""bb_std_dev"": 1.75, ""bb_window"": 21, ""cooldown"": 2, ""macd_fast"": 13, ""macd_k"": 1.05, ""macd_k_mid"": 0.95, ""macd_signal"": 6, ""macd_slow"": 35, ""macd_std_window"": 81, ""rebalance_freq"": 180, ""rebounce_block"": 5, ""sl_mult_lm"": 1.8, ""sl_mult_lr"": 5.0, ""sl_mult_sm"": 1.8, ""sl_mult_sr"": 1.5, ""time_stop"": 26, ""tp_mult_lm"": 5.1, ""tp_mult_lr"": 9.4, ""tp_mult_sm"": 3.3, ""tp_mult_sr"": 4.9, ""trail_mult"": 3.3, ""trail_tp"": true, ""use_trailing"": true}",{},
2415,-1000000000.0,TrialState.COMPLETE,2026-04-01T06:16:46.709509,2026-04-01T06:16:49.266072,2.556563,"{""atr_window"": 10, ""bb_std_dev"": 1.7999999999999998, ""bb_window"": 21, ""cooldown"": 2, ""macd_fast"": 13, ""macd_k"": 1.3, ""macd_k_mid"": 0.95, ""macd_signal"": 9, ""macd_slow"": 35, ""macd_std_window"": 82, ""rebalance_freq"": 180, ""rebounce_block"": 0, ""sl_mult_lm"": 1.75, ""sl_mult_lr"": 5.0, ""sl_mult_sm"": 1.8, ""sl_mult_sr"": 1.5, ""time_stop"": 26, ""tp_mult_lm"": 5.1, ""tp_mult_lr"": 9.4, ""tp_mult_sm"": 3.3, ""tp_mult_sr"": 4.9, ""trail_mult"": 3.4000000000000004, ""trail_tp"": true, ""use_trailing"": true}",{},
2416,-1000000000.0,TrialState.COMPLETE,2026-04-01T06:16:49.297508,2026-04-01T06:16:51.829147,2.531639,"{""atr_window"": 10, ""bb_std_dev"": 1.75, ""bb_window"": 21, ""cooldown"": 2, ""macd_fast"": 13, ""macd_k"": 1.25, ""macd_k_mid"": 0.95, ""macd_signal"": 10, ""macd_slow"": 35, ""macd_std_window"": 81, ""rebalance_freq"": 180, ""rebounce_block"": 6, ""sl_mult_lm"": 1.8, ""sl_mult_lr"": 4.9, ""sl_mult_sm"": 1.8, ""sl_mult_sr"": 1.5, ""time_stop"": 26, ""tp_mult_lm"": 5.1, ""tp_mult_lr"": 9.6, ""tp_mult_sm"": 3.3, ""tp_mult_sr"": 4.8, ""trail_mult"": 3.3, ""trail_tp"": true, ""use_trailing"": false}",{},
2417,-1000000000.0,TrialState.COMPLETE,2026-04-01T06:16:51.869476,2026-04-01T06:16:54.460249,2.590773,"{""atr_window"": 10, ""bb_std_dev"": 1.7999999999999998, ""bb_window"": 21, ""cooldown"": 2, ""macd_fast"": 13, ""macd_k"": 1.35, ""macd_k_mid"": 0.95, ""macd_signal"": 8, ""macd_slow"": 35, ""macd_std_window"": 81, ""rebalance_freq"": 180, ""rebounce_block"": 1, ""sl_mult_lm"": 1.8, ""sl_mult_lr"": 4.9, ""sl_mult_sm"": 1.8, ""sl_mult_sr"": 1.5, ""time_stop"": 24, ""tp_mult_lm"": 5.1, ""tp_mult_lr"": 9.4, ""tp_mult_sm"": 3.2, ""tp_mult_sr"": 5.0, ""trail_mult"": 3.2, ""trail_tp"": true, ""use_trailing"": true}",{},
2418,-1000000000.0,TrialState.COMPLETE,2026-04-01T06:16:54.505464,2026-04-01T06:16:57.093041,2.587577,"{""atr_window"": 10, ""bb_std_dev"": 1.7999999999999998, ""bb_window"": 21, ""cooldown"": 2, ""macd_fast"": 13, ""macd_k"": 1.3, ""macd_k_mid"": 0.95, ""macd_signal"": 7, ""macd_slow"": 35, ""macd_std_window"": 80, ""rebalance_freq"": 180, ""rebounce_block"": 3, ""sl_mult_lm"": 1.8, ""sl_mult_lr"": 4.7, ""sl_mult_sm"": 1.8, ""sl_mult_sr"": 1.5, ""time_stop"": 25, ""tp_mult_lm"": 5.1, ""tp_mult_lr"": 9.6, ""tp_mult_sm"": 3.1, ""tp_mult_sr"": 4.8, ""trail_mult"": 3.4000000000000004, ""trail_tp"": true, ""use_trailing"": true}",{},
2419,-1000000000.0,TrialState.COMPLETE,2026-04-01T06:16:57.130876,2026-04-01T06:16:59.591923,2.461047,"{""atr_window"": 11, ""bb_std_dev"": 1.7999999999999998, ""bb_window"": 21, ""cooldown"": 2, ""macd_fast"": 13, ""macd_k"": 1.0, ""macd_k_mid"": 0.95, ""macd_signal"": 9, ""macd_slow"": 35, ""macd_std_window"": 80, ""rebalance_freq"": 180, ""rebounce_block"": 4, ""sl_mult_lm"": 1.85, ""sl_mult_lr"": 4.800000000000001, ""sl_mult_sm"": 1.8, ""sl_mult_sr"": 1.5, ""time_stop"": 25, ""tp_mult_lm"": 5.2, ""tp_mult_lr"": 9.4, ""tp_mult_sm"": 3.4, ""tp_mult_sr"": 4.9, ""trail_mult"": 3.4000000000000004, ""trail_tp"": true, ""use_trailing"": true}",{},
2420,-1000000000.0,TrialState.COMPLETE,2026-04-01T06:16:59.632518,2026-04-01T06:17:02.181055,2.548537,"{""atr_window"": 10, ""bb_std_dev"": 1.7999999999999998, ""bb_window"": 21, ""cooldown"": 2, ""macd_fast"": 13, ""macd_k"": 1.0, ""macd_k_mid"": 0.95, ""macd_signal"": 8, ""macd_slow"": 35, ""macd_std_window"": 82, ""rebalance_freq"": 180, ""rebounce_block"": 5, ""sl_mult_lm"": 1.8, ""sl_mult_lr"": 5.0, ""sl_mult_sm"": 1.8, ""sl_mult_sr"": 1.5, ""time_stop"": 26, ""tp_mult_lm"": 5.1, ""tp_mult_lr"": 9.8, ""tp_mult_sm"": 3.2, ""tp_mult_sr"": 5.0, ""trail_mult"": 3.3, ""trail_tp"": true, ""use_trailing"": false}",{},
2421,-1000000000.0,TrialState.COMPLETE,2026-04-01T06:17:02.217632,2026-04-01T06:17:04.808167,2.590535,"{""atr_window"": 10, ""bb_std_dev"": 1.7999999999999998, ""bb_window"": 21, ""cooldown"": 2, ""macd_fast"": 13, ""macd_k"": 1.05, ""macd_k_mid"": 0.95, ""macd_signal"": 6, ""macd_slow"": 35, ""macd_std_window"": 81, ""rebalance_freq"": 180, ""rebounce_block"": 2, ""sl_mult_lm"": 1.85, ""sl_mult_lr"": 5.0, ""sl_mult_sm"": 1.85, ""sl_mult_sr"": 1.5, ""time_stop"": 25, ""tp_mult_lm"": 5.1, ""tp_mult_lr"": 9.2, ""tp_mult_sm"": 3.2, ""tp_mult_sr"": 4.9, ""trail_mult"": 3.3, ""trail_tp"": true, ""use_trailing"": true}",{},
2422,-1000000000.0,TrialState.COMPLETE,2026-04-01T06:17:04.848881,2026-04-01T06:17:07.446890,2.598009,"{""atr_window"": 10, ""bb_std_dev"": 2.05, ""bb_window"": 21, ""cooldown"": 2, ""macd_fast"": 13, ""macd_k"": 1.35, ""macd_k_mid"": 0.95, ""macd_signal"": 10, ""macd_slow"": 35, ""macd_std_window"": 80, ""rebalance_freq"": 180, ""rebounce_block"": 3, ""sl_mult_lm"": 1.8, ""sl_mult_lr"": 5.0, ""sl_mult_sm"": 1.8, ""sl_mult_sr"": 1.5, ""time_stop"": 25, ""tp_mult_lm"": 5.2, ""tp_mult_lr"": 9.8, ""tp_mult_sm"": 3.2, ""tp_mult_sr"": 4.9, ""trail_mult"": 3.3, ""trail_tp"": true, ""use_trailing"": true}",{},
2423,-1000000000.0,TrialState.COMPLETE,2026-04-01T06:17:07.491115,2026-04-01T06:17:07.592359,0.101244,"{""atr_window"": 10, ""bb_std_dev"": 1.7999999999999998, ""bb_window"": 21, ""cooldown"": 2, ""macd_fast"": 13, ""macd_k"": 1.05, ""macd_k_mid"": 0.95, ""macd_signal"": 7, ""macd_slow"": 36, ""macd_std_window"": 80, ""rebalance_freq"": 180, ""rebounce_block"": 0, ""sl_mult_lm"": 1.75, ""sl_mult_lr"": 5.0, ""sl_mult_sm"": 1.85, ""sl_mult_sr"": 1.5, ""time_stop"": 26, ""tp_mult_lm"": 5.1, ""tp_mult_lr"": 9.6, ""tp_mult_sm"": 3.3, ""tp_mult_sr"": 4.8, ""trail_mult"": 3.3, ""trail_tp"": true, ""use_trailing"": false}",{},
2424,-1000000000.0,TrialState.COMPLETE,2026-04-01T06:17:07.632155,2026-04-01T06:17:10.183573,2.551418,"{""atr_window"": 10, ""bb_std_dev"": 1.7999999999999998, ""bb_window"": 21, ""cooldown"": 2, ""macd_fast"": 13, ""macd_k"": 1.25, ""macd_k_mid"": 1.0, ""macd_signal"": 9, ""macd_slow"": 35, ""macd_std_window"": 81, ""rebalance_freq"": 180, ""rebounce_block"": 6, ""sl_mult_lm"": 1.8, ""sl_mult_lr"": 4.9, ""sl_mult_sm"": 1.8, ""sl_mult_sr"": 1.6, ""time_stop"": 25, ""tp_mult_lm"": 5.2, ""tp_mult_lr"": 9.4, ""tp_mult_sm"": 3.2, ""tp_mult_sr"": 5.0, ""trail_mult"": 3.4000000000000004, ""trail_tp"": true, ""use_trailing"": true}",{},
2425,-1000000000.0,TrialState.COMPLETE,2026-04-01T06:17:10.220708,2026-04-01T06:17:12.980121,2.759413,"{""atr_window"": 10, ""bb_std_dev"": 1.7999999999999998, ""bb_window"": 21, ""cooldown"": 2, ""macd_fast"": 13, ""macd_k"": 1.4, ""macd_k_mid"": 0.95, ""macd_signal"": 8, ""macd_slow"": 35, ""macd_std_window"": 82, ""rebalance_freq"": 180, ""rebounce_block"": 5, ""sl_mult_lm"": 1.85, ""sl_mult_lr"": 5.0, ""sl_mult_sm"": 1.8, ""sl_mult_sr"": 1.5, ""time_stop"": 25, ""tp_mult_lm"": 5.1, ""tp_mult_lr"": 9.2, ""tp_mult_sm"": 3.3, ""tp_mult_sr"": 4.8, ""trail_mult"": 3.4000000000000004, ""trail_tp"": true, ""use_trailing"": true}",{},
2426,-1000000000.0,TrialState.COMPLETE,2026-04-01T06:17:13.019178,2026-04-01T06:17:15.573731,2.554553,"{""atr_window"": 10, ""bb_std_dev"": 1.75, ""bb_window"": 20, ""cooldown"": 2, ""macd_fast"": 13, ""macd_k"": 1.3, ""macd_k_mid"": 0.95, ""macd_signal"": 9, ""macd_slow"": 35, ""macd_std_window"": 82, ""rebalance_freq"": 180, ""rebounce_block"": 6, ""sl_mult_lm"": 1.8, ""sl_mult_lr"": 4.9, ""sl_mult_sm"": 1.85, ""sl_mult_sr"": 1.5, ""time_stop"": 26, ""tp_mult_lm"": 5.1, ""tp_mult_lr"": 9.6, ""tp_mult_sm"": 3.4, ""tp_mult_sr"": 5.0, ""trail_mult"": 3.3, ""trail_tp"": true, ""use_trailing"": true}",{},
2427,-1000000000.0,TrialState.COMPLETE,2026-04-01T06:17:15.609797,2026-04-01T06:17:18.249794,2.639997,"{""atr_window"": 10, ""bb_std_dev"": 1.7999999999999998, ""bb_window"": 20, ""cooldown"": 2, ""macd_fast"": 13, ""macd_k"": 1.0, ""macd_k_mid"": 0.95, ""macd_signal"": 8, ""macd_slow"": 35, ""macd_std_window"": 80, ""rebalance_freq"": 180, ""rebounce_block"": 4, ""sl_mult_lm"": 1.4, ""sl_mult_lr"": 5.0, ""sl_mult_sm"": 1.8, ""sl_mult_sr"": 1.5, ""time_stop"": 25, ""tp_mult_lm"": 5.2, ""tp_mult_lr"": 9.6, ""tp_mult_sm"": 3.4, ""tp_mult_sr"": 4.9, ""trail_mult"": 3.3, ""trail_tp"": true, ""use_trailing"": false}",{},
2428,-1000000000.0,TrialState.COMPLETE,2026-04-01T06:17:18.292973,2026-04-01T06:27:21.543388,603.250415,"{""atr_window"": 10, ""bb_std_dev"": 1.75, ""bb_window"": 21, ""cooldown"": 2, ""macd_fast"": 13, ""macd_k"": 1.05, ""macd_k_mid"": 0.95, ""macd_signal"": 10, ""macd_slow"": 35, ""macd_std_window"": 81, ""rebalance_freq"": 180, ""rebounce_block"": 2, ""sl_mult_lm"": 1.8, ""sl_mult_lr"": 4.9, ""sl_mult_sm"": 1.85, ""sl_mult_sr"": 1.6, ""time_stop"": 24, ""tp_mult_lm"": 5.1, ""tp_mult_lr"": 9.8, ""tp_mult_sm"": 3.3, ""tp_mult_sr"": 4.8, ""trail_mult"": 3.2, ""trail_tp"": true, ""use_trailing"": true}",{},
2429,-1000000000.0,TrialState.COMPLETE,2026-04-01T06:27:21.589400,2026-04-01T06:27:24.112067,2.522667,"{""atr_window"": 10, ""bb_std_dev"": 2.0, ""bb_window"": 20, ""cooldown"": 2, ""macd_fast"": 13, ""macd_k"": 1.25, ""macd_k_mid"": 0.95, ""macd_signal"": 7, ""macd_slow"": 35, ""macd_std_window"": 81, ""rebalance_freq"": 180, ""rebounce_block"": 5, ""sl_mult_lm"": 1.75, ""sl_mult_lr"": 5.0, ""sl_mult_sm"": 1.8, ""sl_mult_sr"": 1.5, ""time_stop"": 25, ""tp_mult_lm"": 5.1, ""tp_mult_lr"": 9.4, ""tp_mult_sm"": 3.3, ""tp_mult_sr"": 4.8, ""trail_mult"": 3.3, ""trail_tp"": true, ""use_trailing"": true}",{},
2430,-1000000000.0,TrialState.COMPLETE,2026-04-01T06:27:24.149410,2026-04-01T06:27:26.660807,2.511397,"{""atr_window"": 10, ""bb_std_dev"": 2.05, ""bb_window"": 21, ""cooldown"": 2, ""macd_fast"": 13, ""macd_k"": 1.55, ""macd_k_mid"": 0.95, ""macd_signal"": 8, ""macd_slow"": 35, ""macd_std_window"": 80, ""rebalance_freq"": 180, ""rebounce_block"": 3, ""sl_mult_lm"": 1.75, ""sl_mult_lr"": 5.0, ""sl_mult_sm"": 1.85, ""sl_mult_sr"": 1.6, ""time_stop"": 25, ""tp_mult_lm"": 5.2, ""tp_mult_lr"": 9.8, ""tp_mult_sm"": 3.4, ""tp_mult_sr"": 5.0, ""trail_mult"": 3.4000000000000004, ""trail_tp"": true, ""use_trailing"": true}",{},
2431,-1000000000.0,TrialState.COMPLETE,2026-04-01T06:27:26.699318,2026-04-01T06:27:29.209273,2.509955,"{""atr_window"": 11, ""bb_std_dev"": 2.15, ""bb_window"": 20, ""cooldown"": 2, ""macd_fast"": 13, ""macd_k"": 1.0, ""macd_k_mid"": 0.95, ""macd_signal"": 9, ""macd_slow"": 35, ""macd_std_window"": 82, ""rebalance_freq"": 180, ""rebounce_block"": 1, ""sl_mult_lm"": 1.8, ""sl_mult_lr"": 5.0, ""sl_mult_sm"": 1.8, ""sl_mult_sr"": 1.5, ""time_stop"": 26, ""tp_mult_lm"": 5.2, ""tp_mult_lr"": 9.0, ""tp_mult_sm"": 3.4, ""tp_mult_sr"": 4.9, ""trail_mult"": 3.3, ""trail_tp"": true, ""use_trailing"": false}",{},
2432,-1000000000.0,TrialState.COMPLETE,2026-04-01T06:27:29.247067,2026-04-01T06:27:31.925214,2.678147,"{""atr_window"": 10, ""bb_std_dev"": 2.5, ""bb_window"": 21, ""cooldown"": 2, ""macd_fast"": 13, ""macd_k"": 1.3, ""macd_k_mid"": 0.95, ""macd_signal"": 6, ""macd_slow"": 35, ""macd_std_window"": 82, ""rebalance_freq"": 180, ""rebounce_block"": 0, ""sl_mult_lm"": 1.8, ""sl_mult_lr"": 5.0, ""sl_mult_sm"": 1.8, ""sl_mult_sr"": 2.1, ""time_stop"": 24, ""tp_mult_lm"": 5.0, ""tp_mult_lr"": 9.8, ""tp_mult_sm"": 3.2, ""tp_mult_sr"": 4.9, ""trail_mult"": 3.3, ""trail_tp"": true, ""use_trailing"": true}",{},
2433,-1000000000.0,TrialState.COMPLETE,2026-04-01T06:27:31.967147,2026-04-01T06:27:34.333413,2.366266,"{""atr_window"": 10, ""bb_std_dev"": 1.75, ""bb_window"": 20, ""cooldown"": 2, ""macd_fast"": 13, ""macd_k"": 1.9, ""macd_k_mid"": 0.95, ""macd_signal"": 5, ""macd_slow"": 35, ""macd_std_window"": 81, ""rebalance_freq"": 180, ""rebounce_block"": 5, ""sl_mult_lm"": 1.8, ""sl_mult_lr"": 5.0, ""sl_mult_sm"": 1.85, ""sl_mult_sr"": 2.8, ""time_stop"": 26, ""tp_mult_lm"": 5.2, ""tp_mult_lr"": 9.6, ""tp_mult_sm"": 3.4, ""tp_mult_sr"": 5.1, ""trail_mult"": 3.2, ""trail_tp"": true, ""use_trailing"": true}",{},
2434,-1000000000.0,TrialState.COMPLETE,2026-04-01T06:27:34.374637,2026-04-01T06:27:34.467634,0.092997,"{""atr_window"": 10, ""bb_std_dev"": 1.7999999999999998, ""bb_window"": 21, ""cooldown"": 2, ""macd_fast"": 13, ""macd_k"": 1.75, ""macd_k_mid"": 0.95, ""macd_signal"": 8, ""macd_slow"": 36, ""macd_std_window"": 80, ""rebalance_freq"": 180, ""rebounce_block"": 2, ""sl_mult_lm"": 1.8, ""sl_mult_lr"": 4.9, ""sl_mult_sm"": 1.85, ""sl_mult_sr"": 1.5, ""time_stop"": 27, ""tp_mult_lm"": 5.1, ""tp_mult_lr"": 9.2, ""tp_mult_sm"": 3.3, ""tp_mult_sr"": 4.8, ""trail_mult"": 3.3, ""trail_tp"": true, ""use_trailing"": true}",{},
2435,-1000000000.0,TrialState.COMPLETE,2026-04-01T06:27:34.504298,2026-04-01T06:27:37.041906,2.537608,"{""atr_window"": 11, ""bb_std_dev"": 2.1, ""bb_window"": 21, ""cooldown"": 2, ""macd_fast"": 13, ""macd_k"": 2.0, ""macd_k_mid"": 0.95, ""macd_signal"": 7, ""macd_slow"": 35, ""macd_std_window"": 81, ""rebalance_freq"": 180, ""rebounce_block"": 6, ""sl_mult_lm"": 1.8, ""sl_mult_lr"": 5.0, ""sl_mult_sm"": 1.8, ""sl_mult_sr"": 2.2, ""time_stop"": 25, ""tp_mult_lm"": 5.0, ""tp_mult_lr"": 9.8, ""tp_mult_sm"": 3.1, ""tp_mult_sr"": 4.9, ""trail_mult"": 3.4000000000000004, ""trail_tp"": true, ""use_trailing"": false}",{},
