number,value,state,datetime_start,datetime_complete,duration_seconds,params_json,fold_sharpes_json,avg_cv_sharpe
831,-1000000000.0,TrialState.COMPLETE,2026-04-01T02:21:40.943367,2026-04-01T02:21:40.980205,0.036838,"{""atr_window"": 15, ""bb_std_dev"": 2.35, ""bb_window"": 17, ""cooldown"": 4, ""macd_fast"": 20, ""macd_k"": 1.45, ""macd_k_mid"": 0.8500000000000001, ""macd_signal"": 10, ""macd_slow"": 43, ""macd_std_window"": 90, ""rebalance_freq"": 120, ""rebounce_block"": 2, ""sl_mult_lm"": 1.4, ""sl_mult_lr"": 2.4, ""sl_mult_sm"": 1.7000000000000002, ""sl_mult_sr"": 1.9, ""time_stop"": 21, ""tp_mult_lm"": 4.5, ""tp_mult_lr"": 13.600000000000001, ""tp_mult_sm"": 3.2, ""tp_mult_sr"": 3.7, ""trail_mult"": 1.6, ""trail_tp"": false, ""use_trailing"": true}",{},
832,-1000000000.0,TrialState.COMPLETE,2026-04-01T02:21:41.012671,2026-04-01T02:21:41.058232,0.045561,"{""atr_window"": 16, ""bb_std_dev"": 2.25, ""bb_window"": 16, ""cooldown"": 1, ""macd_fast"": 17, ""macd_k"": 1.7000000000000002, ""macd_k_mid"": 0.55, ""macd_signal"": 6, ""macd_slow"": 42, ""macd_std_window"": 81, ""rebalance_freq"": 150, ""rebounce_block"": 0, ""sl_mult_lm"": 1.9500000000000002, ""sl_mult_lr"": 3.2, ""sl_mult_sm"": 1.85, ""sl_mult_sr"": 1.8, ""time_stop"": 9, ""tp_mult_lm"": 5.3, ""tp_mult_lr"": 11.2, ""tp_mult_sm"": 7.0, ""tp_mult_sr"": 7.0, ""trail_mult"": 3.1, ""trail_tp"": true, ""use_trailing"": true}",{},
833,-1000000000.0,TrialState.COMPLETE,2026-04-01T02:21:41.093393,2026-04-01T02:21:41.131163,0.03777,"{""atr_window"": 14, ""bb_std_dev"": 1.4, ""bb_window"": 24, ""cooldown"": 0, ""macd_fast"": 12, ""macd_k"": 1.6, ""macd_k_mid"": 0.7, ""macd_signal"": 9, ""macd_slow"": 41, ""macd_std_window"": 76, ""rebalance_freq"": 180, ""rebounce_block"": 3, ""sl_mult_lm"": 1.55, ""sl_mult_lr"": 4.5, ""sl_mult_sm"": 1.5, ""sl_mult_sr"": 3.2, ""time_stop"": 23, ""tp_mult_lm"": 5.4, ""tp_mult_lr"": 11.8, ""tp_mult_sm"": 6.1, ""tp_mult_sr"": 3.0, ""trail_mult"": 1.5, ""trail_tp"": false, ""use_trailing"": true}",{},
834,-1000000000.0,TrialState.COMPLETE,2026-04-01T02:21:41.163335,2026-04-01T02:21:41.201676,0.038341,"{""atr_window"": 20, ""bb_std_dev"": 1.7, ""bb_window"": 14, ""cooldown"": 5, ""macd_fast"": 10, ""macd_k"": 1.9500000000000002, ""macd_k_mid"": 0.5, ""macd_signal"": 5, ""macd_slow"": 39, ""macd_std_window"": 88, ""rebalance_freq"": 60, ""rebounce_block"": 5, ""sl_mult_lm"": 1.05, ""sl_mult_lr"": 2.8, ""sl_mult_sm"": 1.9, ""sl_mult_sr"": 1.7, ""time_stop"": 12, ""tp_mult_lm"": 5.1, ""tp_mult_lr"": 15.0, ""tp_mult_sm"": 4.4, ""tp_mult_sr"": 4.4, ""trail_mult"": 3.5, ""trail_tp"": true, ""use_trailing"": false}",{},
835,-1000000000.0,TrialState.COMPLETE,2026-04-01T02:21:41.234462,2026-04-01T02:21:41.283951,0.049489,"{""atr_window"": 18, ""bb_std_dev"": 2.45, ""bb_window"": 21, ""cooldown"": 1, ""macd_fast"": 15, ""macd_k"": 1.2, ""macd_k_mid"": 0.6, ""macd_signal"": 7, ""macd_slow"": 38, ""macd_std_window"": 70, ""rebalance_freq"": 150, ""rebounce_block"": 6, ""sl_mult_lm"": 1.9, ""sl_mult_lr"": 4.300000000000001, ""sl_mult_sm"": 1.9500000000000002, ""sl_mult_sr"": 2.4, ""time_stop"": 20, ""tp_mult_lm"": 4.9, ""tp_mult_lr"": 12.0, ""tp_mult_sm"": 5.5, ""tp_mult_sr"": 6.300000000000001, ""trail_mult"": 3.2, ""trail_tp"": false, ""use_trailing"": true}",{},
836,-1000000000.0,TrialState.COMPLETE,2026-04-01T02:21:41.329205,2026-04-01T02:21:41.367564,0.038359,"{""atr_window"": 14, ""bb_std_dev"": 1.5999999999999999, ""bb_window"": 15, ""cooldown"": 4, ""macd_fast"": 19, ""macd_k"": 1.1, ""macd_k_mid"": 0.8, ""macd_signal"": 8, ""macd_slow"": 44, ""macd_std_window"": 98, ""rebalance_freq"": 90, ""rebounce_block"": 3, ""sl_mult_lm"": 2.0, ""sl_mult_lr"": 2.9, ""sl_mult_sm"": 1.6, ""sl_mult_sr"": 3.3, ""time_stop"": 10, ""tp_mult_lm"": 5.2, ""tp_mult_lr"": 11.6, ""tp_mult_sm"": 5.300000000000001, ""tp_mult_sr"": 5.5, ""trail_mult"": 2.4, ""trail_tp"": true, ""use_trailing"": true}",{},
837,-1000000000.0,TrialState.COMPLETE,2026-04-01T02:21:41.401539,2026-04-01T02:21:43.880752,2.479213,"{""atr_window"": 17, ""bb_std_dev"": 2.3, ""bb_window"": 25, ""cooldown"": 3, ""macd_fast"": 14, ""macd_k"": 1.0, ""macd_k_mid"": 0.65, ""macd_signal"": 9, ""macd_slow"": 36, ""macd_std_window"": 82, ""rebalance_freq"": 120, ""rebounce_block"": 4, ""sl_mult_lm"": 1.2, ""sl_mult_lr"": 4.1, ""sl_mult_sm"": 1.8, ""sl_mult_sr"": 2.0, ""time_stop"": 28, ""tp_mult_lm"": 3.7, ""tp_mult_lr"": 16.0, ""tp_mult_sm"": 3.6, ""tp_mult_sr"": 4.6, ""trail_mult"": 1.9, ""trail_tp"": false, ""use_trailing"": false}",{},
838,-1000000000.0,TrialState.COMPLETE,2026-04-01T02:21:43.913443,2026-04-01T02:21:46.537647,2.624204,"{""atr_window"": 16, ""bb_std_dev"": 2.5, ""bb_window"": 18, ""cooldown"": 1, ""macd_fast"": 18, ""macd_k"": 1.05, ""macd_k_mid"": 0.55, ""macd_signal"": 8, ""macd_slow"": 37, ""macd_std_window"": 85, ""rebalance_freq"": 150, ""rebounce_block"": 5, ""sl_mult_lm"": 1.35, ""sl_mult_lr"": 2.3, ""sl_mult_sm"": 1.55, ""sl_mult_sr"": 1.6, ""time_stop"": 7, ""tp_mult_lm"": 3.5, ""tp_mult_lr"": 14.4, ""tp_mult_sm"": 5.9, ""tp_mult_sr"": 3.8, ""trail_mult"": 2.1, ""trail_tp"": true, ""use_trailing"": true}",{},
839,-1000000000.0,TrialState.COMPLETE,2026-04-01T02:21:46.575832,2026-04-01T02:21:49.019689,2.443857,"{""atr_window"": 19, ""bb_std_dev"": 1.75, ""bb_window"": 14, ""cooldown"": 0, ""macd_fast"": 20, ""macd_k"": 1.2, ""macd_k_mid"": 0.9, ""macd_signal"": 10, ""macd_slow"": 42, ""macd_std_window"": 91, ""rebalance_freq"": 180, ""rebounce_block"": 0, ""sl_mult_lm"": 1.3, ""sl_mult_lr"": 2.5, ""sl_mult_sm"": 1.7000000000000002, ""sl_mult_sr"": 1.5, ""time_stop"": 3, ""tp_mult_lm"": 4.2, ""tp_mult_lr"": 12.4, ""tp_mult_sm"": 6.300000000000001, ""tp_mult_sr"": 3.4, ""trail_mult"": 2.2, ""trail_tp"": true, ""use_trailing"": true}",{},
840,-1000000000.0,TrialState.COMPLETE,2026-04-01T02:21:49.051012,2026-04-01T02:21:49.101313,0.050301,"{""atr_window"": 20, ""bb_std_dev"": 2.1, ""bb_window"": 16, ""cooldown"": 2, ""macd_fast"": 13, ""macd_k"": 1.5, ""macd_k_mid"": 0.7, ""macd_signal"": 6, ""macd_slow"": 40, ""macd_std_window"": 97, ""rebalance_freq"": 30, ""rebounce_block"": 2, ""sl_mult_lm"": 1.0, ""sl_mult_lr"": 3.5, ""sl_mult_sm"": 1.45, ""sl_mult_sr"": 2.3, ""time_stop"": 0, ""tp_mult_lm"": 5.6, ""tp_mult_lr"": 13.4, ""tp_mult_sm"": 4.8, ""tp_mult_sr"": 5.800000000000001, ""trail_mult"": 1.8, ""trail_tp"": false, ""use_trailing"": true}",{},
841,-1000000000.0,TrialState.COMPLETE,2026-04-01T02:21:49.136330,2026-04-01T02:21:51.688874,2.552544,"{""atr_window"": 13, ""bb_std_dev"": 2.45, ""bb_window"": 19, ""cooldown"": 4, ""macd_fast"": 17, ""macd_k"": 1.65, ""macd_k_mid"": 0.5, ""macd_signal"": 9, ""macd_slow"": 35, ""macd_std_window"": 99, ""rebalance_freq"": 180, ""rebounce_block"": 5, ""sl_mult_lm"": 1.9500000000000002, ""sl_mult_lr"": 3.8, ""sl_mult_sm"": 1.4, ""sl_mult_sr"": 2.1, ""time_stop"": 1, ""tp_mult_lm"": 5.7, ""tp_mult_lr"": 12.2, ""tp_mult_sm"": 3.4, ""tp_mult_sr"": 5.2, ""trail_mult"": 3.9000000000000004, ""trail_tp"": true, ""use_trailing"": false}",{},
842,-1000000000.0,TrialState.COMPLETE,2026-04-01T02:21:51.716012,2026-04-01T02:21:51.749427,0.033415,"{""atr_window"": 17, ""bb_std_dev"": 2.2, ""bb_window"": 17, ""cooldown"": 2, ""macd_fast"": 16, ""macd_k"": 1.6, ""macd_k_mid"": 0.55, ""macd_signal"": 7, ""macd_slow"": 43, ""macd_std_window"": 88, ""rebalance_freq"": 90, ""rebounce_block"": 4, ""sl_mult_lm"": 2.1500000000000004, ""sl_mult_lr"": 2.2, ""sl_mult_sm"": 1.85, ""sl_mult_sr"": 1.9, ""time_stop"": 14, ""tp_mult_lm"": 4.3, ""tp_mult_lr"": 11.4, ""tp_mult_sm"": 4.5, ""tp_mult_sr"": 6.800000000000001, ""trail_mult"": 2.8, ""trail_tp"": false, ""use_trailing"": true}",{},
843,-1000000000.0,TrialState.COMPLETE,2026-04-01T02:21:51.782218,2026-04-01T02:21:51.821078,0.03886,"{""atr_window"": 10, ""bb_std_dev"": 1.65, ""bb_window"": 15, ""cooldown"": 1, ""macd_fast"": 11, ""macd_k"": 1.85, ""macd_k_mid"": 0.6, ""macd_signal"": 9, ""macd_slow"": 40, ""macd_std_window"": 89, ""rebalance_freq"": 150, ""rebounce_block"": 6, ""sl_mult_lm"": 1.75, ""sl_mult_lr"": 2.0, ""sl_mult_sm"": 1.55, ""sl_mult_sr"": 3.0, ""time_stop"": 17, ""tp_mult_lm"": 4.1, ""tp_mult_lr"": 10.4, ""tp_mult_sm"": 5.0, ""tp_mult_sr"": 4.5, ""trail_mult"": 2.5, ""trail_tp"": true, ""use_trailing"": true}",{},
844,-1000000000.0,TrialState.COMPLETE,2026-04-01T02:21:51.852704,2026-04-01T02:21:51.890371,0.037667,"{""atr_window"": 15, ""bb_std_dev"": 2.4, ""bb_window"": 14, ""cooldown"": 3, ""macd_fast"": 12, ""macd_k"": 1.35, ""macd_k_mid"": 0.8, ""macd_signal"": 8, ""macd_slow"": 41, ""macd_std_window"": 70, ""rebalance_freq"": 120, ""rebounce_block"": 3, ""sl_mult_lm"": 1.25, ""sl_mult_lr"": 2.4, ""sl_mult_sm"": 1.75, ""sl_mult_sr"": 2.2, ""time_stop"": 29, ""tp_mult_lm"": 5.800000000000001, ""tp_mult_lr"": 11.0, ""tp_mult_sm"": 4.1, ""tp_mult_sr"": 4.1, ""trail_mult"": 3.2, ""trail_tp"": false, ""use_trailing"": true}",{},
845,-1000000000.0,TrialState.COMPLETE,2026-04-01T02:21:51.922339,2026-04-01T02:21:51.959976,0.037637,"{""atr_window"": 16, ""bb_std_dev"": 1.95, ""bb_window"": 17, ""cooldown"": 5, ""macd_fast"": 14, ""macd_k"": 1.75, ""macd_k_mid"": 0.75, ""macd_signal"": 8, ""macd_slow"": 44, ""macd_std_window"": 92, ""rebalance_freq"": 180, ""rebounce_block"": 4, ""sl_mult_lm"": 2.05, ""sl_mult_lr"": 3.3, ""sl_mult_sm"": 1.3, ""sl_mult_sr"": 2.7, ""time_stop"": 4, ""tp_mult_lm"": 5.2, ""tp_mult_lr"": 9.6, ""tp_mult_sm"": 5.4, ""tp_mult_sr"": 4.0, ""trail_mult"": 2.7, ""trail_tp"": true, ""use_trailing"": false}",{},
846,-1000000000.0,TrialState.COMPLETE,2026-04-01T02:21:51.993607,2026-04-01T02:21:52.040278,0.046671,"{""atr_window"": 14, ""bb_std_dev"": 1.7999999999999998, ""bb_window"": 23, ""cooldown"": 1, ""macd_fast"": 14, ""macd_k"": 1.4, ""macd_k_mid"": 0.65, ""macd_signal"": 10, ""macd_slow"": 37, ""macd_std_window"": 71, ""rebalance_freq"": 120, ""rebounce_block"": 0, ""sl_mult_lm"": 1.0, ""sl_mult_lr"": 2.7, ""sl_mult_sm"": 1.65, ""sl_mult_sr"": 2.0, ""time_stop"": 25, ""tp_mult_lm"": 5.5, ""tp_mult_lr"": 8.2, ""tp_mult_sm"": 3.0, ""tp_mult_sr"": 5.9, ""trail_mult"": 2.6, ""trail_tp"": false, ""use_trailing"": true}",{},
847,-1000000000.0,TrialState.COMPLETE,2026-04-01T02:21:52.073296,2026-04-01T02:21:52.115330,0.042034,"{""atr_window"": 18, ""bb_std_dev"": 2.05, ""bb_window"": 20, ""cooldown"": 0, ""macd_fast"": 15, ""macd_k"": 1.55, ""macd_k_mid"": 0.55, ""macd_signal"": 7, ""macd_slow"": 39, ""macd_std_window"": 93, ""rebalance_freq"": 150, ""rebounce_block"": 6, ""sl_mult_lm"": 2.2, ""sl_mult_lr"": 2.3, ""sl_mult_sm"": 1.9, ""sl_mult_sr"": 1.8, ""time_stop"": 26, ""tp_mult_lm"": 4.0, ""tp_mult_lr"": 15.600000000000001, ""tp_mult_sm"": 6.7, ""tp_mult_sr"": 5.7, ""trail_mult"": 3.3, ""trail_tp"": true, ""use_trailing"": true}",{},
848,-1000000000.0,TrialState.COMPLETE,2026-04-01T02:21:52.149513,2026-04-01T02:21:52.189160,0.039647,"{""atr_window"": 20, ""bb_std_dev"": 2.15, ""bb_window"": 14, ""cooldown"": 2, ""macd_fast"": 10, ""macd_k"": 1.15, ""macd_k_mid"": 0.6, ""macd_signal"": 9, ""macd_slow"": 43, ""macd_std_window"": 83, ""rebalance_freq"": 150, ""rebounce_block"": 5, ""sl_mult_lm"": 2.1, ""sl_mult_lr"": 2.6, ""sl_mult_sm"": 1.1, ""sl_mult_sr"": 1.5, ""time_stop"": 23, ""tp_mult_lm"": 5.0, ""tp_mult_lr"": 10.0, ""tp_mult_sm"": 4.3, ""tp_mult_sr"": 5.1, ""trail_mult"": 2.0, ""trail_tp"": false, ""use_trailing"": true}",{},
849,-1000000000.0,TrialState.COMPLETE,2026-04-01T02:21:52.221329,2026-04-01T02:21:52.259034,0.037705,"{""atr_window"": 11, ""bb_std_dev"": 1.8499999999999999, ""bb_window"": 14, ""cooldown"": 4, ""macd_fast"": 12, ""macd_k"": 1.05, ""macd_k_mid"": 0.7, ""macd_signal"": 5, ""macd_slow"": 35, ""macd_std_window"": 75, ""rebalance_freq"": 30, ""rebounce_block"": 2, ""sl_mult_lm"": 1.15, ""sl_mult_lr"": 2.5, ""sl_mult_sm"": 1.2, ""sl_mult_sr"": 3.1, ""time_stop"": 11, ""tp_mult_lm"": 6.0, ""tp_mult_lr"": 14.600000000000001, ""tp_mult_sm"": 4.2, ""tp_mult_sr"": 6.9, ""trail_mult"": 1.7, ""trail_tp"": true, ""use_trailing"": false}",{},
850,-1000000000.0,TrialState.COMPLETE,2026-04-01T02:21:52.289980,2026-04-01T02:21:52.326937,0.036957,"{""atr_window"": 13, ""bb_std_dev"": 2.35, ""bb_window"": 21, ""cooldown"": 0, ""macd_fast"": 17, ""macd_k"": 1.5, ""macd_k_mid"": 0.95, ""macd_signal"": 8, ""macd_slow"": 41, ""macd_std_window"": 82, ""rebalance_freq"": 90, ""rebounce_block"": 3, ""sl_mult_lm"": 1.3, ""sl_mult_lr"": 3.0, ""sl_mult_sm"": 1.6, ""sl_mult_sr"": 1.6, ""time_stop"": 13, ""tp_mult_lm"": 4.6, ""tp_mult_lr"": 12.8, ""tp_mult_sm"": 6.2, ""tp_mult_sr"": 5.0, ""trail_mult"": 2.3, ""trail_tp"": false, ""use_trailing"": true}",{},
851,-1000000000.0,TrialState.COMPLETE,2026-04-01T02:21:52.357530,2026-04-01T02:21:54.842597,2.485067,"{""atr_window"": 12, ""bb_std_dev"": 2.0, ""bb_window"": 16, ""cooldown"": 1, ""macd_fast"": 19, ""macd_k"": 1.1, ""macd_k_mid"": 0.55, ""macd_signal"": 9, ""macd_slow"": 36, ""macd_std_window"": 90, ""rebalance_freq"": 60, ""rebounce_block"": 1, ""sl_mult_lm"": 1.35, ""sl_mult_lr"": 2.1, ""sl_mult_sm"": 1.8, ""sl_mult_sr"": 2.1, ""time_stop"": 19, ""tp_mult_lm"": 5.1, ""tp_mult_lr"": 16.6, ""tp_mult_sm"": 3.3, ""tp_mult_sr"": 6.0, ""trail_mult"": 2.9000000000000004, ""trail_tp"": true, ""use_trailing"": true}",{},
852,-1000000000.0,TrialState.COMPLETE,2026-04-01T02:21:54.876407,2026-04-01T02:21:54.914131,0.037724,"{""atr_window"": 19, ""bb_std_dev"": 2.25, ""bb_window"": 15, ""cooldown"": 3, ""macd_fast"": 18, ""macd_k"": 1.45, ""macd_k_mid"": 0.5, ""macd_signal"": 7, ""macd_slow"": 42, ""macd_std_window"": 100, ""rebalance_freq"": 180, ""rebounce_block"": 5, ""sl_mult_lm"": 1.6, ""sl_mult_lr"": 4.800000000000001, ""sl_mult_sm"": 1.5, ""sl_mult_sr"": 1.5, ""time_stop"": 8, ""tp_mult_lm"": 3.9, ""tp_mult_lr"": 13.2, ""tp_mult_sm"": 6.5, ""tp_mult_sr"": 3.9, ""trail_mult"": 2.1, ""trail_tp"": false, ""use_trailing"": false}",{},
853,-1000000000.0,TrialState.COMPLETE,2026-04-01T02:21:54.945406,2026-04-01T02:21:54.982140,0.036734,"{""atr_window"": 16, ""bb_std_dev"": 1.75, ""bb_window"": 18, ""cooldown"": 2, ""macd_fast"": 13, ""macd_k"": 1.65, ""macd_k_mid"": 0.8500000000000001, ""macd_signal"": 6, ""macd_slow"": 38, ""macd_std_window"": 80, ""rebalance_freq"": 150, ""rebounce_block"": 6, ""sl_mult_lm"": 1.2, ""sl_mult_lr"": 2.2, ""sl_mult_sm"": 1.65, ""sl_mult_sr"": 1.8, ""time_stop"": 21, ""tp_mult_lm"": 5.6, ""tp_mult_lr"": 12.0, ""tp_mult_sm"": 5.800000000000001, ""tp_mult_sr"": 4.8, ""trail_mult"": 3.1, ""trail_tp"": true, ""use_trailing"": true}",{},
854,-1000000000.0,TrialState.COMPLETE,2026-04-01T02:21:55.023706,2026-04-01T02:21:55.061571,0.037865,"{""atr_window"": 14, ""bb_std_dev"": 2.5, ""bb_window"": 14, ""cooldown"": 4, ""macd_fast"": 20, ""macd_k"": 1.2, ""macd_k_mid"": 0.5, ""macd_signal"": 10, ""macd_slow"": 43, ""macd_std_window"": 94, ""rebalance_freq"": 30, ""rebounce_block"": 4, ""sl_mult_lm"": 1.7000000000000002, ""sl_mult_lr"": 2.4, ""sl_mult_sm"": 1.25, ""sl_mult_sr"": 1.7, ""time_stop"": 16, ""tp_mult_lm"": 5.3, ""tp_mult_lr"": 13.0, ""tp_mult_sm"": 4.7, ""tp_mult_sr"": 3.1, ""trail_mult"": 3.8000000000000003, ""trail_tp"": false, ""use_trailing"": true}",{},
855,-1000000000.0,TrialState.COMPLETE,2026-04-01T02:21:55.093484,2026-04-01T02:21:55.138367,0.044883,"{""atr_window"": 15, ""bb_std_dev"": 2.45, ""bb_window"": 20, ""cooldown"": 1, ""macd_fast"": 12, ""macd_k"": 1.25, ""macd_k_mid"": 0.55, ""macd_signal"": 8, ""macd_slow"": 44, ""macd_std_window"": 78, ""rebalance_freq"": 150, ""rebounce_block"": 0, ""sl_mult_lm"": 1.85, ""sl_mult_lr"": 4.0, ""sl_mult_sm"": 1.9500000000000002, ""sl_mult_sr"": 1.9, ""time_stop"": 18, ""tp_mult_lm"": 4.8, ""tp_mult_lr"": 10.8, ""tp_mult_sm"": 5.1, ""tp_mult_sr"": 5.4, ""trail_mult"": 2.2, ""trail_tp"": true, ""use_trailing"": true}",{},
856,-1000000000.0,TrialState.COMPLETE,2026-04-01T02:21:55.173450,2026-04-01T02:21:55.215182,0.041732,"{""atr_window"": 18, ""bb_std_dev"": 1.9, ""bb_window"": 22, ""cooldown"": 2, ""macd_fast"": 15, ""macd_k"": 1.8, ""macd_k_mid"": 0.6, ""macd_signal"": 9, ""macd_slow"": 40, ""macd_std_window"": 86, ""rebalance_freq"": 120, ""rebounce_block"": 3, ""sl_mult_lm"": 1.45, ""sl_mult_lr"": 3.6, ""sl_mult_sm"": 1.8, ""sl_mult_sr"": 1.5, ""time_stop"": 27, ""tp_mult_lm"": 4.7, ""tp_mult_lr"": 9.2, ""tp_mult_sm"": 3.5, ""tp_mult_sr"": 3.8, ""trail_mult"": 3.0, ""trail_tp"": false, ""use_trailing"": false}",{},
857,-1000000000.0,TrialState.COMPLETE,2026-04-01T02:21:55.250459,2026-04-01T02:21:55.289486,0.039027,"{""atr_window"": 20, ""bb_std_dev"": 2.2, ""bb_window"": 15, ""cooldown"": 0, ""macd_fast"": 11, ""macd_k"": 1.3, ""macd_k_mid"": 0.6, ""macd_signal"": 8, ""macd_slow"": 37, ""macd_std_window"": 96, ""rebalance_freq"": 150, ""rebounce_block"": 5, ""sl_mult_lm"": 1.1, ""sl_mult_lr"": 2.3, ""sl_mult_sm"": 1.0, ""sl_mult_sr"": 2.9000000000000004, ""time_stop"": 24, ""tp_mult_lm"": 5.9, ""tp_mult_lr"": 9.8, ""tp_mult_sm"": 3.7, ""tp_mult_sr"": 6.300000000000001, ""trail_mult"": 2.0, ""trail_tp"": true, ""use_trailing"": true}",{},
858,-1000000000.0,TrialState.COMPLETE,2026-04-01T02:21:55.322916,2026-04-01T02:21:55.362678,0.039762,"{""atr_window"": 19, ""bb_std_dev"": 1.65, ""bb_window"": 17, ""cooldown"": 1, ""macd_fast"": 16, ""macd_k"": 1.0, ""macd_k_mid"": 0.7, ""macd_signal"": 7, ""macd_slow"": 39, ""macd_std_window"": 87, ""rebalance_freq"": 180, ""rebounce_block"": 2, ""sl_mult_lm"": 1.9, ""sl_mult_lr"": 4.2, ""sl_mult_sm"": 2.0, ""sl_mult_sr"": 2.2, ""time_stop"": 22, ""tp_mult_lm"": 5.4, ""tp_mult_lr"": 11.8, ""tp_mult_sm"": 7.0, ""tp_mult_sr"": 3.7, ""trail_mult"": 1.8, ""trail_tp"": false, ""use_trailing"": true}",{},
859,-1000000000.0,TrialState.COMPLETE,2026-04-01T02:21:55.394030,2026-04-01T02:21:55.431141,0.037111,"{""atr_window"": 16, ""bb_std_dev"": 2.3, ""bb_window"": 24, ""cooldown"": 3, ""macd_fast"": 14, ""macd_k"": 1.6, ""macd_k_mid"": 1.0, ""macd_signal"": 8, ""macd_slow"": 40, ""macd_std_window"": 98, ""rebalance_freq"": 90, ""rebounce_block"": 6, ""sl_mult_lm"": 1.9500000000000002, ""sl_mult_lr"": 3.0, ""sl_mult_sm"": 1.7000000000000002, ""sl_mult_sr"": 1.6, ""time_stop"": 21, ""tp_mult_lm"": 4.4, ""tp_mult_lr"": 10.2, ""tp_mult_sm"": 5.7, ""tp_mult_sr"": 3.0, ""trail_mult"": 3.7, ""trail_tp"": true, ""use_trailing"": true}",{},
860,-1000000000.0,TrialState.COMPLETE,2026-04-01T02:21:55.464128,2026-04-01T02:21:55.502577,0.038449,"{""atr_window"": 15, ""bb_std_dev"": 1.7, ""bb_window"": 16, ""cooldown"": 1, ""macd_fast"": 20, ""macd_k"": 1.15, ""macd_k_mid"": 0.55, ""macd_signal"": 6, ""macd_slow"": 43, ""macd_std_window"": 84, ""rebalance_freq"": 120, ""rebounce_block"": 0, ""sl_mult_lm"": 1.4, ""sl_mult_lr"": 2.5, ""sl_mult_sm"": 1.3, ""sl_mult_sr"": 2.6, ""time_stop"": 10, ""tp_mult_lm"": 5.7, ""tp_mult_lr"": 12.2, ""tp_mult_sm"": 3.1, ""tp_mult_sr"": 3.5, ""trail_mult"": 3.4000000000000004, ""trail_tp"": false, ""use_trailing"": false}",{},
861,-1000000000.0,TrialState.COMPLETE,2026-04-01T02:21:55.535254,2026-04-01T02:21:55.578257,0.043003,"{""atr_window"": 14, ""bb_std_dev"": 1.5499999999999998, ""bb_window"": 19, ""cooldown"": 5, ""macd_fast"": 10, ""macd_k"": 1.1, ""macd_k_mid"": 0.65, ""macd_signal"": 9, ""macd_slow"": 35, ""macd_std_window"": 99, ""rebalance_freq"": 180, ""rebounce_block"": 1, ""sl_mult_lm"": 1.5, ""sl_mult_lr"": 2.4, ""sl_mult_sm"": 1.75, ""sl_mult_sr"": 2.0, ""time_stop"": 30, ""tp_mult_lm"": 3.6, ""tp_mult_lr"": 16.4, ""tp_mult_sm"": 3.8, ""tp_mult_sr"": 4.2, ""trail_mult"": 2.1, ""trail_tp"": true, ""use_trailing"": true}",{},
862,-1000000000.0,TrialState.COMPLETE,2026-04-01T02:21:55.616107,2026-04-01T02:21:58.146066,2.529959,"{""atr_window"": 18, ""bb_std_dev"": 2.15, ""bb_window"": 14, ""cooldown"": 0, ""macd_fast"": 19, ""macd_k"": 1.4, ""macd_k_mid"": 0.7, ""macd_signal"": 9, ""macd_slow"": 41, ""macd_std_window"": 81, ""rebalance_freq"": 150, ""rebounce_block"": 2, ""sl_mult_lm"": 1.65, ""sl_mult_lr"": 4.300000000000001, ""sl_mult_sm"": 1.35, ""sl_mult_sr"": 3.5, ""time_stop"": 20, ""tp_mult_lm"": 5.5, ""tp_mult_lr"": 11.6, ""tp_mult_sm"": 6.4, ""tp_mult_sr"": 6.2, ""trail_mult"": 3.5, ""trail_tp"": false, ""use_trailing"": true}",{},
863,-1000000000.0,TrialState.COMPLETE,2026-04-01T02:21:58.177136,2026-04-01T02:21:58.235712,0.058576,"{""atr_window"": 16, ""bb_std_dev"": 2.4, ""bb_window"": 25, ""cooldown"": 4, ""macd_fast"": 12, ""macd_k"": 1.7000000000000002, ""macd_k_mid"": 0.9, ""macd_signal"": 10, ""macd_slow"": 44, ""macd_std_window"": 91, ""rebalance_freq"": 30, ""rebounce_block"": 5, ""sl_mult_lm"": 1.05, ""sl_mult_lr"": 5.0, ""sl_mult_sm"": 1.05, ""sl_mult_sr"": 2.4, ""time_stop"": 15, ""tp_mult_lm"": 5.3, ""tp_mult_lr"": 8.4, ""tp_mult_sm"": 6.1, ""tp_mult_sr"": 4.7, ""trail_mult"": 3.1, ""trail_tp"": true, ""use_trailing"": true}",{},
864,-1000000000.0,TrialState.COMPLETE,2026-04-01T02:21:58.270460,2026-04-01T02:21:58.311253,0.040793,"{""atr_window"": 17, ""bb_std_dev"": 1.5, ""bb_window"": 14, ""cooldown"": 2, ""macd_fast"": 14, ""macd_k"": 1.15, ""macd_k_mid"": 0.5, ""macd_signal"": 8, ""macd_slow"": 42, ""macd_std_window"": 71, ""rebalance_freq"": 150, ""rebounce_block"": 3, ""sl_mult_lm"": 2.0, ""sl_mult_lr"": 3.1, ""sl_mult_sm"": 1.45, ""sl_mult_sr"": 1.7, ""time_stop"": 17, ""tp_mult_lm"": 4.1, ""tp_mult_lr"": 10.6, ""tp_mult_sm"": 4.6, ""tp_mult_sr"": 5.5, ""trail_mult"": 1.9, ""trail_tp"": false, ""use_trailing"": false}",{},
