number,value,state,datetime_start,datetime_complete,duration_seconds,params_json,fold_sharpes_json,avg_cv_sharpe
311,-1000000000.0,TrialState.COMPLETE,2026-04-01T02:14:49.614005,2026-04-01T02:14:49.637207,0.023202,"{""atr_window"": 11, ""bb_std_dev"": 2.2, ""bb_window"": 14, ""cooldown"": 4, ""macd_fast"": 12, ""macd_k"": 1.55, ""macd_k_mid"": 0.5, ""macd_signal"": 10, ""macd_slow"": 38, ""macd_std_window"": 81, ""rebalance_freq"": 180, ""rebounce_block"": 0, ""sl_mult_lm"": 1.65, ""sl_mult_lr"": 3.8, ""sl_mult_sm"": 1.75, ""sl_mult_sr"": 1.7, ""time_stop"": 23, ""tp_mult_lm"": 5.4, ""tp_mult_lr"": 12.0, ""tp_mult_sm"": 4.3, ""tp_mult_sr"": 6.6, ""trail_mult"": 3.3, ""trail_tp"": false, ""use_trailing"": true}",{},
312,-1000000000.0,TrialState.COMPLETE,2026-04-01T02:14:49.674429,2026-04-01T02:14:49.697415,0.022986,"{""atr_window"": 16, ""bb_std_dev"": 2.15, ""bb_window"": 21, ""cooldown"": 0, ""macd_fast"": 11, ""macd_k"": 1.05, ""macd_k_mid"": 0.6, ""macd_signal"": 9, ""macd_slow"": 36, ""macd_std_window"": 95, ""rebalance_freq"": 30, ""rebounce_block"": 6, ""sl_mult_lm"": 1.35, ""sl_mult_lr"": 4.6, ""sl_mult_sm"": 1.5, ""sl_mult_sr"": 1.6, ""time_stop"": 16, ""tp_mult_lm"": 5.800000000000001, ""tp_mult_lr"": 11.0, ""tp_mult_sm"": 5.4, ""tp_mult_sr"": 4.0, ""trail_mult"": 1.6, ""trail_tp"": true, ""use_trailing"": true}",{},
313,-1000000000.0,TrialState.COMPLETE,2026-04-01T02:14:49.727434,2026-04-01T02:14:49.752354,0.02492,"{""atr_window"": 18, ""bb_std_dev"": 2.25, ""bb_window"": 14, ""cooldown"": 1, ""macd_fast"": 14, ""macd_k"": 1.5, ""macd_k_mid"": 0.8500000000000001, ""macd_signal"": 8, ""macd_slow"": 44, ""macd_std_window"": 93, ""rebalance_freq"": 90, ""rebounce_block"": 4, ""sl_mult_lm"": 1.15, ""sl_mult_lr"": 2.8, ""sl_mult_sm"": 1.65, ""sl_mult_sr"": 1.5, ""time_stop"": 14, ""tp_mult_lm"": 5.3, ""tp_mult_lr"": 11.6, ""tp_mult_sm"": 3.3, ""tp_mult_sr"": 3.5, ""trail_mult"": 2.1, ""trail_tp"": false, ""use_trailing"": false}",{},
314,-1000000000.0,TrialState.COMPLETE,2026-04-01T02:14:49.781954,2026-04-01T02:14:52.323952,2.541998,"{""atr_window"": 20, ""bb_std_dev"": 1.65, ""bb_window"": 16, ""cooldown"": 3, ""macd_fast"": 20, ""macd_k"": 1.15, ""macd_k_mid"": 0.55, ""macd_signal"": 7, ""macd_slow"": 37, ""macd_std_window"": 71, ""rebalance_freq"": 150, ""rebounce_block"": 5, ""sl_mult_lm"": 1.0, ""sl_mult_lr"": 2.2, ""sl_mult_sm"": 1.45, ""sl_mult_sr"": 1.9, ""time_stop"": 19, ""tp_mult_lm"": 4.6, ""tp_mult_lr"": 15.0, ""tp_mult_sm"": 3.9, ""tp_mult_sr"": 5.5, ""trail_mult"": 3.1, ""trail_tp"": true, ""use_trailing"": true}",{},
315,-1000000000.0,TrialState.COMPLETE,2026-04-01T02:14:52.356116,2026-04-01T02:14:52.381814,0.025698,"{""atr_window"": 15, ""bb_std_dev"": 2.4, ""bb_window"": 20, ""cooldown"": 1, ""macd_fast"": 13, ""macd_k"": 1.1, ""macd_k_mid"": 1.0, ""macd_signal"": 8, ""macd_slow"": 43, ""macd_std_window"": 85, ""rebalance_freq"": 120, ""rebounce_block"": 3, ""sl_mult_lm"": 1.9500000000000002, ""sl_mult_lr"": 2.3, ""sl_mult_sm"": 1.55, ""sl_mult_sr"": 2.4, ""time_stop"": 6, ""tp_mult_lm"": 4.2, ""tp_mult_lr"": 10.4, ""tp_mult_sm"": 6.9, ""tp_mult_sr"": 5.7, ""trail_mult"": 2.9000000000000004, ""trail_tp"": false, ""use_trailing"": true}",{},
316,-1000000000.0,TrialState.COMPLETE,2026-04-01T02:14:52.414810,2026-04-01T02:14:52.440567,0.025757,"{""atr_window"": 14, ""bb_std_dev"": 2.3, ""bb_window"": 14, ""cooldown"": 2, ""macd_fast"": 17, ""macd_k"": 1.0, ""macd_k_mid"": 0.65, ""macd_signal"": 9, ""macd_slow"": 40, ""macd_std_window"": 90, ""rebalance_freq"": 180, ""rebounce_block"": 6, ""sl_mult_lm"": 1.5, ""sl_mult_lr"": 2.7, ""sl_mult_sm"": 1.8, ""sl_mult_sr"": 3.1, ""time_stop"": 1, ""tp_mult_lm"": 5.6, ""tp_mult_lr"": 9.2, ""tp_mult_sm"": 4.8, ""tp_mult_sr"": 5.300000000000001, ""trail_mult"": 2.7, ""trail_tp"": true, ""use_trailing"": true}",{},
317,-1000000000.0,TrialState.COMPLETE,2026-04-01T02:14:52.483640,2026-04-01T02:14:52.521381,0.037741,"{""atr_window"": 16, ""bb_std_dev"": 2.45, ""bb_window"": 23, ""cooldown"": 2, ""macd_fast"": 15, ""macd_k"": 1.45, ""macd_k_mid"": 0.55, ""macd_signal"": 6, ""macd_slow"": 41, ""macd_std_window"": 98, ""rebalance_freq"": 60, ""rebounce_block"": 0, ""sl_mult_lm"": 1.3, ""sl_mult_lr"": 2.0, ""sl_mult_sm"": 1.1, ""sl_mult_sr"": 3.2, ""time_stop"": 26, ""tp_mult_lm"": 3.7, ""tp_mult_lr"": 10.2, ""tp_mult_sm"": 5.0, ""tp_mult_sr"": 4.3, ""trail_mult"": 1.8, ""trail_tp"": false, ""use_trailing"": false}",{},
318,-1000000000.0,TrialState.COMPLETE,2026-04-01T02:14:52.676091,2026-04-01T02:14:52.735266,0.059175,"{""atr_window"": 10, ""bb_std_dev"": 2.1, ""bb_window"": 17, ""cooldown"": 3, ""macd_fast"": 10, ""macd_k"": 1.2, ""macd_k_mid"": 0.9, ""macd_signal"": 5, ""macd_slow"": 39, ""macd_std_window"": 96, ""rebalance_freq"": 150, ""rebounce_block"": 5, ""sl_mult_lm"": 1.6, ""sl_mult_lr"": 2.6, ""sl_mult_sm"": 1.4, ""sl_mult_sr"": 2.6, ""time_stop"": 22, ""tp_mult_lm"": 5.5, ""tp_mult_lr"": 13.2, ""tp_mult_sm"": 6.2, ""tp_mult_sr"": 5.2, ""trail_mult"": 3.2, ""trail_tp"": true, ""use_trailing"": true}",{},
319,-1000000000.0,TrialState.COMPLETE,2026-04-01T02:14:52.823289,2026-04-01T02:14:52.886296,0.063007,"{""atr_window"": 17, ""bb_std_dev"": 2.05, ""bb_window"": 16, ""cooldown"": 5, ""macd_fast"": 14, ""macd_k"": 1.35, ""macd_k_mid"": 0.7, ""macd_signal"": 9, ""macd_slow"": 43, ""macd_std_window"": 72, ""rebalance_freq"": 90, ""rebounce_block"": 2, ""sl_mult_lm"": 2.0, ""sl_mult_lr"": 2.6, ""sl_mult_sm"": 1.7000000000000002, ""sl_mult_sr"": 1.8, ""time_stop"": 16, ""tp_mult_lm"": 5.0, ""tp_mult_lr"": 9.8, ""tp_mult_sm"": 6.800000000000001, ""tp_mult_sr"": 4.5, ""trail_mult"": 1.5, ""trail_tp"": false, ""use_trailing"": true}",{},
320,-1000000000.0,TrialState.COMPLETE,2026-04-01T02:14:52.947281,2026-04-01T02:14:53.017608,0.070327,"{""atr_window"": 19, ""bb_std_dev"": 2.25, ""bb_window"": 15, ""cooldown"": 0, ""macd_fast"": 12, ""macd_k"": 1.9, ""macd_k_mid"": 0.5, ""macd_signal"": 8, ""macd_slow"": 44, ""macd_std_window"": 75, ""rebalance_freq"": 150, ""rebounce_block"": 4, ""sl_mult_lm"": 1.2, ""sl_mult_lr"": 2.4, ""sl_mult_sm"": 1.25, ""sl_mult_sr"": 2.1, ""time_stop"": 11, ""tp_mult_lm"": 5.9, ""tp_mult_lr"": 12.600000000000001, ""tp_mult_sm"": 4.1, ""tp_mult_sr"": 3.2, ""trail_mult"": 3.9000000000000004, ""trail_tp"": true, ""use_trailing"": false}",{},
321,-1000000000.0,TrialState.COMPLETE,2026-04-01T02:14:53.082418,2026-04-01T02:14:55.684776,2.602358,"{""atr_window"": 18, ""bb_std_dev"": 1.9, ""bb_window"": 25, ""cooldown"": 1, ""macd_fast"": 16, ""macd_k"": 1.1, ""macd_k_mid"": 0.6, ""macd_signal"": 7, ""macd_slow"": 37, ""macd_std_window"": 94, ""rebalance_freq"": 120, ""rebounce_block"": 6, ""sl_mult_lm"": 1.25, ""sl_mult_lr"": 2.9, ""sl_mult_sm"": 1.0, ""sl_mult_sr"": 2.7, ""time_stop"": 29, ""tp_mult_lm"": 5.3, ""tp_mult_lr"": 13.600000000000001, ""tp_mult_sm"": 4.6, ""tp_mult_sr"": 6.0, ""trail_mult"": 3.0, ""trail_tp"": false, ""use_trailing"": true}",{},
322,-1000000000.0,TrialState.COMPLETE,2026-04-01T02:14:55.746846,2026-04-01T02:14:58.346713,2.599867,"{""atr_window"": 20, ""bb_std_dev"": 1.7, ""bb_window"": 14, ""cooldown"": 4, ""macd_fast"": 20, ""macd_k"": 1.65, ""macd_k_mid"": 0.6, ""macd_signal"": 9, ""macd_slow"": 38, ""macd_std_window"": 80, ""rebalance_freq"": 180, ""rebounce_block"": 1, ""sl_mult_lm"": 1.35, ""sl_mult_lr"": 2.5, ""sl_mult_sm"": 2.0, ""sl_mult_sr"": 2.2, ""time_stop"": 8, ""tp_mult_lm"": 4.9, ""tp_mult_lr"": 16.8, ""tp_mult_sm"": 4.4, ""tp_mult_sr"": 3.9, ""trail_mult"": 4.0, ""trail_tp"": true, ""use_trailing"": true}",{},
323,-1000000000.0,TrialState.COMPLETE,2026-04-01T02:14:58.380797,2026-04-01T02:14:58.405391,0.024594,"{""atr_window"": 19, ""bb_std_dev"": 2.5, ""bb_window"": 14, ""cooldown"": 3, ""macd_fast"": 18, ""macd_k"": 1.85, ""macd_k_mid"": 0.8, ""macd_signal"": 7, ""macd_slow"": 41, ""macd_std_window"": 97, ""rebalance_freq"": 30, ""rebounce_block"": 5, ""sl_mult_lm"": 1.1, ""sl_mult_lr"": 3.3, ""sl_mult_sm"": 1.85, ""sl_mult_sr"": 1.7, ""time_stop"": 20, ""tp_mult_lm"": 5.7, ""tp_mult_lr"": 10.8, ""tp_mult_sm"": 6.4, ""tp_mult_sr"": 6.300000000000001, ""trail_mult"": 2.4, ""trail_tp"": false, ""use_trailing"": true}",{},
324,-1000000000.0,TrialState.COMPLETE,2026-04-01T02:14:58.435997,2026-04-01T02:14:58.459703,0.023706,"{""atr_window"": 16, ""bb_std_dev"": 1.75, ""bb_window"": 19, ""cooldown"": 0, ""macd_fast"": 19, ""macd_k"": 1.6, ""macd_k_mid"": 0.55, ""macd_signal"": 8, ""macd_slow"": 42, ""macd_std_window"": 82, ""rebalance_freq"": 150, ""rebounce_block"": 3, ""sl_mult_lm"": 1.4, ""sl_mult_lr"": 4.9, ""sl_mult_sm"": 1.55, ""sl_mult_sr"": 2.3, ""time_stop"": 17, ""tp_mult_lm"": 4.3, ""tp_mult_lr"": 11.8, ""tp_mult_sm"": 4.0, ""tp_mult_sr"": 5.0, ""trail_mult"": 3.1, ""trail_tp"": false, ""use_trailing"": false}",{},
325,-1000000000.0,TrialState.COMPLETE,2026-04-01T02:14:58.489031,2026-04-01T02:14:58.512712,0.023681,"{""atr_window"": 12, ""bb_std_dev"": 2.35, ""bb_window"": 15, ""cooldown"": 1, ""macd_fast"": 14, ""macd_k"": 1.9500000000000002, ""macd_k_mid"": 0.65, ""macd_signal"": 10, ""macd_slow"": 44, ""macd_std_window"": 79, ""rebalance_freq"": 90, ""rebounce_block"": 2, ""sl_mult_lm"": 1.85, ""sl_mult_lr"": 2.4, ""sl_mult_sm"": 1.9, ""sl_mult_sr"": 1.5, ""time_stop"": 0, ""tp_mult_lm"": 5.4, ""tp_mult_lr"": 9.6, ""tp_mult_sm"": 3.0, ""tp_mult_sr"": 5.800000000000001, ""trail_mult"": 2.1, ""trail_tp"": true, ""use_trailing"": true}",{},
326,-1000000000.0,TrialState.COMPLETE,2026-04-01T02:14:58.541445,2026-04-01T02:14:58.564972,0.023527,"{""atr_window"": 13, ""bb_std_dev"": 2.2, ""bb_window"": 17, ""cooldown"": 2, ""macd_fast"": 13, ""macd_k"": 1.15, ""macd_k_mid"": 0.5, ""macd_signal"": 8, ""macd_slow"": 40, ""macd_std_window"": 70, ""rebalance_freq"": 180, ""rebounce_block"": 6, ""sl_mult_lm"": 2.0, ""sl_mult_lr"": 2.3, ""sl_mult_sm"": 1.9500000000000002, ""sl_mult_sr"": 1.6, ""time_stop"": 18, ""tp_mult_lm"": 4.8, ""tp_mult_lr"": 14.4, ""tp_mult_sm"": 7.0, ""tp_mult_sr"": 4.7, ""trail_mult"": 2.2, ""trail_tp"": false, ""use_trailing"": true}",{},
327,-1000000000.0,TrialState.COMPLETE,2026-04-01T02:14:58.594394,2026-04-01T02:14:58.617460,0.023066,"{""atr_window"": 15, ""bb_std_dev"": 2.3, ""bb_window"": 18, ""cooldown"": 4, ""macd_fast"": 11, ""macd_k"": 1.0, ""macd_k_mid"": 0.7, ""macd_signal"": 7, ""macd_slow"": 36, ""macd_std_window"": 71, ""rebalance_freq"": 60, ""rebounce_block"": 5, ""sl_mult_lm"": 2.1, ""sl_mult_lr"": 3.5, ""sl_mult_sm"": 1.85, ""sl_mult_sr"": 2.0, ""time_stop"": 25, ""tp_mult_lm"": 5.1, ""tp_mult_lr"": 13.0, ""tp_mult_sm"": 5.9, ""tp_mult_sr"": 5.9, ""trail_mult"": 2.6, ""trail_tp"": true, ""use_trailing"": true}",{},
328,-1000000000.0,TrialState.COMPLETE,2026-04-01T02:14:58.646573,2026-04-01T02:14:58.687167,0.040594,"{""atr_window"": 14, ""bb_std_dev"": 1.8499999999999999, ""bb_window"": 16, ""cooldown"": 2, ""macd_fast"": 15, ""macd_k"": 1.5, ""macd_k_mid"": 0.75, ""macd_signal"": 8, ""macd_slow"": 39, ""macd_std_window"": 89, ""rebalance_freq"": 120, ""rebounce_block"": 4, ""sl_mult_lm"": 1.55, ""sl_mult_lr"": 3.0, ""sl_mult_sm"": 1.8, ""sl_mult_sr"": 1.8, ""time_stop"": 21, ""tp_mult_lm"": 4.7, ""tp_mult_lr"": 10.0, ""tp_mult_sm"": 3.5, ""tp_mult_sr"": 6.1, ""trail_mult"": 1.9, ""trail_tp"": false, ""use_trailing"": false}",{},
329,-1000000000.0,TrialState.COMPLETE,2026-04-01T02:14:58.713398,2026-04-01T02:14:58.745616,0.032218,"{""atr_window"": 17, ""bb_std_dev"": 1.45, ""bb_window"": 22, ""cooldown"": 1, ""macd_fast"": 10, ""macd_k"": 1.75, ""macd_k_mid"": 0.95, ""macd_signal"": 9, ""macd_slow"": 42, ""macd_std_window"": 98, ""rebalance_freq"": 150, ""rebounce_block"": 6, ""sl_mult_lm"": 1.45, ""sl_mult_lr"": 2.1, ""sl_mult_sm"": 1.7000000000000002, ""sl_mult_sr"": 3.3, ""time_stop"": 9, ""tp_mult_lm"": 4.4, ""tp_mult_lr"": 12.8, ""tp_mult_sm"": 5.5, ""tp_mult_sr"": 3.7, ""trail_mult"": 3.3, ""trail_tp"": true, ""use_trailing"": true}",{},
330,-1000000000.0,TrialState.COMPLETE,2026-04-01T02:14:58.777887,2026-04-01T02:15:01.256958,2.479071,"{""atr_window"": 13, ""bb_std_dev"": 2.0, ""bb_window"": 14, ""cooldown"": 5, ""macd_fast"": 17, ""macd_k"": 1.25, ""macd_k_mid"": 0.65, ""macd_signal"": 10, ""macd_slow"": 35, ""macd_std_window"": 99, ""rebalance_freq"": 30, ""rebounce_block"": 3, ""sl_mult_lm"": 2.2, ""sl_mult_lr"": 2.5, ""sl_mult_sm"": 1.75, ""sl_mult_sr"": 1.9, ""time_stop"": 15, ""tp_mult_lm"": 5.0, ""tp_mult_lr"": 12.0, ""tp_mult_sm"": 4.3, ""tp_mult_sr"": 3.8, ""trail_mult"": 2.5, ""trail_tp"": false, ""use_trailing"": true}",{},
331,-1000000000.0,TrialState.COMPLETE,2026-04-01T02:15:01.288457,2026-04-01T02:15:01.313235,0.024778,"{""atr_window"": 11, ""bb_std_dev"": 2.15, ""bb_window"": 24, ""cooldown"": 3, ""macd_fast"": 12, ""macd_k"": 1.4, ""macd_k_mid"": 0.55, ""macd_signal"": 6, ""macd_slow"": 43, ""macd_std_window"": 76, ""rebalance_freq"": 150, ""rebounce_block"": 2, ""sl_mult_lm"": 1.8, ""sl_mult_lr"": 4.800000000000001, ""sl_mult_sm"": 1.65, ""sl_mult_sr"": 2.2, ""time_stop"": 10, ""tp_mult_lm"": 6.0, ""tp_mult_lr"": 12.4, ""tp_mult_sm"": 5.6, ""tp_mult_sr"": 4.4, ""trail_mult"": 3.2, ""trail_tp"": true, ""use_trailing"": true}",{},
332,-1000000000.0,TrialState.COMPLETE,2026-04-01T02:15:01.344797,2026-04-01T02:15:03.837496,2.492699,"{""atr_window"": 16, ""bb_std_dev"": 1.65, ""bb_window"": 20, ""cooldown"": 0, ""macd_fast"": 16, ""macd_k"": 1.05, ""macd_k_mid"": 0.55, ""macd_signal"": 7, ""macd_slow"": 37, ""macd_std_window"": 88, ""rebalance_freq"": 120, ""rebounce_block"": 5, ""sl_mult_lm"": 1.9500000000000002, ""sl_mult_lr"": 3.4000000000000004, ""sl_mult_sm"": 1.5, ""sl_mult_sr"": 2.5, ""time_stop"": 20, ""tp_mult_lm"": 4.0, ""tp_mult_lr"": 8.4, ""tp_mult_sm"": 4.5, ""tp_mult_sr"": 3.1, ""trail_mult"": 2.3, ""trail_tp"": false, ""use_trailing"": false}",{},
333,-1000000000.0,TrialState.COMPLETE,2026-04-01T02:15:03.876455,2026-04-01T02:15:03.904205,0.02775,"{""atr_window"": 19, ""bb_std_dev"": 1.7999999999999998, ""bb_window"": 15, ""cooldown"": 2, ""macd_fast"": 11, ""macd_k"": 1.3, ""macd_k_mid"": 0.8500000000000001, ""macd_signal"": 8, ""macd_slow"": 44, ""macd_std_window"": 91, ""rebalance_freq"": 180, ""rebounce_block"": 0, ""sl_mult_lm"": 2.1500000000000004, ""sl_mult_lr"": 2.7, ""sl_mult_sm"": 1.4, ""sl_mult_sr"": 1.6, ""time_stop"": 13, ""tp_mult_lm"": 5.6, ""tp_mult_lr"": 13.4, ""tp_mult_sm"": 6.5, ""tp_mult_sr"": 6.9, ""trail_mult"": 2.0, ""trail_tp"": true, ""use_trailing"": true}",{},
334,-1000000000.0,TrialState.COMPLETE,2026-04-01T02:15:03.937431,2026-04-01T02:15:06.484387,2.546956,"{""atr_window"": 20, ""bb_std_dev"": 1.5, ""bb_window"": 14, ""cooldown"": 1, ""macd_fast"": 20, ""macd_k"": 1.15, ""macd_k_mid"": 0.6, ""macd_signal"": 9, ""macd_slow"": 40, ""macd_std_window"": 95, ""rebalance_freq"": 90, ""rebounce_block"": 5, ""sl_mult_lm"": 1.9, ""sl_mult_lr"": 3.1, ""sl_mult_sm"": 1.6, ""sl_mult_sr"": 1.5, ""time_stop"": 7, ""tp_mult_lm"": 5.1, ""tp_mult_lr"": 14.0, ""tp_mult_sm"": 5.300000000000001, ""tp_mult_sr"": 6.4, ""trail_mult"": 3.8000000000000003, ""trail_tp"": false, ""use_trailing"": true}",{},
335,-1000000000.0,TrialState.COMPLETE,2026-04-01T02:15:06.524629,2026-04-01T02:15:06.549898,0.025269,"{""atr_window"": 14, ""bb_std_dev"": 1.5999999999999999, ""bb_window"": 17, ""cooldown"": 3, ""macd_fast"": 12, ""macd_k"": 1.55, ""macd_k_mid"": 0.5, ""macd_signal"": 10, ""macd_slow"": 43, ""macd_std_window"": 92, ""rebalance_freq"": 150, ""rebounce_block"": 6, ""sl_mult_lm"": 1.1, ""sl_mult_lr"": 2.6, ""sl_mult_sm"": 1.35, ""sl_mult_sr"": 2.1, ""time_stop"": 14, ""tp_mult_lm"": 4.5, ""tp_mult_lr"": 14.600000000000001, ""tp_mult_sm"": 3.1, ""tp_mult_sr"": 5.300000000000001, ""trail_mult"": 1.9, ""trail_tp"": true, ""use_trailing"": false}",{},
336,-1000000000.0,TrialState.COMPLETE,2026-04-01T02:15:06.581029,2026-04-01T02:15:06.606245,0.025216,"{""atr_window"": 18, ""bb_std_dev"": 2.35, ""bb_window"": 21, ""cooldown"": 4, ""macd_fast"": 14, ""macd_k"": 1.65, ""macd_k_mid"": 0.7, ""macd_signal"": 5, ""macd_slow"": 41, ""macd_std_window"": 84, ""rebalance_freq"": 60, ""rebounce_block"": 4, ""sl_mult_lm"": 1.35, ""sl_mult_lr"": 2.3, ""sl_mult_sm"": 1.15, ""sl_mult_sr"": 1.7, ""time_stop"": 24, ""tp_mult_lm"": 5.2, ""tp_mult_lr"": 16.0, ""tp_mult_sm"": 3.7, ""tp_mult_sr"": 5.6, ""trail_mult"": 2.8, ""trail_tp"": false, ""use_trailing"": true}",{},
337,-1000000000.0,TrialState.COMPLETE,2026-04-01T02:15:06.638166,2026-04-01T02:15:06.676534,0.038368,"{""atr_window"": 15, ""bb_std_dev"": 1.95, ""bb_window"": 14, ""cooldown"": 2, ""macd_fast"": 13, ""macd_k"": 1.35, ""macd_k_mid"": 0.55, ""macd_signal"": 8, ""macd_slow"": 44, ""macd_std_window"": 100, ""rebalance_freq"": 180, ""rebounce_block"": 3, ""sl_mult_lm"": 1.75, ""sl_mult_lr"": 2.4, ""sl_mult_sm"": 1.3, ""sl_mult_sr"": 1.5, ""time_stop"": 19, ""tp_mult_lm"": 3.9, ""tp_mult_lr"": 15.600000000000001, ""tp_mult_sm"": 5.800000000000001, ""tp_mult_sr"": 6.7, ""trail_mult"": 2.9000000000000004, ""trail_tp"": true, ""use_trailing"": true}",{},
338,-1000000000.0,TrialState.COMPLETE,2026-04-01T02:15:06.707633,2026-04-01T02:15:06.731771,0.024138,"{""atr_window"": 16, ""bb_std_dev"": 2.45, ""bb_window"": 19, ""cooldown"": 0, ""macd_fast"": 15, ""macd_k"": 2.0, ""macd_k_mid"": 0.6, ""macd_signal"": 9, ""macd_slow"": 42, ""macd_std_window"": 83, ""rebalance_freq"": 30, ""rebounce_block"": 6, ""sl_mult_lm"": 1.7000000000000002, ""sl_mult_lr"": 4.2, ""sl_mult_sm"": 2.0, ""sl_mult_sr"": 1.8, ""time_stop"": 15, ""tp_mult_lm"": 3.6, ""tp_mult_lr"": 8.2, ""tp_mult_sm"": 4.9, ""tp_mult_sr"": 4.2, ""trail_mult"": 2.2, ""trail_tp"": false, ""use_trailing"": true}",{},
339,-1000000000.0,TrialState.COMPLETE,2026-04-01T02:15:06.774647,2026-04-01T02:15:09.200539,2.425892,"{""atr_window"": 20, ""bb_std_dev"": 2.4, ""bb_window"": 16, ""cooldown"": 1, ""macd_fast"": 18, ""macd_k"": 1.55, ""macd_k_mid"": 0.65, ""macd_signal"": 7, ""macd_slow"": 36, ""macd_std_window"": 90, ""rebalance_freq"": 90, ""rebounce_block"": 1, ""sl_mult_lm"": 1.05, ""sl_mult_lr"": 2.0, ""sl_mult_sm"": 1.45, ""sl_mult_sr"": 2.0, ""time_stop"": 9, ""tp_mult_lm"": 5.5, ""tp_mult_lr"": 13.2, ""tp_mult_sm"": 4.2, ""tp_mult_sr"": 3.6, ""trail_mult"": 3.7, ""trail_tp"": true, ""use_trailing"": false}",{},
340,-1000000000.0,TrialState.COMPLETE,2026-04-01T02:15:09.225724,2026-04-01T02:15:09.247920,0.022196,"{""atr_window"": 14, ""bb_std_dev"": 2.5, ""bb_window"": 15, ""cooldown"": 5, ""macd_fast"": 16, ""macd_k"": 1.45, ""macd_k_mid"": 0.8, ""macd_signal"": 8, ""macd_slow"": 40, ""macd_std_window"": 86, ""rebalance_freq"": 150, ""rebounce_block"": 5, ""sl_mult_lm"": 1.3, ""sl_mult_lr"": 2.8, ""sl_mult_sm"": 1.05, ""sl_mult_sr"": 2.9000000000000004, ""time_stop"": 23, ""tp_mult_lm"": 5.800000000000001, ""tp_mult_lr"": 12.600000000000001, ""tp_mult_sm"": 6.7, ""tp_mult_sr"": 4.7, ""trail_mult"": 2.0, ""trail_tp"": false, ""use_trailing"": true}",{},
341,-1000000000.0,TrialState.COMPLETE,2026-04-01T02:15:09.277937,2026-04-01T02:15:09.302262,0.024325,"{""atr_window"": 11, ""bb_std_dev"": 2.2, ""bb_window"": 18, ""cooldown"": 4, ""macd_fast"": 19, ""macd_k"": 1.1, ""macd_k_mid"": 0.75, ""macd_signal"": 7, ""macd_slow"": 44, ""macd_std_window"": 74, ""rebalance_freq"": 120, ""rebounce_block"": 2, ""sl_mult_lm"": 1.0, ""sl_mult_lr"": 3.2, ""sl_mult_sm"": 1.2, ""sl_mult_sr"": 2.4, ""time_stop"": 22, ""tp_mult_lm"": 4.9, ""tp_mult_lr"": 9.4, ""tp_mult_sm"": 6.6, ""tp_mult_sr"": 3.9, ""trail_mult"": 3.6, ""trail_tp"": true, ""use_trailing"": true}",{},
342,-1000000000.0,TrialState.COMPLETE,2026-04-01T02:15:09.332678,2026-04-01T02:15:11.767895,2.435217,"{""atr_window"": 15, ""bb_std_dev"": 2.1, ""bb_window"": 24, ""cooldown"": 1, ""macd_fast"": 17, ""macd_k"": 1.2, ""macd_k_mid"": 0.5, ""macd_signal"": 6, ""macd_slow"": 38, ""macd_std_window"": 77, ""rebalance_freq"": 180, ""rebounce_block"": 1, ""sl_mult_lm"": 1.15, ""sl_mult_lr"": 4.1, ""sl_mult_sm"": 1.9500000000000002, ""sl_mult_sr"": 2.3, ""time_stop"": 10, ""tp_mult_lm"": 3.8, ""tp_mult_lr"": 12.2, ""tp_mult_sm"": 6.2, ""tp_mult_sr"": 4.6, ""trail_mult"": 2.3, ""trail_tp"": false, ""use_trailing"": true}",{},
343,-1000000000.0,TrialState.COMPLETE,2026-04-01T02:15:11.796441,2026-04-01T02:15:11.820251,0.02381,"{""atr_window"": 18, ""bb_std_dev"": 1.75, ""bb_window"": 14, ""cooldown"": 3, ""macd_fast"": 12, ""macd_k"": 1.7000000000000002, ""macd_k_mid"": 0.55, ""macd_signal"": 9, ""macd_slow"": 39, ""macd_std_window"": 81, ""rebalance_freq"": 150, ""rebounce_block"": 3, ""sl_mult_lm"": 2.05, ""sl_mult_lr"": 4.7, ""sl_mult_sm"": 1.65, ""sl_mult_sr"": 3.2, ""time_stop"": 26, ""tp_mult_lm"": 5.7, ""tp_mult_lr"": 10.4, ""tp_mult_sm"": 3.4, ""tp_mult_sr"": 4.9, ""trail_mult"": 3.0, ""trail_tp"": true, ""use_trailing"": false}",{},
344,-1000000000.0,TrialState.COMPLETE,2026-04-01T02:15:11.856622,2026-04-01T02:15:11.880269,0.023647,"{""atr_window"": 14, ""bb_std_dev"": 1.5499999999999998, ""bb_window"": 15, ""cooldown"": 2, ""macd_fast"": 20, ""macd_k"": 1.5, ""macd_k_mid"": 0.95, ""macd_signal"": 8, ""macd_slow"": 43, ""macd_std_window"": 85, ""rebalance_freq"": 120, ""rebounce_block"": 6, ""sl_mult_lm"": 1.2, ""sl_mult_lr"": 2.5, ""sl_mult_sm"": 1.8, ""sl_mult_sr"": 2.1, ""time_stop"": 11, ""tp_mult_lm"": 4.1, ""tp_mult_lr"": 13.8, ""tp_mult_sm"": 6.0, ""tp_mult_sr"": 5.0, ""trail_mult"": 3.1, ""trail_tp"": false, ""use_trailing"": true}",{},
