number,value,state,datetime_start,datetime_complete,duration_seconds,params_json,fold_sharpes_json,avg_cv_sharpe
1549,-1000000000.0,TrialState.COMPLETE,2026-04-01T03:04:50.737509,2026-04-01T03:04:50.837414,0.099905,"{""atr_window"": 13, ""bb_std_dev"": 2.0, ""bb_window"": 15, ""cooldown"": 0, ""macd_fast"": 15, ""macd_k"": 1.6, ""macd_k_mid"": 0.7, ""macd_signal"": 8, ""macd_slow"": 40, ""macd_std_window"": 77, ""rebalance_freq"": 90, ""rebounce_block"": 2, ""sl_mult_lm"": 1.2, ""sl_mult_lr"": 4.800000000000001, ""sl_mult_sm"": 1.55, ""sl_mult_sr"": 1.7, ""time_stop"": 20, ""tp_mult_lm"": 5.1, ""tp_mult_lr"": 12.4, ""tp_mult_sm"": 6.4, ""tp_mult_sr"": 3.0, ""trail_mult"": 2.3, ""trail_tp"": false, ""use_trailing"": true}",{},
1550,-1000000000.0,TrialState.COMPLETE,2026-04-01T03:04:50.882351,2026-04-01T03:04:50.983575,0.101224,"{""atr_window"": 20, ""bb_std_dev"": 1.45, ""bb_window"": 19, ""cooldown"": 3, ""macd_fast"": 17, ""macd_k"": 1.5, ""macd_k_mid"": 0.5, ""macd_signal"": 9, ""macd_slow"": 41, ""macd_std_window"": 88, ""rebalance_freq"": 150, ""rebounce_block"": 3, ""sl_mult_lm"": 1.7000000000000002, ""sl_mult_lr"": 2.4, ""sl_mult_sm"": 1.75, ""sl_mult_sr"": 2.0, ""time_stop"": 8, ""tp_mult_lm"": 3.7, ""tp_mult_lr"": 13.2, ""tp_mult_sm"": 5.300000000000001, ""tp_mult_sr"": 4.7, ""trail_mult"": 3.9000000000000004, ""trail_tp"": true, ""use_trailing"": true}",{},
1551,-1000000000.0,TrialState.COMPLETE,2026-04-01T03:04:51.026669,2026-04-01T03:04:51.129262,0.102593,"{""atr_window"": 15, ""bb_std_dev"": 2.4, ""bb_window"": 23, ""cooldown"": 1, ""macd_fast"": 19, ""macd_k"": 1.05, ""macd_k_mid"": 0.6, ""macd_signal"": 7, ""macd_slow"": 42, ""macd_std_window"": 71, ""rebalance_freq"": 30, ""rebounce_block"": 6, ""sl_mult_lm"": 2.05, ""sl_mult_lr"": 4.1, ""sl_mult_sm"": 1.9500000000000002, ""sl_mult_sr"": 2.1, ""time_stop"": 15, ""tp_mult_lm"": 5.2, ""tp_mult_lr"": 14.0, ""tp_mult_sm"": 6.2, ""tp_mult_sr"": 3.9, ""trail_mult"": 3.2, ""trail_tp"": false, ""use_trailing"": false}",{},
1552,-1000000000.0,TrialState.COMPLETE,2026-04-01T03:04:51.170002,2026-04-01T03:04:51.281593,0.111591,"{""atr_window"": 17, ""bb_std_dev"": 2.45, ""bb_window"": 14, ""cooldown"": 2, ""macd_fast"": 13, ""macd_k"": 1.3, ""macd_k_mid"": 0.95, ""macd_signal"": 9, ""macd_slow"": 44, ""macd_std_window"": 84, ""rebalance_freq"": 180, ""rebounce_block"": 0, ""sl_mult_lm"": 2.2, ""sl_mult_lr"": 2.3, ""sl_mult_sm"": 1.15, ""sl_mult_sr"": 1.6, ""time_stop"": 25, ""tp_mult_lm"": 4.1, ""tp_mult_lr"": 11.0, ""tp_mult_sm"": 4.8, ""tp_mult_sr"": 6.2, ""trail_mult"": 3.5, ""trail_tp"": true, ""use_trailing"": true}",{},
1553,-1000000000.0,TrialState.COMPLETE,2026-04-01T03:04:51.327182,2026-04-01T03:04:55.492032,4.16485,"{""atr_window"": 16, ""bb_std_dev"": 2.1, ""bb_window"": 16, ""cooldown"": 1, ""macd_fast"": 14, ""macd_k"": 1.45, ""macd_k_mid"": 0.9, ""macd_signal"": 7, ""macd_slow"": 36, ""macd_std_window"": 86, ""rebalance_freq"": 150, ""rebounce_block"": 5, ""sl_mult_lm"": 1.35, ""sl_mult_lr"": 3.4000000000000004, ""sl_mult_sm"": 2.0, ""sl_mult_sr"": 2.6, ""time_stop"": 27, ""tp_mult_lm"": 3.9, ""tp_mult_lr"": 12.8, ""tp_mult_sm"": 7.0, ""tp_mult_sr"": 6.6, ""trail_mult"": 3.6, ""trail_tp"": false, ""use_trailing"": true}",{},
1554,-1000000000.0,TrialState.COMPLETE,2026-04-01T03:04:55.529057,2026-04-01T03:04:55.605643,0.076586,"{""atr_window"": 14, ""bb_std_dev"": 2.3, ""bb_window"": 17, ""cooldown"": 4, ""macd_fast"": 11, ""macd_k"": 1.15, ""macd_k_mid"": 0.6, ""macd_signal"": 8, ""macd_slow"": 43, ""macd_std_window"": 91, ""rebalance_freq"": 120, ""rebounce_block"": 4, ""sl_mult_lm"": 1.25, ""sl_mult_lr"": 2.1, ""sl_mult_sm"": 1.1, ""sl_mult_sr"": 2.2, ""time_stop"": 30, ""tp_mult_lm"": 5.4, ""tp_mult_lr"": 9.4, ""tp_mult_sm"": 5.7, ""tp_mult_sr"": 5.1, ""trail_mult"": 1.6, ""trail_tp"": true, ""use_trailing"": true}",{},
1555,-1000000000.0,TrialState.COMPLETE,2026-04-01T03:04:55.647857,2026-04-01T03:05:00.093899,4.446042,"{""atr_window"": 19, ""bb_std_dev"": 2.35, ""bb_window"": 14, ""cooldown"": 0, ""macd_fast"": 20, ""macd_k"": 1.0, ""macd_k_mid"": 0.55, ""macd_signal"": 6, ""macd_slow"": 39, ""macd_std_window"": 98, ""rebalance_freq"": 150, ""rebounce_block"": 5, ""sl_mult_lm"": 1.9500000000000002, ""sl_mult_lr"": 4.4, ""sl_mult_sm"": 1.25, ""sl_mult_sr"": 1.6, ""time_stop"": 22, ""tp_mult_lm"": 5.2, ""tp_mult_lr"": 12.0, ""tp_mult_sm"": 4.1, ""tp_mult_sr"": 5.7, ""trail_mult"": 2.0, ""trail_tp"": false, ""use_trailing"": false}",{},
1556,-1000000000.0,TrialState.COMPLETE,2026-04-01T03:05:00.148006,2026-04-01T03:05:00.262594,0.114588,"{""atr_window"": 18, ""bb_std_dev"": 1.95, ""bb_window"": 15, ""cooldown"": 5, ""macd_fast"": 12, ""macd_k"": 1.1, ""macd_k_mid"": 0.65, ""macd_signal"": 10, ""macd_slow"": 37, ""macd_std_window"": 94, ""rebalance_freq"": 180, ""rebounce_block"": 6, ""sl_mult_lm"": 2.0, ""sl_mult_lr"": 3.1, ""sl_mult_sm"": 1.0, ""sl_mult_sr"": 1.8, ""time_stop"": 23, ""tp_mult_lm"": 5.7, ""tp_mult_lr"": 10.2, ""tp_mult_sm"": 4.6, ""tp_mult_sr"": 5.4, ""trail_mult"": 3.1, ""trail_tp"": true, ""use_trailing"": true}",{},
1557,-1000000000.0,TrialState.COMPLETE,2026-04-01T03:05:00.314705,2026-04-01T03:05:00.439598,0.124893,"{""atr_window"": 17, ""bb_std_dev"": 1.75, ""bb_window"": 16, ""cooldown"": 1, ""macd_fast"": 15, ""macd_k"": 1.2, ""macd_k_mid"": 0.8500000000000001, ""macd_signal"": 9, ""macd_slow"": 40, ""macd_std_window"": 97, ""rebalance_freq"": 60, ""rebounce_block"": 0, ""sl_mult_lm"": 1.35, ""sl_mult_lr"": 2.9, ""sl_mult_sm"": 1.85, ""sl_mult_sr"": 2.3, ""time_stop"": 5, ""tp_mult_lm"": 5.3, ""tp_mult_lr"": 11.4, ""tp_mult_sm"": 3.6, ""tp_mult_sr"": 3.2, ""trail_mult"": 2.1, ""trail_tp"": false, ""use_trailing"": true}",{},
1558,-1000000000.0,TrialState.COMPLETE,2026-04-01T03:05:00.498355,2026-04-01T03:05:00.619546,0.121191,"{""atr_window"": 12, ""bb_std_dev"": 2.1, ""bb_window"": 21, ""cooldown"": 3, ""macd_fast"": 10, ""macd_k"": 1.75, ""macd_k_mid"": 0.7, ""macd_signal"": 8, ""macd_slow"": 44, ""macd_std_window"": 70, ""rebalance_freq"": 90, ""rebounce_block"": 3, ""sl_mult_lm"": 1.2, ""sl_mult_lr"": 3.7, ""sl_mult_sm"": 1.8, ""sl_mult_sr"": 1.5, ""time_stop"": 15, ""tp_mult_lm"": 3.8, ""tp_mult_lr"": 8.2, ""tp_mult_sm"": 3.4, ""tp_mult_sr"": 3.5, ""trail_mult"": 2.4, ""trail_tp"": true, ""use_trailing"": false}",{},
1559,-1000000000.0,TrialState.COMPLETE,2026-04-01T03:05:00.669795,2026-04-01T03:05:05.417400,4.747605,"{""atr_window"": 13, ""bb_std_dev"": 2.2, ""bb_window"": 18, ""cooldown"": 2, ""macd_fast"": 19, ""macd_k"": 1.25, ""macd_k_mid"": 1.0, ""macd_signal"": 9, ""macd_slow"": 41, ""macd_std_window"": 79, ""rebalance_freq"": 30, ""rebounce_block"": 1, ""sl_mult_lm"": 1.0, ""sl_mult_lr"": 2.4, ""sl_mult_sm"": 1.5, ""sl_mult_sr"": 2.8, ""time_stop"": 1, ""tp_mult_lm"": 5.6, ""tp_mult_lr"": 12.2, ""tp_mult_sm"": 4.4, ""tp_mult_sr"": 5.9, ""trail_mult"": 2.8, ""trail_tp"": false, ""use_trailing"": true}",{},
1560,-1000000000.0,TrialState.COMPLETE,2026-04-01T03:05:05.461020,2026-04-01T03:05:05.560872,0.099852,"{""atr_window"": 20, ""bb_std_dev"": 1.4, ""bb_window"": 20, ""cooldown"": 1, ""macd_fast"": 20, ""macd_k"": 1.7000000000000002, ""macd_k_mid"": 0.55, ""macd_signal"": 7, ""macd_slow"": 43, ""macd_std_window"": 89, ""rebalance_freq"": 180, ""rebounce_block"": 2, ""sl_mult_lm"": 1.3, ""sl_mult_lr"": 2.6, ""sl_mult_sm"": 1.2, ""sl_mult_sr"": 2.1, ""time_stop"": 10, ""tp_mult_lm"": 5.800000000000001, ""tp_mult_lr"": 9.6, ""tp_mult_sm"": 3.0, ""tp_mult_sr"": 4.8, ""trail_mult"": 1.9, ""trail_tp"": true, ""use_trailing"": true}",{},
1561,-1000000000.0,TrialState.COMPLETE,2026-04-01T03:05:05.606749,2026-04-01T03:05:10.400645,4.793896,"{""atr_window"": 16, ""bb_std_dev"": 2.5, ""bb_window"": 14, ""cooldown"": 0, ""macd_fast"": 16, ""macd_k"": 1.55, ""macd_k_mid"": 0.5, ""macd_signal"": 8, ""macd_slow"": 35, ""macd_std_window"": 90, ""rebalance_freq"": 150, ""rebounce_block"": 4, ""sl_mult_lm"": 2.1500000000000004, ""sl_mult_lr"": 2.3, ""sl_mult_sm"": 1.45, ""sl_mult_sr"": 2.4, ""time_stop"": 9, ""tp_mult_lm"": 5.9, ""tp_mult_lr"": 15.600000000000001, ""tp_mult_sm"": 4.0, ""tp_mult_sr"": 4.3, ""trail_mult"": 2.2, ""trail_tp"": false, ""use_trailing"": true}",{},
1562,-1000000000.0,TrialState.COMPLETE,2026-04-01T03:05:10.445302,2026-04-01T03:05:15.380696,4.935394,"{""atr_window"": 18, ""bb_std_dev"": 2.25, ""bb_window"": 22, ""cooldown"": 4, ""macd_fast"": 17, ""macd_k"": 1.6, ""macd_k_mid"": 0.55, ""macd_signal"": 8, ""macd_slow"": 37, ""macd_std_window"": 83, ""rebalance_freq"": 120, ""rebounce_block"": 6, ""sl_mult_lm"": 1.45, ""sl_mult_lr"": 5.0, ""sl_mult_sm"": 1.9, ""sl_mult_sr"": 1.7, ""time_stop"": 6, ""tp_mult_lm"": 4.7, ""tp_mult_lr"": 12.600000000000001, ""tp_mult_sm"": 6.4, ""tp_mult_sr"": 5.300000000000001, ""trail_mult"": 3.2, ""trail_tp"": true, ""use_trailing"": false}",{},
1563,-1000000000.0,TrialState.COMPLETE,2026-04-01T03:05:15.426454,2026-04-01T03:05:15.530505,0.104051,"{""atr_window"": 14, ""bb_std_dev"": 1.7, ""bb_window"": 15, ""cooldown"": 2, ""macd_fast"": 12, ""macd_k"": 1.65, ""macd_k_mid"": 0.6, ""macd_signal"": 10, ""macd_slow"": 38, ""macd_std_window"": 81, ""rebalance_freq"": 90, ""rebounce_block"": 5, ""sl_mult_lm"": 1.9, ""sl_mult_lr"": 3.0, ""sl_mult_sm"": 1.6, ""sl_mult_sr"": 3.0, ""time_stop"": 21, ""tp_mult_lm"": 4.0, ""tp_mult_lr"": 10.0, ""tp_mult_sm"": 4.5, ""tp_mult_sr"": 4.5, ""trail_mult"": 2.9000000000000004, ""trail_tp"": false, ""use_trailing"": true}",{},
1564,-1000000000.0,TrialState.COMPLETE,2026-04-01T03:05:15.573866,2026-04-01T03:05:20.412211,4.838345,"{""atr_window"": 11, ""bb_std_dev"": 2.15, ""bb_window"": 25, ""cooldown"": 1, ""macd_fast"": 14, ""macd_k"": 1.4, ""macd_k_mid"": 0.65, ""macd_signal"": 5, ""macd_slow"": 36, ""macd_std_window"": 88, ""rebalance_freq"": 150, ""rebounce_block"": 3, ""sl_mult_lm"": 1.85, ""sl_mult_lr"": 2.2, ""sl_mult_sm"": 1.75, ""sl_mult_sr"": 1.9, ""time_stop"": 20, ""tp_mult_lm"": 4.8, ""tp_mult_lr"": 14.8, ""tp_mult_sm"": 3.5, ""tp_mult_sr"": 3.0, ""trail_mult"": 2.2, ""trail_tp"": true, ""use_trailing"": true}",{},
1565,-1000000000.0,TrialState.COMPLETE,2026-04-01T03:05:20.454843,2026-04-01T03:05:20.541171,0.086328,"{""atr_window"": 15, ""bb_std_dev"": 2.4, ""bb_window"": 16, ""cooldown"": 3, ""macd_fast"": 14, ""macd_k"": 1.0, ""macd_k_mid"": 0.55, ""macd_signal"": 6, ""macd_slow"": 41, ""macd_std_window"": 82, ""rebalance_freq"": 180, ""rebounce_block"": 2, ""sl_mult_lm"": 1.05, ""sl_mult_lr"": 2.5, ""sl_mult_sm"": 1.65, ""sl_mult_sr"": 1.5, ""time_stop"": 11, ""tp_mult_lm"": 3.5, ""tp_mult_lr"": 11.2, ""tp_mult_sm"": 3.8, ""tp_mult_sr"": 4.1, ""trail_mult"": 1.8, ""trail_tp"": true, ""use_trailing"": true}",{},
1566,-1000000000.0,TrialState.COMPLETE,2026-04-01T03:05:20.585442,2026-04-01T03:05:20.689410,0.103968,"{""atr_window"": 20, ""bb_std_dev"": 2.05, ""bb_window"": 17, ""cooldown"": 0, ""macd_fast"": 18, ""macd_k"": 1.1, ""macd_k_mid"": 0.75, ""macd_signal"": 9, ""macd_slow"": 42, ""macd_std_window"": 92, ""rebalance_freq"": 120, ""rebounce_block"": 5, ""sl_mult_lm"": 1.1, ""sl_mult_lr"": 3.2, ""sl_mult_sm"": 1.55, ""sl_mult_sr"": 3.4000000000000004, ""time_stop"": 24, ""tp_mult_lm"": 5.0, ""tp_mult_lr"": 8.4, ""tp_mult_sm"": 6.800000000000001, ""tp_mult_sr"": 4.6, ""trail_mult"": 3.0, ""trail_tp"": false, ""use_trailing"": false}",{},
1567,-1000000000.0,TrialState.COMPLETE,2026-04-01T03:05:20.740447,2026-04-01T03:05:20.842850,0.102403,"{""atr_window"": 16, ""bb_std_dev"": 1.65, ""bb_window"": 14, ""cooldown"": 2, ""macd_fast"": 13, ""macd_k"": 1.05, ""macd_k_mid"": 0.5, ""macd_signal"": 9, ""macd_slow"": 39, ""macd_std_window"": 100, ""rebalance_freq"": 30, ""rebounce_block"": 0, ""sl_mult_lm"": 2.0, ""sl_mult_lr"": 2.8, ""sl_mult_sm"": 1.85, ""sl_mult_sr"": 3.2, ""time_stop"": 0, ""tp_mult_lm"": 5.7, ""tp_mult_lr"": 11.8, ""tp_mult_sm"": 5.5, ""tp_mult_sr"": 3.6, ""trail_mult"": 2.1, ""trail_tp"": true, ""use_trailing"": true}",{},
1568,-1000000000.0,TrialState.COMPLETE,2026-04-01T03:05:20.888765,2026-04-01T03:05:20.996102,0.107337,"{""atr_window"": 14, ""bb_std_dev"": 1.5499999999999998, ""bb_window"": 14, ""cooldown"": 1, ""macd_fast"": 15, ""macd_k"": 1.5, ""macd_k_mid"": 0.7, ""macd_signal"": 7, ""macd_slow"": 43, ""macd_std_window"": 93, ""rebalance_freq"": 60, ""rebounce_block"": 1, ""sl_mult_lm"": 1.4, ""sl_mult_lr"": 2.7, ""sl_mult_sm"": 1.3, ""sl_mult_sr"": 1.8, ""time_stop"": 17, ""tp_mult_lm"": 6.0, ""tp_mult_lr"": 13.4, ""tp_mult_sm"": 3.2, ""tp_mult_sr"": 6.5, ""trail_mult"": 3.4000000000000004, ""trail_tp"": false, ""use_trailing"": true}",{},
1569,-1000000000.0,TrialState.COMPLETE,2026-04-01T03:05:21.040777,2026-04-01T03:05:21.148663,0.107886,"{""atr_window"": 18, ""bb_std_dev"": 2.45, ""bb_window"": 23, ""cooldown"": 4, ""macd_fast"": 11, ""macd_k"": 1.15, ""macd_k_mid"": 0.8, ""macd_signal"": 8, ""macd_slow"": 40, ""macd_std_window"": 87, ""rebalance_freq"": 150, ""rebounce_block"": 4, ""sl_mult_lm"": 1.65, ""sl_mult_lr"": 2.6, ""sl_mult_sm"": 1.05, ""sl_mult_sr"": 2.0, ""time_stop"": 19, ""tp_mult_lm"": 5.4, ""tp_mult_lr"": 9.8, ""tp_mult_sm"": 6.300000000000001, ""tp_mult_sr"": 3.8, ""trail_mult"": 3.7, ""trail_tp"": true, ""use_trailing"": true}",{},
1570,-1000000000.0,TrialState.COMPLETE,2026-04-01T03:05:21.196841,2026-04-01T03:05:21.324509,0.127668,"{""atr_window"": 19, ""bb_std_dev"": 1.5999999999999999, ""bb_window"": 15, ""cooldown"": 5, ""macd_fast"": 12, ""macd_k"": 1.3, ""macd_k_mid"": 0.55, ""macd_signal"": 6, ""macd_slow"": 37, ""macd_std_window"": 81, ""rebalance_freq"": 150, ""rebounce_block"": 5, ""sl_mult_lm"": 1.25, ""sl_mult_lr"": 3.5, ""sl_mult_sm"": 1.7000000000000002, ""sl_mult_sr"": 2.1, ""time_stop"": 7, ""tp_mult_lm"": 5.2, ""tp_mult_lr"": 14.2, ""tp_mult_sm"": 5.4, ""tp_mult_sr"": 6.1, ""trail_mult"": 2.7, ""trail_tp"": false, ""use_trailing"": false}",{},
1571,-1000000000.0,TrialState.COMPLETE,2026-04-01T03:05:21.374325,2026-04-01T03:05:21.496008,0.121683,"{""atr_window"": 13, ""bb_std_dev"": 2.35, ""bb_window"": 17, ""cooldown"": 1, ""macd_fast"": 16, ""macd_k"": 1.15, ""macd_k_mid"": 0.6, ""macd_signal"": 10, ""macd_slow"": 44, ""macd_std_window"": 80, ""rebalance_freq"": 120, ""rebounce_block"": 3, ""sl_mult_lm"": 1.8, ""sl_mult_lr"": 2.4, ""sl_mult_sm"": 1.8, ""sl_mult_sr"": 1.5, ""time_stop"": 14, ""tp_mult_lm"": 5.1, ""tp_mult_lr"": 16.200000000000003, ""tp_mult_sm"": 6.1, ""tp_mult_sr"": 5.2, ""trail_mult"": 2.3, ""trail_tp"": true, ""use_trailing"": true}",{},
1572,-1000000000.0,TrialState.COMPLETE,2026-04-01T03:05:21.545811,2026-04-01T03:05:26.104264,4.558453,"{""atr_window"": 12, ""bb_std_dev"": 2.0, ""bb_window"": 20, ""cooldown"": 2, ""macd_fast"": 20, ""macd_k"": 1.35, ""macd_k_mid"": 0.5, ""macd_signal"": 8, ""macd_slow"": 42, ""macd_std_window"": 86, ""rebalance_freq"": 180, ""rebounce_block"": 6, ""sl_mult_lm"": 1.9500000000000002, ""sl_mult_lr"": 4.2, ""sl_mult_sm"": 1.25, ""sl_mult_sr"": 2.7, ""time_stop"": 13, ""tp_mult_lm"": 3.9, ""tp_mult_lr"": 10.6, ""tp_mult_sm"": 6.0, ""tp_mult_sr"": 6.300000000000001, ""trail_mult"": 3.3, ""trail_tp"": false, ""use_trailing"": true}",{},
1573,-1000000000.0,TrialState.COMPLETE,2026-04-01T03:05:26.142134,2026-04-01T03:05:26.227968,0.085834,"{""atr_window"": 17, ""bb_std_dev"": 1.7999999999999998, ""bb_window"": 14, ""cooldown"": 0, ""macd_fast"": 10, ""macd_k"": 1.05, ""macd_k_mid"": 0.8500000000000001, ""macd_signal"": 9, ""macd_slow"": 35, ""macd_std_window"": 98, ""rebalance_freq"": 90, ""rebounce_block"": 0, ""sl_mult_lm"": 1.5, ""sl_mult_lr"": 2.0, ""sl_mult_sm"": 1.65, ""sl_mult_sr"": 1.7, ""time_stop"": 16, ""tp_mult_lm"": 3.6, ""tp_mult_lr"": 11.6, ""tp_mult_sm"": 6.5, ""tp_mult_sr"": 7.0, ""trail_mult"": 2.4, ""trail_tp"": true, ""use_trailing"": false}",{},
1574,-1000000000.0,TrialState.COMPLETE,2026-04-01T03:05:26.270301,2026-04-01T03:05:26.360043,0.089742,"{""atr_window"": 16, ""bb_std_dev"": 1.8499999999999999, ""bb_window"": 21, ""cooldown"": 4, ""macd_fast"": 13, ""macd_k"": 1.2, ""macd_k_mid"": 0.6, ""macd_signal"": 7, ""macd_slow"": 43, ""macd_std_window"": 99, ""rebalance_freq"": 150, ""rebounce_block"": 6, ""sl_mult_lm"": 1.6, ""sl_mult_lr"": 2.2, ""sl_mult_sm"": 1.4, ""sl_mult_sr"": 1.6, ""time_stop"": 18, ""tp_mult_lm"": 4.2, ""tp_mult_lr"": 12.0, ""tp_mult_sm"": 4.7, ""tp_mult_sr"": 6.0, ""trail_mult"": 2.5, ""trail_tp"": false, ""use_trailing"": true}",{},
1575,-1000000000.0,TrialState.COMPLETE,2026-04-01T03:05:26.401220,2026-04-01T03:05:26.500409,0.099189,"{""atr_window"": 15, ""bb_std_dev"": 1.9, ""bb_window"": 19, ""cooldown"": 3, ""macd_fast"": 17, ""macd_k"": 1.55, ""macd_k_mid"": 0.7, ""macd_signal"": 8, ""macd_slow"": 40, ""macd_std_window"": 90, ""rebalance_freq"": 30, ""rebounce_block"": 4, ""sl_mult_lm"": 1.75, ""sl_mult_lr"": 3.0, ""sl_mult_sm"": 1.6, ""sl_mult_sr"": 2.5, ""time_stop"": 21, ""tp_mult_lm"": 5.6, ""tp_mult_lr"": 8.0, ""tp_mult_sm"": 3.6, ""tp_mult_sr"": 6.800000000000001, ""trail_mult"": 2.0, ""trail_tp"": true, ""use_trailing"": true}",{},
1576,-1000000000.0,TrialState.COMPLETE,2026-04-01T03:05:26.545109,2026-04-01T03:05:26.647384,0.102275,"{""atr_window"": 14, ""bb_std_dev"": 2.2, ""bb_window"": 24, ""cooldown"": 1, ""macd_fast"": 14, ""macd_k"": 1.8, ""macd_k_mid"": 0.55, ""macd_signal"": 5, ""macd_slow"": 41, ""macd_std_window"": 71, ""rebalance_freq"": 180, ""rebounce_block"": 5, ""sl_mult_lm"": 1.35, ""sl_mult_lr"": 3.8, ""sl_mult_sm"": 1.9, ""sl_mult_sr"": 1.9, ""time_stop"": 4, ""tp_mult_lm"": 5.5, ""tp_mult_lr"": 15.2, ""tp_mult_sm"": 4.2, ""tp_mult_sr"": 5.0, ""trail_mult"": 1.9, ""trail_tp"": false, ""use_trailing"": true}",{},
1577,-1000000000.0,TrialState.COMPLETE,2026-04-01T03:05:26.692444,2026-04-01T03:05:26.798336,0.105892,"{""atr_window"": 20, ""bb_std_dev"": 2.3, ""bb_window"": 16, ""cooldown"": 2, ""macd_fast"": 10, ""macd_k"": 1.45, ""macd_k_mid"": 0.95, ""macd_signal"": 9, ""macd_slow"": 44, ""macd_std_window"": 72, ""rebalance_freq"": 150, ""rebounce_block"": 2, ""sl_mult_lm"": 1.15, ""sl_mult_lr"": 4.7, ""sl_mult_sm"": 1.35, ""sl_mult_sr"": 2.0, ""time_stop"": 8, ""tp_mult_lm"": 4.6, ""tp_mult_lr"": 15.0, ""tp_mult_sm"": 5.0, ""tp_mult_sr"": 3.1, ""trail_mult"": 2.6, ""trail_tp"": true, ""use_trailing"": false}",{},
1578,-1000000000.0,TrialState.COMPLETE,2026-04-01T03:05:26.855229,2026-04-01T03:05:26.958346,0.103117,"{""atr_window"": 18, ""bb_std_dev"": 1.95, ""bb_window"": 14, ""cooldown"": 5, ""macd_fast"": 15, ""macd_k"": 1.6, ""macd_k_mid"": 0.65, ""macd_signal"": 7, ""macd_slow"": 39, ""macd_std_window"": 70, ""rebalance_freq"": 120, ""rebounce_block"": 3, ""sl_mult_lm"": 1.2, ""sl_mult_lr"": 2.3, ""sl_mult_sm"": 2.0, ""sl_mult_sr"": 2.2, ""time_stop"": 22, ""tp_mult_lm"": 5.0, ""tp_mult_lr"": 9.4, ""tp_mult_sm"": 4.3, ""tp_mult_sr"": 5.800000000000001, ""trail_mult"": 3.8000000000000003, ""trail_tp"": false, ""use_trailing"": true}",{},
1579,-1000000000.0,TrialState.COMPLETE,2026-04-01T03:05:27.003824,2026-04-01T03:05:31.298837,4.295013,"{""atr_window"": 10, ""bb_std_dev"": 2.5, ""bb_window"": 18, ""cooldown"": 0, ""macd_fast"": 19, ""macd_k"": 1.65, ""macd_k_mid"": 0.7, ""macd_signal"": 8, ""macd_slow"": 37, ""macd_std_window"": 75, ""rebalance_freq"": 60, ""rebounce_block"": 5, ""sl_mult_lm"": 1.55, ""sl_mult_lr"": 4.1, ""sl_mult_sm"": 1.5, ""sl_mult_sr"": 3.1, ""time_stop"": 12, ""tp_mult_lm"": 5.3, ""tp_mult_lr"": 16.4, ""tp_mult_sm"": 3.7, ""tp_mult_sr"": 4.0, ""trail_mult"": 3.2, ""trail_tp"": true, ""use_trailing"": true}",{},
1580,-1000000000.0,TrialState.COMPLETE,2026-04-01T03:05:31.340988,2026-04-01T03:05:31.432169,0.091181,"{""atr_window"": 16, ""bb_std_dev"": 2.05, ""bb_window"": 15, ""cooldown"": 3, ""macd_fast"": 11, ""macd_k"": 2.0, ""macd_k_mid"": 1.0, ""macd_signal"": 10, ""macd_slow"": 36, ""macd_std_window"": 91, ""rebalance_freq"": 90, ""rebounce_block"": 6, ""sl_mult_lm"": 1.9500000000000002, ""sl_mult_lr"": 4.300000000000001, ""sl_mult_sm"": 1.8, ""sl_mult_sr"": 2.1, ""time_stop"": 28, ""tp_mult_lm"": 3.7, ""tp_mult_lr"": 12.8, ""tp_mult_sm"": 6.6, ""tp_mult_sr"": 6.0, ""trail_mult"": 1.5, ""trail_tp"": false, ""use_trailing"": true}",{},
1581,-1000000000.0,TrialState.COMPLETE,2026-04-01T03:05:31.475172,2026-04-01T03:05:31.590534,0.115362,"{""atr_window"": 11, ""bb_std_dev"": 1.75, ""bb_window"": 23, ""cooldown"": 4, ""macd_fast"": 14, ""macd_k"": 1.0, ""macd_k_mid"": 0.5, ""macd_signal"": 9, ""macd_slow"": 43, ""macd_std_window"": 89, ""rebalance_freq"": 150, ""rebounce_block"": 3, ""sl_mult_lm"": 2.0, ""sl_mult_lr"": 2.5, ""sl_mult_sm"": 1.05, ""sl_mult_sr"": 1.5, ""time_stop"": 14, ""tp_mult_lm"": 4.9, ""tp_mult_lr"": 8.6, ""tp_mult_sm"": 6.300000000000001, ""tp_mult_sr"": 4.9, ""trail_mult"": 3.1, ""trail_tp"": true, ""use_trailing"": false}",{},
1582,-1000000000.0,TrialState.COMPLETE,2026-04-01T03:05:31.638961,2026-04-01T03:05:36.284261,4.6453,"{""atr_window"": 15, ""bb_std_dev"": 1.7, ""bb_window"": 17, ""cooldown"": 1, ""macd_fast"": 18, ""macd_k"": 1.2, ""macd_k_mid"": 0.55, ""macd_signal"": 6, ""macd_slow"": 35, ""macd_std_window"": 73, ""rebalance_freq"": 180, ""rebounce_block"": 1, ""sl_mult_lm"": 1.9, ""sl_mult_lr"": 4.0, ""sl_mult_sm"": 1.7000000000000002, ""sl_mult_sr"": 2.6, ""time_stop"": 16, ""tp_mult_lm"": 5.7, ""tp_mult_lr"": 9.0, ""tp_mult_sm"": 5.6, ""tp_mult_sr"": 5.5, ""trail_mult"": 2.2, ""trail_tp"": false, ""use_trailing"": true}",{},
