number,value,datetime_start,datetime_complete,duration,params_atr_window,params_bb_std_dev,params_bb_window,params_cooldown,params_macd_fast,params_macd_k,params_macd_k_mid,params_macd_signal,params_macd_slow,params_macd_std_window,params_rebalance_freq,params_rebounce_block,params_sl_mult_lm,params_sl_mult_lr,params_sl_mult_sm,params_sl_mult_sr,params_time_stop,params_tp_mult_lm,params_tp_mult_lr,params_tp_mult_sm,params_tp_mult_sr,params_trail_mult,params_trail_tp,params_use_trailing,user_attrs_allocations,user_attrs_deploy_avg_sharpe,user_attrs_deploy_total_sharpe,user_attrs_deploy_year_sharpes,user_attrs_score,user_attrs_selected_tickers,user_attrs_train_avg_sharpe,user_attrs_train_year_sharpes,state
1558,-1000000000.0,2026-04-01 03:05:00.498355,2026-04-01 03:05:00.619546,0 days 00:00:00.121191,12,2.1,21,3,10,1.75,0.7,8,44,70,90,3,1.2,3.7,1.8,1.5,15,3.8,8.2,3.4,3.5,2.4,True,False,,,,,,,,,COMPLETE
1559,-1000000000.0,2026-04-01 03:05:00.669795,2026-04-01 03:05:05.417400,0 days 00:00:04.747605,13,2.2,18,2,19,1.25,1.0,9,41,79,30,1,1.0,2.4,1.5,2.8,1,5.6,12.2,4.4,5.9,2.8,False,True,,,,,,,,,COMPLETE
1560,-1000000000.0,2026-04-01 03:05:05.461020,2026-04-01 03:05:05.560872,0 days 00:00:00.099852,20,1.4,20,1,20,1.7000000000000002,0.55,7,43,89,180,2,1.3,2.6,1.2,2.1,10,5.800000000000001,9.6,3.0,4.8,1.9,True,True,,,,,,,,,COMPLETE
1561,-1000000000.0,2026-04-01 03:05:05.606749,2026-04-01 03:05:10.400645,0 days 00:00:04.793896,16,2.5,14,0,16,1.55,0.5,8,35,90,150,4,2.1500000000000004,2.3,1.45,2.4,9,5.9,15.600000000000001,4.0,4.3,2.2,False,True,,,,,,,,,COMPLETE
1562,-1000000000.0,2026-04-01 03:05:10.445302,2026-04-01 03:05:15.380696,0 days 00:00:04.935394,18,2.25,22,4,17,1.6,0.55,8,37,83,120,6,1.45,5.0,1.9,1.7,6,4.7,12.600000000000001,6.4,5.300000000000001,3.2,True,False,,,,,,,,,COMPLETE
1563,-1000000000.0,2026-04-01 03:05:15.426454,2026-04-01 03:05:15.530505,0 days 00:00:00.104051,14,1.7,15,2,12,1.65,0.6,10,38,81,90,5,1.9,3.0,1.6,3.0,21,4.0,10.0,4.5,4.5,2.9000000000000004,False,True,,,,,,,,,COMPLETE
1564,-1000000000.0,2026-04-01 03:05:15.573866,2026-04-01 03:05:20.412211,0 days 00:00:04.838345,11,2.15,25,1,14,1.4,0.65,5,36,88,150,3,1.85,2.2,1.75,1.9,20,4.8,14.8,3.5,3.0,2.2,True,True,,,,,,,,,COMPLETE
1565,-1000000000.0,2026-04-01 03:05:20.454843,2026-04-01 03:05:20.541171,0 days 00:00:00.086328,15,2.4,16,3,14,1.0,0.55,6,41,82,180,2,1.05,2.5,1.65,1.5,11,3.5,11.2,3.8,4.1,1.8,True,True,,,,,,,,,COMPLETE
1566,-1000000000.0,2026-04-01 03:05:20.585442,2026-04-01 03:05:20.689410,0 days 00:00:00.103968,20,2.05,17,0,18,1.1,0.75,9,42,92,120,5,1.1,3.2,1.55,3.4000000000000004,24,5.0,8.4,6.800000000000001,4.6,3.0,False,False,,,,,,,,,COMPLETE
1567,-1000000000.0,2026-04-01 03:05:20.740447,2026-04-01 03:05:20.842850,0 days 00:00:00.102403,16,1.65,14,2,13,1.05,0.5,9,39,100,30,0,2.0,2.8,1.85,3.2,0,5.7,11.8,5.5,3.6,2.1,True,True,,,,,,,,,COMPLETE
1568,-1000000000.0,2026-04-01 03:05:20.888765,2026-04-01 03:05:20.996102,0 days 00:00:00.107337,14,1.5499999999999998,14,1,15,1.5,0.7,7,43,93,60,1,1.4,2.7,1.3,1.8,17,6.0,13.4,3.2,6.5,3.4000000000000004,False,True,,,,,,,,,COMPLETE
1569,-1000000000.0,2026-04-01 03:05:21.040777,2026-04-01 03:05:21.148663,0 days 00:00:00.107886,18,2.45,23,4,11,1.15,0.8,8,40,87,150,4,1.65,2.6,1.05,2.0,19,5.4,9.8,6.300000000000001,3.8,3.7,True,True,,,,,,,,,COMPLETE
1570,-1000000000.0,2026-04-01 03:05:21.196841,2026-04-01 03:05:21.324509,0 days 00:00:00.127668,19,1.5999999999999999,15,5,12,1.3,0.55,6,37,81,150,5,1.25,3.5,1.7000000000000002,2.1,7,5.2,14.2,5.4,6.1,2.7,False,False,,,,,,,,,COMPLETE
1571,-1000000000.0,2026-04-01 03:05:21.374325,2026-04-01 03:05:21.496008,0 days 00:00:00.121683,13,2.35,17,1,16,1.15,0.6,10,44,80,120,3,1.8,2.4,1.8,1.5,14,5.1,16.200000000000003,6.1,5.2,2.3,True,True,,,,,,,,,COMPLETE
1572,-1000000000.0,2026-04-01 03:05:21.545811,2026-04-01 03:05:26.104264,0 days 00:00:04.558453,12,2.0,20,2,20,1.35,0.5,8,42,86,180,6,1.9500000000000002,4.2,1.25,2.7,13,3.9,10.6,6.0,6.300000000000001,3.3,False,True,,,,,,,,,COMPLETE
1573,-1000000000.0,2026-04-01 03:05:26.142134,2026-04-01 03:05:26.227968,0 days 00:00:00.085834,17,1.7999999999999998,14,0,10,1.05,0.8500000000000001,9,35,98,90,0,1.5,2.0,1.65,1.7,16,3.6,11.6,6.5,7.0,2.4,True,False,,,,,,,,,COMPLETE
1574,-1000000000.0,2026-04-01 03:05:26.270301,2026-04-01 03:05:26.360043,0 days 00:00:00.089742,16,1.8499999999999999,21,4,13,1.2,0.6,7,43,99,150,6,1.6,2.2,1.4,1.6,18,4.2,12.0,4.7,6.0,2.5,False,True,,,,,,,,,COMPLETE
1575,-1000000000.0,2026-04-01 03:05:26.401220,2026-04-01 03:05:26.500409,0 days 00:00:00.099189,15,1.9,19,3,17,1.55,0.7,8,40,90,30,4,1.75,3.0,1.6,2.5,21,5.6,8.0,3.6,6.800000000000001,2.0,True,True,,,,,,,,,COMPLETE
1576,-1000000000.0,2026-04-01 03:05:26.545109,2026-04-01 03:05:26.647384,0 days 00:00:00.102275,14,2.2,24,1,14,1.8,0.55,5,41,71,180,5,1.35,3.8,1.9,1.9,4,5.5,15.2,4.2,5.0,1.9,False,True,,,,,,,,,COMPLETE
1577,-1000000000.0,2026-04-01 03:05:26.692444,2026-04-01 03:05:26.798336,0 days 00:00:00.105892,20,2.3,16,2,10,1.45,0.95,9,44,72,150,2,1.15,4.7,1.35,2.0,8,4.6,15.0,5.0,3.1,2.6,True,False,,,,,,,,,COMPLETE
1578,-1000000000.0,2026-04-01 03:05:26.855229,2026-04-01 03:05:26.958346,0 days 00:00:00.103117,18,1.95,14,5,15,1.6,0.65,7,39,70,120,3,1.2,2.3,2.0,2.2,22,5.0,9.4,4.3,5.800000000000001,3.8000000000000003,False,True,,,,,,,,,COMPLETE
1579,-1000000000.0,2026-04-01 03:05:27.003824,2026-04-01 03:05:31.298837,0 days 00:00:04.295013,10,2.5,18,0,19,1.65,0.7,8,37,75,60,5,1.55,4.1,1.5,3.1,12,5.3,16.4,3.7,4.0,3.2,True,True,,,,,,,,,COMPLETE
1580,-1000000000.0,2026-04-01 03:05:31.340988,2026-04-01 03:05:31.432169,0 days 00:00:00.091181,16,2.05,15,3,11,2.0,1.0,10,36,91,90,6,1.9500000000000002,4.300000000000001,1.8,2.1,28,3.7,12.8,6.6,6.0,1.5,False,True,,,,,,,,,COMPLETE
1581,-1000000000.0,2026-04-01 03:05:31.475172,2026-04-01 03:05:31.590534,0 days 00:00:00.115362,11,1.75,23,4,14,1.0,0.5,9,43,89,150,3,2.0,2.5,1.05,1.5,14,4.9,8.6,6.300000000000001,4.9,3.1,True,False,,,,,,,,,COMPLETE
1582,-1000000000.0,2026-04-01 03:05:31.638961,2026-04-01 03:05:36.284261,0 days 00:00:04.645300,15,1.7,17,1,18,1.2,0.55,6,35,73,180,1,1.9,4.0,1.7000000000000002,2.6,16,5.7,9.0,5.6,5.5,2.2,False,True,,,,,,,,,COMPLETE
1583,-1000000000.0,2026-04-01 03:05:36.324819,2026-04-01 03:05:36.408811,0 days 00:00:00.083992,14,2.15,14,2,12,1.1,0.6,8,38,96,120,0,2.05,2.4,1.9500000000000002,1.8,1,6.0,11.8,4.4,3.7,1.6,True,True,,,,,,,,,COMPLETE
1584,-1000000000.0,2026-04-01 03:05:36.463115,2026-04-01 03:05:36.559189,0 days 00:00:00.096074,17,2.35,16,1,15,1.35,0.55,9,40,82,150,4,1.0,2.1,1.75,2.4,29,5.4,10.8,7.0,5.7,3.1,False,True,,,,,,,,,COMPLETE
1585,-1000000000.0,2026-04-01 03:05:36.603273,2026-04-01 03:20:38.882691,0 days 00:15:02.279418,19,2.4,15,0,20,1.55,0.9,7,41,85,30,5,1.3,2.3,1.85,1.6,3,5.1,12.2,3.3,3.4,2.9000000000000004,True,False,,,,,,,,,COMPLETE
1586,-1000000000.0,2026-04-01 03:20:38.923116,2026-04-01 03:20:39.026979,0 days 00:00:00.103863,13,2.45,24,2,16,1.7000000000000002,0.65,8,44,99,180,2,1.25,2.7,1.65,1.9,26,5.9,10.0,4.6,3.0,3.5,False,True,,,,,,,,,COMPLETE
1587,-1000000000.0,2026-04-01 03:20:39.067886,2026-04-01 03:20:39.154735,0 days 00:00:00.086849,20,2.0,14,1,12,1.25,0.6,9,39,76,150,6,1.8,4.6,1.9,2.8,19,4.1,14.4,6.2,6.4,2.1,True,True,,,,,,,,,COMPLETE
1588,-1000000000.0,2026-04-01 03:20:39.193791,2026-04-01 03:20:41.669484,0 days 00:00:02.475693,18,2.2,22,3,20,1.9500000000000002,0.75,10,41,95,90,5,2.1500000000000004,2.4,1.55,2.2,9,3.8,13.0,4.8,3.9,2.6,False,False,,,,,,,,,COMPLETE
1589,-1000000000.0,2026-04-01 03:20:41.716997,2026-04-01 03:20:41.781038,0 days 00:00:00.064041,12,2.1,19,5,16,1.3,0.55,6,42,70,150,0,1.4,3.3,1.1,2.9000000000000004,15,5.5,16.6,5.1,4.2,1.7,True,True,,,,,,,,,COMPLETE
1590,-1000000000.0,2026-04-01 03:20:41.819884,2026-04-01 03:20:41.880224,0 days 00:00:00.060340,15,2.25,20,0,13,1.5,0.8,8,37,88,120,2,1.35,2.8,1.6,1.8,2,5.3,12.4,6.9,6.2,3.6,False,True,,,,,,,,,COMPLETE
1591,-1000000000.0,2026-04-01 03:20:41.915498,2026-04-01 03:20:41.976586,0 days 00:00:00.061088,19,2.5,14,2,13,1.85,0.7,9,36,100,30,3,1.0,3.7,1.15,2.1,6,4.3,12.600000000000001,3.9,4.7,3.7,True,True,,,,,,,,,COMPLETE
1592,-1000000000.0,2026-04-01 03:20:42.008430,2026-04-01 03:20:42.066390,0 days 00:00:00.057960,16,2.45,25,4,17,1.4,0.5,7,44,92,180,4,1.75,2.9,1.7000000000000002,2.3,20,4.8,11.0,5.9,5.800000000000001,3.2,False,False,,,,,,,,,COMPLETE
1593,-1000000000.0,2026-04-01 03:20:42.101353,2026-04-01 03:20:42.160452,0 days 00:00:00.059099,20,1.8499999999999999,17,1,14,1.1,0.55,10,40,97,150,5,1.15,2.5,1.0,1.7,25,5.2,9.6,3.0,3.1,3.0,True,True,,,,,,,,,COMPLETE
1594,-1000000000.0,2026-04-01 03:20:42.205908,2026-04-01 03:20:44.609646,0 days 00:00:02.403738,14,2.25,15,2,19,1.9,0.8500000000000001,8,36,80,120,1,1.3,4.4,1.85,1.5,18,5.6,13.600000000000001,6.7,3.7,4.0,True,True,,,,,,,,,COMPLETE
1595,-1000000000.0,2026-04-01 03:20:44.643219,2026-04-01 03:20:44.717556,0 days 00:00:00.074337,17,1.9,21,3,18,1.15,0.6,8,43,89,90,6,2.2,2.6,1.9500000000000002,3.3,17,4.0,10.4,3.5,6.7,3.8000000000000003,False,True,,,,,,,,,COMPLETE
1596,-1000000000.0,2026-04-01 03:20:44.754757,2026-04-01 03:20:44.809512,0 days 00:00:00.054755,10,1.7999999999999998,16,1,10,1.15,0.7,9,35,84,180,2,2.1,2.2,1.75,1.6,23,5.0,11.8,3.1,4.6,3.9000000000000004,True,False,,,,,,,,,COMPLETE
1597,-1000000000.0,2026-04-01 03:20:44.852915,2026-04-01 03:20:44.913634,0 days 00:00:00.060719,18,2.05,15,1,12,1.05,0.65,7,43,78,60,5,1.1,2.3,1.5,2.0,10,4.9,9.2,4.5,4.4,2.1,False,True,,,,,,,,,COMPLETE
1598,-1000000000.0,2026-04-01 03:20:44.949798,2026-04-01 03:20:45.006970,0 days 00:00:00.057172,16,1.5,14,5,15,1.45,0.75,9,44,90,150,3,1.05,3.1,1.3,1.5,21,4.4,11.4,5.5,4.0,2.3,True,True,,,,,,,,,COMPLETE
1599,-1000000000.0,2026-04-01 03:20:45.045728,2026-04-01 03:20:45.103491,0 days 00:00:00.057763,14,1.75,20,4,11,1.2,0.5,8,42,94,120,6,1.85,3.0,1.65,2.3,22,5.4,12.2,5.7,3.3,1.8,False,True,,,,,,,,,COMPLETE
1600,-1000000000.0,2026-04-01 03:20:45.136916,2026-04-01 03:20:47.558164,0 days 00:00:02.421248,13,2.3,18,0,20,1.6,0.55,7,39,77,150,5,1.9500000000000002,2.0,1.8,2.5,15,4.7,10.6,4.1,5.9,2.5,True,False,,,,,,,,,COMPLETE
1601,-1000000000.0,2026-04-01 03:20:47.593373,2026-04-01 03:20:47.651566,0 days 00:00:00.058193,15,2.35,16,2,14,1.0,0.6,6,38,81,180,0,1.35,2.5,1.55,3.0,13,3.6,16.0,4.9,4.8,2.8,False,True,,,,,,,,,COMPLETE
1602,-1000000000.0,2026-04-01 03:20:47.687490,2026-04-01 03:20:47.760366,0 days 00:00:00.072876,19,2.15,14,4,17,1.75,0.9,10,43,71,30,4,1.7000000000000002,4.9,1.25,1.9,11,5.3,10.2,3.5,5.6,2.2,True,True,,,,,,,,,COMPLETE
1603,-1000000000.0,2026-04-01 03:20:47.804225,2026-04-01 03:20:47.879377,0 days 00:00:00.075152,20,2.2,17,1,15,1.35,0.95,8,40,83,90,6,1.6,3.9000000000000004,1.2,1.6,27,4.5,9.8,6.6,5.0,2.0,False,False,,,,,,,,,COMPLETE
1604,-1000000000.0,2026-04-01 03:20:47.915684,2026-04-01 03:20:47.974720,0 days 00:00:00.059036,14,1.65,23,0,12,1.05,0.55,9,41,87,180,3,1.9,3.6,1.7000000000000002,3.1,29,3.5,12.0,6.4,3.8,3.3,True,True,,,,,,,,,COMPLETE
1605,-1000000000.0,2026-04-01 03:20:48.006765,2026-04-01 03:20:48.063678,0 days 00:00:00.056913,17,1.95,21,3,11,1.5,0.5,5,37,88,150,0,1.2,2.1,1.45,1.7,20,6.0,11.6,6.5,6.300000000000001,3.0,False,True,,,,,,,,,COMPLETE
1606,-1000000000.0,2026-04-01 03:20:48.098015,2026-04-01 03:20:50.548105,0 days 00:00:02.450090,12,1.75,22,2,14,1.65,0.7,9,36,91,120,5,1.25,2.4,1.4,3.2,0,5.800000000000001,13.2,6.800000000000001,4.3,3.2,True,True,,,,,,,,,COMPLETE
1607,-1000000000.0,2026-04-01 03:20:50.587182,2026-04-01 03:20:50.650654,0 days 00:00:00.063472,16,1.7,15,1,13,1.0,0.6,8,44,85,30,1,1.55,4.2,1.85,2.0,24,4.2,13.0,5.800000000000001,5.4,3.1,False,False,,,,,,,,,COMPLETE
1608,-1000000000.0,2026-04-01 03:20:50.687111,2026-04-01 03:20:53.147761,0 days 00:00:02.460650,15,2.0,14,4,19,1.4,0.8500000000000001,7,40,79,150,2,2.1,2.3,1.75,3.4000000000000004,17,5.5,8.2,3.2,4.5,2.4,True,True,,,,,,,,,COMPLETE
1609,-1000000000.0,2026-04-01 03:20:53.179538,2026-04-01 03:20:55.725627,0 days 00:00:02.546089,18,2.5,15,1,20,1.25,0.65,10,35,70,180,6,1.45,2.9,1.6,2.1,7,5.1,14.0,3.8,3.6,2.9000000000000004,False,True,,,,,,,,,COMPLETE
1610,-1000000000.0,2026-04-01 03:20:55.771753,2026-04-01 03:20:58.381804,0 days 00:00:02.610051,11,1.5999999999999999,18,0,18,1.15,0.55,6,38,93,60,4,1.4,2.1,1.35,2.1,12,4.6,12.4,6.1,5.2,3.6,True,True,,,,,,,,,COMPLETE
1611,-1000000000.0,2026-04-01 03:20:58.409205,2026-04-01 03:20:58.480105,0 days 00:00:00.070900,20,2.4,17,2,12,1.65,0.8,8,42,99,120,3,1.15,2.4,2.0,2.2,30,3.7,8.6,3.6,4.1,2.7,False,False,,,,,,,,,COMPLETE
1612,-1000000000.0,2026-04-01 03:20:58.523410,2026-04-01 03:20:58.587947,0 days 00:00:00.064537,16,2.4,16,3,16,1.8,1.0,9,43,80,150,5,2.0,2.2,1.9,1.5,5,5.0,12.0,5.0,3.2,1.9,True,True,,,,,,,,,COMPLETE
1613,-1000000000.0,2026-04-01 03:20:58.625222,2026-04-01 03:21:01.159598,0 days 00:00:02.534376,14,1.7999999999999998,14,4,17,1.3,0.5,8,37,86,90,0,1.3,2.6,1.1,1.8,4,5.6,14.600000000000001,5.300000000000001,3.0,2.2,False,True,,,,,,,,,COMPLETE
1614,-1000000000.0,2026-04-01 03:21:01.192787,2026-04-01 03:21:01.251251,0 days 00:00:00.058464,17,2.1,14,1,14,1.7000000000000002,0.6,7,40,74,150,5,1.0,3.4000000000000004,1.55,1.5,8,5.2,11.2,6.2,4.7,1.7,True,True,,,,,,,,,COMPLETE
1615,-1000000000.0,2026-04-01 03:21:01.287532,2026-04-01 03:21:01.343833,0 days 00:00:00.056301,19,2.35,25,0,10,1.1,0.55,9,41,89,30,4,1.25,2.8,1.8,2.5,16,5.9,13.8,3.4,5.9,3.5,False,False,,,,,,,,,COMPLETE
1616,-1000000000.0,2026-04-01 03:21:01.389739,2026-04-01 03:21:03.892478,0 days 00:00:02.502739,13,2.05,16,5,19,1.45,0.75,10,39,98,150,3,1.9,2.5,1.3,2.4,25,5.7,9.6,6.9,3.9,1.6,True,True,,,,,,,,,COMPLETE
1617,-1000000000.0,2026-04-01 03:21:03.929078,2026-04-01 03:21:03.990028,0 days 00:00:00.060950,18,2.25,20,2,12,1.6,0.7,8,43,90,180,1,1.05,2.7,1.0,1.9,9,3.9,10.0,4.3,6.1,3.8000000000000003,False,True,,,,,,,,,COMPLETE
1618,-1000000000.0,2026-04-01 03:21:04.024897,2026-04-01 03:21:04.085089,0 days 00:00:00.060192,15,2.45,24,3,13,1.55,0.55,6,44,70,90,6,1.9500000000000002,2.0,1.65,3.2,20,4.4,15.4,7.0,5.1,3.7,True,False,,,,,,,,,COMPLETE
1619,-1000000000.0,2026-04-01 03:21:04.121610,2026-04-01 03:21:04.186490,0 days 00:00:00.064880,16,1.65,14,0,15,1.25,0.5,7,41,76,180,2,1.65,3.1,1.05,2.7,7,4.7,12.2,4.5,5.6,2.3,False,True,,,,,,,,,COMPLETE
1620,-1000000000.0,2026-04-01 03:21:04.223107,2026-04-01 03:21:06.933597,0 days 00:00:02.710490,20,2.3,17,1,18,1.05,0.8,9,35,82,120,5,2.2,4.7,1.7000000000000002,1.6,21,5.4,11.6,4.4,6.0,2.1,True,True,,,,,,,,,COMPLETE
1621,-1000000000.0,2026-04-01 03:21:06.969690,2026-04-01 03:21:07.029658,0 days 00:00:00.059968,18,1.5499999999999998,19,5,14,1.1,0.65,5,42,92,150,0,1.4,2.3,1.5,2.2,14,5.1,16.8,3.7,5.800000000000001,3.9000000000000004,True,True,,,,,,,,,COMPLETE
1622,-1000000000.0,2026-04-01 03:21:07.068720,2026-04-01 03:21:09.573562,0 days 00:00:02.504842,14,2.5,21,2,20,1.2,0.55,8,38,97,180,3,2.05,2.4,1.9500000000000002,1.7,1,4.1,13.4,6.0,3.8,3.1,False,False,,,,,,,,,COMPLETE
1623,-1000000000.0,2026-04-01 03:21:09.601112,2026-04-01 03:21:09.666645,0 days 00:00:00.065533,17,2.15,15,4,20,1.15,0.6,9,44,81,30,6,1.7000000000000002,2.2,1.75,2.0,16,4.8,12.8,4.7,6.4,3.2,True,True,,,,,,,,,COMPLETE
1624,-1000000000.0,2026-04-01 03:21:09.710281,2026-04-01 03:21:12.228354,0 days 00:00:02.518073,12,2.2,14,1,15,1.5,0.7,8,37,75,150,5,1.5,3.5,1.6,2.6,19,5.2,11.8,5.4,3.5,2.0,False,True,,,,,,,,,COMPLETE
1625,-1000000000.0,2026-04-01 03:21:12.264415,2026-04-01 03:21:12.324099,0 days 00:00:00.059684,20,2.35,22,3,12,1.0,0.9,9,43,91,90,2,1.8,2.5,1.15,1.7,17,5.6,9.8,6.2,4.4,3.3,True,True,,,,,,,,,COMPLETE
1626,-1000000000.0,2026-04-01 03:21:12.359055,2026-04-01 03:21:12.436439,0 days 00:00:00.077384,19,2.1,17,1,10,1.45,0.6,10,39,83,120,4,1.35,4.5,1.45,1.8,22,5.5,8.8,5.6,4.9,2.6,False,False,,,,,,,,,COMPLETE
1627,-1000000000.0,2026-04-01 03:21:12.466053,2026-04-01 03:21:12.529778,0 days 00:00:00.063725,13,1.8499999999999999,23,2,16,1.55,0.5,7,40,100,60,0,2.1500000000000004,2.3,1.25,1.5,14,5.3,10.2,4.9,3.1,1.8,True,True,,,,,,,,,COMPLETE
1628,-1000000000.0,2026-04-01 03:21:12.565819,2026-04-01 03:21:12.626966,0 days 00:00:00.061147,10,2.45,18,0,13,1.85,0.55,6,44,72,150,6,1.3,2.4,1.65,2.1,10,5.0,12.600000000000001,4.2,4.6,2.1,False,True,,,,,,,,,COMPLETE
1629,-1000000000.0,2026-04-01 03:21:12.664556,2026-04-01 03:21:12.726351,0 days 00:00:00.061795,15,1.7,20,4,11,1.05,1.0,8,36,95,180,3,1.2,3.8,1.85,1.6,24,4.0,15.8,3.1,6.2,1.5,True,False,,,,,,,,,COMPLETE
1630,-1000000000.0,2026-04-01 03:21:12.763977,2026-04-01 03:21:12.824006,0 days 00:00:00.060029,11,1.5,15,1,14,1.35,0.7,9,43,87,60,5,1.75,3.2,1.8,1.8,3,5.800000000000001,9.4,3.0,5.7,2.2,False,True,,,,,,,,,COMPLETE
1631,-1000000000.0,2026-04-01 03:21:12.859954,2026-04-01 03:21:15.360812,0 days 00:00:02.500858,16,1.4,16,2,17,1.5,0.65,7,35,88,150,2,1.0,2.8,1.55,2.0,23,5.4,10.8,6.7,4.0,3.4000000000000004,True,True,,,,,,,,,COMPLETE
1632,-1000000000.0,2026-04-01 03:21:15.390865,2026-04-01 03:21:15.442698,0 days 00:00:00.051833,15,2.05,14,1,12,1.3,0.5,8,41,98,120,1,1.15,2.6,1.05,1.9,27,4.9,12.0,4.6,6.5,3.1,False,True,,,,,,,,,COMPLETE
1633,-1000000000.0,2026-04-01 03:21:15.476046,2026-04-01 03:21:18.016630,0 days 00:00:02.540584,14,2.4,14,0,15,2.0,0.95,10,37,71,30,5,1.05,4.1,1.7000000000000002,2.2,18,5.3,11.0,3.3,5.300000000000001,2.7,True,False,,,,,,,,,COMPLETE
1634,-1000000000.0,2026-04-01 03:21:18.062006,2026-04-01 03:21:18.125214,0 days 00:00:00.063208,18,2.5,15,5,18,1.7000000000000002,0.6,9,42,84,180,6,1.9500000000000002,4.800000000000001,1.2,2.3,20,5.7,10.4,6.300000000000001,5.0,3.2,False,True,,,,,,,,,COMPLETE
1635,-1000000000.0,2026-04-01 03:21:18.161667,2026-04-01 03:21:18.216987,0 days 00:00:00.055320,20,2.2,16,3,10,1.1,0.55,8,40,86,90,4,2.0,3.3,2.0,3.0,28,5.9,11.2,6.4,4.5,2.8,True,True,,,,,,,,,COMPLETE
1636,-1000000000.0,2026-04-01 03:21:18.256958,2026-04-01 03:21:18.317725,0 days 00:00:00.060767,14,1.9,24,2,11,1.75,0.75,5,44,73,150,3,1.85,2.5,1.9,2.8,9,5.1,14.2,5.9,3.0,3.6,False,True,,,,,,,,,COMPLETE
1637,-1000000000.0,2026-04-01 03:21:18.353258,2026-04-01 03:21:20.820185,0 days 00:00:02.466927,16,1.95,14,4,20,1.4,0.55,6,41,96,150,5,1.9,3.0,1.7000000000000002,1.5,15,6.0,12.4,5.7,4.8,4.0,True,False,,,,,,,,,COMPLETE
1638,-1000000000.0,2026-04-01 03:21:20.856061,2026-04-01 03:21:20.916397,0 days 00:00:00.060336,19,1.75,19,1,13,1.15,0.7,9,39,99,120,0,1.35,5.0,1.85,1.5,13,5.5,9.6,5.2,3.6,3.7,False,True,,,,,,,,,COMPLETE
1639,-1000000000.0,2026-04-01 03:21:20.968068,2026-04-01 03:21:23.466505,0 days 00:00:02.498437,13,2.3,21,0,14,1.6,0.6,8,36,85,150,2,1.45,2.9,1.1,1.6,19,3.8,8.4,6.9,6.6,2.3,True,True,,,,,,,,,COMPLETE
1640,-1000000000.0,2026-04-01 03:21:23.502900,2026-04-01 03:21:23.563545,0 days 00:00:00.060645,17,2.0,17,1,19,1.0,0.55,10,43,81,180,6,1.1,2.2,1.8,1.9,11,4.3,14.8,7.0,6.9,2.5,False,True,,,,,,,,,COMPLETE
1641,-1000000000.0,2026-04-01 03:21:23.601816,2026-04-01 03:21:26.198897,0 days 00:00:02.597081,12,2.45,16,2,16,1.65,0.65,7,37,82,90,4,1.25,3.2,1.0,2.1,21,3.9,11.4,5.1,5.4,3.0,True,False,,,,,,,,,COMPLETE
1642,-1000000000.0,2026-04-01 03:21:26.234279,2026-04-01 03:21:26.313320,0 days 00:00:00.079041,20,1.75,20,4,12,1.05,0.8500000000000001,9,35,90,30,1,1.9500000000000002,2.0,1.4,2.5,6,3.7,8.0,3.8,3.9,2.0,False,True,,,,,,,,,COMPLETE
1643,-1000000000.0,2026-04-01 03:21:26.351869,2026-04-01 03:21:26.441443,0 days 00:00:00.089574,16,2.25,14,3,14,1.5,0.5,8,40,79,120,5,1.55,4.2,1.9500000000000002,1.7,0,5.1,12.2,6.800000000000001,5.9,2.2,True,True,,,,,,,,,COMPLETE
1644,-1000000000.0,2026-04-01 03:21:26.481085,2026-04-01 03:21:29.083363,0 days 00:00:02.602278,14,1.45,15,5,17,1.2,0.8,9,38,78,180,3,1.2,2.1,1.5,2.1,26,4.2,13.2,3.4,6.1,3.3,False,False,,,,,,,,,COMPLETE
1645,-1000000000.0,2026-04-01 03:21:29.119246,2026-04-01 03:21:29.194003,0 days 00:00:00.074757,18,2.5,18,0,15,1.35,0.9,6,43,89,120,0,2.1,2.4,1.65,3.1,8,5.2,9.8,3.5,4.2,1.8,True,True,,,,,,,,,COMPLETE
1646,-1000000000.0,2026-04-01 03:21:29.249123,2026-04-01 03:21:29.326024,0 days 00:00:00.076901,15,2.15,17,2,20,1.8,0.7,7,44,100,150,6,2.05,4.0,1.55,2.9000000000000004,16,5.6,11.8,6.5,3.2,2.1,False,True,,,,,,,,,COMPLETE
1647,-1000000000.0,2026-04-01 03:21:29.362352,2026-04-01 03:21:29.427481,0 days 00:00:00.065129,17,2.35,22,1,16,1.15,0.55,8,41,91,150,3,1.75,2.6,1.75,2.0,2,5.3,9.2,4.8,5.800000000000001,1.5,True,True,,,,,,,,,COMPLETE
1648,-1000000000.0,2026-04-01 03:21:29.463855,2026-04-01 03:21:29.532449,0 days 00:00:00.068594,10,1.5999999999999999,25,3,18,1.9,0.95,10,42,70,90,5,1.3,4.300000000000001,1.6,2.2,10,5.0,10.6,5.5,3.7,3.2,False,False,,,,,,,,,COMPLETE
1649,-1000000000.0,2026-04-01 03:21:29.570185,2026-04-01 03:21:29.641654,0 days 00:00:00.071469,16,2.05,14,2,13,1.6,0.6,8,36,72,30,2,1.0,2.3,1.9,3.5,29,4.6,15.600000000000001,4.0,5.5,1.7,True,True,,,,,,,,,COMPLETE
1650,-1000000000.0,2026-04-01 03:21:29.689300,2026-04-01 03:21:29.760816,0 days 00:00:00.071516,14,2.25,15,1,14,1.2,0.5,9,43,88,180,4,1.85,2.7,1.45,2.6,12,6.0,13.600000000000001,6.1,6.300000000000001,1.6,True,True,,,,,,,,,COMPLETE
1651,-1000000000.0,2026-04-01 03:21:29.797486,2026-04-01 03:21:29.872980,0 days 00:00:00.075494,19,1.7,14,4,12,1.9500000000000002,0.55,7,39,92,60,5,2.0,2.5,1.35,1.6,21,5.4,12.600000000000001,4.1,3.8,1.9,False,True,,,,,,,,,COMPLETE
1652,-1000000000.0,2026-04-01 03:21:29.910198,2026-04-01 03:21:29.978749,0 days 00:00:00.068551,11,2.3,16,0,10,1.55,0.7,8,40,93,150,0,1.4,3.0,1.25,2.4,13,4.9,15.0,3.2,3.4,2.9000000000000004,True,False,,,,,,,,,COMPLETE
1653,-1000000000.0,2026-04-01 03:21:30.012822,2026-04-01 03:21:32.703592,0 days 00:00:02.690770,15,1.65,15,1,13,1.45,0.65,6,35,83,150,6,1.35,2.8,1.05,2.3,20,3.6,10.0,3.6,5.2,2.3,False,True,,,,,,,,,COMPLETE
1654,-1000000000.0,2026-04-01 03:21:32.741517,2026-04-01 03:21:32.816863,0 days 00:00:00.075346,13,1.7999999999999998,23,2,15,1.1,0.75,9,38,87,180,3,1.65,2.1,1.55,1.5,17,5.5,12.0,5.800000000000001,3.1,3.8000000000000003,True,True,,,,,,,,,COMPLETE
1655,-1000000000.0,2026-04-01 03:21:32.854609,2026-04-01 03:21:35.291715,0 days 00:00:02.437106,19,2.2,17,5,19,1.3,0.6,8,37,89,90,4,1.25,2.3,1.75,1.8,1,5.3,11.4,4.5,4.7,3.4000000000000004,False,True,,,,,,,,,COMPLETE
