number,value,state,datetime_start,datetime_complete,duration_seconds,params_json,fold_sharpes_json,avg_cv_sharpe
1105,-1000000000.0,TrialState.COMPLETE,2026-04-01T02:42:12.497614,2026-04-01T02:42:12.543580,0.045966,"{""atr_window"": 13, ""bb_std_dev"": 1.5, ""bb_window"": 20, ""cooldown"": 2, ""macd_fast"": 15, ""macd_k"": 1.4, ""macd_k_mid"": 0.65, ""macd_signal"": 9, ""macd_slow"": 41, ""macd_std_window"": 79, ""rebalance_freq"": 180, ""rebounce_block"": 3, ""sl_mult_lm"": 1.65, ""sl_mult_lr"": 3.5, ""sl_mult_sm"": 1.4, ""sl_mult_sr"": 2.2, ""time_stop"": 16, ""tp_mult_lm"": 5.4, ""tp_mult_lr"": 14.2, ""tp_mult_sm"": 4.9, ""tp_mult_sr"": 4.1, ""trail_mult"": 1.5, ""trail_tp"": false, ""use_trailing"": true}",{},
1106,-1000000000.0,TrialState.COMPLETE,2026-04-01T02:42:12.576211,2026-04-01T02:42:12.633837,0.057626,"{""atr_window"": 20, ""bb_std_dev"": 1.75, ""bb_window"": 15, ""cooldown"": 5, ""macd_fast"": 10, ""macd_k"": 1.6, ""macd_k_mid"": 0.55, ""macd_signal"": 7, ""macd_slow"": 44, ""macd_std_window"": 100, ""rebalance_freq"": 30, ""rebounce_block"": 6, ""sl_mult_lm"": 2.2, ""sl_mult_lr"": 2.0, ""sl_mult_sm"": 1.65, ""sl_mult_sr"": 1.5, ""time_stop"": 23, ""tp_mult_lm"": 4.2, ""tp_mult_lr"": 13.4, ""tp_mult_sm"": 6.4, ""tp_mult_sr"": 5.2, ""trail_mult"": 3.2, ""trail_tp"": true, ""use_trailing"": false}",{},
1107,-1000000000.0,TrialState.COMPLETE,2026-04-01T02:42:12.674267,2026-04-01T02:42:12.726626,0.052359,"{""atr_window"": 16, ""bb_std_dev"": 2.25, ""bb_window"": 23, ""cooldown"": 2, ""macd_fast"": 18, ""macd_k"": 1.2, ""macd_k_mid"": 0.55, ""macd_signal"": 8, ""macd_slow"": 43, ""macd_std_window"": 97, ""rebalance_freq"": 150, ""rebounce_block"": 0, ""sl_mult_lm"": 1.8, ""sl_mult_lr"": 2.2, ""sl_mult_sm"": 1.9, ""sl_mult_sr"": 1.9, ""time_stop"": 20, ""tp_mult_lm"": 5.5, ""tp_mult_lr"": 8.6, ""tp_mult_sm"": 4.3, ""tp_mult_sr"": 3.0, ""trail_mult"": 3.8000000000000003, ""trail_tp"": false, ""use_trailing"": true}",{},
1108,-1000000000.0,TrialState.COMPLETE,2026-04-01T02:42:12.763650,2026-04-01T02:42:12.812789,0.049139,"{""atr_window"": 15, ""bb_std_dev"": 2.4, ""bb_window"": 25, ""cooldown"": 4, ""macd_fast"": 12, ""macd_k"": 1.0, ""macd_k_mid"": 0.75, ""macd_signal"": 6, ""macd_slow"": 39, ""macd_std_window"": 71, ""rebalance_freq"": 120, ""rebounce_block"": 6, ""sl_mult_lm"": 1.4, ""sl_mult_lr"": 2.4, ""sl_mult_sm"": 1.15, ""sl_mult_sr"": 2.9000000000000004, ""time_stop"": 15, ""tp_mult_lm"": 4.9, ""tp_mult_lr"": 11.0, ""tp_mult_sm"": 3.3, ""tp_mult_sr"": 6.1, ""trail_mult"": 3.6, ""trail_tp"": true, ""use_trailing"": true}",{},
1109,-1000000000.0,TrialState.COMPLETE,2026-04-01T02:42:12.841697,2026-04-01T02:42:15.444741,2.603044,"{""atr_window"": 18, ""bb_std_dev"": 1.8499999999999999, ""bb_window"": 14, ""cooldown"": 1, ""macd_fast"": 19, ""macd_k"": 1.15, ""macd_k_mid"": 0.5, ""macd_signal"": 10, ""macd_slow"": 40, ""macd_std_window"": 89, ""rebalance_freq"": 150, ""rebounce_block"": 2, ""sl_mult_lm"": 1.25, ""sl_mult_lr"": 3.8, ""sl_mult_sm"": 1.3, ""sl_mult_sr"": 2.1, ""time_stop"": 19, ""tp_mult_lm"": 5.6, ""tp_mult_lr"": 11.8, ""tp_mult_sm"": 3.0, ""tp_mult_sr"": 5.6, ""trail_mult"": 2.5, ""trail_tp"": false, ""use_trailing"": true}",{},
1110,-1000000000.0,TrialState.COMPLETE,2026-04-01T02:42:15.478292,2026-04-01T02:42:17.921068,2.442776,"{""atr_window"": 11, ""bb_std_dev"": 2.0, ""bb_window"": 17, ""cooldown"": 0, ""macd_fast"": 16, ""macd_k"": 1.1, ""macd_k_mid"": 0.6, ""macd_signal"": 5, ""macd_slow"": 35, ""macd_std_window"": 81, ""rebalance_freq"": 60, ""rebounce_block"": 1, ""sl_mult_lm"": 1.5, ""sl_mult_lr"": 2.8, ""sl_mult_sm"": 1.9500000000000002, ""sl_mult_sr"": 1.6, ""time_stop"": 30, ""tp_mult_lm"": 5.7, ""tp_mult_lr"": 11.4, ""tp_mult_sm"": 4.6, ""tp_mult_sr"": 5.1, ""trail_mult"": 1.8, ""trail_tp"": true, ""use_trailing"": false}",{},
1111,-1000000000.0,TrialState.COMPLETE,2026-04-01T02:42:17.960250,2026-04-01T02:42:18.009175,0.048925,"{""atr_window"": 14, ""bb_std_dev"": 2.3, ""bb_window"": 18, ""cooldown"": 1, ""macd_fast"": 14, ""macd_k"": 1.05, ""macd_k_mid"": 0.55, ""macd_signal"": 9, ""macd_slow"": 44, ""macd_std_window"": 72, ""rebalance_freq"": 180, ""rebounce_block"": 3, ""sl_mult_lm"": 1.9500000000000002, ""sl_mult_lr"": 4.7, ""sl_mult_sm"": 1.75, ""sl_mult_sr"": 2.4, ""time_stop"": 13, ""tp_mult_lm"": 3.9, ""tp_mult_lr"": 13.8, ""tp_mult_sm"": 6.300000000000001, ""tp_mult_sr"": 6.300000000000001, ""trail_mult"": 2.1, ""trail_tp"": false, ""use_trailing"": true}",{},
1112,-1000000000.0,TrialState.COMPLETE,2026-04-01T02:42:18.042771,2026-04-01T02:42:18.086875,0.044104,"{""atr_window"": 10, ""bb_std_dev"": 2.15, ""bb_window"": 16, ""cooldown"": 3, ""macd_fast"": 13, ""macd_k"": 1.3, ""macd_k_mid"": 0.8, ""macd_signal"": 8, ""macd_slow"": 36, ""macd_std_window"": 88, ""rebalance_freq"": 120, ""rebounce_block"": 5, ""sl_mult_lm"": 2.0, ""sl_mult_lr"": 2.7, ""sl_mult_sm"": 1.8, ""sl_mult_sr"": 2.2, ""time_stop"": 14, ""tp_mult_lm"": 4.8, ""tp_mult_lr"": 12.600000000000001, ""tp_mult_sm"": 6.0, ""tp_mult_sr"": 6.0, ""trail_mult"": 3.1, ""trail_tp"": true, ""use_trailing"": true}",{},
1113,-1000000000.0,TrialState.COMPLETE,2026-04-01T02:42:18.127713,2026-04-01T02:42:18.172502,0.044789,"{""atr_window"": 17, ""bb_std_dev"": 2.45, ""bb_window"": 15, ""cooldown"": 2, ""macd_fast"": 11, ""macd_k"": 1.75, ""macd_k_mid"": 0.7, ""macd_signal"": 7, ""macd_slow"": 42, ""macd_std_window"": 70, ""rebalance_freq"": 90, ""rebounce_block"": 5, ""sl_mult_lm"": 1.1, ""sl_mult_lr"": 2.3, ""sl_mult_sm"": 1.85, ""sl_mult_sr"": 3.3, ""time_stop"": 6, ""tp_mult_lm"": 4.3, ""tp_mult_lr"": 12.4, ""tp_mult_sm"": 6.2, ""tp_mult_sr"": 4.3, ""trail_mult"": 2.2, ""trail_tp"": false, ""use_trailing"": true}",{},
1114,-1000000000.0,TrialState.COMPLETE,2026-04-01T02:42:18.205265,2026-04-01T02:42:18.249431,0.044166,"{""atr_window"": 15, ""bb_std_dev"": 1.5999999999999999, ""bb_window"": 14, ""cooldown"": 1, ""macd_fast"": 15, ""macd_k"": 1.45, ""macd_k_mid"": 0.8500000000000001, ""macd_signal"": 9, ""macd_slow"": 38, ""macd_std_window"": 84, ""rebalance_freq"": 180, ""rebounce_block"": 4, ""sl_mult_lm"": 1.35, ""sl_mult_lr"": 3.2, ""sl_mult_sm"": 1.55, ""sl_mult_sr"": 1.7, ""time_stop"": 11, ""tp_mult_lm"": 5.0, ""tp_mult_lr"": 11.8, ""tp_mult_sm"": 6.9, ""tp_mult_sr"": 5.7, ""trail_mult"": 2.1, ""trail_tp"": true, ""use_trailing"": false}",{},
1115,-1000000000.0,TrialState.COMPLETE,2026-04-01T02:42:18.282695,2026-04-01T02:42:18.337126,0.054431,"{""atr_window"": 20, ""bb_std_dev"": 2.4, ""bb_window"": 15, ""cooldown"": 0, ""macd_fast"": 20, ""macd_k"": 1.5, ""macd_k_mid"": 0.55, ""macd_signal"": 8, ""macd_slow"": 43, ""macd_std_window"": 90, ""rebalance_freq"": 150, ""rebounce_block"": 3, ""sl_mult_lm"": 1.15, ""sl_mult_lr"": 4.300000000000001, ""sl_mult_sm"": 1.6, ""sl_mult_sr"": 2.0, ""time_stop"": 21, ""tp_mult_lm"": 4.1, ""tp_mult_lr"": 12.8, ""tp_mult_sm"": 3.5, ""tp_mult_sr"": 3.9, ""trail_mult"": 1.6, ""trail_tp"": false, ""use_trailing"": true}",{},
1116,-1000000000.0,TrialState.COMPLETE,2026-04-01T02:42:18.375890,2026-04-01T02:42:18.424819,0.048929,"{""atr_window"": 18, ""bb_std_dev"": 2.2, ""bb_window"": 24, ""cooldown"": 5, ""macd_fast"": 14, ""macd_k"": 1.65, ""macd_k_mid"": 0.65, ""macd_signal"": 9, ""macd_slow"": 41, ""macd_std_window"": 98, ""rebalance_freq"": 30, ""rebounce_block"": 0, ""sl_mult_lm"": 1.6, ""sl_mult_lr"": 2.5, ""sl_mult_sm"": 1.45, ""sl_mult_sr"": 3.2, ""time_stop"": 24, ""tp_mult_lm"": 5.1, ""tp_mult_lr"": 10.0, ""tp_mult_sm"": 5.7, ""tp_mult_sr"": 5.800000000000001, ""trail_mult"": 2.7, ""trail_tp"": true, ""use_trailing"": true}",{},
1117,-1000000000.0,TrialState.COMPLETE,2026-04-01T02:42:18.462036,2026-04-01T02:42:20.929005,2.466969,"{""atr_window"": 13, ""bb_std_dev"": 2.1, ""bb_window"": 16, ""cooldown"": 4, ""macd_fast"": 17, ""macd_k"": 1.4, ""macd_k_mid"": 0.95, ""macd_signal"": 8, ""macd_slow"": 37, ""macd_std_window"": 94, ""rebalance_freq"": 90, ""rebounce_block"": 5, ""sl_mult_lm"": 1.85, ""sl_mult_lr"": 2.4, ""sl_mult_sm"": 1.2, ""sl_mult_sr"": 2.8, ""time_stop"": 0, ""tp_mult_lm"": 3.5, ""tp_mult_lr"": 14.8, ""tp_mult_sm"": 3.8, ""tp_mult_sr"": 3.6, ""trail_mult"": 2.6, ""trail_tp"": false, ""use_trailing"": true}",{},
1118,-1000000000.0,TrialState.COMPLETE,2026-04-01T02:42:20.963732,2026-04-01T02:42:21.008001,0.044269,"{""atr_window"": 16, ""bb_std_dev"": 2.5, ""bb_window"": 17, ""cooldown"": 1, ""macd_fast"": 13, ""macd_k"": 1.2, ""macd_k_mid"": 0.6, ""macd_signal"": 7, ""macd_slow"": 40, ""macd_std_window"": 91, ""rebalance_freq"": 150, ""rebounce_block"": 1, ""sl_mult_lm"": 1.3, ""sl_mult_lr"": 2.9, ""sl_mult_sm"": 1.7000000000000002, ""sl_mult_sr"": 3.1, ""time_stop"": 3, ""tp_mult_lm"": 5.4, ""tp_mult_lr"": 12.0, ""tp_mult_sm"": 6.5, ""tp_mult_sr"": 3.7, ""trail_mult"": 2.0, ""trail_tp"": true, ""use_trailing"": false}",{},
1119,-1000000000.0,TrialState.COMPLETE,2026-04-01T02:42:21.052733,2026-04-01T02:42:23.552254,2.499521,"{""atr_window"": 19, ""bb_std_dev"": 2.25, ""bb_window"": 14, ""cooldown"": 2, ""macd_fast"": 20, ""macd_k"": 1.15, ""macd_k_mid"": 0.5, ""macd_signal"": 10, ""macd_slow"": 37, ""macd_std_window"": 87, ""rebalance_freq"": 60, ""rebounce_block"": 6, ""sl_mult_lm"": 1.05, ""sl_mult_lr"": 3.0, ""sl_mult_sm"": 1.25, ""sl_mult_sr"": 3.4000000000000004, ""time_stop"": 8, ""tp_mult_lm"": 5.2, ""tp_mult_lr"": 11.6, ""tp_mult_sm"": 3.9, ""tp_mult_sr"": 4.7, ""trail_mult"": 2.3, ""trail_tp"": true, ""use_trailing"": true}",{},
1120,-1000000000.0,TrialState.COMPLETE,2026-04-01T02:42:23.579837,2026-04-01T02:42:23.619687,0.03985,"{""atr_window"": 17, ""bb_std_dev"": 2.35, ""bb_window"": 22, ""cooldown"": 3, ""macd_fast"": 12, ""macd_k"": 1.0, ""macd_k_mid"": 1.0, ""macd_signal"": 9, ""macd_slow"": 42, ""macd_std_window"": 78, ""rebalance_freq"": 120, ""rebounce_block"": 2, ""sl_mult_lm"": 1.75, ""sl_mult_lr"": 4.1, ""sl_mult_sm"": 1.65, ""sl_mult_sr"": 1.9, ""time_stop"": 7, ""tp_mult_lm"": 3.6, ""tp_mult_lr"": 15.0, ""tp_mult_sm"": 6.7, ""tp_mult_sr"": 3.0, ""trail_mult"": 2.9000000000000004, ""trail_tp"": false, ""use_trailing"": true}",{},
1121,-1000000000.0,TrialState.COMPLETE,2026-04-01T02:42:23.647207,2026-04-01T02:42:23.688338,0.041131,"{""atr_window"": 12, ""bb_std_dev"": 1.65, ""bb_window"": 19, ""cooldown"": 1, ""macd_fast"": 12, ""macd_k"": 1.55, ""macd_k_mid"": 0.7, ""macd_signal"": 6, ""macd_slow"": 35, ""macd_std_window"": 76, ""rebalance_freq"": 180, ""rebounce_block"": 0, ""sl_mult_lm"": 2.1500000000000004, ""sl_mult_lr"": 2.6, ""sl_mult_sm"": 1.1, ""sl_mult_sr"": 1.8, ""time_stop"": 27, ""tp_mult_lm"": 5.800000000000001, ""tp_mult_lr"": 9.6, ""tp_mult_sm"": 5.2, ""tp_mult_sr"": 3.8, ""trail_mult"": 3.2, ""trail_tp"": true, ""use_trailing"": false}",{},
1122,-1000000000.0,TrialState.COMPLETE,2026-04-01T02:42:23.722251,2026-04-01T02:42:23.776289,0.054038,"{""atr_window"": 14, ""bb_std_dev"": 1.7999999999999998, ""bb_window"": 20, ""cooldown"": 0, ""macd_fast"": 10, ""macd_k"": 1.1, ""macd_k_mid"": 0.55, ""macd_signal"": 8, ""macd_slow"": 39, ""macd_std_window"": 86, ""rebalance_freq"": 150, ""rebounce_block"": 6, ""sl_mult_lm"": 1.2, ""sl_mult_lr"": 2.1, ""sl_mult_sm"": 1.5, ""sl_mult_sr"": 2.4, ""time_stop"": 16, ""tp_mult_lm"": 5.3, ""tp_mult_lr"": 9.4, ""tp_mult_sm"": 3.1, ""tp_mult_sr"": 5.9, ""trail_mult"": 2.2, ""trail_tp"": false, ""use_trailing"": true}",{},
1123,-1000000000.0,TrialState.COMPLETE,2026-04-01T02:42:23.809252,2026-04-01T02:42:23.863773,0.054521,"{""atr_window"": 20, ""bb_std_dev"": 2.05, ""bb_window"": 14, ""cooldown"": 4, ""macd_fast"": 14, ""macd_k"": 1.7000000000000002, ""macd_k_mid"": 0.5, ""macd_signal"": 9, ""macd_slow"": 44, ""macd_std_window"": 82, ""rebalance_freq"": 150, ""rebounce_block"": 4, ""sl_mult_lm"": 1.0, ""sl_mult_lr"": 2.3, ""sl_mult_sm"": 1.75, ""sl_mult_sr"": 2.1, ""time_stop"": 12, ""tp_mult_lm"": 5.5, ""tp_mult_lr"": 13.0, ""tp_mult_sm"": 3.6, ""tp_mult_sr"": 4.2, ""trail_mult"": 3.7, ""trail_tp"": true, ""use_trailing"": true}",{},
1124,-1000000000.0,TrialState.COMPLETE,2026-04-01T02:42:23.897405,2026-04-01T02:42:26.411657,2.514252,"{""atr_window"": 18, ""bb_std_dev"": 1.7, ""bb_window"": 17, ""cooldown"": 3, ""macd_fast"": 18, ""macd_k"": 1.05, ""macd_k_mid"": 0.75, ""macd_signal"": 7, ""macd_slow"": 36, ""macd_std_window"": 99, ""rebalance_freq"": 30, ""rebounce_block"": 5, ""sl_mult_lm"": 1.55, ""sl_mult_lr"": 2.5, ""sl_mult_sm"": 1.05, ""sl_mult_sr"": 1.6, ""time_stop"": 17, ""tp_mult_lm"": 5.9, ""tp_mult_lr"": 17.0, ""tp_mult_sm"": 4.8, ""tp_mult_sr"": 7.0, ""trail_mult"": 3.0, ""trail_tp"": false, ""use_trailing"": true}",{},
1125,-1000000000.0,TrialState.COMPLETE,2026-04-01T02:42:26.446411,2026-04-01T02:42:26.494663,0.048252,"{""atr_window"": 16, ""bb_std_dev"": 2.5, ""bb_window"": 21, ""cooldown"": 2, ""macd_fast"": 16, ""macd_k"": 1.15, ""macd_k_mid"": 0.6, ""macd_signal"": 10, ""macd_slow"": 43, ""macd_std_window"": 85, ""rebalance_freq"": 120, ""rebounce_block"": 3, ""sl_mult_lm"": 1.35, ""sl_mult_lr"": 2.0, ""sl_mult_sm"": 1.9, ""sl_mult_sr"": 1.5, ""time_stop"": 22, ""tp_mult_lm"": 3.7, ""tp_mult_lr"": 11.2, ""tp_mult_sm"": 4.4, ""tp_mult_sr"": 4.4, ""trail_mult"": 4.0, ""trail_tp"": true, ""use_trailing"": false}",{},
1126,-1000000000.0,TrialState.COMPLETE,2026-04-01T02:42:26.529133,2026-04-01T02:42:26.586721,0.057588,"{""atr_window"": 14, ""bb_std_dev"": 2.3, ""bb_window"": 15, ""cooldown"": 5, ""macd_fast"": 19, ""macd_k"": 1.6, ""macd_k_mid"": 0.9, ""macd_signal"": 8, ""macd_slow"": 43, ""macd_std_window"": 89, ""rebalance_freq"": 90, ""rebounce_block"": 6, ""sl_mult_lm"": 1.4, ""sl_mult_lr"": 2.2, ""sl_mult_sm"": 1.85, ""sl_mult_sr"": 2.5, ""time_stop"": 11, ""tp_mult_lm"": 6.0, ""tp_mult_lr"": 8.0, ""tp_mult_sm"": 5.5, ""tp_mult_sr"": 4.0, ""trail_mult"": 3.2, ""trail_tp"": false, ""use_trailing"": true}",{},
1127,-1000000000.0,TrialState.COMPLETE,2026-04-01T02:42:26.620680,2026-04-01T02:42:26.666544,0.045864,"{""atr_window"": 14, ""bb_std_dev"": 2.45, ""bb_window"": 16, ""cooldown"": 1, ""macd_fast"": 17, ""macd_k"": 1.35, ""macd_k_mid"": 0.7, ""macd_signal"": 6, ""macd_slow"": 41, ""macd_std_window"": 70, ""rebalance_freq"": 150, ""rebounce_block"": 2, ""sl_mult_lm"": 1.9, ""sl_mult_lr"": 2.4, ""sl_mult_sm"": 1.55, ""sl_mult_sr"": 1.7, ""time_stop"": 25, ""tp_mult_lm"": 5.1, ""tp_mult_lr"": 15.4, ""tp_mult_sm"": 3.2, ""tp_mult_sr"": 6.2, ""trail_mult"": 2.3, ""trail_tp"": true, ""use_trailing"": true}",{},
1128,-1000000000.0,TrialState.COMPLETE,2026-04-01T02:42:26.700010,2026-04-01T02:42:26.744625,0.044615,"{""atr_window"": 15, ""bb_std_dev"": 1.9, ""bb_window"": 14, ""cooldown"": 0, ""macd_fast"": 11, ""macd_k"": 1.25, ""macd_k_mid"": 0.6, ""macd_signal"": 9, ""macd_slow"": 38, ""macd_std_window"": 81, ""rebalance_freq"": 180, ""rebounce_block"": 5, ""sl_mult_lm"": 2.0, ""sl_mult_lr"": 2.9, ""sl_mult_sm"": 1.8, ""sl_mult_sr"": 1.6, ""time_stop"": 2, ""tp_mult_lm"": 4.0, ""tp_mult_lr"": 9.0, ""tp_mult_sm"": 5.4, ""tp_mult_sr"": 6.4, ""trail_mult"": 1.8, ""trail_tp"": false, ""use_trailing"": true}",{},
1129,-1000000000.0,TrialState.COMPLETE,2026-04-01T02:42:26.776868,2026-04-01T02:42:26.822167,0.045299,"{""atr_window"": 11, ""bb_std_dev"": 1.75, ""bb_window"": 18, ""cooldown"": 1, ""macd_fast"": 15, ""macd_k"": 1.5, ""macd_k_mid"": 0.55, ""macd_signal"": 5, ""macd_slow"": 40, ""macd_std_window"": 100, ""rebalance_freq"": 150, ""rebounce_block"": 3, ""sl_mult_lm"": 2.1, ""sl_mult_lr"": 3.6, ""sl_mult_sm"": 1.7000000000000002, ""sl_mult_sr"": 2.6, ""time_stop"": 15, ""tp_mult_lm"": 5.7, ""tp_mult_lr"": 12.2, ""tp_mult_sm"": 5.0, ""tp_mult_sr"": 4.6, ""trail_mult"": 3.5, ""trail_tp"": true, ""use_trailing"": false}",{},
1130,-1000000000.0,TrialState.COMPLETE,2026-04-01T02:42:26.866539,2026-04-01T02:42:26.914531,0.047992,"{""atr_window"": 19, ""bb_std_dev"": 2.4, ""bb_window"": 23, ""cooldown"": 2, ""macd_fast"": 12, ""macd_k"": 1.2, ""macd_k_mid"": 0.8500000000000001, ""macd_signal"": 8, ""macd_slow"": 42, ""macd_std_window"": 83, ""rebalance_freq"": 180, ""rebounce_block"": 1, ""sl_mult_lm"": 2.05, ""sl_mult_lr"": 4.9, ""sl_mult_sm"": 2.0, ""sl_mult_sr"": 1.8, ""time_stop"": 18, ""tp_mult_lm"": 5.4, ""tp_mult_lr"": 10.2, ""tp_mult_sm"": 6.1, ""tp_mult_sr"": 3.3, ""trail_mult"": 3.6, ""trail_tp"": false, ""use_trailing"": true}",{},
1131,-1000000000.0,TrialState.COMPLETE,2026-04-01T02:42:26.952821,2026-04-01T02:42:27.003289,0.050468,"{""atr_window"": 16, ""bb_std_dev"": 2.15, ""bb_window"": 16, ""cooldown"": 4, ""macd_fast"": 13, ""macd_k"": 1.9500000000000002, ""macd_k_mid"": 0.65, ""macd_signal"": 7, ""macd_slow"": 44, ""macd_std_window"": 92, ""rebalance_freq"": 120, ""rebounce_block"": 4, ""sl_mult_lm"": 1.25, ""sl_mult_lr"": 2.5, ""sl_mult_sm"": 1.9500000000000002, ""sl_mult_sr"": 2.7, ""time_stop"": 21, ""tp_mult_lm"": 4.4, ""tp_mult_lr"": 10.6, ""tp_mult_sm"": 7.0, ""tp_mult_sr"": 6.6, ""trail_mult"": 2.8, ""trail_tp"": true, ""use_trailing"": true}",{},
1132,-1000000000.0,TrialState.COMPLETE,2026-04-01T02:42:27.037766,2026-04-01T02:42:27.083626,0.04586,"{""atr_window"": 20, ""bb_std_dev"": 2.05, ""bb_window"": 14, ""cooldown"": 3, ""macd_fast"": 14, ""macd_k"": 1.6, ""macd_k_mid"": 0.55, ""macd_signal"": 8, ""macd_slow"": 37, ""macd_std_window"": 84, ""rebalance_freq"": 30, ""rebounce_block"": 6, ""sl_mult_lm"": 1.1, ""sl_mult_lr"": 2.6, ""sl_mult_sm"": 1.65, ""sl_mult_sr"": 2.0, ""time_stop"": 17, ""tp_mult_lm"": 5.6, ""tp_mult_lr"": 13.600000000000001, ""tp_mult_sm"": 5.9, ""tp_mult_sr"": 5.5, ""trail_mult"": 3.3, ""trail_tp"": false, ""use_trailing"": true}",{},
1133,-1000000000.0,TrialState.COMPLETE,2026-04-01T02:42:27.118450,2026-04-01T02:42:29.540421,2.421971,"{""atr_window"": 18, ""bb_std_dev"": 2.35, ""bb_window"": 20, ""cooldown"": 2, ""macd_fast"": 20, ""macd_k"": 1.0, ""macd_k_mid"": 0.8, ""macd_signal"": 10, ""macd_slow"": 41, ""macd_std_window"": 88, ""rebalance_freq"": 90, ""rebounce_block"": 0, ""sl_mult_lm"": 1.9500000000000002, ""sl_mult_lr"": 2.3, ""sl_mult_sm"": 1.8, ""sl_mult_sr"": 3.2, ""time_stop"": 29, ""tp_mult_lm"": 5.2, ""tp_mult_lr"": 9.8, ""tp_mult_sm"": 4.5, ""tp_mult_sr"": 4.8, ""trail_mult"": 1.9, ""trail_tp"": true, ""use_trailing"": false}",{},
1134,-1000000000.0,TrialState.COMPLETE,2026-04-01T02:42:29.573201,2026-04-01T02:42:29.620256,0.047055,"{""atr_window"": 19, ""bb_std_dev"": 2.0, ""bb_window"": 15, ""cooldown"": 1, ""macd_fast"": 10, ""macd_k"": 1.55, ""macd_k_mid"": 0.95, ""macd_signal"": 9, ""macd_slow"": 39, ""macd_std_window"": 98, ""rebalance_freq"": 180, ""rebounce_block"": 5, ""sl_mult_lm"": 1.05, ""sl_mult_lr"": 2.2, ""sl_mult_sm"": 1.0, ""sl_mult_sr"": 2.3, ""time_stop"": 28, ""tp_mult_lm"": 5.3, ""tp_mult_lr"": 11.8, ""tp_mult_sm"": 5.800000000000001, ""tp_mult_sr"": 5.7, ""trail_mult"": 2.2, ""trail_tp"": false, ""use_trailing"": true}",{},
1135,-1000000000.0,TrialState.COMPLETE,2026-04-01T02:42:29.665540,2026-04-01T02:42:29.723343,0.057803,"{""atr_window"": 13, ""bb_std_dev"": 2.5, ""bb_window"": 14, ""cooldown"": 2, ""macd_fast"": 16, ""macd_k"": 1.3, ""macd_k_mid"": 0.5, ""macd_signal"": 7, ""macd_slow"": 40, ""macd_std_window"": 93, ""rebalance_freq"": 150, ""rebounce_block"": 2, ""sl_mult_lm"": 1.35, ""sl_mult_lr"": 4.800000000000001, ""sl_mult_sm"": 1.6, ""sl_mult_sr"": 2.1, ""time_stop"": 13, ""tp_mult_lm"": 4.5, ""tp_mult_lr"": 16.8, ""tp_mult_sm"": 3.4, ""tp_mult_sr"": 3.1, ""trail_mult"": 3.8000000000000003, ""trail_tp"": true, ""use_trailing"": true}",{},
1136,-1000000000.0,TrialState.COMPLETE,2026-04-01T02:42:29.758163,2026-04-01T02:42:32.356631,2.598468,"{""atr_window"": 17, ""bb_std_dev"": 1.5, ""bb_window"": 15, ""cooldown"": 0, ""macd_fast"": 14, ""macd_k"": 1.4, ""macd_k_mid"": 0.65, ""macd_signal"": 8, ""macd_slow"": 35, ""macd_std_window"": 82, ""rebalance_freq"": 120, ""rebounce_block"": 3, ""sl_mult_lm"": 1.7000000000000002, ""sl_mult_lr"": 2.4, ""sl_mult_sm"": 1.5, ""sl_mult_sr"": 1.5, ""time_stop"": 5, ""tp_mult_lm"": 4.9, ""tp_mult_lr"": 10.8, ""tp_mult_sm"": 6.800000000000001, ""tp_mult_sr"": 4.5, ""trail_mult"": 3.9000000000000004, ""trail_tp"": false, ""use_trailing"": false}",{},
1137,-1000000000.0,TrialState.COMPLETE,2026-04-01T02:42:32.389294,2026-04-01T02:42:34.810580,2.421286,"{""atr_window"": 14, ""bb_std_dev"": 1.95, ""bb_window"": 25, ""cooldown"": 4, ""macd_fast"": 15, ""macd_k"": 2.0, ""macd_k_mid"": 0.6, ""macd_signal"": 9, ""macd_slow"": 36, ""macd_std_window"": 91, ""rebalance_freq"": 60, ""rebounce_block"": 5, ""sl_mult_lm"": 1.2, ""sl_mult_lr"": 4.0, ""sl_mult_sm"": 1.75, ""sl_mult_sr"": 1.9, ""time_stop"": 19, ""tp_mult_lm"": 5.0, ""tp_mult_lr"": 16.0, ""tp_mult_sm"": 4.9, ""tp_mult_sr"": 5.0, ""trail_mult"": 3.1, ""trail_tp"": true, ""use_trailing"": true}",{},
1138,-1000000000.0,TrialState.COMPLETE,2026-04-01T02:42:34.837644,2026-04-01T02:42:34.894889,0.057245,"{""atr_window"": 15, ""bb_std_dev"": 2.1, ""bb_window"": 21, ""cooldown"": 5, ""macd_fast"": 18, ""macd_k"": 1.8, ""macd_k_mid"": 0.55, ""macd_signal"": 8, ""macd_slow"": 43, ""macd_std_window"": 87, ""rebalance_freq"": 150, ""rebounce_block"": 4, ""sl_mult_lm"": 1.45, ""sl_mult_lr"": 2.8, ""sl_mult_sm"": 1.05, ""sl_mult_sr"": 2.2, ""time_stop"": 9, ""tp_mult_lm"": 5.6, ""tp_mult_lr"": 12.8, ""tp_mult_sm"": 4.7, ""tp_mult_sr"": 6.1, ""trail_mult"": 2.4, ""trail_tp"": false, ""use_trailing"": true}",{},
