number,value,state,datetime_start,datetime_complete,duration_seconds,params_json,fold_sharpes_json,avg_cv_sharpe
2924,1.7271142857142856,TrialState.COMPLETE,2026-04-01T08:48:33.334831,2026-04-01T08:48:35.996900,2.662069,"{""atr_window"": 18, ""bb_std_dev"": 2.45, ""bb_window"": 21, ""cooldown"": 2, ""macd_fast"": 15, ""macd_k"": 1.05, ""macd_k_mid"": 0.7, ""macd_signal"": 5, ""macd_slow"": 35, ""macd_std_window"": 89, ""rebalance_freq"": 90, ""rebounce_block"": 5, ""sl_mult_lm"": 1.15, ""sl_mult_lr"": 2.5, ""sl_mult_sm"": 1.4, ""sl_mult_sr"": 1.8, ""time_stop"": 26, ""tp_mult_lm"": 5.2, ""tp_mult_lr"": 11.2, ""tp_mult_sm"": 3.2, ""tp_mult_sr"": 5.5, ""trail_mult"": 3.5, ""trail_tp"": false, ""use_trailing"": false}",{},
2925,-1000000000.0,TrialState.COMPLETE,2026-04-01T08:48:36.038168,2026-04-01T08:48:38.508047,2.469879,"{""atr_window"": 18, ""bb_std_dev"": 2.5, ""bb_window"": 21, ""cooldown"": 2, ""macd_fast"": 15, ""macd_k"": 1.0, ""macd_k_mid"": 0.7, ""macd_signal"": 5, ""macd_slow"": 35, ""macd_std_window"": 89, ""rebalance_freq"": 90, ""rebounce_block"": 5, ""sl_mult_lm"": 1.1, ""sl_mult_lr"": 2.5, ""sl_mult_sm"": 1.4, ""sl_mult_sr"": 1.8, ""time_stop"": 27, ""tp_mult_lm"": 5.2, ""tp_mult_lr"": 11.0, ""tp_mult_sm"": 3.2, ""tp_mult_sr"": 5.5, ""trail_mult"": 3.5, ""trail_tp"": false, ""use_trailing"": false}",{},
2926,2.4979714285714287,TrialState.COMPLETE,2026-04-01T08:48:38.548696,2026-04-01T08:48:41.159160,2.610464,"{""atr_window"": 18, ""bb_std_dev"": 2.45, ""bb_window"": 21, ""cooldown"": 2, ""macd_fast"": 15, ""macd_k"": 1.0, ""macd_k_mid"": 0.7, ""macd_signal"": 5, ""macd_slow"": 35, ""macd_std_window"": 89, ""rebalance_freq"": 90, ""rebounce_block"": 5, ""sl_mult_lm"": 1.05, ""sl_mult_lr"": 2.5, ""sl_mult_sm"": 1.4, ""sl_mult_sr"": 1.8, ""time_stop"": 28, ""tp_mult_lm"": 5.2, ""tp_mult_lr"": 11.2, ""tp_mult_sm"": 3.0, ""tp_mult_sr"": 5.5, ""trail_mult"": 3.4000000000000004, ""trail_tp"": false, ""use_trailing"": false}",{},
2927,-1000000000.0,TrialState.COMPLETE,2026-04-01T08:48:41.194476,2026-04-01T08:48:43.790804,2.596328,"{""atr_window"": 18, ""bb_std_dev"": 2.5, ""bb_window"": 21, ""cooldown"": 2, ""macd_fast"": 15, ""macd_k"": 1.0, ""macd_k_mid"": 0.7, ""macd_signal"": 5, ""macd_slow"": 35, ""macd_std_window"": 89, ""rebalance_freq"": 90, ""rebounce_block"": 5, ""sl_mult_lm"": 1.1, ""sl_mult_lr"": 2.5, ""sl_mult_sm"": 1.4, ""sl_mult_sr"": 1.8, ""time_stop"": 27, ""tp_mult_lm"": 5.2, ""tp_mult_lr"": 11.0, ""tp_mult_sm"": 3.0, ""tp_mult_sr"": 5.5, ""trail_mult"": 3.4000000000000004, ""trail_tp"": false, ""use_trailing"": false}",{},
2928,-1000000000.0,TrialState.COMPLETE,2026-04-01T08:48:43.827001,2026-04-01T08:48:46.595098,2.768097,"{""atr_window"": 18, ""bb_std_dev"": 2.4, ""bb_window"": 21, ""cooldown"": 2, ""macd_fast"": 15, ""macd_k"": 1.05, ""macd_k_mid"": 0.7, ""macd_signal"": 5, ""macd_slow"": 35, ""macd_std_window"": 89, ""rebalance_freq"": 90, ""rebounce_block"": 5, ""sl_mult_lm"": 1.05, ""sl_mult_lr"": 2.5, ""sl_mult_sm"": 1.4, ""sl_mult_sr"": 1.8, ""time_stop"": 29, ""tp_mult_lm"": 5.2, ""tp_mult_lr"": 11.0, ""tp_mult_sm"": 3.2, ""tp_mult_sr"": 5.5, ""trail_mult"": 3.5, ""trail_tp"": false, ""use_trailing"": false}",{},
2929,1.715642857142857,TrialState.COMPLETE,2026-04-01T08:48:46.638359,2026-04-01T08:48:49.207056,2.568697,"{""atr_window"": 18, ""bb_std_dev"": 2.45, ""bb_window"": 21, ""cooldown"": 2, ""macd_fast"": 15, ""macd_k"": 1.05, ""macd_k_mid"": 0.7, ""macd_signal"": 5, ""macd_slow"": 35, ""macd_std_window"": 89, ""rebalance_freq"": 90, ""rebounce_block"": 5, ""sl_mult_lm"": 1.15, ""sl_mult_lr"": 2.5, ""sl_mult_sm"": 1.4, ""sl_mult_sr"": 1.8, ""time_stop"": 26, ""tp_mult_lm"": 5.2, ""tp_mult_lr"": 11.0, ""tp_mult_sm"": 3.1, ""tp_mult_sr"": 5.4, ""trail_mult"": 3.4000000000000004, ""trail_tp"": false, ""use_trailing"": false}",{},
2930,2.70595,TrialState.COMPLETE,2026-04-01T08:48:49.249180,2026-04-01T08:48:51.849091,2.599911,"{""atr_window"": 18, ""bb_std_dev"": 2.45, ""bb_window"": 21, ""cooldown"": 2, ""macd_fast"": 15, ""macd_k"": 1.0, ""macd_k_mid"": 0.7, ""macd_signal"": 5, ""macd_slow"": 35, ""macd_std_window"": 89, ""rebalance_freq"": 90, ""rebounce_block"": 5, ""sl_mult_lm"": 1.1, ""sl_mult_lr"": 2.5, ""sl_mult_sm"": 1.4, ""sl_mult_sr"": 1.8, ""time_stop"": 27, ""tp_mult_lm"": 5.2, ""tp_mult_lr"": 11.2, ""tp_mult_sm"": 3.0, ""tp_mult_sr"": 5.4, ""trail_mult"": 3.5, ""trail_tp"": false, ""use_trailing"": false}",{},
2931,-1000000000.0,TrialState.COMPLETE,2026-04-01T08:48:51.893961,2026-04-01T08:48:54.459547,2.565586,"{""atr_window"": 18, ""bb_std_dev"": 2.4, ""bb_window"": 21, ""cooldown"": 2, ""macd_fast"": 15, ""macd_k"": 1.0, ""macd_k_mid"": 0.7, ""macd_signal"": 5, ""macd_slow"": 35, ""macd_std_window"": 90, ""rebalance_freq"": 90, ""rebounce_block"": 5, ""sl_mult_lm"": 1.1, ""sl_mult_lr"": 2.5, ""sl_mult_sm"": 1.4, ""sl_mult_sr"": 1.8, ""time_stop"": 28, ""tp_mult_lm"": 5.2, ""tp_mult_lr"": 11.0, ""tp_mult_sm"": 3.2, ""tp_mult_sr"": 5.5, ""trail_mult"": 3.4000000000000004, ""trail_tp"": false, ""use_trailing"": false}",{},
2932,-1000000000.0,TrialState.COMPLETE,2026-04-01T08:48:54.500649,2026-04-01T08:48:57.131338,2.630689,"{""atr_window"": 18, ""bb_std_dev"": 2.5, ""bb_window"": 21, ""cooldown"": 2, ""macd_fast"": 15, ""macd_k"": 1.0, ""macd_k_mid"": 0.7, ""macd_signal"": 5, ""macd_slow"": 35, ""macd_std_window"": 90, ""rebalance_freq"": 90, ""rebounce_block"": 5, ""sl_mult_lm"": 1.15, ""sl_mult_lr"": 2.5, ""sl_mult_sm"": 1.4, ""sl_mult_sr"": 1.8, ""time_stop"": 26, ""tp_mult_lm"": 5.2, ""tp_mult_lr"": 10.8, ""tp_mult_sm"": 3.1, ""tp_mult_sr"": 5.4, ""trail_mult"": 3.4000000000000004, ""trail_tp"": false, ""use_trailing"": false}",{},
2933,2.7068499999999998,TrialState.COMPLETE,2026-04-01T08:48:57.166167,2026-04-01T08:48:59.725979,2.559812,"{""atr_window"": 18, ""bb_std_dev"": 2.45, ""bb_window"": 21, ""cooldown"": 2, ""macd_fast"": 15, ""macd_k"": 1.05, ""macd_k_mid"": 0.7, ""macd_signal"": 5, ""macd_slow"": 35, ""macd_std_window"": 89, ""rebalance_freq"": 90, ""rebounce_block"": 5, ""sl_mult_lm"": 1.1, ""sl_mult_lr"": 2.5, ""sl_mult_sm"": 1.4, ""sl_mult_sr"": 1.8, ""time_stop"": 27, ""tp_mult_lm"": 5.2, ""tp_mult_lr"": 10.8, ""tp_mult_sm"": 3.1, ""tp_mult_sr"": 5.5, ""trail_mult"": 3.5, ""trail_tp"": false, ""use_trailing"": false}",{},
2934,2.136485714285714,TrialState.COMPLETE,2026-04-01T08:48:59.767947,2026-04-01T08:49:02.346220,2.578273,"{""atr_window"": 18, ""bb_std_dev"": 2.4, ""bb_window"": 21, ""cooldown"": 2, ""macd_fast"": 15, ""macd_k"": 1.0, ""macd_k_mid"": 0.7, ""macd_signal"": 5, ""macd_slow"": 35, ""macd_std_window"": 90, ""rebalance_freq"": 90, ""rebounce_block"": 5, ""sl_mult_lm"": 1.05, ""sl_mult_lr"": 2.6, ""sl_mult_sm"": 1.4, ""sl_mult_sr"": 1.8, ""time_stop"": 28, ""tp_mult_lm"": 5.2, ""tp_mult_lr"": 10.4, ""tp_mult_sm"": 3.0, ""tp_mult_sr"": 5.4, ""trail_mult"": 3.5, ""trail_tp"": false, ""use_trailing"": false}",{},
2935,-1000000000.0,TrialState.COMPLETE,2026-04-01T08:49:02.388979,2026-04-01T08:49:04.965617,2.576638,"{""atr_window"": 18, ""bb_std_dev"": 2.45, ""bb_window"": 21, ""cooldown"": 2, ""macd_fast"": 15, ""macd_k"": 1.0, ""macd_k_mid"": 0.7, ""macd_signal"": 5, ""macd_slow"": 35, ""macd_std_window"": 89, ""rebalance_freq"": 90, ""rebounce_block"": 5, ""sl_mult_lm"": 1.05, ""sl_mult_lr"": 2.6, ""sl_mult_sm"": 1.45, ""sl_mult_sr"": 1.8, ""time_stop"": 28, ""tp_mult_lm"": 5.2, ""tp_mult_lr"": 10.6, ""tp_mult_sm"": 3.2, ""tp_mult_sr"": 5.5, ""trail_mult"": 3.4000000000000004, ""trail_tp"": false, ""use_trailing"": false}",{},
2936,-1000000000.0,TrialState.COMPLETE,2026-04-01T08:49:05.007243,2026-04-01T08:49:07.573600,2.566357,"{""atr_window"": 18, ""bb_std_dev"": 2.5, ""bb_window"": 21, ""cooldown"": 2, ""macd_fast"": 15, ""macd_k"": 1.05, ""macd_k_mid"": 0.7, ""macd_signal"": 5, ""macd_slow"": 35, ""macd_std_window"": 90, ""rebalance_freq"": 90, ""rebounce_block"": 5, ""sl_mult_lm"": 1.15, ""sl_mult_lr"": 2.5, ""sl_mult_sm"": 1.45, ""sl_mult_sr"": 1.8, ""time_stop"": 26, ""tp_mult_lm"": 5.2, ""tp_mult_lr"": 10.6, ""tp_mult_sm"": 3.0, ""tp_mult_sr"": 5.4, ""trail_mult"": 3.4000000000000004, ""trail_tp"": false, ""use_trailing"": false}",{},
2937,2.6049,TrialState.COMPLETE,2026-04-01T08:49:07.614813,2026-04-01T08:49:10.249639,2.634826,"{""atr_window"": 18, ""bb_std_dev"": 2.45, ""bb_window"": 21, ""cooldown"": 2, ""macd_fast"": 15, ""macd_k"": 1.0, ""macd_k_mid"": 0.7, ""macd_signal"": 5, ""macd_slow"": 35, ""macd_std_window"": 89, ""rebalance_freq"": 90, ""rebounce_block"": 5, ""sl_mult_lm"": 1.1, ""sl_mult_lr"": 2.6, ""sl_mult_sm"": 1.4, ""sl_mult_sr"": 1.8, ""time_stop"": 27, ""tp_mult_lm"": 5.2, ""tp_mult_lr"": 11.0, ""tp_mult_sm"": 3.1, ""tp_mult_sr"": 5.4, ""trail_mult"": 3.5, ""trail_tp"": false, ""use_trailing"": false}",{},
2938,-1000000000.0,TrialState.COMPLETE,2026-04-01T08:49:10.303608,2026-04-01T08:49:12.888574,2.584966,"{""atr_window"": 18, ""bb_std_dev"": 2.45, ""bb_window"": 21, ""cooldown"": 2, ""macd_fast"": 15, ""macd_k"": 1.0, ""macd_k_mid"": 0.7, ""macd_signal"": 5, ""macd_slow"": 35, ""macd_std_window"": 90, ""rebalance_freq"": 90, ""rebounce_block"": 5, ""sl_mult_lm"": 1.1, ""sl_mult_lr"": 2.5, ""sl_mult_sm"": 1.4, ""sl_mult_sr"": 1.8, ""time_stop"": 29, ""tp_mult_lm"": 5.2, ""tp_mult_lr"": 11.2, ""tp_mult_sm"": 3.2, ""tp_mult_sr"": 5.1, ""trail_mult"": 3.4000000000000004, ""trail_tp"": false, ""use_trailing"": false}",{},
2939,-1000000000.0,TrialState.COMPLETE,2026-04-01T08:49:12.921949,2026-04-01T08:49:15.541242,2.619293,"{""atr_window"": 18, ""bb_std_dev"": 2.5, ""bb_window"": 21, ""cooldown"": 2, ""macd_fast"": 15, ""macd_k"": 1.05, ""macd_k_mid"": 0.7, ""macd_signal"": 5, ""macd_slow"": 35, ""macd_std_window"": 89, ""rebalance_freq"": 90, ""rebounce_block"": 5, ""sl_mult_lm"": 1.05, ""sl_mult_lr"": 2.6, ""sl_mult_sm"": 1.45, ""sl_mult_sr"": 1.7, ""time_stop"": 26, ""tp_mult_lm"": 5.2, ""tp_mult_lr"": 10.4, ""tp_mult_sm"": 3.0, ""tp_mult_sr"": 5.4, ""trail_mult"": 3.4000000000000004, ""trail_tp"": false, ""use_trailing"": false}",{},
2940,1.891814285714286,TrialState.COMPLETE,2026-04-01T08:49:15.586059,2026-04-01T08:49:18.161453,2.575394,"{""atr_window"": 18, ""bb_std_dev"": 2.4, ""bb_window"": 21, ""cooldown"": 2, ""macd_fast"": 15, ""macd_k"": 1.0, ""macd_k_mid"": 0.7, ""macd_signal"": 5, ""macd_slow"": 35, ""macd_std_window"": 90, ""rebalance_freq"": 90, ""rebounce_block"": 5, ""sl_mult_lm"": 1.15, ""sl_mult_lr"": 2.6, ""sl_mult_sm"": 1.45, ""sl_mult_sr"": 1.7, ""time_stop"": 27, ""tp_mult_lm"": 5.2, ""tp_mult_lr"": 10.8, ""tp_mult_sm"": 3.1, ""tp_mult_sr"": 5.5, ""trail_mult"": 3.5, ""trail_tp"": false, ""use_trailing"": false}",{},
2941,-1000000000.0,TrialState.COMPLETE,2026-04-01T08:49:18.202738,2026-04-01T08:49:20.805713,2.602975,"{""atr_window"": 18, ""bb_std_dev"": 2.45, ""bb_window"": 21, ""cooldown"": 2, ""macd_fast"": 15, ""macd_k"": 1.05, ""macd_k_mid"": 0.7, ""macd_signal"": 5, ""macd_slow"": 35, ""macd_std_window"": 91, ""rebalance_freq"": 90, ""rebounce_block"": 5, ""sl_mult_lm"": 1.1, ""sl_mult_lr"": 2.5, ""sl_mult_sm"": 1.45, ""sl_mult_sr"": 1.8, ""time_stop"": 28, ""tp_mult_lm"": 5.2, ""tp_mult_lr"": 11.0, ""tp_mult_sm"": 3.2, ""tp_mult_sr"": 5.2, ""trail_mult"": 3.4000000000000004, ""trail_tp"": false, ""use_trailing"": false}",{},
2942,-1000000000.0,TrialState.COMPLETE,2026-04-01T08:49:20.846537,2026-04-01T08:49:23.758530,2.911993,"{""atr_window"": 18, ""bb_std_dev"": 2.5, ""bb_window"": 21, ""cooldown"": 2, ""macd_fast"": 15, ""macd_k"": 1.0, ""macd_k_mid"": 0.7, ""macd_signal"": 5, ""macd_slow"": 35, ""macd_std_window"": 90, ""rebalance_freq"": 90, ""rebounce_block"": 5, ""sl_mult_lm"": 1.15, ""sl_mult_lr"": 2.5, ""sl_mult_sm"": 1.4, ""sl_mult_sr"": 1.7, ""time_stop"": 27, ""tp_mult_lm"": 5.2, ""tp_mult_lr"": 10.8, ""tp_mult_sm"": 3.0, ""tp_mult_sr"": 5.300000000000001, ""trail_mult"": 3.5, ""trail_tp"": false, ""use_trailing"": false}",{},
2943,-1000000000.0,TrialState.COMPLETE,2026-04-01T08:49:23.828863,2026-04-01T08:49:27.849366,4.020503,"{""atr_window"": 18, ""bb_std_dev"": 2.4, ""bb_window"": 21, ""cooldown"": 2, ""macd_fast"": 15, ""macd_k"": 1.05, ""macd_k_mid"": 0.7, ""macd_signal"": 5, ""macd_slow"": 35, ""macd_std_window"": 89, ""rebalance_freq"": 90, ""rebounce_block"": 5, ""sl_mult_lm"": 1.1, ""sl_mult_lr"": 2.6, ""sl_mult_sm"": 1.45, ""sl_mult_sr"": 1.8, ""time_stop"": 27, ""tp_mult_lm"": 5.2, ""tp_mult_lr"": 10.6, ""tp_mult_sm"": 3.1, ""tp_mult_sr"": 5.300000000000001, ""trail_mult"": 3.5, ""trail_tp"": false, ""use_trailing"": false}",{},
2944,-1000000000.0,TrialState.COMPLETE,2026-04-01T08:49:27.919926,2026-04-01T08:49:31.695046,3.77512,"{""atr_window"": 18, ""bb_std_dev"": 2.45, ""bb_window"": 21, ""cooldown"": 2, ""macd_fast"": 15, ""macd_k"": 1.0, ""macd_k_mid"": 0.7, ""macd_signal"": 5, ""macd_slow"": 35, ""macd_std_window"": 91, ""rebalance_freq"": 90, ""rebounce_block"": 5, ""sl_mult_lm"": 1.05, ""sl_mult_lr"": 2.6, ""sl_mult_sm"": 1.5, ""sl_mult_sr"": 1.7, ""time_stop"": 26, ""tp_mult_lm"": 5.1, ""tp_mult_lr"": 11.2, ""tp_mult_sm"": 3.0, ""tp_mult_sr"": 5.2, ""trail_mult"": 3.4000000000000004, ""trail_tp"": false, ""use_trailing"": false}",{},
2945,-1000000000.0,TrialState.COMPLETE,2026-04-01T08:49:31.741829,2026-04-01T08:49:35.504589,3.76276,"{""atr_window"": 18, ""bb_std_dev"": 2.45, ""bb_window"": 21, ""cooldown"": 2, ""macd_fast"": 15, ""macd_k"": 1.0, ""macd_k_mid"": 0.7, ""macd_signal"": 5, ""macd_slow"": 35, ""macd_std_window"": 90, ""rebalance_freq"": 90, ""rebounce_block"": 5, ""sl_mult_lm"": 1.1, ""sl_mult_lr"": 2.5, ""sl_mult_sm"": 1.45, ""sl_mult_sr"": 1.7, ""time_stop"": 28, ""tp_mult_lm"": 5.2, ""tp_mult_lr"": 10.4, ""tp_mult_sm"": 3.2, ""tp_mult_sr"": 5.1, ""trail_mult"": 3.4000000000000004, ""trail_tp"": false, ""use_trailing"": false}",{},
2946,-1000000000.0,TrialState.COMPLETE,2026-04-01T08:49:35.549911,2026-04-01T08:49:39.664048,4.114137,"{""atr_window"": 18, ""bb_std_dev"": 2.5, ""bb_window"": 21, ""cooldown"": 2, ""macd_fast"": 15, ""macd_k"": 1.0, ""macd_k_mid"": 0.7, ""macd_signal"": 5, ""macd_slow"": 35, ""macd_std_window"": 89, ""rebalance_freq"": 90, ""rebounce_block"": 5, ""sl_mult_lm"": 1.15, ""sl_mult_lr"": 2.6, ""sl_mult_sm"": 1.4, ""sl_mult_sr"": 1.8, ""time_stop"": 27, ""tp_mult_lm"": 5.1, ""tp_mult_lr"": 10.8, ""tp_mult_sm"": 3.1, ""tp_mult_sr"": 5.4, ""trail_mult"": 3.5, ""trail_tp"": false, ""use_trailing"": false}",{},
2947,-1000000000.0,TrialState.COMPLETE,2026-04-01T08:49:39.733558,2026-04-01T08:49:43.370390,3.636832,"{""atr_window"": 18, ""bb_std_dev"": 2.4, ""bb_window"": 21, ""cooldown"": 2, ""macd_fast"": 15, ""macd_k"": 1.05, ""macd_k_mid"": 0.7, ""macd_signal"": 5, ""macd_slow"": 35, ""macd_std_window"": 90, ""rebalance_freq"": 90, ""rebounce_block"": 5, ""sl_mult_lm"": 1.05, ""sl_mult_lr"": 2.5, ""sl_mult_sm"": 1.4, ""sl_mult_sr"": 1.7, ""time_stop"": 29, ""tp_mult_lm"": 5.2, ""tp_mult_lr"": 10.6, ""tp_mult_sm"": 3.1, ""tp_mult_sr"": 5.300000000000001, ""trail_mult"": 3.5, ""trail_tp"": false, ""use_trailing"": false}",{},
2948,1.8119785714285714,TrialState.COMPLETE,2026-04-01T08:49:43.422611,2026-04-01T08:49:47.629896,4.207285,"{""atr_window"": 18, ""bb_std_dev"": 2.45, ""bb_window"": 21, ""cooldown"": 2, ""macd_fast"": 15, ""macd_k"": 1.0, ""macd_k_mid"": 0.7, ""macd_signal"": 5, ""macd_slow"": 35, ""macd_std_window"": 91, ""rebalance_freq"": 90, ""rebounce_block"": 5, ""sl_mult_lm"": 1.1, ""sl_mult_lr"": 2.6, ""sl_mult_sm"": 1.45, ""sl_mult_sr"": 1.8, ""time_stop"": 26, ""tp_mult_lm"": 5.1, ""tp_mult_lr"": 11.0, ""tp_mult_sm"": 3.0, ""tp_mult_sr"": 5.4, ""trail_mult"": 3.4000000000000004, ""trail_tp"": false, ""use_trailing"": false}",{},
2949,-1000000000.0,TrialState.COMPLETE,2026-04-01T08:49:47.691316,2026-04-01T08:49:51.013181,3.321865,"{""atr_window"": 18, ""bb_std_dev"": 2.45, ""bb_window"": 21, ""cooldown"": 2, ""macd_fast"": 15, ""macd_k"": 1.0, ""macd_k_mid"": 0.7, ""macd_signal"": 5, ""macd_slow"": 35, ""macd_std_window"": 89, ""rebalance_freq"": 90, ""rebounce_block"": 5, ""sl_mult_lm"": 1.15, ""sl_mult_lr"": 2.5, ""sl_mult_sm"": 1.45, ""sl_mult_sr"": 1.7, ""time_stop"": 28, ""tp_mult_lm"": 5.2, ""tp_mult_lr"": 10.4, ""tp_mult_sm"": 3.2, ""tp_mult_sr"": 5.5, ""trail_mult"": 3.4000000000000004, ""trail_tp"": false, ""use_trailing"": false}",{},
2950,-1000000000.0,TrialState.COMPLETE,2026-04-01T08:49:51.057045,2026-04-01T08:49:54.528755,3.47171,"{""atr_window"": 18, ""bb_std_dev"": 2.4, ""bb_window"": 21, ""cooldown"": 2, ""macd_fast"": 15, ""macd_k"": 1.0, ""macd_k_mid"": 0.7, ""macd_signal"": 5, ""macd_slow"": 35, ""macd_std_window"": 90, ""rebalance_freq"": 90, ""rebounce_block"": 5, ""sl_mult_lm"": 1.1, ""sl_mult_lr"": 2.6, ""sl_mult_sm"": 1.5, ""sl_mult_sr"": 1.7, ""time_stop"": 27, ""tp_mult_lm"": 5.1, ""tp_mult_lr"": 11.0, ""tp_mult_sm"": 3.0, ""tp_mult_sr"": 5.1, ""trail_mult"": 3.4000000000000004, ""trail_tp"": false, ""use_trailing"": false}",{},
2951,1.7175642857142859,TrialState.COMPLETE,2026-04-01T08:49:54.583636,2026-04-01T08:49:58.087106,3.50347,"{""atr_window"": 18, ""bb_std_dev"": 2.5, ""bb_window"": 21, ""cooldown"": 2, ""macd_fast"": 15, ""macd_k"": 1.05, ""macd_k_mid"": 0.7, ""macd_signal"": 5, ""macd_slow"": 35, ""macd_std_window"": 90, ""rebalance_freq"": 90, ""rebounce_block"": 5, ""sl_mult_lm"": 1.1, ""sl_mult_lr"": 2.5, ""sl_mult_sm"": 1.4, ""sl_mult_sr"": 1.7, ""time_stop"": 26, ""tp_mult_lm"": 5.1, ""tp_mult_lr"": 10.8, ""tp_mult_sm"": 3.1, ""tp_mult_sr"": 5.300000000000001, ""trail_mult"": 3.5, ""trail_tp"": false, ""use_trailing"": false}",{},
2952,2.976785714285714,TrialState.COMPLETE,2026-04-01T08:49:58.133457,2026-04-01T08:50:01.610750,3.477293,"{""atr_window"": 18, ""bb_std_dev"": 2.45, ""bb_window"": 21, ""cooldown"": 2, ""macd_fast"": 15, ""macd_k"": 1.05, ""macd_k_mid"": 0.7, ""macd_signal"": 5, ""macd_slow"": 35, ""macd_std_window"": 89, ""rebalance_freq"": 90, ""rebounce_block"": 5, ""sl_mult_lm"": 1.05, ""sl_mult_lr"": 2.5, ""sl_mult_sm"": 1.45, ""sl_mult_sr"": 1.8, ""time_stop"": 27, ""tp_mult_lm"": 5.2, ""tp_mult_lr"": 10.6, ""tp_mult_sm"": 3.0, ""tp_mult_sr"": 5.2, ""trail_mult"": 3.4000000000000004, ""trail_tp"": false, ""use_trailing"": false}",{},
2953,2.55815,TrialState.COMPLETE,2026-04-01T08:50:01.654468,2026-04-01T08:50:05.136267,3.481799,"{""atr_window"": 18, ""bb_std_dev"": 2.45, ""bb_window"": 21, ""cooldown"": 2, ""macd_fast"": 15, ""macd_k"": 1.05, ""macd_k_mid"": 0.7, ""macd_signal"": 5, ""macd_slow"": 35, ""macd_std_window"": 89, ""rebalance_freq"": 90, ""rebounce_block"": 5, ""sl_mult_lm"": 1.05, ""sl_mult_lr"": 2.5, ""sl_mult_sm"": 1.45, ""sl_mult_sr"": 1.8, ""time_stop"": 28, ""tp_mult_lm"": 5.2, ""tp_mult_lr"": 10.4, ""tp_mult_sm"": 3.0, ""tp_mult_sr"": 5.1, ""trail_mult"": 3.3, ""trail_tp"": false, ""use_trailing"": false}",{},
2954,-1000000000.0,TrialState.COMPLETE,2026-04-01T08:50:05.186133,2026-04-01T08:50:08.636890,3.450757,"{""atr_window"": 18, ""bb_std_dev"": 2.5, ""bb_window"": 21, ""cooldown"": 2, ""macd_fast"": 15, ""macd_k"": 1.05, ""macd_k_mid"": 0.7, ""macd_signal"": 5, ""macd_slow"": 35, ""macd_std_window"": 89, ""rebalance_freq"": 90, ""rebounce_block"": 5, ""sl_mult_lm"": 1.05, ""sl_mult_lr"": 2.5, ""sl_mult_sm"": 1.4, ""sl_mult_sr"": 1.8, ""time_stop"": 28, ""tp_mult_lm"": 5.2, ""tp_mult_lr"": 10.6, ""tp_mult_sm"": 3.0, ""tp_mult_sr"": 5.1, ""trail_mult"": 3.5, ""trail_tp"": false, ""use_trailing"": false}",{},
2955,-1000000000.0,TrialState.COMPLETE,2026-04-01T08:50:08.683292,2026-04-01T08:50:12.205713,3.522421,"{""atr_window"": 18, ""bb_std_dev"": 2.4, ""bb_window"": 21, ""cooldown"": 2, ""macd_fast"": 15, ""macd_k"": 1.05, ""macd_k_mid"": 0.7, ""macd_signal"": 5, ""macd_slow"": 35, ""macd_std_window"": 89, ""rebalance_freq"": 90, ""rebounce_block"": 5, ""sl_mult_lm"": 1.05, ""sl_mult_lr"": 2.5, ""sl_mult_sm"": 1.5, ""sl_mult_sr"": 1.8, ""time_stop"": 26, ""tp_mult_lm"": 5.2, ""tp_mult_lr"": 10.4, ""tp_mult_sm"": 3.0, ""tp_mult_sr"": 5.2, ""trail_mult"": 3.4000000000000004, ""trail_tp"": false, ""use_trailing"": false}",{},
2956,-1000000000.0,TrialState.COMPLETE,2026-04-01T08:50:12.282832,2026-04-01T08:50:15.774501,3.491669,"{""atr_window"": 18, ""bb_std_dev"": 2.45, ""bb_window"": 21, ""cooldown"": 2, ""macd_fast"": 15, ""macd_k"": 1.05, ""macd_k_mid"": 0.7, ""macd_signal"": 5, ""macd_slow"": 35, ""macd_std_window"": 89, ""rebalance_freq"": 90, ""rebounce_block"": 5, ""sl_mult_lm"": 1.05, ""sl_mult_lr"": 2.5, ""sl_mult_sm"": 1.45, ""sl_mult_sr"": 1.8, ""time_stop"": 29, ""tp_mult_lm"": 5.2, ""tp_mult_lr"": 10.6, ""tp_mult_sm"": 3.0, ""tp_mult_sr"": 5.2, ""trail_mult"": 3.5, ""trail_tp"": false, ""use_trailing"": false}",{},
2957,2.9873642857142855,TrialState.COMPLETE,2026-04-01T08:50:15.819237,2026-04-01T08:50:19.337911,3.518674,"{""atr_window"": 18, ""bb_std_dev"": 2.45, ""bb_window"": 21, ""cooldown"": 2, ""macd_fast"": 15, ""macd_k"": 1.05, ""macd_k_mid"": 0.7, ""macd_signal"": 5, ""macd_slow"": 35, ""macd_std_window"": 89, ""rebalance_freq"": 90, ""rebounce_block"": 5, ""sl_mult_lm"": 1.05, ""sl_mult_lr"": 2.5, ""sl_mult_sm"": 1.45, ""sl_mult_sr"": 1.8, ""time_stop"": 27, ""tp_mult_lm"": 5.2, ""tp_mult_lr"": 10.4, ""tp_mult_sm"": 3.0, ""tp_mult_sr"": 5.1, ""trail_mult"": 3.4000000000000004, ""trail_tp"": false, ""use_trailing"": false}",{},
2958,-1000000000.0,TrialState.COMPLETE,2026-04-01T08:50:19.402964,2026-04-01T08:50:22.907649,3.504685,"{""atr_window"": 18, ""bb_std_dev"": 2.4, ""bb_window"": 21, ""cooldown"": 2, ""macd_fast"": 15, ""macd_k"": 1.05, ""macd_k_mid"": 0.7, ""macd_signal"": 5, ""macd_slow"": 35, ""macd_std_window"": 89, ""rebalance_freq"": 90, ""rebounce_block"": 5, ""sl_mult_lm"": 1.05, ""sl_mult_lr"": 2.5, ""sl_mult_sm"": 1.4, ""sl_mult_sr"": 1.8, ""time_stop"": 27, ""tp_mult_lm"": 5.2, ""tp_mult_lr"": 10.4, ""tp_mult_sm"": 3.0, ""tp_mult_sr"": 5.1, ""trail_mult"": 3.6, ""trail_tp"": false, ""use_trailing"": false}",{},
