number,value,state,datetime_start,datetime_complete,duration_seconds,params_json,fold_sharpes_json,avg_cv_sharpe
624,-1000000000.0,TrialState.COMPLETE,2026-04-01T02:18:45.943902,2026-04-01T02:18:45.975572,0.03167,"{""atr_window"": 12, ""bb_std_dev"": 1.75, ""bb_window"": 14, ""cooldown"": 2, ""macd_fast"": 11, ""macd_k"": 1.65, ""macd_k_mid"": 0.7, ""macd_signal"": 7, ""macd_slow"": 43, ""macd_std_window"": 89, ""rebalance_freq"": 90, ""rebounce_block"": 6, ""sl_mult_lm"": 2.0, ""sl_mult_lr"": 2.0, ""sl_mult_sm"": 1.5, ""sl_mult_sr"": 1.7, ""time_stop"": 23, ""tp_mult_lm"": 5.800000000000001, ""tp_mult_lr"": 10.0, ""tp_mult_sm"": 6.7, ""tp_mult_sr"": 5.9, ""trail_mult"": 3.9000000000000004, ""trail_tp"": false, ""use_trailing"": true}",{},
625,2.396757142857143,TrialState.COMPLETE,2026-04-01T02:18:46.005296,2026-04-01T02:18:48.533556,2.52826,"{""atr_window"": 14, ""bb_std_dev"": 2.05, ""bb_window"": 21, ""cooldown"": 1, ""macd_fast"": 18, ""macd_k"": 1.05, ""macd_k_mid"": 0.55, ""macd_signal"": 9, ""macd_slow"": 35, ""macd_std_window"": 88, ""rebalance_freq"": 150, ""rebounce_block"": 0, ""sl_mult_lm"": 1.9500000000000002, ""sl_mult_lr"": 2.2, ""sl_mult_sm"": 1.05, ""sl_mult_sr"": 1.9, ""time_stop"": 26, ""tp_mult_lm"": 3.7, ""tp_mult_lr"": 11.8, ""tp_mult_sm"": 6.300000000000001, ""tp_mult_sr"": 3.0, ""trail_mult"": 3.6, ""trail_tp"": true, ""use_trailing"": true}",{},
626,-1000000000.0,TrialState.COMPLETE,2026-04-01T02:18:48.566993,2026-04-01T02:18:51.080940,2.513947,"{""atr_window"": 20, ""bb_std_dev"": 2.05, ""bb_window"": 21, ""cooldown"": 1, ""macd_fast"": 18, ""macd_k"": 1.05, ""macd_k_mid"": 0.55, ""macd_signal"": 9, ""macd_slow"": 35, ""macd_std_window"": 87, ""rebalance_freq"": 150, ""rebounce_block"": 0, ""sl_mult_lm"": 1.9500000000000002, ""sl_mult_lr"": 2.1, ""sl_mult_sm"": 1.0, ""sl_mult_sr"": 1.9, ""time_stop"": 26, ""tp_mult_lm"": 3.8, ""tp_mult_lr"": 11.8, ""tp_mult_sm"": 6.300000000000001, ""tp_mult_sr"": 3.0, ""trail_mult"": 3.6, ""trail_tp"": true, ""use_trailing"": true}",{},
627,-1000000000.0,TrialState.COMPLETE,2026-04-01T02:18:51.107973,2026-04-01T02:18:53.601978,2.494005,"{""atr_window"": 14, ""bb_std_dev"": 2.05, ""bb_window"": 21, ""cooldown"": 1, ""macd_fast"": 18, ""macd_k"": 1.05, ""macd_k_mid"": 0.55, ""macd_signal"": 9, ""macd_slow"": 35, ""macd_std_window"": 89, ""rebalance_freq"": 150, ""rebounce_block"": 0, ""sl_mult_lm"": 1.9500000000000002, ""sl_mult_lr"": 2.2, ""sl_mult_sm"": 1.0, ""sl_mult_sr"": 1.9, ""time_stop"": 25, ""tp_mult_lm"": 3.7, ""tp_mult_lr"": 12.2, ""tp_mult_sm"": 6.4, ""tp_mult_sr"": 3.1, ""trail_mult"": 3.3, ""trail_tp"": true, ""use_trailing"": true}",{},
628,-1000000000.0,TrialState.COMPLETE,2026-04-01T02:18:53.631027,2026-04-01T02:18:56.153393,2.522366,"{""atr_window"": 17, ""bb_std_dev"": 2.0, ""bb_window"": 22, ""cooldown"": 1, ""macd_fast"": 19, ""macd_k"": 1.5, ""macd_k_mid"": 0.55, ""macd_signal"": 9, ""macd_slow"": 35, ""macd_std_window"": 86, ""rebalance_freq"": 150, ""rebounce_block"": 0, ""sl_mult_lm"": 1.9, ""sl_mult_lr"": 2.2, ""sl_mult_sm"": 1.0, ""sl_mult_sr"": 2.0, ""time_stop"": 26, ""tp_mult_lm"": 3.6, ""tp_mult_lr"": 11.6, ""tp_mult_sm"": 6.5, ""tp_mult_sr"": 3.0, ""trail_mult"": 3.5, ""trail_tp"": true, ""use_trailing"": false}",{},
629,-1000000000.0,TrialState.COMPLETE,2026-04-01T02:18:56.191052,2026-04-01T02:18:58.662320,2.471268,"{""atr_window"": 12, ""bb_std_dev"": 2.05, ""bb_window"": 21, ""cooldown"": 1, ""macd_fast"": 19, ""macd_k"": 1.0, ""macd_k_mid"": 0.55, ""macd_signal"": 9, ""macd_slow"": 35, ""macd_std_window"": 88, ""rebalance_freq"": 150, ""rebounce_block"": 0, ""sl_mult_lm"": 2.0, ""sl_mult_lr"": 2.2, ""sl_mult_sm"": 1.0, ""sl_mult_sr"": 1.9, ""time_stop"": 24, ""tp_mult_lm"": 3.5, ""tp_mult_lr"": 11.8, ""tp_mult_sm"": 6.4, ""tp_mult_sr"": 3.1, ""trail_mult"": 3.6, ""trail_tp"": true, ""use_trailing"": true}",{},
630,-1000000000.0,TrialState.COMPLETE,2026-04-01T02:18:58.690323,2026-04-01T02:19:01.154948,2.464625,"{""atr_window"": 15, ""bb_std_dev"": 2.0, ""bb_window"": 22, ""cooldown"": 1, ""macd_fast"": 18, ""macd_k"": 1.0, ""macd_k_mid"": 0.55, ""macd_signal"": 9, ""macd_slow"": 35, ""macd_std_window"": 88, ""rebalance_freq"": 150, ""rebounce_block"": 0, ""sl_mult_lm"": 1.9500000000000002, ""sl_mult_lr"": 2.2, ""sl_mult_sm"": 1.0, ""sl_mult_sr"": 1.9, ""time_stop"": 25, ""tp_mult_lm"": 3.7, ""tp_mult_lr"": 12.0, ""tp_mult_sm"": 6.2, ""tp_mult_sr"": 3.0, ""trail_mult"": 3.5, ""trail_tp"": true, ""use_trailing"": true}",{},
631,-1000000000.0,TrialState.COMPLETE,2026-04-01T02:19:01.182512,2026-04-01T02:19:03.594191,2.411679,"{""atr_window"": 13, ""bb_std_dev"": 2.1, ""bb_window"": 20, ""cooldown"": 1, ""macd_fast"": 18, ""macd_k"": 1.05, ""macd_k_mid"": 0.55, ""macd_signal"": 9, ""macd_slow"": 35, ""macd_std_window"": 73, ""rebalance_freq"": 150, ""rebounce_block"": 0, ""sl_mult_lm"": 2.0, ""sl_mult_lr"": 2.1, ""sl_mult_sm"": 1.05, ""sl_mult_sr"": 2.1, ""time_stop"": 26, ""tp_mult_lm"": 3.9, ""tp_mult_lr"": 11.6, ""tp_mult_sm"": 5.300000000000001, ""tp_mult_sr"": 3.0, ""trail_mult"": 3.6, ""trail_tp"": true, ""use_trailing"": true}",{},
632,-1000000000.0,TrialState.COMPLETE,2026-04-01T02:19:03.626387,2026-04-01T02:19:06.038769,2.412382,"{""atr_window"": 16, ""bb_std_dev"": 2.05, ""bb_window"": 21, ""cooldown"": 1, ""macd_fast"": 17, ""macd_k"": 1.4, ""macd_k_mid"": 0.55, ""macd_signal"": 9, ""macd_slow"": 35, ""macd_std_window"": 89, ""rebalance_freq"": 150, ""rebounce_block"": 0, ""sl_mult_lm"": 1.9500000000000002, ""sl_mult_lr"": 2.3, ""sl_mult_sm"": 1.05, ""sl_mult_sr"": 2.0, ""time_stop"": 30, ""tp_mult_lm"": 3.7, ""tp_mult_lr"": 12.0, ""tp_mult_sm"": 6.300000000000001, ""tp_mult_sr"": 3.1, ""trail_mult"": 3.5, ""trail_tp"": true, ""use_trailing"": false}",{},
633,-1000000000.0,TrialState.COMPLETE,2026-04-01T02:19:06.070580,2026-04-01T02:19:06.104967,0.034387,"{""atr_window"": 20, ""bb_std_dev"": 2.1, ""bb_window"": 21, ""cooldown"": 1, ""macd_fast"": 12, ""macd_k"": 1.75, ""macd_k_mid"": 0.55, ""macd_signal"": 9, ""macd_slow"": 37, ""macd_std_window"": 87, ""rebalance_freq"": 150, ""rebounce_block"": 0, ""sl_mult_lm"": 1.9500000000000002, ""sl_mult_lr"": 2.3, ""sl_mult_sm"": 2.0, ""sl_mult_sr"": 2.0, ""time_stop"": 27, ""tp_mult_lm"": 3.5, ""tp_mult_lr"": 11.4, ""tp_mult_sm"": 6.5, ""tp_mult_sr"": 3.0, ""trail_mult"": 2.7, ""trail_tp"": true, ""use_trailing"": true}",{},
634,-1000000000.0,TrialState.COMPLETE,2026-04-01T02:19:06.137185,2026-04-01T02:19:08.658473,2.521288,"{""atr_window"": 16, ""bb_std_dev"": 2.05, ""bb_window"": 20, ""cooldown"": 1, ""macd_fast"": 13, ""macd_k"": 1.0, ""macd_k_mid"": 0.55, ""macd_signal"": 9, ""macd_slow"": 35, ""macd_std_window"": 88, ""rebalance_freq"": 150, ""rebounce_block"": 0, ""sl_mult_lm"": 1.9, ""sl_mult_lr"": 3.0, ""sl_mult_sm"": 1.05, ""sl_mult_sr"": 2.6, ""time_stop"": 25, ""tp_mult_lm"": 3.6, ""tp_mult_lr"": 12.2, ""tp_mult_sm"": 6.300000000000001, ""tp_mult_sr"": 6.0, ""trail_mult"": 3.7, ""trail_tp"": true, ""use_trailing"": true}",{},
635,-1000000000.0,TrialState.COMPLETE,2026-04-01T02:19:08.689975,2026-04-01T02:19:11.219172,2.529197,"{""atr_window"": 10, ""bb_std_dev"": 2.1, ""bb_window"": 23, ""cooldown"": 1, ""macd_fast"": 19, ""macd_k"": 1.3, ""macd_k_mid"": 0.5, ""macd_signal"": 9, ""macd_slow"": 35, ""macd_std_window"": 88, ""rebalance_freq"": 150, ""rebounce_block"": 0, ""sl_mult_lm"": 1.7000000000000002, ""sl_mult_lr"": 2.1, ""sl_mult_sm"": 1.05, ""sl_mult_sr"": 1.9, ""time_stop"": 29, ""tp_mult_lm"": 3.8, ""tp_mult_lr"": 11.8, ""tp_mult_sm"": 6.2, ""tp_mult_sr"": 3.2, ""trail_mult"": 3.7, ""trail_tp"": true, ""use_trailing"": true}",{},
636,-1000000000.0,TrialState.COMPLETE,2026-04-01T02:19:11.246752,2026-04-01T02:19:13.808038,2.561286,"{""atr_window"": 13, ""bb_std_dev"": 2.15, ""bb_window"": 20, ""cooldown"": 1, ""macd_fast"": 17, ""macd_k"": 1.25, ""macd_k_mid"": 0.55, ""macd_signal"": 9, ""macd_slow"": 35, ""macd_std_window"": 86, ""rebalance_freq"": 150, ""rebounce_block"": 0, ""sl_mult_lm"": 1.9, ""sl_mult_lr"": 2.2, ""sl_mult_sm"": 1.0, ""sl_mult_sr"": 2.2, ""time_stop"": 24, ""tp_mult_lm"": 3.6, ""tp_mult_lr"": 11.6, ""tp_mult_sm"": 6.2, ""tp_mult_sr"": 3.2, ""trail_mult"": 3.5, ""trail_tp"": true, ""use_trailing"": false}",{},
637,-1000000000.0,TrialState.COMPLETE,2026-04-01T02:19:13.839025,2026-04-01T02:19:16.301805,2.46278,"{""atr_window"": 14, ""bb_std_dev"": 2.5, ""bb_window"": 22, ""cooldown"": 1, ""macd_fast"": 18, ""macd_k"": 1.55, ""macd_k_mid"": 0.9, ""macd_signal"": 9, ""macd_slow"": 36, ""macd_std_window"": 71, ""rebalance_freq"": 150, ""rebounce_block"": 0, ""sl_mult_lm"": 2.05, ""sl_mult_lr"": 2.3, ""sl_mult_sm"": 1.1, ""sl_mult_sr"": 1.8, ""time_stop"": 28, ""tp_mult_lm"": 5.3, ""tp_mult_lr"": 17.0, ""tp_mult_sm"": 6.0, ""tp_mult_sr"": 3.7, ""trail_mult"": 3.6, ""trail_tp"": true, ""use_trailing"": true}",{},
638,-1000000000.0,TrialState.COMPLETE,2026-04-01T02:19:16.333940,2026-04-01T02:19:16.366038,0.032098,"{""atr_window"": 18, ""bb_std_dev"": 1.95, ""bb_window"": 19, ""cooldown"": 0, ""macd_fast"": 20, ""macd_k"": 1.35, ""macd_k_mid"": 0.55, ""macd_signal"": 9, ""macd_slow"": 35, ""macd_std_window"": 90, ""rebalance_freq"": 150, ""rebounce_block"": 0, ""sl_mult_lm"": 1.1, ""sl_mult_lr"": 4.0, ""sl_mult_sm"": 1.1, ""sl_mult_sr"": 3.1, ""time_stop"": 26, ""tp_mult_lm"": 3.8, ""tp_mult_lr"": 12.4, ""tp_mult_sm"": 6.4, ""tp_mult_sr"": 3.1, ""trail_mult"": 1.5, ""trail_tp"": true, ""use_trailing"": true}",{},
639,-1000000000.0,TrialState.COMPLETE,2026-04-01T02:19:16.408236,2026-04-01T02:19:16.444028,0.035792,"{""atr_window"": 19, ""bb_std_dev"": 1.5, ""bb_window"": 18, ""cooldown"": 1, ""macd_fast"": 14, ""macd_k"": 1.9, ""macd_k_mid"": 0.6, ""macd_signal"": 8, ""macd_slow"": 39, ""macd_std_window"": 88, ""rebalance_freq"": 180, ""rebounce_block"": 1, ""sl_mult_lm"": 1.75, ""sl_mult_lr"": 2.9, ""sl_mult_sm"": 1.9, ""sl_mult_sr"": 1.5, ""time_stop"": 17, ""tp_mult_lm"": 4.0, ""tp_mult_lr"": 9.8, ""tp_mult_sm"": 6.1, ""tp_mult_sr"": 6.300000000000001, ""trail_mult"": 3.8000000000000003, ""trail_tp"": true, ""use_trailing"": false}",{},
640,-1000000000.0,TrialState.COMPLETE,2026-04-01T02:19:16.479114,2026-04-01T02:19:16.515833,0.036719,"{""atr_window"": 15, ""bb_std_dev"": 1.7, ""bb_window"": 20, ""cooldown"": 4, ""macd_fast"": 10, ""macd_k"": 1.45, ""macd_k_mid"": 0.5, ""macd_signal"": 10, ""macd_slow"": 41, ""macd_std_window"": 87, ""rebalance_freq"": 150, ""rebounce_block"": 5, ""sl_mult_lm"": 2.0, ""sl_mult_lr"": 2.2, ""sl_mult_sm"": 1.05, ""sl_mult_sr"": 2.0, ""time_stop"": 24, ""tp_mult_lm"": 3.9, ""tp_mult_lr"": 11.8, ""tp_mult_sm"": 6.300000000000001, ""tp_mult_sr"": 5.7, ""trail_mult"": 3.6, ""trail_tp"": true, ""use_trailing"": true}",{},
641,-1000000000.0,TrialState.COMPLETE,2026-04-01T02:19:16.552303,2026-04-01T02:19:16.587929,0.035626,"{""atr_window"": 17, ""bb_std_dev"": 2.45, ""bb_window"": 17, ""cooldown"": 1, ""macd_fast"": 12, ""macd_k"": 1.5, ""macd_k_mid"": 0.55, ""macd_signal"": 5, ""macd_slow"": 35, ""macd_std_window"": 93, ""rebalance_freq"": 180, ""rebounce_block"": 3, ""sl_mult_lm"": 1.05, ""sl_mult_lr"": 2.4, ""sl_mult_sm"": 1.05, ""sl_mult_sr"": 2.5, ""time_stop"": 27, ""tp_mult_lm"": 5.0, ""tp_mult_lr"": 11.2, ""tp_mult_sm"": 3.0, ""tp_mult_sr"": 4.3, ""trail_mult"": 3.0, ""trail_tp"": true, ""use_trailing"": true}",{},
642,-1000000000.0,TrialState.COMPLETE,2026-04-01T02:19:16.620287,2026-04-01T02:19:16.653798,0.033511,"{""atr_window"": 14, ""bb_std_dev"": 2.0, ""bb_window"": 21, ""cooldown"": 2, ""macd_fast"": 14, ""macd_k"": 1.6, ""macd_k_mid"": 0.8500000000000001, ""macd_signal"": 9, ""macd_slow"": 40, ""macd_std_window"": 89, ""rebalance_freq"": 120, ""rebounce_block"": 5, ""sl_mult_lm"": 1.25, ""sl_mult_lr"": 4.2, ""sl_mult_sm"": 1.7000000000000002, ""sl_mult_sr"": 1.5, ""time_stop"": 22, ""tp_mult_lm"": 4.0, ""tp_mult_lr"": 12.0, ""tp_mult_sm"": 3.7, ""tp_mult_sr"": 4.6, ""trail_mult"": 3.7, ""trail_tp"": true, ""use_trailing"": true}",{},
643,-1000000000.0,TrialState.COMPLETE,2026-04-01T02:19:16.688403,2026-04-01T02:19:19.184251,2.495848,"{""atr_window"": 20, ""bb_std_dev"": 2.1, ""bb_window"": 16, ""cooldown"": 0, ""macd_fast"": 20, ""macd_k"": 1.0, ""macd_k_mid"": 0.6, ""macd_signal"": 8, ""macd_slow"": 38, ""macd_std_window"": 81, ""rebalance_freq"": 30, ""rebounce_block"": 4, ""sl_mult_lm"": 1.2, ""sl_mult_lr"": 2.1, ""sl_mult_sm"": 1.55, ""sl_mult_sr"": 1.9, ""time_stop"": 13, ""tp_mult_lm"": 3.5, ""tp_mult_lr"": 10.6, ""tp_mult_sm"": 5.4, ""tp_mult_sr"": 3.0, ""trail_mult"": 2.5, ""trail_tp"": true, ""use_trailing"": false}",{},
644,-1000000000.0,TrialState.COMPLETE,2026-04-01T02:19:19.216016,2026-04-01T02:19:21.837682,2.621666,"{""atr_window"": 18, ""bb_std_dev"": 2.05, ""bb_window"": 24, ""cooldown"": 1, ""macd_fast"": 19, ""macd_k"": 1.85, ""macd_k_mid"": 0.75, ""macd_signal"": 6, ""macd_slow"": 37, ""macd_std_window"": 92, ""rebalance_freq"": 90, ""rebounce_block"": 3, ""sl_mult_lm"": 1.65, ""sl_mult_lr"": 2.3, ""sl_mult_sm"": 1.7000000000000002, ""sl_mult_sr"": 2.1, ""time_stop"": 18, ""tp_mult_lm"": 5.9, ""tp_mult_lr"": 16.6, ""tp_mult_sm"": 3.3, ""tp_mult_sr"": 3.9, ""trail_mult"": 3.2, ""trail_tp"": true, ""use_trailing"": true}",{},
645,-1000000000.0,TrialState.COMPLETE,2026-04-01T02:19:21.871359,2026-04-01T02:19:21.904222,0.032863,"{""atr_window"": 16, ""bb_std_dev"": 1.65, ""bb_window"": 22, ""cooldown"": 2, ""macd_fast"": 13, ""macd_k"": 1.05, ""macd_k_mid"": 0.8, ""macd_signal"": 9, ""macd_slow"": 36, ""macd_std_window"": 70, ""rebalance_freq"": 150, ""rebounce_block"": 2, ""sl_mult_lm"": 1.15, ""sl_mult_lr"": 3.8, ""sl_mult_sm"": 1.75, ""sl_mult_sr"": 1.8, ""time_stop"": 15, ""tp_mult_lm"": 5.7, ""tp_mult_lr"": 15.8, ""tp_mult_sm"": 4.7, ""tp_mult_sr"": 6.6, ""trail_mult"": 2.7, ""trail_tp"": true, ""use_trailing"": true}",{},
646,-1000000000.0,TrialState.COMPLETE,2026-04-01T02:19:21.944338,2026-04-01T02:19:21.975019,0.030681,"{""atr_window"": 19, ""bb_std_dev"": 1.75, ""bb_window"": 15, ""cooldown"": 5, ""macd_fast"": 18, ""macd_k"": 1.65, ""macd_k_mid"": 0.5, ""macd_signal"": 8, ""macd_slow"": 42, ""macd_std_window"": 90, ""rebalance_freq"": 120, ""rebounce_block"": 5, ""sl_mult_lm"": 1.9500000000000002, ""sl_mult_lr"": 2.0, ""sl_mult_sm"": 1.1, ""sl_mult_sr"": 2.3, ""time_stop"": 3, ""tp_mult_lm"": 3.7, ""tp_mult_lr"": 8.6, ""tp_mult_sm"": 6.5, ""tp_mult_sr"": 4.1, ""trail_mult"": 2.3, ""trail_tp"": true, ""use_trailing"": true}",{},
647,-1000000000.0,TrialState.COMPLETE,2026-04-01T02:19:22.008672,2026-04-01T02:19:22.044307,0.035635,"{""atr_window"": 15, ""bb_std_dev"": 1.4, ""bb_window"": 16, ""cooldown"": 4, ""macd_fast"": 12, ""macd_k"": 1.2, ""macd_k_mid"": 0.55, ""macd_signal"": 10, ""macd_slow"": 41, ""macd_std_window"": 85, ""rebalance_freq"": 180, ""rebounce_block"": 2, ""sl_mult_lm"": 1.0, ""sl_mult_lr"": 2.9, ""sl_mult_sm"": 1.05, ""sl_mult_sr"": 2.9000000000000004, ""time_stop"": 6, ""tp_mult_lm"": 6.0, ""tp_mult_lr"": 11.0, ""tp_mult_sm"": 4.8, ""tp_mult_sr"": 3.3, ""trail_mult"": 3.8000000000000003, ""trail_tp"": true, ""use_trailing"": false}",{},
648,-1000000000.0,TrialState.COMPLETE,2026-04-01T02:19:22.076359,2026-04-01T02:19:22.110544,0.034185,"{""atr_window"": 11, ""bb_std_dev"": 1.9, ""bb_window"": 18, ""cooldown"": 1, ""macd_fast"": 10, ""macd_k"": 1.7000000000000002, ""macd_k_mid"": 0.6, ""macd_signal"": 8, ""macd_slow"": 40, ""macd_std_window"": 99, ""rebalance_freq"": 150, ""rebounce_block"": 0, ""sl_mult_lm"": 1.8, ""sl_mult_lr"": 2.3, ""sl_mult_sm"": 1.65, ""sl_mult_sr"": 3.4000000000000004, ""time_stop"": 28, ""tp_mult_lm"": 5.2, ""tp_mult_lr"": 12.4, ""tp_mult_sm"": 7.0, ""tp_mult_sr"": 5.800000000000001, ""trail_mult"": 4.0, ""trail_tp"": true, ""use_trailing"": true}",{},
649,-1000000000.0,TrialState.COMPLETE,2026-04-01T02:19:22.143684,2026-04-01T02:19:22.177866,0.034182,"{""atr_window"": 14, ""bb_std_dev"": 2.2, ""bb_window"": 17, ""cooldown"": 0, ""macd_fast"": 14, ""macd_k"": 1.3, ""macd_k_mid"": 1.0, ""macd_signal"": 9, ""macd_slow"": 39, ""macd_std_window"": 74, ""rebalance_freq"": 30, ""rebounce_block"": 3, ""sl_mult_lm"": 1.3, ""sl_mult_lr"": 3.2, ""sl_mult_sm"": 1.9500000000000002, ""sl_mult_sr"": 3.0, ""time_stop"": 25, ""tp_mult_lm"": 3.6, ""tp_mult_lr"": 15.0, ""tp_mult_sm"": 6.1, ""tp_mult_sr"": 6.1, ""trail_mult"": 2.2, ""trail_tp"": false, ""use_trailing"": true}",{},
650,-1000000000.0,TrialState.COMPLETE,2026-04-01T02:19:22.211439,2026-04-01T02:19:22.245112,0.033673,"{""atr_window"": 16, ""bb_std_dev"": 2.15, ""bb_window"": 19, ""cooldown"": 2, ""macd_fast"": 11, ""macd_k"": 1.4, ""macd_k_mid"": 0.7, ""macd_signal"": 9, ""macd_slow"": 43, ""macd_std_window"": 71, ""rebalance_freq"": 180, ""rebounce_block"": 4, ""sl_mult_lm"": 2.1, ""sl_mult_lr"": 3.5, ""sl_mult_sm"": 1.85, ""sl_mult_sr"": 2.2, ""time_stop"": 16, ""tp_mult_lm"": 5.5, ""tp_mult_lr"": 11.4, ""tp_mult_sm"": 6.2, ""tp_mult_sr"": 7.0, ""trail_mult"": 2.4, ""trail_tp"": true, ""use_trailing"": true}",{},
651,-1000000000.0,TrialState.COMPLETE,2026-04-01T02:19:22.276499,2026-04-01T02:19:24.751456,2.474957,"{""atr_window"": 20, ""bb_std_dev"": 1.5999999999999999, ""bb_window"": 16, ""cooldown"": 5, ""macd_fast"": 13, ""macd_k"": 1.1, ""macd_k_mid"": 0.55, ""macd_signal"": 6, ""macd_slow"": 35, ""macd_std_window"": 98, ""rebalance_freq"": 120, ""rebounce_block"": 5, ""sl_mult_lm"": 1.9, ""sl_mult_lr"": 2.4, ""sl_mult_sm"": 1.0, ""sl_mult_sr"": 2.6, ""time_stop"": 20, ""tp_mult_lm"": 5.1, ""tp_mult_lr"": 12.600000000000001, ""tp_mult_sm"": 5.1, ""tp_mult_sr"": 6.4, ""trail_mult"": 3.4000000000000004, ""trail_tp"": false, ""use_trailing"": false}",{},
652,-1000000000.0,TrialState.COMPLETE,2026-04-01T02:19:24.777851,2026-04-01T02:19:24.819888,0.042037,"{""atr_window"": 17, ""bb_std_dev"": 1.8499999999999999, ""bb_window"": 15, ""cooldown"": 4, ""macd_fast"": 17, ""macd_k"": 1.15, ""macd_k_mid"": 0.5, ""macd_signal"": 8, ""macd_slow"": 43, ""macd_std_window"": 72, ""rebalance_freq"": 150, ""rebounce_block"": 5, ""sl_mult_lm"": 1.75, ""sl_mult_lr"": 3.1, ""sl_mult_sm"": 1.8, ""sl_mult_sr"": 1.5, ""time_stop"": 0, ""tp_mult_lm"": 4.9, ""tp_mult_lr"": 12.0, ""tp_mult_sm"": 6.6, ""tp_mult_sr"": 5.6, ""trail_mult"": 1.6, ""trail_tp"": true, ""use_trailing"": true}",{},
653,-1000000000.0,TrialState.COMPLETE,2026-04-01T02:19:24.850694,2026-04-01T02:19:27.494226,2.643532,"{""atr_window"": 18, ""bb_std_dev"": 1.45, ""bb_window"": 15, ""cooldown"": 2, ""macd_fast"": 15, ""macd_k"": 1.5, ""macd_k_mid"": 0.8500000000000001, ""macd_signal"": 8, ""macd_slow"": 37, ""macd_std_window"": 100, ""rebalance_freq"": 90, ""rebounce_block"": 2, ""sl_mult_lm"": 1.85, ""sl_mult_lr"": 3.0, ""sl_mult_sm"": 1.6, ""sl_mult_sr"": 2.8, ""time_stop"": 23, ""tp_mult_lm"": 5.1, ""tp_mult_lr"": 12.2, ""tp_mult_sm"": 3.5, ""tp_mult_sr"": 3.8, ""trail_mult"": 3.1, ""trail_tp"": false, ""use_trailing"": true}",{},
654,-1000000000.0,TrialState.COMPLETE,2026-04-01T02:19:27.524794,2026-04-01T02:19:29.909289,2.384495,"{""atr_window"": 12, ""bb_std_dev"": 2.5, ""bb_window"": 20, ""cooldown"": 0, ""macd_fast"": 20, ""macd_k"": 1.25, ""macd_k_mid"": 0.6, ""macd_signal"": 10, ""macd_slow"": 40, ""macd_std_window"": 79, ""rebalance_freq"": 150, ""rebounce_block"": 4, ""sl_mult_lm"": 1.2, ""sl_mult_lr"": 4.800000000000001, ""sl_mult_sm"": 1.3, ""sl_mult_sr"": 2.1, ""time_stop"": 7, ""tp_mult_lm"": 5.3, ""tp_mult_lr"": 9.6, ""tp_mult_sm"": 5.0, ""tp_mult_sr"": 3.1, ""trail_mult"": 3.6, ""trail_tp"": true, ""use_trailing"": false}",{},
655,-1000000000.0,TrialState.COMPLETE,2026-04-01T02:19:29.935357,2026-04-01T02:19:32.502628,2.567271,"{""atr_window"": 14, ""bb_std_dev"": 2.0, ""bb_window"": 21, ""cooldown"": 2, ""macd_fast"": 14, ""macd_k"": 1.05, ""macd_k_mid"": 0.55, ""macd_signal"": 9, ""macd_slow"": 36, ""macd_std_window"": 82, ""rebalance_freq"": 120, ""rebounce_block"": 1, ""sl_mult_lm"": 2.05, ""sl_mult_lr"": 4.300000000000001, ""sl_mult_sm"": 1.65, ""sl_mult_sr"": 2.0, ""time_stop"": 29, ""tp_mult_lm"": 3.8, ""tp_mult_lr"": 9.0, ""tp_mult_sm"": 6.4, ""tp_mult_sr"": 4.0, ""trail_mult"": 2.3, ""trail_tp"": false, ""use_trailing"": true}",{},
656,-1000000000.0,TrialState.COMPLETE,2026-04-01T02:19:32.534401,2026-04-01T02:19:32.567250,0.032849,"{""atr_window"": 13, ""bb_std_dev"": 2.45, ""bb_window"": 23, ""cooldown"": 1, ""macd_fast"": 12, ""macd_k"": 1.0, ""macd_k_mid"": 0.9, ""macd_signal"": 6, ""macd_slow"": 42, ""macd_std_window"": 83, ""rebalance_freq"": 150, ""rebounce_block"": 3, ""sl_mult_lm"": 1.25, ""sl_mult_lr"": 2.2, ""sl_mult_sm"": 1.55, ""sl_mult_sr"": 3.3, ""time_stop"": 2, ""tp_mult_lm"": 5.0, ""tp_mult_lr"": 9.8, ""tp_mult_sm"": 5.6, ""tp_mult_sr"": 5.7, ""trail_mult"": 3.0, ""trail_tp"": true, ""use_trailing"": true}",{},
657,-1000000000.0,TrialState.COMPLETE,2026-04-01T02:19:32.597332,2026-04-01T02:19:32.635344,0.038012,"{""atr_window"": 15, ""bb_std_dev"": 2.4, ""bb_window"": 25, ""cooldown"": 1, ""macd_fast"": 18, ""macd_k"": 1.6, ""macd_k_mid"": 0.95, ""macd_signal"": 8, ""macd_slow"": 43, ""macd_std_window"": 89, ""rebalance_freq"": 180, ""rebounce_block"": 5, ""sl_mult_lm"": 1.3, ""sl_mult_lr"": 2.1, ""sl_mult_sm"": 1.9, ""sl_mult_sr"": 3.2, ""time_stop"": 13, ""tp_mult_lm"": 5.6, ""tp_mult_lr"": 11.6, ""tp_mult_sm"": 6.0, ""tp_mult_sr"": 3.7, ""trail_mult"": 2.8, ""trail_tp"": false, ""use_trailing"": true}",{},
658,-1000000000.0,TrialState.COMPLETE,2026-04-01T02:19:32.667289,2026-04-01T02:19:32.699847,0.032558,"{""atr_window"": 18, ""bb_std_dev"": 1.7999999999999998, ""bb_window"": 24, ""cooldown"": 4, ""macd_fast"": 11, ""macd_k"": 1.35, ""macd_k_mid"": 0.7, ""macd_signal"": 5, ""macd_slow"": 38, ""macd_std_window"": 80, ""rebalance_freq"": 30, ""rebounce_block"": 0, ""sl_mult_lm"": 1.15, ""sl_mult_lr"": 2.4, ""sl_mult_sm"": 1.8, ""sl_mult_sr"": 2.7, ""time_stop"": 25, ""tp_mult_lm"": 5.9, ""tp_mult_lr"": 10.0, ""tp_mult_sm"": 4.7, ""tp_mult_sr"": 4.4, ""trail_mult"": 3.3, ""trail_tp"": true, ""use_trailing"": false}",{},
