number,value,state,datetime_start,datetime_complete,duration_seconds,params_json,fold_sharpes_json,avg_cv_sharpe
1481,-1000000000.0,TrialState.COMPLETE,2026-04-01T03:03:38.164214,2026-04-01T03:03:41.919796,3.755582,"{""atr_window"": 20, ""bb_std_dev"": 2.15, ""bb_window"": 16, ""cooldown"": 1, ""macd_fast"": 19, ""macd_k"": 1.3, ""macd_k_mid"": 0.55, ""macd_signal"": 8, ""macd_slow"": 41, ""macd_std_window"": 80, ""rebalance_freq"": 90, ""rebounce_block"": 4, ""sl_mult_lm"": 1.25, ""sl_mult_lr"": 2.7, ""sl_mult_sm"": 1.1, ""sl_mult_sr"": 2.5, ""time_stop"": 3, ""tp_mult_lm"": 5.4, ""tp_mult_lr"": 16.8, ""tp_mult_sm"": 4.5, ""tp_mult_sr"": 4.2, ""trail_mult"": 3.6, ""trail_tp"": true, ""use_trailing"": true}",{},
1482,-1000000000.0,TrialState.COMPLETE,2026-04-01T03:03:41.960779,2026-04-01T03:03:42.067638,0.106859,"{""atr_window"": 16, ""bb_std_dev"": 2.4, ""bb_window"": 24, ""cooldown"": 2, ""macd_fast"": 12, ""macd_k"": 1.45, ""macd_k_mid"": 0.6, ""macd_signal"": 8, ""macd_slow"": 39, ""macd_std_window"": 91, ""rebalance_freq"": 150, ""rebounce_block"": 5, ""sl_mult_lm"": 1.2, ""sl_mult_lr"": 2.3, ""sl_mult_sm"": 1.15, ""sl_mult_sr"": 2.0, ""time_stop"": 13, ""tp_mult_lm"": 5.0, ""tp_mult_lr"": 10.2, ""tp_mult_sm"": 4.0, ""tp_mult_sr"": 3.1, ""trail_mult"": 2.3, ""trail_tp"": true, ""use_trailing"": true}",{},
1483,-1000000000.0,TrialState.COMPLETE,2026-04-01T03:03:42.112337,2026-04-01T03:03:42.209925,0.097588,"{""atr_window"": 19, ""bb_std_dev"": 2.0, ""bb_window"": 15, ""cooldown"": 0, ""macd_fast"": 14, ""macd_k"": 1.05, ""macd_k_mid"": 0.7, ""macd_signal"": 9, ""macd_slow"": 42, ""macd_std_window"": 86, ""rebalance_freq"": 180, ""rebounce_block"": 3, ""sl_mult_lm"": 1.9, ""sl_mult_lr"": 4.4, ""sl_mult_sm"": 1.3, ""sl_mult_sr"": 1.6, ""time_stop"": 0, ""tp_mult_lm"": 5.5, ""tp_mult_lr"": 11.8, ""tp_mult_sm"": 4.1, ""tp_mult_sr"": 5.2, ""trail_mult"": 3.8000000000000003, ""trail_tp"": false, ""use_trailing"": true}",{},
1484,-1000000000.0,TrialState.COMPLETE,2026-04-01T03:03:42.255144,2026-04-01T03:03:46.174131,3.918987,"{""atr_window"": 14, ""bb_std_dev"": 1.9, ""bb_window"": 14, ""cooldown"": 1, ""macd_fast"": 15, ""macd_k"": 1.4, ""macd_k_mid"": 0.55, ""macd_signal"": 7, ""macd_slow"": 36, ""macd_std_window"": 82, ""rebalance_freq"": 120, ""rebounce_block"": 2, ""sl_mult_lm"": 1.3, ""sl_mult_lr"": 3.6, ""sl_mult_sm"": 1.9, ""sl_mult_sr"": 2.3, ""time_stop"": 21, ""tp_mult_lm"": 5.2, ""tp_mult_lr"": 9.8, ""tp_mult_sm"": 6.4, ""tp_mult_sr"": 3.7, ""trail_mult"": 2.8, ""trail_tp"": true, ""use_trailing"": false}",{},
1485,-1000000000.0,TrialState.COMPLETE,2026-04-01T03:03:46.214671,2026-04-01T03:03:46.309934,0.095263,"{""atr_window"": 15, ""bb_std_dev"": 2.2, ""bb_window"": 14, ""cooldown"": 2, ""macd_fast"": 11, ""macd_k"": 1.55, ""macd_k_mid"": 0.5, ""macd_signal"": 5, ""macd_slow"": 38, ""macd_std_window"": 81, ""rebalance_freq"": 150, ""rebounce_block"": 5, ""sl_mult_lm"": 2.2, ""sl_mult_lr"": 2.2, ""sl_mult_sm"": 1.0, ""sl_mult_sr"": 2.1, ""time_stop"": 6, ""tp_mult_lm"": 5.3, ""tp_mult_lr"": 12.0, ""tp_mult_sm"": 4.2, ""tp_mult_sr"": 5.800000000000001, ""trail_mult"": 3.9000000000000004, ""trail_tp"": false, ""use_trailing"": true}",{},
1486,-1000000000.0,TrialState.COMPLETE,2026-04-01T03:03:46.352145,2026-04-01T03:03:49.916228,3.564083,"{""atr_window"": 13, ""bb_std_dev"": 1.5499999999999998, ""bb_window"": 25, ""cooldown"": 4, ""macd_fast"": 17, ""macd_k"": 1.0, ""macd_k_mid"": 0.8, ""macd_signal"": 10, ""macd_slow"": 37, ""macd_std_window"": 92, ""rebalance_freq"": 90, ""rebounce_block"": 0, ""sl_mult_lm"": 1.4, ""sl_mult_lr"": 2.6, ""sl_mult_sm"": 1.5, ""sl_mult_sr"": 1.8, ""time_stop"": 12, ""tp_mult_lm"": 5.1, ""tp_mult_lr"": 13.4, ""tp_mult_sm"": 6.2, ""tp_mult_sr"": 5.4, ""trail_mult"": 2.2, ""trail_tp"": true, ""use_trailing"": true}",{},
1487,-1000000000.0,TrialState.COMPLETE,2026-04-01T03:03:49.957929,2026-04-01T03:03:50.055987,0.098058,"{""atr_window"": 10, ""bb_std_dev"": 2.05, ""bb_window"": 22, ""cooldown"": 1, ""macd_fast"": 12, ""macd_k"": 1.65, ""macd_k_mid"": 0.6, ""macd_signal"": 8, ""macd_slow"": 43, ""macd_std_window"": 87, ""rebalance_freq"": 150, ""rebounce_block"": 6, ""sl_mult_lm"": 1.6, ""sl_mult_lr"": 3.2, ""sl_mult_sm"": 1.2, ""sl_mult_sr"": 1.7, ""time_stop"": 4, ""tp_mult_lm"": 5.800000000000001, ""tp_mult_lr"": 11.2, ""tp_mult_sm"": 3.6, ""tp_mult_sr"": 4.1, ""trail_mult"": 2.1, ""trail_tp"": false, ""use_trailing"": true}",{},
1488,-1000000000.0,TrialState.COMPLETE,2026-04-01T03:03:50.098057,2026-04-01T03:03:54.102113,4.004056,"{""atr_window"": 16, ""bb_std_dev"": 2.35, ""bb_window"": 20, ""cooldown"": 5, ""macd_fast"": 13, ""macd_k"": 1.5, ""macd_k_mid"": 0.95, ""macd_signal"": 8, ""macd_slow"": 35, ""macd_std_window"": 100, ""rebalance_freq"": 180, ""rebounce_block"": 4, ""sl_mult_lm"": 2.0, ""sl_mult_lr"": 2.4, ""sl_mult_sm"": 1.7000000000000002, ""sl_mult_sr"": 1.5, ""time_stop"": 20, ""tp_mult_lm"": 4.1, ""tp_mult_lr"": 10.6, ""tp_mult_sm"": 7.0, ""tp_mult_sr"": 4.8, ""trail_mult"": 2.4, ""trail_tp"": true, ""use_trailing"": false}",{},
1489,-1000000000.0,TrialState.COMPLETE,2026-04-01T03:03:54.144930,2026-04-01T03:03:54.233048,0.088118,"{""atr_window"": 20, ""bb_std_dev"": 1.65, ""bb_window"": 17, ""cooldown"": 0, ""macd_fast"": 10, ""macd_k"": 1.15, ""macd_k_mid"": 0.7, ""macd_signal"": 9, ""macd_slow"": 40, ""macd_std_window"": 79, ""rebalance_freq"": 120, ""rebounce_block"": 3, ""sl_mult_lm"": 1.85, ""sl_mult_lr"": 5.0, ""sl_mult_sm"": 1.9500000000000002, ""sl_mult_sr"": 1.9, ""time_stop"": 17, ""tp_mult_lm"": 5.9, ""tp_mult_lr"": 14.2, ""tp_mult_sm"": 3.4, ""tp_mult_sr"": 5.1, ""trail_mult"": 3.2, ""trail_tp"": false, ""use_trailing"": true}",{},
1490,-1000000000.0,TrialState.COMPLETE,2026-04-01T03:03:54.274272,2026-04-01T03:03:54.357984,0.083712,"{""atr_window"": 15, ""bb_std_dev"": 1.45, ""bb_window"": 19, ""cooldown"": 3, ""macd_fast"": 20, ""macd_k"": 1.25, ""macd_k_mid"": 0.5, ""macd_signal"": 7, ""macd_slow"": 44, ""macd_std_window"": 98, ""rebalance_freq"": 30, ""rebounce_block"": 5, ""sl_mult_lm"": 1.9500000000000002, ""sl_mult_lr"": 3.1, ""sl_mult_sm"": 1.55, ""sl_mult_sr"": 2.8, ""time_stop"": 8, ""tp_mult_lm"": 5.7, ""tp_mult_lr"": 14.600000000000001, ""tp_mult_sm"": 6.1, ""tp_mult_sr"": 6.300000000000001, ""trail_mult"": 1.6, ""trail_tp"": true, ""use_trailing"": true}",{},
1491,-1000000000.0,TrialState.COMPLETE,2026-04-01T03:03:54.399595,2026-04-01T03:03:54.493442,0.093847,"{""atr_window"": 18, ""bb_std_dev"": 2.45, ""bb_window"": 15, ""cooldown"": 2, ""macd_fast"": 15, ""macd_k"": 1.2, ""macd_k_mid"": 0.55, ""macd_signal"": 6, ""macd_slow"": 43, ""macd_std_window"": 89, ""rebalance_freq"": 150, ""rebounce_block"": 6, ""sl_mult_lm"": 1.75, ""sl_mult_lr"": 4.9, ""sl_mult_sm"": 1.85, ""sl_mult_sr"": 2.7, ""time_stop"": 24, ""tp_mult_lm"": 3.8, ""tp_mult_lr"": 12.2, ""tp_mult_sm"": 6.5, ""tp_mult_sr"": 3.8, ""trail_mult"": 2.5, ""trail_tp"": false, ""use_trailing"": false}",{},
1492,-1000000000.0,TrialState.COMPLETE,2026-04-01T03:03:54.536517,2026-04-01T03:03:54.627340,0.090823,"{""atr_window"": 14, ""bb_std_dev"": 1.7999999999999998, ""bb_window"": 14, ""cooldown"": 1, ""macd_fast"": 13, ""macd_k"": 2.0, ""macd_k_mid"": 0.65, ""macd_signal"": 9, ""macd_slow"": 38, ""macd_std_window"": 77, ""rebalance_freq"": 180, ""rebounce_block"": 2, ""sl_mult_lm"": 1.5, ""sl_mult_lr"": 2.9, ""sl_mult_sm"": 1.05, ""sl_mult_sr"": 2.2, ""time_stop"": 14, ""tp_mult_lm"": 5.2, ""tp_mult_lr"": 9.6, ""tp_mult_sm"": 4.5, ""tp_mult_sr"": 3.1, ""trail_mult"": 2.9000000000000004, ""trail_tp"": true, ""use_trailing"": true}",{},
1493,-1000000000.0,TrialState.COMPLETE,2026-04-01T03:03:54.670006,2026-04-01T03:03:58.820378,4.150372,"{""atr_window"": 11, ""bb_std_dev"": 2.5, ""bb_window"": 16, ""cooldown"": 4, ""macd_fast"": 16, ""macd_k"": 1.8, ""macd_k_mid"": 0.6, ""macd_signal"": 10, ""macd_slow"": 37, ""macd_std_window"": 73, ""rebalance_freq"": 150, ""rebounce_block"": 1, ""sl_mult_lm"": 1.35, ""sl_mult_lr"": 2.8, ""sl_mult_sm"": 1.65, ""sl_mult_sr"": 1.6, ""time_stop"": 11, ""tp_mult_lm"": 6.0, ""tp_mult_lr"": 11.6, ""tp_mult_sm"": 3.9, ""tp_mult_sr"": 6.6, ""trail_mult"": 1.8, ""trail_tp"": false, ""use_trailing"": true}",{},
1494,-1000000000.0,TrialState.COMPLETE,2026-04-01T03:03:58.861840,2026-04-01T03:03:58.950018,0.088178,"{""atr_window"": 17, ""bb_std_dev"": 1.4, ""bb_window"": 18, ""cooldown"": 1, ""macd_fast"": 12, ""macd_k"": 1.1, ""macd_k_mid"": 0.8500000000000001, ""macd_signal"": 8, ""macd_slow"": 39, ""macd_std_window"": 88, ""rebalance_freq"": 90, ""rebounce_block"": 5, ""sl_mult_lm"": 1.9, ""sl_mult_lr"": 2.4, ""sl_mult_sm"": 1.6, ""sl_mult_sr"": 3.4000000000000004, ""time_stop"": 28, ""tp_mult_lm"": 4.0, ""tp_mult_lr"": 12.4, ""tp_mult_sm"": 3.0, ""tp_mult_sr"": 6.2, ""trail_mult"": 2.1, ""trail_tp"": true, ""use_trailing"": true}",{},
1495,-1000000000.0,TrialState.COMPLETE,2026-04-01T03:03:58.994101,2026-04-01T03:03:59.085111,0.09101,"{""atr_window"": 12, ""bb_std_dev"": 1.75, ""bb_window"": 15, ""cooldown"": 0, ""macd_fast"": 18, ""macd_k"": 1.6, ""macd_k_mid"": 0.75, ""macd_signal"": 7, ""macd_slow"": 41, ""macd_std_window"": 70, ""rebalance_freq"": 150, ""rebounce_block"": 4, ""sl_mult_lm"": 1.05, ""sl_mult_lr"": 2.5, ""sl_mult_sm"": 2.0, ""sl_mult_sr"": 1.5, ""time_stop"": 10, ""tp_mult_lm"": 4.8, ""tp_mult_lr"": 12.8, ""tp_mult_sm"": 5.6, ""tp_mult_sr"": 4.5, ""trail_mult"": 2.6, ""trail_tp"": false, ""use_trailing"": false}",{},
1496,-1000000000.0,TrialState.COMPLETE,2026-04-01T03:03:59.128273,2026-04-01T03:04:03.503078,4.374805,"{""atr_window"": 16, ""bb_std_dev"": 2.3, ""bb_window"": 14, ""cooldown"": 2, ""macd_fast"": 20, ""macd_k"": 1.0, ""macd_k_mid"": 0.9, ""macd_signal"": 5, ""macd_slow"": 40, ""macd_std_window"": 93, ""rebalance_freq"": 120, ""rebounce_block"": 6, ""sl_mult_lm"": 2.1, ""sl_mult_lr"": 2.0, ""sl_mult_sm"": 1.75, ""sl_mult_sr"": 2.1, ""time_stop"": 7, ""tp_mult_lm"": 5.1, ""tp_mult_lr"": 11.4, ""tp_mult_sm"": 5.5, ""tp_mult_sr"": 6.0, ""trail_mult"": 3.2, ""trail_tp"": true, ""use_trailing"": true}",{},
1497,-1000000000.0,TrialState.COMPLETE,2026-04-01T03:04:03.542385,2026-04-01T03:04:03.627423,0.085038,"{""atr_window"": 13, ""bb_std_dev"": 1.7, ""bb_window"": 24, ""cooldown"": 4, ""macd_fast"": 14, ""macd_k"": 1.45, ""macd_k_mid"": 0.55, ""macd_signal"": 9, ""macd_slow"": 42, ""macd_std_window"": 89, ""rebalance_freq"": 30, ""rebounce_block"": 3, ""sl_mult_lm"": 2.1500000000000004, ""sl_mult_lr"": 2.2, ""sl_mult_sm"": 1.8, ""sl_mult_sr"": 3.1, ""time_stop"": 15, ""tp_mult_lm"": 5.6, ""tp_mult_lr"": 15.4, ""tp_mult_sm"": 5.9, ""tp_mult_sr"": 5.800000000000001, ""trail_mult"": 2.7, ""trail_tp"": false, ""use_trailing"": true}",{},
1498,-1000000000.0,TrialState.COMPLETE,2026-04-01T03:04:03.670362,2026-04-01T03:04:03.762649,0.092287,"{""atr_window"": 20, ""bb_std_dev"": 2.2, ""bb_window"": 14, ""cooldown"": 1, ""macd_fast"": 17, ""macd_k"": 1.05, ""macd_k_mid"": 1.0, ""macd_signal"": 8, ""macd_slow"": 43, ""macd_std_window"": 76, ""rebalance_freq"": 180, ""rebounce_block"": 0, ""sl_mult_lm"": 1.0, ""sl_mult_lr"": 2.1, ""sl_mult_sm"": 1.7000000000000002, ""sl_mult_sr"": 2.0, ""time_stop"": 23, ""tp_mult_lm"": 5.3, ""tp_mult_lr"": 12.600000000000001, ""tp_mult_sm"": 6.7, ""tp_mult_sr"": 6.1, ""trail_mult"": 3.3, ""trail_tp"": true, ""use_trailing"": true}",{},
1499,-1000000000.0,TrialState.COMPLETE,2026-04-01T03:04:03.804154,2026-04-01T03:04:03.895263,0.091109,"{""atr_window"": 18, ""bb_std_dev"": 2.4, ""bb_window"": 21, ""cooldown"": 3, ""macd_fast"": 11, ""macd_k"": 1.3, ""macd_k_mid"": 0.7, ""macd_signal"": 8, ""macd_slow"": 44, ""macd_std_window"": 90, ""rebalance_freq"": 60, ""rebounce_block"": 5, ""sl_mult_lm"": 1.3, ""sl_mult_lr"": 2.6, ""sl_mult_sm"": 1.9, ""sl_mult_sr"": 1.9, ""time_stop"": 25, ""tp_mult_lm"": 4.7, ""tp_mult_lr"": 8.2, ""tp_mult_sm"": 5.7, ""tp_mult_sr"": 3.0, ""trail_mult"": 3.1, ""trail_tp"": false, ""use_trailing"": false}",{},
1500,-1000000000.0,TrialState.COMPLETE,2026-04-01T03:04:03.955135,2026-04-01T03:04:04.056642,0.101507,"{""atr_window"": 19, ""bb_std_dev"": 2.1, ""bb_window"": 15, ""cooldown"": 5, ""macd_fast"": 15, ""macd_k"": 1.55, ""macd_k_mid"": 0.55, ""macd_signal"": 9, ""macd_slow"": 40, ""macd_std_window"": 92, ""rebalance_freq"": 150, ""rebounce_block"": 3, ""sl_mult_lm"": 2.0, ""sl_mult_lr"": 4.2, ""sl_mult_sm"": 1.5, ""sl_mult_sr"": 1.6, ""time_stop"": 21, ""tp_mult_lm"": 3.6, ""tp_mult_lr"": 10.8, ""tp_mult_sm"": 4.8, ""tp_mult_sr"": 4.0, ""trail_mult"": 2.0, ""trail_tp"": true, ""use_trailing"": true}",{},
1501,-1000000000.0,TrialState.COMPLETE,2026-04-01T03:04:04.100842,2026-04-01T03:04:04.192897,0.092055,"{""atr_window"": 15, ""bb_std_dev"": 2.35, ""bb_window"": 17, ""cooldown"": 0, ""macd_fast"": 14, ""macd_k"": 1.9, ""macd_k_mid"": 0.5, ""macd_signal"": 10, ""macd_slow"": 37, ""macd_std_window"": 96, ""rebalance_freq"": 150, ""rebounce_block"": 1, ""sl_mult_lm"": 1.55, ""sl_mult_lr"": 4.6, ""sl_mult_sm"": 1.65, ""sl_mult_sr"": 2.5, ""time_stop"": 30, ""tp_mult_lm"": 5.5, ""tp_mult_lr"": 10.0, ""tp_mult_sm"": 4.9, ""tp_mult_sr"": 4.6, ""trail_mult"": 3.0, ""trail_tp"": false, ""use_trailing"": true}",{},
1502,-1000000000.0,TrialState.COMPLETE,2026-04-01T03:04:04.234908,2026-04-01T03:04:08.166311,3.931403,"{""atr_window"": 14, ""bb_std_dev"": 2.05, ""bb_window"": 22, ""cooldown"": 2, ""macd_fast"": 19, ""macd_k"": 1.85, ""macd_k_mid"": 0.65, ""macd_signal"": 7, ""macd_slow"": 35, ""macd_std_window"": 88, ""rebalance_freq"": 120, ""rebounce_block"": 2, ""sl_mult_lm"": 1.9500000000000002, ""sl_mult_lr"": 4.800000000000001, ""sl_mult_sm"": 1.45, ""sl_mult_sr"": 1.8, ""time_stop"": 29, ""tp_mult_lm"": 4.5, ""tp_mult_lr"": 12.0, ""tp_mult_sm"": 6.300000000000001, ""tp_mult_sr"": 6.4, ""trail_mult"": 4.0, ""trail_tp"": true, ""use_trailing"": false}",{},
1503,-1000000000.0,TrialState.COMPLETE,2026-04-01T03:04:08.211650,2026-04-01T03:04:08.292168,0.080518,"{""atr_window"": 11, ""bb_std_dev"": 2.15, ""bb_window"": 23, ""cooldown"": 1, ""macd_fast"": 10, ""macd_k"": 1.1, ""macd_k_mid"": 0.6, ""macd_signal"": 6, ""macd_slow"": 41, ""macd_std_window"": 75, ""rebalance_freq"": 180, ""rebounce_block"": 0, ""sl_mult_lm"": 1.25, ""sl_mult_lr"": 3.4000000000000004, ""sl_mult_sm"": 1.9500000000000002, ""sl_mult_sr"": 2.6, ""time_stop"": 18, ""tp_mult_lm"": 4.9, ""tp_mult_lr"": 10.2, ""tp_mult_sm"": 6.9, ""tp_mult_sr"": 3.7, ""trail_mult"": 1.5, ""trail_tp"": false, ""use_trailing"": true}",{},
1504,-1000000000.0,TrialState.COMPLETE,2026-04-01T03:04:08.330751,2026-04-01T03:04:08.410337,0.079586,"{""atr_window"": 16, ""bb_std_dev"": 2.5, ""bb_window"": 16, ""cooldown"": 3, ""macd_fast"": 12, ""macd_k"": 1.15, ""macd_k_mid"": 0.5, ""macd_signal"": 9, ""macd_slow"": 44, ""macd_std_window"": 78, ""rebalance_freq"": 90, ""rebounce_block"": 5, ""sl_mult_lm"": 1.2, ""sl_mult_lr"": 2.3, ""sl_mult_sm"": 1.25, ""sl_mult_sr"": 1.5, ""time_stop"": 0, ""tp_mult_lm"": 3.7, ""tp_mult_lr"": 13.0, ""tp_mult_sm"": 5.300000000000001, ""tp_mult_sr"": 6.800000000000001, ""trail_mult"": 2.2, ""trail_tp"": true, ""use_trailing"": true}",{},
1505,-1000000000.0,TrialState.COMPLETE,2026-04-01T03:04:08.448419,2026-04-01T03:04:11.858322,3.409903,"{""atr_window"": 18, ""bb_std_dev"": 1.8499999999999999, ""bb_window"": 14, ""cooldown"": 4, ""macd_fast"": 20, ""macd_k"": 1.7000000000000002, ""macd_k_mid"": 0.55, ""macd_signal"": 6, ""macd_slow"": 36, ""macd_std_window"": 99, ""rebalance_freq"": 30, ""rebounce_block"": 6, ""sl_mult_lm"": 1.15, ""sl_mult_lr"": 4.1, ""sl_mult_sm"": 1.4, ""sl_mult_sr"": 2.2, ""time_stop"": 22, ""tp_mult_lm"": 5.800000000000001, ""tp_mult_lr"": 16.6, ""tp_mult_sm"": 5.800000000000001, ""tp_mult_sr"": 5.5, ""trail_mult"": 1.9, ""trail_tp"": false, ""use_trailing"": true}",{},
1506,-1000000000.0,TrialState.COMPLETE,2026-04-01T03:04:11.891986,2026-04-01T03:04:11.961184,0.069198,"{""atr_window"": 17, ""bb_std_dev"": 1.5999999999999999, ""bb_window"": 25, ""cooldown"": 2, ""macd_fast"": 16, ""macd_k"": 1.45, ""macd_k_mid"": 0.6, ""macd_signal"": 8, ""macd_slow"": 43, ""macd_std_window"": 82, ""rebalance_freq"": 120, ""rebounce_block"": 3, ""sl_mult_lm"": 1.35, ""sl_mult_lr"": 3.8, ""sl_mult_sm"": 1.3, ""sl_mult_sr"": 1.7, ""time_stop"": 1, ""tp_mult_lm"": 5.4, ""tp_mult_lr"": 14.8, ""tp_mult_sm"": 6.800000000000001, ""tp_mult_sr"": 5.9, ""trail_mult"": 3.5, ""trail_tp"": true, ""use_trailing"": false}",{},
1507,-1000000000.0,TrialState.COMPLETE,2026-04-01T03:04:11.995795,2026-04-01T03:04:12.082286,0.086491,"{""atr_window"": 20, ""bb_std_dev"": 1.95, ""bb_window"": 20, ""cooldown"": 1, ""macd_fast"": 14, ""macd_k"": 1.35, ""macd_k_mid"": 0.95, ""macd_signal"": 7, ""macd_slow"": 39, ""macd_std_window"": 91, ""rebalance_freq"": 150, ""rebounce_block"": 2, ""sl_mult_lm"": 2.05, ""sl_mult_lr"": 2.5, ""sl_mult_sm"": 1.85, ""sl_mult_sr"": 3.3, ""time_stop"": 8, ""tp_mult_lm"": 4.3, ""tp_mult_lr"": 15.8, ""tp_mult_sm"": 3.6, ""tp_mult_sr"": 5.7, ""trail_mult"": 3.9000000000000004, ""trail_tp"": false, ""use_trailing"": true}",{},
1508,-1000000000.0,TrialState.COMPLETE,2026-04-01T03:04:12.123465,2026-04-01T03:04:12.206452,0.082987,"{""atr_window"": 15, ""bb_std_dev"": 2.45, ""bb_window"": 17, ""cooldown"": 0, ""macd_fast"": 15, ""macd_k"": 1.65, ""macd_k_mid"": 0.55, ""macd_signal"": 9, ""macd_slow"": 42, ""macd_std_window"": 71, ""rebalance_freq"": 180, ""rebounce_block"": 4, ""sl_mult_lm"": 1.4, ""sl_mult_lr"": 2.2, ""sl_mult_sm"": 1.8, ""sl_mult_sr"": 2.1, ""time_stop"": 16, ""tp_mult_lm"": 5.6, ""tp_mult_lr"": 15.0, ""tp_mult_sm"": 4.7, ""tp_mult_sr"": 3.9, ""trail_mult"": 3.8000000000000003, ""trail_tp"": true, ""use_trailing"": true}",{},
1509,-1000000000.0,TrialState.COMPLETE,2026-04-01T03:04:12.250739,2026-04-01T03:04:16.676454,4.425715,"{""atr_window"": 19, ""bb_std_dev"": 2.0, ""bb_window"": 14, ""cooldown"": 5, ""macd_fast"": 18, ""macd_k"": 1.2, ""macd_k_mid"": 0.65, ""macd_signal"": 8, ""macd_slow"": 40, ""macd_std_window"": 90, ""rebalance_freq"": 150, ""rebounce_block"": 5, ""sl_mult_lm"": 1.75, ""sl_mult_lr"": 2.4, ""sl_mult_sm"": 1.2, ""sl_mult_sr"": 1.5, ""time_stop"": 9, ""tp_mult_lm"": 5.0, ""tp_mult_lr"": 13.4, ""tp_mult_sm"": 4.3, ""tp_mult_sr"": 3.2, ""trail_mult"": 3.7, ""trail_tp"": true, ""use_trailing"": true}",{},
1510,-1000000000.0,TrialState.COMPLETE,2026-04-01T03:04:16.718505,2026-04-01T03:04:16.809422,0.090917,"{""atr_window"": 13, ""bb_std_dev"": 1.5, ""bb_window"": 21, ""cooldown"": 1, ""macd_fast"": 13, ""macd_k"": 1.5, ""macd_k_mid"": 0.8, ""macd_signal"": 10, ""macd_slow"": 43, ""macd_std_window"": 74, ""rebalance_freq"": 60, ""rebounce_block"": 5, ""sl_mult_lm"": 1.3, ""sl_mult_lr"": 2.6, ""sl_mult_sm"": 1.1, ""sl_mult_sr"": 2.1, ""time_stop"": 27, ""tp_mult_lm"": 4.2, ""tp_mult_lr"": 17.0, ""tp_mult_sm"": 4.4, ""tp_mult_sr"": 4.4, ""trail_mult"": 2.3, ""trail_tp"": false, ""use_trailing"": false}",{},
1511,-1000000000.0,TrialState.COMPLETE,2026-04-01T03:04:16.851143,2026-04-01T03:04:16.940614,0.089471,"{""atr_window"": 14, ""bb_std_dev"": 1.9, ""bb_window"": 19, ""cooldown"": 2, ""macd_fast"": 12, ""macd_k"": 1.4, ""macd_k_mid"": 0.7, ""macd_signal"": 8, ""macd_slow"": 37, ""macd_std_window"": 72, ""rebalance_freq"": 90, ""rebounce_block"": 6, ""sl_mult_lm"": 1.0, ""sl_mult_lr"": 3.0, ""sl_mult_sm"": 1.55, ""sl_mult_sr"": 2.3, ""time_stop"": 18, ""tp_mult_lm"": 5.2, ""tp_mult_lr"": 8.4, ""tp_mult_sm"": 4.6, ""tp_mult_sr"": 5.0, ""trail_mult"": 2.9000000000000004, ""trail_tp"": true, ""use_trailing"": true}",{},
1512,-1000000000.0,TrialState.COMPLETE,2026-04-01T03:04:16.996599,2026-04-01T03:04:17.101179,0.10458,"{""atr_window"": 16, ""bb_std_dev"": 2.25, ""bb_window"": 16, ""cooldown"": 3, ""macd_fast"": 11, ""macd_k"": 1.0, ""macd_k_mid"": 0.55, ""macd_signal"": 9, ""macd_slow"": 35, ""macd_std_window"": 83, ""rebalance_freq"": 180, ""rebounce_block"": 0, ""sl_mult_lm"": 1.9, ""sl_mult_lr"": 2.3, ""sl_mult_sm"": 1.15, ""sl_mult_sr"": 2.4, ""time_stop"": 19, ""tp_mult_lm"": 5.7, ""tp_mult_lr"": 11.8, ""tp_mult_sm"": 6.2, ""tp_mult_sr"": 5.6, ""trail_mult"": 2.1, ""trail_tp"": false, ""use_trailing"": true}",{},
1513,-1000000000.0,TrialState.COMPLETE,2026-04-01T03:04:17.145402,2026-04-01T03:04:20.943990,3.798588,"{""atr_window"": 14, ""bb_std_dev"": 2.2, ""bb_window"": 15, ""cooldown"": 0, ""macd_fast"": 17, ""macd_k"": 1.05, ""macd_k_mid"": 0.75, ""macd_signal"": 7, ""macd_slow"": 38, ""macd_std_window"": 80, ""rebalance_freq"": 150, ""rebounce_block"": 4, ""sl_mult_lm"": 1.8, ""sl_mult_lr"": 2.8, ""sl_mult_sm"": 1.6, ""sl_mult_sr"": 2.9000000000000004, ""time_stop"": 13, ""tp_mult_lm"": 4.1, ""tp_mult_lr"": 16.0, ""tp_mult_sm"": 3.5, ""tp_mult_sr"": 4.7, ""trail_mult"": 1.8, ""trail_tp"": true, ""use_trailing"": true}",{},
1514,-1000000000.0,TrialState.COMPLETE,2026-04-01T03:04:20.984119,2026-04-01T03:04:21.065139,0.08102,"{""atr_window"": 18, ""bb_std_dev"": 1.75, ""bb_window"": 14, ""cooldown"": 4, ""macd_fast"": 14, ""macd_k"": 1.6, ""macd_k_mid"": 0.6, ""macd_signal"": 6, ""macd_slow"": 41, ""macd_std_window"": 81, ""rebalance_freq"": 120, ""rebounce_block"": 3, ""sl_mult_lm"": 2.2, ""sl_mult_lr"": 2.5, ""sl_mult_sm"": 1.75, ""sl_mult_sr"": 1.7, ""time_stop"": 14, ""tp_mult_lm"": 5.3, ""tp_mult_lr"": 12.2, ""tp_mult_sm"": 6.0, ""tp_mult_sr"": 3.4, ""trail_mult"": 3.1, ""trail_tp"": false, ""use_trailing"": false}",{},
