number,value,state,datetime_start,datetime_complete,duration_seconds,params_json,fold_sharpes_json,avg_cv_sharpe
1242,-1000000000.0,TrialState.COMPLETE,2026-04-01T02:58:58.814955,2026-04-01T02:59:01.311960,2.497005,"{""atr_window"": 13, ""bb_std_dev"": 2.3, ""bb_window"": 25, ""cooldown"": 5, ""macd_fast"": 16, ""macd_k"": 1.4, ""macd_k_mid"": 0.55, ""macd_signal"": 7, ""macd_slow"": 38, ""macd_std_window"": 78, ""rebalance_freq"": 30, ""rebounce_block"": 3, ""sl_mult_lm"": 1.0, ""sl_mult_lr"": 2.0, ""sl_mult_sm"": 1.75, ""sl_mult_sr"": 1.6, ""time_stop"": 18, ""tp_mult_lm"": 5.800000000000001, ""tp_mult_lr"": 16.200000000000003, ""tp_mult_sm"": 6.9, ""tp_mult_sr"": 4.4, ""trail_mult"": 2.3, ""trail_tp"": false, ""use_trailing"": true}",{},
1243,-1000000000.0,TrialState.COMPLETE,2026-04-01T02:59:01.339547,2026-04-01T02:59:01.383460,0.043913,"{""atr_window"": 18, ""bb_std_dev"": 2.4, ""bb_window"": 23, ""cooldown"": 0, ""macd_fast"": 13, ""macd_k"": 1.7000000000000002, ""macd_k_mid"": 0.55, ""macd_signal"": 9, ""macd_slow"": 39, ""macd_std_window"": 81, ""rebalance_freq"": 180, ""rebounce_block"": 5, ""sl_mult_lm"": 2.0, ""sl_mult_lr"": 2.1, ""sl_mult_sm"": 1.9, ""sl_mult_sr"": 1.5, ""time_stop"": 29, ""tp_mult_lm"": 5.3, ""tp_mult_lr"": 12.8, ""tp_mult_sm"": 6.6, ""tp_mult_sr"": 3.9, ""trail_mult"": 3.1, ""trail_tp"": true, ""use_trailing"": true}",{},
1244,-1000000000.0,TrialState.COMPLETE,2026-04-01T02:59:01.416817,2026-04-01T02:59:01.465161,0.048344,"{""atr_window"": 19, ""bb_std_dev"": 1.5499999999999998, ""bb_window"": 14, ""cooldown"": 2, ""macd_fast"": 10, ""macd_k"": 1.55, ""macd_k_mid"": 0.65, ""macd_signal"": 8, ""macd_slow"": 44, ""macd_std_window"": 97, ""rebalance_freq"": 90, ""rebounce_block"": 0, ""sl_mult_lm"": 1.2, ""sl_mult_lr"": 2.2, ""sl_mult_sm"": 1.65, ""sl_mult_sr"": 3.1, ""time_stop"": 24, ""tp_mult_lm"": 4.7, ""tp_mult_lr"": 10.6, ""tp_mult_sm"": 3.2, ""tp_mult_sr"": 3.1, ""trail_mult"": 2.9000000000000004, ""trail_tp"": false, ""use_trailing"": true}",{},
1245,-1000000000.0,TrialState.COMPLETE,2026-04-01T02:59:01.497665,2026-04-01T02:59:01.560141,0.062476,"{""atr_window"": 15, ""bb_std_dev"": 2.2, ""bb_window"": 20, ""cooldown"": 4, ""macd_fast"": 14, ""macd_k"": 1.9, ""macd_k_mid"": 0.5, ""macd_signal"": 6, ""macd_slow"": 37, ""macd_std_window"": 83, ""rebalance_freq"": 150, ""rebounce_block"": 2, ""sl_mult_lm"": 1.65, ""sl_mult_lr"": 2.9, ""sl_mult_sm"": 1.6, ""sl_mult_sr"": 2.1, ""time_stop"": 15, ""tp_mult_lm"": 3.8, ""tp_mult_lr"": 16.8, ""tp_mult_sm"": 4.2, ""tp_mult_sr"": 6.300000000000001, ""trail_mult"": 2.6, ""trail_tp"": true, ""use_trailing"": false}",{},
1246,-1000000000.0,TrialState.COMPLETE,2026-04-01T02:59:01.603621,2026-04-01T02:59:01.653916,0.050295,"{""atr_window"": 11, ""bb_std_dev"": 1.9, ""bb_window"": 15, ""cooldown"": 1, ""macd_fast"": 11, ""macd_k"": 1.5, ""macd_k_mid"": 0.95, ""macd_signal"": 8, ""macd_slow"": 41, ""macd_std_window"": 90, ""rebalance_freq"": 90, ""rebounce_block"": 1, ""sl_mult_lm"": 1.45, ""sl_mult_lr"": 2.6, ""sl_mult_sm"": 2.0, ""sl_mult_sr"": 2.0, ""time_stop"": 30, ""tp_mult_lm"": 5.0, ""tp_mult_lr"": 9.0, ""tp_mult_sm"": 6.0, ""tp_mult_sr"": 3.6, ""trail_mult"": 3.8000000000000003, ""trail_tp"": false, ""use_trailing"": true}",{},
1247,-1000000000.0,TrialState.COMPLETE,2026-04-01T02:59:01.690040,2026-04-01T02:59:01.738430,0.04839,"{""atr_window"": 12, ""bb_std_dev"": 1.5999999999999999, ""bb_window"": 14, ""cooldown"": 3, ""macd_fast"": 20, ""macd_k"": 1.0, ""macd_k_mid"": 0.6, ""macd_signal"": 5, ""macd_slow"": 43, ""macd_std_window"": 95, ""rebalance_freq"": 60, ""rebounce_block"": 6, ""sl_mult_lm"": 2.05, ""sl_mult_lr"": 2.4, ""sl_mult_sm"": 1.5, ""sl_mult_sr"": 3.5, ""time_stop"": 25, ""tp_mult_lm"": 5.2, ""tp_mult_lr"": 15.8, ""tp_mult_sm"": 3.5, ""tp_mult_sr"": 4.7, ""trail_mult"": 3.2, ""trail_tp"": true, ""use_trailing"": true}",{},
1248,-1000000000.0,TrialState.COMPLETE,2026-04-01T02:59:01.773240,2026-04-01T02:59:01.822865,0.049625,"{""atr_window"": 14, ""bb_std_dev"": 1.7, ""bb_window"": 19, ""cooldown"": 0, ""macd_fast"": 12, ""macd_k"": 1.75, ""macd_k_mid"": 0.6, ""macd_signal"": 7, ""macd_slow"": 40, ""macd_std_window"": 99, ""rebalance_freq"": 150, ""rebounce_block"": 4, ""sl_mult_lm"": 1.9, ""sl_mult_lr"": 4.2, ""sl_mult_sm"": 1.85, ""sl_mult_sr"": 1.8, ""time_stop"": 13, ""tp_mult_lm"": 5.5, ""tp_mult_lr"": 11.8, ""tp_mult_sm"": 3.1, ""tp_mult_sr"": 4.8, ""trail_mult"": 3.4000000000000004, ""trail_tp"": false, ""use_trailing"": false}",{},
1249,-1000000000.0,TrialState.COMPLETE,2026-04-01T02:59:01.857918,2026-04-01T02:59:01.917087,0.059169,"{""atr_window"": 20, ""bb_std_dev"": 2.05, ""bb_window"": 22, ""cooldown"": 2, ""macd_fast"": 13, ""macd_k"": 1.9500000000000002, ""macd_k_mid"": 0.7, ""macd_signal"": 8, ""macd_slow"": 42, ""macd_std_window"": 71, ""rebalance_freq"": 180, ""rebounce_block"": 5, ""sl_mult_lm"": 1.05, ""sl_mult_lr"": 3.0, ""sl_mult_sm"": 1.2, ""sl_mult_sr"": 2.9000000000000004, ""time_stop"": 9, ""tp_mult_lm"": 5.1, ""tp_mult_lr"": 12.2, ""tp_mult_sm"": 6.800000000000001, ""tp_mult_sr"": 6.1, ""trail_mult"": 3.9000000000000004, ""trail_tp"": true, ""use_trailing"": true}",{},
1250,-1000000000.0,TrialState.COMPLETE,2026-04-01T02:59:01.959550,2026-04-01T02:59:02.011500,0.05195,"{""atr_window"": 15, ""bb_std_dev"": 1.7999999999999998, ""bb_window"": 17, ""cooldown"": 1, ""macd_fast"": 14, ""macd_k"": 1.3, ""macd_k_mid"": 0.75, ""macd_signal"": 9, ""macd_slow"": 44, ""macd_std_window"": 85, ""rebalance_freq"": 120, ""rebounce_block"": 3, ""sl_mult_lm"": 2.0, ""sl_mult_lr"": 4.0, ""sl_mult_sm"": 1.35, ""sl_mult_sr"": 2.4, ""time_stop"": 10, ""tp_mult_lm"": 5.4, ""tp_mult_lr"": 13.600000000000001, ""tp_mult_sm"": 6.300000000000001, ""tp_mult_sr"": 6.800000000000001, ""trail_mult"": 1.9, ""trail_tp"": false, ""use_trailing"": true}",{},
1251,-1000000000.0,TrialState.COMPLETE,2026-04-01T02:59:02.045834,2026-04-01T02:59:04.562403,2.516569,"{""atr_window"": 16, ""bb_std_dev"": 2.5, ""bb_window"": 14, ""cooldown"": 5, ""macd_fast"": 17, ""macd_k"": 1.65, ""macd_k_mid"": 0.5, ""macd_signal"": 9, ""macd_slow"": 39, ""macd_std_window"": 93, ""rebalance_freq"": 30, ""rebounce_block"": 0, ""sl_mult_lm"": 1.85, ""sl_mult_lr"": 2.3, ""sl_mult_sm"": 1.9500000000000002, ""sl_mult_sr"": 2.3, ""time_stop"": 4, ""tp_mult_lm"": 4.1, ""tp_mult_lr"": 13.2, ""tp_mult_sm"": 7.0, ""tp_mult_sr"": 3.7, ""trail_mult"": 3.6, ""trail_tp"": true, ""use_trailing"": true}",{},
1252,-1000000000.0,TrialState.COMPLETE,2026-04-01T02:59:04.595193,2026-04-01T02:59:04.645744,0.050551,"{""atr_window"": 14, ""bb_std_dev"": 2.45, ""bb_window"": 16, ""cooldown"": 4, ""macd_fast"": 15, ""macd_k"": 1.25, ""macd_k_mid"": 0.65, ""macd_signal"": 8, ""macd_slow"": 43, ""macd_std_window"": 70, ""rebalance_freq"": 150, ""rebounce_block"": 5, ""sl_mult_lm"": 1.4, ""sl_mult_lr"": 2.7, ""sl_mult_sm"": 1.7000000000000002, ""sl_mult_sr"": 1.9, ""time_stop"": 6, ""tp_mult_lm"": 3.5, ""tp_mult_lr"": 9.6, ""tp_mult_sm"": 4.4, ""tp_mult_sr"": 3.8, ""trail_mult"": 2.7, ""trail_tp"": false, ""use_trailing"": false}",{},
1253,-1000000000.0,TrialState.COMPLETE,2026-04-01T02:59:04.679732,2026-04-01T02:59:07.100619,2.420887,"{""atr_window"": 18, ""bb_std_dev"": 2.35, ""bb_window"": 15, ""cooldown"": 1, ""macd_fast"": 18, ""macd_k"": 1.35, ""macd_k_mid"": 0.55, ""macd_signal"": 10, ""macd_slow"": 35, ""macd_std_window"": 91, ""rebalance_freq"": 180, ""rebounce_block"": 6, ""sl_mult_lm"": 2.1500000000000004, ""sl_mult_lr"": 2.3, ""sl_mult_sm"": 1.25, ""sl_mult_sr"": 3.0, ""time_stop"": 16, ""tp_mult_lm"": 4.6, ""tp_mult_lr"": 11.8, ""tp_mult_sm"": 5.300000000000001, ""tp_mult_sr"": 5.800000000000001, ""trail_mult"": 2.2, ""trail_tp"": true, ""use_trailing"": true}",{},
1254,-1000000000.0,TrialState.COMPLETE,2026-04-01T02:59:07.128723,2026-04-01T02:59:09.716797,2.588074,"{""atr_window"": 13, ""bb_std_dev"": 1.95, ""bb_window"": 21, ""cooldown"": 3, ""macd_fast"": 20, ""macd_k"": 1.05, ""macd_k_mid"": 1.0, ""macd_signal"": 9, ""macd_slow"": 38, ""macd_std_window"": 88, ""rebalance_freq"": 150, ""rebounce_block"": 4, ""sl_mult_lm"": 1.35, ""sl_mult_lr"": 2.4, ""sl_mult_sm"": 1.65, ""sl_mult_sr"": 1.5, ""time_stop"": 12, ""tp_mult_lm"": 5.7, ""tp_mult_lr"": 12.4, ""tp_mult_sm"": 6.4, ""tp_mult_sr"": 5.4, ""trail_mult"": 1.6, ""trail_tp"": false, ""use_trailing"": true}",{},
1255,-1000000000.0,TrialState.COMPLETE,2026-04-01T02:59:09.749952,2026-04-01T02:59:09.813394,0.063442,"{""atr_window"": 17, ""bb_std_dev"": 2.1, ""bb_window"": 14, ""cooldown"": 2, ""macd_fast"": 12, ""macd_k"": 1.8, ""macd_k_mid"": 0.8, ""macd_signal"": 6, ""macd_slow"": 42, ""macd_std_window"": 87, ""rebalance_freq"": 90, ""rebounce_block"": 3, ""sl_mult_lm"": 1.9500000000000002, ""sl_mult_lr"": 3.4000000000000004, ""sl_mult_sm"": 1.8, ""sl_mult_sr"": 1.7, ""time_stop"": 19, ""tp_mult_lm"": 5.0, ""tp_mult_lr"": 10.4, ""tp_mult_sm"": 5.9, ""tp_mult_sr"": 4.0, ""trail_mult"": 3.7, ""trail_tp"": true, ""use_trailing"": true}",{},
1256,-1000000000.0,TrialState.COMPLETE,2026-04-01T02:59:09.848377,2026-04-01T02:59:09.898025,0.049648,"{""atr_window"": 18, ""bb_std_dev"": 1.65, ""bb_window"": 24, ""cooldown"": 0, ""macd_fast"": 10, ""macd_k"": 1.45, ""macd_k_mid"": 0.9, ""macd_signal"": 7, ""macd_slow"": 40, ""macd_std_window"": 96, ""rebalance_freq"": 120, ""rebounce_block"": 2, ""sl_mult_lm"": 1.1, ""sl_mult_lr"": 3.6, ""sl_mult_sm"": 1.0, ""sl_mult_sr"": 1.6, ""time_stop"": 14, ""tp_mult_lm"": 5.6, ""tp_mult_lr"": 15.600000000000001, ""tp_mult_sm"": 5.1, ""tp_mult_sr"": 3.0, ""trail_mult"": 1.8, ""trail_tp"": false, ""use_trailing"": false}",{},
1257,-1000000000.0,TrialState.COMPLETE,2026-04-01T02:59:09.932876,2026-04-01T02:59:09.982570,0.049694,"{""atr_window"": 10, ""bb_std_dev"": 2.4, ""bb_window"": 15, ""cooldown"": 1, ""macd_fast"": 14, ""macd_k"": 1.15, ""macd_k_mid"": 0.55, ""macd_signal"": 8, ""macd_slow"": 37, ""macd_std_window"": 74, ""rebalance_freq"": 150, ""rebounce_block"": 0, ""sl_mult_lm"": 1.25, ""sl_mult_lr"": 3.2, ""sl_mult_sm"": 1.55, ""sl_mult_sr"": 2.1, ""time_stop"": 28, ""tp_mult_lm"": 4.0, ""tp_mult_lr"": 12.0, ""tp_mult_sm"": 4.5, ""tp_mult_sr"": 5.7, ""trail_mult"": 2.5, ""trail_tp"": true, ""use_trailing"": true}",{},
1258,-1000000000.0,TrialState.COMPLETE,2026-04-01T02:59:10.020857,2026-04-01T02:59:10.071488,0.050631,"{""atr_window"": 20, ""bb_std_dev"": 2.25, ""bb_window"": 17, ""cooldown"": 2, ""macd_fast"": 19, ""macd_k"": 1.5, ""macd_k_mid"": 0.5, ""macd_signal"": 9, ""macd_slow"": 44, ""macd_std_window"": 98, ""rebalance_freq"": 180, ""rebounce_block"": 6, ""sl_mult_lm"": 1.2, ""sl_mult_lr"": 2.0, ""sl_mult_sm"": 1.1, ""sl_mult_sr"": 2.2, ""time_stop"": 1, ""tp_mult_lm"": 5.3, ""tp_mult_lr"": 8.6, ""tp_mult_sm"": 5.4, ""tp_mult_sr"": 5.2, ""trail_mult"": 1.5, ""trail_tp"": true, ""use_trailing"": true}",{},
1259,-1000000000.0,TrialState.COMPLETE,2026-04-01T02:59:10.107978,2026-04-01T02:59:12.618650,2.510672,"{""atr_window"": 19, ""bb_std_dev"": 2.0, ""bb_window"": 20, ""cooldown"": 1, ""macd_fast"": 16, ""macd_k"": 1.1, ""macd_k_mid"": 0.65, ""macd_signal"": 8, ""macd_slow"": 36, ""macd_std_window"": 80, ""rebalance_freq"": 60, ""rebounce_block"": 5, ""sl_mult_lm"": 1.3, ""sl_mult_lr"": 4.300000000000001, ""sl_mult_sm"": 1.05, ""sl_mult_sr"": 3.2, ""time_stop"": 24, ""tp_mult_lm"": 5.9, ""tp_mult_lr"": 14.0, ""tp_mult_sm"": 6.5, ""tp_mult_sr"": 6.6, ""trail_mult"": 2.1, ""trail_tp"": false, ""use_trailing"": true}",{},
1260,-1000000000.0,TrialState.COMPLETE,2026-04-01T02:59:12.647013,2026-04-01T02:59:12.691077,0.044064,"{""atr_window"": 16, ""bb_std_dev"": 2.2, ""bb_window"": 14, ""cooldown"": 0, ""macd_fast"": 15, ""macd_k"": 1.0, ""macd_k_mid"": 0.6, ""macd_signal"": 10, ""macd_slow"": 43, ""macd_std_window"": 89, ""rebalance_freq"": 30, ""rebounce_block"": 2, ""sl_mult_lm"": 1.0, ""sl_mult_lr"": 2.8, ""sl_mult_sm"": 1.75, ""sl_mult_sr"": 2.0, ""time_stop"": 0, ""tp_mult_lm"": 6.0, ""tp_mult_lr"": 11.4, ""tp_mult_sm"": 3.5, ""tp_mult_sr"": 4.6, ""trail_mult"": 3.1, ""trail_tp"": true, ""use_trailing"": false}",{},
1261,-1000000000.0,TrialState.COMPLETE,2026-04-01T02:59:12.718907,2026-04-01T02:59:12.764756,0.045849,"{""atr_window"": 14, ""bb_std_dev"": 2.35, ""bb_window"": 23, ""cooldown"": 3, ""macd_fast"": 17, ""macd_k"": 1.6, ""macd_k_mid"": 0.8500000000000001, ""macd_signal"": 9, ""macd_slow"": 40, ""macd_std_window"": 76, ""rebalance_freq"": 120, ""rebounce_block"": 5, ""sl_mult_lm"": 1.15, ""sl_mult_lr"": 2.5, ""sl_mult_sm"": 1.9, ""sl_mult_sr"": 2.7, ""time_stop"": 17, ""tp_mult_lm"": 4.9, ""tp_mult_lr"": 8.0, ""tp_mult_sm"": 3.7, ""tp_mult_sr"": 5.9, ""trail_mult"": 3.0, ""trail_tp"": false, ""use_trailing"": true}",{},
1262,-1000000000.0,TrialState.COMPLETE,2026-04-01T02:59:12.798830,2026-04-01T02:59:12.860420,0.06159,"{""atr_window"": 15, ""bb_std_dev"": 2.15, ""bb_window"": 21, ""cooldown"": 4, ""macd_fast"": 13, ""macd_k"": 1.45, ""macd_k_mid"": 0.7, ""macd_signal"": 7, ""macd_slow"": 41, ""macd_std_window"": 81, ""rebalance_freq"": 150, ""rebounce_block"": 1, ""sl_mult_lm"": 1.55, ""sl_mult_lr"": 3.5, ""sl_mult_sm"": 2.0, ""sl_mult_sr"": 1.9, ""time_stop"": 7, ""tp_mult_lm"": 5.5, ""tp_mult_lr"": 10.2, ""tp_mult_sm"": 5.5, ""tp_mult_sr"": 3.2, ""trail_mult"": 3.3, ""trail_tp"": true, ""use_trailing"": true}",{},
1263,-1000000000.0,TrialState.COMPLETE,2026-04-01T02:59:12.895101,2026-04-01T02:59:15.414843,2.519742,"{""atr_window"": 19, ""bb_std_dev"": 1.5999999999999999, ""bb_window"": 25, ""cooldown"": 2, ""macd_fast"": 20, ""macd_k"": 1.3, ""macd_k_mid"": 0.55, ""macd_signal"": 8, ""macd_slow"": 37, ""macd_std_window"": 99, ""rebalance_freq"": 180, ""rebounce_block"": 3, ""sl_mult_lm"": 1.75, ""sl_mult_lr"": 2.2, ""sl_mult_sm"": 1.6, ""sl_mult_sr"": 1.8, ""time_stop"": 22, ""tp_mult_lm"": 5.1, ""tp_mult_lr"": 12.8, ""tp_mult_sm"": 4.8, ""tp_mult_sr"": 3.3, ""trail_mult"": 2.2, ""trail_tp"": false, ""use_trailing"": false}",{},
1264,-1000000000.0,TrialState.COMPLETE,2026-04-01T02:59:15.449446,2026-04-01T02:59:15.502311,0.052865,"{""atr_window"": 13, ""bb_std_dev"": 1.75, ""bb_window"": 18, ""cooldown"": 5, ""macd_fast"": 12, ""macd_k"": 1.85, ""macd_k_mid"": 0.6, ""macd_signal"": 7, ""macd_slow"": 39, ""macd_std_window"": 92, ""rebalance_freq"": 150, ""rebounce_block"": 5, ""sl_mult_lm"": 1.9, ""sl_mult_lr"": 4.1, ""sl_mult_sm"": 1.3, ""sl_mult_sr"": 1.7, ""time_stop"": 16, ""tp_mult_lm"": 5.2, ""tp_mult_lr"": 9.6, ""tp_mult_sm"": 3.8, ""tp_mult_sr"": 6.0, ""trail_mult"": 2.3, ""trail_tp"": true, ""use_trailing"": true}",{},
1265,-1000000000.0,TrialState.COMPLETE,2026-04-01T02:59:15.536498,2026-04-01T02:59:15.587728,0.05123,"{""atr_window"": 12, ""bb_std_dev"": 2.45, ""bb_window"": 16, ""cooldown"": 1, ""macd_fast"": 11, ""macd_k"": 1.6, ""macd_k_mid"": 0.75, ""macd_signal"": 9, ""macd_slow"": 36, ""macd_std_window"": 70, ""rebalance_freq"": 90, ""rebounce_block"": 0, ""sl_mult_lm"": 2.1500000000000004, ""sl_mult_lr"": 2.6, ""sl_mult_sm"": 1.65, ""sl_mult_sr"": 2.6, ""time_stop"": 21, ""tp_mult_lm"": 4.8, ""tp_mult_lr"": 14.4, ""tp_mult_sm"": 5.7, ""tp_mult_sr"": 5.0, ""trail_mult"": 3.2, ""trail_tp"": false, ""use_trailing"": true}",{},
1266,-1000000000.0,TrialState.COMPLETE,2026-04-01T02:59:15.620637,2026-04-01T02:59:18.203630,2.582993,"{""atr_window"": 17, ""bb_std_dev"": 2.1, ""bb_window"": 14, ""cooldown"": 4, ""macd_fast"": 18, ""macd_k"": 1.15, ""macd_k_mid"": 0.55, ""macd_signal"": 5, ""macd_slow"": 35, ""macd_std_window"": 86, ""rebalance_freq"": 120, ""rebounce_block"": 6, ""sl_mult_lm"": 2.0, ""sl_mult_lr"": 2.1, ""sl_mult_sm"": 1.85, ""sl_mult_sr"": 1.6, ""time_stop"": 18, ""tp_mult_lm"": 3.7, ""tp_mult_lr"": 10.8, ""tp_mult_sm"": 4.0, ""tp_mult_sr"": 4.4, ""trail_mult"": 2.4, ""trail_tp"": true, ""use_trailing"": true}",{},
1267,-1000000000.0,TrialState.COMPLETE,2026-04-01T02:59:18.242591,2026-04-01T02:59:18.293165,0.050574,"{""atr_window"": 16, ""bb_std_dev"": 2.3, ""bb_window"": 17, ""cooldown"": 0, ""macd_fast"": 14, ""macd_k"": 1.2, ""macd_k_mid"": 0.5, ""macd_signal"": 6, ""macd_slow"": 43, ""macd_std_window"": 100, ""rebalance_freq"": 30, ""rebounce_block"": 4, ""sl_mult_lm"": 1.9500000000000002, ""sl_mult_lr"": 2.3, ""sl_mult_sm"": 1.15, ""sl_mult_sr"": 1.5, ""time_stop"": 20, ""tp_mult_lm"": 5.4, ""tp_mult_lr"": 13.4, ""tp_mult_sm"": 3.3, ""tp_mult_sr"": 4.5, ""trail_mult"": 3.6, ""trail_tp"": false, ""use_trailing"": false}",{},
1268,-1000000000.0,TrialState.COMPLETE,2026-04-01T02:59:18.332711,2026-04-01T02:59:20.889676,2.556965,"{""atr_window"": 14, ""bb_std_dev"": 1.7, ""bb_window"": 19, ""cooldown"": 1, ""macd_fast"": 16, ""macd_k"": 1.55, ""macd_k_mid"": 0.7, ""macd_signal"": 10, ""macd_slow"": 38, ""macd_std_window"": 88, ""rebalance_freq"": 180, ""rebounce_block"": 3, ""sl_mult_lm"": 1.8, ""sl_mult_lr"": 2.4, ""sl_mult_sm"": 1.4, ""sl_mult_sr"": 2.1, ""time_stop"": 19, ""tp_mult_lm"": 5.0, ""tp_mult_lr"": 11.6, ""tp_mult_sm"": 6.4, ""tp_mult_sr"": 4.3, ""trail_mult"": 3.7, ""trail_tp"": true, ""use_trailing"": true}",{},
1269,-1000000000.0,TrialState.COMPLETE,2026-04-01T02:59:20.920416,2026-04-01T02:59:20.966225,0.045809,"{""atr_window"": 20, ""bb_std_dev"": 1.45, ""bb_window"": 16, ""cooldown"": 2, ""macd_fast"": 15, ""macd_k"": 1.35, ""macd_k_mid"": 0.6, ""macd_signal"": 8, ""macd_slow"": 44, ""macd_std_window"": 91, ""rebalance_freq"": 150, ""rebounce_block"": 2, ""sl_mult_lm"": 2.2, ""sl_mult_lr"": 4.800000000000001, ""sl_mult_sm"": 1.8, ""sl_mult_sr"": 2.2, ""time_stop"": 13, ""tp_mult_lm"": 4.3, ""tp_mult_lr"": 12.0, ""tp_mult_sm"": 3.0, ""tp_mult_sr"": 4.9, ""trail_mult"": 1.7, ""trail_tp"": false, ""use_trailing"": true}",{},
1270,-1000000000.0,TrialState.COMPLETE,2026-04-01T02:59:21.001802,2026-04-01T02:59:21.052625,0.050823,"{""atr_window"": 11, ""bb_std_dev"": 2.05, ""bb_window"": 15, ""cooldown"": 3, ""macd_fast"": 12, ""macd_k"": 1.1, ""macd_k_mid"": 0.55, ""macd_signal"": 9, ""macd_slow"": 41, ""macd_std_window"": 85, ""rebalance_freq"": 120, ""rebounce_block"": 5, ""sl_mult_lm"": 1.4, ""sl_mult_lr"": 2.5, ""sl_mult_sm"": 1.7000000000000002, ""sl_mult_sr"": 2.3, ""time_stop"": 5, ""tp_mult_lm"": 3.9, ""tp_mult_lr"": 15.0, ""tp_mult_sm"": 4.4, ""tp_mult_sr"": 6.2, ""trail_mult"": 2.8, ""trail_tp"": true, ""use_trailing"": true}",{},
1271,-1000000000.0,TrialState.COMPLETE,2026-04-01T02:59:21.087730,2026-04-01T02:59:21.143933,0.056203,"{""atr_window"": 15, ""bb_std_dev"": 1.9, ""bb_window"": 14, ""cooldown"": 0, ""macd_fast"": 10, ""macd_k"": 1.05, ""macd_k_mid"": 0.95, ""macd_signal"": 8, ""macd_slow"": 40, ""macd_std_window"": 90, ""rebalance_freq"": 150, ""rebounce_block"": 6, ""sl_mult_lm"": 2.1, ""sl_mult_lr"": 2.9, ""sl_mult_sm"": 1.75, ""sl_mult_sr"": 2.5, ""time_stop"": 29, ""tp_mult_lm"": 4.2, ""tp_mult_lr"": 10.0, ""tp_mult_sm"": 6.7, ""tp_mult_sr"": 5.300000000000001, ""trail_mult"": 1.9, ""trail_tp"": false, ""use_trailing"": false}",{},
1272,-1000000000.0,TrialState.COMPLETE,2026-04-01T02:59:21.177638,2026-04-01T02:59:21.233516,0.055878,"{""atr_window"": 14, ""bb_std_dev"": 1.7999999999999998, ""bb_window"": 15, ""cooldown"": 2, ""macd_fast"": 14, ""macd_k"": 1.65, ""macd_k_mid"": 0.55, ""macd_signal"": 7, ""macd_slow"": 41, ""macd_std_window"": 94, ""rebalance_freq"": 180, ""rebounce_block"": 4, ""sl_mult_lm"": 1.35, ""sl_mult_lr"": 4.0, ""sl_mult_sm"": 1.55, ""sl_mult_sr"": 1.6, ""time_stop"": 4, ""tp_mult_lm"": 5.800000000000001, ""tp_mult_lr"": 8.4, ""tp_mult_sm"": 6.9, ""tp_mult_sr"": 3.9, ""trail_mult"": 2.1, ""trail_tp"": true, ""use_trailing"": true}",{},
1273,-1000000000.0,TrialState.COMPLETE,2026-04-01T02:59:21.269647,2026-04-01T02:59:21.319860,0.050213,"{""atr_window"": 18, ""bb_std_dev"": 1.95, ""bb_window"": 22, ""cooldown"": 4, ""macd_fast"": 13, ""macd_k"": 1.0, ""macd_k_mid"": 0.8500000000000001, ""macd_signal"": 10, ""macd_slow"": 42, ""macd_std_window"": 84, ""rebalance_freq"": 60, ""rebounce_block"": 1, ""sl_mult_lm"": 1.45, ""sl_mult_lr"": 2.2, ""sl_mult_sm"": 1.9500000000000002, ""sl_mult_sr"": 1.8, ""time_stop"": 9, ""tp_mult_lm"": 5.6, ""tp_mult_lr"": 12.4, ""tp_mult_sm"": 3.1, ""tp_mult_sr"": 5.6, ""trail_mult"": 2.6, ""trail_tp"": false, ""use_trailing"": true}",{},
1274,-1000000000.0,TrialState.COMPLETE,2026-04-01T02:59:21.360241,2026-04-01T02:59:21.415609,0.055368,"{""atr_window"": 17, ""bb_std_dev"": 2.5, ""bb_window"": 20, ""cooldown"": 1, ""macd_fast"": 20, ""macd_k"": 1.4, ""macd_k_mid"": 0.8, ""macd_signal"": 8, ""macd_slow"": 44, ""macd_std_window"": 89, ""rebalance_freq"": 90, ""rebounce_block"": 3, ""sl_mult_lm"": 1.05, ""sl_mult_lr"": 3.0, ""sl_mult_sm"": 1.85, ""sl_mult_sr"": 1.5, ""time_stop"": 8, ""tp_mult_lm"": 4.5, ""tp_mult_lr"": 13.8, ""tp_mult_sm"": 5.0, ""tp_mult_sr"": 3.4, ""trail_mult"": 2.2, ""trail_tp"": true, ""use_trailing"": true}",{},
1275,-1000000000.0,TrialState.COMPLETE,2026-04-01T02:59:21.451672,2026-04-01T02:59:24.000865,2.549193,"{""atr_window"": 16, ""bb_std_dev"": 2.0, ""bb_window"": 14, ""cooldown"": 5, ""macd_fast"": 18, ""macd_k"": 1.7000000000000002, ""macd_k_mid"": 0.9, ""macd_signal"": 9, ""macd_slow"": 35, ""macd_std_window"": 77, ""rebalance_freq"": 30, ""rebounce_block"": 0, ""sl_mult_lm"": 1.0, ""sl_mult_lr"": 2.7, ""sl_mult_sm"": 1.45, ""sl_mult_sr"": 1.9, ""time_stop"": 11, ""tp_mult_lm"": 4.7, ""tp_mult_lr"": 9.2, ""tp_mult_sm"": 6.2, ""tp_mult_sr"": 4.2, ""trail_mult"": 2.0, ""trail_tp"": false, ""use_trailing"": false}",{},
