number,value,state,datetime_start,datetime_complete,duration_seconds,params_json,fold_sharpes_json,avg_cv_sharpe
2539,-1000000000.0,TrialState.COMPLETE,2026-04-01T07:16:18.215754,2026-04-01T07:16:18.318826,0.103072,"{""atr_window"": 20, ""bb_std_dev"": 2.35, ""bb_window"": 19, ""cooldown"": 0, ""macd_fast"": 14, ""macd_k"": 1.0, ""macd_k_mid"": 0.95, ""macd_signal"": 10, ""macd_slow"": 38, ""macd_std_window"": 82, ""rebalance_freq"": 150, ""rebounce_block"": 4, ""sl_mult_lm"": 1.0, ""sl_mult_lr"": 4.2, ""sl_mult_sm"": 1.45, ""sl_mult_sr"": 2.4, ""time_stop"": 24, ""tp_mult_lm"": 5.0, ""tp_mult_lr"": 8.6, ""tp_mult_sm"": 6.300000000000001, ""tp_mult_sr"": 5.5, ""trail_mult"": 3.3, ""trail_tp"": true, ""use_trailing"": false}",{},
2540,-1000000000.0,TrialState.COMPLETE,2026-04-01T07:16:18.357079,2026-04-01T07:16:18.446001,0.088922,"{""atr_window"": 16, ""bb_std_dev"": 2.25, ""bb_window"": 20, ""cooldown"": 3, ""macd_fast"": 10, ""macd_k"": 1.75, ""macd_k_mid"": 0.5, ""macd_signal"": 8, ""macd_slow"": 35, ""macd_std_window"": 87, ""rebalance_freq"": 150, ""rebounce_block"": 5, ""sl_mult_lm"": 1.55, ""sl_mult_lr"": 3.3, ""sl_mult_sm"": 1.75, ""sl_mult_sr"": 1.9, ""time_stop"": 8, ""tp_mult_lm"": 5.6, ""tp_mult_lr"": 12.0, ""tp_mult_sm"": 3.8, ""tp_mult_sr"": 4.9, ""trail_mult"": 3.1, ""trail_tp"": true, ""use_trailing"": true}",{},
2541,-1000000000.0,TrialState.COMPLETE,2026-04-01T07:16:18.486583,2026-04-01T07:16:18.601022,0.114439,"{""atr_window"": 19, ""bb_std_dev"": 2.5, ""bb_window"": 22, ""cooldown"": 2, ""macd_fast"": 12, ""macd_k"": 1.3, ""macd_k_mid"": 0.65, ""macd_signal"": 9, ""macd_slow"": 41, ""macd_std_window"": 70, ""rebalance_freq"": 30, ""rebounce_block"": 3, ""sl_mult_lm"": 1.15, ""sl_mult_lr"": 2.9, ""sl_mult_sm"": 1.85, ""sl_mult_sr"": 1.5, ""time_stop"": 15, ""tp_mult_lm"": 5.9, ""tp_mult_lr"": 9.8, ""tp_mult_sm"": 6.2, ""tp_mult_sr"": 5.0, ""trail_mult"": 3.6, ""trail_tp"": true, ""use_trailing"": true}",{},
2542,-1000000000.0,TrialState.COMPLETE,2026-04-01T07:16:18.644420,2026-04-01T07:16:18.738964,0.094544,"{""atr_window"": 12, ""bb_std_dev"": 1.7, ""bb_window"": 16, ""cooldown"": 1, ""macd_fast"": 13, ""macd_k"": 1.5, ""macd_k_mid"": 0.8500000000000001, ""macd_signal"": 6, ""macd_slow"": 36, ""macd_std_window"": 72, ""rebalance_freq"": 120, ""rebounce_block"": 0, ""sl_mult_lm"": 1.25, ""sl_mult_lr"": 4.6, ""sl_mult_sm"": 1.9, ""sl_mult_sr"": 2.0, ""time_stop"": 27, ""tp_mult_lm"": 5.3, ""tp_mult_lr"": 9.4, ""tp_mult_sm"": 6.9, ""tp_mult_sr"": 5.4, ""trail_mult"": 3.8000000000000003, ""trail_tp"": true, ""use_trailing"": true}",{},
2543,-1000000000.0,TrialState.COMPLETE,2026-04-01T07:16:18.776829,2026-04-01T07:16:18.865771,0.088942,"{""atr_window"": 17, ""bb_std_dev"": 2.3, ""bb_window"": 18, ""cooldown"": 1, ""macd_fast"": 11, ""macd_k"": 1.4, ""macd_k_mid"": 0.9, ""macd_signal"": 8, ""macd_slow"": 37, ""macd_std_window"": 76, ""rebalance_freq"": 180, ""rebounce_block"": 6, ""sl_mult_lm"": 1.35, ""sl_mult_lr"": 2.8, ""sl_mult_sm"": 1.0, ""sl_mult_sr"": 2.1, ""time_stop"": 17, ""tp_mult_lm"": 4.7, ""tp_mult_lr"": 10.0, ""tp_mult_sm"": 3.5, ""tp_mult_sr"": 3.8, ""trail_mult"": 3.0, ""trail_tp"": true, ""use_trailing"": false}",{},
2544,-1000000000.0,TrialState.COMPLETE,2026-04-01T07:16:18.903927,2026-04-01T07:16:18.989199,0.085272,"{""atr_window"": 18, ""bb_std_dev"": 1.7999999999999998, ""bb_window"": 23, ""cooldown"": 2, ""macd_fast"": 16, ""macd_k"": 1.8, ""macd_k_mid"": 0.7, ""macd_signal"": 7, ""macd_slow"": 40, ""macd_std_window"": 89, ""rebalance_freq"": 150, ""rebounce_block"": 2, ""sl_mult_lm"": 1.3, ""sl_mult_lr"": 2.7, ""sl_mult_sm"": 1.55, ""sl_mult_sr"": 1.5, ""time_stop"": 26, ""tp_mult_lm"": 5.2, ""tp_mult_lr"": 11.4, ""tp_mult_sm"": 6.1, ""tp_mult_sr"": 4.7, ""trail_mult"": 3.2, ""trail_tp"": true, ""use_trailing"": true}",{},
2545,-1000000000.0,TrialState.COMPLETE,2026-04-01T07:16:19.043200,2026-04-01T07:16:21.619777,2.576577,"{""atr_window"": 20, ""bb_std_dev"": 2.0, ""bb_window"": 16, ""cooldown"": 0, ""macd_fast"": 15, ""macd_k"": 1.85, ""macd_k_mid"": 0.5, ""macd_signal"": 9, ""macd_slow"": 35, ""macd_std_window"": 87, ""rebalance_freq"": 90, ""rebounce_block"": 4, ""sl_mult_lm"": 1.05, ""sl_mult_lr"": 3.0, ""sl_mult_sm"": 1.5, ""sl_mult_sr"": 2.1, ""time_stop"": 16, ""tp_mult_lm"": 4.9, ""tp_mult_lr"": 11.8, ""tp_mult_sm"": 5.9, ""tp_mult_sr"": 4.4, ""trail_mult"": 3.4000000000000004, ""trail_tp"": true, ""use_trailing"": true}",{},
2546,-1000000000.0,TrialState.COMPLETE,2026-04-01T07:16:21.651423,2026-04-01T07:16:21.726821,0.075398,"{""atr_window"": 10, ""bb_std_dev"": 2.1, ""bb_window"": 17, ""cooldown"": 2, ""macd_fast"": 14, ""macd_k"": 1.05, ""macd_k_mid"": 0.65, ""macd_signal"": 5, ""macd_slow"": 44, ""macd_std_window"": 75, ""rebalance_freq"": 120, ""rebounce_block"": 5, ""sl_mult_lm"": 1.8, ""sl_mult_lr"": 4.300000000000001, ""sl_mult_sm"": 1.7000000000000002, ""sl_mult_sr"": 2.2, ""time_stop"": 2, ""tp_mult_lm"": 5.5, ""tp_mult_lr"": 8.2, ""tp_mult_sm"": 5.4, ""tp_mult_sr"": 5.300000000000001, ""trail_mult"": 2.6, ""trail_tp"": true, ""use_trailing"": true}",{},
2547,-1000000000.0,TrialState.COMPLETE,2026-04-01T07:16:21.764030,2026-04-01T07:16:21.863227,0.099197,"{""atr_window"": 18, ""bb_std_dev"": 2.2, ""bb_window"": 21, ""cooldown"": 2, ""macd_fast"": 13, ""macd_k"": 1.9, ""macd_k_mid"": 0.75, ""macd_signal"": 10, ""macd_slow"": 37, ""macd_std_window"": 84, ""rebalance_freq"": 180, ""rebounce_block"": 6, ""sl_mult_lm"": 1.2, ""sl_mult_lr"": 4.0, ""sl_mult_sm"": 1.85, ""sl_mult_sr"": 3.4000000000000004, ""time_stop"": 25, ""tp_mult_lm"": 5.4, ""tp_mult_lr"": 13.4, ""tp_mult_sm"": 3.4, ""tp_mult_sr"": 4.3, ""trail_mult"": 1.8, ""trail_tp"": true, ""use_trailing"": false}",{},
2548,-1000000000.0,TrialState.COMPLETE,2026-04-01T07:16:21.910187,2026-04-01T07:16:22.002244,0.092057,"{""atr_window"": 11, ""bb_std_dev"": 2.45, ""bb_window"": 20, ""cooldown"": 3, ""macd_fast"": 12, ""macd_k"": 1.45, ""macd_k_mid"": 0.8, ""macd_signal"": 8, ""macd_slow"": 39, ""macd_std_window"": 81, ""rebalance_freq"": 150, ""rebounce_block"": 3, ""sl_mult_lm"": 1.75, ""sl_mult_lr"": 2.1, ""sl_mult_sm"": 1.65, ""sl_mult_sr"": 1.6, ""time_stop"": 10, ""tp_mult_lm"": 5.1, ""tp_mult_lr"": 14.0, ""tp_mult_sm"": 4.9, ""tp_mult_sr"": 3.1, ""trail_mult"": 2.8, ""trail_tp"": true, ""use_trailing"": true}",{},
2549,-1000000000.0,TrialState.COMPLETE,2026-04-01T07:16:22.041546,2026-04-01T07:16:22.134992,0.093446,"{""atr_window"": 16, ""bb_std_dev"": 2.35, ""bb_window"": 24, ""cooldown"": 1, ""macd_fast"": 15, ""macd_k"": 1.2, ""macd_k_mid"": 0.7, ""macd_signal"": 7, ""macd_slow"": 38, ""macd_std_window"": 90, ""rebalance_freq"": 30, ""rebounce_block"": 5, ""sl_mult_lm"": 1.85, ""sl_mult_lr"": 3.2, ""sl_mult_sm"": 1.8, ""sl_mult_sr"": 2.6, ""time_stop"": 29, ""tp_mult_lm"": 4.8, ""tp_mult_lr"": 9.6, ""tp_mult_sm"": 3.7, ""tp_mult_sr"": 3.3, ""trail_mult"": 3.9000000000000004, ""trail_tp"": true, ""use_trailing"": true}",{},
2550,-1000000000.0,TrialState.COMPLETE,2026-04-01T07:16:22.175855,2026-04-01T07:16:22.290929,0.115074,"{""atr_window"": 20, ""bb_std_dev"": 2.4, ""bb_window"": 25, ""cooldown"": 0, ""macd_fast"": 12, ""macd_k"": 1.5, ""macd_k_mid"": 0.5, ""macd_signal"": 9, ""macd_slow"": 36, ""macd_std_window"": 85, ""rebalance_freq"": 180, ""rebounce_block"": 1, ""sl_mult_lm"": 2.1500000000000004, ""sl_mult_lr"": 5.0, ""sl_mult_sm"": 1.9, ""sl_mult_sr"": 3.1, ""time_stop"": 13, ""tp_mult_lm"": 6.0, ""tp_mult_lr"": 13.8, ""tp_mult_sm"": 6.800000000000001, ""tp_mult_sr"": 3.1, ""trail_mult"": 1.5, ""trail_tp"": true, ""use_trailing"": false}",{},
2551,-1000000000.0,TrialState.COMPLETE,2026-04-01T07:16:22.333565,2026-04-01T07:16:22.424278,0.090713,"{""atr_window"": 16, ""bb_std_dev"": 2.05, ""bb_window"": 17, ""cooldown"": 3, ""macd_fast"": 14, ""macd_k"": 1.6, ""macd_k_mid"": 0.95, ""macd_signal"": 6, ""macd_slow"": 40, ""macd_std_window"": 92, ""rebalance_freq"": 150, ""rebounce_block"": 0, ""sl_mult_lm"": 1.3, ""sl_mult_lr"": 2.0, ""sl_mult_sm"": 1.6, ""sl_mult_sr"": 2.0, ""time_stop"": 1, ""tp_mult_lm"": 5.800000000000001, ""tp_mult_lr"": 10.4, ""tp_mult_sm"": 6.0, ""tp_mult_sr"": 3.9, ""trail_mult"": 4.0, ""trail_tp"": true, ""use_trailing"": true}",{},
2552,-1000000000.0,TrialState.COMPLETE,2026-04-01T07:16:22.462716,2026-04-01T07:16:22.566003,0.103287,"{""atr_window"": 12, ""bb_std_dev"": 1.7, ""bb_window"": 22, ""cooldown"": 1, ""macd_fast"": 11, ""macd_k"": 1.35, ""macd_k_mid"": 1.0, ""macd_signal"": 8, ""macd_slow"": 35, ""macd_std_window"": 74, ""rebalance_freq"": 120, ""rebounce_block"": 2, ""sl_mult_lm"": 1.35, ""sl_mult_lr"": 3.4000000000000004, ""sl_mult_sm"": 2.0, ""sl_mult_sr"": 1.9, ""time_stop"": 4, ""tp_mult_lm"": 5.3, ""tp_mult_lr"": 12.2, ""tp_mult_sm"": 5.6, ""tp_mult_sr"": 3.5, ""trail_mult"": 3.1, ""trail_tp"": true, ""use_trailing"": true}",{},
2553,-1000000000.0,TrialState.COMPLETE,2026-04-01T07:16:22.606594,2026-04-01T07:16:22.712363,0.105769,"{""atr_window"": 17, ""bb_std_dev"": 2.15, ""bb_window"": 18, ""cooldown"": 2, ""macd_fast"": 10, ""macd_k"": 1.0, ""macd_k_mid"": 0.95, ""macd_signal"": 10, ""macd_slow"": 41, ""macd_std_window"": 86, ""rebalance_freq"": 180, ""rebounce_block"": 5, ""sl_mult_lm"": 1.6, ""sl_mult_lr"": 2.8, ""sl_mult_sm"": 1.9500000000000002, ""sl_mult_sr"": 1.5, ""time_stop"": 9, ""tp_mult_lm"": 5.0, ""tp_mult_lr"": 11.2, ""tp_mult_sm"": 3.3, ""tp_mult_sr"": 3.2, ""trail_mult"": 3.5, ""trail_tp"": true, ""use_trailing"": true}",{},
2554,-1000000000.0,TrialState.COMPLETE,2026-04-01T07:16:22.751091,2026-04-01T07:16:22.845811,0.09472,"{""atr_window"": 10, ""bb_std_dev"": 1.75, ""bb_window"": 16, ""cooldown"": 2, ""macd_fast"": 13, ""macd_k"": 1.65, ""macd_k_mid"": 0.8500000000000001, ""macd_signal"": 9, ""macd_slow"": 44, ""macd_std_window"": 91, ""rebalance_freq"": 90, ""rebounce_block"": 6, ""sl_mult_lm"": 1.25, ""sl_mult_lr"": 2.6, ""sl_mult_sm"": 1.75, ""sl_mult_sr"": 1.5, ""time_stop"": 12, ""tp_mult_lm"": 5.5, ""tp_mult_lr"": 8.8, ""tp_mult_sm"": 3.0, ""tp_mult_sr"": 4.9, ""trail_mult"": 3.3, ""trail_tp"": true, ""use_trailing"": false}",{},
2555,-1000000000.0,TrialState.COMPLETE,2026-04-01T07:16:22.884570,2026-04-01T07:16:25.303246,2.418676,"{""atr_window"": 19, ""bb_std_dev"": 1.7999999999999998, ""bb_window"": 21, ""cooldown"": 1, ""macd_fast"": 16, ""macd_k"": 1.55, ""macd_k_mid"": 0.7, ""macd_signal"": 7, ""macd_slow"": 37, ""macd_std_window"": 80, ""rebalance_freq"": 150, ""rebounce_block"": 3, ""sl_mult_lm"": 1.4, ""sl_mult_lr"": 2.7, ""sl_mult_sm"": 1.4, ""sl_mult_sr"": 2.3, ""time_stop"": 25, ""tp_mult_lm"": 4.6, ""tp_mult_lr"": 10.8, ""tp_mult_sm"": 4.8, ""tp_mult_sr"": 4.6, ""trail_mult"": 2.4, ""trail_tp"": true, ""use_trailing"": true}",{},
2556,-1000000000.0,TrialState.COMPLETE,2026-04-01T07:16:25.334296,2026-04-01T07:16:27.924623,2.590327,"{""atr_window"": 18, ""bb_std_dev"": 1.5, ""bb_window"": 19, ""cooldown"": 0, ""macd_fast"": 14, ""macd_k"": 1.05, ""macd_k_mid"": 0.9, ""macd_signal"": 8, ""macd_slow"": 35, ""macd_std_window"": 71, ""rebalance_freq"": 120, ""rebounce_block"": 5, ""sl_mult_lm"": 1.15, ""sl_mult_lr"": 3.1, ""sl_mult_sm"": 1.7000000000000002, ""sl_mult_sr"": 2.8, ""time_stop"": 24, ""tp_mult_lm"": 5.6, ""tp_mult_lr"": 10.2, ""tp_mult_sm"": 4.1, ""tp_mult_sr"": 4.8, ""trail_mult"": 3.7, ""trail_tp"": true, ""use_trailing"": true}",{},
2557,-1000000000.0,TrialState.COMPLETE,2026-04-01T07:16:27.969213,2026-04-01T07:16:28.061431,0.092218,"{""atr_window"": 20, ""bb_std_dev"": 2.5, ""bb_window"": 17, ""cooldown"": 1, ""macd_fast"": 15, ""macd_k"": 1.25, ""macd_k_mid"": 0.65, ""macd_signal"": 9, ""macd_slow"": 39, ""macd_std_window"": 89, ""rebalance_freq"": 30, ""rebounce_block"": 4, ""sl_mult_lm"": 1.0, ""sl_mult_lr"": 4.9, ""sl_mult_sm"": 1.65, ""sl_mult_sr"": 3.3, ""time_stop"": 14, ""tp_mult_lm"": 5.2, ""tp_mult_lr"": 9.2, ""tp_mult_sm"": 4.0, ""tp_mult_sr"": 4.5, ""trail_mult"": 3.2, ""trail_tp"": true, ""use_trailing"": true}",{},
2558,-1000000000.0,TrialState.COMPLETE,2026-04-01T07:16:28.101980,2026-04-01T07:16:28.215548,0.113568,"{""atr_window"": 16, ""bb_std_dev"": 1.5999999999999999, ""bb_window"": 20, ""cooldown"": 2, ""macd_fast"": 12, ""macd_k"": 1.5, ""macd_k_mid"": 0.5, ""macd_signal"": 8, ""macd_slow"": 36, ""macd_std_window"": 79, ""rebalance_freq"": 150, ""rebounce_block"": 0, ""sl_mult_lm"": 1.2, ""sl_mult_lr"": 3.5, ""sl_mult_sm"": 1.85, ""sl_mult_sr"": 2.2, ""time_stop"": 16, ""tp_mult_lm"": 5.7, ""tp_mult_lr"": 8.0, ""tp_mult_sm"": 7.0, ""tp_mult_sr"": 3.7, ""trail_mult"": 2.9000000000000004, ""trail_tp"": true, ""use_trailing"": false}",{},
2559,-1000000000.0,TrialState.COMPLETE,2026-04-01T07:16:28.257655,2026-04-01T07:16:28.349398,0.091743,"{""atr_window"": 17, ""bb_std_dev"": 2.25, ""bb_window"": 21, ""cooldown"": 3, ""macd_fast"": 13, ""macd_k"": 1.7000000000000002, ""macd_k_mid"": 0.7, ""macd_signal"": 7, ""macd_slow"": 40, ""macd_std_window"": 88, ""rebalance_freq"": 180, ""rebounce_block"": 6, ""sl_mult_lm"": 1.1, ""sl_mult_lr"": 4.4, ""sl_mult_sm"": 1.55, ""sl_mult_sr"": 2.1, ""time_stop"": 15, ""tp_mult_lm"": 5.2, ""tp_mult_lr"": 9.6, ""tp_mult_sm"": 6.7, ""tp_mult_sr"": 5.300000000000001, ""trail_mult"": 3.3, ""trail_tp"": true, ""use_trailing"": true}",{},
2560,-1000000000.0,TrialState.COMPLETE,2026-04-01T07:16:28.387723,2026-04-01T07:16:28.480887,0.093164,"{""atr_window"": 10, ""bb_std_dev"": 1.45, ""bb_window"": 23, ""cooldown"": 0, ""macd_fast"": 14, ""macd_k"": 1.6, ""macd_k_mid"": 0.5, ""macd_signal"": 6, ""macd_slow"": 41, ""macd_std_window"": 81, ""rebalance_freq"": 90, ""rebounce_block"": 3, ""sl_mult_lm"": 2.1, ""sl_mult_lr"": 5.0, ""sl_mult_sm"": 1.75, ""sl_mult_sr"": 1.6, ""time_stop"": 7, ""tp_mult_lm"": 5.9, ""tp_mult_lr"": 12.0, ""tp_mult_sm"": 3.6, ""tp_mult_sr"": 6.6, ""trail_mult"": 3.1, ""trail_tp"": true, ""use_trailing"": true}",{},
2561,-1000000000.0,TrialState.COMPLETE,2026-04-01T07:16:28.520029,2026-04-01T07:16:28.634024,0.113995,"{""atr_window"": 11, ""bb_std_dev"": 1.8499999999999999, ""bb_window"": 16, ""cooldown"": 2, ""macd_fast"": 10, ""macd_k"": 1.4, ""macd_k_mid"": 0.75, ""macd_signal"": 8, ""macd_slow"": 44, ""macd_std_window"": 70, ""rebalance_freq"": 150, ""rebounce_block"": 4, ""sl_mult_lm"": 1.8, ""sl_mult_lr"": 2.9, ""sl_mult_sm"": 1.5, ""sl_mult_sr"": 1.6, ""time_stop"": 11, ""tp_mult_lm"": 5.1, ""tp_mult_lr"": 9.8, ""tp_mult_sm"": 3.9, ""tp_mult_sr"": 5.0, ""trail_mult"": 3.2, ""trail_tp"": true, ""use_trailing"": false}",{},
2562,-1000000000.0,TrialState.COMPLETE,2026-04-01T07:16:28.676330,2026-04-01T07:16:28.775160,0.09883,"{""atr_window"": 20, ""bb_std_dev"": 2.2, ""bb_window"": 20, ""cooldown"": 1, ""macd_fast"": 12, ""macd_k"": 2.0, ""macd_k_mid"": 0.7, ""macd_signal"": 9, ""macd_slow"": 38, ""macd_std_window"": 82, ""rebalance_freq"": 180, ""rebounce_block"": 1, ""sl_mult_lm"": 2.2, ""sl_mult_lr"": 3.7, ""sl_mult_sm"": 1.8, ""sl_mult_sr"": 3.2, ""time_stop"": 9, ""tp_mult_lm"": 4.8, ""tp_mult_lr"": 11.6, ""tp_mult_sm"": 5.5, ""tp_mult_sr"": 4.0, ""trail_mult"": 2.7, ""trail_tp"": true, ""use_trailing"": true}",{},
2563,-1000000000.0,TrialState.COMPLETE,2026-04-01T07:16:28.813552,2026-04-01T07:16:31.253705,2.440153,"{""atr_window"": 19, ""bb_std_dev"": 2.45, ""bb_window"": 17, ""cooldown"": 1, ""macd_fast"": 16, ""macd_k"": 1.55, ""macd_k_mid"": 0.9, ""macd_signal"": 10, ""macd_slow"": 35, ""macd_std_window"": 90, ""rebalance_freq"": 180, ""rebounce_block"": 5, ""sl_mult_lm"": 1.4, ""sl_mult_lr"": 4.800000000000001, ""sl_mult_sm"": 1.45, ""sl_mult_sr"": 2.0, ""time_stop"": 18, ""tp_mult_lm"": 5.4, ""tp_mult_lr"": 8.4, ""tp_mult_sm"": 6.5, ""tp_mult_sr"": 5.1, ""trail_mult"": 1.7, ""trail_tp"": true, ""use_trailing"": true}",{},
2564,-1000000000.0,TrialState.COMPLETE,2026-04-01T07:16:31.295057,2026-04-01T07:16:31.384805,0.089748,"{""atr_window"": 16, ""bb_std_dev"": 1.75, ""bb_window"": 24, ""cooldown"": 2, ""macd_fast"": 13, ""macd_k"": 1.1, ""macd_k_mid"": 0.5, ""macd_signal"": 8, ""macd_slow"": 40, ""macd_std_window"": 72, ""rebalance_freq"": 150, ""rebounce_block"": 2, ""sl_mult_lm"": 1.75, ""sl_mult_lr"": 4.5, ""sl_mult_sm"": 1.0, ""sl_mult_sr"": 2.4, ""time_stop"": 3, ""tp_mult_lm"": 5.3, ""tp_mult_lr"": 9.0, ""tp_mult_sm"": 6.300000000000001, ""tp_mult_sr"": 4.2, ""trail_mult"": 1.6, ""trail_tp"": true, ""use_trailing"": true}",{},
2565,-1000000000.0,TrialState.COMPLETE,2026-04-01T07:16:31.424747,2026-04-01T07:16:31.522796,0.098049,"{""atr_window"": 11, ""bb_std_dev"": 2.35, ""bb_window"": 18, ""cooldown"": 0, ""macd_fast"": 15, ""macd_k"": 1.3, ""macd_k_mid"": 0.65, ""macd_signal"": 9, ""macd_slow"": 42, ""macd_std_window"": 80, ""rebalance_freq"": 90, ""rebounce_block"": 0, ""sl_mult_lm"": 1.3, ""sl_mult_lr"": 3.6, ""sl_mult_sm"": 1.85, ""sl_mult_sr"": 1.5, ""time_stop"": 6, ""tp_mult_lm"": 5.0, ""tp_mult_lr"": 10.0, ""tp_mult_sm"": 3.2, ""tp_mult_sr"": 3.0, ""trail_mult"": 3.0, ""trail_tp"": true, ""use_trailing"": false}",{},
2566,-1000000000.0,TrialState.COMPLETE,2026-04-01T07:16:31.565118,2026-04-01T07:16:31.673716,0.108598,"{""atr_window"": 17, ""bb_std_dev"": 2.3, ""bb_window"": 22, ""cooldown"": 3, ""macd_fast"": 12, ""macd_k"": 1.0, ""macd_k_mid"": 0.8, ""macd_signal"": 7, ""macd_slow"": 35, ""macd_std_window"": 81, ""rebalance_freq"": 120, ""rebounce_block"": 6, ""sl_mult_lm"": 1.0, ""sl_mult_lr"": 4.2, ""sl_mult_sm"": 1.9, ""sl_mult_sr"": 1.9, ""time_stop"": 10, ""tp_mult_lm"": 5.1, ""tp_mult_lr"": 10.6, ""tp_mult_sm"": 4.2, ""tp_mult_sr"": 3.8, ""trail_mult"": 3.6, ""trail_tp"": true, ""use_trailing"": true}",{},
2567,-1000000000.0,TrialState.COMPLETE,2026-04-01T07:16:31.715294,2026-04-01T07:16:31.812467,0.097173,"{""atr_window"": 18, ""bb_std_dev"": 2.05, ""bb_window"": 20, ""cooldown"": 2, ""macd_fast"": 14, ""macd_k"": 1.05, ""macd_k_mid"": 0.95, ""macd_signal"": 6, ""macd_slow"": 37, ""macd_std_window"": 83, ""rebalance_freq"": 30, ""rebounce_block"": 5, ""sl_mult_lm"": 1.35, ""sl_mult_lr"": 3.3, ""sl_mult_sm"": 1.8, ""sl_mult_sr"": 2.5, ""time_stop"": 17, ""tp_mult_lm"": 5.5, ""tp_mult_lr"": 14.2, ""tp_mult_sm"": 3.5, ""tp_mult_sr"": 3.4, ""trail_mult"": 2.6, ""trail_tp"": true, ""use_trailing"": true}",{},
2568,-1000000000.0,TrialState.COMPLETE,2026-04-01T07:16:31.854230,2026-04-01T07:16:31.961501,0.107271,"{""atr_window"": 15, ""bb_std_dev"": 2.5, ""bb_window"": 25, ""cooldown"": 1, ""macd_fast"": 13, ""macd_k"": 1.45, ""macd_k_mid"": 0.5, ""macd_signal"": 8, ""macd_slow"": 41, ""macd_std_window"": 74, ""rebalance_freq"": 150, ""rebounce_block"": 3, ""sl_mult_lm"": 1.45, ""sl_mult_lr"": 4.1, ""sl_mult_sm"": 1.55, ""sl_mult_sr"": 2.3, ""time_stop"": 0, ""tp_mult_lm"": 4.9, ""tp_mult_lr"": 11.8, ""tp_mult_sm"": 6.4, ""tp_mult_sr"": 6.7, ""trail_mult"": 3.4000000000000004, ""trail_tp"": true, ""use_trailing"": true}",{},
2569,-1000000000.0,TrialState.COMPLETE,2026-04-01T07:16:32.002297,2026-04-01T07:16:32.118121,0.115824,"{""atr_window"": 13, ""bb_std_dev"": 2.15, ""bb_window"": 16, ""cooldown"": 0, ""macd_fast"": 11, ""macd_k"": 1.35, ""macd_k_mid"": 1.0, ""macd_signal"": 9, ""macd_slow"": 39, ""macd_std_window"": 77, ""rebalance_freq"": 150, ""rebounce_block"": 2, ""sl_mult_lm"": 1.85, ""sl_mult_lr"": 3.8, ""sl_mult_sm"": 1.6, ""sl_mult_sr"": 2.1, ""time_stop"": 25, ""tp_mult_lm"": 5.7, ""tp_mult_lr"": 12.2, ""tp_mult_sm"": 5.2, ""tp_mult_sr"": 4.7, ""trail_mult"": 1.8, ""trail_tp"": true, ""use_trailing"": false}",{},
2570,-1000000000.0,TrialState.COMPLETE,2026-04-01T07:16:32.159892,2026-04-01T07:16:32.255362,0.09547,"{""atr_window"": 16, ""bb_std_dev"": 1.65, ""bb_window"": 21, ""cooldown"": 2, ""macd_fast"": 10, ""macd_k"": 1.9500000000000002, ""macd_k_mid"": 0.7, ""macd_signal"": 7, ""macd_slow"": 44, ""macd_std_window"": 82, ""rebalance_freq"": 120, ""rebounce_block"": 4, ""sl_mult_lm"": 1.05, ""sl_mult_lr"": 2.7, ""sl_mult_sm"": 1.7000000000000002, ""sl_mult_sr"": 2.7, ""time_stop"": 24, ""tp_mult_lm"": 6.0, ""tp_mult_lr"": 11.0, ""tp_mult_sm"": 3.0, ""tp_mult_sr"": 3.6, ""trail_mult"": 2.5, ""trail_tp"": true, ""use_trailing"": true}",{},
2571,-1000000000.0,TrialState.COMPLETE,2026-04-01T07:16:32.302186,2026-04-01T07:16:34.868678,2.566492,"{""atr_window"": 19, ""bb_std_dev"": 2.4, ""bb_window"": 17, ""cooldown"": 1, ""macd_fast"": 15, ""macd_k"": 1.2, ""macd_k_mid"": 0.8500000000000001, ""macd_signal"": 10, ""macd_slow"": 36, ""macd_std_window"": 87, ""rebalance_freq"": 180, ""rebounce_block"": 5, ""sl_mult_lm"": 1.25, ""sl_mult_lr"": 3.0, ""sl_mult_sm"": 1.85, ""sl_mult_sr"": 2.9000000000000004, ""time_stop"": 27, ""tp_mult_lm"": 5.4, ""tp_mult_lr"": 9.4, ""tp_mult_sm"": 6.1, ""tp_mult_sr"": 4.8, ""trail_mult"": 3.8000000000000003, ""trail_tp"": true, ""use_trailing"": true}",{},
2572,-1000000000.0,TrialState.COMPLETE,2026-04-01T07:16:34.900185,2026-04-01T07:16:34.976379,0.076194,"{""atr_window"": 20, ""bb_std_dev"": 1.5499999999999998, ""bb_window"": 16, ""cooldown"": 2, ""macd_fast"": 14, ""macd_k"": 1.65, ""macd_k_mid"": 0.95, ""macd_signal"": 8, ""macd_slow"": 40, ""macd_std_window"": 85, ""rebalance_freq"": 150, ""rebounce_block"": 0, ""sl_mult_lm"": 1.7000000000000002, ""sl_mult_lr"": 2.1, ""sl_mult_sm"": 1.65, ""sl_mult_sr"": 1.9, ""time_stop"": 8, ""tp_mult_lm"": 4.6, ""tp_mult_lr"": 9.6, ""tp_mult_sm"": 5.0, ""tp_mult_sr"": 3.9, ""trail_mult"": 3.9000000000000004, ""trail_tp"": true, ""use_trailing"": true}",{},
