number,value,state,datetime_start,datetime_complete,duration_seconds,params_json,fold_sharpes_json,avg_cv_sharpe
2573,-1000000000.0,TrialState.COMPLETE,2026-04-01T07:16:35.016684,2026-04-01T07:16:35.127500,0.110816,"{""atr_window"": 18, ""bb_std_dev"": 2.0, ""bb_window"": 21, ""cooldown"": 3, ""macd_fast"": 12, ""macd_k"": 1.85, ""macd_k_mid"": 0.75, ""macd_signal"": 9, ""macd_slow"": 35, ""macd_std_window"": 76, ""rebalance_freq"": 180, ""rebounce_block"": 1, ""sl_mult_lm"": 1.8, ""sl_mult_lr"": 5.0, ""sl_mult_sm"": 1.9500000000000002, ""sl_mult_sr"": 2.6, ""time_stop"": 30, ""tp_mult_lm"": 5.6, ""tp_mult_lr"": 8.2, ""tp_mult_sm"": 7.0, ""tp_mult_sr"": 5.300000000000001, ""trail_mult"": 3.2, ""trail_tp"": true, ""use_trailing"": false}",{},
2574,-1000000000.0,TrialState.COMPLETE,2026-04-01T07:16:35.169405,2026-04-01T07:16:35.281283,0.111878,"{""atr_window"": 12, ""bb_std_dev"": 2.2, ""bb_window"": 19, ""cooldown"": 1, ""macd_fast"": 11, ""macd_k"": 1.05, ""macd_k_mid"": 0.65, ""macd_signal"": 5, ""macd_slow"": 38, ""macd_std_window"": 89, ""rebalance_freq"": 120, ""rebounce_block"": 6, ""sl_mult_lm"": 1.6, ""sl_mult_lr"": 2.0, ""sl_mult_sm"": 1.05, ""sl_mult_sr"": 1.5, ""time_stop"": 26, ""tp_mult_lm"": 5.2, ""tp_mult_lr"": 11.4, ""tp_mult_sm"": 5.7, ""tp_mult_sr"": 3.2, ""trail_mult"": 3.5, ""trail_tp"": true, ""use_trailing"": true}",{},
2575,-1000000000.0,TrialState.COMPLETE,2026-04-01T07:16:35.321371,2026-04-01T07:16:35.414233,0.092862,"{""atr_window"": 15, ""bb_std_dev"": 1.8499999999999999, ""bb_window"": 20, ""cooldown"": 0, ""macd_fast"": 13, ""macd_k"": 1.2, ""macd_k_mid"": 0.5, ""macd_signal"": 9, ""macd_slow"": 41, ""macd_std_window"": 78, ""rebalance_freq"": 30, ""rebounce_block"": 3, ""sl_mult_lm"": 1.5, ""sl_mult_lr"": 4.300000000000001, ""sl_mult_sm"": 1.4, ""sl_mult_sr"": 1.6, ""time_stop"": 17, ""tp_mult_lm"": 5.0, ""tp_mult_lr"": 12.0, ""tp_mult_sm"": 6.9, ""tp_mult_sr"": 4.9, ""trail_mult"": 2.8, ""trail_tp"": true, ""use_trailing"": true}",{},
2576,-1000000000.0,TrialState.COMPLETE,2026-04-01T07:16:35.454341,2026-04-01T07:16:37.971697,2.517356,"{""atr_window"": 11, ""bb_std_dev"": 2.05, ""bb_window"": 18, ""cooldown"": 2, ""macd_fast"": 16, ""macd_k"": 1.7000000000000002, ""macd_k_mid"": 0.65, ""macd_signal"": 8, ""macd_slow"": 37, ""macd_std_window"": 70, ""rebalance_freq"": 90, ""rebounce_block"": 4, ""sl_mult_lm"": 1.55, ""sl_mult_lr"": 2.6, ""sl_mult_sm"": 1.6, ""sl_mult_sr"": 2.0, ""time_stop"": 18, ""tp_mult_lm"": 5.9, ""tp_mult_lr"": 13.600000000000001, ""tp_mult_sm"": 3.4, ""tp_mult_sr"": 6.5, ""trail_mult"": 3.7, ""trail_tp"": true, ""use_trailing"": false}",{},
2577,-1000000000.0,TrialState.COMPLETE,2026-04-01T07:16:38.011720,2026-04-01T07:16:38.117538,0.105818,"{""atr_window"": 17, ""bb_std_dev"": 2.45, ""bb_window"": 22, ""cooldown"": 1, ""macd_fast"": 14, ""macd_k"": 1.1, ""macd_k_mid"": 1.0, ""macd_signal"": 7, ""macd_slow"": 44, ""macd_std_window"": 84, ""rebalance_freq"": 150, ""rebounce_block"": 2, ""sl_mult_lm"": 1.85, ""sl_mult_lr"": 4.9, ""sl_mult_sm"": 1.9, ""sl_mult_sr"": 2.2, ""time_stop"": 12, ""tp_mult_lm"": 4.7, ""tp_mult_lr"": 11.6, ""tp_mult_sm"": 3.1, ""tp_mult_sr"": 3.0, ""trail_mult"": 3.3, ""trail_tp"": true, ""use_trailing"": true}",{},
2578,-1000000000.0,TrialState.COMPLETE,2026-04-01T07:16:38.157361,2026-04-01T07:16:38.263051,0.10569,"{""atr_window"": 10, ""bb_std_dev"": 2.1, ""bb_window"": 17, ""cooldown"": 3, ""macd_fast"": 15, ""macd_k"": 1.0, ""macd_k_mid"": 0.7, ""macd_signal"": 10, ""macd_slow"": 42, ""macd_std_window"": 71, ""rebalance_freq"": 180, ""rebounce_block"": 5, ""sl_mult_lm"": 1.35, ""sl_mult_lr"": 2.9, ""sl_mult_sm"": 1.5, ""sl_mult_sr"": 2.3, ""time_stop"": 6, ""tp_mult_lm"": 5.3, ""tp_mult_lr"": 9.8, ""tp_mult_sm"": 6.2, ""tp_mult_sr"": 5.0, ""trail_mult"": 3.1, ""trail_tp"": true, ""use_trailing"": true}",{},
2579,-1000000000.0,TrialState.COMPLETE,2026-04-01T07:16:38.304814,2026-04-01T07:16:38.409178,0.104364,"{""atr_window"": 16, ""bb_std_dev"": 2.25, ""bb_window"": 16, ""cooldown"": 2, ""macd_fast"": 12, ""macd_k"": 1.45, ""macd_k_mid"": 0.9, ""macd_signal"": 6, ""macd_slow"": 40, ""macd_std_window"": 80, ""rebalance_freq"": 150, ""rebounce_block"": 6, ""sl_mult_lm"": 1.2, ""sl_mult_lr"": 4.7, ""sl_mult_sm"": 1.7000000000000002, ""sl_mult_sr"": 1.5, ""time_stop"": 16, ""tp_mult_lm"": 4.5, ""tp_mult_lr"": 10.2, ""tp_mult_sm"": 6.6, ""tp_mult_sr"": 4.5, ""trail_mult"": 1.5, ""trail_tp"": true, ""use_trailing"": true}",{},
2580,-1000000000.0,TrialState.COMPLETE,2026-04-01T07:16:38.450125,2026-04-01T07:16:40.985902,2.535777,"{""atr_window"": 12, ""bb_std_dev"": 1.7999999999999998, ""bb_window"": 20, ""cooldown"": 0, ""macd_fast"": 13, ""macd_k"": 1.25, ""macd_k_mid"": 0.8, ""macd_signal"": 8, ""macd_slow"": 35, ""macd_std_window"": 91, ""rebalance_freq"": 180, ""rebounce_block"": 5, ""sl_mult_lm"": 1.8, ""sl_mult_lr"": 3.1, ""sl_mult_sm"": 1.75, ""sl_mult_sr"": 2.1, ""time_stop"": 13, ""tp_mult_lm"": 5.1, ""tp_mult_lr"": 10.4, ""tp_mult_sm"": 5.1, ""tp_mult_sr"": 4.1, ""trail_mult"": 3.4000000000000004, ""trail_tp"": true, ""use_trailing"": false}",{},
2581,-1000000000.0,TrialState.COMPLETE,2026-04-01T07:16:41.023685,2026-04-01T07:16:41.112645,0.08896,"{""atr_window"": 18, ""bb_std_dev"": 1.75, ""bb_window"": 19, ""cooldown"": 1, ""macd_fast"": 10, ""macd_k"": 1.8, ""macd_k_mid"": 0.5, ""macd_signal"": 9, ""macd_slow"": 44, ""macd_std_window"": 88, ""rebalance_freq"": 120, ""rebounce_block"": 3, ""sl_mult_lm"": 1.0, ""sl_mult_lr"": 2.8, ""sl_mult_sm"": 1.8, ""sl_mult_sr"": 2.2, ""time_stop"": 28, ""tp_mult_lm"": 5.6, ""tp_mult_lr"": 12.0, ""tp_mult_sm"": 5.300000000000001, ""tp_mult_sr"": 3.1, ""trail_mult"": 4.0, ""trail_tp"": true, ""use_trailing"": true}",{},
2582,-1000000000.0,TrialState.COMPLETE,2026-04-01T07:16:41.151172,2026-04-01T07:16:41.260139,0.108967,"{""atr_window"": 20, ""bb_std_dev"": 2.3, ""bb_window"": 17, ""cooldown"": 2, ""macd_fast"": 13, ""macd_k"": 1.9, ""macd_k_mid"": 0.95, ""macd_signal"": 7, ""macd_slow"": 39, ""macd_std_window"": 73, ""rebalance_freq"": 30, ""rebounce_block"": 0, ""sl_mult_lm"": 1.75, ""sl_mult_lr"": 4.800000000000001, ""sl_mult_sm"": 1.55, ""sl_mult_sr"": 1.6, ""time_stop"": 25, ""tp_mult_lm"": 5.800000000000001, ""tp_mult_lr"": 9.4, ""tp_mult_sm"": 3.7, ""tp_mult_sr"": 4.6, ""trail_mult"": 1.6, ""trail_tp"": true, ""use_trailing"": true}",{},
2583,-1000000000.0,TrialState.COMPLETE,2026-04-01T07:16:41.300211,2026-04-01T07:16:43.846832,2.546621,"{""atr_window"": 15, ""bb_std_dev"": 2.35, ""bb_window"": 16, ""cooldown"": 1, ""macd_fast"": 16, ""macd_k"": 1.5, ""macd_k_mid"": 0.8500000000000001, ""macd_signal"": 9, ""macd_slow"": 36, ""macd_std_window"": 82, ""rebalance_freq"": 150, ""rebounce_block"": 1, ""sl_mult_lm"": 1.3, ""sl_mult_lr"": 2.1, ""sl_mult_sm"": 1.85, ""sl_mult_sr"": 1.5, ""time_stop"": 29, ""tp_mult_lm"": 4.9, ""tp_mult_lr"": 11.8, ""tp_mult_sm"": 5.800000000000001, ""tp_mult_sr"": 4.4, ""trail_mult"": 2.6, ""trail_tp"": true, ""use_trailing"": true}",{},
2584,-1000000000.0,TrialState.COMPLETE,2026-04-01T07:16:43.881375,2026-04-01T07:16:43.961553,0.080178,"{""atr_window"": 16, ""bb_std_dev"": 2.5, ""bb_window"": 23, ""cooldown"": 3, ""macd_fast"": 14, ""macd_k"": 1.6, ""macd_k_mid"": 0.7, ""macd_signal"": 8, ""macd_slow"": 41, ""macd_std_window"": 86, ""rebalance_freq"": 90, ""rebounce_block"": 5, ""sl_mult_lm"": 1.15, ""sl_mult_lr"": 2.6, ""sl_mult_sm"": 1.75, ""sl_mult_sr"": 2.5, ""time_stop"": 15, ""tp_mult_lm"": 5.2, ""tp_mult_lr"": 11.2, ""tp_mult_sm"": 3.8, ""tp_mult_sr"": 5.2, ""trail_mult"": 3.0, ""trail_tp"": true, ""use_trailing"": false}",{},
2585,-1000000000.0,TrialState.COMPLETE,2026-04-01T07:16:44.003284,2026-04-01T07:16:44.095139,0.091855,"{""atr_window"": 17, ""bb_std_dev"": 1.7, ""bb_window"": 24, ""cooldown"": 0, ""macd_fast"": 11, ""macd_k"": 1.75, ""macd_k_mid"": 0.5, ""macd_signal"": 9, ""macd_slow"": 37, ""macd_std_window"": 79, ""rebalance_freq"": 180, ""rebounce_block"": 3, ""sl_mult_lm"": 1.05, ""sl_mult_lr"": 4.4, ""sl_mult_sm"": 1.65, ""sl_mult_sr"": 2.4, ""time_stop"": 1, ""tp_mult_lm"": 5.5, ""tp_mult_lr"": 10.0, ""tp_mult_sm"": 3.6, ""tp_mult_sr"": 4.0, ""trail_mult"": 1.8, ""trail_tp"": true, ""use_trailing"": true}",{},
2586,-1000000000.0,TrialState.COMPLETE,2026-04-01T07:16:44.136603,2026-04-01T07:16:44.236217,0.099614,"{""atr_window"": 19, ""bb_std_dev"": 1.7, ""bb_window"": 21, ""cooldown"": 2, ""macd_fast"": 12, ""macd_k"": 1.4, ""macd_k_mid"": 0.75, ""macd_signal"": 10, ""macd_slow"": 35, ""macd_std_window"": 92, ""rebalance_freq"": 150, ""rebounce_block"": 6, ""sl_mult_lm"": 1.35, ""sl_mult_lr"": 4.6, ""sl_mult_sm"": 1.9500000000000002, ""sl_mult_sr"": 1.8, ""time_stop"": 4, ""tp_mult_lm"": 3.5, ""tp_mult_lr"": 9.6, ""tp_mult_sm"": 6.0, ""tp_mult_sr"": 5.4, ""trail_mult"": 3.6, ""trail_tp"": true, ""use_trailing"": true}",{},
2587,-1000000000.0,TrialState.COMPLETE,2026-04-01T07:16:44.275514,2026-04-01T07:16:44.371487,0.095973,"{""atr_window"": 10, ""bb_std_dev"": 2.4, ""bb_window"": 17, ""cooldown"": 2, ""macd_fast"": 15, ""macd_k"": 1.3, ""macd_k_mid"": 0.65, ""macd_signal"": 8, ""macd_slow"": 40, ""macd_std_window"": 75, ""rebalance_freq"": 120, ""rebounce_block"": 2, ""sl_mult_lm"": 1.4, ""sl_mult_lr"": 3.4000000000000004, ""sl_mult_sm"": 1.0, ""sl_mult_sr"": 2.0, ""time_stop"": 26, ""tp_mult_lm"": 5.4, ""tp_mult_lr"": 10.8, ""tp_mult_sm"": 5.4, ""tp_mult_sr"": 3.8, ""trail_mult"": 2.7, ""trail_tp"": true, ""use_trailing"": true}",{},
2588,-1000000000.0,TrialState.COMPLETE,2026-04-01T07:16:44.412154,2026-04-01T07:16:44.512107,0.099953,"{""atr_window"": 13, ""bb_std_dev"": 1.5999999999999999, ""bb_window"": 25, ""cooldown"": 1, ""macd_fast"": 14, ""macd_k"": 1.0, ""macd_k_mid"": 1.0, ""macd_signal"": 6, ""macd_slow"": 38, ""macd_std_window"": 81, ""rebalance_freq"": 30, ""rebounce_block"": 5, ""sl_mult_lm"": 1.1, ""sl_mult_lr"": 5.0, ""sl_mult_sm"": 2.0, ""sl_mult_sr"": 2.1, ""time_stop"": 2, ""tp_mult_lm"": 5.9, ""tp_mult_lr"": 12.2, ""tp_mult_sm"": 6.2, ""tp_mult_sr"": 5.1, ""trail_mult"": 2.4, ""trail_tp"": true, ""use_trailing"": false}",{},
2589,-1000000000.0,TrialState.COMPLETE,2026-04-01T07:16:44.549723,2026-04-01T07:16:44.638074,0.088351,"{""atr_window"": 20, ""bb_std_dev"": 2.2, ""bb_window"": 20, ""cooldown"": 0, ""macd_fast"": 13, ""macd_k"": 1.1, ""macd_k_mid"": 0.95, ""macd_signal"": 7, ""macd_slow"": 41, ""macd_std_window"": 90, ""rebalance_freq"": 180, ""rebounce_block"": 4, ""sl_mult_lm"": 2.1, ""sl_mult_lr"": 2.0, ""sl_mult_sm"": 1.8, ""sl_mult_sr"": 1.6, ""time_stop"": 14, ""tp_mult_lm"": 5.0, ""tp_mult_lr"": 9.8, ""tp_mult_sm"": 6.800000000000001, ""tp_mult_sr"": 3.7, ""trail_mult"": 2.9000000000000004, ""trail_tp"": true, ""use_trailing"": true}",{},
2590,-1000000000.0,TrialState.COMPLETE,2026-04-01T07:16:44.687925,2026-04-01T07:16:44.781484,0.093559,"{""atr_window"": 18, ""bb_std_dev"": 2.0, ""bb_window"": 21, ""cooldown"": 1, ""macd_fast"": 12, ""macd_k"": 1.55, ""macd_k_mid"": 0.7, ""macd_signal"": 8, ""macd_slow"": 36, ""macd_std_window"": 88, ""rebalance_freq"": 150, ""rebounce_block"": 6, ""sl_mult_lm"": 1.3, ""sl_mult_lr"": 2.7, ""sl_mult_sm"": 1.45, ""sl_mult_sr"": 3.3, ""time_stop"": 10, ""tp_mult_lm"": 5.6, ""tp_mult_lr"": 13.4, ""tp_mult_sm"": 6.4, ""tp_mult_sr"": 6.800000000000001, ""trail_mult"": 3.2, ""trail_tp"": true, ""use_trailing"": true}",{},
2591,-1000000000.0,TrialState.COMPLETE,2026-04-01T07:16:44.829238,2026-04-01T07:16:44.924657,0.095419,"{""atr_window"": 11, ""bb_std_dev"": 2.15, ""bb_window"": 18, ""cooldown"": 2, ""macd_fast"": 10, ""macd_k"": 1.35, ""macd_k_mid"": 0.8, ""macd_signal"": 9, ""macd_slow"": 42, ""macd_std_window"": 89, ""rebalance_freq"": 90, ""rebounce_block"": 0, ""sl_mult_lm"": 1.5, ""sl_mult_lr"": 2.9, ""sl_mult_sm"": 1.7000000000000002, ""sl_mult_sr"": 3.5, ""time_stop"": 24, ""tp_mult_lm"": 5.1, ""tp_mult_lr"": 11.8, ""tp_mult_sm"": 3.3, ""tp_mult_sr"": 4.9, ""trail_mult"": 3.1, ""trail_tp"": true, ""use_trailing"": false}",{},
2592,-1000000000.0,TrialState.COMPLETE,2026-04-01T07:16:44.964327,2026-04-01T07:16:45.060356,0.096029,"{""atr_window"": 16, ""bb_std_dev"": 1.4, ""bb_window"": 22, ""cooldown"": 3, ""macd_fast"": 16, ""macd_k"": 1.2, ""macd_k_mid"": 0.9, ""macd_signal"": 10, ""macd_slow"": 44, ""macd_std_window"": 71, ""rebalance_freq"": 120, ""rebounce_block"": 2, ""sl_mult_lm"": 1.25, ""sl_mult_lr"": 4.0, ""sl_mult_sm"": 1.85, ""sl_mult_sr"": 3.1, ""time_stop"": 8, ""tp_mult_lm"": 5.3, ""tp_mult_lr"": 8.6, ""tp_mult_sm"": 5.6, ""tp_mult_sr"": 4.8, ""trail_mult"": 2.5, ""trail_tp"": true, ""use_trailing"": true}",{},
2593,-1000000000.0,TrialState.COMPLETE,2026-04-01T07:16:45.100436,2026-04-01T07:16:47.749330,2.648894,"{""atr_window"": 16, ""bb_std_dev"": 2.45, ""bb_window"": 16, ""cooldown"": 1, ""macd_fast"": 14, ""macd_k"": 1.05, ""macd_k_mid"": 0.5, ""macd_signal"": 5, ""macd_slow"": 35, ""macd_std_window"": 92, ""rebalance_freq"": 180, ""rebounce_block"": 3, ""sl_mult_lm"": 2.1500000000000004, ""sl_mult_lr"": 3.2, ""sl_mult_sm"": 1.6, ""sl_mult_sr"": 3.0, ""time_stop"": 11, ""tp_mult_lm"": 6.0, ""tp_mult_lr"": 9.2, ""tp_mult_sm"": 6.300000000000001, ""tp_mult_sr"": 3.9, ""trail_mult"": 1.7, ""trail_tp"": true, ""use_trailing"": true}",{},
2594,-1000000000.0,TrialState.COMPLETE,2026-04-01T07:16:47.781436,2026-04-01T07:16:47.890732,0.109296,"{""atr_window"": 19, ""bb_std_dev"": 2.3, ""bb_window"": 23, ""cooldown"": 2, ""macd_fast"": 15, ""macd_k"": 1.65, ""macd_k_mid"": 0.7, ""macd_signal"": 8, ""macd_slow"": 39, ""macd_std_window"": 83, ""rebalance_freq"": 150, ""rebounce_block"": 5, ""sl_mult_lm"": 1.2, ""sl_mult_lr"": 3.0, ""sl_mult_sm"": 1.9, ""sl_mult_sr"": 1.9, ""time_stop"": 17, ""tp_mult_lm"": 5.7, ""tp_mult_lr"": 11.4, ""tp_mult_sm"": 4.9, ""tp_mult_sr"": 3.0, ""trail_mult"": 3.2, ""trail_tp"": true, ""use_trailing"": true}",{},
2595,-1000000000.0,TrialState.COMPLETE,2026-04-01T07:16:47.935250,2026-04-01T07:16:48.043657,0.108407,"{""atr_window"": 15, ""bb_std_dev"": 2.1, ""bb_window"": 17, ""cooldown"": 1, ""macd_fast"": 13, ""macd_k"": 1.55, ""macd_k_mid"": 0.8500000000000001, ""macd_signal"": 7, ""macd_slow"": 37, ""macd_std_window"": 70, ""rebalance_freq"": 30, ""rebounce_block"": 3, ""sl_mult_lm"": 1.0, ""sl_mult_lr"": 4.2, ""sl_mult_sm"": 1.55, ""sl_mult_sr"": 1.5, ""time_stop"": 9, ""tp_mult_lm"": 5.2, ""tp_mult_lr"": 10.6, ""tp_mult_sm"": 3.2, ""tp_mult_sr"": 5.5, ""trail_mult"": 1.9, ""trail_tp"": true, ""use_trailing"": false}",{},
2596,-1000000000.0,TrialState.COMPLETE,2026-04-01T07:16:48.084705,2026-04-01T07:16:48.182588,0.097883,"{""atr_window"": 17, ""bb_std_dev"": 2.05, ""bb_window"": 21, ""cooldown"": 0, ""macd_fast"": 12, ""macd_k"": 1.15, ""macd_k_mid"": 0.65, ""macd_signal"": 9, ""macd_slow"": 40, ""macd_std_window"": 81, ""rebalance_freq"": 180, ""rebounce_block"": 6, ""sl_mult_lm"": 1.75, ""sl_mult_lr"": 2.6, ""sl_mult_sm"": 1.8, ""sl_mult_sr"": 1.8, ""time_stop"": 13, ""tp_mult_lm"": 5.3, ""tp_mult_lr"": 10.0, ""tp_mult_sm"": 4.8, ""tp_mult_sr"": 4.3, ""trail_mult"": 3.7, ""trail_tp"": true, ""use_trailing"": true}",{},
2597,-1000000000.0,TrialState.COMPLETE,2026-04-01T07:16:48.220342,2026-04-01T07:16:48.313563,0.093221,"{""atr_window"": 13, ""bb_std_dev"": 2.35, ""bb_window"": 20, ""cooldown"": 2, ""macd_fast"": 11, ""macd_k"": 1.5, ""macd_k_mid"": 0.5, ""macd_signal"": 9, ""macd_slow"": 41, ""macd_std_window"": 91, ""rebalance_freq"": 150, ""rebounce_block"": 4, ""sl_mult_lm"": 1.55, ""sl_mult_lr"": 4.9, ""sl_mult_sm"": 1.05, ""sl_mult_sr"": 3.2, ""time_stop"": 5, ""tp_mult_lm"": 5.1, ""tp_mult_lr"": 14.0, ""tp_mult_sm"": 5.9, ""tp_mult_sr"": 5.0, ""trail_mult"": 2.8, ""trail_tp"": true, ""use_trailing"": true}",{},
2598,-1000000000.0,TrialState.COMPLETE,2026-04-01T07:16:48.363237,2026-04-01T07:16:48.465137,0.1019,"{""atr_window"": 18, ""bb_std_dev"": 2.25, ""bb_window"": 16, ""cooldown"": 3, ""macd_fast"": 10, ""macd_k"": 1.6, ""macd_k_mid"": 0.95, ""macd_signal"": 8, ""macd_slow"": 44, ""macd_std_window"": 86, ""rebalance_freq"": 120, ""rebounce_block"": 0, ""sl_mult_lm"": 1.7000000000000002, ""sl_mult_lr"": 3.9000000000000004, ""sl_mult_sm"": 1.5, ""sl_mult_sr"": 2.9000000000000004, ""time_stop"": 27, ""tp_mult_lm"": 4.8, ""tp_mult_lr"": 9.4, ""tp_mult_sm"": 3.4, ""tp_mult_sr"": 4.7, ""trail_mult"": 3.3, ""trail_tp"": true, ""use_trailing"": true}",{},
2599,-1000000000.0,TrialState.COMPLETE,2026-04-01T07:16:48.507293,2026-04-01T07:16:50.956528,2.449235,"{""atr_window"": 20, ""bb_std_dev"": 2.4, ""bb_window"": 18, ""cooldown"": 2, ""macd_fast"": 13, ""macd_k"": 1.8, ""macd_k_mid"": 0.7, ""macd_signal"": 8, ""macd_slow"": 35, ""macd_std_window"": 87, ""rebalance_freq"": 150, ""rebounce_block"": 5, ""sl_mult_lm"": 1.8, ""sl_mult_lr"": 4.1, ""sl_mult_sm"": 1.75, ""sl_mult_sr"": 2.2, ""time_stop"": 16, ""tp_mult_lm"": 5.4, ""tp_mult_lr"": 12.2, ""tp_mult_sm"": 3.5, ""tp_mult_sr"": 4.1, ""trail_mult"": 3.8000000000000003, ""trail_tp"": true, ""use_trailing"": false}",{},
2600,-1000000000.0,TrialState.COMPLETE,2026-04-01T07:16:50.988778,2026-04-01T07:16:51.079243,0.090465,"{""atr_window"": 10, ""bb_std_dev"": 1.5, ""bb_window"": 24, ""cooldown"": 0, ""macd_fast"": 14, ""macd_k"": 1.9500000000000002, ""macd_k_mid"": 0.75, ""macd_signal"": 6, ""macd_slow"": 42, ""macd_std_window"": 84, ""rebalance_freq"": 90, ""rebounce_block"": 1, ""sl_mult_lm"": 1.15, ""sl_mult_lr"": 5.0, ""sl_mult_sm"": 1.7000000000000002, ""sl_mult_sr"": 3.0, ""time_stop"": 15, ""tp_mult_lm"": 5.5, ""tp_mult_lr"": 12.0, ""tp_mult_sm"": 7.0, ""tp_mult_sr"": 3.5, ""trail_mult"": 2.7, ""trail_tp"": true, ""use_trailing"": true}",{},
2601,-1000000000.0,TrialState.COMPLETE,2026-04-01T07:16:51.127849,2026-04-01T07:16:51.238374,0.110525,"{""atr_window"": 12, ""bb_std_dev"": 1.65, ""bb_window"": 19, ""cooldown"": 1, ""macd_fast"": 16, ""macd_k"": 1.1, ""macd_k_mid"": 0.95, ""macd_signal"": 7, ""macd_slow"": 39, ""macd_std_window"": 72, ""rebalance_freq"": 180, ""rebounce_block"": 4, ""sl_mult_lm"": 1.4, ""sl_mult_lr"": 3.7, ""sl_mult_sm"": 1.65, ""sl_mult_sr"": 1.5, ""time_stop"": 0, ""tp_mult_lm"": 4.9, ""tp_mult_lr"": 11.6, ""tp_mult_sm"": 3.1, ""tp_mult_sr"": 4.8, ""trail_mult"": 1.7, ""trail_tp"": true, ""use_trailing"": true}",{},
2602,-1000000000.0,TrialState.COMPLETE,2026-04-01T07:16:51.279556,2026-04-01T07:16:51.389343,0.109787,"{""atr_window"": 15, ""bb_std_dev"": 1.7999999999999998, ""bb_window"": 20, ""cooldown"": 2, ""macd_fast"": 15, ""macd_k"": 1.05, ""macd_k_mid"": 0.9, ""macd_signal"": 10, ""macd_slow"": 38, ""macd_std_window"": 93, ""rebalance_freq"": 150, ""rebounce_block"": 6, ""sl_mult_lm"": 1.85, ""sl_mult_lr"": 3.3, ""sl_mult_sm"": 1.6, ""sl_mult_sr"": 2.6, ""time_stop"": 9, ""tp_mult_lm"": 5.6, ""tp_mult_lr"": 14.4, ""tp_mult_sm"": 6.7, ""tp_mult_sr"": 4.6, ""trail_mult"": 3.6, ""trail_tp"": false, ""use_trailing"": true}",{},
2603,-1000000000.0,TrialState.COMPLETE,2026-04-01T07:16:51.430522,2026-04-01T07:16:51.527419,0.096897,"{""atr_window"": 16, ""bb_std_dev"": 2.5, ""bb_window"": 25, ""cooldown"": 1, ""macd_fast"": 12, ""macd_k"": 1.7000000000000002, ""macd_k_mid"": 0.5, ""macd_signal"": 9, ""macd_slow"": 35, ""macd_std_window"": 90, ""rebalance_freq"": 120, ""rebounce_block"": 5, ""sl_mult_lm"": 1.25, ""sl_mult_lr"": 2.8, ""sl_mult_sm"": 1.85, ""sl_mult_sr"": 2.8, ""time_stop"": 24, ""tp_mult_lm"": 5.2, ""tp_mult_lr"": 10.4, ""tp_mult_sm"": 5.7, ""tp_mult_sr"": 6.5, ""trail_mult"": 3.1, ""trail_tp"": true, ""use_trailing"": false}",{},
2604,-1000000000.0,TrialState.COMPLETE,2026-04-01T07:16:51.566113,2026-04-01T07:16:51.673987,0.107874,"{""atr_window"": 18, ""bb_std_dev"": 2.2, ""bb_window"": 22, ""cooldown"": 3, ""macd_fast"": 13, ""macd_k"": 1.3, ""macd_k_mid"": 0.65, ""macd_signal"": 8, ""macd_slow"": 37, ""macd_std_window"": 85, ""rebalance_freq"": 180, ""rebounce_block"": 2, ""sl_mult_lm"": 1.05, ""sl_mult_lr"": 2.1, ""sl_mult_sm"": 1.8, ""sl_mult_sr"": 2.0, ""time_stop"": 28, ""tp_mult_lm"": 5.800000000000001, ""tp_mult_lr"": 11.0, ""tp_mult_sm"": 3.0, ""tp_mult_sr"": 6.9, ""trail_mult"": 3.0, ""trail_tp"": true, ""use_trailing"": true}",{},
2605,-1000000000.0,TrialState.COMPLETE,2026-04-01T07:16:51.715947,2026-04-01T07:16:51.820227,0.10428,"{""atr_window"": 19, ""bb_std_dev"": 1.75, ""bb_window"": 16, ""cooldown"": 0, ""macd_fast"": 12, ""macd_k"": 1.65, ""macd_k_mid"": 0.7, ""macd_signal"": 7, ""macd_slow"": 40, ""macd_std_window"": 81, ""rebalance_freq"": 30, ""rebounce_block"": 0, ""sl_mult_lm"": 1.3, ""sl_mult_lr"": 2.0, ""sl_mult_sm"": 1.55, ""sl_mult_sr"": 1.6, ""time_stop"": 25, ""tp_mult_lm"": 5.0, ""tp_mult_lr"": 10.2, ""tp_mult_sm"": 6.6, ""tp_mult_sr"": 4.5, ""trail_mult"": 3.3, ""trail_tp"": false, ""use_trailing"": true}",{},
2606,-1000000000.0,TrialState.COMPLETE,2026-04-01T07:16:51.862497,2026-04-01T07:28:21.997024,690.134527,"{""atr_window"": 20, ""bb_std_dev"": 2.45, ""bb_window"": 24, ""cooldown"": 1, ""macd_fast"": 14, ""macd_k"": 1.25, ""macd_k_mid"": 0.75, ""macd_signal"": 8, ""macd_slow"": 36, ""macd_std_window"": 80, ""rebalance_freq"": 150, ""rebounce_block"": 3, ""sl_mult_lm"": 1.85, ""sl_mult_lr"": 3.8, ""sl_mult_sm"": 1.9, ""sl_mult_sr"": 2.5, ""time_stop"": 0, ""tp_mult_lm"": 5.7, ""tp_mult_lr"": 9.0, ""tp_mult_sm"": 6.5, ""tp_mult_sr"": 5.2, ""trail_mult"": 3.2, ""trail_tp"": true, ""use_trailing"": false}",{},
