number,value,state,datetime_start,datetime_complete,duration_seconds,params_json,fold_sharpes_json,avg_cv_sharpe
114,-1000000000.0,TrialState.COMPLETE,2026-04-01T08:45:27.048841,2026-04-01T08:45:27.097721,0.04888,"{""atr_window"": 17, ""bb_std_dev"": 2.45, ""bb_window"": 15, ""cooldown"": 4, ""macd_fast"": 10, ""macd_k"": 1.8, ""macd_k_mid"": 0.65, ""macd_signal"": 8, ""macd_slow"": 40, ""macd_std_window"": 70, ""rebalance_freq"": 180, ""rebounce_block"": 6, ""sl_mult_lm"": 2.05, ""sl_mult_lr"": 2.3, ""sl_mult_sm"": 1.65, ""sl_mult_sr"": 1.5, ""time_stop"": 18, ""tp_mult_lm"": 5.0, ""tp_mult_lr"": 9.6, ""tp_mult_sm"": 3.2, ""tp_mult_sr"": 4.7, ""trail_mult"": 1.6, ""trail_tp"": true, ""use_trailing"": true}",{},
115,-1000000000.0,TrialState.COMPLETE,2026-04-01T08:45:27.129376,2026-04-01T08:45:27.153693,0.024317,"{""atr_window"": 18, ""bb_std_dev"": 1.7999999999999998, ""bb_window"": 20, ""cooldown"": 3, ""macd_fast"": 11, ""macd_k"": 1.55, ""macd_k_mid"": 0.65, ""macd_signal"": 7, ""macd_slow"": 44, ""macd_std_window"": 72, ""rebalance_freq"": 180, ""rebounce_block"": 6, ""sl_mult_lm"": 1.35, ""sl_mult_lr"": 2.0, ""sl_mult_sm"": 1.85, ""sl_mult_sr"": 1.7, ""time_stop"": 13, ""tp_mult_lm"": 4.9, ""tp_mult_lr"": 16.200000000000003, ""tp_mult_sm"": 3.1, ""tp_mult_sr"": 5.2, ""trail_mult"": 3.9000000000000004, ""trail_tp"": false, ""use_trailing"": true}",{},
2872,2.6929214285714282,TrialState.COMPLETE,2026-04-01T08:45:22.847131,2026-04-01T08:45:27.176792,4.329661,"{""atr_window"": 18, ""bb_std_dev"": 2.45, ""bb_window"": 21, ""cooldown"": 2, ""macd_fast"": 15, ""macd_k"": 1.05, ""macd_k_mid"": 0.7, ""macd_signal"": 5, ""macd_slow"": 35, ""macd_std_window"": 89, ""rebalance_freq"": 90, ""rebounce_block"": 5, ""sl_mult_lm"": 1.1, ""sl_mult_lr"": 2.5, ""sl_mult_sm"": 1.4, ""sl_mult_sr"": 1.8, ""time_stop"": 27, ""tp_mult_lm"": 5.2, ""tp_mult_lr"": 10.8, ""tp_mult_sm"": 3.0, ""tp_mult_sr"": 5.2, ""trail_mult"": 3.5, ""trail_tp"": false, ""use_trailing"": false}",{},
116,-1000000000.0,TrialState.COMPLETE,2026-04-01T08:45:27.188964,2026-04-01T08:45:27.231478,0.042514,"{""atr_window"": 15, ""bb_std_dev"": 2.5, ""bb_window"": 14, ""cooldown"": 1, ""macd_fast"": 12, ""macd_k"": 1.5, ""macd_k_mid"": 0.8500000000000001, ""macd_signal"": 8, ""macd_slow"": 43, ""macd_std_window"": 71, ""rebalance_freq"": 30, ""rebounce_block"": 5, ""sl_mult_lm"": 1.15, ""sl_mult_lr"": 4.4, ""sl_mult_sm"": 1.7000000000000002, ""sl_mult_sr"": 1.5, ""time_stop"": 9, ""tp_mult_lm"": 4.5, ""tp_mult_lr"": 11.0, ""tp_mult_sm"": 3.5, ""tp_mult_sr"": 4.2, ""trail_mult"": 2.9000000000000004, ""trail_tp"": true, ""use_trailing"": true}",{},
117,-1000000000.0,TrialState.COMPLETE,2026-04-01T08:45:27.266515,2026-04-01T08:45:27.292101,0.025586,"{""atr_window"": 15, ""bb_std_dev"": 2.05, ""bb_window"": 17, ""cooldown"": 2, ""macd_fast"": 13, ""macd_k"": 1.65, ""macd_k_mid"": 0.6, ""macd_signal"": 10, ""macd_slow"": 41, ""macd_std_window"": 84, ""rebalance_freq"": 60, ""rebounce_block"": 5, ""sl_mult_lm"": 1.8, ""sl_mult_lr"": 2.1, ""sl_mult_sm"": 1.75, ""sl_mult_sr"": 3.4000000000000004, ""time_stop"": 21, ""tp_mult_lm"": 5.9, ""tp_mult_lr"": 15.600000000000001, ""tp_mult_sm"": 4.6, ""tp_mult_sr"": 3.9, ""trail_mult"": 2.5, ""trail_tp"": false, ""use_trailing"": false}",{},
118,-1000000000.0,TrialState.COMPLETE,2026-04-01T08:45:27.326515,2026-04-01T08:45:31.437475,4.11096,"{""atr_window"": 10, ""bb_std_dev"": 1.95, ""bb_window"": 20, ""cooldown"": 2, ""macd_fast"": 20, ""macd_k"": 1.45, ""macd_k_mid"": 0.7, ""macd_signal"": 6, ""macd_slow"": 39, ""macd_std_window"": 92, ""rebalance_freq"": 150, ""rebounce_block"": 1, ""sl_mult_lm"": 2.2, ""sl_mult_lr"": 3.5, ""sl_mult_sm"": 1.2, ""sl_mult_sr"": 3.0, ""time_stop"": 12, ""tp_mult_lm"": 4.7, ""tp_mult_lr"": 10.6, ""tp_mult_sm"": 6.5, ""tp_mult_sr"": 4.3, ""trail_mult"": 1.9, ""trail_tp"": true, ""use_trailing"": true}",{},
2873,-1000000000.0,TrialState.COMPLETE,2026-04-01T08:45:27.248014,2026-04-01T08:45:31.466929,4.218915,"{""atr_window"": 18, ""bb_std_dev"": 2.5, ""bb_window"": 21, ""cooldown"": 2, ""macd_fast"": 15, ""macd_k"": 1.05, ""macd_k_mid"": 0.7, ""macd_signal"": 5, ""macd_slow"": 35, ""macd_std_window"": 90, ""rebalance_freq"": 90, ""rebounce_block"": 5, ""sl_mult_lm"": 1.15, ""sl_mult_lr"": 2.6, ""sl_mult_sm"": 1.45, ""sl_mult_sr"": 1.7, ""time_stop"": 26, ""tp_mult_lm"": 5.2, ""tp_mult_lr"": 10.4, ""tp_mult_sm"": 3.0, ""tp_mult_sr"": 5.300000000000001, ""trail_mult"": 3.4000000000000004, ""trail_tp"": false, ""use_trailing"": false}",{},
119,-1000000000.0,TrialState.COMPLETE,2026-04-01T08:45:31.473720,2026-04-01T08:45:31.497384,0.023664,"{""atr_window"": 14, ""bb_std_dev"": 1.75, ""bb_window"": 14, ""cooldown"": 0, ""macd_fast"": 12, ""macd_k"": 1.25, ""macd_k_mid"": 0.5, ""macd_signal"": 9, ""macd_slow"": 36, ""macd_std_window"": 88, ""rebalance_freq"": 120, ""rebounce_block"": 2, ""sl_mult_lm"": 1.45, ""sl_mult_lr"": 4.0, ""sl_mult_sm"": 1.25, ""sl_mult_sr"": 3.1, ""time_stop"": 28, ""tp_mult_lm"": 5.7, ""tp_mult_lr"": 10.2, ""tp_mult_sm"": 5.2, ""tp_mult_sr"": 3.5, ""trail_mult"": 1.5, ""trail_tp"": false, ""use_trailing"": true}",{},
120,-1000000000.0,TrialState.COMPLETE,2026-04-01T08:45:31.553773,2026-04-01T08:45:31.578260,0.024487,"{""atr_window"": 17, ""bb_std_dev"": 1.5499999999999998, ""bb_window"": 18, ""cooldown"": 3, ""macd_fast"": 14, ""macd_k"": 1.2, ""macd_k_mid"": 0.6, ""macd_signal"": 8, ""macd_slow"": 40, ""macd_std_window"": 100, ""rebalance_freq"": 30, ""rebounce_block"": 3, ""sl_mult_lm"": 1.55, ""sl_mult_lr"": 4.2, ""sl_mult_sm"": 1.0, ""sl_mult_sr"": 2.3, ""time_stop"": 7, ""tp_mult_lm"": 5.1, ""tp_mult_lr"": 13.2, ""tp_mult_sm"": 6.6, ""tp_mult_sr"": 5.6, ""trail_mult"": 2.4, ""trail_tp"": true, ""use_trailing"": false}",{},
121,-1000000000.0,TrialState.COMPLETE,2026-04-01T08:45:31.614761,2026-04-01T08:45:31.636561,0.0218,"{""atr_window"": 19, ""bb_std_dev"": 2.25, ""bb_window"": 15, ""cooldown"": 1, ""macd_fast"": 15, ""macd_k"": 1.55, ""macd_k_mid"": 0.75, ""macd_signal"": 9, ""macd_slow"": 44, ""macd_std_window"": 74, ""rebalance_freq"": 150, ""rebounce_block"": 4, ""sl_mult_lm"": 1.3, ""sl_mult_lr"": 3.3, ""sl_mult_sm"": 1.9500000000000002, ""sl_mult_sr"": 1.6, ""time_stop"": 9, ""tp_mult_lm"": 5.3, ""tp_mult_lr"": 8.6, ""tp_mult_sm"": 3.0, ""tp_mult_sr"": 5.5, ""trail_mult"": 3.1, ""trail_tp"": true, ""use_trailing"": true}",{},
122,-1000000000.0,TrialState.COMPLETE,2026-04-01T08:45:31.678400,2026-04-01T08:45:31.711741,0.033341,"{""atr_window"": 18, ""bb_std_dev"": 2.3, ""bb_window"": 14, ""cooldown"": 1, ""macd_fast"": 16, ""macd_k"": 1.5, ""macd_k_mid"": 0.7, ""macd_signal"": 9, ""macd_slow"": 44, ""macd_std_window"": 85, ""rebalance_freq"": 150, ""rebounce_block"": 4, ""sl_mult_lm"": 1.25, ""sl_mult_lr"": 3.0, ""sl_mult_sm"": 1.8, ""sl_mult_sr"": 1.7, ""time_stop"": 10, ""tp_mult_lm"": 5.2, ""tp_mult_lr"": 8.2, ""tp_mult_sm"": 4.1, ""tp_mult_sr"": 5.300000000000001, ""trail_mult"": 3.2, ""trail_tp"": true, ""use_trailing"": true}",{},
123,-1000000000.0,TrialState.COMPLETE,2026-04-01T08:45:31.742702,2026-04-01T08:45:31.765551,0.022849,"{""atr_window"": 18, ""bb_std_dev"": 2.4, ""bb_window"": 15, ""cooldown"": 4, ""macd_fast"": 14, ""macd_k"": 1.45, ""macd_k_mid"": 0.65, ""macd_signal"": 9, ""macd_slow"": 44, ""macd_std_window"": 76, ""rebalance_freq"": 150, ""rebounce_block"": 3, ""sl_mult_lm"": 1.4, ""sl_mult_lr"": 3.1, ""sl_mult_sm"": 1.6, ""sl_mult_sr"": 1.5, ""time_stop"": 15, ""tp_mult_lm"": 5.4, ""tp_mult_lr"": 8.4, ""tp_mult_sm"": 3.1, ""tp_mult_sr"": 6.0, ""trail_mult"": 3.2, ""trail_tp"": true, ""use_trailing"": true}",{},
124,-1000000000.0,TrialState.COMPLETE,2026-04-01T08:45:31.799941,2026-04-01T08:45:31.822571,0.02263,"{""atr_window"": 19, ""bb_std_dev"": 2.3, ""bb_window"": 14, ""cooldown"": 1, ""macd_fast"": 15, ""macd_k"": 1.6, ""macd_k_mid"": 0.8, ""macd_signal"": 9, ""macd_slow"": 38, ""macd_std_window"": 80, ""rebalance_freq"": 150, ""rebounce_block"": 6, ""sl_mult_lm"": 1.4, ""sl_mult_lr"": 2.0, ""sl_mult_sm"": 2.0, ""sl_mult_sr"": 1.6, ""time_stop"": 11, ""tp_mult_lm"": 6.0, ""tp_mult_lr"": 8.8, ""tp_mult_sm"": 3.4, ""tp_mult_sr"": 5.7, ""trail_mult"": 3.3, ""trail_tp"": true, ""use_trailing"": true}",{},
125,-1000000000.0,TrialState.COMPLETE,2026-04-01T08:45:31.874000,2026-04-01T08:45:31.896562,0.022562,"{""atr_window"": 20, ""bb_std_dev"": 2.35, ""bb_window"": 21, ""cooldown"": 1, ""macd_fast"": 12, ""macd_k"": 1.35, ""macd_k_mid"": 0.55, ""macd_signal"": 9, ""macd_slow"": 43, ""macd_std_window"": 83, ""rebalance_freq"": 120, ""rebounce_block"": 4, ""sl_mult_lm"": 1.5, ""sl_mult_lr"": 3.7, ""sl_mult_sm"": 2.0, ""sl_mult_sr"": 1.6, ""time_stop"": 6, ""tp_mult_lm"": 5.2, ""tp_mult_lr"": 11.4, ""tp_mult_sm"": 3.3, ""tp_mult_sr"": 5.0, ""trail_mult"": 3.4000000000000004, ""trail_tp"": false, ""use_trailing"": true}",{},
2874,-1000000000.0,TrialState.COMPLETE,2026-04-01T08:45:31.540590,2026-04-01T08:45:36.598248,5.057658,"{""atr_window"": 18, ""bb_std_dev"": 2.45, ""bb_window"": 21, ""cooldown"": 2, ""macd_fast"": 15, ""macd_k"": 1.05, ""macd_k_mid"": 0.7, ""macd_signal"": 5, ""macd_slow"": 35, ""macd_std_window"": 91, ""rebalance_freq"": 90, ""rebounce_block"": 5, ""sl_mult_lm"": 1.1, ""sl_mult_lr"": 2.7, ""sl_mult_sm"": 1.45, ""sl_mult_sr"": 1.7, ""time_stop"": 27, ""tp_mult_lm"": 5.2, ""tp_mult_lr"": 10.6, ""tp_mult_sm"": 3.2, ""tp_mult_sr"": 5.2, ""trail_mult"": 3.4000000000000004, ""trail_tp"": false, ""use_trailing"": false}",{},
126,2.5402428571428572,TrialState.COMPLETE,2026-04-01T08:45:31.930349,2026-04-01T08:45:36.964840,5.034491,"{""atr_window"": 16, ""bb_std_dev"": 2.2, ""bb_window"": 16, ""cooldown"": 0, ""macd_fast"": 16, ""macd_k"": 1.15, ""macd_k_mid"": 0.7, ""macd_signal"": 7, ""macd_slow"": 37, ""macd_std_window"": 81, ""rebalance_freq"": 180, ""rebounce_block"": 5, ""sl_mult_lm"": 1.9, ""sl_mult_lr"": 2.5, ""sl_mult_sm"": 1.55, ""sl_mult_sr"": 2.1, ""time_stop"": 20, ""tp_mult_lm"": 5.0, ""tp_mult_lr"": 12.0, ""tp_mult_sm"": 6.1, ""tp_mult_sr"": 5.800000000000001, ""trail_mult"": 3.1, ""trail_tp"": true, ""use_trailing"": false}",{},
2875,0.9165785714285712,TrialState.COMPLETE,2026-04-01T08:45:36.729436,2026-04-01T08:45:42.279090,5.549654,"{""atr_window"": 18, ""bb_std_dev"": 2.5, ""bb_window"": 21, ""cooldown"": 2, ""macd_fast"": 15, ""macd_k"": 1.0, ""macd_k_mid"": 0.7, ""macd_signal"": 5, ""macd_slow"": 35, ""macd_std_window"": 89, ""rebalance_freq"": 90, ""rebounce_block"": 5, ""sl_mult_lm"": 1.05, ""sl_mult_lr"": 2.6, ""sl_mult_sm"": 1.5, ""sl_mult_sr"": 1.8, ""time_stop"": 28, ""tp_mult_lm"": 5.2, ""tp_mult_lr"": 11.0, ""tp_mult_sm"": 3.1, ""tp_mult_sr"": 5.4, ""trail_mult"": 3.5, ""trail_tp"": false, ""use_trailing"": false}",{},
127,-1000000000.0,TrialState.COMPLETE,2026-04-01T08:45:37.099129,2026-04-01T08:45:42.376323,5.277194,"{""atr_window"": 16, ""bb_std_dev"": 2.15, ""bb_window"": 17, ""cooldown"": 0, ""macd_fast"": 16, ""macd_k"": 1.15, ""macd_k_mid"": 0.7, ""macd_signal"": 7, ""macd_slow"": 37, ""macd_std_window"": 81, ""rebalance_freq"": 180, ""rebounce_block"": 5, ""sl_mult_lm"": 1.9, ""sl_mult_lr"": 2.5, ""sl_mult_sm"": 1.55, ""sl_mult_sr"": 2.2, ""time_stop"": 17, ""tp_mult_lm"": 4.8, ""tp_mult_lr"": 12.0, ""tp_mult_sm"": 6.0, ""tp_mult_sr"": 6.6, ""trail_mult"": 2.3, ""trail_tp"": true, ""use_trailing"": false}",{},
2876,2.042642857142857,TrialState.COMPLETE,2026-04-01T08:45:42.358836,2026-04-01T08:45:49.953581,7.594745,"{""atr_window"": 18, ""bb_std_dev"": 2.45, ""bb_window"": 21, ""cooldown"": 2, ""macd_fast"": 15, ""macd_k"": 1.05, ""macd_k_mid"": 0.7, ""macd_signal"": 5, ""macd_slow"": 35, ""macd_std_window"": 90, ""rebalance_freq"": 90, ""rebounce_block"": 5, ""sl_mult_lm"": 1.05, ""sl_mult_lr"": 2.5, ""sl_mult_sm"": 1.4, ""sl_mult_sr"": 1.7, ""time_stop"": 26, ""tp_mult_lm"": 5.2, ""tp_mult_lr"": 10.8, ""tp_mult_sm"": 3.2, ""tp_mult_sr"": 5.300000000000001, ""trail_mult"": 3.4000000000000004, ""trail_tp"": false, ""use_trailing"": false}",{},
128,-1000000000.0,TrialState.COMPLETE,2026-04-01T08:45:42.469159,2026-04-01T08:45:50.130155,7.660996,"{""atr_window"": 16, ""bb_std_dev"": 1.65, ""bb_window"": 18, ""cooldown"": 0, ""macd_fast"": 17, ""macd_k"": 1.1, ""macd_k_mid"": 0.5, ""macd_signal"": 7, ""macd_slow"": 37, ""macd_std_window"": 89, ""rebalance_freq"": 180, ""rebounce_block"": 6, ""sl_mult_lm"": 1.9500000000000002, ""sl_mult_lr"": 2.4, ""sl_mult_sm"": 1.4, ""sl_mult_sr"": 2.1, ""time_stop"": 19, ""tp_mult_lm"": 5.0, ""tp_mult_lr"": 11.8, ""tp_mult_sm"": 6.1, ""tp_mult_sr"": 5.800000000000001, ""trail_mult"": 3.0, ""trail_tp"": false, ""use_trailing"": false}",{},
129,-1000000000.0,TrialState.COMPLETE,2026-04-01T08:45:50.260378,2026-04-01T08:45:50.336497,0.076119,"{""atr_window"": 15, ""bb_std_dev"": 2.2, ""bb_window"": 17, ""cooldown"": 0, ""macd_fast"": 13, ""macd_k"": 1.3, ""macd_k_mid"": 0.65, ""macd_signal"": 7, ""macd_slow"": 36, ""macd_std_window"": 95, ""rebalance_freq"": 180, ""rebounce_block"": 0, ""sl_mult_lm"": 1.85, ""sl_mult_lr"": 4.800000000000001, ""sl_mult_sm"": 1.5, ""sl_mult_sr"": 2.0, ""time_stop"": 29, ""tp_mult_lm"": 5.800000000000001, ""tp_mult_lr"": 12.4, ""tp_mult_sm"": 6.2, ""tp_mult_sr"": 6.4, ""trail_mult"": 2.7, ""trail_tp"": true, ""use_trailing"": false}",{},
2877,-1000000000.0,TrialState.COMPLETE,2026-04-01T08:45:50.152752,2026-04-01T08:45:59.758095,9.605343,"{""atr_window"": 18, ""bb_std_dev"": 2.4, ""bb_window"": 21, ""cooldown"": 2, ""macd_fast"": 15, ""macd_k"": 1.05, ""macd_k_mid"": 0.7, ""macd_signal"": 5, ""macd_slow"": 35, ""macd_std_window"": 91, ""rebalance_freq"": 90, ""rebounce_block"": 5, ""sl_mult_lm"": 1.15, ""sl_mult_lr"": 2.6, ""sl_mult_sm"": 1.45, ""sl_mult_sr"": 1.7, ""time_stop"": 28, ""tp_mult_lm"": 5.1, ""tp_mult_lr"": 10.6, ""tp_mult_sm"": 3.1, ""tp_mult_sr"": 5.5, ""trail_mult"": 3.5, ""trail_tp"": false, ""use_trailing"": false}",{},
130,-1000000000.0,TrialState.COMPLETE,2026-04-01T08:45:50.411774,2026-04-01T08:45:59.812400,9.400626,"{""atr_window"": 16, ""bb_std_dev"": 2.2, ""bb_window"": 16, ""cooldown"": 0, ""macd_fast"": 20, ""macd_k"": 1.2, ""macd_k_mid"": 0.55, ""macd_signal"": 7, ""macd_slow"": 37, ""macd_std_window"": 80, ""rebalance_freq"": 180, ""rebounce_block"": 2, ""sl_mult_lm"": 1.9, ""sl_mult_lr"": 2.7, ""sl_mult_sm"": 1.1, ""sl_mult_sr"": 1.9, ""time_stop"": 20, ""tp_mult_lm"": 4.1, ""tp_mult_lr"": 11.0, ""tp_mult_sm"": 5.7, ""tp_mult_sr"": 3.7, ""trail_mult"": 2.1, ""trail_tp"": false, ""use_trailing"": false}",{},
131,-1000000000.0,TrialState.COMPLETE,2026-04-01T08:45:59.958041,2026-04-01T08:46:00.018686,0.060645,"{""atr_window"": 17, ""bb_std_dev"": 2.45, ""bb_window"": 15, ""cooldown"": 0, ""macd_fast"": 15, ""macd_k"": 1.4, ""macd_k_mid"": 0.75, ""macd_signal"": 6, ""macd_slow"": 43, ""macd_std_window"": 79, ""rebalance_freq"": 180, ""rebounce_block"": 5, ""sl_mult_lm"": 2.0, ""sl_mult_lr"": 4.300000000000001, ""sl_mult_sm"": 1.7000000000000002, ""sl_mult_sr"": 2.1, ""time_stop"": 8, ""tp_mult_lm"": 4.9, ""tp_mult_lr"": 13.0, ""tp_mult_sm"": 5.800000000000001, ""tp_mult_sr"": 6.5, ""trail_mult"": 3.2, ""trail_tp"": true, ""use_trailing"": false}",{},
132,-1000000000.0,TrialState.COMPLETE,2026-04-01T08:46:00.141483,2026-04-01T08:46:05.671526,5.530043,"{""atr_window"": 17, ""bb_std_dev"": 2.25, ""bb_window"": 16, ""cooldown"": 4, ""macd_fast"": 17, ""macd_k"": 1.9, ""macd_k_mid"": 0.7, ""macd_signal"": 6, ""macd_slow"": 37, ""macd_std_window"": 82, ""rebalance_freq"": 150, ""rebounce_block"": 3, ""sl_mult_lm"": 1.75, ""sl_mult_lr"": 4.9, ""sl_mult_sm"": 1.35, ""sl_mult_sr"": 3.0, ""time_stop"": 16, ""tp_mult_lm"": 5.0, ""tp_mult_lr"": 12.2, ""tp_mult_sm"": 6.800000000000001, ""tp_mult_sr"": 6.0, ""trail_mult"": 3.1, ""trail_tp"": true, ""use_trailing"": true}",{},
133,-1000000000.0,TrialState.COMPLETE,2026-04-01T08:46:05.726838,2026-04-01T08:46:05.766345,0.039507,"{""atr_window"": 20, ""bb_std_dev"": 2.4, ""bb_window"": 16, ""cooldown"": 2, ""macd_fast"": 18, ""macd_k"": 1.05, ""macd_k_mid"": 0.7, ""macd_signal"": 8, ""macd_slow"": 44, ""macd_std_window"": 78, ""rebalance_freq"": 30, ""rebounce_block"": 5, ""sl_mult_lm"": 1.35, ""sl_mult_lr"": 2.8, ""sl_mult_sm"": 1.65, ""sl_mult_sr"": 2.5, ""time_stop"": 20, ""tp_mult_lm"": 5.1, ""tp_mult_lr"": 9.4, ""tp_mult_sm"": 6.4, ""tp_mult_sr"": 5.800000000000001, ""trail_mult"": 1.8, ""trail_tp"": true, ""use_trailing"": false}",{},
2878,-1000000000.0,TrialState.COMPLETE,2026-04-01T08:45:59.946546,2026-04-01T08:46:05.762032,5.815486,"{""atr_window"": 18, ""bb_std_dev"": 2.45, ""bb_window"": 21, ""cooldown"": 2, ""macd_fast"": 15, ""macd_k"": 1.0, ""macd_k_mid"": 0.7, ""macd_signal"": 5, ""macd_slow"": 35, ""macd_std_window"": 90, ""rebalance_freq"": 90, ""rebounce_block"": 5, ""sl_mult_lm"": 1.1, ""sl_mult_lr"": 2.7, ""sl_mult_sm"": 1.5, ""sl_mult_sr"": 1.8, ""time_stop"": 27, ""tp_mult_lm"": 5.1, ""tp_mult_lr"": 11.0, ""tp_mult_sm"": 3.0, ""tp_mult_sr"": 5.2, ""trail_mult"": 3.4000000000000004, ""trail_tp"": false, ""use_trailing"": false}",{},
134,-1000000000.0,TrialState.COMPLETE,2026-04-01T08:46:05.811715,2026-04-01T08:46:10.869997,5.058282,"{""atr_window"": 12, ""bb_std_dev"": 2.15, ""bb_window"": 14, ""cooldown"": 0, ""macd_fast"": 16, ""macd_k"": 1.15, ""macd_k_mid"": 0.6, ""macd_signal"": 10, ""macd_slow"": 36, ""macd_std_window"": 91, ""rebalance_freq"": 90, ""rebounce_block"": 4, ""sl_mult_lm"": 2.1, ""sl_mult_lr"": 2.6, ""sl_mult_sm"": 1.75, ""sl_mult_sr"": 3.3, ""time_stop"": 0, ""tp_mult_lm"": 5.3, ""tp_mult_lr"": 8.0, ""tp_mult_sm"": 6.9, ""tp_mult_sr"": 6.2, ""trail_mult"": 2.2, ""trail_tp"": true, ""use_trailing"": true}",{},
135,-1000000000.0,TrialState.COMPLETE,2026-04-01T08:46:10.941355,2026-04-01T08:46:10.997879,0.056524,"{""atr_window"": 14, ""bb_std_dev"": 2.4, ""bb_window"": 15, ""cooldown"": 5, ""macd_fast"": 10, ""macd_k"": 1.25, ""macd_k_mid"": 0.7, ""macd_signal"": 8, ""macd_slow"": 42, ""macd_std_window"": 71, ""rebalance_freq"": 120, ""rebounce_block"": 6, ""sl_mult_lm"": 1.85, ""sl_mult_lr"": 3.2, ""sl_mult_sm"": 1.9500000000000002, ""sl_mult_sr"": 2.7, ""time_stop"": 24, ""tp_mult_lm"": 5.6, ""tp_mult_lr"": 13.8, ""tp_mult_sm"": 5.9, ""tp_mult_sr"": 3.0, ""trail_mult"": 3.0, ""trail_tp"": true, ""use_trailing"": false}",{},
2879,-1000000000.0,TrialState.COMPLETE,2026-04-01T08:46:05.827663,2026-04-01T08:46:10.998692,5.171029,"{""atr_window"": 18, ""bb_std_dev"": 2.4, ""bb_window"": 21, ""cooldown"": 2, ""macd_fast"": 15, ""macd_k"": 1.0, ""macd_k_mid"": 0.7, ""macd_signal"": 5, ""macd_slow"": 35, ""macd_std_window"": 89, ""rebalance_freq"": 90, ""rebounce_block"": 5, ""sl_mult_lm"": 1.1, ""sl_mult_lr"": 2.5, ""sl_mult_sm"": 1.4, ""sl_mult_sr"": 1.7, ""time_stop"": 26, ""tp_mult_lm"": 5.2, ""tp_mult_lr"": 10.4, ""tp_mult_sm"": 3.1, ""tp_mult_sr"": 5.4, ""trail_mult"": 3.5, ""trail_tp"": false, ""use_trailing"": false}",{},
136,-1000000000.0,TrialState.COMPLETE,2026-04-01T08:46:11.057556,2026-04-01T08:46:11.091977,0.034421,"{""atr_window"": 16, ""bb_std_dev"": 1.9, ""bb_window"": 14, ""cooldown"": 1, ""macd_fast"": 11, ""macd_k"": 1.1, ""macd_k_mid"": 0.65, ""macd_signal"": 5, ""macd_slow"": 38, ""macd_std_window"": 90, ""rebalance_freq"": 180, ""rebounce_block"": 3, ""sl_mult_lm"": 1.0, ""sl_mult_lr"": 2.3, ""sl_mult_sm"": 1.6, ""sl_mult_sr"": 1.8, ""time_stop"": 19, ""tp_mult_lm"": 5.5, ""tp_mult_lr"": 11.8, ""tp_mult_sm"": 3.6, ""tp_mult_sr"": 5.4, ""trail_mult"": 2.8, ""trail_tp"": false, ""use_trailing"": true}",{},
137,-1000000000.0,TrialState.COMPLETE,2026-04-01T08:46:11.140570,2026-04-01T08:46:14.785517,3.644947,"{""atr_window"": 13, ""bb_std_dev"": 2.2, ""bb_window"": 22, ""cooldown"": 3, ""macd_fast"": 16, ""macd_k"": 1.9500000000000002, ""macd_k_mid"": 0.75, ""macd_signal"": 6, ""macd_slow"": 35, ""macd_std_window"": 73, ""rebalance_freq"": 30, ""rebounce_block"": 4, ""sl_mult_lm"": 1.8, ""sl_mult_lr"": 3.5, ""sl_mult_sm"": 1.45, ""sl_mult_sr"": 3.2, ""time_stop"": 22, ""tp_mult_lm"": 5.1, ""tp_mult_lr"": 11.6, ""tp_mult_sm"": 3.2, ""tp_mult_sr"": 5.6, ""trail_mult"": 2.9000000000000004, ""trail_tp"": true, ""use_trailing"": true}",{},
138,-1000000000.0,TrialState.COMPLETE,2026-04-01T08:46:14.852438,2026-04-01T08:46:14.885366,0.032928,"{""atr_window"": 11, ""bb_std_dev"": 1.5999999999999999, ""bb_window"": 16, ""cooldown"": 2, ""macd_fast"": 15, ""macd_k"": 1.0, ""macd_k_mid"": 0.65, ""macd_signal"": 10, ""macd_slow"": 43, ""macd_std_window"": 87, ""rebalance_freq"": 150, ""rebounce_block"": 2, ""sl_mult_lm"": 1.05, ""sl_mult_lr"": 2.2, ""sl_mult_sm"": 1.9, ""sl_mult_sr"": 2.0, ""time_stop"": 18, ""tp_mult_lm"": 4.0, ""tp_mult_lr"": 11.2, ""tp_mult_sm"": 6.4, ""tp_mult_sr"": 3.2, ""trail_mult"": 3.3, ""trail_tp"": false, ""use_trailing"": false}",{},
2880,-1000000000.0,TrialState.COMPLETE,2026-04-01T08:46:11.110116,2026-04-01T08:46:14.854748,3.744632,"{""atr_window"": 18, ""bb_std_dev"": 2.45, ""bb_window"": 21, ""cooldown"": 2, ""macd_fast"": 15, ""macd_k"": 1.0, ""macd_k_mid"": 0.7, ""macd_signal"": 5, ""macd_slow"": 35, ""macd_std_window"": 90, ""rebalance_freq"": 90, ""rebounce_block"": 5, ""sl_mult_lm"": 1.05, ""sl_mult_lr"": 2.6, ""sl_mult_sm"": 1.45, ""sl_mult_sr"": 1.8, ""time_stop"": 27, ""tp_mult_lm"": 5.1, ""tp_mult_lr"": 10.8, ""tp_mult_sm"": 3.0, ""tp_mult_sr"": 5.300000000000001, ""trail_mult"": 3.4000000000000004, ""trail_tp"": false, ""use_trailing"": false}",{},
