number,value,datetime_start,datetime_complete,duration,params_atr_window,params_bb_std_dev,params_bb_window,params_cooldown,params_macd_fast,params_macd_k,params_macd_k_mid,params_macd_signal,params_macd_slow,params_macd_std_window,params_rebalance_freq,params_rebounce_block,params_sl_mult_lm,params_sl_mult_lr,params_sl_mult_sm,params_sl_mult_sr,params_time_stop,params_tp_mult_lm,params_tp_mult_lr,params_tp_mult_sm,params_tp_mult_sr,params_trail_mult,params_trail_tp,params_use_trailing,user_attrs_allocations,user_attrs_deploy_avg_sharpe,user_attrs_deploy_total_sharpe,user_attrs_deploy_year_sharpes,user_attrs_score,user_attrs_selected_tickers,user_attrs_train_avg_sharpe,user_attrs_train_year_sharpes,state
1072,-1000000000.0,2026-04-01 02:24:33.582843,2026-04-01 02:24:36.089008,0 days 00:00:02.506165,20,2.3,20,4,14,1.35,0.7,6,36,99,180,3,1.1,5.0,1.8,2.0,21,5.7,8.0,6.5,4.5,2.6,False,True,,,,,,,,,COMPLETE
1073,-1000000000.0,2026-04-01 02:24:36.123367,2026-04-01 02:24:38.664345,0 days 00:00:02.540978,14,1.5999999999999999,17,3,16,1.1,0.6,8,35,89,150,5,1.9500000000000002,2.4,1.9500000000000002,2.8,1,5.6,9.4,4.8,3.0,2.1,True,False,,,,,,,,,COMPLETE
1074,-1000000000.0,2026-04-01 02:24:38.698338,2026-04-01 02:26:17.583436,0 days 00:01:38.885098,16,1.95,25,5,18,1.15,0.9,10,39,92,90,4,1.5,2.3,1.25,3.1,24,4.5,8.8,6.4,4.7,3.2,False,True,,,,,,,,,COMPLETE
1075,-1000000000.0,2026-04-01 02:26:17.673081,2026-04-01 02:26:20.132152,0 days 00:00:02.459071,17,2.35,21,0,20,1.45,0.8,9,41,82,30,6,1.0,4.6,1.9,3.2,18,5.9,10.4,3.7,6.6,2.3,True,True,,,,,,,,,COMPLETE
1076,-1000000000.0,2026-04-01 02:26:20.171358,2026-04-01 02:26:20.221638,0 days 00:00:00.050280,16,1.7999999999999998,24,2,13,1.0,0.55,7,43,70,60,2,2.0,2.6,1.4,2.2,9,4.9,11.4,3.9,5.7,2.2,False,True,,,,,,,,,COMPLETE
1077,-1000000000.0,2026-04-01 02:26:20.255811,2026-04-01 02:26:20.314968,0 days 00:00:00.059157,15,2.2,18,1,10,1.4,0.8500000000000001,8,44,97,150,0,2.2,2.5,1.55,3.3,10,4.8,12.8,4.3,6.7,3.6,True,False,,,,,,,,,COMPLETE
1078,-1000000000.0,2026-04-01 02:26:20.349226,2026-04-01 02:26:20.395016,0 days 00:00:00.045790,19,2.45,14,3,15,1.05,0.6,8,42,88,180,3,2.05,3.7,1.6,1.5,16,4.4,16.200000000000003,6.300000000000001,5.5,1.8,False,True,,,,,,,,,COMPLETE
1079,-1000000000.0,2026-04-01 02:26:20.431403,2026-04-01 02:26:20.475073,0 days 00:00:00.043670,18,2.45,16,1,12,1.6,0.7,9,37,81,150,5,1.3,3.2,1.7000000000000002,1.6,22,5.1,12.0,6.0,5.9,3.8000000000000003,True,True,,,,,,,,,COMPLETE
1080,-1000000000.0,2026-04-01 02:26:20.512010,2026-04-01 02:26:20.557009,0 days 00:00:00.044999,20,2.15,15,0,14,1.2,0.55,9,40,90,120,4,1.8,2.0,1.75,2.9000000000000004,15,4.1,11.8,4.6,3.1,3.7,False,False,,,,,,,,,COMPLETE
1081,-1000000000.0,2026-04-01 02:26:20.592646,2026-04-01 02:26:20.650890,0 days 00:00:00.058244,14,2.35,19,2,17,1.25,0.75,10,44,80,90,1,1.35,4.800000000000001,1.8,2.6,20,5.2,12.600000000000001,5.5,6.2,3.5,True,True,,,,,,,,,COMPLETE
1082,-1000000000.0,2026-04-01 02:26:20.685164,2026-04-01 02:26:23.187897,0 days 00:00:02.502733,13,2.5,14,4,20,1.5,0.5,8,37,98,120,6,1.15,4.300000000000001,1.85,1.9,28,6.0,12.2,5.800000000000001,5.300000000000001,2.0,False,True,,,,,,,,,COMPLETE
1083,-1000000000.0,2026-04-01 02:26:23.274255,2026-04-01 02:26:34.922788,0 days 00:00:11.648533,15,2.15,22,1,16,1.3,0.65,7,36,100,30,5,1.2,2.3,1.5,2.1,5,5.800000000000001,14.4,3.3,4.2,3.2,True,True,,,,,,,,,COMPLETE
1084,-1000000000.0,2026-04-01 02:26:34.996103,2026-04-01 02:26:46.649277,0 days 00:00:11.653174,11,2.1,17,2,19,1.55,0.55,6,40,88,180,0,1.9,2.4,1.0,1.7,3,5.3,13.600000000000001,6.7,3.8,2.4,False,False,,,,,,,,,COMPLETE
1085,-1000000000.0,2026-04-01 02:26:46.741942,2026-04-01 02:26:46.960345,0 days 00:00:00.218403,14,2.25,23,5,14,1.1,0.7,10,41,92,150,6,1.05,3.3,1.45,1.5,19,5.4,10.6,6.2,6.5,2.9000000000000004,True,True,,,,,,,,,COMPLETE
1086,-1000000000.0,2026-04-01 02:26:47.043249,2026-04-01 02:26:47.234342,0 days 00:00:00.191093,20,2.4,14,0,13,2.0,0.6,5,38,72,150,3,2.1500000000000004,2.7,1.05,1.8,21,3.6,11.2,5.7,4.8,3.0,False,True,,,,,,,,,COMPLETE
1087,-1000000000.0,2026-04-01 02:26:47.321209,2026-04-01 02:26:47.534658,0 days 00:00:00.213449,17,2.0,16,3,11,1.9500000000000002,0.75,8,43,89,180,2,1.0,4.1,1.2,2.2,27,4.0,8.4,5.1,4.4,3.1,True,True,,,,,,,,,COMPLETE
1088,-1000000000.0,2026-04-01 02:26:47.618076,2026-04-01 02:26:47.826336,0 days 00:00:00.208260,16,2.2,21,4,15,1.05,0.5,9,39,95,90,4,2.1,4.2,1.9,2.0,7,5.0,10.0,3.5,5.6,3.3,False,False,,,,,,,,,COMPLETE
1089,-1000000000.0,2026-04-01 02:26:47.911507,2026-04-01 02:26:48.139356,0 days 00:00:00.227849,18,2.3,14,1,12,1.15,0.6,7,35,99,60,1,1.55,2.8,1.65,1.6,13,5.3,15.2,6.9,3.2,2.7,True,True,,,,,,,,,COMPLETE
1090,-1000000000.0,2026-04-01 02:26:48.222350,2026-04-01 02:26:48.429209,0 days 00:00:00.206859,12,2.05,18,2,17,1.45,0.8500000000000001,8,44,82,120,3,2.0,2.5,1.1,2.3,0,3.7,12.4,3.1,3.9,2.3,True,True,,,,,,,,,COMPLETE
1091,-1000000000.0,2026-04-01 02:26:48.505800,2026-04-01 02:27:00.488265,0 days 00:00:11.982465,16,1.95,15,1,20,1.7000000000000002,0.55,6,40,71,30,6,1.3,2.6,1.7000000000000002,2.1,26,5.9,10.8,4.4,6.800000000000001,2.8,False,True,,,,,,,,,COMPLETE
1092,-1000000000.0,2026-04-01 02:27:00.572920,2026-04-01 02:27:00.773179,0 days 00:00:00.200259,10,2.35,16,0,18,1.65,0.8,9,41,91,150,5,1.25,2.2,1.6,1.5,25,5.5,11.6,5.0,5.0,1.7,True,False,,,,,,,,,COMPLETE
1093,-1000000000.0,2026-04-01 02:27:00.867733,2026-04-01 02:27:01.127561,0 days 00:00:00.259828,14,1.5499999999999998,17,2,16,1.9,0.5,8,42,85,180,0,1.9500000000000002,2.4,1.75,2.5,1,5.6,13.0,4.2,5.800000000000001,2.2,False,True,,,,,,,,,COMPLETE
1094,-1000000000.0,2026-04-01 02:27:01.213293,2026-04-01 02:27:01.436822,0 days 00:00:00.223529,19,1.65,20,5,10,1.8,0.95,9,43,80,150,5,1.9,2.1,1.25,2.6,6,5.1,9.6,6.800000000000001,5.4,3.4000000000000004,True,True,,,,,,,,,COMPLETE
1095,-1000000000.0,2026-04-01 02:27:01.524157,2026-04-01 02:42:04.058484,0 days 00:15:02.534327,13,1.9,14,3,19,1.0,0.55,9,37,86,120,3,1.35,2.9,1.3,2.1,17,5.0,10.4,7.0,6.0,3.9000000000000004,False,False,,,,,,,,,COMPLETE
1096,-1000000000.0,2026-04-01 02:42:04.101886,2026-04-01 02:42:06.742840,0 days 00:00:02.640954,15,1.8499999999999999,19,0,14,1.5,0.7,10,35,83,90,2,2.1500000000000004,3.0,1.85,3.0,10,5.7,15.8,4.7,6.9,2.0,True,True,,,,,,,,,COMPLETE
1097,-1000000000.0,2026-04-01 02:42:06.777770,2026-04-01 02:42:06.823313,0 days 00:00:00.045543,20,1.75,24,4,12,1.25,0.9,7,43,87,150,5,1.2,2.5,1.5,1.9,4,3.8,14.600000000000001,6.6,6.4,3.3,False,True,,,,,,,,,COMPLETE
1098,-1000000000.0,2026-04-01 02:42:06.856935,2026-04-01 02:42:06.901912,0 days 00:00:00.044977,18,1.45,16,1,15,1.65,0.65,8,38,70,180,6,1.85,3.1,1.9500000000000002,2.7,22,6.0,13.2,3.4,3.1,2.1,True,True,,,,,,,,,COMPLETE
1099,-1000000000.0,2026-04-01 02:42:06.935243,2026-04-01 02:42:07.000278,0 days 00:00:00.065035,17,2.5,15,2,11,1.1,0.6,8,36,75,180,4,1.75,4.5,1.8,1.8,9,4.2,12.0,4.5,3.7,4.0,False,False,,,,,,,,,COMPLETE
1100,-1000000000.0,2026-04-01 02:42:07.058998,2026-04-01 02:42:09.587346,0 days 00:00:02.528348,12,1.7,17,1,17,1.85,0.55,9,39,96,150,4,1.3,3.4000000000000004,1.7000000000000002,1.6,29,4.6,8.2,5.6,4.6,3.7,True,True,,,,,,,,,COMPLETE
1101,-1000000000.0,2026-04-01 02:42:09.623471,2026-04-01 02:42:09.670243,0 days 00:00:00.046772,14,1.4,22,4,13,1.05,0.7,7,40,74,30,0,1.7000000000000002,4.2,1.55,1.5,8,5.2,9.2,6.1,4.0,1.9,False,True,,,,,,,,,COMPLETE
1102,-1000000000.0,2026-04-01 02:42:09.704856,2026-04-01 02:42:09.749183,0 days 00:00:00.044327,19,1.7999999999999998,14,1,12,1.55,1.0,6,44,73,120,5,2.05,2.3,1.0,2.3,12,3.9,10.2,3.6,4.5,3.0,True,True,,,,,,,,,COMPLETE
1103,-1000000000.0,2026-04-01 02:42:09.783007,2026-04-01 02:42:09.824783,0 days 00:00:00.041776,16,2.2,14,3,14,1.15,0.6,10,42,93,90,2,1.45,2.1,2.0,2.0,18,5.3,12.2,3.7,3.5,3.1,False,False,,,,,,,,,COMPLETE
1104,-1000000000.0,2026-04-01 02:42:09.861090,2026-04-01 02:42:12.465551,0 days 00:00:02.604461,15,2.05,21,0,20,1.35,0.5,8,37,90,150,5,1.0,4.4,1.35,1.7,20,4.7,9.8,5.4,4.9,1.6,True,True,,,,,,,,,COMPLETE
1105,-1000000000.0,2026-04-01 02:42:12.497614,2026-04-01 02:42:12.543580,0 days 00:00:00.045966,13,1.5,20,2,15,1.4,0.65,9,41,79,180,3,1.65,3.5,1.4,2.2,16,5.4,14.2,4.9,4.1,1.5,False,True,,,,,,,,,COMPLETE
1106,-1000000000.0,2026-04-01 02:42:12.576211,2026-04-01 02:42:12.633837,0 days 00:00:00.057626,20,1.75,15,5,10,1.6,0.55,7,44,100,30,6,2.2,2.0,1.65,1.5,23,4.2,13.4,6.4,5.2,3.2,True,False,,,,,,,,,COMPLETE
1107,-1000000000.0,2026-04-01 02:42:12.674267,2026-04-01 02:42:12.726626,0 days 00:00:00.052359,16,2.25,23,2,18,1.2,0.55,8,43,97,150,0,1.8,2.2,1.9,1.9,20,5.5,8.6,4.3,3.0,3.8000000000000003,False,True,,,,,,,,,COMPLETE
1108,-1000000000.0,2026-04-01 02:42:12.763650,2026-04-01 02:42:12.812789,0 days 00:00:00.049139,15,2.4,25,4,12,1.0,0.75,6,39,71,120,6,1.4,2.4,1.15,2.9000000000000004,15,4.9,11.0,3.3,6.1,3.6,True,True,,,,,,,,,COMPLETE
1109,-1000000000.0,2026-04-01 02:42:12.841697,2026-04-01 02:42:15.444741,0 days 00:00:02.603044,18,1.8499999999999999,14,1,19,1.15,0.5,10,40,89,150,2,1.25,3.8,1.3,2.1,19,5.6,11.8,3.0,5.6,2.5,False,True,,,,,,,,,COMPLETE
1110,-1000000000.0,2026-04-01 02:42:15.478292,2026-04-01 02:42:17.921068,0 days 00:00:02.442776,11,2.0,17,0,16,1.1,0.6,5,35,81,60,1,1.5,2.8,1.9500000000000002,1.6,30,5.7,11.4,4.6,5.1,1.8,True,False,,,,,,,,,COMPLETE
1111,-1000000000.0,2026-04-01 02:42:17.960250,2026-04-01 02:42:18.009175,0 days 00:00:00.048925,14,2.3,18,1,14,1.05,0.55,9,44,72,180,3,1.9500000000000002,4.7,1.75,2.4,13,3.9,13.8,6.300000000000001,6.300000000000001,2.1,False,True,,,,,,,,,COMPLETE
1112,-1000000000.0,2026-04-01 02:42:18.042771,2026-04-01 02:42:18.086875,0 days 00:00:00.044104,10,2.15,16,3,13,1.3,0.8,8,36,88,120,5,2.0,2.7,1.8,2.2,14,4.8,12.600000000000001,6.0,6.0,3.1,True,True,,,,,,,,,COMPLETE
1113,-1000000000.0,2026-04-01 02:42:18.127713,2026-04-01 02:42:18.172502,0 days 00:00:00.044789,17,2.45,15,2,11,1.75,0.7,7,42,70,90,5,1.1,2.3,1.85,3.3,6,4.3,12.4,6.2,4.3,2.2,False,True,,,,,,,,,COMPLETE
1114,-1000000000.0,2026-04-01 02:42:18.205265,2026-04-01 02:42:18.249431,0 days 00:00:00.044166,15,1.5999999999999999,14,1,15,1.45,0.8500000000000001,9,38,84,180,4,1.35,3.2,1.55,1.7,11,5.0,11.8,6.9,5.7,2.1,True,False,,,,,,,,,COMPLETE
1115,-1000000000.0,2026-04-01 02:42:18.282695,2026-04-01 02:42:18.337126,0 days 00:00:00.054431,20,2.4,15,0,20,1.5,0.55,8,43,90,150,3,1.15,4.300000000000001,1.6,2.0,21,4.1,12.8,3.5,3.9,1.6,False,True,,,,,,,,,COMPLETE
1116,-1000000000.0,2026-04-01 02:42:18.375890,2026-04-01 02:42:18.424819,0 days 00:00:00.048929,18,2.2,24,5,14,1.65,0.65,9,41,98,30,0,1.6,2.5,1.45,3.2,24,5.1,10.0,5.7,5.800000000000001,2.7,True,True,,,,,,,,,COMPLETE
1117,-1000000000.0,2026-04-01 02:42:18.462036,2026-04-01 02:42:20.929005,0 days 00:00:02.466969,13,2.1,16,4,17,1.4,0.95,8,37,94,90,5,1.85,2.4,1.2,2.8,0,3.5,14.8,3.8,3.6,2.6,False,True,,,,,,,,,COMPLETE
1118,-1000000000.0,2026-04-01 02:42:20.963732,2026-04-01 02:42:21.008001,0 days 00:00:00.044269,16,2.5,17,1,13,1.2,0.6,7,40,91,150,1,1.3,2.9,1.7000000000000002,3.1,3,5.4,12.0,6.5,3.7,2.0,True,False,,,,,,,,,COMPLETE
1119,-1000000000.0,2026-04-01 02:42:21.052733,2026-04-01 02:42:23.552254,0 days 00:00:02.499521,19,2.25,14,2,20,1.15,0.5,10,37,87,60,6,1.05,3.0,1.25,3.4000000000000004,8,5.2,11.6,3.9,4.7,2.3,True,True,,,,,,,,,COMPLETE
1120,-1000000000.0,2026-04-01 02:42:23.579837,2026-04-01 02:42:23.619687,0 days 00:00:00.039850,17,2.35,22,3,12,1.0,1.0,9,42,78,120,2,1.75,4.1,1.65,1.9,7,3.6,15.0,6.7,3.0,2.9000000000000004,False,True,,,,,,,,,COMPLETE
1121,-1000000000.0,2026-04-01 02:42:23.647207,2026-04-01 02:42:23.688338,0 days 00:00:00.041131,12,1.65,19,1,12,1.55,0.7,6,35,76,180,0,2.1500000000000004,2.6,1.1,1.8,27,5.800000000000001,9.6,5.2,3.8,3.2,True,False,,,,,,,,,COMPLETE
1122,-1000000000.0,2026-04-01 02:42:23.722251,2026-04-01 02:42:23.776289,0 days 00:00:00.054038,14,1.7999999999999998,20,0,10,1.1,0.55,8,39,86,150,6,1.2,2.1,1.5,2.4,16,5.3,9.4,3.1,5.9,2.2,False,True,,,,,,,,,COMPLETE
1123,-1000000000.0,2026-04-01 02:42:23.809252,2026-04-01 02:42:23.863773,0 days 00:00:00.054521,20,2.05,14,4,14,1.7000000000000002,0.5,9,44,82,150,4,1.0,2.3,1.75,2.1,12,5.5,13.0,3.6,4.2,3.7,True,True,,,,,,,,,COMPLETE
1124,-1000000000.0,2026-04-01 02:42:23.897405,2026-04-01 02:42:26.411657,0 days 00:00:02.514252,18,1.7,17,3,18,1.05,0.75,7,36,99,30,5,1.55,2.5,1.05,1.6,17,5.9,17.0,4.8,7.0,3.0,False,True,,,,,,,,,COMPLETE
1125,-1000000000.0,2026-04-01 02:42:26.446411,2026-04-01 02:42:26.494663,0 days 00:00:00.048252,16,2.5,21,2,16,1.15,0.6,10,43,85,120,3,1.35,2.0,1.9,1.5,22,3.7,11.2,4.4,4.4,4.0,True,False,,,,,,,,,COMPLETE
1126,-1000000000.0,2026-04-01 02:42:26.529133,2026-04-01 02:42:26.586721,0 days 00:00:00.057588,14,2.3,15,5,19,1.6,0.9,8,43,89,90,6,1.4,2.2,1.85,2.5,11,6.0,8.0,5.5,4.0,3.2,False,True,,,,,,,,,COMPLETE
1127,-1000000000.0,2026-04-01 02:42:26.620680,2026-04-01 02:42:26.666544,0 days 00:00:00.045864,14,2.45,16,1,17,1.35,0.7,6,41,70,150,2,1.9,2.4,1.55,1.7,25,5.1,15.4,3.2,6.2,2.3,True,True,,,,,,,,,COMPLETE
1128,-1000000000.0,2026-04-01 02:42:26.700010,2026-04-01 02:42:26.744625,0 days 00:00:00.044615,15,1.9,14,0,11,1.25,0.6,9,38,81,180,5,2.0,2.9,1.8,1.6,2,4.0,9.0,5.4,6.4,1.8,False,True,,,,,,,,,COMPLETE
1129,-1000000000.0,2026-04-01 02:42:26.776868,2026-04-01 02:42:26.822167,0 days 00:00:00.045299,11,1.75,18,1,15,1.5,0.55,5,40,100,150,3,2.1,3.6,1.7000000000000002,2.6,15,5.7,12.2,5.0,4.6,3.5,True,False,,,,,,,,,COMPLETE
1130,-1000000000.0,2026-04-01 02:42:26.866539,2026-04-01 02:42:26.914531,0 days 00:00:00.047992,19,2.4,23,2,12,1.2,0.8500000000000001,8,42,83,180,1,2.05,4.9,2.0,1.8,18,5.4,10.2,6.1,3.3,3.6,False,True,,,,,,,,,COMPLETE
1131,-1000000000.0,2026-04-01 02:42:26.952821,2026-04-01 02:42:27.003289,0 days 00:00:00.050468,16,2.15,16,4,13,1.9500000000000002,0.65,7,44,92,120,4,1.25,2.5,1.9500000000000002,2.7,21,4.4,10.6,7.0,6.6,2.8,True,True,,,,,,,,,COMPLETE
1132,-1000000000.0,2026-04-01 02:42:27.037766,2026-04-01 02:42:27.083626,0 days 00:00:00.045860,20,2.05,14,3,14,1.6,0.55,8,37,84,30,6,1.1,2.6,1.65,2.0,17,5.6,13.600000000000001,5.9,5.5,3.3,False,True,,,,,,,,,COMPLETE
1133,-1000000000.0,2026-04-01 02:42:27.118450,2026-04-01 02:42:29.540421,0 days 00:00:02.421971,18,2.35,20,2,20,1.0,0.8,10,41,88,90,0,1.9500000000000002,2.3,1.8,3.2,29,5.2,9.8,4.5,4.8,1.9,True,False,,,,,,,,,COMPLETE
1134,-1000000000.0,2026-04-01 02:42:29.573201,2026-04-01 02:42:29.620256,0 days 00:00:00.047055,19,2.0,15,1,10,1.55,0.95,9,39,98,180,5,1.05,2.2,1.0,2.3,28,5.3,11.8,5.800000000000001,5.7,2.2,False,True,,,,,,,,,COMPLETE
1135,-1000000000.0,2026-04-01 02:42:29.665540,2026-04-01 02:42:29.723343,0 days 00:00:00.057803,13,2.5,14,2,16,1.3,0.5,7,40,93,150,2,1.35,4.800000000000001,1.6,2.1,13,4.5,16.8,3.4,3.1,3.8000000000000003,True,True,,,,,,,,,COMPLETE
1136,-1000000000.0,2026-04-01 02:42:29.758163,2026-04-01 02:42:32.356631,0 days 00:00:02.598468,17,1.5,15,0,14,1.4,0.65,8,35,82,120,3,1.7000000000000002,2.4,1.5,1.5,5,4.9,10.8,6.800000000000001,4.5,3.9000000000000004,False,False,,,,,,,,,COMPLETE
1137,-1000000000.0,2026-04-01 02:42:32.389294,2026-04-01 02:42:34.810580,0 days 00:00:02.421286,14,1.95,25,4,15,2.0,0.6,9,36,91,60,5,1.2,4.0,1.75,1.9,19,5.0,16.0,4.9,5.0,3.1,True,True,,,,,,,,,COMPLETE
1138,-1000000000.0,2026-04-01 02:42:34.837644,2026-04-01 02:42:34.894889,0 days 00:00:00.057245,15,2.1,21,5,18,1.8,0.55,8,43,87,150,4,1.45,2.8,1.05,2.2,9,5.6,12.8,4.7,6.1,2.4,False,True,,,,,,,,,COMPLETE
1139,-1000000000.0,2026-04-01 02:42:34.927809,2026-04-01 02:42:34.970886,0 days 00:00:00.043077,12,1.5999999999999999,14,1,13,1.05,0.7,9,44,71,30,0,1.9500000000000002,2.3,1.55,1.5,1,4.7,13.2,4.1,6.300000000000001,2.1,True,True,,,,,,,,,COMPLETE
1140,-1000000000.0,2026-04-01 02:42:35.008455,2026-04-01 02:42:37.508266,0 days 00:00:02.499811,20,2.45,19,0,20,1.45,0.55,7,41,79,150,6,1.0,3.0,1.25,2.4,14,5.1,14.0,6.300000000000001,3.9,2.6,False,False,,,,,,,,,COMPLETE
1141,-1000000000.0,2026-04-01 02:42:37.535888,2026-04-01 02:42:37.576907,0 days 00:00:00.041019,17,2.2,16,3,12,1.9,0.5,6,40,77,180,3,1.15,3.1,1.1,1.8,19,5.5,12.0,6.4,3.8,1.7,True,True,,,,,,,,,COMPLETE
1142,-1000000000.0,2026-04-01 02:42:37.610954,2026-04-01 02:42:37.658453,0 days 00:00:00.047499,16,1.7,17,1,15,1.1,0.7,10,43,99,90,5,1.85,2.7,1.85,2.5,9,5.800000000000001,11.0,3.5,3.2,2.0,False,True,,,,,,,,,COMPLETE
1143,-1000000000.0,2026-04-01 02:42:37.693192,2026-04-01 02:42:37.741090,0 days 00:00:00.047898,10,1.5499999999999998,18,2,11,1.75,0.75,9,42,97,60,4,1.3,2.5,1.9,2.0,4,6.0,11.4,3.0,4.1,2.7,True,True,,,,,,,,,COMPLETE
1144,-1000000000.0,2026-04-01 02:42:37.778193,2026-04-01 02:42:37.837644,0 days 00:00:00.059451,15,2.35,22,1,10,1.65,0.6,8,38,95,150,6,1.9,3.9000000000000004,1.65,1.6,20,4.3,9.8,5.1,5.800000000000001,3.7,False,False,,,,,,,,,COMPLETE
1145,-1000000000.0,2026-04-01 02:42:37.873945,2026-04-01 02:42:40.419485,0 days 00:00:02.545540,18,1.8499999999999999,14,3,19,1.7000000000000002,0.9,8,37,89,120,0,1.8,2.2,1.45,1.5,16,3.8,12.4,4.2,4.9,3.1,True,True,,,,,,,,,COMPLETE
1146,-1000000000.0,2026-04-01 02:42:40.454621,2026-04-01 02:42:42.984119,0 days 00:00:02.529498,11,2.25,17,4,17,1.85,0.6,6,39,80,180,5,1.4,3.4000000000000004,1.7000000000000002,1.7,10,4.6,14.4,5.6,4.7,1.9,True,True,,,,,,,,,COMPLETE
1147,-1000000000.0,2026-04-01 02:42:43.018226,2026-04-01 02:42:45.575105,0 days 00:00:02.556879,14,1.7999999999999998,15,0,14,1.0,0.65,5,35,73,150,1,2.0,2.1,1.35,3.0,24,4.8,8.4,4.4,5.4,3.2,False,True,,,,,,,,,COMPLETE
1148,-1000000000.0,2026-04-01 02:42:45.602359,2026-04-01 02:42:45.643459,0 days 00:00:00.041100,16,1.75,24,2,12,1.15,0.55,9,40,75,30,3,1.55,2.4,1.3,2.1,15,5.3,14.2,3.7,5.9,3.0,True,False,,,,,,,,,COMPLETE
1149,-1000000000.0,2026-04-01 02:42:45.682344,2026-04-01 02:42:45.727349,0 days 00:00:00.045005,13,2.3,14,1,20,1.5,0.55,7,44,90,90,2,1.6,4.5,1.6,2.2,26,4.1,11.6,3.8,3.1,2.9000000000000004,False,True,,,,,,,,,COMPLETE
1150,-1000000000.0,2026-04-01 02:42:45.759458,2026-04-01 02:42:45.815336,0 days 00:00:00.055878,20,2.0,21,4,16,1.35,1.0,10,43,96,120,5,1.25,3.3,1.2,2.9000000000000004,22,5.0,12.2,3.1,3.4,1.5,True,True,,,,,,,,,COMPLETE
1151,-1000000000.0,2026-04-01 02:42:45.848956,2026-04-01 02:42:45.898780,0 days 00:00:00.049824,14,1.65,20,5,18,1.45,0.5,8,41,92,180,6,1.3,2.0,1.4,1.9,14,5.5,10.4,6.9,3.6,2.1,False,False,,,,,,,,,COMPLETE
1152,-1000000000.0,2026-04-01 02:42:45.933070,2026-04-01 02:42:48.452693,0 days 00:00:02.519623,19,2.15,16,1,13,1.1,0.6,9,35,88,150,4,2.1,4.2,1.8,1.8,21,5.2,12.600000000000001,5.300000000000001,4.3,3.4000000000000004,True,True,,,,,,,,,COMPLETE
1153,-1000000000.0,2026-04-01 02:42:48.479530,2026-04-01 02:42:51.006273,0 days 00:00:02.526743,15,2.5,14,2,14,1.55,0.8500000000000001,6,36,70,150,1,1.65,5.0,1.75,1.5,0,5.4,9.4,4.0,6.7,2.8,False,True,,,,,,,,,COMPLETE
1154,-1000000000.0,2026-04-01 02:42:51.041191,2026-04-01 02:42:51.089262,0 days 00:00:00.048071,16,2.45,15,0,11,1.05,0.8,7,44,86,120,3,1.2,2.6,1.15,2.3,8,5.6,10.2,6.6,6.2,2.2,True,True,,,,,,,,,COMPLETE
1155,-1000000000.0,2026-04-01 02:42:51.129567,2026-04-01 02:42:51.174145,0 days 00:00:00.044578,20,2.2,17,3,12,1.3,0.95,8,39,81,150,5,1.9500000000000002,2.7,1.9500000000000002,2.1,23,5.9,15.8,3.4,5.300000000000001,2.0,False,False,,,,,,,,,COMPLETE
1156,-1000000000.0,2026-04-01 02:42:51.210821,2026-04-01 02:42:53.738802,0 days 00:00:02.527981,17,2.05,23,1,15,1.65,0.7,9,37,94,30,2,1.75,2.9,1.85,1.7,30,3.6,8.8,7.0,3.0,3.2,True,True,,,,,,,,,COMPLETE
1157,-1000000000.0,2026-04-01 02:42:53.765941,2026-04-01 02:57:54.720205,0 days 00:15:00.954264,18,1.95,16,4,19,1.25,0.5,8,40,99,180,0,1.0,4.6,1.7000000000000002,1.6,17,4.2,13.4,4.3,3.7,2.6,False,True,,,,,,,,,COMPLETE
1158,-1000000000.0,2026-04-01 02:57:54.760070,2026-04-01 02:57:54.806827,0 days 00:00:00.046757,18,2.4,14,2,11,1.2,0.55,9,38,85,90,6,1.25,2.3,1.6,2.0,29,5.7,12.0,6.2,5.1,2.5,True,True,,,,,,,,,COMPLETE
1159,-1000000000.0,2026-04-01 02:57:54.843647,2026-04-01 02:57:54.890888,0 days 00:00:00.047241,13,1.4,25,0,14,1.5,0.65,10,41,74,120,4,1.9,2.4,1.55,3.3,7,4.0,9.6,3.6,5.6,2.3,False,False,,,,,,,,,COMPLETE
1160,-1000000000.0,2026-04-01 02:57:54.924539,2026-04-01 02:57:54.982018,0 days 00:00:00.057479,14,2.25,18,5,17,1.15,0.5,8,43,90,180,5,2.2,3.1,1.0,2.2,6,3.7,16.6,4.6,4.0,3.8000000000000003,True,True,,,,,,,,,COMPLETE
1161,-1000000000.0,2026-04-01 02:57:55.019905,2026-04-01 02:57:55.072534,0 days 00:00:00.052629,16,1.5999999999999999,22,2,16,1.1,0.6,7,42,72,90,3,1.35,2.5,1.65,1.5,13,4.9,10.0,5.9,6.5,3.5,False,True,,,,,,,,,COMPLETE
1162,-1000000000.0,2026-04-01 02:57:55.110941,2026-04-01 02:57:55.159521,0 days 00:00:00.048580,11,1.9,20,0,10,1.6,0.55,9,36,100,60,2,1.15,2.1,1.5,1.9,25,5.1,11.2,6.5,3.9,1.6,True,True,,,,,,,,,COMPLETE
1163,-1000000000.0,2026-04-01 02:57:55.196431,2026-04-01 02:57:55.246421,0 days 00:00:00.049990,12,1.45,15,3,15,1.0,0.7,10,43,91,150,0,1.05,3.7,1.8,2.8,20,5.4,16.200000000000003,4.5,4.4,2.1,False,False,,,,,,,,,COMPLETE
1164,-1000000000.0,2026-04-01 02:57:55.283065,2026-04-01 02:57:57.802599,0 days 00:00:02.519534,15,1.75,14,1,20,1.2,0.55,8,37,76,150,6,1.85,2.6,1.4,3.5,18,6.0,11.8,6.300000000000001,4.8,2.2,True,True,,,,,,,,,COMPLETE
1165,-1000000000.0,2026-04-01 02:57:57.840108,2026-04-01 02:57:57.888674,0 days 00:00:00.048566,20,2.35,19,4,12,1.35,0.75,6,44,87,30,4,1.4,2.4,1.75,1.6,1,4.4,15.2,5.2,5.7,3.3,False,True,,,,,,,,,COMPLETE
1166,-1000000000.0,2026-04-01 02:57:57.921854,2026-04-01 02:58:00.449160,0 days 00:00:02.527306,19,1.7,17,1,18,1.05,0.6,5,40,80,180,5,1.5,3.8,2.0,3.1,2,5.800000000000001,12.4,6.1,4.6,3.6,True,False,,,,,,,,,COMPLETE
1167,-1000000000.0,2026-04-01 02:58:00.483795,2026-04-01 02:58:00.530694,0 days 00:00:00.046899,16,2.3,16,2,13,1.45,0.55,7,43,88,150,3,2.05,2.8,1.05,1.8,28,4.5,14.600000000000001,6.7,5.9,3.1,False,True,,,,,,,,,COMPLETE
1168,-1000000000.0,2026-04-01 02:58:00.566019,2026-04-01 02:58:03.024650,0 days 00:00:02.458631,17,2.1,14,4,20,1.15,0.8500000000000001,9,41,89,120,5,1.8,4.2,1.2,2.6,21,3.5,8.2,3.2,5.2,3.7,True,True,,,,,,,,,COMPLETE
