number,value,state,datetime_start,datetime_complete,duration_seconds,params_json,fold_sharpes_json,avg_cv_sharpe
934,-1000000000.0,TrialState.COMPLETE,2026-04-01T02:22:53.089091,2026-04-01T02:22:55.510894,2.421803,"{""atr_window"": 20, ""bb_std_dev"": 1.8499999999999999, ""bb_window"": 14, ""cooldown"": 3, ""macd_fast"": 16, ""macd_k"": 1.65, ""macd_k_mid"": 0.8500000000000001, ""macd_signal"": 7, ""macd_slow"": 35, ""macd_std_window"": 81, ""rebalance_freq"": 90, ""rebounce_block"": 0, ""sl_mult_lm"": 1.2, ""sl_mult_lr"": 2.1, ""sl_mult_sm"": 1.7000000000000002, ""sl_mult_sr"": 1.7, ""time_stop"": 25, ""tp_mult_lm"": 5.4, ""tp_mult_lr"": 16.8, ""tp_mult_sm"": 4.0, ""tp_mult_sr"": 5.2, ""trail_mult"": 3.6, ""trail_tp"": true, ""use_trailing"": true}",{},
935,-1000000000.0,TrialState.COMPLETE,2026-04-01T02:22:55.546782,2026-04-01T02:22:58.065979,2.519197,"{""atr_window"": 17, ""bb_std_dev"": 1.75, ""bb_window"": 17, ""cooldown"": 4, ""macd_fast"": 17, ""macd_k"": 1.4, ""macd_k_mid"": 0.55, ""macd_signal"": 8, ""macd_slow"": 37, ""macd_std_window"": 80, ""rebalance_freq"": 150, ""rebounce_block"": 5, ""sl_mult_lm"": 1.0, ""sl_mult_lr"": 2.3, ""sl_mult_sm"": 1.2, ""sl_mult_sr"": 2.3, ""time_stop"": 17, ""tp_mult_lm"": 4.6, ""tp_mult_lr"": 9.8, ""tp_mult_sm"": 3.1, ""tp_mult_sr"": 4.3, ""trail_mult"": 2.4, ""trail_tp"": false, ""use_trailing"": false}",{},
936,-1000000000.0,TrialState.COMPLETE,2026-04-01T02:22:58.092750,2026-04-01T02:22:58.132604,0.039854,"{""atr_window"": 12, ""bb_std_dev"": 2.5, ""bb_window"": 14, ""cooldown"": 5, ""macd_fast"": 11, ""macd_k"": 1.0, ""macd_k_mid"": 0.55, ""macd_signal"": 9, ""macd_slow"": 43, ""macd_std_window"": 89, ""rebalance_freq"": 180, ""rebounce_block"": 3, ""sl_mult_lm"": 1.75, ""sl_mult_lr"": 2.9, ""sl_mult_sm"": 1.35, ""sl_mult_sr"": 2.1, ""time_stop"": 12, ""tp_mult_lm"": 4.1, ""tp_mult_lr"": 11.6, ""tp_mult_sm"": 3.2, ""tp_mult_sr"": 4.8, ""trail_mult"": 3.2, ""trail_tp"": true, ""use_trailing"": true}",{},
937,-1000000000.0,TrialState.COMPLETE,2026-04-01T02:22:58.166525,2026-04-01T02:22:58.206106,0.039581,"{""atr_window"": 14, ""bb_std_dev"": 1.9, ""bb_window"": 23, ""cooldown"": 2, ""macd_fast"": 14, ""macd_k"": 1.55, ""macd_k_mid"": 0.6, ""macd_signal"": 8, ""macd_slow"": 39, ""macd_std_window"": 78, ""rebalance_freq"": 120, ""rebounce_block"": 1, ""sl_mult_lm"": 1.4, ""sl_mult_lr"": 2.5, ""sl_mult_sm"": 1.9500000000000002, ""sl_mult_sr"": 3.2, ""time_stop"": 8, ""tp_mult_lm"": 5.0, ""tp_mult_lr"": 8.0, ""tp_mult_sm"": 4.5, ""tp_mult_sr"": 4.5, ""trail_mult"": 2.2, ""trail_tp"": false, ""use_trailing"": true}",{},
938,-1000000000.0,TrialState.COMPLETE,2026-04-01T02:22:58.239558,2026-04-01T02:22:58.279374,0.039816,"{""atr_window"": 11, ""bb_std_dev"": 2.3, ""bb_window"": 19, ""cooldown"": 0, ""macd_fast"": 14, ""macd_k"": 1.1, ""macd_k_mid"": 0.75, ""macd_signal"": 10, ""macd_slow"": 41, ""macd_std_window"": 71, ""rebalance_freq"": 180, ""rebounce_block"": 6, ""sl_mult_lm"": 1.3, ""sl_mult_lr"": 2.4, ""sl_mult_sm"": 1.15, ""sl_mult_sr"": 2.9000000000000004, ""time_stop"": 18, ""tp_mult_lm"": 5.3, ""tp_mult_lr"": 11.0, ""tp_mult_sm"": 3.5, ""tp_mult_sr"": 5.9, ""trail_mult"": 2.1, ""trail_tp"": true, ""use_trailing"": false}",{},
939,-1000000000.0,TrialState.COMPLETE,2026-04-01T02:22:58.319977,2026-04-01T02:23:00.939094,2.619117,"{""atr_window"": 13, ""bb_std_dev"": 2.25, ""bb_window"": 16, ""cooldown"": 2, ""macd_fast"": 18, ""macd_k"": 1.9500000000000002, ""macd_k_mid"": 0.7, ""macd_signal"": 9, ""macd_slow"": 40, ""macd_std_window"": 87, ""rebalance_freq"": 150, ""rebounce_block"": 4, ""sl_mult_lm"": 1.1, ""sl_mult_lr"": 2.8, ""sl_mult_sm"": 1.8, ""sl_mult_sr"": 2.2, ""time_stop"": 1, ""tp_mult_lm"": 3.5, ""tp_mult_lr"": 10.0, ""tp_mult_sm"": 5.5, ""tp_mult_sr"": 5.0, ""trail_mult"": 3.0, ""trail_tp"": false, ""use_trailing"": true}",{},
940,-1000000000.0,TrialState.COMPLETE,2026-04-01T02:23:00.971693,2026-04-01T02:23:01.014253,0.04256,"{""atr_window"": 16, ""bb_std_dev"": 2.1, ""bb_window"": 14, ""cooldown"": 1, ""macd_fast"": 12, ""macd_k"": 1.15, ""macd_k_mid"": 0.5, ""macd_signal"": 8, ""macd_slow"": 43, ""macd_std_window"": 76, ""rebalance_freq"": 30, ""rebounce_block"": 0, ""sl_mult_lm"": 1.2, ""sl_mult_lr"": 5.0, ""sl_mult_sm"": 1.65, ""sl_mult_sr"": 3.3, ""time_stop"": 9, ""tp_mult_lm"": 4.9, ""tp_mult_lr"": 10.6, ""tp_mult_sm"": 3.9, ""tp_mult_sr"": 5.5, ""trail_mult"": 2.3, ""trail_tp"": true, ""use_trailing"": true}",{},
941,-1000000000.0,TrialState.COMPLETE,2026-04-01T02:23:01.047406,2026-04-01T02:23:01.088356,0.04095,"{""atr_window"": 19, ""bb_std_dev"": 1.5999999999999999, ""bb_window"": 15, ""cooldown"": 1, ""macd_fast"": 13, ""macd_k"": 1.6, ""macd_k_mid"": 0.95, ""macd_signal"": 7, ""macd_slow"": 40, ""macd_std_window"": 84, ""rebalance_freq"": 60, ""rebounce_block"": 2, ""sl_mult_lm"": 1.5, ""sl_mult_lr"": 2.1, ""sl_mult_sm"": 1.45, ""sl_mult_sr"": 3.4000000000000004, ""time_stop"": 16, ""tp_mult_lm"": 4.7, ""tp_mult_lr"": 11.8, ""tp_mult_sm"": 6.1, ""tp_mult_sr"": 3.7, ""trail_mult"": 1.8, ""trail_tp"": false, ""use_trailing"": true}",{},
942,-1000000000.0,TrialState.COMPLETE,2026-04-01T02:23:01.129461,2026-04-01T02:23:01.175066,0.045605,"{""atr_window"": 15, ""bb_std_dev"": 2.35, ""bb_window"": 24, ""cooldown"": 3, ""macd_fast"": 10, ""macd_k"": 2.0, ""macd_k_mid"": 0.55, ""macd_signal"": 6, ""macd_slow"": 42, ""macd_std_window"": 98, ""rebalance_freq"": 120, ""rebounce_block"": 6, ""sl_mult_lm"": 2.1, ""sl_mult_lr"": 3.0, ""sl_mult_sm"": 1.55, ""sl_mult_sr"": 1.8, ""time_stop"": 20, ""tp_mult_lm"": 6.0, ""tp_mult_lr"": 9.6, ""tp_mult_sm"": 6.0, ""tp_mult_sr"": 3.8, ""trail_mult"": 3.1, ""trail_tp"": true, ""use_trailing"": false}",{},
943,-1000000000.0,TrialState.COMPLETE,2026-04-01T02:23:01.210820,2026-04-01T02:23:03.702944,2.492124,"{""atr_window"": 20, ""bb_std_dev"": 2.0, ""bb_window"": 17, ""cooldown"": 0, ""macd_fast"": 13, ""macd_k"": 1.25, ""macd_k_mid"": 0.65, ""macd_signal"": 9, ""macd_slow"": 35, ""macd_std_window"": 100, ""rebalance_freq"": 150, ""rebounce_block"": 5, ""sl_mult_lm"": 2.0, ""sl_mult_lr"": 2.2, ""sl_mult_sm"": 1.85, ""sl_mult_sr"": 3.0, ""time_stop"": 21, ""tp_mult_lm"": 5.4, ""tp_mult_lr"": 8.8, ""tp_mult_sm"": 5.9, ""tp_mult_sr"": 4.0, ""trail_mult"": 2.6, ""trail_tp"": false, ""use_trailing"": true}",{},
944,-1000000000.0,TrialState.COMPLETE,2026-04-01T02:23:03.736247,2026-04-01T02:23:03.776058,0.039811,"{""atr_window"": 14, ""bb_std_dev"": 1.7, ""bb_window"": 18, ""cooldown"": 2, ""macd_fast"": 19, ""macd_k"": 1.05, ""macd_k_mid"": 0.5, ""macd_signal"": 8, ""macd_slow"": 44, ""macd_std_window"": 93, ""rebalance_freq"": 90, ""rebounce_block"": 5, ""sl_mult_lm"": 1.9, ""sl_mult_lr"": 4.9, ""sl_mult_sm"": 1.6, ""sl_mult_sr"": 2.0, ""time_stop"": 22, ""tp_mult_lm"": 5.6, ""tp_mult_lr"": 12.0, ""tp_mult_sm"": 5.0, ""tp_mult_sr"": 4.6, ""trail_mult"": 3.5, ""trail_tp"": true, ""use_trailing"": true}",{},
945,-1000000000.0,TrialState.COMPLETE,2026-04-01T02:23:03.819490,2026-04-01T02:23:06.445468,2.625978,"{""atr_window"": 13, ""bb_std_dev"": 1.5, ""bb_window"": 25, ""cooldown"": 0, ""macd_fast"": 20, ""macd_k"": 1.4, ""macd_k_mid"": 0.6, ""macd_signal"": 7, ""macd_slow"": 36, ""macd_std_window"": 74, ""rebalance_freq"": 180, ""rebounce_block"": 4, ""sl_mult_lm"": 1.6, ""sl_mult_lr"": 4.300000000000001, ""sl_mult_sm"": 1.75, ""sl_mult_sr"": 1.5, ""time_stop"": 13, ""tp_mult_lm"": 4.4, ""tp_mult_lr"": 12.8, ""tp_mult_sm"": 3.7, ""tp_mult_sr"": 6.1, ""trail_mult"": 3.3, ""trail_tp"": false, ""use_trailing"": true}",{},
946,-1000000000.0,TrialState.COMPLETE,2026-04-01T02:23:06.479106,2026-04-01T02:23:06.521099,0.041993,"{""atr_window"": 18, ""bb_std_dev"": 2.05, ""bb_window"": 15, ""cooldown"": 4, ""macd_fast"": 15, ""macd_k"": 1.5, ""macd_k_mid"": 0.7, ""macd_signal"": 5, ""macd_slow"": 38, ""macd_std_window"": 96, ""rebalance_freq"": 150, ""rebounce_block"": 3, ""sl_mult_lm"": 1.15, ""sl_mult_lr"": 3.5, ""sl_mult_sm"": 1.5, ""sl_mult_sr"": 1.9, ""time_stop"": 7, ""tp_mult_lm"": 3.9, ""tp_mult_lr"": 14.4, ""tp_mult_sm"": 4.2, ""tp_mult_sr"": 6.9, ""trail_mult"": 3.7, ""trail_tp"": true, ""use_trailing"": false}",{},
947,-1000000000.0,TrialState.COMPLETE,2026-04-01T02:23:06.553884,2026-04-01T02:23:06.605250,0.051366,"{""atr_window"": 17, ""bb_std_dev"": 1.7999999999999998, ""bb_window"": 20, ""cooldown"": 1, ""macd_fast"": 17, ""macd_k"": 1.7000000000000002, ""macd_k_mid"": 0.55, ""macd_signal"": 9, ""macd_slow"": 44, ""macd_std_window"": 73, ""rebalance_freq"": 120, ""rebounce_block"": 2, ""sl_mult_lm"": 2.05, ""sl_mult_lr"": 2.5, ""sl_mult_sm"": 1.8, ""sl_mult_sr"": 2.6, ""time_stop"": 26, ""tp_mult_lm"": 5.1, ""tp_mult_lr"": 12.2, ""tp_mult_sm"": 4.4, ""tp_mult_sr"": 6.300000000000001, ""trail_mult"": 1.9, ""trail_tp"": false, ""use_trailing"": true}",{},
948,-1000000000.0,TrialState.COMPLETE,2026-04-01T02:23:06.640180,2026-04-01T02:23:06.693787,0.053607,"{""atr_window"": 16, ""bb_std_dev"": 2.2, ""bb_window"": 21, ""cooldown"": 1, ""macd_fast"": 14, ""macd_k"": 1.0, ""macd_k_mid"": 0.55, ""macd_signal"": 10, ""macd_slow"": 43, ""macd_std_window"": 92, ""rebalance_freq"": 90, ""rebounce_block"": 6, ""sl_mult_lm"": 1.55, ""sl_mult_lr"": 2.4, ""sl_mult_sm"": 1.1, ""sl_mult_sr"": 1.6, ""time_stop"": 19, ""tp_mult_lm"": 5.7, ""tp_mult_lr"": 13.2, ""tp_mult_sm"": 7.0, ""tp_mult_sr"": 3.1, ""trail_mult"": 2.7, ""trail_tp"": true, ""use_trailing"": true}",{},
949,-1000000000.0,TrialState.COMPLETE,2026-04-01T02:23:06.735039,2026-04-01T02:23:06.775576,0.040537,"{""atr_window"": 20, ""bb_std_dev"": 2.4, ""bb_window"": 14, ""cooldown"": 4, ""macd_fast"": 12, ""macd_k"": 1.45, ""macd_k_mid"": 0.6, ""macd_signal"": 6, ""macd_slow"": 37, ""macd_std_window"": 97, ""rebalance_freq"": 30, ""rebounce_block"": 0, ""sl_mult_lm"": 1.9500000000000002, ""sl_mult_lr"": 2.6, ""sl_mult_sm"": 1.4, ""sl_mult_sr"": 1.7, ""time_stop"": 10, ""tp_mult_lm"": 4.2, ""tp_mult_lr"": 15.2, ""tp_mult_sm"": 5.7, ""tp_mult_sr"": 4.4, ""trail_mult"": 2.9000000000000004, ""trail_tp"": false, ""use_trailing"": true}",{},
950,-1000000000.0,TrialState.COMPLETE,2026-04-01T02:23:06.809595,2026-04-01T02:23:09.269734,2.460139,"{""atr_window"": 15, ""bb_std_dev"": 2.3, ""bb_window"": 17, ""cooldown"": 3, ""macd_fast"": 16, ""macd_k"": 1.3, ""macd_k_mid"": 0.8500000000000001, ""macd_signal"": 8, ""macd_slow"": 36, ""macd_std_window"": 90, ""rebalance_freq"": 150, ""rebounce_block"": 5, ""sl_mult_lm"": 1.65, ""sl_mult_lr"": 2.7, ""sl_mult_sm"": 1.05, ""sl_mult_sr"": 2.2, ""time_stop"": 24, ""tp_mult_lm"": 5.2, ""tp_mult_lr"": 11.4, ""tp_mult_sm"": 6.300000000000001, ""tp_mult_sr"": 5.300000000000001, ""trail_mult"": 3.2, ""trail_tp"": true, ""use_trailing"": false}",{},
951,-1000000000.0,TrialState.COMPLETE,2026-04-01T02:23:09.301611,2026-04-01T02:23:09.354673,0.053062,"{""atr_window"": 14, ""bb_std_dev"": 2.15, ""bb_window"": 14, ""cooldown"": 5, ""macd_fast"": 11, ""macd_k"": 1.2, ""macd_k_mid"": 0.65, ""macd_signal"": 9, ""macd_slow"": 43, ""macd_std_window"": 88, ""rebalance_freq"": 180, ""rebounce_block"": 3, ""sl_mult_lm"": 1.35, ""sl_mult_lr"": 3.2, ""sl_mult_sm"": 1.9500000000000002, ""sl_mult_sr"": 2.4, ""time_stop"": 3, ""tp_mult_lm"": 5.5, ""tp_mult_lr"": 13.600000000000001, ""tp_mult_sm"": 6.7, ""tp_mult_sr"": 5.7, ""trail_mult"": 2.1, ""trail_tp"": true, ""use_trailing"": true}",{},
952,-1000000000.0,TrialState.COMPLETE,2026-04-01T02:23:09.388607,2026-04-01T02:23:11.917944,2.529337,"{""atr_window"": 18, ""bb_std_dev"": 1.95, ""bb_window"": 16, ""cooldown"": 2, ""macd_fast"": 20, ""macd_k"": 1.1, ""macd_k_mid"": 0.9, ""macd_signal"": 8, ""macd_slow"": 41, ""macd_std_window"": 70, ""rebalance_freq"": 150, ""rebounce_block"": 4, ""sl_mult_lm"": 2.1500000000000004, ""sl_mult_lr"": 3.9000000000000004, ""sl_mult_sm"": 1.9, ""sl_mult_sr"": 1.5, ""time_stop"": 30, ""tp_mult_lm"": 3.7, ""tp_mult_lr"": 16.0, ""tp_mult_sm"": 6.9, ""tp_mult_sr"": 5.800000000000001, ""trail_mult"": 1.5, ""trail_tp"": false, ""use_trailing"": true}",{},
953,-1000000000.0,TrialState.COMPLETE,2026-04-01T02:23:11.951199,2026-04-01T02:23:14.548313,2.597114,"{""atr_window"": 16, ""bb_std_dev"": 2.1, ""bb_window"": 22, ""cooldown"": 0, ""macd_fast"": 18, ""macd_k"": 1.85, ""macd_k_mid"": 0.7, ""macd_signal"": 6, ""macd_slow"": 40, ""macd_std_window"": 83, ""rebalance_freq"": 60, ""rebounce_block"": 5, ""sl_mult_lm"": 1.0, ""sl_mult_lr"": 4.2, ""sl_mult_sm"": 1.25, ""sl_mult_sr"": 2.1, ""time_stop"": 14, ""tp_mult_lm"": 5.9, ""tp_mult_lr"": 13.0, ""tp_mult_sm"": 4.7, ""tp_mult_sr"": 6.0, ""trail_mult"": 3.9000000000000004, ""trail_tp"": true, ""use_trailing"": false}",{},
954,-1000000000.0,TrialState.COMPLETE,2026-04-01T02:23:14.575828,2026-04-01T02:23:14.616241,0.040413,"{""atr_window"": 19, ""bb_std_dev"": 1.65, ""bb_window"": 14, ""cooldown"": 2, ""macd_fast"": 14, ""macd_k"": 1.15, ""macd_k_mid"": 0.8, ""macd_signal"": 10, ""macd_slow"": 42, ""macd_std_window"": 85, ""rebalance_freq"": 150, ""rebounce_block"": 1, ""sl_mult_lm"": 1.45, ""sl_mult_lr"": 3.8, ""sl_mult_sm"": 1.3, ""sl_mult_sr"": 1.8, ""time_stop"": 11, ""tp_mult_lm"": 4.9, ""tp_mult_lr"": 12.600000000000001, ""tp_mult_sm"": 6.6, ""tp_mult_sr"": 6.6, ""trail_mult"": 2.2, ""trail_tp"": false, ""use_trailing"": true}",{},
955,-1000000000.0,TrialState.COMPLETE,2026-04-01T02:23:14.649752,2026-04-01T02:23:14.690709,0.040957,"{""atr_window"": 10, ""bb_std_dev"": 1.4, ""bb_window"": 23, ""cooldown"": 1, ""macd_fast"": 15, ""macd_k"": 1.55, ""macd_k_mid"": 1.0, ""macd_signal"": 8, ""macd_slow"": 44, ""macd_std_window"": 86, ""rebalance_freq"": 120, ""rebounce_block"": 6, ""sl_mult_lm"": 1.3, ""sl_mult_lr"": 2.3, ""sl_mult_sm"": 1.7000000000000002, ""sl_mult_sr"": 2.0, ""time_stop"": 27, ""tp_mult_lm"": 5.3, ""tp_mult_lr"": 16.200000000000003, ""tp_mult_sm"": 6.2, ""tp_mult_sr"": 3.9, ""trail_mult"": 3.4000000000000004, ""trail_tp"": true, ""use_trailing"": true}",{},
956,-1000000000.0,TrialState.COMPLETE,2026-04-01T02:23:14.726565,2026-04-01T02:23:14.767877,0.041312,"{""atr_window"": 14, ""bb_std_dev"": 1.75, ""bb_window"": 20, ""cooldown"": 1, ""macd_fast"": 13, ""macd_k"": 1.65, ""macd_k_mid"": 0.5, ""macd_signal"": 7, ""macd_slow"": 39, ""macd_std_window"": 94, ""rebalance_freq"": 180, ""rebounce_block"": 2, ""sl_mult_lm"": 1.8, ""sl_mult_lr"": 2.8, ""sl_mult_sm"": 1.0, ""sl_mult_sr"": 1.6, ""time_stop"": 29, ""tp_mult_lm"": 5.1, ""tp_mult_lr"": 10.2, ""tp_mult_sm"": 4.1, ""tp_mult_sr"": 6.1, ""trail_mult"": 3.6, ""trail_tp"": false, ""use_trailing"": true}",{},
957,-1000000000.0,TrialState.COMPLETE,2026-04-01T02:23:14.801460,2026-04-01T02:23:14.843049,0.041589,"{""atr_window"": 18, ""bb_std_dev"": 2.45, ""bb_window"": 21, ""cooldown"": 3, ""macd_fast"": 12, ""macd_k"": 1.35, ""macd_k_mid"": 0.75, ""macd_signal"": 9, ""macd_slow"": 35, ""macd_std_window"": 72, ""rebalance_freq"": 30, ""rebounce_block"": 5, ""sl_mult_lm"": 1.75, ""sl_mult_lr"": 2.4, ""sl_mult_sm"": 1.65, ""sl_mult_sr"": 2.5, ""time_stop"": 17, ""tp_mult_lm"": 4.3, ""tp_mult_lr"": 12.4, ""tp_mult_sm"": 3.0, ""tp_mult_sr"": 4.9, ""trail_mult"": 2.0, ""trail_tp"": true, ""use_trailing"": false}",{},
958,-1000000000.0,TrialState.COMPLETE,2026-04-01T02:23:14.875131,2026-04-01T02:23:14.928409,0.053278,"{""atr_window"": 17, ""bb_std_dev"": 2.5, ""bb_window"": 15, ""cooldown"": 0, ""macd_fast"": 10, ""macd_k"": 1.6, ""macd_k_mid"": 0.6, ""macd_signal"": 7, ""macd_slow"": 41, ""macd_std_window"": 89, ""rebalance_freq"": 90, ""rebounce_block"": 0, ""sl_mult_lm"": 1.05, ""sl_mult_lr"": 2.9, ""sl_mult_sm"": 1.85, ""sl_mult_sr"": 1.9, ""time_stop"": 21, ""tp_mult_lm"": 4.8, ""tp_mult_lr"": 11.2, ""tp_mult_sm"": 3.4, ""tp_mult_sr"": 5.0, ""trail_mult"": 2.8, ""trail_tp"": false, ""use_trailing"": true}",{},
959,-1000000000.0,TrialState.COMPLETE,2026-04-01T02:23:14.962047,2026-04-01T02:23:17.575917,2.61387,"{""atr_window"": 11, ""bb_std_dev"": 1.7, ""bb_window"": 16, ""cooldown"": 4, ""macd_fast"": 19, ""macd_k"": 1.15, ""macd_k_mid"": 0.5, ""macd_signal"": 8, ""macd_slow"": 37, ""macd_std_window"": 79, ""rebalance_freq"": 120, ""rebounce_block"": 4, ""sl_mult_lm"": 2.05, ""sl_mult_lr"": 4.1, ""sl_mult_sm"": 1.6, ""sl_mult_sr"": 1.5, ""time_stop"": 6, ""tp_mult_lm"": 4.0, ""tp_mult_lr"": 9.8, ""tp_mult_sm"": 3.6, ""tp_mult_sr"": 5.5, ""trail_mult"": 4.0, ""trail_tp"": true, ""use_trailing"": true}",{},
960,-1000000000.0,TrialState.COMPLETE,2026-04-01T02:23:17.608780,2026-04-01T02:23:17.650146,0.041366,"{""atr_window"": 16, ""bb_std_dev"": 2.25, ""bb_window"": 18, ""cooldown"": 2, ""macd_fast"": 17, ""macd_k"": 1.05, ""macd_k_mid"": 0.55, ""macd_signal"": 9, ""macd_slow"": 43, ""macd_std_window"": 81, ""rebalance_freq"": 150, ""rebounce_block"": 3, ""sl_mult_lm"": 2.1, ""sl_mult_lr"": 2.3, ""sl_mult_sm"": 1.45, ""sl_mult_sr"": 2.3, ""time_stop"": 9, ""tp_mult_lm"": 5.0, ""tp_mult_lr"": 9.4, ""tp_mult_sm"": 3.5, ""tp_mult_sr"": 3.0, ""trail_mult"": 3.8000000000000003, ""trail_tp"": false, ""use_trailing"": true}",{},
961,-1000000000.0,TrialState.COMPLETE,2026-04-01T02:23:17.682112,2026-04-01T02:23:17.735966,0.053854,"{""atr_window"": 20, ""bb_std_dev"": 2.05, ""bb_window"": 17, ""cooldown"": 1, ""macd_fast"": 16, ""macd_k"": 1.25, ""macd_k_mid"": 0.55, ""macd_signal"": 6, ""macd_slow"": 40, ""macd_std_window"": 82, ""rebalance_freq"": 180, ""rebounce_block"": 6, ""sl_mult_lm"": 1.9500000000000002, ""sl_mult_lr"": 2.5, ""sl_mult_sm"": 1.55, ""sl_mult_sr"": 2.1, ""time_stop"": 15, ""tp_mult_lm"": 4.5, ""tp_mult_lr"": 11.8, ""tp_mult_sm"": 4.3, ""tp_mult_sr"": 4.6, ""trail_mult"": 1.6, ""trail_tp"": true, ""use_trailing"": false}",{},
962,-1000000000.0,TrialState.COMPLETE,2026-04-01T02:23:17.772009,2026-04-01T02:23:17.815993,0.043984,"{""atr_window"": 13, ""bb_std_dev"": 1.5999999999999999, ""bb_window"": 14, ""cooldown"": 5, ""macd_fast"": 14, ""macd_k"": 1.45, ""macd_k_mid"": 0.6, ""macd_signal"": 8, ""macd_slow"": 38, ""macd_std_window"": 76, ""rebalance_freq"": 180, ""rebounce_block"": 3, ""sl_mult_lm"": 1.25, ""sl_mult_lr"": 2.0, ""sl_mult_sm"": 1.5, ""sl_mult_sr"": 1.7, ""time_stop"": 22, ""tp_mult_lm"": 6.0, ""tp_mult_lr"": 13.8, ""tp_mult_sm"": 5.300000000000001, ""tp_mult_sr"": 4.8, ""trail_mult"": 3.0, ""trail_tp"": false, ""use_trailing"": true}",{},
963,-1000000000.0,TrialState.COMPLETE,2026-04-01T02:23:17.853312,2026-04-01T02:23:17.892655,0.039343,"{""atr_window"": 19, ""bb_std_dev"": 2.35, ""bb_window"": 15, ""cooldown"": 2, ""macd_fast"": 12, ""macd_k"": 1.0, ""macd_k_mid"": 0.7, ""macd_signal"": 9, ""macd_slow"": 39, ""macd_std_window"": 87, ""rebalance_freq"": 150, ""rebounce_block"": 0, ""sl_mult_lm"": 1.4, ""sl_mult_lr"": 2.6, ""sl_mult_sm"": 2.0, ""sl_mult_sr"": 2.0, ""time_stop"": 16, ""tp_mult_lm"": 5.6, ""tp_mult_lr"": 10.4, ""tp_mult_sm"": 6.4, ""tp_mult_sr"": 3.8, ""trail_mult"": 2.3, ""trail_tp"": true, ""use_trailing"": true}",{},
964,-1000000000.0,TrialState.COMPLETE,2026-04-01T02:23:17.921358,2026-04-01T02:23:17.961434,0.040076,"{""atr_window"": 15, ""bb_std_dev"": 2.5, ""bb_window"": 20, ""cooldown"": 3, ""macd_fast"": 15, ""macd_k"": 1.3, ""macd_k_mid"": 0.95, ""macd_signal"": 10, ""macd_slow"": 43, ""macd_std_window"": 99, ""rebalance_freq"": 30, ""rebounce_block"": 2, ""sl_mult_lm"": 1.9, ""sl_mult_lr"": 2.2, ""sl_mult_sm"": 1.2, ""sl_mult_sr"": 2.2, ""time_stop"": 20, ""tp_mult_lm"": 5.5, ""tp_mult_lr"": 14.2, ""tp_mult_sm"": 3.8, ""tp_mult_sr"": 6.4, ""trail_mult"": 3.2, ""trail_tp"": false, ""use_trailing"": false}",{},
965,-1000000000.0,TrialState.COMPLETE,2026-04-01T02:23:17.994086,2026-04-01T02:23:18.036441,0.042355,"{""atr_window"": 17, ""bb_std_dev"": 1.9, ""bb_window"": 14, ""cooldown"": 0, ""macd_fast"": 20, ""macd_k"": 1.7000000000000002, ""macd_k_mid"": 0.65, ""macd_signal"": 9, ""macd_slow"": 44, ""macd_std_window"": 74, ""rebalance_freq"": 150, ""rebounce_block"": 5, ""sl_mult_lm"": 2.2, ""sl_mult_lr"": 2.4, ""sl_mult_sm"": 1.75, ""sl_mult_sr"": 3.1, ""time_stop"": 28, ""tp_mult_lm"": 5.2, ""tp_mult_lr"": 11.6, ""tp_mult_sm"": 4.5, ""tp_mult_sr"": 3.1, ""trail_mult"": 3.3, ""trail_tp"": true, ""use_trailing"": true}",{},
966,-1000000000.0,TrialState.COMPLETE,2026-04-01T02:23:18.068510,2026-04-01T02:23:20.594175,2.525665,"{""atr_window"": 12, ""bb_std_dev"": 2.0, ""bb_window"": 24, ""cooldown"": 1, ""macd_fast"": 17, ""macd_k"": 1.65, ""macd_k_mid"": 0.8, ""macd_signal"": 5, ""macd_slow"": 35, ""macd_std_window"": 90, ""rebalance_freq"": 120, ""rebounce_block"": 1, ""sl_mult_lm"": 1.85, ""sl_mult_lr"": 2.1, ""sl_mult_sm"": 1.65, ""sl_mult_sr"": 1.9, ""time_stop"": 12, ""tp_mult_lm"": 5.4, ""tp_mult_lr"": 8.6, ""tp_mult_sm"": 6.800000000000001, ""tp_mult_sr"": 3.2, ""trail_mult"": 3.7, ""trail_tp"": false, ""use_trailing"": true}",{},
967,-1000000000.0,TrialState.COMPLETE,2026-04-01T02:23:20.628594,2026-04-01T02:23:20.670636,0.042042,"{""atr_window"": 15, ""bb_std_dev"": 1.7999999999999998, ""bb_window"": 22, ""cooldown"": 4, ""macd_fast"": 11, ""macd_k"": 1.5, ""macd_k_mid"": 0.5, ""macd_signal"": 7, ""macd_slow"": 40, ""macd_std_window"": 91, ""rebalance_freq"": 90, ""rebounce_block"": 6, ""sl_mult_lm"": 2.0, ""sl_mult_lr"": 3.7, ""sl_mult_sm"": 1.9, ""sl_mult_sr"": 1.8, ""time_stop"": 18, ""tp_mult_lm"": 5.7, ""tp_mult_lr"": 15.4, ""tp_mult_sm"": 5.6, ""tp_mult_sr"": 3.6, ""trail_mult"": 2.2, ""trail_tp"": true, ""use_trailing"": true}",{},
968,-1000000000.0,TrialState.COMPLETE,2026-04-01T02:23:20.703561,2026-04-01T02:23:23.255439,2.551878,"{""atr_window"": 20, ""bb_std_dev"": 1.75, ""bb_window"": 16, ""cooldown"": 2, ""macd_fast"": 18, ""macd_k"": 1.9, ""macd_k_mid"": 0.75, ""macd_signal"": 8, ""macd_slow"": 37, ""macd_std_window"": 80, ""rebalance_freq"": 60, ""rebounce_block"": 5, ""sl_mult_lm"": 1.25, ""sl_mult_lr"": 4.0, ""sl_mult_sm"": 1.8, ""sl_mult_sr"": 3.0, ""time_stop"": 5, ""tp_mult_lm"": 3.6, ""tp_mult_lr"": 12.0, ""tp_mult_sm"": 4.9, ""tp_mult_sr"": 4.5, ""trail_mult"": 2.4, ""trail_tp"": false, ""use_trailing"": false}",{},
