number,value,state,datetime_start,datetime_complete,duration_seconds,params_json,fold_sharpes_json,avg_cv_sharpe
2231,-1000000000.0,TrialState.COMPLETE,2026-04-01T05:15:35.926334,2026-04-01T05:15:36.007099,0.080765,"{""atr_window"": 19, ""bb_std_dev"": 2.25, ""bb_window"": 18, ""cooldown"": 1, ""macd_fast"": 12, ""macd_k"": 1.5, ""macd_k_mid"": 0.7, ""macd_signal"": 6, ""macd_slow"": 40, ""macd_std_window"": 74, ""rebalance_freq"": 180, ""rebounce_block"": 2, ""sl_mult_lm"": 1.45, ""sl_mult_lr"": 3.3, ""sl_mult_sm"": 1.75, ""sl_mult_sr"": 2.2, ""time_stop"": 4, ""tp_mult_lm"": 5.1, ""tp_mult_lr"": 10.0, ""tp_mult_sm"": 6.6, ""tp_mult_sr"": 5.7, ""trail_mult"": 2.2, ""trail_tp"": false, ""use_trailing"": false}",{},
2232,-1000000000.0,TrialState.COMPLETE,2026-04-01T05:15:36.049575,2026-04-01T05:15:36.130089,0.080514,"{""atr_window"": 14, ""bb_std_dev"": 2.45, ""bb_window"": 15, ""cooldown"": 0, ""macd_fast"": 15, ""macd_k"": 1.2, ""macd_k_mid"": 0.8500000000000001, ""macd_signal"": 10, ""macd_slow"": 43, ""macd_std_window"": 80, ""rebalance_freq"": 30, ""rebounce_block"": 0, ""sl_mult_lm"": 1.65, ""sl_mult_lr"": 4.2, ""sl_mult_sm"": 1.5, ""sl_mult_sr"": 3.0, ""time_stop"": 25, ""tp_mult_lm"": 5.3, ""tp_mult_lr"": 10.6, ""tp_mult_sm"": 6.9, ""tp_mult_sr"": 3.7, ""trail_mult"": 3.6, ""trail_tp"": true, ""use_trailing"": true}",{},
2233,-1000000000.0,TrialState.COMPLETE,2026-04-01T05:15:36.166612,2026-04-01T05:15:38.729984,2.563372,"{""atr_window"": 15, ""bb_std_dev"": 1.7, ""bb_window"": 17, ""cooldown"": 4, ""macd_fast"": 14, ""macd_k"": 1.55, ""macd_k_mid"": 0.5, ""macd_signal"": 9, ""macd_slow"": 35, ""macd_std_window"": 92, ""rebalance_freq"": 60, ""rebounce_block"": 5, ""sl_mult_lm"": 1.2, ""sl_mult_lr"": 2.4, ""sl_mult_sm"": 1.25, ""sl_mult_sr"": 2.0, ""time_stop"": 9, ""tp_mult_lm"": 5.5, ""tp_mult_lr"": 9.8, ""tp_mult_sm"": 4.5, ""tp_mult_sr"": 5.800000000000001, ""trail_mult"": 2.9000000000000004, ""trail_tp"": false, ""use_trailing"": true}",{},
2234,-1000000000.0,TrialState.COMPLETE,2026-04-01T05:15:38.760544,2026-04-01T05:26:21.802499,643.041955,"{""atr_window"": 17, ""bb_std_dev"": 2.35, ""bb_window"": 14, ""cooldown"": 2, ""macd_fast"": 17, ""macd_k"": 1.9, ""macd_k_mid"": 0.55, ""macd_signal"": 7, ""macd_slow"": 39, ""macd_std_window"": 77, ""rebalance_freq"": 90, ""rebounce_block"": 4, ""sl_mult_lm"": 1.05, ""sl_mult_lr"": 2.8, ""sl_mult_sm"": 1.2, ""sl_mult_sr"": 2.4, ""time_stop"": 10, ""tp_mult_lm"": 5.2, ""tp_mult_lr"": 13.0, ""tp_mult_sm"": 3.6, ""tp_mult_sr"": 3.8, ""trail_mult"": 2.3, ""trail_tp"": true, ""use_trailing"": true}",{},
2235,-1000000000.0,TrialState.COMPLETE,2026-04-01T05:26:21.843418,2026-04-01T05:26:24.300438,2.45702,"{""atr_window"": 10, ""bb_std_dev"": 2.4, ""bb_window"": 20, ""cooldown"": 3, ""macd_fast"": 20, ""macd_k"": 1.05, ""macd_k_mid"": 0.65, ""macd_signal"": 8, ""macd_slow"": 38, ""macd_std_window"": 96, ""rebalance_freq"": 150, ""rebounce_block"": 2, ""sl_mult_lm"": 2.1500000000000004, ""sl_mult_lr"": 2.1, ""sl_mult_sm"": 1.35, ""sl_mult_sr"": 2.7, ""time_stop"": 8, ""tp_mult_lm"": 6.0, ""tp_mult_lr"": 9.4, ""tp_mult_sm"": 3.2, ""tp_mult_sr"": 6.0, ""trail_mult"": 3.3, ""trail_tp"": false, ""use_trailing"": false}",{},
2236,-1000000000.0,TrialState.COMPLETE,2026-04-01T05:26:24.337106,2026-04-01T05:26:26.834914,2.497808,"{""atr_window"": 20, ""bb_std_dev"": 2.05, ""bb_window"": 16, ""cooldown"": 1, ""macd_fast"": 15, ""macd_k"": 1.05, ""macd_k_mid"": 0.6, ""macd_signal"": 8, ""macd_slow"": 36, ""macd_std_window"": 94, ""rebalance_freq"": 180, ""rebounce_block"": 6, ""sl_mult_lm"": 1.85, ""sl_mult_lr"": 2.2, ""sl_mult_sm"": 1.65, ""sl_mult_sr"": 1.9, ""time_stop"": 7, ""tp_mult_lm"": 5.7, ""tp_mult_lr"": 16.8, ""tp_mult_sm"": 6.1, ""tp_mult_sr"": 5.6, ""trail_mult"": 3.1, ""trail_tp"": true, ""use_trailing"": true}",{},
2237,-1000000000.0,TrialState.COMPLETE,2026-04-01T05:26:26.873385,2026-04-01T05:26:26.968767,0.095382,"{""atr_window"": 17, ""bb_std_dev"": 2.15, ""bb_window"": 21, ""cooldown"": 1, ""macd_fast"": 10, ""macd_k"": 1.3, ""macd_k_mid"": 0.7, ""macd_signal"": 9, ""macd_slow"": 44, ""macd_std_window"": 91, ""rebalance_freq"": 150, ""rebounce_block"": 3, ""sl_mult_lm"": 1.1, ""sl_mult_lr"": 2.5, ""sl_mult_sm"": 1.55, ""sl_mult_sr"": 1.7, ""time_stop"": 17, ""tp_mult_lm"": 5.6, ""tp_mult_lr"": 10.2, ""tp_mult_sm"": 5.4, ""tp_mult_sr"": 3.0, ""trail_mult"": 4.0, ""trail_tp"": true, ""use_trailing"": true}",{},
2238,-1000000000.0,TrialState.COMPLETE,2026-04-01T05:26:27.013357,2026-04-01T05:26:27.103368,0.090011,"{""atr_window"": 14, ""bb_std_dev"": 2.3, ""bb_window"": 15, ""cooldown"": 2, ""macd_fast"": 18, ""macd_k"": 1.15, ""macd_k_mid"": 0.9, ""macd_signal"": 5, ""macd_slow"": 41, ""macd_std_window"": 99, ""rebalance_freq"": 120, ""rebounce_block"": 1, ""sl_mult_lm"": 1.4, ""sl_mult_lr"": 2.4, ""sl_mult_sm"": 1.1, ""sl_mult_sr"": 2.1, ""time_stop"": 21, ""tp_mult_lm"": 4.0, ""tp_mult_lr"": 12.0, ""tp_mult_sm"": 5.7, ""tp_mult_sr"": 4.0, ""trail_mult"": 3.0, ""trail_tp"": false, ""use_trailing"": false}",{},
2239,-1000000000.0,TrialState.COMPLETE,2026-04-01T05:26:27.140631,2026-04-01T05:26:27.220484,0.079853,"{""atr_window"": 19, ""bb_std_dev"": 2.2, ""bb_window"": 14, ""cooldown"": 5, ""macd_fast"": 16, ""macd_k"": 1.65, ""macd_k_mid"": 0.55, ""macd_signal"": 7, ""macd_slow"": 40, ""macd_std_window"": 86, ""rebalance_freq"": 150, ""rebounce_block"": 0, ""sl_mult_lm"": 1.9500000000000002, ""sl_mult_lr"": 2.9, ""sl_mult_sm"": 1.3, ""sl_mult_sr"": 1.8, ""time_stop"": 22, ""tp_mult_lm"": 5.1, ""tp_mult_lr"": 8.2, ""tp_mult_sm"": 5.9, ""tp_mult_sr"": 4.5, ""trail_mult"": 3.4000000000000004, ""trail_tp"": true, ""use_trailing"": true}",{},
2240,-1000000000.0,TrialState.COMPLETE,2026-04-01T05:26:27.258695,2026-04-01T05:26:29.708773,2.450078,"{""atr_window"": 15, ""bb_std_dev"": 2.0, ""bb_window"": 24, ""cooldown"": 0, ""macd_fast"": 19, ""macd_k"": 1.0, ""macd_k_mid"": 0.6, ""macd_signal"": 9, ""macd_slow"": 37, ""macd_std_window"": 98, ""rebalance_freq"": 90, ""rebounce_block"": 4, ""sl_mult_lm"": 1.3, ""sl_mult_lr"": 2.3, ""sl_mult_sm"": 1.45, ""sl_mult_sr"": 1.5, ""time_stop"": 14, ""tp_mult_lm"": 4.8, ""tp_mult_lr"": 16.200000000000003, ""tp_mult_sm"": 3.0, ""tp_mult_sr"": 4.7, ""trail_mult"": 3.2, ""trail_tp"": false, ""use_trailing"": true}",{},
2241,-1000000000.0,TrialState.COMPLETE,2026-04-01T05:26:29.790342,2026-04-01T05:26:29.918656,0.128314,"{""atr_window"": 13, ""bb_std_dev"": 1.4, ""bb_window"": 25, ""cooldown"": 4, ""macd_fast"": 12, ""macd_k"": 1.7000000000000002, ""macd_k_mid"": 0.5, ""macd_signal"": 10, ""macd_slow"": 42, ""macd_std_window"": 87, ""rebalance_freq"": 180, ""rebounce_block"": 5, ""sl_mult_lm"": 1.0, ""sl_mult_lr"": 2.6, ""sl_mult_sm"": 1.6, ""sl_mult_sr"": 2.2, ""time_stop"": 28, ""tp_mult_lm"": 3.5, ""tp_mult_lr"": 12.8, ""tp_mult_sm"": 4.1, ""tp_mult_sr"": 5.300000000000001, ""trail_mult"": 3.7, ""trail_tp"": true, ""use_trailing"": true}",{},
2242,-1000000000.0,TrialState.COMPLETE,2026-04-01T05:26:29.958616,2026-04-01T05:26:30.044227,0.085611,"{""atr_window"": 16, ""bb_std_dev"": 1.65, ""bb_window"": 16, ""cooldown"": 1, ""macd_fast"": 14, ""macd_k"": 1.35, ""macd_k_mid"": 0.65, ""macd_signal"": 8, ""macd_slow"": 43, ""macd_std_window"": 93, ""rebalance_freq"": 120, ""rebounce_block"": 3, ""sl_mult_lm"": 2.0, ""sl_mult_lr"": 2.5, ""sl_mult_sm"": 1.9, ""sl_mult_sr"": 1.9, ""time_stop"": 18, ""tp_mult_lm"": 3.7, ""tp_mult_lr"": 14.2, ""tp_mult_sm"": 6.5, ""tp_mult_sr"": 6.300000000000001, ""trail_mult"": 2.8, ""trail_tp"": false, ""use_trailing"": false}",{},
2243,-1000000000.0,TrialState.COMPLETE,2026-04-01T05:26:30.082643,2026-04-01T05:26:30.163270,0.080627,"{""atr_window"": 20, ""bb_std_dev"": 1.7, ""bb_window"": 23, ""cooldown"": 3, ""macd_fast"": 20, ""macd_k"": 1.25, ""macd_k_mid"": 0.8, ""macd_signal"": 9, ""macd_slow"": 44, ""macd_std_window"": 89, ""rebalance_freq"": 150, ""rebounce_block"": 2, ""sl_mult_lm"": 1.75, ""sl_mult_lr"": 3.0, ""sl_mult_sm"": 1.85, ""sl_mult_sr"": 1.6, ""time_stop"": 19, ""tp_mult_lm"": 5.7, ""tp_mult_lr"": 11.6, ""tp_mult_sm"": 4.8, ""tp_mult_sr"": 3.5, ""trail_mult"": 1.5, ""trail_tp"": true, ""use_trailing"": true}",{},
2244,-1000000000.0,TrialState.COMPLETE,2026-04-01T05:26:30.210095,2026-04-01T05:26:32.679966,2.469871,"{""atr_window"": 17, ""bb_std_dev"": 1.5999999999999999, ""bb_window"": 17, ""cooldown"": 1, ""macd_fast"": 17, ""macd_k"": 1.45, ""macd_k_mid"": 0.55, ""macd_signal"": 8, ""macd_slow"": 36, ""macd_std_window"": 90, ""rebalance_freq"": 180, ""rebounce_block"": 5, ""sl_mult_lm"": 1.05, ""sl_mult_lr"": 2.8, ""sl_mult_sm"": 1.15, ""sl_mult_sr"": 2.0, ""time_stop"": 20, ""tp_mult_lm"": 3.9, ""tp_mult_lr"": 13.8, ""tp_mult_sm"": 5.300000000000001, ""tp_mult_sr"": 6.7, ""trail_mult"": 2.0, ""trail_tp"": false, ""use_trailing"": true}",{},
2245,-1000000000.0,TrialState.COMPLETE,2026-04-01T05:26:32.726086,2026-04-01T05:26:32.819523,0.093437,"{""atr_window"": 11, ""bb_std_dev"": 1.75, ""bb_window"": 14, ""cooldown"": 2, ""macd_fast"": 13, ""macd_k"": 1.1, ""macd_k_mid"": 1.0, ""macd_signal"": 5, ""macd_slow"": 41, ""macd_std_window"": 71, ""rebalance_freq"": 30, ""rebounce_block"": 6, ""sl_mult_lm"": 1.9, ""sl_mult_lr"": 4.0, ""sl_mult_sm"": 1.7000000000000002, ""sl_mult_sr"": 2.1, ""time_stop"": 0, ""tp_mult_lm"": 4.2, ""tp_mult_lr"": 12.4, ""tp_mult_sm"": 4.3, ""tp_mult_sr"": 4.9, ""trail_mult"": 3.8000000000000003, ""trail_tp"": true, ""use_trailing"": true}",{},
2246,-1000000000.0,TrialState.COMPLETE,2026-04-01T05:26:32.858465,2026-04-01T05:26:32.942361,0.083896,"{""atr_window"": 18, ""bb_std_dev"": 2.5, ""bb_window"": 18, ""cooldown"": 4, ""macd_fast"": 11, ""macd_k"": 1.6, ""macd_k_mid"": 0.6, ""macd_signal"": 6, ""macd_slow"": 35, ""macd_std_window"": 88, ""rebalance_freq"": 150, ""rebounce_block"": 5, ""sl_mult_lm"": 2.05, ""sl_mult_lr"": 4.9, ""sl_mult_sm"": 1.85, ""sl_mult_sr"": 2.8, ""time_stop"": 27, ""tp_mult_lm"": 5.3, ""tp_mult_lr"": 15.600000000000001, ""tp_mult_sm"": 7.0, ""tp_mult_sr"": 5.800000000000001, ""trail_mult"": 1.9, ""trail_tp"": false, ""use_trailing"": false}",{},
2247,-1000000000.0,TrialState.COMPLETE,2026-04-01T05:26:32.981286,2026-04-01T05:26:33.068631,0.087345,"{""atr_window"": 14, ""bb_std_dev"": 2.1, ""bb_window"": 19, ""cooldown"": 1, ""macd_fast"": 15, ""macd_k"": 1.65, ""macd_k_mid"": 0.7, ""macd_signal"": 7, ""macd_slow"": 43, ""macd_std_window"": 70, ""rebalance_freq"": 90, ""rebounce_block"": 3, ""sl_mult_lm"": 1.9500000000000002, ""sl_mult_lr"": 3.5, ""sl_mult_sm"": 1.75, ""sl_mult_sr"": 3.2, ""time_stop"": 13, ""tp_mult_lm"": 5.5, ""tp_mult_lr"": 11.8, ""tp_mult_sm"": 6.7, ""tp_mult_sr"": 3.3, ""trail_mult"": 2.1, ""trail_tp"": true, ""use_trailing"": true}",{},
2248,-1000000000.0,TrialState.COMPLETE,2026-04-01T05:26:33.109060,2026-04-01T05:26:33.201070,0.09201,"{""atr_window"": 16, ""bb_std_dev"": 2.4, ""bb_window"": 14, ""cooldown"": 0, ""macd_fast"": 13, ""macd_k"": 1.2, ""macd_k_mid"": 0.5, ""macd_signal"": 8, ""macd_slow"": 38, ""macd_std_window"": 82, ""rebalance_freq"": 150, ""rebounce_block"": 0, ""sl_mult_lm"": 1.25, ""sl_mult_lr"": 2.7, ""sl_mult_sm"": 1.05, ""sl_mult_sr"": 1.5, ""time_stop"": 30, ""tp_mult_lm"": 5.9, ""tp_mult_lr"": 15.2, ""tp_mult_sm"": 3.4, ""tp_mult_sr"": 6.5, ""trail_mult"": 1.8, ""trail_tp"": false, ""use_trailing"": true}",{},
2249,-1000000000.0,TrialState.COMPLETE,2026-04-01T05:26:33.243000,2026-04-01T05:26:33.327476,0.084476,"{""atr_window"": 19, ""bb_std_dev"": 2.25, ""bb_window"": 22, ""cooldown"": 2, ""macd_fast"": 18, ""macd_k"": 1.15, ""macd_k_mid"": 0.95, ""macd_signal"": 9, ""macd_slow"": 44, ""macd_std_window"": 75, ""rebalance_freq"": 120, ""rebounce_block"": 4, ""sl_mult_lm"": 1.55, ""sl_mult_lr"": 2.0, ""sl_mult_sm"": 1.0, ""sl_mult_sr"": 2.4, ""time_stop"": 11, ""tp_mult_lm"": 5.800000000000001, ""tp_mult_lr"": 11.4, ""tp_mult_sm"": 3.7, ""tp_mult_sr"": 6.1, ""trail_mult"": 3.1, ""trail_tp"": true, ""use_trailing"": false}",{},
2250,-1000000000.0,TrialState.COMPLETE,2026-04-01T05:26:33.367703,2026-04-01T05:26:33.459324,0.091621,"{""atr_window"": 13, ""bb_std_dev"": 2.45, ""bb_window"": 15, ""cooldown"": 3, ""macd_fast"": 14, ""macd_k"": 1.05, ""macd_k_mid"": 0.55, ""macd_signal"": 10, ""macd_slow"": 37, ""macd_std_window"": 85, ""rebalance_freq"": 30, ""rebounce_block"": 1, ""sl_mult_lm"": 1.4, ""sl_mult_lr"": 2.4, ""sl_mult_sm"": 1.65, ""sl_mult_sr"": 1.7, ""time_stop"": 16, ""tp_mult_lm"": 5.0, ""tp_mult_lr"": 9.8, ""tp_mult_sm"": 4.6, ""tp_mult_sr"": 5.9, ""trail_mult"": 3.3, ""trail_tp"": false, ""use_trailing"": true}",{},
2251,-1000000000.0,TrialState.COMPLETE,2026-04-01T05:26:33.506932,2026-04-01T05:26:33.601362,0.09443,"{""atr_window"": 15, ""bb_std_dev"": 2.15, ""bb_window"": 20, ""cooldown"": 5, ""macd_fast"": 12, ""macd_k"": 1.4, ""macd_k_mid"": 0.55, ""macd_signal"": 8, ""macd_slow"": 43, ""macd_std_window"": 81, ""rebalance_freq"": 180, ""rebounce_block"": 6, ""sl_mult_lm"": 2.0, ""sl_mult_lr"": 3.8, ""sl_mult_sm"": 1.8, ""sl_mult_sr"": 2.5, ""time_stop"": 15, ""tp_mult_lm"": 4.9, ""tp_mult_lr"": 9.2, ""tp_mult_sm"": 4.5, ""tp_mult_sr"": 3.6, ""trail_mult"": 1.7, ""trail_tp"": true, ""use_trailing"": true}",{},
2252,-1000000000.0,TrialState.COMPLETE,2026-04-01T05:26:33.641399,2026-04-01T05:26:33.722398,0.080999,"{""atr_window"": 12, ""bb_std_dev"": 2.5, ""bb_window"": 17, ""cooldown"": 0, ""macd_fast"": 12, ""macd_k"": 1.85, ""macd_k_mid"": 0.6, ""macd_signal"": 7, ""macd_slow"": 39, ""macd_std_window"": 82, ""rebalance_freq"": 60, ""rebounce_block"": 6, ""sl_mult_lm"": 1.0, ""sl_mult_lr"": 3.1, ""sl_mult_sm"": 2.0, ""sl_mult_sr"": 1.5, ""time_stop"": 6, ""tp_mult_lm"": 5.4, ""tp_mult_lr"": 12.600000000000001, ""tp_mult_sm"": 3.1, ""tp_mult_sr"": 4.3, ""trail_mult"": 2.6, ""trail_tp"": false, ""use_trailing"": true}",{},
2253,-1000000000.0,TrialState.COMPLETE,2026-04-01T05:26:33.758476,2026-04-01T05:26:36.111419,2.352943,"{""atr_window"": 14, ""bb_std_dev"": 2.1, ""bb_window"": 21, ""cooldown"": 2, ""macd_fast"": 20, ""macd_k"": 2.0, ""macd_k_mid"": 0.65, ""macd_signal"": 9, ""macd_slow"": 40, ""macd_std_window"": 73, ""rebalance_freq"": 150, ""rebounce_block"": 5, ""sl_mult_lm"": 2.1, ""sl_mult_lr"": 2.1, ""sl_mult_sm"": 1.6, ""sl_mult_sr"": 2.9000000000000004, ""time_stop"": 24, ""tp_mult_lm"": 4.4, ""tp_mult_lr"": 12.2, ""tp_mult_sm"": 3.5, ""tp_mult_sr"": 4.6, ""trail_mult"": 3.2, ""trail_tp"": true, ""use_trailing"": false}",{},
2254,-1000000000.0,TrialState.COMPLETE,2026-04-01T05:26:36.146811,2026-04-01T05:26:36.235651,0.08884,"{""atr_window"": 20, ""bb_std_dev"": 1.9, ""bb_window"": 16, ""cooldown"": 1, ""macd_fast"": 16, ""macd_k"": 1.5, ""macd_k_mid"": 0.75, ""macd_signal"": 6, ""macd_slow"": 40, ""macd_std_window"": 78, ""rebalance_freq"": 180, ""rebounce_block"": 4, ""sl_mult_lm"": 1.35, ""sl_mult_lr"": 2.3, ""sl_mult_sm"": 1.5, ""sl_mult_sr"": 2.3, ""time_stop"": 1, ""tp_mult_lm"": 6.0, ""tp_mult_lr"": 11.0, ""tp_mult_sm"": 4.9, ""tp_mult_sr"": 5.1, ""trail_mult"": 2.2, ""trail_tp"": false, ""use_trailing"": true}",{},
2255,-1000000000.0,TrialState.COMPLETE,2026-04-01T05:26:36.272878,2026-04-01T05:26:36.356545,0.083667,"{""atr_window"": 16, ""bb_std_dev"": 2.45, ""bb_window"": 14, ""cooldown"": 4, ""macd_fast"": 10, ""macd_k"": 1.55, ""macd_k_mid"": 0.9, ""macd_signal"": 8, ""macd_slow"": 41, ""macd_std_window"": 97, ""rebalance_freq"": 120, ""rebounce_block"": 3, ""sl_mult_lm"": 1.7000000000000002, ""sl_mult_lr"": 2.5, ""sl_mult_sm"": 1.25, ""sl_mult_sr"": 2.6, ""time_stop"": 5, ""tp_mult_lm"": 5.6, ""tp_mult_lr"": 16.0, ""tp_mult_sm"": 6.2, ""tp_mult_sr"": 3.8, ""trail_mult"": 2.5, ""trail_tp"": true, ""use_trailing"": true}",{},
2256,-1000000000.0,TrialState.COMPLETE,2026-04-01T05:26:36.405079,2026-04-01T05:26:36.495235,0.090156,"{""atr_window"": 15, ""bb_std_dev"": 1.95, ""bb_window"": 14, ""cooldown"": 3, ""macd_fast"": 19, ""macd_k"": 1.0, ""macd_k_mid"": 0.7, ""macd_signal"": 10, ""macd_slow"": 44, ""macd_std_window"": 90, ""rebalance_freq"": 90, ""rebounce_block"": 0, ""sl_mult_lm"": 1.15, ""sl_mult_lr"": 3.2, ""sl_mult_sm"": 1.35, ""sl_mult_sr"": 1.6, ""time_stop"": 12, ""tp_mult_lm"": 5.3, ""tp_mult_lr"": 13.4, ""tp_mult_sm"": 6.0, ""tp_mult_sr"": 6.4, ""trail_mult"": 3.6, ""trail_tp"": false, ""use_trailing"": true}",{},
2257,-1000000000.0,TrialState.COMPLETE,2026-04-01T05:26:36.535239,2026-04-01T05:26:36.618369,0.08313,"{""atr_window"": 18, ""bb_std_dev"": 2.05, ""bb_window"": 17, ""cooldown"": 1, ""macd_fast"": 14, ""macd_k"": 1.8, ""macd_k_mid"": 0.8500000000000001, ""macd_signal"": 9, ""macd_slow"": 42, ""macd_std_window"": 80, ""rebalance_freq"": 30, ""rebounce_block"": 2, ""sl_mult_lm"": 1.3, ""sl_mult_lr"": 4.2, ""sl_mult_sm"": 1.65, ""sl_mult_sr"": 1.8, ""time_stop"": 9, ""tp_mult_lm"": 3.8, ""tp_mult_lr"": 9.6, ""tp_mult_sm"": 6.800000000000001, ""tp_mult_sr"": 4.4, ""trail_mult"": 2.3, ""trail_tp"": true, ""use_trailing"": false}",{},
2258,-1000000000.0,TrialState.COMPLETE,2026-04-01T05:26:36.656186,2026-04-01T05:26:39.104466,2.44828,"{""atr_window"": 17, ""bb_std_dev"": 2.3, ""bb_window"": 18, ""cooldown"": 2, ""macd_fast"": 17, ""macd_k"": 1.3, ""macd_k_mid"": 0.55, ""macd_signal"": 8, ""macd_slow"": 39, ""macd_std_window"": 83, ""rebalance_freq"": 150, ""rebounce_block"": 5, ""sl_mult_lm"": 1.8, ""sl_mult_lr"": 3.4000000000000004, ""sl_mult_sm"": 1.55, ""sl_mult_sr"": 2.2, ""time_stop"": 20, ""tp_mult_lm"": 3.6, ""tp_mult_lr"": 14.600000000000001, ""tp_mult_sm"": 4.4, ""tp_mult_sr"": 3.1, ""trail_mult"": 2.9000000000000004, ""trail_tp"": false, ""use_trailing"": true}",{},
2259,-1000000000.0,TrialState.COMPLETE,2026-04-01T05:26:39.141796,2026-04-01T05:26:41.795719,2.653923,"{""atr_window"": 20, ""bb_std_dev"": 1.75, ""bb_window"": 15, ""cooldown"": 0, ""macd_fast"": 15, ""macd_k"": 1.9500000000000002, ""macd_k_mid"": 0.5, ""macd_signal"": 7, ""macd_slow"": 35, ""macd_std_window"": 100, ""rebalance_freq"": 120, ""rebounce_block"": 1, ""sl_mult_lm"": 1.35, ""sl_mult_lr"": 4.6, ""sl_mult_sm"": 1.7000000000000002, ""sl_mult_sr"": 2.1, ""time_stop"": 25, ""tp_mult_lm"": 4.7, ""tp_mult_lr"": 16.6, ""tp_mult_sm"": 5.6, ""tp_mult_sr"": 6.2, ""trail_mult"": 2.1, ""trail_tp"": true, ""use_trailing"": true}",{},
2260,-1000000000.0,TrialState.COMPLETE,2026-04-01T05:26:41.853239,2026-04-01T05:26:41.930080,0.076841,"{""atr_window"": 16, ""bb_std_dev"": 2.2, ""bb_window"": 24, ""cooldown"": 4, ""macd_fast"": 11, ""macd_k"": 1.05, ""macd_k_mid"": 0.55, ""macd_signal"": 9, ""macd_slow"": 43, ""macd_std_window"": 84, ""rebalance_freq"": 150, ""rebounce_block"": 4, ""sl_mult_lm"": 1.2, ""sl_mult_lr"": 2.1, ""sl_mult_sm"": 1.8, ""sl_mult_sr"": 2.5, ""time_stop"": 18, ""tp_mult_lm"": 5.4, ""tp_mult_lr"": 8.8, ""tp_mult_sm"": 6.300000000000001, ""tp_mult_sr"": 5.7, ""trail_mult"": 3.9000000000000004, ""trail_tp"": false, ""use_trailing"": true}",{},
2261,-1000000000.0,TrialState.COMPLETE,2026-04-01T05:26:41.966245,2026-04-01T05:26:42.056653,0.090408,"{""atr_window"": 12, ""bb_std_dev"": 2.35, ""bb_window"": 22, ""cooldown"": 1, ""macd_fast"": 13, ""macd_k"": 1.7000000000000002, ""macd_k_mid"": 0.8, ""macd_signal"": 6, ""macd_slow"": 38, ""macd_std_window"": 92, ""rebalance_freq"": 180, ""rebounce_block"": 6, ""sl_mult_lm"": 2.2, ""sl_mult_lr"": 4.800000000000001, ""sl_mult_sm"": 1.9500000000000002, ""sl_mult_sr"": 1.9, ""time_stop"": 21, ""tp_mult_lm"": 4.3, ""tp_mult_lr"": 15.0, ""tp_mult_sm"": 6.9, ""tp_mult_sr"": 4.7, ""trail_mult"": 2.2, ""trail_tp"": true, ""use_trailing"": false}",{},
2262,-1000000000.0,TrialState.COMPLETE,2026-04-01T05:26:42.104683,2026-04-01T05:26:44.720683,2.616,"{""atr_window"": 14, ""bb_std_dev"": 2.4, ""bb_window"": 16, ""cooldown"": 1, ""macd_fast"": 16, ""macd_k"": 1.45, ""macd_k_mid"": 0.6, ""macd_signal"": 8, ""macd_slow"": 37, ""macd_std_window"": 72, ""rebalance_freq"": 90, ""rebounce_block"": 5, ""sl_mult_lm"": 1.25, ""sl_mult_lr"": 5.0, ""sl_mult_sm"": 1.75, ""sl_mult_sr"": 3.3, ""time_stop"": 29, ""tp_mult_lm"": 5.1, ""tp_mult_lr"": 10.8, ""tp_mult_sm"": 3.3, ""tp_mult_sr"": 4.2, ""trail_mult"": 2.7, ""trail_tp"": false, ""use_trailing"": true}",{},
2263,-1000000000.0,TrialState.COMPLETE,2026-04-01T05:26:44.770227,2026-04-01T05:26:47.271853,2.501626,"{""atr_window"": 18, ""bb_std_dev"": 2.25, ""bb_window"": 14, ""cooldown"": 2, ""macd_fast"": 20, ""macd_k"": 1.0, ""macd_k_mid"": 0.65, ""macd_signal"": 9, ""macd_slow"": 42, ""macd_std_window"": 87, ""rebalance_freq"": 150, ""rebounce_block"": 3, ""sl_mult_lm"": 1.1, ""sl_mult_lr"": 2.2, ""sl_mult_sm"": 1.9, ""sl_mult_sr"": 2.0, ""time_stop"": 26, ""tp_mult_lm"": 5.0, ""tp_mult_lr"": 10.0, ""tp_mult_sm"": 5.5, ""tp_mult_sr"": 4.8, ""trail_mult"": 3.5, ""trail_tp"": true, ""use_trailing"": true}",{},
2264,-1000000000.0,TrialState.COMPLETE,2026-04-01T05:26:47.302453,2026-04-01T05:26:47.397031,0.094578,"{""atr_window"": 13, ""bb_std_dev"": 1.7999999999999998, ""bb_window"": 25, ""cooldown"": 0, ""macd_fast"": 12, ""macd_k"": 1.15, ""macd_k_mid"": 0.95, ""macd_signal"": 7, ""macd_slow"": 36, ""macd_std_window"": 96, ""rebalance_freq"": 180, ""rebounce_block"": 2, ""sl_mult_lm"": 1.9, ""sl_mult_lr"": 2.9, ""sl_mult_sm"": 1.85, ""sl_mult_sr"": 3.1, ""time_stop"": 3, ""tp_mult_lm"": 5.2, ""tp_mult_lr"": 10.4, ""tp_mult_sm"": 6.5, ""tp_mult_sr"": 5.0, ""trail_mult"": 3.2, ""trail_tp"": false, ""use_trailing"": false}",{},
