number,value,state,datetime_start,datetime_complete,duration_seconds,params_json,fold_sharpes_json,avg_cv_sharpe
899,-1000000000.0,TrialState.COMPLETE,2026-04-01T02:22:33.058378,2026-04-01T02:22:33.098136,0.039758,"{""atr_window"": 18, ""bb_std_dev"": 1.7, ""bb_window"": 20, ""cooldown"": 2, ""macd_fast"": 20, ""macd_k"": 1.0, ""macd_k_mid"": 0.55, ""macd_signal"": 6, ""macd_slow"": 43, ""macd_std_window"": 81, ""rebalance_freq"": 30, ""rebounce_block"": 1, ""sl_mult_lm"": 1.85, ""sl_mult_lr"": 2.7, ""sl_mult_sm"": 1.15, ""sl_mult_sr"": 3.2, ""time_stop"": 21, ""tp_mult_lm"": 3.9, ""tp_mult_lr"": 9.0, ""tp_mult_sm"": 6.1, ""tp_mult_sr"": 3.4, ""trail_mult"": 3.0, ""trail_tp"": true, ""use_trailing"": true}",{},
900,-1000000000.0,TrialState.COMPLETE,2026-04-01T02:22:33.129987,2026-04-01T02:22:33.171198,0.041211,"{""atr_window"": 11, ""bb_std_dev"": 2.5, ""bb_window"": 14, ""cooldown"": 0, ""macd_fast"": 11, ""macd_k"": 1.5, ""macd_k_mid"": 0.75, ""macd_signal"": 10, ""macd_slow"": 38, ""macd_std_window"": 84, ""rebalance_freq"": 120, ""rebounce_block"": 5, ""sl_mult_lm"": 1.7000000000000002, ""sl_mult_lr"": 3.5, ""sl_mult_sm"": 1.6, ""sl_mult_sr"": 2.4, ""time_stop"": 8, ""tp_mult_lm"": 5.800000000000001, ""tp_mult_lr"": 11.8, ""tp_mult_sm"": 5.1, ""tp_mult_sr"": 6.2, ""trail_mult"": 3.5, ""trail_tp"": false, ""use_trailing"": true}",{},
901,-1000000000.0,TrialState.COMPLETE,2026-04-01T02:22:33.203968,2026-04-01T02:22:35.763761,2.559793,"{""atr_window"": 16, ""bb_std_dev"": 1.5, ""bb_window"": 21, ""cooldown"": 2, ""macd_fast"": 14, ""macd_k"": 1.6, ""macd_k_mid"": 0.55, ""macd_signal"": 7, ""macd_slow"": 36, ""macd_std_window"": 71, ""rebalance_freq"": 90, ""rebounce_block"": 3, ""sl_mult_lm"": 2.1500000000000004, ""sl_mult_lr"": 2.9, ""sl_mult_sm"": 1.05, ""sl_mult_sr"": 2.0, ""time_stop"": 27, ""tp_mult_lm"": 5.2, ""tp_mult_lr"": 12.4, ""tp_mult_sm"": 5.7, ""tp_mult_sr"": 4.5, ""trail_mult"": 1.6, ""trail_tp"": true, ""use_trailing"": false}",{},
902,-1000000000.0,TrialState.COMPLETE,2026-04-01T02:22:35.792264,2026-04-01T02:22:35.833007,0.040743,"{""atr_window"": 20, ""bb_std_dev"": 1.7999999999999998, ""bb_window"": 19, ""cooldown"": 1, ""macd_fast"": 15, ""macd_k"": 1.05, ""macd_k_mid"": 0.9, ""macd_signal"": 9, ""macd_slow"": 43, ""macd_std_window"": 100, ""rebalance_freq"": 60, ""rebounce_block"": 6, ""sl_mult_lm"": 1.05, ""sl_mult_lr"": 2.3, ""sl_mult_sm"": 1.75, ""sl_mult_sr"": 1.5, ""time_stop"": 7, ""tp_mult_lm"": 5.9, ""tp_mult_lr"": 9.4, ""tp_mult_sm"": 6.4, ""tp_mult_sr"": 3.9, ""trail_mult"": 2.1, ""trail_tp"": false, ""use_trailing"": true}",{},
903,-1000000000.0,TrialState.COMPLETE,2026-04-01T02:22:35.866677,2026-04-01T02:22:35.905372,0.038695,"{""atr_window"": 17, ""bb_std_dev"": 2.45, ""bb_window"": 15, ""cooldown"": 5, ""macd_fast"": 17, ""macd_k"": 1.15, ""macd_k_mid"": 0.65, ""macd_signal"": 8, ""macd_slow"": 44, ""macd_std_window"": 80, ""rebalance_freq"": 180, ""rebounce_block"": 0, ""sl_mult_lm"": 2.0, ""sl_mult_lr"": 4.7, ""sl_mult_sm"": 1.9, ""sl_mult_sr"": 1.9, ""time_stop"": 29, ""tp_mult_lm"": 3.5, ""tp_mult_lr"": 11.0, ""tp_mult_sm"": 3.3, ""tp_mult_sr"": 4.0, ""trail_mult"": 3.7, ""trail_tp"": true, ""use_trailing"": true}",{},
904,-1000000000.0,TrialState.COMPLETE,2026-04-01T02:22:35.941600,2026-04-01T02:22:35.982377,0.040777,"{""atr_window"": 15, ""bb_std_dev"": 2.4, ""bb_window"": 16, ""cooldown"": 3, ""macd_fast"": 12, ""macd_k"": 1.65, ""macd_k_mid"": 0.5, ""macd_signal"": 9, ""macd_slow"": 40, ""macd_std_window"": 77, ""rebalance_freq"": 150, ""rebounce_block"": 4, ""sl_mult_lm"": 1.2, ""sl_mult_lr"": 2.5, ""sl_mult_sm"": 1.25, ""sl_mult_sr"": 1.6, ""time_stop"": 0, ""tp_mult_lm"": 5.7, ""tp_mult_lr"": 16.6, ""tp_mult_sm"": 3.9, ""tp_mult_sr"": 3.1, ""trail_mult"": 3.2, ""trail_tp"": false, ""use_trailing"": true}",{},
905,-1000000000.0,TrialState.COMPLETE,2026-04-01T02:22:36.013831,2026-04-01T02:22:38.498918,2.485087,"{""atr_window"": 12, ""bb_std_dev"": 2.0, ""bb_window"": 17, ""cooldown"": 0, ""macd_fast"": 20, ""macd_k"": 1.9, ""macd_k_mid"": 0.8, ""macd_signal"": 7, ""macd_slow"": 39, ""macd_std_window"": 91, ""rebalance_freq"": 150, ""rebounce_block"": 5, ""sl_mult_lm"": 1.0, ""sl_mult_lr"": 2.2, ""sl_mult_sm"": 1.45, ""sl_mult_sr"": 1.7, ""time_stop"": 17, ""tp_mult_lm"": 5.6, ""tp_mult_lr"": 9.8, ""tp_mult_sm"": 3.8, ""tp_mult_sr"": 4.2, ""trail_mult"": 3.4000000000000004, ""trail_tp"": true, ""use_trailing"": false}",{},
906,-1000000000.0,TrialState.COMPLETE,2026-04-01T02:22:38.532265,2026-04-01T02:22:38.572423,0.040158,"{""atr_window"": 18, ""bb_std_dev"": 1.4, ""bb_window"": 24, ""cooldown"": 4, ""macd_fast"": 12, ""macd_k"": 1.45, ""macd_k_mid"": 0.55, ""macd_signal"": 8, ""macd_slow"": 37, ""macd_std_window"": 99, ""rebalance_freq"": 180, ""rebounce_block"": 2, ""sl_mult_lm"": 1.9500000000000002, ""sl_mult_lr"": 2.1, ""sl_mult_sm"": 1.5, ""sl_mult_sr"": 2.5, ""time_stop"": 20, ""tp_mult_lm"": 4.9, ""tp_mult_lr"": 11.6, ""tp_mult_sm"": 4.5, ""tp_mult_sr"": 4.7, ""trail_mult"": 4.0, ""trail_tp"": false, ""use_trailing"": true}",{},
907,-1000000000.0,TrialState.COMPLETE,2026-04-01T02:22:38.605950,2026-04-01T02:22:38.643924,0.037974,"{""atr_window"": 14, ""bb_std_dev"": 2.15, ""bb_window"": 14, ""cooldown"": 2, ""macd_fast"": 10, ""macd_k"": 1.1, ""macd_k_mid"": 0.7, ""macd_signal"": 6, ""macd_slow"": 35, ""macd_std_window"": 95, ""rebalance_freq"": 120, ""rebounce_block"": 6, ""sl_mult_lm"": 1.8, ""sl_mult_lr"": 2.6, ""sl_mult_sm"": 1.0, ""sl_mult_sr"": 2.1, ""time_stop"": 14, ""tp_mult_lm"": 5.0, ""tp_mult_lr"": 15.8, ""tp_mult_sm"": 7.0, ""tp_mult_sr"": 3.8, ""trail_mult"": 3.6, ""trail_tp"": true, ""use_trailing"": true}",{},
908,-1000000000.0,TrialState.COMPLETE,2026-04-01T02:22:38.675445,2026-04-01T02:22:38.714169,0.038724,"{""atr_window"": 20, ""bb_std_dev"": 1.95, ""bb_window"": 22, ""cooldown"": 1, ""macd_fast"": 13, ""macd_k"": 1.7000000000000002, ""macd_k_mid"": 0.95, ""macd_signal"": 10, ""macd_slow"": 41, ""macd_std_window"": 97, ""rebalance_freq"": 150, ""rebounce_block"": 5, ""sl_mult_lm"": 1.9, ""sl_mult_lr"": 2.4, ""sl_mult_sm"": 1.8, ""sl_mult_sr"": 2.2, ""time_stop"": 25, ""tp_mult_lm"": 3.7, ""tp_mult_lr"": 12.2, ""tp_mult_sm"": 3.5, ""tp_mult_sr"": 5.4, ""trail_mult"": 3.8000000000000003, ""trail_tp"": false, ""use_trailing"": false}",{},
909,-1000000000.0,TrialState.COMPLETE,2026-04-01T02:22:38.751341,2026-04-01T02:22:38.790258,0.038917,"{""atr_window"": 13, ""bb_std_dev"": 1.75, ""bb_window"": 18, ""cooldown"": 4, ""macd_fast"": 16, ""macd_k"": 1.0, ""macd_k_mid"": 0.6, ""macd_signal"": 9, ""macd_slow"": 43, ""macd_std_window"": 87, ""rebalance_freq"": 90, ""rebounce_block"": 0, ""sl_mult_lm"": 1.3, ""sl_mult_lr"": 4.0, ""sl_mult_sm"": 1.9500000000000002, ""sl_mult_sr"": 1.9, ""time_stop"": 1, ""tp_mult_lm"": 5.1, ""tp_mult_lr"": 11.2, ""tp_mult_sm"": 4.2, ""tp_mult_sr"": 6.4, ""trail_mult"": 2.2, ""trail_tp"": true, ""use_trailing"": true}",{},
910,-1000000000.0,TrialState.COMPLETE,2026-04-01T02:22:38.822679,2026-04-01T02:22:38.861450,0.038771,"{""atr_window"": 19, ""bb_std_dev"": 2.1, ""bb_window"": 15, ""cooldown"": 1, ""macd_fast"": 18, ""macd_k"": 1.1, ""macd_k_mid"": 0.65, ""macd_signal"": 5, ""macd_slow"": 44, ""macd_std_window"": 90, ""rebalance_freq"": 60, ""rebounce_block"": 3, ""sl_mult_lm"": 1.2, ""sl_mult_lr"": 3.0, ""sl_mult_sm"": 1.4, ""sl_mult_sr"": 1.8, ""time_stop"": 22, ""tp_mult_lm"": 4.5, ""tp_mult_lr"": 14.2, ""tp_mult_sm"": 6.4, ""tp_mult_sr"": 4.4, ""trail_mult"": 1.5, ""trail_tp"": false, ""use_trailing"": true}",{},
911,-1000000000.0,TrialState.COMPLETE,2026-04-01T02:22:38.895225,2026-04-01T02:22:38.944819,0.049594,"{""atr_window"": 16, ""bb_std_dev"": 2.35, ""bb_window"": 20, ""cooldown"": 0, ""macd_fast"": 11, ""macd_k"": 1.35, ""macd_k_mid"": 0.8500000000000001, ""macd_signal"": 8, ""macd_slow"": 39, ""macd_std_window"": 88, ""rebalance_freq"": 180, ""rebounce_block"": 5, ""sl_mult_lm"": 2.1, ""sl_mult_lr"": 2.2, ""sl_mult_sm"": 1.65, ""sl_mult_sr"": 2.7, ""time_stop"": 11, ""tp_mult_lm"": 5.3, ""tp_mult_lr"": 10.0, ""tp_mult_sm"": 6.0, ""tp_mult_sr"": 3.0, ""trail_mult"": 2.3, ""trail_tp"": true, ""use_trailing"": true}",{},
912,-1000000000.0,TrialState.COMPLETE,2026-04-01T02:22:38.977880,2026-04-01T02:22:39.020716,0.042836,"{""atr_window"": 17, ""bb_std_dev"": 2.4, ""bb_window"": 14, ""cooldown"": 2, ""macd_fast"": 14, ""macd_k"": 1.55, ""macd_k_mid"": 0.5, ""macd_signal"": 8, ""macd_slow"": 38, ""macd_std_window"": 72, ""rebalance_freq"": 30, ""rebounce_block"": 3, ""sl_mult_lm"": 1.5, ""sl_mult_lr"": 2.3, ""sl_mult_sm"": 1.7000000000000002, ""sl_mult_sr"": 2.8, ""time_stop"": 15, ""tp_mult_lm"": 4.7, ""tp_mult_lr"": 11.4, ""tp_mult_sm"": 4.7, ""tp_mult_sr"": 6.300000000000001, ""trail_mult"": 2.0, ""trail_tp"": false, ""use_trailing"": false}",{},
913,-1000000000.0,TrialState.COMPLETE,2026-04-01T02:22:39.055630,2026-04-01T02:22:39.096224,0.040594,"{""atr_window"": 11, ""bb_std_dev"": 2.2, ""bb_window"": 21, ""cooldown"": 5, ""macd_fast"": 15, ""macd_k"": 1.85, ""macd_k_mid"": 0.6, ""macd_signal"": 7, ""macd_slow"": 42, ""macd_std_window"": 82, ""rebalance_freq"": 150, ""rebounce_block"": 6, ""sl_mult_lm"": 1.4, ""sl_mult_lr"": 2.8, ""sl_mult_sm"": 1.85, ""sl_mult_sr"": 2.9000000000000004, ""time_stop"": 30, ""tp_mult_lm"": 5.2, ""tp_mult_lr"": 13.8, ""tp_mult_sm"": 3.6, ""tp_mult_sr"": 6.800000000000001, ""trail_mult"": 1.8, ""trail_tp"": true, ""use_trailing"": true}",{},
914,-1000000000.0,TrialState.COMPLETE,2026-04-01T02:22:39.129668,2026-04-01T02:22:39.168231,0.038563,"{""atr_window"": 15, ""bb_std_dev"": 2.25, ""bb_window"": 14, ""cooldown"": 3, ""macd_fast"": 14, ""macd_k"": 1.4, ""macd_k_mid"": 0.55, ""macd_signal"": 9, ""macd_slow"": 40, ""macd_std_window"": 83, ""rebalance_freq"": 150, ""rebounce_block"": 4, ""sl_mult_lm"": 1.35, ""sl_mult_lr"": 3.4000000000000004, ""sl_mult_sm"": 2.0, ""sl_mult_sr"": 1.6, ""time_stop"": 26, ""tp_mult_lm"": 6.0, ""tp_mult_lr"": 10.6, ""tp_mult_sm"": 6.2, ""tp_mult_sr"": 5.9, ""trail_mult"": 1.7, ""trail_tp"": false, ""use_trailing"": true}",{},
915,-1000000000.0,TrialState.COMPLETE,2026-04-01T02:22:39.203227,2026-04-01T02:22:39.243842,0.040615,"{""atr_window"": 18, ""bb_std_dev"": 1.9, ""bb_window"": 16, ""cooldown"": 1, ""macd_fast"": 10, ""macd_k"": 1.15, ""macd_k_mid"": 1.0, ""macd_signal"": 9, ""macd_slow"": 43, ""macd_std_window"": 70, ""rebalance_freq"": 120, ""rebounce_block"": 6, ""sl_mult_lm"": 1.15, ""sl_mult_lr"": 4.5, ""sl_mult_sm"": 1.2, ""sl_mult_sr"": 1.5, ""time_stop"": 16, ""tp_mult_lm"": 5.9, ""tp_mult_lr"": 12.0, ""tp_mult_sm"": 5.6, ""tp_mult_sr"": 4.9, ""trail_mult"": 3.3, ""trail_tp"": true, ""use_trailing"": true}",{},
916,-1000000000.0,TrialState.COMPLETE,2026-04-01T02:22:39.276847,2026-04-01T02:22:41.708026,2.431179,"{""atr_window"": 14, ""bb_std_dev"": 1.5999999999999999, ""bb_window"": 23, ""cooldown"": 2, ""macd_fast"": 19, ""macd_k"": 1.2, ""macd_k_mid"": 0.7, ""macd_signal"": 8, ""macd_slow"": 41, ""macd_std_window"": 92, ""rebalance_freq"": 180, ""rebounce_block"": 2, ""sl_mult_lm"": 1.65, ""sl_mult_lr"": 2.0, ""sl_mult_sm"": 1.55, ""sl_mult_sr"": 1.7, ""time_stop"": 5, ""tp_mult_lm"": 5.5, ""tp_mult_lr"": 9.6, ""tp_mult_sm"": 4.4, ""tp_mult_sr"": 3.7, ""trail_mult"": 1.9, ""trail_tp"": false, ""use_trailing"": false}",{},
917,-1000000000.0,TrialState.COMPLETE,2026-04-01T02:22:41.734856,2026-04-01T02:22:41.775189,0.040333,"{""atr_window"": 16, ""bb_std_dev"": 2.0, ""bb_window"": 15, ""cooldown"": 3, ""macd_fast"": 12, ""macd_k"": 1.05, ""macd_k_mid"": 0.5, ""macd_signal"": 10, ""macd_slow"": 36, ""macd_std_window"": 85, ""rebalance_freq"": 30, ""rebounce_block"": 1, ""sl_mult_lm"": 1.25, ""sl_mult_lr"": 2.9, ""sl_mult_sm"": 1.8, ""sl_mult_sr"": 2.1, ""time_stop"": 3, ""tp_mult_lm"": 5.6, ""tp_mult_lr"": 12.8, ""tp_mult_sm"": 5.300000000000001, ""tp_mult_sr"": 3.5, ""trail_mult"": 2.9000000000000004, ""trail_tp"": true, ""use_trailing"": true}",{},
918,-1000000000.0,TrialState.COMPLETE,2026-04-01T02:22:41.820527,2026-04-01T02:22:44.325252,2.504725,"{""atr_window"": 13, ""bb_std_dev"": 2.3, ""bb_window"": 17, ""cooldown"": 4, ""macd_fast"": 16, ""macd_k"": 1.65, ""macd_k_mid"": 0.55, ""macd_signal"": 8, ""macd_slow"": 37, ""macd_std_window"": 94, ""rebalance_freq"": 90, ""rebounce_block"": 5, ""sl_mult_lm"": 1.1, ""sl_mult_lr"": 3.3, ""sl_mult_sm"": 1.75, ""sl_mult_sr"": 2.0, ""time_stop"": 13, ""tp_mult_lm"": 4.2, ""tp_mult_lr"": 14.600000000000001, ""tp_mult_sm"": 6.6, ""tp_mult_sr"": 5.6, ""trail_mult"": 3.1, ""trail_tp"": false, ""use_trailing"": true}",{},
919,-1000000000.0,TrialState.COMPLETE,2026-04-01T02:22:44.352280,2026-04-01T02:22:44.394455,0.042175,"{""atr_window"": 20, ""bb_std_dev"": 2.05, ""bb_window"": 19, ""cooldown"": 1, ""macd_fast"": 13, ""macd_k"": 1.6, ""macd_k_mid"": 0.6, ""macd_signal"": 7, ""macd_slow"": 44, ""macd_std_window"": 75, ""rebalance_freq"": 120, ""rebounce_block"": 0, ""sl_mult_lm"": 1.0, ""sl_mult_lr"": 4.2, ""sl_mult_sm"": 1.1, ""sl_mult_sr"": 1.6, ""time_stop"": 9, ""tp_mult_lm"": 3.9, ""tp_mult_lr"": 10.4, ""tp_mult_sm"": 6.300000000000001, ""tp_mult_sr"": 3.6, ""trail_mult"": 3.7, ""trail_tp"": true, ""use_trailing"": true}",{},
920,-1000000000.0,TrialState.COMPLETE,2026-04-01T02:22:44.424628,2026-04-01T02:22:46.944994,2.520366,"{""atr_window"": 19, ""bb_std_dev"": 1.95, ""bb_window"": 25, ""cooldown"": 0, ""macd_fast"": 18, ""macd_k"": 1.5, ""macd_k_mid"": 0.75, ""macd_signal"": 6, ""macd_slow"": 35, ""macd_std_window"": 73, ""rebalance_freq"": 150, ""rebounce_block"": 2, ""sl_mult_lm"": 2.0, ""sl_mult_lr"": 2.3, ""sl_mult_sm"": 1.6, ""sl_mult_sr"": 2.3, ""time_stop"": 19, ""tp_mult_lm"": 5.4, ""tp_mult_lr"": 12.2, ""tp_mult_sm"": 6.9, ""tp_mult_sr"": 7.0, ""trail_mult"": 2.6, ""trail_tp"": false, ""use_trailing"": false}",{},
921,-1000000000.0,TrialState.COMPLETE,2026-04-01T02:22:46.978047,2026-04-01T02:22:49.497483,2.519436,"{""atr_window"": 17, ""bb_std_dev"": 2.5, ""bb_window"": 14, ""cooldown"": 2, ""macd_fast"": 20, ""macd_k"": 1.0, ""macd_k_mid"": 0.65, ""macd_signal"": 8, ""macd_slow"": 42, ""macd_std_window"": 89, ""rebalance_freq"": 180, ""rebounce_block"": 4, ""sl_mult_lm"": 1.3, ""sl_mult_lr"": 2.6, ""sl_mult_sm"": 1.3, ""sl_mult_sr"": 2.2, ""time_stop"": 18, ""tp_mult_lm"": 5.7, ""tp_mult_lr"": 13.4, ""tp_mult_sm"": 4.8, ""tp_mult_sr"": 5.7, ""trail_mult"": 2.8, ""trail_tp"": true, ""use_trailing"": true}",{},
922,-1000000000.0,TrialState.COMPLETE,2026-04-01T02:22:49.531244,2026-04-01T02:22:49.572811,0.041567,"{""atr_window"": 14, ""bb_std_dev"": 1.7, ""bb_window"": 17, ""cooldown"": 1, ""macd_fast"": 17, ""macd_k"": 1.05, ""macd_k_mid"": 0.55, ""macd_signal"": 9, ""macd_slow"": 40, ""macd_std_window"": 82, ""rebalance_freq"": 150, ""rebounce_block"": 3, ""sl_mult_lm"": 2.2, ""sl_mult_lr"": 4.1, ""sl_mult_sm"": 1.25, ""sl_mult_sr"": 1.5, ""time_stop"": 24, ""tp_mult_lm"": 4.3, ""tp_mult_lr"": 8.4, ""tp_mult_sm"": 3.7, ""tp_mult_sr"": 6.7, ""trail_mult"": 3.0, ""trail_tp"": true, ""use_trailing"": true}",{},
923,-1000000000.0,TrialState.COMPLETE,2026-04-01T02:22:49.606275,2026-04-01T02:22:49.644978,0.038703,"{""atr_window"": 18, ""bb_std_dev"": 1.65, ""bb_window"": 16, ""cooldown"": 0, ""macd_fast"": 13, ""macd_k"": 1.75, ""macd_k_mid"": 0.5, ""macd_signal"": 10, ""macd_slow"": 37, ""macd_std_window"": 100, ""rebalance_freq"": 30, ""rebounce_block"": 5, ""sl_mult_lm"": 1.9, ""sl_mult_lr"": 2.5, ""sl_mult_sm"": 1.0, ""sl_mult_sr"": 2.4, ""time_stop"": 8, ""tp_mult_lm"": 4.0, ""tp_mult_lr"": 12.600000000000001, ""tp_mult_sm"": 3.4, ""tp_mult_sr"": 6.0, ""trail_mult"": 3.9000000000000004, ""trail_tp"": false, ""use_trailing"": false}",{},
924,-1000000000.0,TrialState.COMPLETE,2026-04-01T02:22:49.679157,2026-04-01T02:22:49.720728,0.041571,"{""atr_window"": 12, ""bb_std_dev"": 2.45, ""bb_window"": 15, ""cooldown"": 4, ""macd_fast"": 12, ""macd_k"": 1.3, ""macd_k_mid"": 0.6, ""macd_signal"": 9, ""macd_slow"": 41, ""macd_std_window"": 78, ""rebalance_freq"": 60, ""rebounce_block"": 6, ""sl_mult_lm"": 1.9500000000000002, ""sl_mult_lr"": 2.4, ""sl_mult_sm"": 1.75, ""sl_mult_sr"": 2.0, ""time_stop"": 28, ""tp_mult_lm"": 5.0, ""tp_mult_lr"": 13.0, ""tp_mult_sm"": 3.0, ""tp_mult_sr"": 5.800000000000001, ""trail_mult"": 2.1, ""trail_tp"": true, ""use_trailing"": true}",{},
925,-1000000000.0,TrialState.COMPLETE,2026-04-01T02:22:49.758976,2026-04-01T02:22:49.798066,0.03909,"{""atr_window"": 16, ""bb_std_dev"": 2.2, ""bb_window"": 18, ""cooldown"": 5, ""macd_fast"": 15, ""macd_k"": 1.2, ""macd_k_mid"": 0.7, ""macd_signal"": 7, ""macd_slow"": 43, ""macd_std_window"": 98, ""rebalance_freq"": 120, ""rebounce_block"": 0, ""sl_mult_lm"": 1.55, ""sl_mult_lr"": 2.5, ""sl_mult_sm"": 1.65, ""sl_mult_sr"": 1.9, ""time_stop"": 21, ""tp_mult_lm"": 3.6, ""tp_mult_lr"": 12.0, ""tp_mult_sm"": 5.800000000000001, ""tp_mult_sr"": 3.9, ""trail_mult"": 2.5, ""trail_tp"": false, ""use_trailing"": true}",{},
926,-1000000000.0,TrialState.COMPLETE,2026-04-01T02:22:49.830730,2026-04-01T02:22:49.869638,0.038908,"{""atr_window"": 15, ""bb_std_dev"": 2.35, ""bb_window"": 14, ""cooldown"": 1, ""macd_fast"": 14, ""macd_k"": 1.25, ""macd_k_mid"": 0.55, ""macd_signal"": 5, ""macd_slow"": 38, ""macd_std_window"": 86, ""rebalance_freq"": 150, ""rebounce_block"": 5, ""sl_mult_lm"": 1.45, ""sl_mult_lr"": 4.4, ""sl_mult_sm"": 1.85, ""sl_mult_sr"": 2.8, ""time_stop"": 4, ""tp_mult_lm"": 5.1, ""tp_mult_lr"": 15.600000000000001, ""tp_mult_sm"": 4.3, ""tp_mult_sr"": 6.2, ""trail_mult"": 2.2, ""trail_tp"": true, ""use_trailing"": true}",{},
927,-1000000000.0,TrialState.COMPLETE,2026-04-01T02:22:49.905157,2026-04-01T02:22:49.959715,0.054558,"{""atr_window"": 20, ""bb_std_dev"": 1.7999999999999998, ""bb_window"": 14, ""cooldown"": 2, ""macd_fast"": 11, ""macd_k"": 1.45, ""macd_k_mid"": 0.8, ""macd_signal"": 8, ""macd_slow"": 44, ""macd_std_window"": 99, ""rebalance_freq"": 90, ""rebounce_block"": 1, ""sl_mult_lm"": 1.7000000000000002, ""sl_mult_lr"": 3.3, ""sl_mult_sm"": 1.9, ""sl_mult_sr"": 2.6, ""time_stop"": 6, ""tp_mult_lm"": 5.3, ""tp_mult_lr"": 15.0, ""tp_mult_sm"": 6.800000000000001, ""tp_mult_sr"": 3.3, ""trail_mult"": 3.2, ""trail_tp"": false, ""use_trailing"": false}",{},
928,-1000000000.0,TrialState.COMPLETE,2026-04-01T02:22:49.992884,2026-04-01T02:22:52.616331,2.623447,"{""atr_window"": 15, ""bb_std_dev"": 1.45, ""bb_window"": 21, ""cooldown"": 3, ""macd_fast"": 20, ""macd_k"": 1.8, ""macd_k_mid"": 0.9, ""macd_signal"": 7, ""macd_slow"": 40, ""macd_std_window"": 91, ""rebalance_freq"": 180, ""rebounce_block"": 4, ""sl_mult_lm"": 1.8, ""sl_mult_lr"": 3.1, ""sl_mult_sm"": 1.7000000000000002, ""sl_mult_sr"": 1.8, ""time_stop"": 20, ""tp_mult_lm"": 3.8, ""tp_mult_lr"": 11.8, ""tp_mult_sm"": 6.5, ""tp_mult_sr"": 4.7, ""trail_mult"": 1.6, ""trail_tp"": true, ""use_trailing"": true}",{},
929,-1000000000.0,TrialState.COMPLETE,2026-04-01T02:22:52.651497,2026-04-01T02:22:52.695024,0.043527,"{""atr_window"": 14, ""bb_std_dev"": 1.5499999999999998, ""bb_window"": 24, ""cooldown"": 1, ""macd_fast"": 12, ""macd_k"": 1.15, ""macd_k_mid"": 0.6, ""macd_signal"": 9, ""macd_slow"": 36, ""macd_std_window"": 79, ""rebalance_freq"": 150, ""rebounce_block"": 3, ""sl_mult_lm"": 1.85, ""sl_mult_lr"": 2.7, ""sl_mult_sm"": 1.6, ""sl_mult_sr"": 1.6, ""time_stop"": 15, ""tp_mult_lm"": 4.8, ""tp_mult_lr"": 9.2, ""tp_mult_sm"": 3.3, ""tp_mult_sr"": 3.2, ""trail_mult"": 3.1, ""trail_tp"": false, ""use_trailing"": true}",{},
930,-1000000000.0,TrialState.COMPLETE,2026-04-01T02:22:52.731083,2026-04-01T02:22:52.771880,0.040797,"{""atr_window"": 16, ""bb_std_dev"": 2.15, ""bb_window"": 16, ""cooldown"": 4, ""macd_fast"": 10, ""macd_k"": 1.2, ""macd_k_mid"": 0.65, ""macd_signal"": 6, ""macd_slow"": 39, ""macd_std_window"": 71, ""rebalance_freq"": 180, ""rebounce_block"": 5, ""sl_mult_lm"": 1.25, ""sl_mult_lr"": 4.300000000000001, ""sl_mult_sm"": 2.0, ""sl_mult_sr"": 3.1, ""time_stop"": 10, ""tp_mult_lm"": 5.5, ""tp_mult_lr"": 12.4, ""tp_mult_sm"": 4.9, ""tp_mult_sr"": 5.1, ""trail_mult"": 2.0, ""trail_tp"": true, ""use_trailing"": true}",{},
931,-1000000000.0,TrialState.COMPLETE,2026-04-01T02:22:52.803550,2026-04-01T02:22:52.844659,0.041109,"{""atr_window"": 19, ""bb_std_dev"": 2.4, ""bb_window"": 20, ""cooldown"": 0, ""macd_fast"": 19, ""macd_k"": 1.35, ""macd_k_mid"": 1.0, ""macd_signal"": 10, ""macd_slow"": 42, ""macd_std_window"": 70, ""rebalance_freq"": 120, ""rebounce_block"": 6, ""sl_mult_lm"": 1.35, ""sl_mult_lr"": 2.0, ""sl_mult_sm"": 1.55, ""sl_mult_sr"": 2.5, ""time_stop"": 2, ""tp_mult_lm"": 5.6, ""tp_mult_lr"": 10.2, ""tp_mult_sm"": 5.4, ""tp_mult_sr"": 3.0, ""trail_mult"": 1.7, ""trail_tp"": false, ""use_trailing"": false}",{},
932,-1000000000.0,TrialState.COMPLETE,2026-04-01T02:22:52.876980,2026-04-01T02:22:52.931036,0.054056,"{""atr_window"": 10, ""bb_std_dev"": 2.45, ""bb_window"": 22, ""cooldown"": 2, ""macd_fast"": 20, ""macd_k"": 1.1, ""macd_k_mid"": 0.7, ""macd_signal"": 8, ""macd_slow"": 44, ""macd_std_window"": 88, ""rebalance_freq"": 150, ""rebounce_block"": 2, ""sl_mult_lm"": 1.05, ""sl_mult_lr"": 4.6, ""sl_mult_sm"": 1.5, ""sl_mult_sr"": 1.5, ""time_stop"": 0, ""tp_mult_lm"": 5.800000000000001, ""tp_mult_lr"": 8.2, ""tp_mult_sm"": 4.6, ""tp_mult_sr"": 4.1, ""trail_mult"": 2.7, ""trail_tp"": true, ""use_trailing"": true}",{},
933,-1000000000.0,TrialState.COMPLETE,2026-04-01T02:22:52.993136,2026-04-01T02:22:53.053919,0.060783,"{""atr_window"": 18, ""bb_std_dev"": 2.2, ""bb_window"": 15, ""cooldown"": 1, ""macd_fast"": 15, ""macd_k"": 1.5, ""macd_k_mid"": 0.5, ""macd_signal"": 9, ""macd_slow"": 41, ""macd_std_window"": 90, ""rebalance_freq"": 30, ""rebounce_block"": 3, ""sl_mult_lm"": 1.9500000000000002, ""sl_mult_lr"": 2.2, ""sl_mult_sm"": 1.05, ""sl_mult_sr"": 2.1, ""time_stop"": 23, ""tp_mult_lm"": 5.2, ""tp_mult_lr"": 10.8, ""tp_mult_sm"": 5.2, ""tp_mult_sr"": 6.5, ""trail_mult"": 3.8000000000000003, ""trail_tp"": false, ""use_trailing"": true}",{},
