number,value,state,datetime_start,datetime_complete,duration_seconds,params_json,fold_sharpes_json,avg_cv_sharpe
2163,-1000000000.0,TrialState.COMPLETE,2026-04-01T04:58:45.027755,2026-04-01T04:58:45.110325,0.08257,"{""atr_window"": 11, ""bb_std_dev"": 2.0, ""bb_window"": 15, ""cooldown"": 1, ""macd_fast"": 15, ""macd_k"": 1.05, ""macd_k_mid"": 0.7, ""macd_signal"": 10, ""macd_slow"": 44, ""macd_std_window"": 95, ""rebalance_freq"": 150, ""rebounce_block"": 5, ""sl_mult_lm"": 1.8, ""sl_mult_lr"": 3.0, ""sl_mult_sm"": 1.9500000000000002, ""sl_mult_sr"": 2.2, ""time_stop"": 23, ""tp_mult_lm"": 5.800000000000001, ""tp_mult_lr"": 15.600000000000001, ""tp_mult_sm"": 6.7, ""tp_mult_sr"": 5.6, ""trail_mult"": 2.0, ""trail_tp"": false, ""use_trailing"": true}",{},
2164,-1000000000.0,TrialState.COMPLETE,2026-04-01T04:58:45.148172,2026-04-01T04:58:45.228297,0.080125,"{""atr_window"": 12, ""bb_std_dev"": 2.2, ""bb_window"": 14, ""cooldown"": 5, ""macd_fast"": 11, ""macd_k"": 1.4, ""macd_k_mid"": 0.55, ""macd_signal"": 9, ""macd_slow"": 38, ""macd_std_window"": 88, ""rebalance_freq"": 90, ""rebounce_block"": 4, ""sl_mult_lm"": 1.05, ""sl_mult_lr"": 2.4, ""sl_mult_sm"": 1.55, ""sl_mult_sr"": 1.6, ""time_stop"": 6, ""tp_mult_lm"": 5.9, ""tp_mult_lr"": 13.2, ""tp_mult_sm"": 5.6, ""tp_mult_sr"": 5.1, ""trail_mult"": 2.3, ""trail_tp"": true, ""use_trailing"": false}",{},
2165,-1000000000.0,TrialState.COMPLETE,2026-04-01T04:58:45.275120,2026-04-01T04:58:47.752747,2.477627,"{""atr_window"": 18, ""bb_std_dev"": 2.45, ""bb_window"": 16, ""cooldown"": 3, ""macd_fast"": 13, ""macd_k"": 1.8, ""macd_k_mid"": 0.5, ""macd_signal"": 6, ""macd_slow"": 35, ""macd_std_window"": 74, ""rebalance_freq"": 30, ""rebounce_block"": 6, ""sl_mult_lm"": 1.35, ""sl_mult_lr"": 2.2, ""sl_mult_sm"": 1.7000000000000002, ""sl_mult_sr"": 2.6, ""time_stop"": 20, ""tp_mult_lm"": 6.0, ""tp_mult_lr"": 12.0, ""tp_mult_sm"": 3.5, ""tp_mult_sr"": 5.5, ""trail_mult"": 1.7, ""trail_tp"": false, ""use_trailing"": true}",{},
2166,-1000000000.0,TrialState.COMPLETE,2026-04-01T04:58:47.791287,2026-04-01T04:58:47.885477,0.09419,"{""atr_window"": 17, ""bb_std_dev"": 2.05, ""bb_window"": 20, ""cooldown"": 4, ""macd_fast"": 12, ""macd_k"": 1.55, ""macd_k_mid"": 0.55, ""macd_signal"": 8, ""macd_slow"": 40, ""macd_std_window"": 71, ""rebalance_freq"": 150, ""rebounce_block"": 0, ""sl_mult_lm"": 2.0, ""sl_mult_lr"": 2.5, ""sl_mult_sm"": 1.15, ""sl_mult_sr"": 2.4, ""time_stop"": 8, ""tp_mult_lm"": 5.3, ""tp_mult_lr"": 13.600000000000001, ""tp_mult_sm"": 4.2, ""tp_mult_sr"": 4.9, ""trail_mult"": 2.2, ""trail_tp"": true, ""use_trailing"": true}",{},
2167,-1000000000.0,TrialState.COMPLETE,2026-04-01T04:58:47.922270,2026-04-01T04:58:48.001128,0.078858,"{""atr_window"": 16, ""bb_std_dev"": 1.9, ""bb_window"": 17, ""cooldown"": 1, ""macd_fast"": 14, ""macd_k"": 1.45, ""macd_k_mid"": 0.6, ""macd_signal"": 9, ""macd_slow"": 42, ""macd_std_window"": 77, ""rebalance_freq"": 180, ""rebounce_block"": 3, ""sl_mult_lm"": 1.75, ""sl_mult_lr"": 2.3, ""sl_mult_sm"": 1.3, ""sl_mult_sr"": 1.8, ""time_stop"": 15, ""tp_mult_lm"": 5.2, ""tp_mult_lr"": 8.0, ""tp_mult_sm"": 4.5, ""tp_mult_sr"": 3.9, ""trail_mult"": 1.6, ""trail_tp"": false, ""use_trailing"": false}",{},
2168,-1000000000.0,TrialState.COMPLETE,2026-04-01T04:58:48.039228,2026-04-01T04:58:50.599894,2.560666,"{""atr_window"": 20, ""bb_std_dev"": 1.7999999999999998, ""bb_window"": 15, ""cooldown"": 2, ""macd_fast"": 19, ""macd_k"": 1.1, ""macd_k_mid"": 0.65, ""macd_signal"": 7, ""macd_slow"": 39, ""macd_std_window"": 73, ""rebalance_freq"": 120, ""rebounce_block"": 5, ""sl_mult_lm"": 1.45, ""sl_mult_lr"": 2.6, ""sl_mult_sm"": 1.85, ""sl_mult_sr"": 2.9000000000000004, ""time_stop"": 4, ""tp_mult_lm"": 4.9, ""tp_mult_lr"": 17.0, ""tp_mult_sm"": 6.6, ""tp_mult_sr"": 5.2, ""trail_mult"": 1.5, ""trail_tp"": true, ""use_trailing"": true}",{},
2169,-1000000000.0,TrialState.COMPLETE,2026-04-01T04:58:50.637423,2026-04-01T04:58:50.733273,0.09585,"{""atr_window"": 18, ""bb_std_dev"": 2.5, ""bb_window"": 18, ""cooldown"": 0, ""macd_fast"": 16, ""macd_k"": 1.9500000000000002, ""macd_k_mid"": 0.55, ""macd_signal"": 5, ""macd_slow"": 43, ""macd_std_window"": 99, ""rebalance_freq"": 150, ""rebounce_block"": 4, ""sl_mult_lm"": 1.4, ""sl_mult_lr"": 2.9, ""sl_mult_sm"": 1.0, ""sl_mult_sr"": 3.1, ""time_stop"": 25, ""tp_mult_lm"": 5.1, ""tp_mult_lr"": 11.8, ""tp_mult_sm"": 3.7, ""tp_mult_sr"": 5.9, ""trail_mult"": 3.6, ""trail_tp"": false, ""use_trailing"": true}",{},
2170,-1000000000.0,TrialState.COMPLETE,2026-04-01T04:58:50.792207,2026-04-01T04:58:53.362269,2.570062,"{""atr_window"": 19, ""bb_std_dev"": 1.4, ""bb_window"": 22, ""cooldown"": 4, ""macd_fast"": 20, ""macd_k"": 1.2, ""macd_k_mid"": 0.6, ""macd_signal"": 6, ""macd_slow"": 37, ""macd_std_window"": 93, ""rebalance_freq"": 120, ""rebounce_block"": 3, ""sl_mult_lm"": 1.0, ""sl_mult_lr"": 4.4, ""sl_mult_sm"": 1.6, ""sl_mult_sr"": 2.5, ""time_stop"": 11, ""tp_mult_lm"": 5.7, ""tp_mult_lr"": 10.2, ""tp_mult_sm"": 6.4, ""tp_mult_sr"": 6.300000000000001, ""trail_mult"": 1.9, ""trail_tp"": true, ""use_trailing"": true}",{},
2171,-1000000000.0,TrialState.COMPLETE,2026-04-01T04:58:53.391979,2026-04-01T04:58:53.471530,0.079551,"{""atr_window"": 14, ""bb_std_dev"": 1.7, ""bb_window"": 24, ""cooldown"": 1, ""macd_fast"": 12, ""macd_k"": 1.75, ""macd_k_mid"": 0.7, ""macd_signal"": 10, ""macd_slow"": 44, ""macd_std_window"": 89, ""rebalance_freq"": 150, ""rebounce_block"": 6, ""sl_mult_lm"": 1.9, ""sl_mult_lr"": 3.2, ""sl_mult_sm"": 1.45, ""sl_mult_sr"": 2.1, ""time_stop"": 7, ""tp_mult_lm"": 3.7, ""tp_mult_lr"": 9.4, ""tp_mult_sm"": 3.2, ""tp_mult_sr"": 4.7, ""trail_mult"": 2.2, ""trail_tp"": false, ""use_trailing"": false}",{},
2172,-1000000000.0,TrialState.COMPLETE,2026-04-01T04:58:53.508143,2026-04-01T04:58:53.599578,0.091435,"{""atr_window"": 15, ""bb_std_dev"": 2.35, ""bb_window"": 14, ""cooldown"": 2, ""macd_fast"": 14, ""macd_k"": 1.15, ""macd_k_mid"": 0.8500000000000001, ""macd_signal"": 8, ""macd_slow"": 41, ""macd_std_window"": 85, ""rebalance_freq"": 30, ""rebounce_block"": 1, ""sl_mult_lm"": 1.9500000000000002, ""sl_mult_lr"": 3.6, ""sl_mult_sm"": 1.3, ""sl_mult_sr"": 1.5, ""time_stop"": 29, ""tp_mult_lm"": 4.1, ""tp_mult_lr"": 12.2, ""tp_mult_sm"": 6.300000000000001, ""tp_mult_sr"": 3.8, ""trail_mult"": 3.3, ""trail_tp"": true, ""use_trailing"": true}",{},
2173,-1000000000.0,TrialState.COMPLETE,2026-04-01T04:58:53.633394,2026-04-01T04:58:53.726207,0.092813,"{""atr_window"": 16, ""bb_std_dev"": 1.5999999999999999, ""bb_window"": 14, ""cooldown"": 0, ""macd_fast"": 10, ""macd_k"": 1.6, ""macd_k_mid"": 0.55, ""macd_signal"": 9, ""macd_slow"": 36, ""macd_std_window"": 90, ""rebalance_freq"": 90, ""rebounce_block"": 5, ""sl_mult_lm"": 1.25, ""sl_mult_lr"": 2.5, ""sl_mult_sm"": 2.0, ""sl_mult_sr"": 1.7, ""time_stop"": 2, ""tp_mult_lm"": 5.4, ""tp_mult_lr"": 14.0, ""tp_mult_sm"": 6.800000000000001, ""tp_mult_sr"": 3.1, ""trail_mult"": 2.1, ""trail_tp"": false, ""use_trailing"": true}",{},
2174,-1000000000.0,TrialState.COMPLETE,2026-04-01T04:58:53.765576,2026-04-01T04:58:53.848176,0.0826,"{""atr_window"": 13, ""bb_std_dev"": 1.8499999999999999, ""bb_window"": 17, ""cooldown"": 3, ""macd_fast"": 15, ""macd_k"": 1.5, ""macd_k_mid"": 0.9, ""macd_signal"": 9, ""macd_slow"": 35, ""macd_std_window"": 80, ""rebalance_freq"": 180, ""rebounce_block"": 2, ""sl_mult_lm"": 1.65, ""sl_mult_lr"": 3.1, ""sl_mult_sm"": 1.05, ""sl_mult_sr"": 3.3, ""time_stop"": 10, ""tp_mult_lm"": 5.6, ""tp_mult_lr"": 12.0, ""tp_mult_sm"": 4.7, ""tp_mult_sr"": 3.0, ""trail_mult"": 3.0, ""trail_tp"": true, ""use_trailing"": true}",{},
2175,-1000000000.0,TrialState.COMPLETE,2026-04-01T04:58:53.887098,2026-04-01T04:58:53.977033,0.089935,"{""atr_window"": 17, ""bb_std_dev"": 1.75, ""bb_window"": 18, ""cooldown"": 5, ""macd_fast"": 17, ""macd_k"": 1.25, ""macd_k_mid"": 1.0, ""macd_signal"": 7, ""macd_slow"": 43, ""macd_std_window"": 96, ""rebalance_freq"": 150, ""rebounce_block"": 4, ""sl_mult_lm"": 1.2, ""sl_mult_lr"": 4.1, ""sl_mult_sm"": 1.75, ""sl_mult_sr"": 2.1, ""time_stop"": 13, ""tp_mult_lm"": 3.8, ""tp_mult_lr"": 11.2, ""tp_mult_sm"": 4.3, ""tp_mult_sr"": 5.0, ""trail_mult"": 3.7, ""trail_tp"": false, ""use_trailing"": false}",{},
2176,-1000000000.0,TrialState.COMPLETE,2026-04-01T04:58:54.014123,2026-04-01T04:58:54.107783,0.09366,"{""atr_window"": 20, ""bb_std_dev"": 2.4, ""bb_window"": 15, ""cooldown"": 1, ""macd_fast"": 13, ""macd_k"": 1.85, ""macd_k_mid"": 0.5, ""macd_signal"": 8, ""macd_slow"": 42, ""macd_std_window"": 79, ""rebalance_freq"": 180, ""rebounce_block"": 5, ""sl_mult_lm"": 2.2, ""sl_mult_lr"": 2.1, ""sl_mult_sm"": 1.5, ""sl_mult_sr"": 2.0, ""time_stop"": 21, ""tp_mult_lm"": 5.3, ""tp_mult_lr"": 14.4, ""tp_mult_sm"": 4.1, ""tp_mult_sr"": 4.1, ""trail_mult"": 2.0, ""trail_tp"": true, ""use_trailing"": true}",{},
2177,-1000000000.0,TrialState.COMPLETE,2026-04-01T04:58:54.145111,2026-04-01T05:14:52.582673,958.437562,"{""atr_window"": 15, ""bb_std_dev"": 2.0, ""bb_window"": 21, ""cooldown"": 2, ""macd_fast"": 20, ""macd_k"": 1.35, ""macd_k_mid"": 0.6, ""macd_signal"": 8, ""macd_slow"": 40, ""macd_std_window"": 91, ""rebalance_freq"": 120, ""rebounce_block"": 6, ""sl_mult_lm"": 1.9, ""sl_mult_lr"": 2.8, ""sl_mult_sm"": 1.2, ""sl_mult_sr"": 1.9, ""time_stop"": 16, ""tp_mult_lm"": 3.6, ""tp_mult_lr"": 11.0, ""tp_mult_sm"": 6.9, ""tp_mult_sr"": 4.0, ""trail_mult"": 2.8, ""trail_tp"": false, ""use_trailing"": true}",{},
2178,-1000000000.0,TrialState.COMPLETE,2026-04-01T05:14:52.657817,2026-04-01T05:14:55.127003,2.469186,"{""atr_window"": 19, ""bb_std_dev"": 2.15, ""bb_window"": 23, ""cooldown"": 4, ""macd_fast"": 18, ""macd_k"": 1.0, ""macd_k_mid"": 0.75, ""macd_signal"": 9, ""macd_slow"": 39, ""macd_std_window"": 100, ""rebalance_freq"": 90, ""rebounce_block"": 0, ""sl_mult_lm"": 1.1, ""sl_mult_lr"": 2.4, ""sl_mult_sm"": 1.7000000000000002, ""sl_mult_sr"": 2.3, ""time_stop"": 18, ""tp_mult_lm"": 4.0, ""tp_mult_lr"": 9.8, ""tp_mult_sm"": 5.2, ""tp_mult_sr"": 6.1, ""trail_mult"": 3.1, ""trail_tp"": true, ""use_trailing"": true}",{},
2179,-1000000000.0,TrialState.COMPLETE,2026-04-01T05:14:55.163345,2026-04-01T05:14:55.254374,0.091029,"{""atr_window"": 14, ""bb_std_dev"": 2.1, ""bb_window"": 25, ""cooldown"": 1, ""macd_fast"": 12, ""macd_k"": 1.1, ""macd_k_mid"": 0.5, ""macd_signal"": 10, ""macd_slow"": 44, ""macd_std_window"": 92, ""rebalance_freq"": 150, ""rebounce_block"": 3, ""sl_mult_lm"": 1.85, ""sl_mult_lr"": 2.0, ""sl_mult_sm"": 1.8, ""sl_mult_sr"": 3.2, ""time_stop"": 19, ""tp_mult_lm"": 5.5, ""tp_mult_lr"": 15.2, ""tp_mult_sm"": 3.6, ""tp_mult_sr"": 4.5, ""trail_mult"": 3.2, ""trail_tp"": false, ""use_trailing"": false}",{},
2180,-1000000000.0,TrialState.COMPLETE,2026-04-01T05:14:55.291164,2026-04-01T05:14:57.810928,2.519764,"{""atr_window"": 16, ""bb_std_dev"": 2.2, ""bb_window"": 16, ""cooldown"": 0, ""macd_fast"": 15, ""macd_k"": 1.05, ""macd_k_mid"": 0.55, ""macd_signal"": 8, ""macd_slow"": 36, ""macd_std_window"": 87, ""rebalance_freq"": 30, ""rebounce_block"": 2, ""sl_mult_lm"": 1.25, ""sl_mult_lr"": 2.3, ""sl_mult_sm"": 1.9, ""sl_mult_sr"": 1.5, ""time_stop"": 17, ""tp_mult_lm"": 3.9, ""tp_mult_lr"": 10.8, ""tp_mult_sm"": 6.0, ""tp_mult_sr"": 3.7, ""trail_mult"": 2.7, ""trail_tp"": true, ""use_trailing"": true}",{},
2181,-1000000000.0,TrialState.COMPLETE,2026-04-01T05:14:57.840670,2026-04-01T05:14:57.928313,0.087643,"{""atr_window"": 18, ""bb_std_dev"": 1.95, ""bb_window"": 14, ""cooldown"": 3, ""macd_fast"": 16, ""macd_k"": 1.65, ""macd_k_mid"": 0.65, ""macd_signal"": 9, ""macd_slow"": 41, ""macd_std_window"": 76, ""rebalance_freq"": 60, ""rebounce_block"": 6, ""sl_mult_lm"": 2.05, ""sl_mult_lr"": 2.2, ""sl_mult_sm"": 1.55, ""sl_mult_sr"": 1.6, ""time_stop"": 1, ""tp_mult_lm"": 4.7, ""tp_mult_lr"": 9.6, ""tp_mult_sm"": 5.800000000000001, ""tp_mult_sr"": 4.4, ""trail_mult"": 1.8, ""trail_tp"": true, ""use_trailing"": true}",{},
2182,-1000000000.0,TrialState.COMPLETE,2026-04-01T05:14:57.967632,2026-04-01T05:14:58.061654,0.094022,"{""atr_window"": 13, ""bb_std_dev"": 2.45, ""bb_window"": 15, ""cooldown"": 2, ""macd_fast"": 14, ""macd_k"": 1.2, ""macd_k_mid"": 0.7, ""macd_signal"": 7, ""macd_slow"": 37, ""macd_std_window"": 72, ""rebalance_freq"": 180, ""rebounce_block"": 5, ""sl_mult_lm"": 1.9500000000000002, ""sl_mult_lr"": 2.5, ""sl_mult_sm"": 1.65, ""sl_mult_sr"": 1.5, ""time_stop"": 20, ""tp_mult_lm"": 5.1, ""tp_mult_lr"": 14.2, ""tp_mult_sm"": 7.0, ""tp_mult_sr"": 5.800000000000001, ""trail_mult"": 3.4000000000000004, ""trail_tp"": false, ""use_trailing"": false}",{},
2183,-1000000000.0,TrialState.COMPLETE,2026-04-01T05:14:58.104052,2026-04-01T05:14:58.174475,0.070423,"{""atr_window"": 11, ""bb_std_dev"": 2.35, ""bb_window"": 20, ""cooldown"": 1, ""macd_fast"": 10, ""macd_k"": 1.55, ""macd_k_mid"": 0.55, ""macd_signal"": 6, ""macd_slow"": 43, ""macd_std_window"": 83, ""rebalance_freq"": 120, ""rebounce_block"": 4, ""sl_mult_lm"": 1.05, ""sl_mult_lr"": 4.300000000000001, ""sl_mult_sm"": 1.85, ""sl_mult_sr"": 3.5, ""time_stop"": 0, ""tp_mult_lm"": 6.0, ""tp_mult_lr"": 11.4, ""tp_mult_sm"": 6.2, ""tp_mult_sr"": 6.2, ""trail_mult"": 3.6, ""trail_tp"": true, ""use_trailing"": true}",{},
2184,-1000000000.0,TrialState.COMPLETE,2026-04-01T05:14:58.214166,2026-04-01T05:14:58.292845,0.078679,"{""atr_window"": 10, ""bb_std_dev"": 1.5499999999999998, ""bb_window"": 17, ""cooldown"": 2, ""macd_fast"": 17, ""macd_k"": 1.45, ""macd_k_mid"": 0.8, ""macd_signal"": 10, ""macd_slow"": 40, ""macd_std_window"": 81, ""rebalance_freq"": 150, ""rebounce_block"": 1, ""sl_mult_lm"": 1.35, ""sl_mult_lr"": 3.5, ""sl_mult_sm"": 1.9500000000000002, ""sl_mult_sr"": 2.2, ""time_stop"": 22, ""tp_mult_lm"": 5.4, ""tp_mult_lr"": 8.6, ""tp_mult_sm"": 3.1, ""tp_mult_sr"": 5.300000000000001, ""trail_mult"": 2.1, ""trail_tp"": false, ""use_trailing"": true}",{},
2185,-1000000000.0,TrialState.COMPLETE,2026-04-01T05:14:58.331294,2026-04-01T05:14:58.430972,0.099678,"{""atr_window"": 20, ""bb_std_dev"": 1.65, ""bb_window"": 14, ""cooldown"": 4, ""macd_fast"": 19, ""macd_k"": 1.35, ""macd_k_mid"": 0.6, ""macd_signal"": 8, ""macd_slow"": 44, ""macd_std_window"": 97, ""rebalance_freq"": 150, ""rebounce_block"": 0, ""sl_mult_lm"": 1.75, ""sl_mult_lr"": 2.4, ""sl_mult_sm"": 1.75, ""sl_mult_sr"": 2.0, ""time_stop"": 9, ""tp_mult_lm"": 4.8, ""tp_mult_lr"": 12.600000000000001, ""tp_mult_sm"": 3.4, ""tp_mult_sr"": 3.3, ""trail_mult"": 2.3, ""trail_tp"": true, ""use_trailing"": true}",{},
2186,-1000000000.0,TrialState.COMPLETE,2026-04-01T05:14:58.471864,2026-04-01T05:14:58.558159,0.086295,"{""atr_window"": 12, ""bb_std_dev"": 1.5, ""bb_window"": 19, ""cooldown"": 1, ""macd_fast"": 11, ""macd_k"": 1.7000000000000002, ""macd_k_mid"": 0.95, ""macd_signal"": 8, ""macd_slow"": 43, ""macd_std_window"": 98, ""rebalance_freq"": 180, ""rebounce_block"": 5, ""sl_mult_lm"": 2.0, ""sl_mult_lr"": 2.7, ""sl_mult_sm"": 1.7000000000000002, ""sl_mult_sr"": 1.7, ""time_stop"": 12, ""tp_mult_lm"": 5.6, ""tp_mult_lr"": 10.0, ""tp_mult_sm"": 3.8, ""tp_mult_sr"": 6.0, ""trail_mult"": 2.4, ""trail_tp"": false, ""use_trailing"": false}",{},
2187,-1000000000.0,TrialState.COMPLETE,2026-04-01T05:14:58.596795,2026-04-01T05:14:58.675776,0.078981,"{""atr_window"": 17, ""bb_std_dev"": 2.5, ""bb_window"": 16, ""cooldown"": 3, ""macd_fast"": 13, ""macd_k"": 1.25, ""macd_k_mid"": 0.65, ""macd_signal"": 9, ""macd_slow"": 42, ""macd_std_window"": 86, ""rebalance_freq"": 30, ""rebounce_block"": 3, ""sl_mult_lm"": 1.0, ""sl_mult_lr"": 4.0, ""sl_mult_sm"": 1.8, ""sl_mult_sr"": 1.8, ""time_stop"": 26, ""tp_mult_lm"": 4.2, ""tp_mult_lr"": 13.0, ""tp_mult_sm"": 5.6, ""tp_mult_sr"": 3.9, ""trail_mult"": 3.9000000000000004, ""trail_tp"": true, ""use_trailing"": true}",{},
2188,-1000000000.0,TrialState.COMPLETE,2026-04-01T05:14:58.714533,2026-04-01T05:14:58.795154,0.080621,"{""atr_window"": 16, ""bb_std_dev"": 2.3, ""bb_window"": 14, ""cooldown"": 0, ""macd_fast"": 12, ""macd_k"": 1.3, ""macd_k_mid"": 0.55, ""macd_signal"": 7, ""macd_slow"": 35, ""macd_std_window"": 88, ""rebalance_freq"": 120, ""rebounce_block"": 6, ""sl_mult_lm"": 1.1, ""sl_mult_lr"": 3.4000000000000004, ""sl_mult_sm"": 1.35, ""sl_mult_sr"": 1.9, ""time_stop"": 16, ""tp_mult_lm"": 5.7, ""tp_mult_lr"": 10.4, ""tp_mult_sm"": 5.9, ""tp_mult_sr"": 4.6, ""trail_mult"": 2.9000000000000004, ""trail_tp"": false, ""use_trailing"": true}",{},
2189,-1000000000.0,TrialState.COMPLETE,2026-04-01T05:14:58.844069,2026-04-01T05:14:58.934799,0.09073,"{""atr_window"": 15, ""bb_std_dev"": 2.4, ""bb_window"": 22, ""cooldown"": 5, ""macd_fast"": 14, ""macd_k"": 1.4, ""macd_k_mid"": 0.7, ""macd_signal"": 5, ""macd_slow"": 38, ""macd_std_window"": 70, ""rebalance_freq"": 90, ""rebounce_block"": 3, ""sl_mult_lm"": 1.15, ""sl_mult_lr"": 4.6, ""sl_mult_sm"": 1.25, ""sl_mult_sr"": 2.9000000000000004, ""time_stop"": 5, ""tp_mult_lm"": 5.2, ""tp_mult_lr"": 13.8, ""tp_mult_sm"": 3.5, ""tp_mult_sr"": 3.4, ""trail_mult"": 4.0, ""trail_tp"": true, ""use_trailing"": true}",{},
2190,-1000000000.0,TrialState.COMPLETE,2026-04-01T05:14:58.976568,2026-04-01T05:15:01.387659,2.411091,"{""atr_window"": 14, ""bb_std_dev"": 1.8499999999999999, ""bb_window"": 15, ""cooldown"": 1, ""macd_fast"": 20, ""macd_k"": 1.05, ""macd_k_mid"": 0.5, ""macd_signal"": 6, ""macd_slow"": 40, ""macd_std_window"": 82, ""rebalance_freq"": 150, ""rebounce_block"": 0, ""sl_mult_lm"": 2.1500000000000004, ""sl_mult_lr"": 4.9, ""sl_mult_sm"": 1.9, ""sl_mult_sr"": 2.1, ""time_stop"": 13, ""tp_mult_lm"": 4.1, ""tp_mult_lr"": 11.8, ""tp_mult_sm"": 5.0, ""tp_mult_sr"": 3.1, ""trail_mult"": 3.2, ""trail_tp"": false, ""use_trailing"": false}",{},
2191,-1000000000.0,TrialState.COMPLETE,2026-04-01T05:15:01.420838,2026-04-01T05:15:03.951282,2.530444,"{""atr_window"": 20, ""bb_std_dev"": 2.05, ""bb_window"": 21, ""cooldown"": 2, ""macd_fast"": 15, ""macd_k"": 1.6, ""macd_k_mid"": 0.6, ""macd_signal"": 9, ""macd_slow"": 37, ""macd_std_window"": 71, ""rebalance_freq"": 180, ""rebounce_block"": 2, ""sl_mult_lm"": 2.1, ""sl_mult_lr"": 2.1, ""sl_mult_sm"": 1.55, ""sl_mult_sr"": 3.0, ""time_stop"": 23, ""tp_mult_lm"": 4.9, ""tp_mult_lr"": 8.2, ""tp_mult_sm"": 5.4, ""tp_mult_sr"": 4.9, ""trail_mult"": 3.0, ""trail_tp"": true, ""use_trailing"": true}",{},
2192,-1000000000.0,TrialState.COMPLETE,2026-04-01T05:15:03.983582,2026-04-01T05:15:04.051755,0.068173,"{""atr_window"": 14, ""bb_std_dev"": 1.7999999999999998, ""bb_window"": 24, ""cooldown"": 4, ""macd_fast"": 16, ""macd_k"": 1.15, ""macd_k_mid"": 0.9, ""macd_signal"": 7, ""macd_slow"": 41, ""macd_std_window"": 99, ""rebalance_freq"": 150, ""rebounce_block"": 4, ""sl_mult_lm"": 1.6, ""sl_mult_lr"": 2.4, ""sl_mult_sm"": 1.6, ""sl_mult_sr"": 1.6, ""time_stop"": 28, ""tp_mult_lm"": 5.0, ""tp_mult_lr"": 12.2, ""tp_mult_sm"": 4.5, ""tp_mult_sr"": 6.4, ""trail_mult"": 2.2, ""trail_tp"": false, ""use_trailing"": true}",{},
2193,-1000000000.0,TrialState.COMPLETE,2026-04-01T05:15:04.099142,2026-04-01T05:15:06.600041,2.500899,"{""atr_window"": 18, ""bb_std_dev"": 2.3, ""bb_window"": 16, ""cooldown"": 0, ""macd_fast"": 18, ""macd_k"": 1.5, ""macd_k_mid"": 0.5, ""macd_signal"": 8, ""macd_slow"": 38, ""macd_std_window"": 90, ""rebalance_freq"": 90, ""rebounce_block"": 5, ""sl_mult_lm"": 1.3, ""sl_mult_lr"": 3.0, ""sl_mult_sm"": 1.65, ""sl_mult_sr"": 2.7, ""time_stop"": 14, ""tp_mult_lm"": 5.800000000000001, ""tp_mult_lr"": 12.4, ""tp_mult_sm"": 5.7, ""tp_mult_sr"": 3.7, ""trail_mult"": 3.5, ""trail_tp"": true, ""use_trailing"": false}",{},
2194,-1000000000.0,TrialState.COMPLETE,2026-04-01T05:15:06.631783,2026-04-01T05:15:06.698770,0.066987,"{""atr_window"": 19, ""bb_std_dev"": 2.45, ""bb_window"": 17, ""cooldown"": 5, ""macd_fast"": 12, ""macd_k"": 1.65, ""macd_k_mid"": 0.8500000000000001, ""macd_signal"": 10, ""macd_slow"": 39, ""macd_std_window"": 89, ""rebalance_freq"": 60, ""rebounce_block"": 5, ""sl_mult_lm"": 1.4, ""sl_mult_lr"": 2.3, ""sl_mult_sm"": 1.45, ""sl_mult_sr"": 2.2, ""time_stop"": 24, ""tp_mult_lm"": 5.3, ""tp_mult_lr"": 9.4, ""tp_mult_sm"": 4.2, ""tp_mult_sr"": 5.7, ""trail_mult"": 3.8000000000000003, ""trail_tp"": false, ""use_trailing"": true}",{},
2195,-1000000000.0,TrialState.COMPLETE,2026-04-01T05:15:06.729584,2026-04-01T05:15:06.828003,0.098419,"{""atr_window"": 17, ""bb_std_dev"": 2.25, ""bb_window"": 18, ""cooldown"": 1, ""macd_fast"": 10, ""macd_k"": 1.0, ""macd_k_mid"": 0.6, ""macd_signal"": 8, ""macd_slow"": 44, ""macd_std_window"": 84, ""rebalance_freq"": 30, ""rebounce_block"": 2, ""sl_mult_lm"": 1.8, ""sl_mult_lr"": 4.2, ""sl_mult_sm"": 1.1, ""sl_mult_sr"": 2.8, ""time_stop"": 19, ""tp_mult_lm"": 5.9, ""tp_mult_lr"": 11.6, ""tp_mult_sm"": 6.1, ""tp_mult_sr"": 5.9, ""trail_mult"": 3.1, ""trail_tp"": true, ""use_trailing"": true}",{},
2196,-1000000000.0,TrialState.COMPLETE,2026-04-01T05:15:06.868023,2026-04-01T05:15:06.954294,0.086271,"{""atr_window"": 16, ""bb_std_dev"": 2.15, ""bb_window"": 20, ""cooldown"": 4, ""macd_fast"": 17, ""macd_k"": 1.15, ""macd_k_mid"": 0.75, ""macd_signal"": 9, ""macd_slow"": 43, ""macd_std_window"": 91, ""rebalance_freq"": 150, ""rebounce_block"": 6, ""sl_mult_lm"": 1.55, ""sl_mult_lr"": 3.7, ""sl_mult_sm"": 2.0, ""sl_mult_sr"": 2.4, ""time_stop"": 30, ""tp_mult_lm"": 4.3, ""tp_mult_lr"": 9.0, ""tp_mult_sm"": 6.9, ""tp_mult_sr"": 4.8, ""trail_mult"": 1.7, ""trail_tp"": false, ""use_trailing"": true}",{},
