number,value,state,datetime_start,datetime_complete,duration_seconds,params_json,fold_sharpes_json,avg_cv_sharpe
2471,-1000000000.0,TrialState.COMPLETE,2026-04-01T06:45:04.116505,2026-04-01T07:00:13.783193,909.666688,"{""atr_window"": 12, ""bb_std_dev"": 2.5, ""bb_window"": 22, ""cooldown"": 2, ""macd_fast"": 14, ""macd_k"": 1.2, ""macd_k_mid"": 0.95, ""macd_signal"": 8, ""macd_slow"": 35, ""macd_std_window"": 82, ""rebalance_freq"": 180, ""rebounce_block"": 1, ""sl_mult_lm"": 1.85, ""sl_mult_lr"": 4.9, ""sl_mult_sm"": 1.85, ""sl_mult_sr"": 1.6, ""time_stop"": 29, ""tp_mult_lm"": 5.1, ""tp_mult_lr"": 10.0, ""tp_mult_sm"": 3.9, ""tp_mult_sr"": 5.4, ""trail_mult"": 3.3, ""trail_tp"": true, ""use_trailing"": true}",{},
2472,-1000000000.0,TrialState.COMPLETE,2026-04-01T07:00:13.825206,2026-04-01T07:00:13.923255,0.098049,"{""atr_window"": 10, ""bb_std_dev"": 2.45, ""bb_window"": 20, ""cooldown"": 2, ""macd_fast"": 12, ""macd_k"": 1.4, ""macd_k_mid"": 0.9, ""macd_signal"": 7, ""macd_slow"": 35, ""macd_std_window"": 79, ""rebalance_freq"": 150, ""rebounce_block"": 2, ""sl_mult_lm"": 1.3, ""sl_mult_lr"": 4.800000000000001, ""sl_mult_sm"": 1.85, ""sl_mult_sr"": 2.2, ""time_stop"": 26, ""tp_mult_lm"": 5.3, ""tp_mult_lr"": 10.2, ""tp_mult_sm"": 6.9, ""tp_mult_sr"": 4.7, ""trail_mult"": 3.5, ""trail_tp"": true, ""use_trailing"": false}",{},
2473,-1000000000.0,TrialState.COMPLETE,2026-04-01T07:00:13.967682,2026-04-01T07:00:16.508328,2.540646,"{""atr_window"": 10, ""bb_std_dev"": 2.25, ""bb_window"": 20, ""cooldown"": 2, ""macd_fast"": 14, ""macd_k"": 1.05, ""macd_k_mid"": 1.0, ""macd_signal"": 9, ""macd_slow"": 35, ""macd_std_window"": 83, ""rebalance_freq"": 150, ""rebounce_block"": 4, ""sl_mult_lm"": 1.8, ""sl_mult_lr"": 5.0, ""sl_mult_sm"": 1.85, ""sl_mult_sr"": 2.1, ""time_stop"": 16, ""tp_mult_lm"": 5.1, ""tp_mult_lr"": 9.6, ""tp_mult_sm"": 5.4, ""tp_mult_sr"": 4.9, ""trail_mult"": 1.7, ""trail_tp"": true, ""use_trailing"": true}",{},
2474,-1000000000.0,TrialState.COMPLETE,2026-04-01T07:00:16.557969,2026-04-01T07:00:19.067204,2.509235,"{""atr_window"": 11, ""bb_std_dev"": 2.2, ""bb_window"": 19, ""cooldown"": 2, ""macd_fast"": 13, ""macd_k"": 1.65, ""macd_k_mid"": 1.0, ""macd_signal"": 8, ""macd_slow"": 35, ""macd_std_window"": 80, ""rebalance_freq"": 180, ""rebounce_block"": 3, ""sl_mult_lm"": 1.85, ""sl_mult_lr"": 4.9, ""sl_mult_sm"": 1.75, ""sl_mult_sr"": 3.5, ""time_stop"": 17, ""tp_mult_lm"": 5.2, ""tp_mult_lr"": 9.6, ""tp_mult_sm"": 6.6, ""tp_mult_sr"": 6.7, ""trail_mult"": 3.2, ""trail_tp"": true, ""use_trailing"": true}",{},
2475,-1000000000.0,TrialState.COMPLETE,2026-04-01T07:00:19.104219,2026-04-01T07:00:19.198384,0.094165,"{""atr_window"": 11, ""bb_std_dev"": 2.35, ""bb_window"": 21, ""cooldown"": 2, ""macd_fast"": 12, ""macd_k"": 1.55, ""macd_k_mid"": 0.8500000000000001, ""macd_signal"": 8, ""macd_slow"": 35, ""macd_std_window"": 82, ""rebalance_freq"": 120, ""rebounce_block"": 5, ""sl_mult_lm"": 2.2, ""sl_mult_lr"": 5.0, ""sl_mult_sm"": 1.8, ""sl_mult_sr"": 1.5, ""time_stop"": 24, ""tp_mult_lm"": 5.0, ""tp_mult_lr"": 9.8, ""tp_mult_sm"": 5.300000000000001, ""tp_mult_sr"": 5.300000000000001, ""trail_mult"": 3.1, ""trail_tp"": true, ""use_trailing"": true}",{},
2476,-1000000000.0,TrialState.COMPLETE,2026-04-01T07:00:19.239112,2026-04-01T07:00:21.702527,2.463415,"{""atr_window"": 12, ""bb_std_dev"": 2.05, ""bb_window"": 21, ""cooldown"": 2, ""macd_fast"": 14, ""macd_k"": 1.7000000000000002, ""macd_k_mid"": 0.95, ""macd_signal"": 9, ""macd_slow"": 35, ""macd_std_window"": 81, ""rebalance_freq"": 150, ""rebounce_block"": 5, ""sl_mult_lm"": 1.25, ""sl_mult_lr"": 4.9, ""sl_mult_sm"": 1.75, ""sl_mult_sr"": 1.9, ""time_stop"": 25, ""tp_mult_lm"": 5.4, ""tp_mult_lr"": 9.0, ""tp_mult_sm"": 7.0, ""tp_mult_sr"": 5.0, ""trail_mult"": 1.7, ""trail_tp"": true, ""use_trailing"": false}",{},
2477,-1000000000.0,TrialState.COMPLETE,2026-04-01T07:00:21.742161,2026-04-01T07:00:24.337401,2.59524,"{""atr_window"": 11, ""bb_std_dev"": 2.15, ""bb_window"": 22, ""cooldown"": 2, ""macd_fast"": 13, ""macd_k"": 1.2, ""macd_k_mid"": 0.95, ""macd_signal"": 7, ""macd_slow"": 35, ""macd_std_window"": 80, ""rebalance_freq"": 180, ""rebounce_block"": 3, ""sl_mult_lm"": 1.25, ""sl_mult_lr"": 5.0, ""sl_mult_sm"": 1.8, ""sl_mult_sr"": 2.3, ""time_stop"": 26, ""tp_mult_lm"": 5.2, ""tp_mult_lr"": 9.4, ""tp_mult_sm"": 5.9, ""tp_mult_sr"": 4.8, ""trail_mult"": 3.3, ""trail_tp"": true, ""use_trailing"": true}",{},
2478,-1000000000.0,TrialState.COMPLETE,2026-04-01T07:00:24.386146,2026-04-01T07:00:24.481185,0.095039,"{""atr_window"": 10, ""bb_std_dev"": 1.7, ""bb_window"": 20, ""cooldown"": 2, ""macd_fast"": 12, ""macd_k"": 1.45, ""macd_k_mid"": 0.95, ""macd_signal"": 6, ""macd_slow"": 35, ""macd_std_window"": 81, ""rebalance_freq"": 180, ""rebounce_block"": 6, ""sl_mult_lm"": 1.8, ""sl_mult_lr"": 4.800000000000001, ""sl_mult_sm"": 1.9, ""sl_mult_sr"": 3.3, ""time_stop"": 14, ""tp_mult_lm"": 5.0, ""tp_mult_lr"": 10.0, ""tp_mult_sm"": 5.0, ""tp_mult_sr"": 4.6, ""trail_mult"": 1.8, ""trail_tp"": true, ""use_trailing"": true}",{},
2479,-1000000000.0,TrialState.COMPLETE,2026-04-01T07:00:24.532333,2026-04-01T07:00:27.063205,2.530872,"{""atr_window"": 12, ""bb_std_dev"": 1.75, ""bb_window"": 19, ""cooldown"": 2, ""macd_fast"": 14, ""macd_k"": 1.35, ""macd_k_mid"": 0.95, ""macd_signal"": 10, ""macd_slow"": 35, ""macd_std_window"": 79, ""rebalance_freq"": 150, ""rebounce_block"": 0, ""sl_mult_lm"": 1.15, ""sl_mult_lr"": 4.9, ""sl_mult_sm"": 1.8, ""sl_mult_sr"": 2.1, ""time_stop"": 27, ""tp_mult_lm"": 5.1, ""tp_mult_lr"": 8.8, ""tp_mult_sm"": 6.300000000000001, ""tp_mult_sr"": 5.1, ""trail_mult"": 2.5, ""trail_tp"": true, ""use_trailing"": false}",{},
2480,-1000000000.0,TrialState.COMPLETE,2026-04-01T07:00:27.094537,2026-04-01T07:00:29.620821,2.526284,"{""atr_window"": 10, ""bb_std_dev"": 2.0, ""bb_window"": 21, ""cooldown"": 2, ""macd_fast"": 13, ""macd_k"": 1.9500000000000002, ""macd_k_mid"": 0.9, ""macd_signal"": 8, ""macd_slow"": 35, ""macd_std_window"": 82, ""rebalance_freq"": 120, ""rebounce_block"": 2, ""sl_mult_lm"": 1.0, ""sl_mult_lr"": 4.9, ""sl_mult_sm"": 1.85, ""sl_mult_sr"": 2.4, ""time_stop"": 15, ""tp_mult_lm"": 4.9, ""tp_mult_lr"": 9.4, ""tp_mult_sm"": 3.5, ""tp_mult_sr"": 4.7, ""trail_mult"": 3.2, ""trail_tp"": true, ""use_trailing"": true}",{},
2481,-1000000000.0,TrialState.COMPLETE,2026-04-01T07:00:29.659674,2026-04-01T07:00:29.753299,0.093625,"{""atr_window"": 11, ""bb_std_dev"": 1.45, ""bb_window"": 20, ""cooldown"": 2, ""macd_fast"": 12, ""macd_k"": 1.0, ""macd_k_mid"": 1.0, ""macd_signal"": 9, ""macd_slow"": 36, ""macd_std_window"": 81, ""rebalance_freq"": 120, ""rebounce_block"": 1, ""sl_mult_lm"": 1.35, ""sl_mult_lr"": 5.0, ""sl_mult_sm"": 1.85, ""sl_mult_sr"": 2.5, ""time_stop"": 28, ""tp_mult_lm"": 5.3, ""tp_mult_lr"": 9.6, ""tp_mult_sm"": 3.4, ""tp_mult_sr"": 4.9, ""trail_mult"": 1.8, ""trail_tp"": true, ""use_trailing"": true}",{},
2482,-1000000000.0,TrialState.COMPLETE,2026-04-01T07:00:29.804252,2026-04-01T07:00:32.335350,2.531098,"{""atr_window"": 12, ""bb_std_dev"": 1.7999999999999998, ""bb_window"": 20, ""cooldown"": 2, ""macd_fast"": 14, ""macd_k"": 1.3, ""macd_k_mid"": 0.9, ""macd_signal"": 10, ""macd_slow"": 35, ""macd_std_window"": 82, ""rebalance_freq"": 150, ""rebounce_block"": 5, ""sl_mult_lm"": 1.0, ""sl_mult_lr"": 5.0, ""sl_mult_sm"": 1.45, ""sl_mult_sr"": 3.1, ""time_stop"": 16, ""tp_mult_lm"": 5.2, ""tp_mult_lr"": 10.0, ""tp_mult_sm"": 3.1, ""tp_mult_sr"": 4.8, ""trail_mult"": 2.4, ""trail_tp"": true, ""use_trailing"": true}",{},
2483,-1000000000.0,TrialState.COMPLETE,2026-04-01T07:00:32.366246,2026-04-01T07:00:34.939054,2.572808,"{""atr_window"": 10, ""bb_std_dev"": 2.45, ""bb_window"": 22, ""cooldown"": 2, ""macd_fast"": 13, ""macd_k"": 1.75, ""macd_k_mid"": 0.95, ""macd_signal"": 7, ""macd_slow"": 35, ""macd_std_window"": 80, ""rebalance_freq"": 150, ""rebounce_block"": 4, ""sl_mult_lm"": 1.2, ""sl_mult_lr"": 4.800000000000001, ""sl_mult_sm"": 1.75, ""sl_mult_sr"": 1.6, ""time_stop"": 24, ""tp_mult_lm"": 5.1, ""tp_mult_lr"": 10.4, ""tp_mult_sm"": 5.5, ""tp_mult_sr"": 7.0, ""trail_mult"": 3.1, ""trail_tp"": true, ""use_trailing"": false}",{},
2484,-1000000000.0,TrialState.COMPLETE,2026-04-01T07:00:34.984956,2026-04-01T07:00:35.067959,0.083003,"{""atr_window"": 12, ""bb_std_dev"": 2.3, ""bb_window"": 20, ""cooldown"": 2, ""macd_fast"": 12, ""macd_k"": 1.8, ""macd_k_mid"": 1.0, ""macd_signal"": 9, ""macd_slow"": 36, ""macd_std_window"": 79, ""rebalance_freq"": 180, ""rebounce_block"": 6, ""sl_mult_lm"": 1.75, ""sl_mult_lr"": 5.0, ""sl_mult_sm"": 1.85, ""sl_mult_sr"": 1.5, ""time_stop"": 30, ""tp_mult_lm"": 5.3, ""tp_mult_lr"": 9.2, ""tp_mult_sm"": 6.2, ""tp_mult_sr"": 5.2, ""trail_mult"": 3.2, ""trail_tp"": true, ""use_trailing"": true}",{},
2485,-1000000000.0,TrialState.COMPLETE,2026-04-01T07:00:35.111287,2026-04-01T07:00:37.703029,2.591742,"{""atr_window"": 11, ""bb_std_dev"": 1.65, ""bb_window"": 21, ""cooldown"": 2, ""macd_fast"": 14, ""macd_k"": 1.5, ""macd_k_mid"": 0.9, ""macd_signal"": 8, ""macd_slow"": 35, ""macd_std_window"": 81, ""rebalance_freq"": 180, ""rebounce_block"": 2, ""sl_mult_lm"": 1.4, ""sl_mult_lr"": 4.9, ""sl_mult_sm"": 1.8, ""sl_mult_sr"": 2.0, ""time_stop"": 6, ""tp_mult_lm"": 5.0, ""tp_mult_lr"": 10.2, ""tp_mult_sm"": 3.0, ""tp_mult_sr"": 5.0, ""trail_mult"": 3.3, ""trail_tp"": true, ""use_trailing"": true}",{},
2486,-1000000000.0,TrialState.COMPLETE,2026-04-01T07:00:37.740339,2026-04-01T07:00:40.315412,2.575073,"{""atr_window"": 10, ""bb_std_dev"": 2.35, ""bb_window"": 19, ""cooldown"": 2, ""macd_fast"": 13, ""macd_k"": 1.05, ""macd_k_mid"": 0.95, ""macd_signal"": 7, ""macd_slow"": 35, ""macd_std_window"": 85, ""rebalance_freq"": 150, ""rebounce_block"": 3, ""sl_mult_lm"": 1.05, ""sl_mult_lr"": 4.800000000000001, ""sl_mult_sm"": 1.9, ""sl_mult_sr"": 2.9000000000000004, ""time_stop"": 25, ""tp_mult_lm"": 5.4, ""tp_mult_lr"": 8.6, ""tp_mult_sm"": 6.0, ""tp_mult_sr"": 6.7, ""trail_mult"": 3.5, ""trail_tp"": true, ""use_trailing"": true}",{},
2487,-1000000000.0,TrialState.COMPLETE,2026-04-01T07:00:40.352670,2026-04-01T07:00:40.439800,0.08713,"{""atr_window"": 11, ""bb_std_dev"": 2.4, ""bb_window"": 22, ""cooldown"": 2, ""macd_fast"": 12, ""macd_k"": 1.25, ""macd_k_mid"": 1.0, ""macd_signal"": 6, ""macd_slow"": 36, ""macd_std_window"": 82, ""rebalance_freq"": 120, ""rebounce_block"": 0, ""sl_mult_lm"": 1.45, ""sl_mult_lr"": 4.9, ""sl_mult_sm"": 1.5, ""sl_mult_sr"": 3.2, ""time_stop"": 17, ""tp_mult_lm"": 4.9, ""tp_mult_lr"": 9.8, ""tp_mult_sm"": 4.9, ""tp_mult_sr"": 4.8, ""trail_mult"": 3.2, ""trail_tp"": true, ""use_trailing"": false}",{},
2488,-1000000000.0,TrialState.COMPLETE,2026-04-01T07:00:40.487122,2026-04-01T07:00:43.049069,2.561947,"{""atr_window"": 10, ""bb_std_dev"": 2.25, ""bb_window"": 21, ""cooldown"": 2, ""macd_fast"": 14, ""macd_k"": 1.6, ""macd_k_mid"": 0.95, ""macd_signal"": 9, ""macd_slow"": 35, ""macd_std_window"": 83, ""rebalance_freq"": 150, ""rebounce_block"": 5, ""sl_mult_lm"": 1.3, ""sl_mult_lr"": 4.9, ""sl_mult_sm"": 1.9500000000000002, ""sl_mult_sr"": 2.8, ""time_stop"": 14, ""tp_mult_lm"": 5.2, ""tp_mult_lr"": 9.8, ""tp_mult_sm"": 6.7, ""tp_mult_sr"": 5.4, ""trail_mult"": 1.6, ""trail_tp"": true, ""use_trailing"": true}",{},
2489,-1000000000.0,TrialState.COMPLETE,2026-04-01T07:00:43.081274,2026-04-01T07:00:43.171069,0.089795,"{""atr_window"": 12, ""bb_std_dev"": 2.1, ""bb_window"": 20, ""cooldown"": 2, ""macd_fast"": 13, ""macd_k"": 1.65, ""macd_k_mid"": 0.9, ""macd_signal"": 5, ""macd_slow"": 36, ""macd_std_window"": 80, ""rebalance_freq"": 180, ""rebounce_block"": 3, ""sl_mult_lm"": 1.8, ""sl_mult_lr"": 5.0, ""sl_mult_sm"": 1.8, ""sl_mult_sr"": 1.5, ""time_stop"": 13, ""tp_mult_lm"": 5.5, ""tp_mult_lr"": 9.6, ""tp_mult_sm"": 5.7, ""tp_mult_sr"": 6.800000000000001, ""trail_mult"": 3.1, ""trail_tp"": true, ""use_trailing"": true}",{},
2490,-1000000000.0,TrialState.COMPLETE,2026-04-01T07:00:43.211716,2026-04-01T07:00:45.705625,2.493909,"{""atr_window"": 19, ""bb_std_dev"": 1.5499999999999998, ""bb_window"": 17, ""cooldown"": 3, ""macd_fast"": 14, ""macd_k"": 1.35, ""macd_k_mid"": 0.8500000000000001, ""macd_signal"": 8, ""macd_slow"": 35, ""macd_std_window"": 88, ""rebalance_freq"": 120, ""rebounce_block"": 6, ""sl_mult_lm"": 1.25, ""sl_mult_lr"": 5.0, ""sl_mult_sm"": 1.9, ""sl_mult_sr"": 2.2, ""time_stop"": 1, ""tp_mult_lm"": 5.7, ""tp_mult_lr"": 11.2, ""tp_mult_sm"": 3.3, ""tp_mult_sr"": 5.300000000000001, ""trail_mult"": 2.6, ""trail_tp"": true, ""use_trailing"": true}",{},
2491,-1000000000.0,TrialState.COMPLETE,2026-04-01T07:00:45.756114,2026-04-01T07:00:45.838192,0.082078,"{""atr_window"": 18, ""bb_std_dev"": 1.5999999999999999, ""bb_window"": 25, ""cooldown"": 1, ""macd_fast"": 11, ""macd_k"": 1.55, ""macd_k_mid"": 1.0, ""macd_signal"": 8, ""macd_slow"": 41, ""macd_std_window"": 81, ""rebalance_freq"": 150, ""rebounce_block"": 1, ""sl_mult_lm"": 1.05, ""sl_mult_lr"": 5.0, ""sl_mult_sm"": 1.7000000000000002, ""sl_mult_sr"": 1.9, ""time_stop"": 16, ""tp_mult_lm"": 4.8, ""tp_mult_lr"": 10.4, ""tp_mult_sm"": 6.800000000000001, ""tp_mult_sr"": 4.6, ""trail_mult"": 3.3, ""trail_tp"": true, ""use_trailing"": false}",{},
2492,-1000000000.0,TrialState.COMPLETE,2026-04-01T07:00:45.880819,2026-04-01T07:00:45.972338,0.091519,"{""atr_window"": 16, ""bb_std_dev"": 2.0, ""bb_window"": 22, ""cooldown"": 2, ""macd_fast"": 12, ""macd_k"": 1.0, ""macd_k_mid"": 0.75, ""macd_signal"": 9, ""macd_slow"": 36, ""macd_std_window"": 70, ""rebalance_freq"": 180, ""rebounce_block"": 4, ""sl_mult_lm"": 1.1, ""sl_mult_lr"": 4.800000000000001, ""sl_mult_sm"": 1.55, ""sl_mult_sr"": 2.0, ""time_stop"": 26, ""tp_mult_lm"": 5.6, ""tp_mult_lr"": 11.8, ""tp_mult_sm"": 4.1, ""tp_mult_sr"": 6.9, ""trail_mult"": 2.5, ""trail_tp"": true, ""use_trailing"": true}",{},
2493,-1000000000.0,TrialState.COMPLETE,2026-04-01T07:00:46.010265,2026-04-01T07:00:46.105660,0.095395,"{""atr_window"": 20, ""bb_std_dev"": 2.5, ""bb_window"": 21, ""cooldown"": 0, ""macd_fast"": 13, ""macd_k"": 1.2, ""macd_k_mid"": 0.9, ""macd_signal"": 10, ""macd_slow"": 38, ""macd_std_window"": 84, ""rebalance_freq"": 150, ""rebounce_block"": 6, ""sl_mult_lm"": 1.3, ""sl_mult_lr"": 4.9, ""sl_mult_sm"": 1.75, ""sl_mult_sr"": 2.6, ""time_stop"": 8, ""tp_mult_lm"": 5.1, ""tp_mult_lr"": 9.4, ""tp_mult_sm"": 6.4, ""tp_mult_sr"": 5.0, ""trail_mult"": 3.4000000000000004, ""trail_tp"": true, ""use_trailing"": true}",{},
2494,-1000000000.0,TrialState.COMPLETE,2026-04-01T07:00:46.145910,2026-04-01T07:00:48.683836,2.537926,"{""atr_window"": 17, ""bb_std_dev"": 1.7999999999999998, ""bb_window"": 19, ""cooldown"": 1, ""macd_fast"": 15, ""macd_k"": 1.4, ""macd_k_mid"": 0.95, ""macd_signal"": 7, ""macd_slow"": 35, ""macd_std_window"": 83, ""rebalance_freq"": 180, ""rebounce_block"": 5, ""sl_mult_lm"": 1.2, ""sl_mult_lr"": 3.5, ""sl_mult_sm"": 1.6, ""sl_mult_sr"": 2.1, ""time_stop"": 4, ""tp_mult_lm"": 5.4, ""tp_mult_lr"": 9.0, ""tp_mult_sm"": 7.0, ""tp_mult_sr"": 4.7, ""trail_mult"": 3.2, ""trail_tp"": true, ""use_trailing"": false}",{},
2495,-1000000000.0,TrialState.COMPLETE,2026-04-01T07:00:48.721246,2026-04-01T07:00:48.829289,0.108043,"{""atr_window"": 16, ""bb_std_dev"": 2.05, ""bb_window"": 20, ""cooldown"": 3, ""macd_fast"": 14, ""macd_k"": 1.9, ""macd_k_mid"": 0.7, ""macd_signal"": 6, ""macd_slow"": 41, ""macd_std_window"": 73, ""rebalance_freq"": 150, ""rebounce_block"": 5, ""sl_mult_lm"": 1.4, ""sl_mult_lr"": 5.0, ""sl_mult_sm"": 1.75, ""sl_mult_sr"": 1.6, ""time_stop"": 11, ""tp_mult_lm"": 5.3, ""tp_mult_lr"": 13.8, ""tp_mult_sm"": 5.1, ""tp_mult_sr"": 5.1, ""trail_mult"": 1.7, ""trail_tp"": true, ""use_trailing"": true}",{},
2496,-1000000000.0,TrialState.COMPLETE,2026-04-01T07:00:48.871489,2026-04-01T07:00:48.968687,0.097198,"{""atr_window"": 18, ""bb_std_dev"": 2.2, ""bb_window"": 17, ""cooldown"": 1, ""macd_fast"": 12, ""macd_k"": 1.05, ""macd_k_mid"": 0.8500000000000001, ""macd_signal"": 9, ""macd_slow"": 36, ""macd_std_window"": 90, ""rebalance_freq"": 120, ""rebounce_block"": 0, ""sl_mult_lm"": 1.85, ""sl_mult_lr"": 4.7, ""sl_mult_sm"": 1.7000000000000002, ""sl_mult_sr"": 3.4000000000000004, ""time_stop"": 29, ""tp_mult_lm"": 5.1, ""tp_mult_lr"": 10.2, ""tp_mult_sm"": 6.2, ""tp_mult_sr"": 6.6, ""trail_mult"": 3.1, ""trail_tp"": true, ""use_trailing"": true}",{},
2497,-1000000000.0,TrialState.COMPLETE,2026-04-01T07:00:49.007680,2026-04-01T07:00:49.099913,0.092233,"{""atr_window"": 12, ""bb_std_dev"": 1.75, ""bb_window"": 20, ""cooldown"": 2, ""macd_fast"": 13, ""macd_k"": 1.5, ""macd_k_mid"": 0.95, ""macd_signal"": 8, ""macd_slow"": 39, ""macd_std_window"": 78, ""rebalance_freq"": 180, ""rebounce_block"": 4, ""sl_mult_lm"": 1.5, ""sl_mult_lr"": 3.3, ""sl_mult_sm"": 1.85, ""sl_mult_sr"": 2.7, ""time_stop"": 25, ""tp_mult_lm"": 5.0, ""tp_mult_lr"": 9.2, ""tp_mult_sm"": 6.1, ""tp_mult_sr"": 5.5, ""trail_mult"": 1.5, ""trail_tp"": true, ""use_trailing"": true}",{},
2498,-1000000000.0,TrialState.COMPLETE,2026-04-01T07:00:49.137780,2026-04-01T07:00:51.639670,2.50189,"{""atr_window"": 10, ""bb_std_dev"": 2.45, ""bb_window"": 21, ""cooldown"": 2, ""macd_fast"": 15, ""macd_k"": 1.25, ""macd_k_mid"": 0.7, ""macd_signal"": 8, ""macd_slow"": 35, ""macd_std_window"": 82, ""rebalance_freq"": 150, ""rebounce_block"": 2, ""sl_mult_lm"": 1.75, ""sl_mult_lr"": 3.9000000000000004, ""sl_mult_sm"": 1.45, ""sl_mult_sr"": 1.5, ""time_stop"": 9, ""tp_mult_lm"": 5.9, ""tp_mult_lr"": 11.6, ""tp_mult_sm"": 3.8, ""tp_mult_sr"": 4.9, ""trail_mult"": 3.2, ""trail_tp"": true, ""use_trailing"": false}",{},
2499,-1000000000.0,TrialState.COMPLETE,2026-04-01T07:00:51.676729,2026-04-01T07:00:51.761123,0.084394,"{""atr_window"": 11, ""bb_std_dev"": 2.2, ""bb_window"": 18, ""cooldown"": 0, ""macd_fast"": 13, ""macd_k"": 2.0, ""macd_k_mid"": 0.7, ""macd_signal"": 7, ""macd_slow"": 40, ""macd_std_window"": 86, ""rebalance_freq"": 120, ""rebounce_block"": 3, ""sl_mult_lm"": 2.1500000000000004, ""sl_mult_lr"": 3.0, ""sl_mult_sm"": 1.5, ""sl_mult_sr"": 1.6, ""time_stop"": 12, ""tp_mult_lm"": 5.7, ""tp_mult_lr"": 10.0, ""tp_mult_sm"": 3.3, ""tp_mult_sr"": 4.8, ""trail_mult"": 2.4, ""trail_tp"": true, ""use_trailing"": true}",{},
2500,-1000000000.0,TrialState.COMPLETE,2026-04-01T07:00:51.818498,2026-04-01T07:00:51.910619,0.092121,"{""atr_window"": 20, ""bb_std_dev"": 2.15, ""bb_window"": 22, ""cooldown"": 1, ""macd_fast"": 11, ""macd_k"": 1.8, ""macd_k_mid"": 0.95, ""macd_signal"": 9, ""macd_slow"": 35, ""macd_std_window"": 80, ""rebalance_freq"": 150, ""rebounce_block"": 6, ""sl_mult_lm"": 1.2, ""sl_mult_lr"": 4.0, ""sl_mult_sm"": 1.0, ""sl_mult_sr"": 2.2, ""time_stop"": 24, ""tp_mult_lm"": 5.2, ""tp_mult_lr"": 9.8, ""tp_mult_sm"": 5.800000000000001, ""tp_mult_sr"": 5.2, ""trail_mult"": 1.6, ""trail_tp"": true, ""use_trailing"": true}",{},
2501,-1000000000.0,TrialState.COMPLETE,2026-04-01T07:00:51.950398,2026-04-01T07:00:52.042310,0.091912,"{""atr_window"": 16, ""bb_std_dev"": 2.5, ""bb_window"": 17, ""cooldown"": 2, ""macd_fast"": 14, ""macd_k"": 1.05, ""macd_k_mid"": 1.0, ""macd_signal"": 10, ""macd_slow"": 37, ""macd_std_window"": 76, ""rebalance_freq"": 180, ""rebounce_block"": 5, ""sl_mult_lm"": 1.0, ""sl_mult_lr"": 2.8, ""sl_mult_sm"": 1.9500000000000002, ""sl_mult_sr"": 2.5, ""time_stop"": 10, ""tp_mult_lm"": 5.6, ""tp_mult_lr"": 12.0, ""tp_mult_sm"": 6.5, ""tp_mult_sr"": 4.6, ""trail_mult"": 2.5, ""trail_tp"": true, ""use_trailing"": true}",{},
2502,-1000000000.0,TrialState.COMPLETE,2026-04-01T07:00:52.083120,2026-04-01T07:00:52.180352,0.097232,"{""atr_window"": 18, ""bb_std_dev"": 1.7, ""bb_window"": 23, ""cooldown"": 1, ""macd_fast"": 12, ""macd_k"": 1.6, ""macd_k_mid"": 0.8500000000000001, ""macd_signal"": 8, ""macd_slow"": 40, ""macd_std_window"": 89, ""rebalance_freq"": 180, ""rebounce_block"": 3, ""sl_mult_lm"": 1.35, ""sl_mult_lr"": 2.7, ""sl_mult_sm"": 1.8, ""sl_mult_sr"": 1.5, ""time_stop"": 15, ""tp_mult_lm"": 5.0, ""tp_mult_lr"": 9.6, ""tp_mult_sm"": 6.300000000000001, ""tp_mult_sr"": 5.1, ""trail_mult"": 3.3, ""trail_tp"": true, ""use_trailing"": false}",{},
2503,-1000000000.0,TrialState.COMPLETE,2026-04-01T07:00:52.218997,2026-04-01T07:00:52.325121,0.106124,"{""atr_window"": 19, ""bb_std_dev"": 2.4, ""bb_window"": 19, ""cooldown"": 3, ""macd_fast"": 10, ""macd_k"": 1.2, ""macd_k_mid"": 0.9, ""macd_signal"": 9, ""macd_slow"": 39, ""macd_std_window"": 72, ""rebalance_freq"": 120, ""rebounce_block"": 0, ""sl_mult_lm"": 2.2, ""sl_mult_lr"": 4.9, ""sl_mult_sm"": 1.85, ""sl_mult_sr"": 2.1, ""time_stop"": 17, ""tp_mult_lm"": 6.0, ""tp_mult_lr"": 10.6, ""tp_mult_sm"": 4.1, ""tp_mult_sr"": 5.4, ""trail_mult"": 3.4000000000000004, ""trail_tp"": true, ""use_trailing"": true}",{},
2504,-1000000000.0,TrialState.COMPLETE,2026-04-01T07:00:52.366851,2026-04-01T07:00:52.466099,0.099248,"{""atr_window"": 17, ""bb_std_dev"": 1.45, ""bb_window"": 24, ""cooldown"": 0, ""macd_fast"": 13, ""macd_k"": 1.45, ""macd_k_mid"": 0.7, ""macd_signal"": 6, ""macd_slow"": 36, ""macd_std_window"": 88, ""rebalance_freq"": 150, ""rebounce_block"": 5, ""sl_mult_lm"": 1.8, ""sl_mult_lr"": 4.4, ""sl_mult_sm"": 1.65, ""sl_mult_sr"": 1.9, ""time_stop"": 28, ""tp_mult_lm"": 5.3, ""tp_mult_lr"": 13.600000000000001, ""tp_mult_sm"": 5.9, ""tp_mult_sr"": 4.7, ""trail_mult"": 1.7, ""trail_tp"": true, ""use_trailing"": true}",{},
