number,value,datetime_start,datetime_complete,duration,params_atr_window,params_bb_std_dev,params_bb_window,params_cooldown,params_macd_fast,params_macd_k,params_macd_k_mid,params_macd_signal,params_macd_slow,params_macd_std_window,params_rebalance_freq,params_rebounce_block,params_sl_mult_lm,params_sl_mult_lr,params_sl_mult_sm,params_sl_mult_sr,params_time_stop,params_tp_mult_lm,params_tp_mult_lr,params_tp_mult_sm,params_tp_mult_sr,params_trail_mult,params_trail_tp,params_use_trailing,user_attrs_allocations,user_attrs_deploy_avg_sharpe,user_attrs_deploy_total_sharpe,user_attrs_deploy_year_sharpes,user_attrs_score,user_attrs_selected_tickers,user_attrs_train_avg_sharpe,user_attrs_train_year_sharpes,state
2708,2.7504857142857144,2026-04-01 07:54:43.843863,2026-04-01 07:54:46.413811,0 days 00:00:02.569948,18,2.45,21,2,15,1.0,0.7,5,35,90,90,5,1.1,2.6,1.45,1.7,27,5.1,10.8,3.1,5.300000000000001,3.4000000000000004,False,False,"{'MSFT': 0.2576, 'GOOG': 0.1902, 'BRK-B': 0.1778, 'AAPL': 0.1775, 'NVDA': 0.1107, 'META': 0.0863}",1.1663,1.525,"{2025: 1.7423, 2026: 0.5903}",2.7505,"['MSFT', 'GOOG', 'BRK-B', 'AAPL', 'NVDA', 'META']",1.5842,"{2018: 1.2652, 2019: 1.6129, 2020: 3.3352, 2021: 1.837, 2022: -0.8486, 2023: 1.957, 2024: 1.9306}",COMPLETE
2709,2.7438642857142854,2026-04-01 07:54:46.445741,2026-04-01 07:54:49.019639,0 days 00:00:02.573898,18,2.45,21,2,15,1.0,0.7,5,35,90,90,5,1.1,2.6,1.45,1.7,27,5.1,10.8,3.1,5.2,3.4000000000000004,False,False,"{'MSFT': 0.26, 'GOOG': 0.183, 'AAPL': 0.1789, 'BRK-B': 0.1789, 'NVDA': 0.1118, 'META': 0.0874}",1.1561,1.5158,"{2025: 1.7341, 2026: 0.578}",2.7439,"['MSFT', 'GOOG', 'AAPL', 'BRK-B', 'NVDA', 'META']",1.5878,"{2018: 1.2652, 2019: 1.6129, 2020: 3.3352, 2021: 1.8622, 2022: -0.8486, 2023: 1.9575, 2024: 1.9303}",COMPLETE
2710,2.7504857142857144,2026-04-01 07:54:49.058422,2026-04-01 07:54:51.776900,0 days 00:00:02.718478,18,2.45,21,2,15,1.0,0.7,5,35,90,90,5,1.1,2.6,1.45,1.7,27,5.1,10.8,3.1,5.300000000000001,3.4000000000000004,False,False,"{'MSFT': 0.2576, 'GOOG': 0.1902, 'BRK-B': 0.1778, 'AAPL': 0.1775, 'NVDA': 0.1107, 'META': 0.0863}",1.1663,1.525,"{2025: 1.7423, 2026: 0.5903}",2.7505,"['MSFT', 'GOOG', 'BRK-B', 'AAPL', 'NVDA', 'META']",1.5842,"{2018: 1.2652, 2019: 1.6129, 2020: 3.3352, 2021: 1.837, 2022: -0.8486, 2023: 1.957, 2024: 1.9306}",COMPLETE
2711,2.7504857142857144,2026-04-01 07:54:51.810484,2026-04-01 07:54:54.204251,0 days 00:00:02.393767,18,2.45,21,2,15,1.0,0.7,5,35,90,90,5,1.1,2.6,1.45,1.7,27,5.1,10.8,3.1,5.300000000000001,3.4000000000000004,False,False,"{'MSFT': 0.2576, 'GOOG': 0.1902, 'BRK-B': 0.1778, 'AAPL': 0.1775, 'NVDA': 0.1107, 'META': 0.0863}",1.1663,1.525,"{2025: 1.7423, 2026: 0.5903}",2.7505,"['MSFT', 'GOOG', 'BRK-B', 'AAPL', 'NVDA', 'META']",1.5842,"{2018: 1.2652, 2019: 1.6129, 2020: 3.3352, 2021: 1.837, 2022: -0.8486, 2023: 1.957, 2024: 1.9306}",COMPLETE
2712,2.7504857142857144,2026-04-01 07:54:54.237440,2026-04-01 07:54:56.816337,0 days 00:00:02.578897,18,2.45,21,2,15,1.0,0.7,5,35,90,90,5,1.1,2.6,1.45,1.7,27,5.1,10.8,3.1,5.300000000000001,3.4000000000000004,False,False,"{'MSFT': 0.2576, 'GOOG': 0.1902, 'BRK-B': 0.1778, 'AAPL': 0.1775, 'NVDA': 0.1107, 'META': 0.0863}",1.1663,1.525,"{2025: 1.7423, 2026: 0.5903}",2.7505,"['MSFT', 'GOOG', 'BRK-B', 'AAPL', 'NVDA', 'META']",1.5842,"{2018: 1.2652, 2019: 1.6129, 2020: 3.3352, 2021: 1.837, 2022: -0.8486, 2023: 1.957, 2024: 1.9306}",COMPLETE
2713,2.7504857142857144,2026-04-01 07:54:56.858372,2026-04-01 08:02:59.751787,0 days 00:08:02.893415,18,2.45,21,2,15,1.0,0.7,5,35,90,90,5,1.1,2.6,1.45,1.7,27,5.1,10.8,3.1,5.300000000000001,3.4000000000000004,False,False,"{'MSFT': 0.2576, 'GOOG': 0.1902, 'BRK-B': 0.1778, 'AAPL': 0.1775, 'NVDA': 0.1107, 'META': 0.0863}",1.1663,1.525,"{2025: 1.7423, 2026: 0.5903}",2.7505,"['MSFT', 'GOOG', 'BRK-B', 'AAPL', 'NVDA', 'META']",1.5842,"{2018: 1.2652, 2019: 1.6129, 2020: 3.3352, 2021: 1.837, 2022: -0.8486, 2023: 1.957, 2024: 1.9306}",COMPLETE
2714,2.7504857142857144,2026-04-01 08:02:59.785111,2026-04-01 08:03:02.230844,0 days 00:00:02.445733,18,2.45,21,2,15,1.0,0.7,5,35,90,90,5,1.1,2.6,1.45,1.7,27,5.1,10.8,3.1,5.300000000000001,3.4000000000000004,False,False,"{'MSFT': 0.2576, 'GOOG': 0.1902, 'BRK-B': 0.1778, 'AAPL': 0.1775, 'NVDA': 0.1107, 'META': 0.0863}",1.1663,1.525,"{2025: 1.7423, 2026: 0.5903}",2.7505,"['MSFT', 'GOOG', 'BRK-B', 'AAPL', 'NVDA', 'META']",1.5842,"{2018: 1.2652, 2019: 1.6129, 2020: 3.3352, 2021: 1.837, 2022: -0.8486, 2023: 1.957, 2024: 1.9306}",COMPLETE
2715,2.7504857142857144,2026-04-01 08:03:02.265543,2026-04-01 08:03:04.788375,0 days 00:00:02.522832,18,2.45,21,2,15,1.0,0.7,5,35,90,90,5,1.1,2.6,1.45,1.7,27,5.1,10.8,3.1,5.300000000000001,3.4000000000000004,False,False,"{'MSFT': 0.2576, 'GOOG': 0.1902, 'BRK-B': 0.1778, 'AAPL': 0.1775, 'NVDA': 0.1107, 'META': 0.0863}",1.1663,1.525,"{2025: 1.7423, 2026: 0.5903}",2.7505,"['MSFT', 'GOOG', 'BRK-B', 'AAPL', 'NVDA', 'META']",1.5842,"{2018: 1.2652, 2019: 1.6129, 2020: 3.3352, 2021: 1.837, 2022: -0.8486, 2023: 1.957, 2024: 1.9306}",COMPLETE
2716,2.7504857142857144,2026-04-01 08:03:04.820497,2026-04-01 08:03:07.334399,0 days 00:00:02.513902,18,2.45,21,2,15,1.0,0.7,5,35,90,90,5,1.1,2.6,1.45,1.7,27,5.1,10.8,3.1,5.300000000000001,3.4000000000000004,False,False,"{'MSFT': 0.2576, 'GOOG': 0.1902, 'BRK-B': 0.1778, 'AAPL': 0.1775, 'NVDA': 0.1107, 'META': 0.0863}",1.1663,1.525,"{2025: 1.7423, 2026: 0.5903}",2.7505,"['MSFT', 'GOOG', 'BRK-B', 'AAPL', 'NVDA', 'META']",1.5842,"{2018: 1.2652, 2019: 1.6129, 2020: 3.3352, 2021: 1.837, 2022: -0.8486, 2023: 1.957, 2024: 1.9306}",COMPLETE
2717,2.7504857142857144,2026-04-01 08:03:07.385374,2026-04-01 08:03:09.898140,0 days 00:00:02.512766,18,2.45,21,2,15,1.0,0.7,5,35,90,90,5,1.1,2.6,1.45,1.7,27,5.1,10.8,3.1,5.300000000000001,3.4000000000000004,False,False,"{'MSFT': 0.2576, 'GOOG': 0.1902, 'BRK-B': 0.1778, 'AAPL': 0.1775, 'NVDA': 0.1107, 'META': 0.0863}",1.1663,1.525,"{2025: 1.7423, 2026: 0.5903}",2.7505,"['MSFT', 'GOOG', 'BRK-B', 'AAPL', 'NVDA', 'META']",1.5842,"{2018: 1.2652, 2019: 1.6129, 2020: 3.3352, 2021: 1.837, 2022: -0.8486, 2023: 1.957, 2024: 1.9306}",COMPLETE
2718,2.7504857142857144,2026-04-01 08:03:09.938983,2026-04-01 08:03:12.367767,0 days 00:00:02.428784,18,2.45,21,2,15,1.0,0.7,5,35,90,90,5,1.1,2.6,1.45,1.7,27,5.1,10.8,3.1,5.300000000000001,3.4000000000000004,False,False,"{'MSFT': 0.2576, 'GOOG': 0.1902, 'BRK-B': 0.1778, 'AAPL': 0.1775, 'NVDA': 0.1107, 'META': 0.0863}",1.1663,1.525,"{2025: 1.7423, 2026: 0.5903}",2.7505,"['MSFT', 'GOOG', 'BRK-B', 'AAPL', 'NVDA', 'META']",1.5842,"{2018: 1.2652, 2019: 1.6129, 2020: 3.3352, 2021: 1.837, 2022: -0.8486, 2023: 1.957, 2024: 1.9306}",COMPLETE
2719,2.7504857142857144,2026-04-01 08:03:12.407292,2026-04-01 08:03:14.955626,0 days 00:00:02.548334,18,2.45,21,2,15,1.0,0.7,5,35,90,90,5,1.1,2.6,1.45,1.7,27,5.1,10.8,3.1,5.300000000000001,3.4000000000000004,False,False,"{'MSFT': 0.2576, 'GOOG': 0.1902, 'BRK-B': 0.1778, 'AAPL': 0.1775, 'NVDA': 0.1107, 'META': 0.0863}",1.1663,1.525,"{2025: 1.7423, 2026: 0.5903}",2.7505,"['MSFT', 'GOOG', 'BRK-B', 'AAPL', 'NVDA', 'META']",1.5842,"{2018: 1.2652, 2019: 1.6129, 2020: 3.3352, 2021: 1.837, 2022: -0.8486, 2023: 1.957, 2024: 1.9306}",COMPLETE
2720,2.7504857142857144,2026-04-01 08:03:14.995681,2026-04-01 08:03:17.570149,0 days 00:00:02.574468,18,2.45,21,2,15,1.0,0.7,5,35,90,90,5,1.1,2.6,1.45,1.7,27,5.1,10.8,3.1,5.300000000000001,3.4000000000000004,False,False,"{'MSFT': 0.2576, 'GOOG': 0.1902, 'BRK-B': 0.1778, 'AAPL': 0.1775, 'NVDA': 0.1107, 'META': 0.0863}",1.1663,1.525,"{2025: 1.7423, 2026: 0.5903}",2.7505,"['MSFT', 'GOOG', 'BRK-B', 'AAPL', 'NVDA', 'META']",1.5842,"{2018: 1.2652, 2019: 1.6129, 2020: 3.3352, 2021: 1.837, 2022: -0.8486, 2023: 1.957, 2024: 1.9306}",COMPLETE
2721,2.7504857142857144,2026-04-01 08:03:17.612053,2026-04-01 08:03:20.155647,0 days 00:00:02.543594,18,2.45,21,2,15,1.0,0.7,5,35,90,90,5,1.1,2.6,1.45,1.7,27,5.1,10.8,3.1,5.300000000000001,3.4000000000000004,False,False,"{'MSFT': 0.2576, 'GOOG': 0.1902, 'BRK-B': 0.1778, 'AAPL': 0.1775, 'NVDA': 0.1107, 'META': 0.0863}",1.1663,1.525,"{2025: 1.7423, 2026: 0.5903}",2.7505,"['MSFT', 'GOOG', 'BRK-B', 'AAPL', 'NVDA', 'META']",1.5842,"{2018: 1.2652, 2019: 1.6129, 2020: 3.3352, 2021: 1.837, 2022: -0.8486, 2023: 1.957, 2024: 1.9306}",COMPLETE
2722,2.7504857142857144,2026-04-01 08:03:20.194943,2026-04-01 08:03:22.736376,0 days 00:00:02.541433,18,2.45,21,2,15,1.0,0.7,5,35,90,90,5,1.1,2.6,1.45,1.7,27,5.1,10.8,3.1,5.300000000000001,3.4000000000000004,False,False,"{'MSFT': 0.2576, 'GOOG': 0.1902, 'BRK-B': 0.1778, 'AAPL': 0.1775, 'NVDA': 0.1107, 'META': 0.0863}",1.1663,1.525,"{2025: 1.7423, 2026: 0.5903}",2.7505,"['MSFT', 'GOOG', 'BRK-B', 'AAPL', 'NVDA', 'META']",1.5842,"{2018: 1.2652, 2019: 1.6129, 2020: 3.3352, 2021: 1.837, 2022: -0.8486, 2023: 1.957, 2024: 1.9306}",COMPLETE
2723,2.7504857142857144,2026-04-01 08:03:22.775701,2026-04-01 08:03:25.346015,0 days 00:00:02.570314,18,2.45,21,2,15,1.0,0.7,5,35,90,90,5,1.1,2.6,1.45,1.7,27,5.1,10.8,3.1,5.300000000000001,3.4000000000000004,False,False,"{'MSFT': 0.2576, 'GOOG': 0.1902, 'BRK-B': 0.1778, 'AAPL': 0.1775, 'NVDA': 0.1107, 'META': 0.0863}",1.1663,1.525,"{2025: 1.7423, 2026: 0.5903}",2.7505,"['MSFT', 'GOOG', 'BRK-B', 'AAPL', 'NVDA', 'META']",1.5842,"{2018: 1.2652, 2019: 1.6129, 2020: 3.3352, 2021: 1.837, 2022: -0.8486, 2023: 1.957, 2024: 1.9306}",COMPLETE
2724,2.7504857142857144,2026-04-01 08:03:25.377592,2026-04-01 08:03:27.970484,0 days 00:00:02.592892,18,2.45,21,2,15,1.0,0.7,5,35,90,90,5,1.1,2.6,1.45,1.7,27,5.1,10.8,3.1,5.300000000000001,3.4000000000000004,False,False,"{'MSFT': 0.2576, 'GOOG': 0.1902, 'BRK-B': 0.1778, 'AAPL': 0.1775, 'NVDA': 0.1107, 'META': 0.0863}",1.1663,1.525,"{2025: 1.7423, 2026: 0.5903}",2.7505,"['MSFT', 'GOOG', 'BRK-B', 'AAPL', 'NVDA', 'META']",1.5842,"{2018: 1.2652, 2019: 1.6129, 2020: 3.3352, 2021: 1.837, 2022: -0.8486, 2023: 1.957, 2024: 1.9306}",COMPLETE
2725,-1000000000.0,2026-04-01 08:03:28.009373,2026-04-01 08:03:30.536903,0 days 00:00:02.527530,18,2.45,21,2,15,1.0,0.7,5,35,90,90,5,1.1,2.6,1.45,1.7,28,5.1,10.6,3.1,5.300000000000001,3.4000000000000004,False,False,,,,,,,,,COMPLETE
2726,2.9231285714285713,2026-04-01 08:03:30.568534,2026-04-01 08:03:33.140544,0 days 00:00:02.572010,18,2.45,21,2,15,1.0,0.7,5,35,90,90,5,1.1,2.6,1.45,1.7,27,5.1,10.8,3.0,5.300000000000001,3.4000000000000004,False,False,"{'MSFT': 0.2582, 'GOOG': 0.1922, 'BRK-B': 0.1783, 'AAPL': 0.1751, 'NVDA': 0.1104, 'META': 0.0858}",1.3404,1.4724,"{2025: 1.5854, 2026: 1.0954}",2.9231,"['MSFT', 'GOOG', 'BRK-B', 'AAPL', 'NVDA', 'META']",1.5827,"{2018: 1.2532, 2019: 1.6141, 2020: 3.3352, 2021: 1.8375, 2022: -0.8486, 2023: 1.9573, 2024: 1.9304}",COMPLETE
2727,1.8913071428571429,2026-04-01 08:03:33.182320,2026-04-01 08:03:35.803345,0 days 00:00:02.621025,18,2.45,21,2,15,1.0,0.7,5,35,90,90,5,1.1,2.6,1.45,1.7,28,5.1,10.8,3.0,5.300000000000001,3.5,False,False,"{'MSFT': 0.2682, 'GOOG': 0.2045, 'AAPL': 0.1967, 'BRK-B': 0.164, 'AMZN': 0.088, 'AVGO': 0.0786}",0.3711,1.4134,"{2025: 1.8699, 2026: -1.1276}",1.8913,"['MSFT', 'GOOG', 'AAPL', 'BRK-B', 'AMZN', 'AVGO']",1.5202,"{2018: 1.295, 2019: 1.6264, 2020: 3.0988, 2021: 1.9516, 2022: -0.8608, 2023: 1.8614, 2024: 1.6687}",COMPLETE
2728,2.9231285714285713,2026-04-01 08:03:35.845211,2026-04-01 08:03:38.479997,0 days 00:00:02.634786,18,2.45,21,2,15,1.0,0.7,5,35,90,90,5,1.1,2.6,1.45,1.7,27,5.1,10.8,3.0,5.300000000000001,3.4000000000000004,False,False,"{'MSFT': 0.2582, 'GOOG': 0.1922, 'BRK-B': 0.1783, 'AAPL': 0.1751, 'NVDA': 0.1104, 'META': 0.0858}",1.3404,1.4724,"{2025: 1.5854, 2026: 1.0954}",2.9231,"['MSFT', 'GOOG', 'BRK-B', 'AAPL', 'NVDA', 'META']",1.5827,"{2018: 1.2532, 2019: 1.6141, 2020: 3.3352, 2021: 1.8375, 2022: -0.8486, 2023: 1.9573, 2024: 1.9304}",COMPLETE
2729,2.9231285714285713,2026-04-01 08:03:38.523328,2026-04-01 08:03:41.014135,0 days 00:00:02.490807,18,2.45,21,2,15,1.0,0.7,5,35,90,90,5,1.1,2.6,1.45,1.7,27,5.1,10.6,3.0,5.300000000000001,3.4000000000000004,False,False,"{'MSFT': 0.2582, 'GOOG': 0.1922, 'BRK-B': 0.1783, 'AAPL': 0.1751, 'NVDA': 0.1104, 'META': 0.0858}",1.3404,1.4724,"{2025: 1.5854, 2026: 1.0954}",2.9231,"['MSFT', 'GOOG', 'BRK-B', 'AAPL', 'NVDA', 'META']",1.5827,"{2018: 1.2532, 2019: 1.6141, 2020: 3.3352, 2021: 1.8375, 2022: -0.8486, 2023: 1.9573, 2024: 1.9304}",COMPLETE
2730,1.8913071428571429,2026-04-01 08:03:41.061399,2026-04-01 08:03:43.640399,0 days 00:00:02.579000,18,2.45,21,2,15,1.0,0.7,5,35,90,90,5,1.1,2.6,1.45,1.7,28,5.1,10.8,3.0,5.300000000000001,3.4000000000000004,False,False,"{'MSFT': 0.2682, 'GOOG': 0.2045, 'AAPL': 0.1967, 'BRK-B': 0.164, 'AMZN': 0.088, 'AVGO': 0.0786}",0.3711,1.4134,"{2025: 1.8699, 2026: -1.1276}",1.8913,"['MSFT', 'GOOG', 'AAPL', 'BRK-B', 'AMZN', 'AVGO']",1.5202,"{2018: 1.295, 2019: 1.6264, 2020: 3.0988, 2021: 1.9516, 2022: -0.8608, 2023: 1.8614, 2024: 1.6687}",COMPLETE
2731,1.8913071428571429,2026-04-01 08:03:43.680236,2026-04-01 08:14:45.171878,0 days 00:11:01.491642,18,2.45,21,2,15,1.0,0.7,5,35,90,90,5,1.1,2.6,1.45,1.7,28,5.1,10.6,3.0,5.300000000000001,3.5,False,False,"{'MSFT': 0.2682, 'GOOG': 0.2045, 'AAPL': 0.1967, 'BRK-B': 0.164, 'AMZN': 0.088, 'AVGO': 0.0786}",0.3711,1.4134,"{2025: 1.8699, 2026: -1.1276}",1.8913,"['MSFT', 'GOOG', 'AAPL', 'BRK-B', 'AMZN', 'AVGO']",1.5202,"{2018: 1.295, 2019: 1.6264, 2020: 3.0988, 2021: 1.9516, 2022: -0.8608, 2023: 1.8614, 2024: 1.6687}",COMPLETE
2732,-1000000000.0,2026-04-01 08:14:45.227881,2026-04-01 08:14:47.755822,0 days 00:00:02.527941,18,2.45,21,2,15,1.0,0.7,5,35,90,90,5,1.1,2.7,1.45,1.7,27,5.1,10.6,3.0,5.300000000000001,3.4000000000000004,False,False,,,,,,,,,COMPLETE
2733,-1000000000.0,2026-04-01 08:14:47.789765,2026-04-01 08:14:50.264854,0 days 00:00:02.475089,18,2.45,21,2,15,1.0,0.7,5,35,91,90,5,1.1,2.6,1.45,1.7,27,5.1,10.6,3.0,5.300000000000001,3.4000000000000004,False,False,,,,,,,,,COMPLETE
2734,1.6056285714285716,2026-04-01 08:14:50.318364,2026-04-01 08:14:52.821498,0 days 00:00:02.503134,18,2.45,21,2,15,1.0,0.7,5,35,90,90,5,1.1,2.7,1.45,1.7,28,5.1,10.6,3.0,5.300000000000001,3.5,False,False,"{'MSFT': 0.2552, 'GOOG': 0.1948, 'AAPL': 0.182, 'BRK-B': 0.1637, 'AMZN': 0.12, 'AVGO': 0.0843}",0.048,1.3277,"{2025: 1.8805, 2026: -1.7845}",1.6056,"['MSFT', 'GOOG', 'AAPL', 'BRK-B', 'AMZN', 'AVGO']",1.5576,"{2018: 1.295, 2019: 1.619, 2020: 3.099, 2021: 1.9516, 2022: -0.5913, 2023: 1.8613, 2024: 1.6688}",COMPLETE
2735,-1000000000.0,2026-04-01 08:14:52.863170,2026-04-01 08:14:55.437695,0 days 00:00:02.574525,18,2.45,21,2,15,1.0,0.7,5,35,91,90,5,1.1,2.6,1.45,1.7,27,5.1,10.6,3.0,5.4,3.4000000000000004,False,False,,,,,,,,,COMPLETE
2736,1.5626000000000002,2026-04-01 08:14:55.479906,2026-04-01 08:14:57.951478,0 days 00:00:02.471572,18,2.45,21,2,15,1.0,0.7,5,35,90,90,5,1.1,2.7,1.45,1.7,28,5.1,10.8,3.1,5.300000000000001,3.4000000000000004,False,False,"{'MSFT': 0.255, 'GOOG': 0.1928, 'AAPL': 0.1849, 'BRK-B': 0.1631, 'AMZN': 0.1209, 'AVGO': 0.0833}",0.0032,1.4154,"{2025: 2.0745, 2026: -2.0681}",1.5626,"['MSFT', 'GOOG', 'AAPL', 'BRK-B', 'AMZN', 'AVGO']",1.5594,"{2018: 1.3079, 2019: 1.6179, 2020: 3.0987, 2021: 1.9518, 2022: -0.5912, 2023: 1.8616, 2024: 1.6691}",COMPLETE
2737,2.9323928571428572,2026-04-01 08:14:57.994144,2026-04-01 08:15:00.528971,0 days 00:00:02.534827,18,2.45,21,2,15,1.0,0.7,5,35,90,90,5,1.1,2.6,1.45,1.7,27,5.1,10.8,3.0,5.4,3.5,False,False,"{'MSFT': 0.2581, 'GOOG': 0.1937, 'BRK-B': 0.1772, 'AAPL': 0.1749, 'NVDA': 0.1095, 'META': 0.0865}",1.3499,1.4738,"{2025: 1.5835, 2026: 1.1164}",2.9324,"['MSFT', 'GOOG', 'BRK-B', 'AAPL', 'NVDA', 'META']",1.5824,"{2018: 1.2532, 2019: 1.5862, 2020: 3.3353, 2021: 1.8439, 2022: -0.8485, 2023: 1.9761, 2024: 1.9309}",COMPLETE
2738,1.7648214285714285,2026-04-01 08:15:00.564487,2026-04-01 08:15:03.164095,0 days 00:00:02.599608,18,2.45,21,2,15,1.0,0.7,5,35,91,90,5,1.1,2.7,1.45,1.7,27,5.1,10.6,3.0,5.4,3.5,False,False,"{'MSFT': 0.2581, 'GOOG': 0.1969, 'BRK-B': 0.1794, 'AAPL': 0.1674, 'NVDA': 0.1008, 'AMZN': 0.0975}",0.1047,1.3185,"{2025: 1.9064, 2026: -1.6971}",1.7648,"['MSFT', 'GOOG', 'BRK-B', 'AAPL', 'NVDA', 'AMZN']",1.6602,"{2018: 1.3397, 2019: 1.7945, 2020: 3.3236, 2021: 1.8442, 2022: -0.5873, 2023: 1.9761, 2024: 1.9304}",COMPLETE
2739,1.8947928571428574,2026-04-01 08:15:03.207082,2026-04-01 08:15:05.851677,0 days 00:00:02.644595,18,2.45,21,2,15,1.0,0.7,5,35,90,90,5,1.1,2.6,1.45,1.7,28,5.1,10.8,3.0,5.4,3.5,False,False,"{'MSFT': 0.2657, 'GOOG': 0.2062, 'AAPL': 0.1972, 'BRK-B': 0.1637, 'AMZN': 0.0885, 'AVGO': 0.0786}",0.3774,1.4189,"{2025: 1.8737, 2026: -1.1188}",1.8948,"['MSFT', 'GOOG', 'AAPL', 'BRK-B', 'AMZN', 'AVGO']",1.5173,"{2018: 1.295, 2019: 1.58, 2020: 3.0988, 2021: 1.9587, 2022: -0.8609, 2023: 1.881, 2024: 1.6688}",COMPLETE
2740,-1000000000.0,2026-04-01 08:15:05.893231,2026-04-01 08:15:08.343514,0 days 00:00:02.450283,18,2.45,21,2,15,1.0,0.7,5,35,90,90,5,1.1,2.7,1.45,1.7,27,5.1,10.6,3.0,5.300000000000001,3.5,False,False,,,,,,,,,COMPLETE
2741,-1000000000.0,2026-04-01 08:15:08.380207,2026-04-01 08:15:10.795602,0 days 00:00:02.415395,18,2.45,21,2,15,1.0,0.7,5,35,91,90,5,1.1,2.6,1.45,1.7,27,5.1,10.8,3.1,5.4,3.4000000000000004,False,False,,,,,,,,,COMPLETE
2742,-1000000000.0,2026-04-01 08:15:10.829013,2026-04-01 08:15:13.395266,0 days 00:00:02.566253,18,2.45,21,2,15,1.0,0.7,5,35,90,90,5,1.1,2.6,1.45,1.7,28,5.1,10.6,3.1,5.300000000000001,3.5,False,False,,,,,,,,,COMPLETE
2743,-1000000000.0,2026-04-01 08:15:13.435689,2026-04-01 08:15:16.092757,0 days 00:00:02.657068,18,2.45,21,2,15,1.0,0.7,5,35,90,90,5,1.1,2.7,1.45,1.7,27,5.1,10.8,3.0,5.4,3.4000000000000004,False,False,,,,,,,,,COMPLETE
2744,-1000000000.0,2026-04-01 08:15:16.133171,2026-04-01 08:15:18.563278,0 days 00:00:02.430107,18,2.45,21,2,15,1.0,0.7,5,35,90,90,5,1.1,2.6,1.45,1.7,28,5.1,10.6,3.1,5.300000000000001,3.4000000000000004,False,False,,,,,,,,,COMPLETE
2745,-1000000000.0,2026-04-01 08:15:18.603086,2026-04-01 08:15:21.172577,0 days 00:00:02.569491,18,2.45,21,2,15,1.0,0.7,5,35,91,90,5,1.1,2.6,1.45,1.7,27,5.1,10.8,3.0,5.4,3.5,False,False,,,,,,,,,COMPLETE
2746,-1000000000.0,2026-04-01 08:15:21.214165,2026-04-01 08:15:23.775360,0 days 00:00:02.561195,18,2.45,21,2,15,1.0,0.7,5,35,91,90,5,1.1,2.7,1.45,1.7,28,5.1,10.8,3.1,5.300000000000001,3.4000000000000004,False,False,,,,,,,,,COMPLETE
2747,2.7504857142857144,2026-04-01 08:15:23.819650,2026-04-01 08:15:26.370346,0 days 00:00:02.550696,18,2.45,21,2,15,1.0,0.7,5,35,90,90,5,1.1,2.6,1.45,1.7,27,5.1,10.6,3.1,5.300000000000001,3.5,False,False,"{'MSFT': 0.2576, 'GOOG': 0.1902, 'BRK-B': 0.1778, 'AAPL': 0.1775, 'NVDA': 0.1107, 'META': 0.0863}",1.1663,1.525,"{2025: 1.7423, 2026: 0.5903}",2.7505,"['MSFT', 'GOOG', 'BRK-B', 'AAPL', 'NVDA', 'META']",1.5842,"{2018: 1.2652, 2019: 1.6129, 2020: 3.3352, 2021: 1.837, 2022: -0.8486, 2023: 1.957, 2024: 1.9306}",COMPLETE
2748,2.9323928571428572,2026-04-01 08:15:26.417370,2026-04-01 08:15:28.955567,0 days 00:00:02.538197,18,2.45,21,2,15,1.0,0.7,5,35,90,90,5,1.1,2.6,1.45,1.7,27,5.1,10.6,3.0,5.4,3.5,False,False,"{'MSFT': 0.2581, 'GOOG': 0.1937, 'BRK-B': 0.1772, 'AAPL': 0.1749, 'NVDA': 0.1095, 'META': 0.0865}",1.3499,1.4738,"{2025: 1.5835, 2026: 1.1164}",2.9324,"['MSFT', 'GOOG', 'BRK-B', 'AAPL', 'NVDA', 'META']",1.5824,"{2018: 1.2532, 2019: 1.5862, 2020: 3.3353, 2021: 1.8439, 2022: -0.8485, 2023: 1.9761, 2024: 1.9309}",COMPLETE
2749,1.7648214285714285,2026-04-01 08:15:28.986900,2026-04-01 08:15:31.778206,0 days 00:00:02.791306,18,2.45,21,2,15,1.0,0.7,5,35,91,90,5,1.1,2.7,1.45,1.7,27,5.1,10.6,3.0,5.4,3.5,False,False,"{'MSFT': 0.2581, 'GOOG': 0.1969, 'BRK-B': 0.1794, 'AAPL': 0.1674, 'NVDA': 0.1008, 'AMZN': 0.0975}",0.1047,1.3185,"{2025: 1.9064, 2026: -1.6971}",1.7648,"['MSFT', 'GOOG', 'BRK-B', 'AAPL', 'NVDA', 'AMZN']",1.6602,"{2018: 1.3397, 2019: 1.7945, 2020: 3.3236, 2021: 1.8442, 2022: -0.5873, 2023: 1.9761, 2024: 1.9304}",COMPLETE
2750,1.5942214285714285,2026-04-01 08:15:31.818080,2026-04-01 08:28:59.891785,0 days 00:13:28.073705,18,2.45,21,2,15,1.0,0.7,5,35,91,90,5,1.1,2.7,1.45,1.7,28,5.1,10.6,3.0,5.4,3.5,False,False,"{'MSFT': 0.2641, 'BRK-B': 0.1882, 'AAPL': 0.1858, 'GOOG': 0.1433, 'AMZN': 0.1285, 'AVGO': 0.0902}",-0.006,1.5909,"{2025: 2.2809, 2026: -2.2928}",1.5942,"['MSFT', 'BRK-B', 'AAPL', 'GOOG', 'AMZN', 'AVGO']",1.6002,"{2018: 1.3908, 2019: 1.8136, 2020: 3.0882, 2021: 1.9587, 2022: -0.5999, 2023: 1.8811, 2024: 1.6687}",COMPLETE
2751,1.8947928571428574,2026-04-01 08:28:59.931945,2026-04-01 08:29:02.394705,0 days 00:00:02.462760,18,2.45,21,2,15,1.0,0.7,5,35,90,90,5,1.1,2.6,1.45,1.7,28,5.1,10.6,3.0,5.4,3.5,False,False,"{'MSFT': 0.2657, 'GOOG': 0.2062, 'AAPL': 0.1972, 'BRK-B': 0.1637, 'AMZN': 0.0885, 'AVGO': 0.0786}",0.3774,1.4189,"{2025: 1.8737, 2026: -1.1188}",1.8948,"['MSFT', 'GOOG', 'AAPL', 'BRK-B', 'AMZN', 'AVGO']",1.5173,"{2018: 1.295, 2019: 1.58, 2020: 3.0988, 2021: 1.9587, 2022: -0.8609, 2023: 1.881, 2024: 1.6688}",COMPLETE
2752,2.9231285714285713,2026-04-01 08:29:02.440019,2026-04-01 08:29:04.948641,0 days 00:00:02.508622,18,2.45,21,2,15,1.0,0.7,5,35,90,90,5,1.1,2.6,1.45,1.7,27,5.1,10.8,3.0,5.300000000000001,3.4000000000000004,False,False,"{'MSFT': 0.2582, 'GOOG': 0.1922, 'BRK-B': 0.1783, 'AAPL': 0.1751, 'NVDA': 0.1104, 'META': 0.0858}",1.3404,1.4724,"{2025: 1.5854, 2026: 1.0954}",2.9231,"['MSFT', 'GOOG', 'BRK-B', 'AAPL', 'NVDA', 'META']",1.5827,"{2018: 1.2532, 2019: 1.6141, 2020: 3.3352, 2021: 1.8375, 2022: -0.8486, 2023: 1.9573, 2024: 1.9304}",COMPLETE
2753,1.7524571428571427,2026-04-01 08:29:05.008406,2026-04-01 08:29:07.514251,0 days 00:00:02.505845,18,2.45,21,2,15,1.0,0.7,5,35,91,90,5,1.1,2.7,1.45,1.7,27,5.1,11.0,3.0,5.300000000000001,3.5,False,False,"{'MSFT': 0.2587, 'GOOG': 0.1945, 'BRK-B': 0.1802, 'AAPL': 0.1678, 'NVDA': 0.1009, 'AMZN': 0.0979}",0.0921,1.3103,"{2025: 1.9011, 2026: -1.7169}",1.7525,"['MSFT', 'GOOG', 'BRK-B', 'AAPL', 'NVDA', 'AMZN']",1.6604,"{2018: 1.3397, 2019: 1.8209, 2020: 3.3238, 2021: 1.8374, 2022: -0.5871, 2023: 1.9573, 2024: 1.9305}",COMPLETE
