number,value,state,datetime_start,datetime_complete,duration_seconds,params_json,fold_sharpes_json,avg_cv_sharpe
1003,-1000000000.0,TrialState.COMPLETE,2026-04-01T02:23:40.829469,2026-04-01T02:23:40.874276,0.044807,"{""atr_window"": 20, ""bb_std_dev"": 1.5999999999999999, ""bb_window"": 22, ""cooldown"": 3, ""macd_fast"": 16, ""macd_k"": 1.45, ""macd_k_mid"": 0.6, ""macd_signal"": 9, ""macd_slow"": 44, ""macd_std_window"": 99, ""rebalance_freq"": 150, ""rebounce_block"": 3, ""sl_mult_lm"": 1.3, ""sl_mult_lr"": 2.6, ""sl_mult_sm"": 1.9, ""sl_mult_sr"": 1.9, ""time_stop"": 15, ""tp_mult_lm"": 5.9, ""tp_mult_lr"": 15.600000000000001, ""tp_mult_sm"": 3.5, ""tp_mult_sr"": 6.9, ""trail_mult"": 3.2, ""trail_tp"": false, ""use_trailing"": true}",{},
1004,-1000000000.0,TrialState.COMPLETE,2026-04-01T02:23:40.907963,2026-04-01T02:23:43.360881,2.452918,"{""atr_window"": 15, ""bb_std_dev"": 1.65, ""bb_window"": 14, ""cooldown"": 2, ""macd_fast"": 20, ""macd_k"": 1.05, ""macd_k_mid"": 0.65, ""macd_signal"": 6, ""macd_slow"": 39, ""macd_std_window"": 83, ""rebalance_freq"": 180, ""rebounce_block"": 0, ""sl_mult_lm"": 1.1, ""sl_mult_lr"": 2.7, ""sl_mult_sm"": 1.75, ""sl_mult_sr"": 3.1, ""time_stop"": 16, ""tp_mult_lm"": 4.7, ""tp_mult_lr"": 9.8, ""tp_mult_sm"": 4.7, ""tp_mult_sr"": 3.2, ""trail_mult"": 1.8, ""trail_tp"": true, ""use_trailing"": true}",{},
1005,-1000000000.0,TrialState.COMPLETE,2026-04-01T02:23:43.394451,2026-04-01T02:23:45.919431,2.52498,"{""atr_window"": 13, ""bb_std_dev"": 1.75, ""bb_window"": 15, ""cooldown"": 5, ""macd_fast"": 13, ""macd_k"": 1.6, ""macd_k_mid"": 0.5, ""macd_signal"": 8, ""macd_slow"": 35, ""macd_std_window"": 95, ""rebalance_freq"": 120, ""rebounce_block"": 2, ""sl_mult_lm"": 2.2, ""sl_mult_lr"": 5.0, ""sl_mult_sm"": 1.15, ""sl_mult_sr"": 1.8, ""time_stop"": 28, ""tp_mult_lm"": 5.800000000000001, ""tp_mult_lr"": 12.8, ""tp_mult_sm"": 3.1, ""tp_mult_sr"": 7.0, ""trail_mult"": 2.1, ""trail_tp"": false, ""use_trailing"": true}",{},
1006,-1000000000.0,TrialState.COMPLETE,2026-04-01T02:23:45.959786,2026-04-01T02:23:46.001233,0.041447,"{""atr_window"": 17, ""bb_std_dev"": 1.5499999999999998, ""bb_window"": 23, ""cooldown"": 1, ""macd_fast"": 14, ""macd_k"": 1.1, ""macd_k_mid"": 0.6, ""macd_signal"": 7, ""macd_slow"": 37, ""macd_std_window"": 72, ""rebalance_freq"": 150, ""rebounce_block"": 3, ""sl_mult_lm"": 1.9500000000000002, ""sl_mult_lr"": 3.4000000000000004, ""sl_mult_sm"": 1.8, ""sl_mult_sr"": 1.5, ""time_stop"": 0, ""tp_mult_lm"": 3.8, ""tp_mult_lr"": 13.0, ""tp_mult_sm"": 3.8, ""tp_mult_sr"": 4.4, ""trail_mult"": 4.0, ""trail_tp"": true, ""use_trailing"": false}",{},
1007,-1000000000.0,TrialState.COMPLETE,2026-04-01T02:23:46.034330,2026-04-01T02:23:46.075948,0.041618,"{""atr_window"": 18, ""bb_std_dev"": 1.7, ""bb_window"": 14, ""cooldown"": 4, ""macd_fast"": 12, ""macd_k"": 1.55, ""macd_k_mid"": 0.7, ""macd_signal"": 5, ""macd_slow"": 41, ""macd_std_window"": 93, ""rebalance_freq"": 30, ""rebounce_block"": 4, ""sl_mult_lm"": 1.0, ""sl_mult_lr"": 2.0, ""sl_mult_sm"": 1.85, ""sl_mult_sr"": 2.4, ""time_stop"": 6, ""tp_mult_lm"": 5.6, ""tp_mult_lr"": 12.4, ""tp_mult_sm"": 3.4, ""tp_mult_sr"": 3.9, ""trail_mult"": 3.1, ""trail_tp"": true, ""use_trailing"": true}",{},
1008,-1000000000.0,TrialState.COMPLETE,2026-04-01T02:23:46.110885,2026-04-01T02:23:48.627681,2.516796,"{""atr_window"": 16, ""bb_std_dev"": 2.0, ""bb_window"": 20, ""cooldown"": 0, ""macd_fast"": 20, ""macd_k"": 1.2, ""macd_k_mid"": 0.55, ""macd_signal"": 10, ""macd_slow"": 38, ""macd_std_window"": 88, ""rebalance_freq"": 150, ""rebounce_block"": 1, ""sl_mult_lm"": 1.85, ""sl_mult_lr"": 4.2, ""sl_mult_sm"": 1.9500000000000002, ""sl_mult_sr"": 1.6, ""time_stop"": 17, ""tp_mult_lm"": 5.9, ""tp_mult_lr"": 16.4, ""tp_mult_sm"": 3.0, ""tp_mult_sr"": 4.6, ""trail_mult"": 2.0, ""trail_tp"": false, ""use_trailing"": true}",{},
1009,-1000000000.0,TrialState.COMPLETE,2026-04-01T02:23:48.661508,2026-04-01T02:23:48.710258,0.04875,"{""atr_window"": 20, ""bb_std_dev"": 2.35, ""bb_window"": 21, ""cooldown"": 2, ""macd_fast"": 13, ""macd_k"": 1.65, ""macd_k_mid"": 0.95, ""macd_signal"": 9, ""macd_slow"": 42, ""macd_std_window"": 92, ""rebalance_freq"": 120, ""rebounce_block"": 5, ""sl_mult_lm"": 2.05, ""sl_mult_lr"": 4.6, ""sl_mult_sm"": 1.3, ""sl_mult_sr"": 1.9, ""time_stop"": 21, ""tp_mult_lm"": 4.8, ""tp_mult_lr"": 10.0, ""tp_mult_sm"": 7.0, ""tp_mult_sr"": 5.0, ""trail_mult"": 3.7, ""trail_tp"": true, ""use_trailing"": false}",{},
1010,-1000000000.0,TrialState.COMPLETE,2026-04-01T02:23:48.746708,2026-04-01T02:23:48.816547,0.069839,"{""atr_window"": 15, ""bb_std_dev"": 2.25, ""bb_window"": 16, ""cooldown"": 3, ""macd_fast"": 17, ""macd_k"": 1.35, ""macd_k_mid"": 0.8, ""macd_signal"": 8, ""macd_slow"": 44, ""macd_std_window"": 78, ""rebalance_freq"": 180, ""rebounce_block"": 6, ""sl_mult_lm"": 2.0, ""sl_mult_lr"": 4.9, ""sl_mult_sm"": 1.7000000000000002, ""sl_mult_sr"": 2.0, ""time_stop"": 7, ""tp_mult_lm"": 5.1, ""tp_mult_lr"": 8.0, ""tp_mult_sm"": 4.9, ""tp_mult_sr"": 3.0, ""trail_mult"": 1.9, ""trail_tp"": false, ""use_trailing"": true}",{},
1011,-1000000000.0,TrialState.COMPLETE,2026-04-01T02:23:48.869365,2026-04-01T02:23:48.912824,0.043459,"{""atr_window"": 10, ""bb_std_dev"": 1.5, ""bb_window"": 19, ""cooldown"": 1, ""macd_fast"": 15, ""macd_k"": 1.0, ""macd_k_mid"": 0.55, ""macd_signal"": 7, ""macd_slow"": 40, ""macd_std_window"": 94, ""rebalance_freq"": 30, ""rebounce_block"": 2, ""sl_mult_lm"": 1.2, ""sl_mult_lr"": 2.4, ""sl_mult_sm"": 1.45, ""sl_mult_sr"": 2.2, ""time_stop"": 8, ""tp_mult_lm"": 3.7, ""tp_mult_lr"": 11.8, ""tp_mult_sm"": 6.5, ""tp_mult_sr"": 3.8, ""trail_mult"": 3.2, ""trail_tp"": true, ""use_trailing"": true}",{},
1012,-1000000000.0,TrialState.COMPLETE,2026-04-01T02:23:48.947177,2026-04-01T02:23:48.991431,0.044254,"{""atr_window"": 19, ""bb_std_dev"": 2.5, ""bb_window"": 14, ""cooldown"": 4, ""macd_fast"": 11, ""macd_k"": 1.15, ""macd_k_mid"": 0.8500000000000001, ""macd_signal"": 8, ""macd_slow"": 43, ""macd_std_window"": 81, ""rebalance_freq"": 90, ""rebounce_block"": 0, ""sl_mult_lm"": 1.15, ""sl_mult_lr"": 2.2, ""sl_mult_sm"": 1.35, ""sl_mult_sr"": 2.1, ""time_stop"": 2, ""tp_mult_lm"": 3.6, ""tp_mult_lr"": 13.600000000000001, ""tp_mult_sm"": 6.1, ""tp_mult_sr"": 3.6, ""trail_mult"": 2.2, ""trail_tp"": false, ""use_trailing"": true}",{},
1013,-1000000000.0,TrialState.COMPLETE,2026-04-01T02:23:49.031626,2026-04-01T02:23:51.485042,2.453416,"{""atr_window"": 14, ""bb_std_dev"": 2.05, ""bb_window"": 15, ""cooldown"": 2, ""macd_fast"": 18, ""macd_k"": 2.0, ""macd_k_mid"": 0.65, ""macd_signal"": 6, ""macd_slow"": 39, ""macd_std_window"": 89, ""rebalance_freq"": 120, ""rebounce_block"": 6, ""sl_mult_lm"": 2.1500000000000004, ""sl_mult_lr"": 2.1, ""sl_mult_sm"": 1.6, ""sl_mult_sr"": 3.4000000000000004, ""time_stop"": 19, ""tp_mult_lm"": 5.7, ""tp_mult_lr"": 12.2, ""tp_mult_sm"": 6.4, ""tp_mult_sr"": 6.2, ""trail_mult"": 2.5, ""trail_tp"": true, ""use_trailing"": false}",{},
1014,-1000000000.0,TrialState.COMPLETE,2026-04-01T02:23:51.518023,2026-04-01T02:23:54.039497,2.521474,"{""atr_window"": 13, ""bb_std_dev"": 2.4, ""bb_window"": 18, ""cooldown"": 1, ""macd_fast"": 19, ""macd_k"": 1.5, ""macd_k_mid"": 0.7, ""macd_signal"": 9, ""macd_slow"": 41, ""macd_std_window"": 73, ""rebalance_freq"": 150, ""rebounce_block"": 5, ""sl_mult_lm"": 1.35, ""sl_mult_lr"": 2.6, ""sl_mult_sm"": 1.55, ""sl_mult_sr"": 1.5, ""time_stop"": 30, ""tp_mult_lm"": 5.3, ""tp_mult_lr"": 10.6, ""tp_mult_sm"": 4.3, ""tp_mult_sr"": 5.800000000000001, ""trail_mult"": 2.2, ""trail_tp"": false, ""use_trailing"": true}",{},
1015,-1000000000.0,TrialState.COMPLETE,2026-04-01T02:23:54.068409,2026-04-01T02:23:54.111607,0.043198,"{""atr_window"": 16, ""bb_std_dev"": 2.15, ""bb_window"": 16, ""cooldown"": 0, ""macd_fast"": 10, ""macd_k"": 1.85, ""macd_k_mid"": 0.5, ""macd_signal"": 8, ""macd_slow"": 35, ""macd_std_window"": 70, ""rebalance_freq"": 180, ""rebounce_block"": 1, ""sl_mult_lm"": 1.75, ""sl_mult_lr"": 2.3, ""sl_mult_sm"": 1.25, ""sl_mult_sr"": 2.7, ""time_stop"": 10, ""tp_mult_lm"": 4.1, ""tp_mult_lr"": 9.4, ""tp_mult_sm"": 4.4, ""tp_mult_sr"": 6.800000000000001, ""trail_mult"": 2.8, ""trail_tp"": true, ""use_trailing"": true}",{},
1016,-1000000000.0,TrialState.COMPLETE,2026-04-01T02:23:54.144904,2026-04-01T02:23:54.186360,0.041456,"{""atr_window"": 12, ""bb_std_dev"": 2.3, ""bb_window"": 22, ""cooldown"": 2, ""macd_fast"": 14, ""macd_k"": 1.8, ""macd_k_mid"": 1.0, ""macd_signal"": 9, ""macd_slow"": 43, ""macd_std_window"": 82, ""rebalance_freq"": 90, ""rebounce_block"": 5, ""sl_mult_lm"": 1.55, ""sl_mult_lr"": 2.4, ""sl_mult_sm"": 1.75, ""sl_mult_sr"": 2.6, ""time_stop"": 24, ""tp_mult_lm"": 4.5, ""tp_mult_lr"": 11.0, ""tp_mult_sm"": 5.9, ""tp_mult_sr"": 4.2, ""trail_mult"": 1.7, ""trail_tp"": false, ""use_trailing"": true}",{},
1017,-1000000000.0,TrialState.COMPLETE,2026-04-01T02:23:54.219634,2026-04-01T02:23:56.743311,2.523677,"{""atr_window"": 18, ""bb_std_dev"": 2.1, ""bb_window"": 24, ""cooldown"": 3, ""macd_fast"": 16, ""macd_k"": 1.25, ""macd_k_mid"": 0.9, ""macd_signal"": 10, ""macd_slow"": 37, ""macd_std_window"": 74, ""rebalance_freq"": 150, ""rebounce_block"": 4, ""sl_mult_lm"": 1.25, ""sl_mult_lr"": 2.5, ""sl_mult_sm"": 1.9, ""sl_mult_sr"": 2.3, ""time_stop"": 16, ""tp_mult_lm"": 5.0, ""tp_mult_lr"": 11.4, ""tp_mult_sm"": 6.300000000000001, ""tp_mult_sr"": 6.0, ""trail_mult"": 3.2, ""trail_tp"": true, ""use_trailing"": false}",{},
1018,-1000000000.0,TrialState.COMPLETE,2026-04-01T02:23:56.771088,2026-04-01T02:23:56.813767,0.042679,"{""atr_window"": 19, ""bb_std_dev"": 2.2, ""bb_window"": 14, ""cooldown"": 4, ""macd_fast"": 12, ""macd_k"": 1.3, ""macd_k_mid"": 0.6, ""macd_signal"": 7, ""macd_slow"": 40, ""macd_std_window"": 87, ""rebalance_freq"": 180, ""rebounce_block"": 3, ""sl_mult_lm"": 1.05, ""sl_mult_lr"": 2.8, ""sl_mult_sm"": 1.1, ""sl_mult_sr"": 2.2, ""time_stop"": 14, ""tp_mult_lm"": 5.4, ""tp_mult_lr"": 11.8, ""tp_mult_sm"": 4.6, ""tp_mult_sr"": 4.6, ""trail_mult"": 2.9000000000000004, ""trail_tp"": false, ""use_trailing"": true}",{},
1019,-1000000000.0,TrialState.COMPLETE,2026-04-01T02:23:56.846047,2026-04-01T02:23:59.392734,2.546687,"{""atr_window"": 20, ""bb_std_dev"": 2.45, ""bb_window"": 23, ""cooldown"": 5, ""macd_fast"": 18, ""macd_k"": 1.7000000000000002, ""macd_k_mid"": 0.55, ""macd_signal"": 6, ""macd_slow"": 36, ""macd_std_window"": 90, ""rebalance_freq"": 120, ""rebounce_block"": 3, ""sl_mult_lm"": 1.9500000000000002, ""sl_mult_lr"": 3.0, ""sl_mult_sm"": 1.5, ""sl_mult_sr"": 1.9, ""time_stop"": 22, ""tp_mult_lm"": 4.0, ""tp_mult_lr"": 14.4, ""tp_mult_sm"": 6.6, ""tp_mult_sr"": 4.1, ""trail_mult"": 3.0, ""trail_tp"": true, ""use_trailing"": true}",{},
1020,-1000000000.0,TrialState.COMPLETE,2026-04-01T02:23:59.426796,2026-04-01T02:23:59.468726,0.04193,"{""atr_window"": 14, ""bb_std_dev"": 1.7999999999999998, ""bb_window"": 17, ""cooldown"": 1, ""macd_fast"": 15, ""macd_k"": 1.45, ""macd_k_mid"": 0.7, ""macd_signal"": 9, ""macd_slow"": 44, ""macd_std_window"": 86, ""rebalance_freq"": 150, ""rebounce_block"": 5, ""sl_mult_lm"": 1.9, ""sl_mult_lr"": 2.3, ""sl_mult_sm"": 1.85, ""sl_mult_sr"": 2.0, ""time_stop"": 12, ""tp_mult_lm"": 5.5, ""tp_mult_lr"": 8.6, ""tp_mult_sm"": 4.0, ""tp_mult_sr"": 5.1, ""trail_mult"": 3.5, ""trail_tp"": false, ""use_trailing"": true}",{},
1021,-1000000000.0,TrialState.COMPLETE,2026-04-01T02:23:59.502363,2026-04-01T02:24:02.040096,2.537733,"{""atr_window"": 15, ""bb_std_dev"": 1.65, ""bb_window"": 25, ""cooldown"": 0, ""macd_fast"": 20, ""macd_k"": 1.2, ""macd_k_mid"": 0.5, ""macd_signal"": 8, ""macd_slow"": 41, ""macd_std_window"": 77, ""rebalance_freq"": 60, ""rebounce_block"": 6, ""sl_mult_lm"": 2.1, ""sl_mult_lr"": 3.6, ""sl_mult_sm"": 1.55, ""sl_mult_sr"": 1.8, ""time_stop"": 18, ""tp_mult_lm"": 3.9, ""tp_mult_lr"": 12.600000000000001, ""tp_mult_sm"": 4.2, ""tp_mult_sr"": 5.4, ""trail_mult"": 3.3, ""trail_tp"": true, ""use_trailing"": false}",{},
1022,-1000000000.0,TrialState.COMPLETE,2026-04-01T02:24:02.083802,2026-04-01T02:24:02.128183,0.044381,"{""atr_window"": 16, ""bb_std_dev"": 1.95, ""bb_window"": 21, ""cooldown"": 2, ""macd_fast"": 14, ""macd_k"": 1.4, ""macd_k_mid"": 0.6, ""macd_signal"": 8, ""macd_slow"": 43, ""macd_std_window"": 99, ""rebalance_freq"": 150, ""rebounce_block"": 0, ""sl_mult_lm"": 1.3, ""sl_mult_lr"": 3.8, ""sl_mult_sm"": 1.65, ""sl_mult_sr"": 1.6, ""time_stop"": 20, ""tp_mult_lm"": 5.2, ""tp_mult_lr"": 9.6, ""tp_mult_sm"": 6.2, ""tp_mult_sr"": 5.7, ""trail_mult"": 2.7, ""trail_tp"": false, ""use_trailing"": true}",{},
1023,-1000000000.0,TrialState.COMPLETE,2026-04-01T02:24:02.161360,2026-04-01T02:24:02.206664,0.045304,"{""atr_window"": 18, ""bb_std_dev"": 2.5, ""bb_window"": 14, ""cooldown"": 1, ""macd_fast"": 10, ""macd_k"": 1.05, ""macd_k_mid"": 0.6, ""macd_signal"": 7, ""macd_slow"": 37, ""macd_std_window"": 71, ""rebalance_freq"": 30, ""rebounce_block"": 2, ""sl_mult_lm"": 1.45, ""sl_mult_lr"": 2.1, ""sl_mult_sm"": 2.0, ""sl_mult_sr"": 1.5, ""time_stop"": 17, ""tp_mult_lm"": 4.2, ""tp_mult_lr"": 13.0, ""tp_mult_sm"": 4.5, ""tp_mult_sr"": 3.7, ""trail_mult"": 3.8000000000000003, ""trail_tp"": true, ""use_trailing"": true}",{},
1024,-1000000000.0,TrialState.COMPLETE,2026-04-01T02:24:02.242158,2026-04-01T02:24:02.286669,0.044511,"{""atr_window"": 11, ""bb_std_dev"": 2.25, ""bb_window"": 15, ""cooldown"": 0, ""macd_fast"": 13, ""macd_k"": 1.0, ""macd_k_mid"": 0.55, ""macd_signal"": 9, ""macd_slow"": 42, ""macd_std_window"": 90, ""rebalance_freq"": 180, ""rebounce_block"": 3, ""sl_mult_lm"": 1.85, ""sl_mult_lr"": 2.5, ""sl_mult_sm"": 1.3, ""sl_mult_sr"": 1.7, ""time_stop"": 29, ""tp_mult_lm"": 4.9, ""tp_mult_lr"": 15.4, ""tp_mult_sm"": 5.0, ""tp_mult_sr"": 4.3, ""trail_mult"": 3.0, ""trail_tp"": false, ""use_trailing"": false}",{},
1025,-1000000000.0,TrialState.COMPLETE,2026-04-01T02:24:02.327209,2026-04-01T02:24:02.372312,0.045103,"{""atr_window"": 17, ""bb_std_dev"": 2.05, ""bb_window"": 16, ""cooldown"": 1, ""macd_fast"": 12, ""macd_k"": 1.1, ""macd_k_mid"": 0.5, ""macd_signal"": 10, ""macd_slow"": 38, ""macd_std_window"": 83, ""rebalance_freq"": 90, ""rebounce_block"": 4, ""sl_mult_lm"": 1.4, ""sl_mult_lr"": 4.800000000000001, ""sl_mult_sm"": 1.7000000000000002, ""sl_mult_sr"": 2.1, ""time_stop"": 9, ""tp_mult_lm"": 4.3, ""tp_mult_lr"": 12.0, ""tp_mult_sm"": 3.5, ""tp_mult_sr"": 4.7, ""trail_mult"": 2.1, ""trail_tp"": true, ""use_trailing"": true}",{},
1026,-1000000000.0,TrialState.COMPLETE,2026-04-01T02:24:02.415242,2026-04-01T02:24:02.475613,0.060371,"{""atr_window"": 13, ""bb_std_dev"": 1.8499999999999999, ""bb_window"": 20, ""cooldown"": 5, ""macd_fast"": 11, ""macd_k"": 1.55, ""macd_k_mid"": 0.75, ""macd_signal"": 8, ""macd_slow"": 35, ""macd_std_window"": 97, ""rebalance_freq"": 120, ""rebounce_block"": 6, ""sl_mult_lm"": 2.0, ""sl_mult_lr"": 2.4, ""sl_mult_sm"": 1.05, ""sl_mult_sr"": 1.5, ""time_stop"": 27, ""tp_mult_lm"": 5.1, ""tp_mult_lr"": 10.4, ""tp_mult_sm"": 3.2, ""tp_mult_sr"": 5.9, ""trail_mult"": 2.7, ""trail_tp"": false, ""use_trailing"": true}",{},
1027,-1000000000.0,TrialState.COMPLETE,2026-04-01T02:24:02.508407,2026-04-01T02:24:02.552243,0.043836,"{""atr_window"": 20, ""bb_std_dev"": 2.35, ""bb_window"": 17, ""cooldown"": 2, ""macd_fast"": 14, ""macd_k"": 1.15, ""macd_k_mid"": 0.55, ""macd_signal"": 9, ""macd_slow"": 40, ""macd_std_window"": 85, ""rebalance_freq"": 150, ""rebounce_block"": 5, ""sl_mult_lm"": 1.8, ""sl_mult_lr"": 2.0, ""sl_mult_sm"": 1.2, ""sl_mult_sr"": 2.4, ""time_stop"": 15, ""tp_mult_lm"": 5.6, ""tp_mult_lr"": 11.2, ""tp_mult_sm"": 4.8, ""tp_mult_sr"": 3.1, ""trail_mult"": 3.1, ""trail_tp"": true, ""use_trailing"": true}",{},
1028,-1000000000.0,TrialState.COMPLETE,2026-04-01T02:24:02.598128,2026-04-01T02:24:02.642389,0.044261,"{""atr_window"": 14, ""bb_std_dev"": 2.2, ""bb_window"": 14, ""cooldown"": 3, ""macd_fast"": 16, ""macd_k"": 1.65, ""macd_k_mid"": 0.95, ""macd_signal"": 5, ""macd_slow"": 44, ""macd_std_window"": 91, ""rebalance_freq"": 30, ""rebounce_block"": 1, ""sl_mult_lm"": 1.35, ""sl_mult_lr"": 2.2, ""sl_mult_sm"": 1.6, ""sl_mult_sr"": 2.5, ""time_stop"": 20, ""tp_mult_lm"": 4.6, ""tp_mult_lr"": 10.8, ""tp_mult_sm"": 5.300000000000001, ""tp_mult_sr"": 6.300000000000001, ""trail_mult"": 2.6, ""trail_tp"": false, ""use_trailing"": false}",{},
1029,-1000000000.0,TrialState.COMPLETE,2026-04-01T02:24:02.679336,2026-04-01T02:24:02.725060,0.045724,"{""atr_window"": 16, ""bb_std_dev"": 2.0, ""bb_window"": 18, ""cooldown"": 4, ""macd_fast"": 15, ""macd_k"": 1.9500000000000002, ""macd_k_mid"": 0.8, ""macd_signal"": 6, ""macd_slow"": 43, ""macd_std_window"": 98, ""rebalance_freq"": 180, ""rebounce_block"": 0, ""sl_mult_lm"": 1.9500000000000002, ""sl_mult_lr"": 3.2, ""sl_mult_sm"": 1.8, ""sl_mult_sr"": 2.8, ""time_stop"": 25, ""tp_mult_lm"": 5.7, ""tp_mult_lr"": 15.2, ""tp_mult_sm"": 6.800000000000001, ""tp_mult_sr"": 4.9, ""trail_mult"": 2.3, ""trail_tp"": true, ""use_trailing"": true}",{},
1030,-1000000000.0,TrialState.COMPLETE,2026-04-01T02:24:02.761892,2026-04-01T02:24:02.805827,0.043935,"{""atr_window"": 12, ""bb_std_dev"": 2.45, ""bb_window"": 14, ""cooldown"": 1, ""macd_fast"": 12, ""macd_k"": 1.05, ""macd_k_mid"": 0.65, ""macd_signal"": 7, ""macd_slow"": 39, ""macd_std_window"": 80, ""rebalance_freq"": 150, ""rebounce_block"": 5, ""sl_mult_lm"": 1.0, ""sl_mult_lr"": 4.300000000000001, ""sl_mult_sm"": 1.85, ""sl_mult_sr"": 2.1, ""time_stop"": 6, ""tp_mult_lm"": 3.5, ""tp_mult_lr"": 10.0, ""tp_mult_sm"": 6.7, ""tp_mult_sr"": 6.6, ""trail_mult"": 2.5, ""trail_tp"": false, ""use_trailing"": true}",{},
1031,-1000000000.0,TrialState.COMPLETE,2026-04-01T02:24:02.839890,2026-04-01T02:24:02.884729,0.044839,"{""atr_window"": 15, ""bb_std_dev"": 2.3, ""bb_window"": 24, ""cooldown"": 0, ""macd_fast"": 20, ""macd_k"": 1.6, ""macd_k_mid"": 0.6, ""macd_signal"": 8, ""macd_slow"": 41, ""macd_std_window"": 100, ""rebalance_freq"": 120, ""rebounce_block"": 6, ""sl_mult_lm"": 1.3, ""sl_mult_lr"": 4.2, ""sl_mult_sm"": 1.9500000000000002, ""sl_mult_sr"": 3.3, ""time_stop"": 3, ""tp_mult_lm"": 3.8, ""tp_mult_lr"": 14.2, ""tp_mult_sm"": 7.0, ""tp_mult_sr"": 3.0, ""trail_mult"": 1.5, ""trail_tp"": true, ""use_trailing"": true}",{},
1032,-1000000000.0,TrialState.COMPLETE,2026-04-01T02:24:02.917737,2026-04-01T02:24:02.960523,0.042786,"{""atr_window"": 14, ""bb_std_dev"": 1.75, ""bb_window"": 15, ""cooldown"": 2, ""macd_fast"": 18, ""macd_k"": 1.45, ""macd_k_mid"": 0.7, ""macd_signal"": 9, ""macd_slow"": 42, ""macd_std_window"": 88, ""rebalance_freq"": 180, ""rebounce_block"": 2, ""sl_mult_lm"": 1.25, ""sl_mult_lr"": 2.9, ""sl_mult_sm"": 1.7000000000000002, ""sl_mult_sr"": 2.3, ""time_stop"": 13, ""tp_mult_lm"": 5.0, ""tp_mult_lr"": 16.0, ""tp_mult_sm"": 5.6, ""tp_mult_sr"": 3.9, ""trail_mult"": 3.6, ""trail_tp"": false, ""use_trailing"": false}",{},
1033,-1000000000.0,TrialState.COMPLETE,2026-04-01T02:24:02.994921,2026-04-01T02:24:03.051709,0.056788,"{""atr_window"": 18, ""bb_std_dev"": 1.4, ""bb_window"": 16, ""cooldown"": 3, ""macd_fast"": 11, ""macd_k"": 1.3, ""macd_k_mid"": 0.5, ""macd_signal"": 8, ""macd_slow"": 40, ""macd_std_window"": 70, ""rebalance_freq"": 150, ""rebounce_block"": 3, ""sl_mult_lm"": 1.6, ""sl_mult_lr"": 4.0, ""sl_mult_sm"": 1.75, ""sl_mult_sr"": 1.6, ""time_stop"": 1, ""tp_mult_lm"": 6.0, ""tp_mult_lr"": 12.4, ""tp_mult_sm"": 3.7, ""tp_mult_sr"": 5.5, ""trail_mult"": 1.8, ""trail_tp"": true, ""use_trailing"": true}",{},
1034,-1000000000.0,TrialState.COMPLETE,2026-04-01T02:24:03.088130,2026-04-01T02:24:05.473067,2.384937,"{""atr_window"": 17, ""bb_std_dev"": 2.4, ""bb_window"": 14, ""cooldown"": 4, ""macd_fast"": 17, ""macd_k"": 1.5, ""macd_k_mid"": 0.9, ""macd_signal"": 10, ""macd_slow"": 36, ""macd_std_window"": 89, ""rebalance_freq"": 90, ""rebounce_block"": 5, ""sl_mult_lm"": 1.75, ""sl_mult_lr"": 4.4, ""sl_mult_sm"": 1.4, ""sl_mult_sr"": 2.0, ""time_stop"": 4, ""tp_mult_lm"": 5.2, ""tp_mult_lr"": 10.2, ""tp_mult_sm"": 6.5, ""tp_mult_sr"": 5.2, ""trail_mult"": 1.9, ""trail_tp"": true, ""use_trailing"": true}",{},
1035,-1000000000.0,TrialState.COMPLETE,2026-04-01T02:24:05.505591,2026-04-01T02:24:05.548523,0.042932,"{""atr_window"": 10, ""bb_std_dev"": 1.5999999999999999, ""bb_window"": 20, ""cooldown"": 1, ""macd_fast"": 17, ""macd_k"": 1.1, ""macd_k_mid"": 0.55, ""macd_signal"": 7, ""macd_slow"": 43, ""macd_std_window"": 76, ""rebalance_freq"": 120, ""rebounce_block"": 4, ""sl_mult_lm"": 1.5, ""sl_mult_lr"": 3.7, ""sl_mult_sm"": 1.0, ""sl_mult_sr"": 1.7, ""time_stop"": 0, ""tp_mult_lm"": 5.1, ""tp_mult_lr"": 14.0, ""tp_mult_sm"": 5.800000000000001, ""tp_mult_sr"": 4.7, ""trail_mult"": 2.0, ""trail_tp"": false, ""use_trailing"": false}",{},
1036,-1000000000.0,TrialState.COMPLETE,2026-04-01T02:24:05.600275,2026-04-01T02:24:08.131141,2.530866,"{""atr_window"": 19, ""bb_std_dev"": 2.15, ""bb_window"": 19, ""cooldown"": 0, ""macd_fast"": 19, ""macd_k"": 1.75, ""macd_k_mid"": 0.7, ""macd_signal"": 8, ""macd_slow"": 37, ""macd_std_window"": 92, ""rebalance_freq"": 150, ""rebounce_block"": 2, ""sl_mult_lm"": 1.9, ""sl_mult_lr"": 3.1, ""sl_mult_sm"": 1.65, ""sl_mult_sr"": 2.2, ""time_stop"": 26, ""tp_mult_lm"": 5.800000000000001, ""tp_mult_lr"": 15.0, ""tp_mult_sm"": 6.9, ""tp_mult_sr"": 3.2, ""trail_mult"": 3.7, ""trail_tp"": true, ""use_trailing"": true}",{},
