number,value,datetime_start,datetime_complete,duration,params_atr_window,params_bb_std_dev,params_bb_window,params_cooldown,params_macd_fast,params_macd_k,params_macd_k_mid,params_macd_signal,params_macd_slow,params_macd_std_window,params_rebalance_freq,params_rebounce_block,params_sl_mult_lm,params_sl_mult_lr,params_sl_mult_sm,params_sl_mult_sr,params_time_stop,params_tp_mult_lm,params_tp_mult_lr,params_tp_mult_sm,params_tp_mult_sr,params_trail_mult,params_trail_tp,params_use_trailing,user_attrs_allocations,user_attrs_deploy_avg_sharpe,user_attrs_deploy_total_sharpe,user_attrs_deploy_year_sharpes,user_attrs_score,user_attrs_selected_tickers,user_attrs_train_avg_sharpe,user_attrs_train_year_sharpes,state
2754,1.7375785714285716,2026-04-01 08:29:07.546050,2026-04-01 08:29:10.060863,0 days 00:00:02.514813,18,2.45,21,2,15,1.0,0.7,5,35,90,90,5,1.1,2.6,1.45,1.7,28,5.0,10.8,3.0,5.4,3.4000000000000004,False,False,"{'MSFT': 0.2726, 'AAPL': 0.2067, 'BRK-B': 0.1617, 'GOOG': 0.159, 'AVGO': 0.1023, 'AMZN': 0.0978}",0.2099,1.3909,"{2025: 1.8802, 2026: -1.4605}",1.7376,"['MSFT', 'AAPL', 'BRK-B', 'GOOG', 'AVGO', 'AMZN']",1.5277,"{2018: 1.3807, 2019: 1.5857, 2020: 3.0249, 2021: 2.0739, 2022: -0.8633, 2023: 1.8593, 2024: 1.6329}",COMPLETE
2755,-1000000000.0,2026-04-01 08:29:10.092454,2026-04-01 08:29:12.624398,0 days 00:00:02.531944,18,2.45,21,2,15,1.0,0.7,5,35,91,90,5,1.1,2.6,1.45,1.7,27,5.0,10.6,3.1,5.300000000000001,3.4000000000000004,False,False,,,,,,,,,COMPLETE
2756,1.6101785714285712,2026-04-01 08:29:12.656628,2026-04-01 08:29:15.202712,0 days 00:00:02.546084,18,2.45,21,2,15,1.0,0.7,5,35,90,90,5,1.1,2.7,1.45,1.7,28,5.1,11.0,3.0,5.4,3.5,False,False,"{'MSFT': 0.2528, 'GOOG': 0.1969, 'AAPL': 0.1822, 'BRK-B': 0.1633, 'AMZN': 0.1204, 'AVGO': 0.0844}",0.0554,1.3338,"{2025: 1.884, 2026: -1.7731}",1.6102,"['MSFT', 'GOOG', 'AAPL', 'BRK-B', 'AMZN', 'AVGO']",1.5547,"{2018: 1.295, 2019: 1.5725, 2020: 3.0988, 2021: 1.9586, 2022: -0.5913, 2023: 1.881, 2024: 1.6685}",COMPLETE
2757,2.9231285714285713,2026-04-01 08:29:15.244674,2026-04-01 08:29:17.791421,0 days 00:00:02.546747,18,2.45,21,2,15,1.0,0.7,5,35,90,90,5,1.1,2.6,1.45,1.7,27,5.1,10.6,3.0,5.300000000000001,3.4000000000000004,False,False,"{'MSFT': 0.2582, 'GOOG': 0.1922, 'BRK-B': 0.1783, 'AAPL': 0.1751, 'NVDA': 0.1104, 'META': 0.0858}",1.3404,1.4724,"{2025: 1.5854, 2026: 1.0954}",2.9231,"['MSFT', 'GOOG', 'BRK-B', 'AAPL', 'NVDA', 'META']",1.5827,"{2018: 1.2532, 2019: 1.6141, 2020: 3.3352, 2021: 1.8375, 2022: -0.8486, 2023: 1.9573, 2024: 1.9304}",COMPLETE
2758,1.6056285714285716,2026-04-01 08:29:17.824172,2026-04-01 08:29:20.386978,0 days 00:00:02.562806,18,2.45,21,2,15,1.0,0.7,5,35,90,90,5,1.1,2.7,1.45,1.7,28,5.1,10.6,3.0,5.300000000000001,3.5,False,False,"{'MSFT': 0.2552, 'GOOG': 0.1948, 'AAPL': 0.182, 'BRK-B': 0.1637, 'AMZN': 0.12, 'AVGO': 0.0843}",0.048,1.3277,"{2025: 1.8805, 2026: -1.7845}",1.6056,"['MSFT', 'GOOG', 'AAPL', 'BRK-B', 'AMZN', 'AVGO']",1.5576,"{2018: 1.295, 2019: 1.619, 2020: 3.099, 2021: 1.9516, 2022: -0.5913, 2023: 1.8613, 2024: 1.6688}",COMPLETE
2759,-1000000000.0,2026-04-01 08:29:20.420056,2026-04-01 08:29:23.077396,0 days 00:00:02.657340,18,2.45,21,2,15,1.0,0.7,5,35,91,90,5,1.1,2.6,1.45,1.7,27,5.0,10.6,3.0,5.4,3.4000000000000004,False,False,,,,,,,,,COMPLETE
2760,-1000000000.0,2026-04-01 08:29:23.118047,2026-04-01 08:29:25.678310,0 days 00:00:02.560263,18,2.45,21,2,15,1.0,0.7,5,35,91,90,5,1.1,2.6,1.45,1.7,27,5.1,10.6,3.0,5.300000000000001,3.4000000000000004,False,False,,,,,,,,,COMPLETE
2761,1.4190357142857142,2026-04-01 08:29:25.720218,2026-04-01 08:29:28.361472,0 days 00:00:02.641254,18,2.45,21,2,15,1.0,0.7,5,35,90,90,5,1.1,2.7,1.45,1.7,28,5.0,11.0,3.1,5.4,3.5,False,False,"{'MSFT': 0.2551, 'AAPL': 0.192, 'BRK-B': 0.1795, 'GOOG': 0.1436, 'AMZN': 0.1275, 'AVGO': 0.1023}",-0.1479,1.4158,"{2025: 2.1126, 2026: -2.4083}",1.419,"['MSFT', 'AAPL', 'BRK-B', 'GOOG', 'AMZN', 'AVGO']",1.5669,"{2018: 1.3938, 2019: 1.5767, 2020: 3.0248, 2021: 2.0738, 2022: -0.5934, 2023: 1.8595, 2024: 1.633}",COMPLETE
2762,-1000000000.0,2026-04-01 08:29:28.404947,2026-04-01 08:29:30.928044,0 days 00:00:02.523097,18,2.4,21,2,15,1.0,0.7,5,35,89,90,5,1.1,2.6,1.45,1.7,27,5.1,10.8,3.1,5.300000000000001,3.4000000000000004,False,False,,,,,,,,,COMPLETE
2763,2.9323928571428572,2026-04-01 08:29:30.960817,2026-04-01 08:29:33.579192,0 days 00:00:02.618375,18,2.45,21,2,15,1.0,0.7,5,35,90,90,5,1.1,2.6,1.45,1.7,27,5.1,10.8,3.0,5.4,3.5,False,False,"{'MSFT': 0.2581, 'GOOG': 0.1937, 'BRK-B': 0.1772, 'AAPL': 0.1749, 'NVDA': 0.1095, 'META': 0.0865}",1.3499,1.4738,"{2025: 1.5835, 2026: 1.1164}",2.9324,"['MSFT', 'GOOG', 'BRK-B', 'AAPL', 'NVDA', 'META']",1.5824,"{2018: 1.2532, 2019: 1.5862, 2020: 3.3353, 2021: 1.8439, 2022: -0.8485, 2023: 1.9761, 2024: 1.9309}",COMPLETE
2764,1.6101785714285712,2026-04-01 08:29:33.627980,2026-04-01 08:29:36.217000,0 days 00:00:02.589020,18,2.45,21,2,15,1.0,0.7,5,35,90,90,5,1.1,2.7,1.45,1.7,28,5.1,11.0,3.0,5.4,3.5,False,False,"{'MSFT': 0.2528, 'GOOG': 0.1969, 'AAPL': 0.1822, 'BRK-B': 0.1633, 'AMZN': 0.1204, 'AVGO': 0.0844}",0.0554,1.3338,"{2025: 1.884, 2026: -1.7731}",1.6102,"['MSFT', 'GOOG', 'AAPL', 'BRK-B', 'AMZN', 'AVGO']",1.5547,"{2018: 1.295, 2019: 1.5725, 2020: 3.0988, 2021: 1.9586, 2022: -0.5913, 2023: 1.881, 2024: 1.6685}",COMPLETE
2765,-1000000000.0,2026-04-01 08:29:36.266336,2026-04-01 08:29:38.913888,0 days 00:00:02.647552,18,2.45,21,2,15,1.0,0.7,5,35,91,90,5,1.1,2.6,1.45,1.7,27,5.0,10.6,3.0,5.4,3.5,False,False,,,,,,,,,COMPLETE
2766,1.7648214285714285,2026-04-01 08:29:38.953634,2026-04-01 08:29:41.409555,0 days 00:00:02.455921,18,2.45,21,2,15,1.0,0.7,5,35,91,90,5,1.1,2.7,1.45,1.7,27,5.1,10.6,3.0,5.4,3.5,False,False,"{'MSFT': 0.2581, 'GOOG': 0.1969, 'BRK-B': 0.1794, 'AAPL': 0.1674, 'NVDA': 0.1008, 'AMZN': 0.0975}",0.1047,1.3185,"{2025: 1.9064, 2026: -1.6971}",1.7648,"['MSFT', 'GOOG', 'BRK-B', 'AAPL', 'NVDA', 'AMZN']",1.6602,"{2018: 1.3397, 2019: 1.7945, 2020: 3.3236, 2021: 1.8442, 2022: -0.5873, 2023: 1.9761, 2024: 1.9304}",COMPLETE
2767,1.3746142857142856,2026-04-01 08:29:41.449143,2026-04-01 08:29:44.022333,0 days 00:00:02.573190,18,2.4,21,2,15,1.0,0.7,5,35,89,90,5,1.1,2.6,1.4,1.7,28,5.0,11.0,3.0,5.300000000000001,3.5,False,False,"{'GOOG': 0.317, 'AAPL': 0.2064, 'BRK-B': 0.1502, 'MSFT': 0.1308, 'AMZN': 0.1088, 'AVGO': 0.0867}",-0.3275,1.6224,"{2025: 2.5885, 2026: -3.2435}",1.3746,"['GOOG', 'AAPL', 'BRK-B', 'MSFT', 'AMZN', 'AVGO']",1.7021,"{2018: 1.9921, 2019: 1.6648, 2020: 2.9036, 2021: 1.935, 2022: -1.0375, 2023: 2.3958, 2024: 2.061}",COMPLETE
2768,1.8636499999999998,2026-04-01 08:29:44.062793,2026-04-01 08:30:06.973729,0 days 00:00:22.910936,18,2.4,21,2,15,1.0,0.7,5,35,90,90,5,1.1,2.7,1.45,1.7,27,5.1,10.8,3.1,5.300000000000001,3.4000000000000004,False,False,"{'GOOG': 0.3168, 'AAPL': 0.1937, 'BRK-B': 0.1583, 'MSFT': 0.1427, 'AMZN': 0.1115, 'AVGO': 0.0771}",0.1953,1.233,"{2025: 1.7702, 2026: -1.3797}",1.8636,"['GOOG', 'AAPL', 'BRK-B', 'MSFT', 'AMZN', 'AVGO']",1.6684,"{2018: 0.9828, 2019: 1.8833, 2020: 3.2377, 2021: 1.8162, 2022: -0.8209, 2023: 2.6108, 2024: 1.9689}",COMPLETE
2769,-1000000000.0,2026-04-01 08:30:07.005876,2026-04-01 08:30:09.567598,0 days 00:00:02.561722,18,2.45,21,2,15,1.0,0.7,5,35,89,90,5,1.1,2.6,1.4,1.7,27,5.0,10.6,3.1,5.4,3.5,False,False,,,,,,,,,COMPLETE
2770,-1000000000.0,2026-04-01 08:30:09.621695,2026-04-01 08:30:12.194319,0 days 00:00:02.572624,18,2.45,21,2,15,1.0,0.7,5,35,91,90,5,1.1,2.6,1.45,1.7,27,5.1,10.8,3.0,5.300000000000001,3.4000000000000004,False,False,,,,,,,,,COMPLETE
2771,1.4080428571428572,2026-04-01 08:30:12.236607,2026-04-01 08:30:14.892845,0 days 00:00:02.656238,18,2.45,21,2,15,1.0,0.7,5,35,90,90,5,1.1,2.7,1.45,1.7,28,5.0,11.0,3.1,5.300000000000001,3.5,False,False,"{'MSFT': 0.2582, 'AAPL': 0.1921, 'BRK-B': 0.1801, 'GOOG': 0.1399, 'AMZN': 0.1275, 'AVGO': 0.1022}",-0.1617,1.4034,"{2025: 2.1037, 2026: -2.4271}",1.408,"['MSFT', 'AAPL', 'BRK-B', 'GOOG', 'AMZN', 'AVGO']",1.5697,"{2018: 1.3938, 2019: 1.6231, 2020: 3.025, 2021: 2.067, 2022: -0.5931, 2023: 1.8395, 2024: 1.6329}",COMPLETE
2772,1.936614285714286,2026-04-01 08:30:14.931698,2026-04-01 08:30:17.493293,0 days 00:00:02.561595,18,2.4,21,2,15,1.0,0.7,5,35,90,90,5,1.1,2.6,1.45,1.7,28,5.1,11.0,3.1,5.4,3.4000000000000004,False,False,"{'GOOG': 0.3284, 'AAPL': 0.2246, 'BRK-B': 0.1578, 'MSFT': 0.1289, 'AMZN': 0.1065, 'AVGO': 0.0538}",0.3536,1.2123,"{2025: 1.6343, 2026: -0.9271}",1.9366,"['GOOG', 'AAPL', 'BRK-B', 'MSFT', 'AMZN', 'AVGO']",1.583,"{2018: 1.0324, 2019: 1.7732, 2020: 2.9988, 2021: 1.9075, 2022: -1.1153, 2023: 2.4892, 2024: 1.9953}",COMPLETE
2773,2.54355,2026-04-01 08:30:17.538805,2026-04-01 08:30:20.134571,0 days 00:00:02.595766,18,2.45,21,2,15,1.0,0.7,5,35,89,90,5,1.1,2.6,1.4,1.7,27,5.1,10.6,3.0,5.4,3.4000000000000004,False,False,"{'MSFT': 0.248, 'GOOGL': 0.2349, 'BRK-B': 0.1701, 'AAPL': 0.1595, 'META': 0.1077, 'NVDA': 0.0798}",0.8424,1.5014,"{2025: 1.8849, 2026: -0.2002}",2.5436,"['MSFT', 'GOOGL', 'BRK-B', 'AAPL', 'META', 'NVDA']",1.7012,"{2018: 2.0785, 2019: 1.6022, 2020: 3.2512, 2021: 1.8443, 2022: -0.8687, 2023: 1.9479, 2024: 2.053}",COMPLETE
2774,-1000000000.0,2026-04-01 08:30:20.175471,2026-04-01 08:30:22.731613,0 days 00:00:02.556142,18,2.45,21,2,15,1.0,0.7,5,35,91,90,5,1.05,2.7,1.45,1.7,28,5.0,10.8,3.0,5.300000000000001,3.5,False,False,,,,,,,,,COMPLETE
2775,1.8874499999999999,2026-04-01 08:30:22.774581,2026-04-01 08:30:25.342918,0 days 00:00:02.568337,18,2.4,21,2,15,1.0,0.7,5,35,90,90,5,1.1,2.6,1.45,1.7,27,5.1,10.6,3.1,5.300000000000001,3.4000000000000004,False,False,"{'GOOG': 0.3192, 'AAPL': 0.2053, 'BRK-B': 0.1664, 'MSFT': 0.1396, 'AMZN': 0.1004, 'AVGO': 0.0692}",0.2514,1.2259,"{2025: 1.7257, 2026: -1.2228}",1.8874,"['GOOG', 'AAPL', 'BRK-B', 'MSFT', 'AMZN', 'AVGO']",1.636,"{2018: 0.9828, 2019: 1.8906, 2020: 3.238, 2021: 1.8165, 2022: -1.0561, 2023: 2.6108, 2024: 1.9694}",COMPLETE
2776,2.54355,2026-04-01 08:30:25.383808,2026-04-01 08:30:27.927568,0 days 00:00:02.543760,18,2.45,21,2,15,1.0,0.7,5,35,89,90,5,1.1,2.6,1.4,1.7,27,5.1,10.8,3.0,5.4,3.4000000000000004,False,False,"{'MSFT': 0.248, 'GOOGL': 0.2349, 'BRK-B': 0.1701, 'AAPL': 0.1595, 'META': 0.1077, 'NVDA': 0.0798}",0.8424,1.5014,"{2025: 1.8849, 2026: -0.2002}",2.5436,"['MSFT', 'GOOGL', 'BRK-B', 'AAPL', 'META', 'NVDA']",1.7012,"{2018: 2.0785, 2019: 1.6022, 2020: 3.2512, 2021: 1.8443, 2022: -0.8687, 2023: 1.9479, 2024: 2.053}",COMPLETE
2777,-1000000000.0,2026-04-01 08:30:27.966939,2026-04-01 08:30:30.541120,0 days 00:00:02.574181,18,2.45,21,2,15,1.0,0.7,5,35,91,90,5,1.05,2.7,1.45,1.7,28,5.1,10.6,3.1,5.300000000000001,3.5,False,False,,,,,,,,,COMPLETE
2778,1.8741857142857143,2026-04-01 08:30:30.583317,2026-04-01 08:30:33.194066,0 days 00:00:02.610749,18,2.4,21,2,15,1.0,0.7,5,35,90,90,5,1.1,2.6,1.45,1.7,27,5.0,11.0,3.1,5.4,3.4000000000000004,False,False,"{'GOOG': 0.2716, 'AAPL': 0.2214, 'BRK-B': 0.1556, 'MSFT': 0.1484, 'AMZN': 0.1118, 'AVGO': 0.0911}",0.244,1.2906,"{2025: 1.8337, 2026: -1.3457}",1.8742,"['GOOG', 'AAPL', 'BRK-B', 'MSFT', 'AMZN', 'AVGO']",1.6302,"{2018: 1.0478, 2019: 1.8766, 2020: 3.1609, 2021: 1.9628, 2022: -1.0583, 2023: 2.4902, 2024: 1.9313}",COMPLETE
2779,1.456107142857143,2026-04-01 08:30:33.225855,2026-04-01 08:30:35.632256,0 days 00:00:02.406401,18,2.45,21,2,15,1.0,0.7,5,35,90,90,5,1.1,2.7,1.4,1.7,28,5.1,10.8,3.1,5.300000000000001,3.5,False,False,"{'MSFT': 0.296, 'AAPL': 0.1891, 'BRK-B': 0.1637, 'GOOG': 0.1486, 'AMZN': 0.1156, 'AVGO': 0.0869}",-0.1077,1.2206,"{2025: 1.915, 2026: -2.1303}",1.4561,"['MSFT', 'AAPL', 'BRK-B', 'GOOG', 'AMZN', 'AVGO']",1.5638,"{2018: 1.3072, 2019: 1.618, 2020: 3.1303, 2021: 1.952, 2022: -0.5912, 2023: 1.8615, 2024: 1.6685}",COMPLETE
2780,-1000000000.0,2026-04-01 08:30:35.675089,2026-04-01 08:30:38.166561,0 days 00:00:02.491472,18,2.45,21,2,15,1.0,0.7,5,35,89,90,5,1.05,2.6,1.45,1.7,27,5.0,10.6,3.0,5.4,3.4000000000000004,False,False,,,,,,,,,COMPLETE
2781,-1000000000.0,2026-04-01 08:30:38.198895,2026-04-01 08:30:40.741040,0 days 00:00:02.542145,18,2.4,21,2,15,1.0,0.7,5,35,90,90,5,1.1,2.6,1.45,1.7,28,5.1,11.0,3.0,5.300000000000001,3.4000000000000004,False,False,,,,,,,,,COMPLETE
2782,-1000000000.0,2026-04-01 08:30:40.773085,2026-04-01 08:30:43.328121,0 days 00:00:02.555036,18,2.4,21,2,15,1.0,0.7,5,35,91,90,5,1.05,2.7,1.45,1.7,27,5.1,10.8,3.1,5.4,3.5,False,False,,,,,,,,,COMPLETE
2783,-1000000000.0,2026-04-01 08:30:43.371903,2026-04-01 08:30:46.253627,0 days 00:00:02.881724,18,2.45,21,2,15,1.0,0.7,5,35,90,90,5,1.1,2.7,1.4,1.7,28,5.0,10.6,3.0,5.300000000000001,3.4000000000000004,False,False,,,,,,,,,COMPLETE
2784,2.6944357142857145,2026-04-01 08:30:46.329615,2026-04-01 08:30:48.805070,0 days 00:00:02.475455,18,2.45,21,2,15,1.0,0.7,5,35,89,90,5,1.1,2.6,1.45,1.7,27,5.1,11.0,3.0,5.300000000000001,3.5,False,False,"{'MSFT': 0.2293, 'GOOGL': 0.2138, 'BRK-B': 0.1851, 'AAPL': 0.1663, 'META': 0.1167, 'NVDA': 0.0888}",0.9906,1.6275,"{2025: 1.9617, 2026: 0.0194}",2.6944,"['MSFT', 'GOOGL', 'BRK-B', 'AAPL', 'META', 'NVDA']",1.7039,"{2018: 2.0373, 2019: 1.6858, 2020: 3.2531, 2021: 1.837, 2022: -0.8685, 2023: 1.9291, 2024: 2.0534}",COMPLETE
2785,-1000000000.0,2026-04-01 08:30:48.840407,2026-04-01 08:30:51.501866,0 days 00:00:02.661459,18,2.45,21,2,15,1.0,0.7,5,35,91,90,5,1.05,2.6,1.45,1.7,27,5.1,10.8,3.1,5.2,3.4000000000000004,False,False,,,,,,,,,COMPLETE
2786,-1000000000.0,2026-04-01 08:30:51.545078,2026-04-01 08:40:39.368523,0 days 00:09:47.823445,18,2.4,21,2,15,1.0,0.7,5,35,89,90,5,1.1,2.6,1.4,1.7,27,5.0,11.0,3.1,5.4,3.5,False,False,,,,,,,,,COMPLETE
2787,1.5108857142857142,2026-04-01 08:40:39.509988,2026-04-01 08:40:42.524379,0 days 00:00:03.014391,18,2.45,21,2,15,1.0,0.7,5,35,90,90,5,1.1,2.7,1.4,1.7,28,5.1,10.6,3.1,5.2,3.4000000000000004,False,False,"{'MSFT': 0.2906, 'AAPL': 0.1857, 'GOOG': 0.1629, 'BRK-B': 0.1611, 'AMZN': 0.1141, 'AVGO': 0.0857}",-0.057,1.2596,"{2025: 1.9446, 2026: -2.0586}",1.5109,"['MSFT', 'AAPL', 'GOOG', 'BRK-B', 'AMZN', 'AVGO']",1.5679,"{2018: 1.3072, 2019: 1.618, 2020: 3.1303, 2021: 1.9812, 2022: -0.5914, 2023: 1.8614, 2024: 1.6685}",COMPLETE
2788,-1000000000.0,2026-04-01 08:40:42.559459,2026-04-01 08:40:45.079270,0 days 00:00:02.519811,18,2.45,21,2,15,1.0,0.7,5,35,91,90,5,1.05,2.6,1.45,1.7,28,5.1,10.8,3.0,5.4,3.4000000000000004,False,False,,,,,,,,,COMPLETE
2789,-1000000000.0,2026-04-01 08:40:45.115509,2026-04-01 08:40:47.805706,0 days 00:00:02.690197,18,2.4,21,2,15,1.0,0.7,5,35,91,90,5,1.1,2.6,1.45,1.7,27,5.0,10.6,3.0,5.300000000000001,3.4000000000000004,False,False,,,,,,,,,COMPLETE
2790,-1000000000.0,2026-04-01 08:40:47.898461,2026-04-01 08:40:50.937432,0 days 00:00:03.038971,18,2.45,21,2,15,1.0,0.7,5,35,90,90,5,1.05,2.7,1.45,1.7,27,5.1,11.0,3.1,5.300000000000001,3.5,False,False,,,,,,,,,COMPLETE
2791,-1000000000.0,2026-04-01 08:40:50.987233,2026-04-01 08:40:54.314813,0 days 00:00:03.327580,18,2.45,21,2,15,1.0,0.7,5,35,89,90,5,1.1,2.6,1.45,1.7,28,5.0,10.6,3.0,5.2,3.4000000000000004,False,False,,,,,,,,,COMPLETE
2792,-1000000000.0,2026-04-01 08:40:54.356562,2026-04-01 08:40:56.949694,0 days 00:00:02.593132,18,2.4,21,2,15,1.0,0.7,5,35,90,90,5,1.1,2.7,1.4,1.7,27,5.1,10.8,3.1,5.4,3.5,False,False,,,,,,,,,COMPLETE
2793,-1000000000.0,2026-04-01 08:40:56.989743,2026-04-01 08:40:59.556106,0 days 00:00:02.566363,18,2.45,21,2,15,1.0,0.7,5,35,91,90,5,1.05,2.7,1.45,1.7,27,5.1,11.0,3.1,5.2,3.4000000000000004,False,False,,,,,,,,,COMPLETE
2794,1.57045,2026-04-01 08:40:59.589665,2026-04-01 08:41:02.036654,0 days 00:00:02.446989,18,2.4,21,2,15,1.0,0.7,5,35,89,90,5,1.1,2.6,1.45,1.7,27,5.0,10.6,3.0,5.4,3.5,False,False,"{'GOOG': 0.2897, 'AAPL': 0.1978, 'MSFT': 0.1504, 'BRK-B': 0.1354, 'AVGO': 0.1139, 'AMZN': 0.1129}",-0.1536,1.696,"{2025: 2.5967, 2026: -2.9038}",1.5704,"['GOOG', 'AAPL', 'MSFT', 'BRK-B', 'AVGO', 'AMZN']",1.724,"{2018: 1.705, 2019: 1.8549, 2020: 3.1246, 2021: 1.8561, 2022: -0.9637, 2023: 2.4561, 2024: 2.035}",COMPLETE
2795,1.7065571428571427,2026-04-01 08:41:02.078666,2026-04-01 08:41:04.621800,0 days 00:00:02.543134,18,2.45,21,2,15,1.0,0.7,5,35,90,90,5,1.1,2.6,1.4,1.7,28,5.1,10.8,3.2,5.300000000000001,3.4000000000000004,False,False,"{'MSFT': 0.3137, 'AAPL': 0.2046, 'BRK-B': 0.1607, 'GOOG': 0.1566, 'AMZN': 0.0827, 'AVGO': 0.0818}",0.1803,1.2598,"{2025: 1.8404, 2026: -1.4798}",1.7066,"['MSFT', 'AAPL', 'BRK-B', 'GOOG', 'AMZN', 'AVGO']",1.5263,"{2018: 1.3072, 2019: 1.6254, 2020: 3.1306, 2021: 1.9514, 2022: -0.8608, 2023: 1.8615, 2024: 1.6685}",COMPLETE
2796,-1000000000.0,2026-04-01 08:41:04.657229,2026-04-01 08:41:07.253972,0 days 00:00:02.596743,18,2.45,21,2,15,1.0,0.7,5,35,90,90,5,1.1,2.7,1.4,1.7,28,5.1,11.0,3.0,5.300000000000001,3.4000000000000004,False,False,,,,,,,,,COMPLETE
2797,1.9767714285714284,2026-04-01 08:41:07.298350,2026-04-01 08:41:09.864940,0 days 00:00:02.566590,18,2.4,21,2,15,1.0,0.7,5,35,91,90,5,1.05,2.6,1.45,1.7,27,5.0,10.6,3.1,5.300000000000001,3.5,False,False,"{'GOOG': 0.263, 'AAPL': 0.1931, 'BRK-B': 0.1783, 'AMZN': 0.145, 'MSFT': 0.128, 'AVGO': 0.0925}",0.2398,1.7205,"{2025: 2.4772, 2026: -1.9976}",1.9768,"['GOOG', 'AAPL', 'BRK-B', 'AMZN', 'MSFT', 'AVGO']",1.737,"{2018: 1.2951, 2019: 1.8382, 2020: 3.4324, 2021: 1.9417, 2022: -1.0257, 2023: 2.6427, 2024: 2.0344}",COMPLETE
2798,-1000000000.0,2026-04-01 08:41:09.908283,2026-04-01 08:41:12.762099,0 days 00:00:02.853816,18,2.45,21,2,15,1.0,0.7,5,35,89,90,5,1.1,2.6,1.45,1.7,27,5.1,10.4,3.1,5.4,3.4000000000000004,False,False,,,,,,,,,COMPLETE
2799,-1000000000.0,2026-04-01 08:41:12.818564,2026-04-01 08:41:15.471741,0 days 00:00:02.653177,18,2.45,21,2,15,1.0,0.7,5,35,89,90,5,1.1,2.7,1.45,1.7,28,5.0,10.8,3.2,5.2,3.5,False,False,,,,,,,,,COMPLETE
2800,2.0847857142857142,2026-04-01 08:41:15.522968,2026-04-01 08:41:18.051494,0 days 00:00:02.528526,18,2.4,21,2,15,1.0,0.7,5,35,90,90,5,1.05,2.6,1.45,1.7,27,5.1,11.0,3.0,5.2,3.4000000000000004,False,False,"{'GOOG': 0.3097, 'AAPL': 0.1912, 'BRK-B': 0.1544, 'MSFT': 0.1355, 'AMZN': 0.1316, 'AVGO': 0.0776}",0.329,1.2586,"{2025: 1.7146, 2026: -1.0566}",2.0848,"['GOOG', 'AAPL', 'BRK-B', 'MSFT', 'AMZN', 'AVGO']",1.7558,"{2018: 1.2445, 2019: 1.9156, 2020: 3.5, 2021: 1.8266, 2022: -1.0314, 2023: 2.763, 2024: 2.0722}",COMPLETE
2801,1.5474285714285714,2026-04-01 08:41:18.086879,2026-04-01 08:41:20.950541,0 days 00:00:02.863662,18,2.45,21,2,15,1.0,0.7,5,35,91,90,5,1.1,2.7,1.4,1.7,28,5.1,10.8,3.2,5.300000000000001,3.5,False,False,"{'MSFT': 0.2968, 'BRK-B': 0.1894, 'AAPL': 0.1857, 'GOOG': 0.1224, 'AMZN': 0.119, 'AVGO': 0.0866}",-0.0635,1.4866,"{2025: 2.2938, 2026: -2.4208}",1.5474,"['MSFT', 'BRK-B', 'AAPL', 'GOOG', 'AMZN', 'AVGO']",1.6109,"{2018: 1.4174, 2019: 1.8576, 2020: 3.12, 2021: 1.9514, 2022: -0.5998, 2023: 1.8613, 2024: 1.6686}",COMPLETE
2802,-1000000000.0,2026-04-01 08:41:21.003127,2026-04-01 08:41:24.751560,0 days 00:00:03.748433,18,2.45,21,2,15,1.0,0.7,5,35,90,90,5,1.05,2.6,1.45,1.7,27,5.0,10.4,3.1,5.4,3.4000000000000004,False,False,,,,,,,,,COMPLETE
2803,1.3337785714285715,2026-04-01 08:41:24.799778,2026-04-01 08:41:29.105184,0 days 00:00:04.305406,18,2.4,21,2,15,1.0,0.7,5,35,89,90,5,1.1,2.7,1.4,1.7,28,5.1,10.6,3.0,5.2,3.4000000000000004,False,False,"{'GOOG': 0.2496, 'AAPL': 0.2032, 'BRK-B': 0.1888, 'MSFT': 0.1587, 'AMZN': 0.117, 'AVGO': 0.0827}",-0.3944,1.5153,"{2025: 2.5611, 2026: -3.35}",1.3338,"['GOOG', 'AAPL', 'BRK-B', 'MSFT', 'AMZN', 'AVGO']",1.7282,"{2018: 1.9064, 2019: 1.6787, 2020: 2.8672, 2021: 1.9449, 2022: -0.7945, 2023: 2.397, 2024: 2.0979}",COMPLETE
2804,-1000000000.0,2026-04-01 08:41:29.150835,2026-04-01 08:41:32.938553,0 days 00:00:03.787718,18,2.45,21,2,15,1.0,0.7,5,35,90,90,5,1.05,2.6,1.45,1.7,27,5.0,11.0,3.1,5.5,3.4000000000000004,False,False,,,,,,,,,COMPLETE
2805,-1000000000.0,2026-04-01 08:41:32.986304,2026-04-01 08:41:36.596700,0 days 00:00:03.610396,18,2.45,21,2,15,1.0,0.7,5,35,91,90,5,1.1,2.6,1.45,1.7,27,5.1,10.8,3.0,5.300000000000001,3.5,False,False,,,,,,,,,COMPLETE
2806,1.2911785714285715,2026-04-01 08:41:36.639375,2026-04-01 08:41:40.121961,0 days 00:00:03.482586,18,2.45,21,2,15,1.0,0.7,5,35,89,90,5,1.1,2.5,1.45,1.7,26,5.0,10.6,3.2,5.4,3.4000000000000004,False,False,"{'MSFT': 0.2391, 'AAPL': 0.2309, 'BRK-B': 0.1623, 'META': 0.1534, 'GOOG': 0.1388, 'GOOGL': 0.0755}",-0.3411,1.2405,"{2025: 1.9633, 2026: -2.6456}",1.2912,"['MSFT', 'AAPL', 'BRK-B', 'META', 'GOOG', 'GOOGL']",1.6323,"{2018: 2.3681, 2019: 1.2474, 2020: 3.294, 2021: 1.9228, 2022: -1.0425, 2023: 1.7773, 2024: 1.8592}",COMPLETE
2807,-1000000000.0,2026-04-01 08:41:40.167687,2026-04-01 08:41:43.654168,0 days 00:00:03.486481,18,2.4,21,2,15,1.0,0.7,5,35,90,90,5,1.15,2.7,1.4,1.7,26,5.1,10.8,3.0,5.2,3.5,False,False,,,,,,,,,COMPLETE
2808,-1000000000.0,2026-04-01 08:41:43.698779,2026-04-01 08:41:47.224977,0 days 00:00:03.526198,18,2.45,21,2,15,1.0,0.7,5,35,90,90,5,1.05,2.5,1.45,1.7,28,5.1,10.4,3.1,5.300000000000001,3.4000000000000004,False,False,,,,,,,,,COMPLETE
2809,-1000000000.0,2026-04-01 08:41:47.271053,2026-04-01 08:41:50.706159,0 days 00:00:03.435106,18,2.45,21,2,15,1.0,0.7,5,35,91,90,5,1.1,2.6,1.45,1.7,26,5.1,11.0,3.2,5.4,3.5,False,False,,,,,,,,,COMPLETE
2810,-1000000000.0,2026-04-01 08:41:50.787099,2026-04-01 08:41:54.243802,0 days 00:00:03.456703,18,2.4,21,2,15,1.0,0.7,5,35,90,90,5,1.1,2.7,1.4,1.7,27,5.1,10.6,3.1,5.2,3.4000000000000004,False,False,,,,,,,,,COMPLETE
2811,-1000000000.0,2026-04-01 08:41:54.287757,2026-04-01 08:41:57.740557,0 days 00:00:03.452800,18,2.4,21,2,15,1.0,0.7,5,35,91,90,5,1.1,2.6,1.45,1.7,28,5.0,10.6,3.1,5.300000000000001,3.5,False,False,,,,,,,,,COMPLETE
2812,2.7272214285714287,2026-04-01 08:41:57.787002,2026-04-01 08:42:01.334955,0 days 00:00:03.547953,18,2.45,21,2,15,1.0,0.7,5,35,89,90,5,1.15,2.5,1.45,1.7,27,5.1,11.0,3.0,5.5,3.4000000000000004,False,False,"{'GOOGL': 0.2525, 'AAPL': 0.1959, 'MSFT': 0.1846, 'BRK-B': 0.1697, 'META': 0.1162, 'NVDA': 0.0811}",1.0527,1.6599,"{2025: 1.984, 2026: 0.1213}",2.7272,"['GOOGL', 'AAPL', 'MSFT', 'BRK-B', 'META', 'NVDA']",1.6746,"{2018: 2.1005, 2019: 1.6648, 2020: 3.1899, 2021: 1.7144, 2022: -0.9039, 2023: 1.935, 2024: 2.0213}",COMPLETE
