number,value,state,datetime_start,datetime_complete,duration_seconds,params_json,fold_sharpes_json,avg_cv_sharpe
2858,2.012757142857143,TrialState.COMPLETE,2026-04-01T08:44:29.099079,2026-04-01T08:44:31.762534,2.663455,"{""atr_window"": 18, ""bb_std_dev"": 2.4, ""bb_window"": 21, ""cooldown"": 2, ""macd_fast"": 15, ""macd_k"": 1.0, ""macd_k_mid"": 0.7, ""macd_signal"": 5, ""macd_slow"": 35, ""macd_std_window"": 90, ""rebalance_freq"": 90, ""rebounce_block"": 5, ""sl_mult_lm"": 1.05, ""sl_mult_lr"": 2.6, ""sl_mult_sm"": 1.4, ""sl_mult_sr"": 1.7, ""time_stop"": 27, ""tp_mult_lm"": 5.2, ""tp_mult_lr"": 11.0, ""tp_mult_sm"": 3.1, ""tp_mult_sr"": 5.2, ""trail_mult"": 3.5, ""trail_tp"": false, ""use_trailing"": false}",{},
59,-1000000000.0,TrialState.COMPLETE,2026-04-01T08:44:31.210261,2026-04-01T08:44:33.772948,2.562687,"{""atr_window"": 16, ""bb_std_dev"": 2.45, ""bb_window"": 14, ""cooldown"": 4, ""macd_fast"": 14, ""macd_k"": 1.25, ""macd_k_mid"": 0.55, ""macd_signal"": 7, ""macd_slow"": 36, ""macd_std_window"": 83, ""rebalance_freq"": 60, ""rebounce_block"": 3, ""sl_mult_lm"": 1.85, ""sl_mult_lr"": 2.3, ""sl_mult_sm"": 1.8, ""sl_mult_sr"": 3.1, ""time_stop"": 12, ""tp_mult_lm"": 5.1, ""tp_mult_lr"": 12.600000000000001, ""tp_mult_sm"": 4.7, ""tp_mult_sr"": 3.6, ""trail_mult"": 2.3, ""trail_tp"": false, ""use_trailing"": false}",{},
2859,1.7012428571428568,TrialState.COMPLETE,2026-04-01T08:44:31.809596,2026-04-01T08:44:34.473145,2.663549,"{""atr_window"": 18, ""bb_std_dev"": 2.45, ""bb_window"": 21, ""cooldown"": 2, ""macd_fast"": 15, ""macd_k"": 1.0, ""macd_k_mid"": 0.7, ""macd_signal"": 5, ""macd_slow"": 35, ""macd_std_window"": 89, ""rebalance_freq"": 90, ""rebounce_block"": 5, ""sl_mult_lm"": 1.1, ""sl_mult_lr"": 2.5, ""sl_mult_sm"": 1.45, ""sl_mult_sr"": 1.8, ""time_stop"": 26, ""tp_mult_lm"": 5.1, ""tp_mult_lr"": 10.4, ""tp_mult_sm"": 3.2, ""tp_mult_sr"": 5.4, ""trail_mult"": 3.5, ""trail_tp"": false, ""use_trailing"": false}",{},
60,-1000000000.0,TrialState.COMPLETE,2026-04-01T08:44:33.801986,2026-04-01T08:44:36.566821,2.764835,"{""atr_window"": 15, ""bb_std_dev"": 1.9, ""bb_window"": 21, ""cooldown"": 3, ""macd_fast"": 17, ""macd_k"": 1.4, ""macd_k_mid"": 0.5, ""macd_signal"": 10, ""macd_slow"": 38, ""macd_std_window"": 91, ""rebalance_freq"": 150, ""rebounce_block"": 4, ""sl_mult_lm"": 2.05, ""sl_mult_lr"": 3.4000000000000004, ""sl_mult_sm"": 1.15, ""sl_mult_sr"": 2.3, ""time_stop"": 24, ""tp_mult_lm"": 5.5, ""tp_mult_lr"": 11.6, ""tp_mult_sm"": 3.9, ""tp_mult_sr"": 5.9, ""trail_mult"": 3.2, ""trail_tp"": true, ""use_trailing"": true}",{},
61,-1000000000.0,TrialState.COMPLETE,2026-04-01T08:44:36.598377,2026-04-01T08:44:36.614719,0.016342,"{""atr_window"": 10, ""bb_std_dev"": 2.1, ""bb_window"": 21, ""cooldown"": 0, ""macd_fast"": 18, ""macd_k"": 1.35, ""macd_k_mid"": 0.8, ""macd_signal"": 5, ""macd_slow"": 41, ""macd_std_window"": 93, ""rebalance_freq"": 30, ""rebounce_block"": 2, ""sl_mult_lm"": 1.2, ""sl_mult_lr"": 4.7, ""sl_mult_sm"": 1.05, ""sl_mult_sr"": 2.5, ""time_stop"": 28, ""tp_mult_lm"": 5.6, ""tp_mult_lr"": 14.0, ""tp_mult_sm"": 3.7, ""tp_mult_sr"": 3.1, ""trail_mult"": 2.0, ""trail_tp"": true, ""use_trailing"": false}",{},
62,-1000000000.0,TrialState.COMPLETE,2026-04-01T08:44:36.643362,2026-04-01T08:44:36.659213,0.015851,"{""atr_window"": 11, ""bb_std_dev"": 2.3, ""bb_window"": 22, ""cooldown"": 0, ""macd_fast"": 16, ""macd_k"": 1.3, ""macd_k_mid"": 0.8500000000000001, ""macd_signal"": 6, ""macd_slow"": 42, ""macd_std_window"": 88, ""rebalance_freq"": 30, ""rebounce_block"": 1, ""sl_mult_lm"": 1.5, ""sl_mult_lr"": 4.1, ""sl_mult_sm"": 1.0, ""sl_mult_sr"": 2.8, ""time_stop"": 30, ""tp_mult_lm"": 5.9, ""tp_mult_lr"": 14.8, ""tp_mult_sm"": 3.5, ""tp_mult_sr"": 3.3, ""trail_mult"": 2.2, ""trail_tp"": true, ""use_trailing"": false}",{},
63,-1000000000.0,TrialState.COMPLETE,2026-04-01T08:44:36.687886,2026-04-01T08:44:36.704049,0.016163,"{""atr_window"": 17, ""bb_std_dev"": 1.9, ""bb_window"": 23, ""cooldown"": 0, ""macd_fast"": 20, ""macd_k"": 1.2, ""macd_k_mid"": 0.75, ""macd_signal"": 5, ""macd_slow"": 43, ""macd_std_window"": 95, ""rebalance_freq"": 30, ""rebounce_block"": 2, ""sl_mult_lm"": 1.4, ""sl_mult_lr"": 3.8, ""sl_mult_sm"": 1.05, ""sl_mult_sr"": 2.6, ""time_stop"": 21, ""tp_mult_lm"": 5.4, ""tp_mult_lr"": 13.4, ""tp_mult_sm"": 4.4, ""tp_mult_sr"": 4.1, ""trail_mult"": 1.6, ""trail_tp"": true, ""use_trailing"": false}",{},
64,-1000000000.0,TrialState.COMPLETE,2026-04-01T08:44:36.748303,2026-04-01T08:44:36.766200,0.017897,"{""atr_window"": 11, ""bb_std_dev"": 2.05, ""bb_window"": 20, ""cooldown"": 2, ""macd_fast"": 17, ""macd_k"": 1.15, ""macd_k_mid"": 0.9, ""macd_signal"": 6, ""macd_slow"": 44, ""macd_std_window"": 88, ""rebalance_freq"": 60, ""rebounce_block"": 3, ""sl_mult_lm"": 1.55, ""sl_mult_lr"": 4.4, ""sl_mult_sm"": 1.15, ""sl_mult_sr"": 1.6, ""time_stop"": 28, ""tp_mult_lm"": 5.7, ""tp_mult_lr"": 13.2, ""tp_mult_sm"": 5.300000000000001, ""tp_mult_sr"": 3.6, ""trail_mult"": 2.1, ""trail_tp"": true, ""use_trailing"": false}",{},
65,-1000000000.0,TrialState.COMPLETE,2026-04-01T08:44:36.795992,2026-04-01T08:44:36.812766,0.016774,"{""atr_window"": 20, ""bb_std_dev"": 2.35, ""bb_window"": 23, ""cooldown"": 0, ""macd_fast"": 19, ""macd_k"": 1.5, ""macd_k_mid"": 0.55, ""macd_signal"": 7, ""macd_slow"": 44, ""macd_std_window"": 92, ""rebalance_freq"": 120, ""rebounce_block"": 6, ""sl_mult_lm"": 1.15, ""sl_mult_lr"": 2.5, ""sl_mult_sm"": 1.45, ""sl_mult_sr"": 2.3, ""time_stop"": 25, ""tp_mult_lm"": 3.9, ""tp_mult_lr"": 12.2, ""tp_mult_sm"": 4.0, ""tp_mult_sr"": 4.9, ""trail_mult"": 1.8, ""trail_tp"": false, ""use_trailing"": false}",{},
66,-1000000000.0,TrialState.COMPLETE,2026-04-01T08:44:36.843003,2026-04-01T08:44:36.860687,0.017684,"{""atr_window"": 10, ""bb_std_dev"": 2.25, ""bb_window"": 18, ""cooldown"": 2, ""macd_fast"": 11, ""macd_k"": 1.4, ""macd_k_mid"": 0.55, ""macd_signal"": 6, ""macd_slow"": 41, ""macd_std_window"": 90, ""rebalance_freq"": 30, ""rebounce_block"": 2, ""sl_mult_lm"": 1.35, ""sl_mult_lr"": 4.2, ""sl_mult_sm"": 1.9, ""sl_mult_sr"": 1.5, ""time_stop"": 10, ""tp_mult_lm"": 4.6, ""tp_mult_lr"": 13.8, ""tp_mult_sm"": 6.4, ""tp_mult_sr"": 5.4, ""trail_mult"": 2.5, ""trail_tp"": false, ""use_trailing"": true}",{},
67,-1000000000.0,TrialState.COMPLETE,2026-04-01T08:44:36.888663,2026-04-01T08:44:36.903256,0.014593,"{""atr_window"": 18, ""bb_std_dev"": 1.7999999999999998, ""bb_window"": 15, ""cooldown"": 1, ""macd_fast"": 13, ""macd_k"": 1.1, ""macd_k_mid"": 0.65, ""macd_signal"": 8, ""macd_slow"": 43, ""macd_std_window"": 92, ""rebalance_freq"": 90, ""rebounce_block"": 3, ""sl_mult_lm"": 1.45, ""sl_mult_lr"": 2.8, ""sl_mult_sm"": 1.25, ""sl_mult_sr"": 2.9000000000000004, ""time_stop"": 0, ""tp_mult_lm"": 5.2, ""tp_mult_lr"": 14.4, ""tp_mult_sm"": 3.8, ""tp_mult_sr"": 6.6, ""trail_mult"": 1.9, ""trail_tp"": true, ""use_trailing"": false}",{},
2860,2.911257142857143,TrialState.COMPLETE,2026-04-01T08:44:34.515520,2026-04-01T08:44:37.418862,2.903342,"{""atr_window"": 18, ""bb_std_dev"": 2.45, ""bb_window"": 21, ""cooldown"": 2, ""macd_fast"": 15, ""macd_k"": 1.05, ""macd_k_mid"": 0.7, ""macd_signal"": 5, ""macd_slow"": 35, ""macd_std_window"": 90, ""rebalance_freq"": 90, ""rebounce_block"": 5, ""sl_mult_lm"": 1.15, ""sl_mult_lr"": 2.5, ""sl_mult_sm"": 1.45, ""sl_mult_sr"": 1.7, ""time_stop"": 28, ""tp_mult_lm"": 5.2, ""tp_mult_lr"": 10.6, ""tp_mult_sm"": 3.0, ""tp_mult_sr"": 5.300000000000001, ""trail_mult"": 3.4000000000000004, ""trail_tp"": false, ""use_trailing"": false}",{},
68,-1000000000.0,TrialState.COMPLETE,2026-04-01T08:44:36.933811,2026-04-01T08:44:39.532234,2.598423,"{""atr_window"": 12, ""bb_std_dev"": 2.0, ""bb_window"": 19, ""cooldown"": 1, ""macd_fast"": 18, ""macd_k"": 1.3, ""macd_k_mid"": 0.8, ""macd_signal"": 7, ""macd_slow"": 39, ""macd_std_window"": 95, ""rebalance_freq"": 180, ""rebounce_block"": 1, ""sl_mult_lm"": 1.05, ""sl_mult_lr"": 4.0, ""sl_mult_sm"": 1.1, ""sl_mult_sr"": 1.8, ""time_stop"": 15, ""tp_mult_lm"": 4.3, ""tp_mult_lr"": 12.8, ""tp_mult_sm"": 4.2, ""tp_mult_sr"": 3.4, ""trail_mult"": 3.9000000000000004, ""trail_tp"": false, ""use_trailing"": true}",{},
69,-1000000000.0,TrialState.COMPLETE,2026-04-01T08:44:39.562443,2026-04-01T08:44:39.579738,0.017295,"{""atr_window"": 14, ""bb_std_dev"": 1.65, ""bb_window"": 21, ""cooldown"": 5, ""macd_fast"": 15, ""macd_k"": 1.7000000000000002, ""macd_k_mid"": 0.7, ""macd_signal"": 9, ""macd_slow"": 42, ""macd_std_window"": 90, ""rebalance_freq"": 120, ""rebounce_block"": 6, ""sl_mult_lm"": 1.9500000000000002, ""sl_mult_lr"": 2.4, ""sl_mult_sm"": 1.85, ""sl_mult_sr"": 3.1, ""time_stop"": 6, ""tp_mult_lm"": 4.9, ""tp_mult_lr"": 10.4, ""tp_mult_sm"": 3.2, ""tp_mult_sr"": 5.2, ""trail_mult"": 3.4000000000000004, ""trail_tp"": false, ""use_trailing"": false}",{},
70,-1000000000.0,TrialState.COMPLETE,2026-04-01T08:44:39.620652,2026-04-01T08:44:39.639420,0.018768,"{""atr_window"": 19, ""bb_std_dev"": 1.75, ""bb_window"": 14, ""cooldown"": 4, ""macd_fast"": 13, ""macd_k"": 1.25, ""macd_k_mid"": 0.75, ""macd_signal"": 8, ""macd_slow"": 43, ""macd_std_window"": 86, ""rebalance_freq"": 60, ""rebounce_block"": 5, ""sl_mult_lm"": 2.1500000000000004, ""sl_mult_lr"": 3.7, ""sl_mult_sm"": 1.35, ""sl_mult_sr"": 2.5, ""time_stop"": 4, ""tp_mult_lm"": 5.9, ""tp_mult_lr"": 14.2, ""tp_mult_sm"": 4.8, ""tp_mult_sr"": 3.1, ""trail_mult"": 2.6, ""trail_tp"": true, ""use_trailing"": true}",{},
71,-1000000000.0,TrialState.COMPLETE,2026-04-01T08:44:39.672398,2026-04-01T08:44:39.696589,0.024191,"{""atr_window"": 10, ""bb_std_dev"": 1.5499999999999998, ""bb_window"": 20, ""cooldown"": 0, ""macd_fast"": 20, ""macd_k"": 1.85, ""macd_k_mid"": 0.5, ""macd_signal"": 6, ""macd_slow"": 43, ""macd_std_window"": 89, ""rebalance_freq"": 120, ""rebounce_block"": 0, ""sl_mult_lm"": 2.05, ""sl_mult_lr"": 4.300000000000001, ""sl_mult_sm"": 1.45, ""sl_mult_sr"": 3.3, ""time_stop"": 19, ""tp_mult_lm"": 5.800000000000001, ""tp_mult_lr"": 11.4, ""tp_mult_sm"": 5.7, ""tp_mult_sr"": 6.9, ""trail_mult"": 1.7, ""trail_tp"": false, ""use_trailing"": true}",{},
72,-1000000000.0,TrialState.COMPLETE,2026-04-01T08:44:39.731952,2026-04-01T08:44:39.748508,0.016556,"{""atr_window"": 11, ""bb_std_dev"": 1.7, ""bb_window"": 20, ""cooldown"": 0, ""macd_fast"": 19, ""macd_k"": 1.85, ""macd_k_mid"": 0.8, ""macd_signal"": 6, ""macd_slow"": 44, ""macd_std_window"": 88, ""rebalance_freq"": 150, ""rebounce_block"": 0, ""sl_mult_lm"": 2.1, ""sl_mult_lr"": 4.5, ""sl_mult_sm"": 1.35, ""sl_mult_sr"": 2.7, ""time_stop"": 17, ""tp_mult_lm"": 5.6, ""tp_mult_lr"": 11.2, ""tp_mult_sm"": 5.300000000000001, ""tp_mult_sr"": 6.6, ""trail_mult"": 1.5, ""trail_tp"": false, ""use_trailing"": true}",{},
2861,-1000000000.0,TrialState.COMPLETE,2026-04-01T08:44:37.478351,2026-04-01T08:44:40.143706,2.665355,"{""atr_window"": 18, ""bb_std_dev"": 2.5, ""bb_window"": 21, ""cooldown"": 2, ""macd_fast"": 15, ""macd_k"": 1.05, ""macd_k_mid"": 0.7, ""macd_signal"": 5, ""macd_slow"": 35, ""macd_std_window"": 91, ""rebalance_freq"": 90, ""rebounce_block"": 5, ""sl_mult_lm"": 1.15, ""sl_mult_lr"": 2.5, ""sl_mult_sm"": 1.5, ""sl_mult_sr"": 1.8, ""time_stop"": 28, ""tp_mult_lm"": 5.2, ""tp_mult_lr"": 10.4, ""tp_mult_sm"": 3.0, ""tp_mult_sr"": 5.5, ""trail_mult"": 3.4000000000000004, ""trail_tp"": false, ""use_trailing"": false}",{},
73,-1000000000.0,TrialState.COMPLETE,2026-04-01T08:44:39.787751,2026-04-01T08:44:42.405108,2.617357,"{""atr_window"": 11, ""bb_std_dev"": 1.5499999999999998, ""bb_window"": 16, ""cooldown"": 0, ""macd_fast"": 20, ""macd_k"": 1.9500000000000002, ""macd_k_mid"": 0.8, ""macd_signal"": 5, ""macd_slow"": 42, ""macd_std_window"": 94, ""rebalance_freq"": 120, ""rebounce_block"": 0, ""sl_mult_lm"": 1.6, ""sl_mult_lr"": 2.1, ""sl_mult_sm"": 1.3, ""sl_mult_sr"": 3.4000000000000004, ""time_stop"": 18, ""tp_mult_lm"": 5.800000000000001, ""tp_mult_lr"": 12.2, ""tp_mult_sm"": 6.9, ""tp_mult_sr"": 6.1, ""trail_mult"": 2.0, ""trail_tp"": false, ""use_trailing"": true}",{},
74,-1000000000.0,TrialState.COMPLETE,2026-04-01T08:44:42.434535,2026-04-01T08:44:42.452086,0.017551,"{""atr_window"": 10, ""bb_std_dev"": 2.5, ""bb_window"": 19, ""cooldown"": 2, ""macd_fast"": 19, ""macd_k"": 2.0, ""macd_k_mid"": 0.9, ""macd_signal"": 7, ""macd_slow"": 43, ""macd_std_window"": 90, ""rebalance_freq"": 90, ""rebounce_block"": 1, ""sl_mult_lm"": 2.2, ""sl_mult_lr"": 5.0, ""sl_mult_sm"": 1.6, ""sl_mult_sr"": 2.1, ""time_stop"": 20, ""tp_mult_lm"": 6.0, ""tp_mult_lr"": 9.8, ""tp_mult_sm"": 4.6, ""tp_mult_sr"": 6.5, ""trail_mult"": 1.7, ""trail_tp"": false, ""use_trailing"": true}",{},
75,-1000000000.0,TrialState.COMPLETE,2026-04-01T08:44:42.483732,2026-04-01T08:44:42.500756,0.017024,"{""atr_window"": 20, ""bb_std_dev"": 1.5999999999999999, ""bb_window"": 21, ""cooldown"": 1, ""macd_fast"": 20, ""macd_k"": 1.9, ""macd_k_mid"": 0.8500000000000001, ""macd_signal"": 6, ""macd_slow"": 44, ""macd_std_window"": 92, ""rebalance_freq"": 150, ""rebounce_block"": 0, ""sl_mult_lm"": 1.7000000000000002, ""sl_mult_lr"": 4.6, ""sl_mult_sm"": 1.2, ""sl_mult_sr"": 3.4000000000000004, ""time_stop"": 16, ""tp_mult_lm"": 3.6, ""tp_mult_lr"": 10.8, ""tp_mult_sm"": 5.0, ""tp_mult_sr"": 6.9, ""trail_mult"": 1.9, ""trail_tp"": false, ""use_trailing"": true}",{},
76,-1000000000.0,TrialState.COMPLETE,2026-04-01T08:44:42.532101,2026-04-01T08:44:42.549003,0.016902,"{""atr_window"": 12, ""bb_std_dev"": 1.65, ""bb_window"": 17, ""cooldown"": 3, ""macd_fast"": 14, ""macd_k"": 1.8, ""macd_k_mid"": 0.75, ""macd_signal"": 10, ""macd_slow"": 37, ""macd_std_window"": 87, ""rebalance_freq"": 120, ""rebounce_block"": 3, ""sl_mult_lm"": 1.75, ""sl_mult_lr"": 4.0, ""sl_mult_sm"": 1.25, ""sl_mult_sr"": 3.0, ""time_stop"": 23, ""tp_mult_lm"": 5.7, ""tp_mult_lr"": 11.6, ""tp_mult_sm"": 6.1, ""tp_mult_sr"": 6.300000000000001, ""trail_mult"": 3.0, ""trail_tp"": false, ""use_trailing"": true}",{},
77,-1000000000.0,TrialState.COMPLETE,2026-04-01T08:44:42.580714,2026-04-01T08:44:42.598536,0.017822,"{""atr_window"": 13, ""bb_std_dev"": 1.75, ""bb_window"": 15, ""cooldown"": 0, ""macd_fast"": 12, ""macd_k"": 1.5, ""macd_k_mid"": 0.55, ""macd_signal"": 8, ""macd_slow"": 40, ""macd_std_window"": 80, ""rebalance_freq"": 120, ""rebounce_block"": 2, ""sl_mult_lm"": 1.25, ""sl_mult_lr"": 4.300000000000001, ""sl_mult_sm"": 1.05, ""sl_mult_sr"": 3.1, ""time_stop"": 14, ""tp_mult_lm"": 5.3, ""tp_mult_lr"": 9.0, ""tp_mult_sm"": 6.5, ""tp_mult_sr"": 5.7, ""trail_mult"": 2.1, ""trail_tp"": false, ""use_trailing"": false}",{},
78,-1000000000.0,TrialState.COMPLETE,2026-04-01T08:44:42.632426,2026-04-01T08:44:42.656640,0.024214,"{""atr_window"": 15, ""bb_std_dev"": 1.45, ""bb_window"": 14, ""cooldown"": 1, ""macd_fast"": 18, ""macd_k"": 1.2, ""macd_k_mid"": 0.6, ""macd_signal"": 5, ""macd_slow"": 42, ""macd_std_window"": 97, ""rebalance_freq"": 150, ""rebounce_block"": 4, ""sl_mult_lm"": 2.0, ""sl_mult_lr"": 2.3, ""sl_mult_sm"": 1.55, ""sl_mult_sr"": 1.7, ""time_stop"": 21, ""tp_mult_lm"": 5.5, ""tp_mult_lr"": 13.2, ""tp_mult_sm"": 6.800000000000001, ""tp_mult_sr"": 5.1, ""trail_mult"": 1.6, ""trail_tp"": true, ""use_trailing"": true}",{},
2862,-1000000000.0,TrialState.COMPLETE,2026-04-01T08:44:40.191933,2026-04-01T08:44:42.920564,2.728631,"{""atr_window"": 18, ""bb_std_dev"": 2.4, ""bb_window"": 21, ""cooldown"": 2, ""macd_fast"": 15, ""macd_k"": 1.05, ""macd_k_mid"": 0.7, ""macd_signal"": 5, ""macd_slow"": 35, ""macd_std_window"": 90, ""rebalance_freq"": 90, ""rebounce_block"": 5, ""sl_mult_lm"": 1.15, ""sl_mult_lr"": 2.5, ""sl_mult_sm"": 1.45, ""sl_mult_sr"": 1.7, ""time_stop"": 28, ""tp_mult_lm"": 5.2, ""tp_mult_lr"": 10.6, ""tp_mult_sm"": 3.0, ""tp_mult_sr"": 5.2, ""trail_mult"": 3.5, ""trail_tp"": false, ""use_trailing"": false}",{},
79,-1000000000.0,TrialState.COMPLETE,2026-04-01T08:44:42.695487,2026-04-01T08:44:47.182749,4.487262,"{""atr_window"": 20, ""bb_std_dev"": 2.15, ""bb_window"": 21, ""cooldown"": 4, ""macd_fast"": 20, ""macd_k"": 1.1, ""macd_k_mid"": 0.8500000000000001, ""macd_signal"": 9, ""macd_slow"": 35, ""macd_std_window"": 77, ""rebalance_freq"": 60, ""rebounce_block"": 0, ""sl_mult_lm"": 2.1, ""sl_mult_lr"": 2.7, ""sl_mult_sm"": 1.4, ""sl_mult_sr"": 1.9, ""time_stop"": 26, ""tp_mult_lm"": 5.6, ""tp_mult_lr"": 12.600000000000001, ""tp_mult_sm"": 3.5, ""tp_mult_sr"": 4.5, ""trail_mult"": 1.8, ""trail_tp"": false, ""use_trailing"": true}",{},
2863,-1000000000.0,TrialState.COMPLETE,2026-04-01T08:44:42.964084,2026-04-01T08:44:47.725699,4.761615,"{""atr_window"": 18, ""bb_std_dev"": 2.45, ""bb_window"": 21, ""cooldown"": 2, ""macd_fast"": 15, ""macd_k"": 1.05, ""macd_k_mid"": 0.7, ""macd_signal"": 5, ""macd_slow"": 35, ""macd_std_window"": 91, ""rebalance_freq"": 90, ""rebounce_block"": 5, ""sl_mult_lm"": 1.15, ""sl_mult_lr"": 2.5, ""sl_mult_sm"": 1.4, ""sl_mult_sr"": 1.7, ""time_stop"": 28, ""tp_mult_lm"": 5.2, ""tp_mult_lr"": 10.6, ""tp_mult_sm"": 3.0, ""tp_mult_sr"": 5.4, ""trail_mult"": 3.4000000000000004, ""trail_tp"": false, ""use_trailing"": false}",{},
80,-1000000000.0,TrialState.COMPLETE,2026-04-01T08:44:47.235797,2026-04-01T08:44:51.352115,4.116318,"{""atr_window"": 19, ""bb_std_dev"": 2.4, ""bb_window"": 14, ""cooldown"": 2, ""macd_fast"": 19, ""macd_k"": 1.9, ""macd_k_mid"": 0.5, ""macd_signal"": 7, ""macd_slow"": 37, ""macd_std_window"": 91, ""rebalance_freq"": 90, ""rebounce_block"": 1, ""sl_mult_lm"": 1.3, ""sl_mult_lr"": 4.800000000000001, ""sl_mult_sm"": 1.7000000000000002, ""sl_mult_sr"": 1.6, ""time_stop"": 18, ""tp_mult_lm"": 5.800000000000001, ""tp_mult_lr"": 9.6, ""tp_mult_sm"": 4.0, ""tp_mult_sr"": 5.5, ""trail_mult"": 2.2, ""trail_tp"": false, ""use_trailing"": false}",{},
81,-1000000000.0,TrialState.COMPLETE,2026-04-01T08:44:51.402698,2026-04-01T08:44:51.421088,0.01839,"{""atr_window"": 13, ""bb_std_dev"": 1.65, ""bb_window"": 22, ""cooldown"": 3, ""macd_fast"": 10, ""macd_k"": 1.6, ""macd_k_mid"": 0.6, ""macd_signal"": 8, ""macd_slow"": 36, ""macd_std_window"": 73, ""rebalance_freq"": 90, ""rebounce_block"": 4, ""sl_mult_lm"": 1.9500000000000002, ""sl_mult_lr"": 2.0, ""sl_mult_sm"": 1.8, ""sl_mult_sr"": 2.2, ""time_stop"": 26, ""tp_mult_lm"": 5.4, ""tp_mult_lr"": 13.600000000000001, ""tp_mult_sm"": 6.2, ""tp_mult_sr"": 4.8, ""trail_mult"": 2.7, ""trail_tp"": true, ""use_trailing"": false}",{},
82,-1000000000.0,TrialState.COMPLETE,2026-04-01T08:44:51.457638,2026-04-01T08:44:51.476527,0.018889,"{""atr_window"": 13, ""bb_std_dev"": 1.5999999999999999, ""bb_window"": 22, ""cooldown"": 3, ""macd_fast"": 10, ""macd_k"": 1.65, ""macd_k_mid"": 0.6, ""macd_signal"": 8, ""macd_slow"": 36, ""macd_std_window"": 94, ""rebalance_freq"": 120, ""rebounce_block"": 5, ""sl_mult_lm"": 1.8, ""sl_mult_lr"": 2.2, ""sl_mult_sm"": 1.6, ""sl_mult_sr"": 2.0, ""time_stop"": 24, ""tp_mult_lm"": 5.5, ""tp_mult_lr"": 12.2, ""tp_mult_sm"": 6.5, ""tp_mult_sr"": 3.8, ""trail_mult"": 2.3, ""trail_tp"": true, ""use_trailing"": false}",{},
2864,-1000000000.0,TrialState.COMPLETE,2026-04-01T08:44:47.786775,2026-04-01T08:44:52.045376,4.258601,"{""atr_window"": 18, ""bb_std_dev"": 2.5, ""bb_window"": 21, ""cooldown"": 2, ""macd_fast"": 15, ""macd_k"": 1.05, ""macd_k_mid"": 0.7, ""macd_signal"": 5, ""macd_slow"": 35, ""macd_std_window"": 89, ""rebalance_freq"": 90, ""rebounce_block"": 5, ""sl_mult_lm"": 1.15, ""sl_mult_lr"": 2.5, ""sl_mult_sm"": 1.5, ""sl_mult_sr"": 1.7, ""time_stop"": 28, ""tp_mult_lm"": 5.2, ""tp_mult_lr"": 10.4, ""tp_mult_sm"": 3.0, ""tp_mult_sr"": 5.300000000000001, ""trail_mult"": 3.5, ""trail_tp"": false, ""use_trailing"": false}",{},
83,-1000000000.0,TrialState.COMPLETE,2026-04-01T08:44:51.509905,2026-04-01T08:44:55.916316,4.406411,"{""atr_window"": 14, ""bb_std_dev"": 1.7, ""bb_window"": 20, ""cooldown"": 3, ""macd_fast"": 14, ""macd_k"": 1.7000000000000002, ""macd_k_mid"": 0.55, ""macd_signal"": 8, ""macd_slow"": 35, ""macd_std_window"": 93, ""rebalance_freq"": 30, ""rebounce_block"": 4, ""sl_mult_lm"": 1.65, ""sl_mult_lr"": 2.4, ""sl_mult_sm"": 1.75, ""sl_mult_sr"": 3.2, ""time_stop"": 22, ""tp_mult_lm"": 5.4, ""tp_mult_lr"": 13.0, ""tp_mult_sm"": 6.800000000000001, ""tp_mult_sr"": 4.4, ""trail_mult"": 2.5, ""trail_tp"": true, ""use_trailing"": false}",{},
84,-1000000000.0,TrialState.COMPLETE,2026-04-01T08:44:55.949689,2026-04-01T08:44:55.971267,0.021578,"{""atr_window"": 12, ""bb_std_dev"": 1.7999999999999998, ""bb_window"": 21, ""cooldown"": 4, ""macd_fast"": 11, ""macd_k"": 1.55, ""macd_k_mid"": 0.6, ""macd_signal"": 9, ""macd_slow"": 41, ""macd_std_window"": 85, ""rebalance_freq"": 60, ""rebounce_block"": 6, ""sl_mult_lm"": 1.85, ""sl_mult_lr"": 2.3, ""sl_mult_sm"": 1.65, ""sl_mult_sr"": 2.9000000000000004, ""time_stop"": 20, ""tp_mult_lm"": 5.6, ""tp_mult_lr"": 15.4, ""tp_mult_sm"": 6.7, ""tp_mult_sr"": 5.0, ""trail_mult"": 2.4, ""trail_tp"": true, ""use_trailing"": false}",{},
2865,-1000000000.0,TrialState.COMPLETE,2026-04-01T08:44:52.094436,2026-04-01T08:44:56.746638,4.652202,"{""atr_window"": 18, ""bb_std_dev"": 2.4, ""bb_window"": 21, ""cooldown"": 2, ""macd_fast"": 15, ""macd_k"": 1.05, ""macd_k_mid"": 0.7, ""macd_signal"": 5, ""macd_slow"": 35, ""macd_std_window"": 90, ""rebalance_freq"": 90, ""rebounce_block"": 5, ""sl_mult_lm"": 1.15, ""sl_mult_lr"": 2.5, ""sl_mult_sm"": 1.45, ""sl_mult_sr"": 1.8, ""time_stop"": 28, ""tp_mult_lm"": 5.2, ""tp_mult_lr"": 10.6, ""tp_mult_sm"": 3.1, ""tp_mult_sr"": 5.2, ""trail_mult"": 3.4000000000000004, ""trail_tp"": false, ""use_trailing"": false}",{},
