number,value,state,datetime_start,datetime_complete,duration_seconds,params_json,fold_sharpes_json,avg_cv_sharpe
169,-1000000000.0,TrialState.COMPLETE,2026-04-01T08:46:32.452838,2026-04-01T08:46:32.477834,0.024996,"{""atr_window"": 18, ""bb_std_dev"": 2.15, ""bb_window"": 14, ""cooldown"": 2, ""macd_fast"": 15, ""macd_k"": 1.55, ""macd_k_mid"": 0.7, ""macd_signal"": 10, ""macd_slow"": 44, ""macd_std_window"": 84, ""rebalance_freq"": 150, ""rebounce_block"": 0, ""sl_mult_lm"": 1.05, ""sl_mult_lr"": 2.6, ""sl_mult_sm"": 1.7000000000000002, ""sl_mult_sr"": 2.0, ""time_stop"": 26, ""tp_mult_lm"": 5.7, ""tp_mult_lr"": 10.0, ""tp_mult_sm"": 3.9, ""tp_mult_sr"": 6.6, ""trail_mult"": 1.6, ""trail_tp"": true, ""use_trailing"": true}",{},
170,-1000000000.0,TrialState.COMPLETE,2026-04-01T08:46:32.512612,2026-04-01T08:46:32.537851,0.025239,"{""atr_window"": 16, ""bb_std_dev"": 1.7999999999999998, ""bb_window"": 17, ""cooldown"": 1, ""macd_fast"": 19, ""macd_k"": 1.8, ""macd_k_mid"": 0.8500000000000001, ""macd_signal"": 6, ""macd_slow"": 43, ""macd_std_window"": 90, ""rebalance_freq"": 30, ""rebounce_block"": 4, ""sl_mult_lm"": 1.9, ""sl_mult_lr"": 4.2, ""sl_mult_sm"": 1.1, ""sl_mult_sr"": 2.5, ""time_stop"": 10, ""tp_mult_lm"": 5.1, ""tp_mult_lr"": 10.2, ""tp_mult_sm"": 6.6, ""tp_mult_sr"": 4.5, ""trail_mult"": 3.0, ""trail_tp"": false, ""use_trailing"": true}",{},
171,-1000000000.0,TrialState.COMPLETE,2026-04-01T08:46:32.572966,2026-04-01T08:46:32.597069,0.024103,"{""atr_window"": 18, ""bb_std_dev"": 2.2, ""bb_window"": 23, ""cooldown"": 0, ""macd_fast"": 12, ""macd_k"": 1.85, ""macd_k_mid"": 0.5, ""macd_signal"": 9, ""macd_slow"": 44, ""macd_std_window"": 96, ""rebalance_freq"": 90, ""rebounce_block"": 1, ""sl_mult_lm"": 1.55, ""sl_mult_lr"": 3.0, ""sl_mult_sm"": 1.75, ""sl_mult_sr"": 2.6, ""time_stop"": 15, ""tp_mult_lm"": 4.7, ""tp_mult_lr"": 9.4, ""tp_mult_sm"": 4.3, ""tp_mult_sr"": 5.1, ""trail_mult"": 3.2, ""trail_tp"": true, ""use_trailing"": true}",{},
172,-1000000000.0,TrialState.COMPLETE,2026-04-01T08:46:32.632481,2026-04-01T08:46:32.719539,0.087058,"{""atr_window"": 18, ""bb_std_dev"": 2.1, ""bb_window"": 25, ""cooldown"": 0, ""macd_fast"": 12, ""macd_k"": 1.75, ""macd_k_mid"": 0.5, ""macd_signal"": 9, ""macd_slow"": 44, ""macd_std_window"": 95, ""rebalance_freq"": 90, ""rebounce_block"": 0, ""sl_mult_lm"": 1.6, ""sl_mult_lr"": 2.9, ""sl_mult_sm"": 1.35, ""sl_mult_sr"": 2.1, ""time_stop"": 6, ""tp_mult_lm"": 4.8, ""tp_mult_lr"": 9.2, ""tp_mult_sm"": 4.7, ""tp_mult_sr"": 4.8, ""trail_mult"": 3.1, ""trail_tp"": true, ""use_trailing"": true}",{},
173,-1000000000.0,TrialState.COMPLETE,2026-04-01T08:46:32.755396,2026-04-01T08:46:32.779582,0.024186,"{""atr_window"": 17, ""bb_std_dev"": 2.2, ""bb_window"": 25, ""cooldown"": 0, ""macd_fast"": 12, ""macd_k"": 1.8, ""macd_k_mid"": 0.5, ""macd_signal"": 9, ""macd_slow"": 44, ""macd_std_window"": 99, ""rebalance_freq"": 90, ""rebounce_block"": 1, ""sl_mult_lm"": 1.4, ""sl_mult_lr"": 4.4, ""sl_mult_sm"": 1.8, ""sl_mult_sr"": 1.5, ""time_stop"": 17, ""tp_mult_lm"": 4.6, ""tp_mult_lr"": 9.8, ""tp_mult_sm"": 4.1, ""tp_mult_sr"": 4.3, ""trail_mult"": 3.3, ""trail_tp"": true, ""use_trailing"": true}",{},
174,-1000000000.0,TrialState.COMPLETE,2026-04-01T08:46:32.814949,2026-04-01T08:46:32.837988,0.023039,"{""atr_window"": 18, ""bb_std_dev"": 2.15, ""bb_window"": 24, ""cooldown"": 0, ""macd_fast"": 13, ""macd_k"": 1.7000000000000002, ""macd_k_mid"": 0.55, ""macd_signal"": 9, ""macd_slow"": 44, ""macd_std_window"": 85, ""rebalance_freq"": 60, ""rebounce_block"": 0, ""sl_mult_lm"": 1.55, ""sl_mult_lr"": 2.7, ""sl_mult_sm"": 1.85, ""sl_mult_sr"": 2.2, ""time_stop"": 17, ""tp_mult_lm"": 4.4, ""tp_mult_lr"": 9.0, ""tp_mult_sm"": 4.8, ""tp_mult_sr"": 4.8, ""trail_mult"": 3.2, ""trail_tp"": true, ""use_trailing"": true}",{},
175,-1000000000.0,TrialState.COMPLETE,2026-04-01T08:46:32.873781,2026-04-01T08:46:32.897181,0.0234,"{""atr_window"": 19, ""bb_std_dev"": 2.25, ""bb_window"": 22, ""cooldown"": 0, ""macd_fast"": 11, ""macd_k"": 1.2, ""macd_k_mid"": 0.5, ""macd_signal"": 9, ""macd_slow"": 42, ""macd_std_window"": 74, ""rebalance_freq"": 120, ""rebounce_block"": 2, ""sl_mult_lm"": 1.75, ""sl_mult_lr"": 2.9, ""sl_mult_sm"": 1.7000000000000002, ""sl_mult_sr"": 2.1, ""time_stop"": 16, ""tp_mult_lm"": 5.6, ""tp_mult_lr"": 15.2, ""tp_mult_sm"": 3.8, ""tp_mult_sr"": 4.6, ""trail_mult"": 3.0, ""trail_tp"": true, ""use_trailing"": false}",{},
2885,-1000000000.0,TrialState.COMPLETE,2026-04-01T08:46:31.153024,2026-04-01T08:46:35.364709,4.211685,"{""atr_window"": 18, ""bb_std_dev"": 2.45, ""bb_window"": 21, ""cooldown"": 2, ""macd_fast"": 15, ""macd_k"": 1.0, ""macd_k_mid"": 0.7, ""macd_signal"": 5, ""macd_slow"": 35, ""macd_std_window"": 90, ""rebalance_freq"": 90, ""rebounce_block"": 5, ""sl_mult_lm"": 1.05, ""sl_mult_lr"": 2.5, ""sl_mult_sm"": 1.45, ""sl_mult_sr"": 1.7, ""time_stop"": 26, ""tp_mult_lm"": 5.2, ""tp_mult_lr"": 10.4, ""tp_mult_sm"": 3.0, ""tp_mult_sr"": 5.4, ""trail_mult"": 3.4000000000000004, ""trail_tp"": false, ""use_trailing"": false}",{},
176,-1000000000.0,TrialState.COMPLETE,2026-04-01T08:46:32.933437,2026-04-01T08:46:37.073560,4.140123,"{""atr_window"": 14, ""bb_std_dev"": 2.2, ""bb_window"": 24, ""cooldown"": 5, ""macd_fast"": 20, ""macd_k"": 1.6, ""macd_k_mid"": 0.6, ""macd_signal"": 8, ""macd_slow"": 39, ""macd_std_window"": 98, ""rebalance_freq"": 180, ""rebounce_block"": 1, ""sl_mult_lm"": 1.0, ""sl_mult_lr"": 2.8, ""sl_mult_sm"": 1.75, ""sl_mult_sr"": 2.2, ""time_stop"": 11, ""tp_mult_lm"": 5.0, ""tp_mult_lr"": 10.6, ""tp_mult_sm"": 6.5, ""tp_mult_sr"": 4.9, ""trail_mult"": 3.1, ""trail_tp"": true, ""use_trailing"": true}",{},
177,-1000000000.0,TrialState.COMPLETE,2026-04-01T08:46:37.109646,2026-04-01T08:46:37.132393,0.022747,"{""atr_window"": 20, ""bb_std_dev"": 2.35, ""bb_window"": 15, ""cooldown"": 1, ""macd_fast"": 12, ""macd_k"": 1.45, ""macd_k_mid"": 0.7, ""macd_signal"": 9, ""macd_slow"": 43, ""macd_std_window"": 92, ""rebalance_freq"": 120, ""rebounce_block"": 2, ""sl_mult_lm"": 1.35, ""sl_mult_lr"": 3.2, ""sl_mult_sm"": 1.55, ""sl_mult_sr"": 3.3, ""time_stop"": 16, ""tp_mult_lm"": 6.0, ""tp_mult_lr"": 12.600000000000001, ""tp_mult_sm"": 3.7, ""tp_mult_sr"": 7.0, ""trail_mult"": 1.8, ""trail_tp"": false, ""use_trailing"": true}",{},
178,-1000000000.0,TrialState.COMPLETE,2026-04-01T08:46:37.190372,2026-04-01T08:46:37.214459,0.024087,"{""atr_window"": 16, ""bb_std_dev"": 2.5, ""bb_window"": 16, ""cooldown"": 0, ""macd_fast"": 14, ""macd_k"": 1.1, ""macd_k_mid"": 0.55, ""macd_signal"": 5, ""macd_slow"": 40, ""macd_std_window"": 97, ""rebalance_freq"": 90, ""rebounce_block"": 6, ""sl_mult_lm"": 1.65, ""sl_mult_lr"": 3.1, ""sl_mult_sm"": 1.4, ""sl_mult_sr"": 1.9, ""time_stop"": 19, ""tp_mult_lm"": 5.4, ""tp_mult_lr"": 13.0, ""tp_mult_sm"": 4.2, ""tp_mult_sr"": 4.4, ""trail_mult"": 2.2, ""trail_tp"": true, ""use_trailing"": false}",{},
179,-1000000000.0,TrialState.COMPLETE,2026-04-01T08:46:37.249206,2026-04-01T08:46:37.273473,0.024267,"{""atr_window"": 13, ""bb_std_dev"": 2.45, ""bb_window"": 14, ""cooldown"": 2, ""macd_fast"": 13, ""macd_k"": 1.65, ""macd_k_mid"": 0.65, ""macd_signal"": 7, ""macd_slow"": 43, ""macd_std_window"": 70, ""rebalance_freq"": 150, ""rebounce_block"": 3, ""sl_mult_lm"": 1.45, ""sl_mult_lr"": 2.4, ""sl_mult_sm"": 1.85, ""sl_mult_sr"": 2.7, ""time_stop"": 18, ""tp_mult_lm"": 4.7, ""tp_mult_lr"": 9.6, ""tp_mult_sm"": 4.5, ""tp_mult_sr"": 6.5, ""trail_mult"": 2.1, ""trail_tp"": false, ""use_trailing"": true}",{},
2886,1.8624642857142857,TrialState.COMPLETE,2026-04-01T08:46:35.429153,2026-04-01T08:46:39.710038,4.280885,"{""atr_window"": 18, ""bb_std_dev"": 2.4, ""bb_window"": 21, ""cooldown"": 2, ""macd_fast"": 15, ""macd_k"": 1.0, ""macd_k_mid"": 0.7, ""macd_signal"": 5, ""macd_slow"": 35, ""macd_std_window"": 91, ""rebalance_freq"": 90, ""rebounce_block"": 5, ""sl_mult_lm"": 1.1, ""sl_mult_lr"": 2.7, ""sl_mult_sm"": 1.45, ""sl_mult_sr"": 1.8, ""time_stop"": 27, ""tp_mult_lm"": 5.1, ""tp_mult_lr"": 10.4, ""tp_mult_sm"": 3.2, ""tp_mult_sr"": 5.5, ""trail_mult"": 3.4000000000000004, ""trail_tp"": false, ""use_trailing"": false}",{},
180,-1000000000.0,TrialState.COMPLETE,2026-04-01T08:46:37.308833,2026-04-01T08:46:41.492822,4.183989,"{""atr_window"": 16, ""bb_std_dev"": 1.5, ""bb_window"": 23, ""cooldown"": 3, ""macd_fast"": 18, ""macd_k"": 1.7000000000000002, ""macd_k_mid"": 0.5, ""macd_signal"": 8, ""macd_slow"": 36, ""macd_std_window"": 96, ""rebalance_freq"": 30, ""rebounce_block"": 3, ""sl_mult_lm"": 1.85, ""sl_mult_lr"": 2.2, ""sl_mult_sm"": 1.6, ""sl_mult_sr"": 2.0, ""time_stop"": 23, ""tp_mult_lm"": 5.3, ""tp_mult_lr"": 11.6, ""tp_mult_sm"": 6.9, ""tp_mult_sr"": 5.2, ""trail_mult"": 2.0, ""trail_tp"": true, ""use_trailing"": true}",{},
181,-1000000000.0,TrialState.COMPLETE,2026-04-01T08:46:41.560588,2026-04-01T08:46:41.586932,0.026344,"{""atr_window"": 12, ""bb_std_dev"": 2.5, ""bb_window"": 19, ""cooldown"": 3, ""macd_fast"": 14, ""macd_k"": 1.2, ""macd_k_mid"": 0.7, ""macd_signal"": 10, ""macd_slow"": 37, ""macd_std_window"": 76, ""rebalance_freq"": 150, ""rebounce_block"": 5, ""sl_mult_lm"": 2.1, ""sl_mult_lr"": 2.0, ""sl_mult_sm"": 1.8, ""sl_mult_sr"": 1.5, ""time_stop"": 8, ""tp_mult_lm"": 5.800000000000001, ""tp_mult_lr"": 16.4, ""tp_mult_sm"": 5.9, ""tp_mult_sr"": 3.1, ""trail_mult"": 3.6, ""trail_tp"": false, ""use_trailing"": true}",{},
2887,-1000000000.0,TrialState.COMPLETE,2026-04-01T08:46:39.774147,2026-04-01T08:46:43.929719,4.155572,"{""atr_window"": 18, ""bb_std_dev"": 2.45, ""bb_window"": 21, ""cooldown"": 2, ""macd_fast"": 15, ""macd_k"": 1.05, ""macd_k_mid"": 0.7, ""macd_signal"": 5, ""macd_slow"": 35, ""macd_std_window"": 89, ""rebalance_freq"": 90, ""rebounce_block"": 5, ""sl_mult_lm"": 1.15, ""sl_mult_lr"": 2.6, ""sl_mult_sm"": 1.5, ""sl_mult_sr"": 1.7, ""time_stop"": 28, ""tp_mult_lm"": 5.0, ""tp_mult_lr"": 10.6, ""tp_mult_sm"": 3.2, ""tp_mult_sr"": 5.4, ""trail_mult"": 3.4000000000000004, ""trail_tp"": false, ""use_trailing"": false}",{},
182,-1000000000.0,TrialState.COMPLETE,2026-04-01T08:46:41.621518,2026-04-01T08:46:45.766185,4.144667,"{""atr_window"": 13, ""bb_std_dev"": 2.45, ""bb_window"": 16, ""cooldown"": 3, ""macd_fast"": 14, ""macd_k"": 2.0, ""macd_k_mid"": 0.7, ""macd_signal"": 10, ""macd_slow"": 35, ""macd_std_window"": 75, ""rebalance_freq"": 150, ""rebounce_block"": 5, ""sl_mult_lm"": 1.15, ""sl_mult_lr"": 2.1, ""sl_mult_sm"": 1.5, ""sl_mult_sr"": 1.6, ""time_stop"": 6, ""tp_mult_lm"": 5.6, ""tp_mult_lr"": 12.0, ""tp_mult_sm"": 6.1, ""tp_mult_sr"": 3.5, ""trail_mult"": 3.6, ""trail_tp"": false, ""use_trailing"": true}",{},
2888,-1000000000.0,TrialState.COMPLETE,2026-04-01T08:46:43.981715,2026-04-01T08:46:48.268021,4.286306,"{""atr_window"": 18, ""bb_std_dev"": 2.4, ""bb_window"": 21, ""cooldown"": 2, ""macd_fast"": 15, ""macd_k"": 1.0, ""macd_k_mid"": 0.7, ""macd_signal"": 5, ""macd_slow"": 35, ""macd_std_window"": 90, ""rebalance_freq"": 90, ""rebounce_block"": 5, ""sl_mult_lm"": 1.1, ""sl_mult_lr"": 2.5, ""sl_mult_sm"": 1.4, ""sl_mult_sr"": 1.7, ""time_stop"": 27, ""tp_mult_lm"": 5.2, ""tp_mult_lr"": 10.6, ""tp_mult_sm"": 3.0, ""tp_mult_sr"": 5.300000000000001, ""trail_mult"": 3.5, ""trail_tp"": false, ""use_trailing"": false}",{},
183,-1000000000.0,TrialState.COMPLETE,2026-04-01T08:46:45.802007,2026-04-01T08:46:50.529763,4.727756,"{""atr_window"": 11, ""bb_std_dev"": 2.5, ""bb_window"": 16, ""cooldown"": 3, ""macd_fast"": 16, ""macd_k"": 1.15, ""macd_k_mid"": 0.8, ""macd_signal"": 10, ""macd_slow"": 35, ""macd_std_window"": 73, ""rebalance_freq"": 150, ""rebounce_block"": 5, ""sl_mult_lm"": 1.2, ""sl_mult_lr"": 2.0, ""sl_mult_sm"": 1.55, ""sl_mult_sr"": 1.6, ""time_stop"": 5, ""tp_mult_lm"": 5.5, ""tp_mult_lr"": 11.0, ""tp_mult_sm"": 5.800000000000001, ""tp_mult_sr"": 3.8, ""trail_mult"": 3.7, ""trail_tp"": false, ""use_trailing"": true}",{},
2889,2.6805642857142855,TrialState.COMPLETE,2026-04-01T08:46:48.350831,2026-04-01T08:46:52.630454,4.279623,"{""atr_window"": 18, ""bb_std_dev"": 2.45, ""bb_window"": 21, ""cooldown"": 2, ""macd_fast"": 15, ""macd_k"": 1.05, ""macd_k_mid"": 0.7, ""macd_signal"": 5, ""macd_slow"": 35, ""macd_std_window"": 89, ""rebalance_freq"": 90, ""rebounce_block"": 5, ""sl_mult_lm"": 1.05, ""sl_mult_lr"": 2.7, ""sl_mult_sm"": 1.5, ""sl_mult_sr"": 1.8, ""time_stop"": 27, ""tp_mult_lm"": 5.1, ""tp_mult_lr"": 10.4, ""tp_mult_sm"": 3.1, ""tp_mult_sr"": 5.4, ""trail_mult"": 3.5, ""trail_tp"": false, ""use_trailing"": false}",{},
184,-1000000000.0,TrialState.COMPLETE,2026-04-01T08:46:50.589691,2026-04-01T08:46:54.120591,3.5309,"{""atr_window"": 12, ""bb_std_dev"": 2.4, ""bb_window"": 14, ""cooldown"": 4, ""macd_fast"": 15, ""macd_k"": 1.15, ""macd_k_mid"": 0.65, ""macd_signal"": 10, ""macd_slow"": 35, ""macd_std_window"": 93, ""rebalance_freq"": 150, ""rebounce_block"": 5, ""sl_mult_lm"": 2.0, ""sl_mult_lr"": 2.2, ""sl_mult_sm"": 1.9500000000000002, ""sl_mult_sr"": 1.5, ""time_stop"": 4, ""tp_mult_lm"": 5.5, ""tp_mult_lr"": 12.2, ""tp_mult_sm"": 3.5, ""tp_mult_sr"": 3.7, ""trail_mult"": 3.2, ""trail_tp"": false, ""use_trailing"": true}",{},
185,-1000000000.0,TrialState.COMPLETE,2026-04-01T08:46:54.252320,2026-04-01T08:46:54.274219,0.021899,"{""atr_window"": 20, ""bb_std_dev"": 2.25, ""bb_window"": 17, ""cooldown"": 3, ""macd_fast"": 14, ""macd_k"": 1.0, ""macd_k_mid"": 0.7, ""macd_signal"": 10, ""macd_slow"": 40, ""macd_std_window"": 77, ""rebalance_freq"": 150, ""rebounce_block"": 6, ""sl_mult_lm"": 1.3, ""sl_mult_lr"": 4.1, ""sl_mult_sm"": 1.65, ""sl_mult_sr"": 1.7, ""time_stop"": 7, ""tp_mult_lm"": 4.0, ""tp_mult_lr"": 10.2, ""tp_mult_sm"": 6.7, ""tp_mult_sr"": 3.9, ""trail_mult"": 2.6, ""trail_tp"": false, ""use_trailing"": false}",{},
186,-1000000000.0,TrialState.COMPLETE,2026-04-01T08:46:54.311126,2026-04-01T08:46:54.338012,0.026886,"{""atr_window"": 11, ""bb_std_dev"": 1.65, ""bb_window"": 15, ""cooldown"": 4, ""macd_fast"": 12, ""macd_k"": 1.05, ""macd_k_mid"": 0.75, ""macd_signal"": 6, ""macd_slow"": 41, ""macd_std_window"": 86, ""rebalance_freq"": 180, ""rebounce_block"": 4, ""sl_mult_lm"": 1.1, ""sl_mult_lr"": 3.9000000000000004, ""sl_mult_sm"": 2.0, ""sl_mult_sr"": 2.3, ""time_stop"": 3, ""tp_mult_lm"": 5.7, ""tp_mult_lr"": 12.4, ""tp_mult_sm"": 5.7, ""tp_mult_sr"": 3.6, ""trail_mult"": 3.4000000000000004, ""trail_tp"": false, ""use_trailing"": true}",{},
2890,-1000000000.0,TrialState.COMPLETE,2026-04-01T08:46:52.727771,2026-04-01T08:46:56.825445,4.097674,"{""atr_window"": 18, ""bb_std_dev"": 2.5, ""bb_window"": 21, ""cooldown"": 2, ""macd_fast"": 15, ""macd_k"": 1.0, ""macd_k_mid"": 0.7, ""macd_signal"": 5, ""macd_slow"": 35, ""macd_std_window"": 90, ""rebalance_freq"": 90, ""rebounce_block"": 5, ""sl_mult_lm"": 1.1, ""sl_mult_lr"": 2.6, ""sl_mult_sm"": 1.45, ""sl_mult_sr"": 1.7, ""time_stop"": 26, ""tp_mult_lm"": 5.0, ""tp_mult_lr"": 11.0, ""tp_mult_sm"": 3.0, ""tp_mult_sr"": 5.5, ""trail_mult"": 3.4000000000000004, ""trail_tp"": false, ""use_trailing"": false}",{},
187,-1000000000.0,TrialState.COMPLETE,2026-04-01T08:46:54.374350,2026-04-01T08:46:57.868453,3.494103,"{""atr_window"": 17, ""bb_std_dev"": 2.45, ""bb_window"": 16, ""cooldown"": 2, ""macd_fast"": 17, ""macd_k"": 1.35, ""macd_k_mid"": 0.6, ""macd_signal"": 9, ""macd_slow"": 37, ""macd_std_window"": 83, ""rebalance_freq"": 120, ""rebounce_block"": 5, ""sl_mult_lm"": 1.15, ""sl_mult_lr"": 3.0, ""sl_mult_sm"": 1.45, ""sl_mult_sr"": 1.5, ""time_stop"": 0, ""tp_mult_lm"": 4.9, ""tp_mult_lr"": 12.0, ""tp_mult_sm"": 4.1, ""tp_mult_sr"": 3.0, ""trail_mult"": 3.8000000000000003, ""trail_tp"": true, ""use_trailing"": true}",{},
188,-1000000000.0,TrialState.COMPLETE,2026-04-01T08:46:57.900697,2026-04-01T08:46:57.923724,0.023027,"{""atr_window"": 18, ""bb_std_dev"": 1.7, ""bb_window"": 14, ""cooldown"": 3, ""macd_fast"": 20, ""macd_k"": 1.1, ""macd_k_mid"": 0.55, ""macd_signal"": 8, ""macd_slow"": 44, ""macd_std_window"": 72, ""rebalance_freq"": 150, ""rebounce_block"": 6, ""sl_mult_lm"": 1.1, ""sl_mult_lr"": 2.0, ""sl_mult_sm"": 1.55, ""sl_mult_sr"": 2.1, ""time_stop"": 21, ""tp_mult_lm"": 5.2, ""tp_mult_lr"": 8.6, ""tp_mult_sm"": 6.0, ""tp_mult_sr"": 6.1, ""trail_mult"": 3.7, ""trail_tp"": false, ""use_trailing"": true}",{},
189,-1000000000.0,TrialState.COMPLETE,2026-04-01T08:46:57.972265,2026-04-01T08:46:58.013696,0.041431,"{""atr_window"": 12, ""bb_std_dev"": 1.5499999999999998, ""bb_window"": 16, ""cooldown"": 1, ""macd_fast"": 13, ""macd_k"": 1.85, ""macd_k_mid"": 0.75, ""macd_signal"": 10, ""macd_slow"": 36, ""macd_std_window"": 74, ""rebalance_freq"": 120, ""rebounce_block"": 0, ""sl_mult_lm"": 1.0, ""sl_mult_lr"": 2.7, ""sl_mult_sm"": 1.5, ""sl_mult_sr"": 3.0, ""time_stop"": 20, ""tp_mult_lm"": 5.6, ""tp_mult_lr"": 13.2, ""tp_mult_sm"": 3.4, ""tp_mult_sr"": 3.3, ""trail_mult"": 3.9000000000000004, ""trail_tp"": true, ""use_trailing"": false}",{},
190,-1000000000.0,TrialState.COMPLETE,2026-04-01T08:46:58.046082,2026-04-01T08:46:58.070350,0.024268,"{""atr_window"": 15, ""bb_std_dev"": 2.3, ""bb_window"": 20, ""cooldown"": 0, ""macd_fast"": 10, ""macd_k"": 1.9500000000000002, ""macd_k_mid"": 0.7, ""macd_signal"": 8, ""macd_slow"": 35, ""macd_std_window"": 89, ""rebalance_freq"": 30, ""rebounce_block"": 2, ""sl_mult_lm"": 1.35, ""sl_mult_lr"": 2.1, ""sl_mult_sm"": 1.05, ""sl_mult_sr"": 2.2, ""time_stop"": 15, ""tp_mult_lm"": 5.4, ""tp_mult_lr"": 11.2, ""tp_mult_sm"": 6.300000000000001, ""tp_mult_sr"": 6.4, ""trail_mult"": 1.6, ""trail_tp"": false, ""use_trailing"": true}",{},
191,-1000000000.0,TrialState.COMPLETE,2026-04-01T08:46:58.100379,2026-04-01T08:46:58.120351,0.019972,"{""atr_window"": 15, ""bb_std_dev"": 2.0, ""bb_window"": 18, ""cooldown"": 2, ""macd_fast"": 12, ""macd_k"": 1.45, ""macd_k_mid"": 0.55, ""macd_signal"": 7, ""macd_slow"": 38, ""macd_std_window"": 88, ""rebalance_freq"": 150, ""rebounce_block"": 3, ""sl_mult_lm"": 1.4, ""sl_mult_lr"": 3.5, ""sl_mult_sm"": 1.9, ""sl_mult_sr"": 2.9000000000000004, ""time_stop"": 9, ""tp_mult_lm"": 5.0, ""tp_mult_lr"": 14.4, ""tp_mult_sm"": 7.0, ""tp_mult_sr"": 5.7, ""trail_mult"": 2.7, ""trail_tp"": false, ""use_trailing"": false}",{},
192,-1000000000.0,TrialState.COMPLETE,2026-04-01T08:46:58.149390,2026-04-01T08:46:58.172399,0.023009,"{""atr_window"": 15, ""bb_std_dev"": 1.75, ""bb_window"": 17, ""cooldown"": 2, ""macd_fast"": 12, ""macd_k"": 1.4, ""macd_k_mid"": 0.55, ""macd_signal"": 7, ""macd_slow"": 38, ""macd_std_window"": 88, ""rebalance_freq"": 150, ""rebounce_block"": 3, ""sl_mult_lm"": 1.5, ""sl_mult_lr"": 4.0, ""sl_mult_sm"": 1.8, ""sl_mult_sr"": 3.1, ""time_stop"": 18, ""tp_mult_lm"": 5.0, ""tp_mult_lr"": 13.8, ""tp_mult_sm"": 6.800000000000001, ""tp_mult_sr"": 5.300000000000001, ""trail_mult"": 2.6, ""trail_tp"": false, ""use_trailing"": false}",{},
193,-1000000000.0,TrialState.COMPLETE,2026-04-01T08:46:58.203870,2026-04-01T08:46:58.226956,0.023086,"{""atr_window"": 14, ""bb_std_dev"": 2.05, ""bb_window"": 18, ""cooldown"": 2, ""macd_fast"": 12, ""macd_k"": 1.4, ""macd_k_mid"": 0.5, ""macd_signal"": 7, ""macd_slow"": 39, ""macd_std_window"": 71, ""rebalance_freq"": 150, ""rebounce_block"": 3, ""sl_mult_lm"": 1.9500000000000002, ""sl_mult_lr"": 3.7, ""sl_mult_sm"": 1.85, ""sl_mult_sr"": 2.5, ""time_stop"": 22, ""tp_mult_lm"": 5.1, ""tp_mult_lr"": 15.600000000000001, ""tp_mult_sm"": 7.0, ""tp_mult_sr"": 5.5, ""trail_mult"": 2.8, ""trail_tp"": false, ""use_trailing"": false}",{},
194,-1000000000.0,TrialState.COMPLETE,2026-04-01T08:46:58.258953,2026-04-01T08:46:58.279781,0.020828,"{""atr_window"": 16, ""bb_std_dev"": 1.9, ""bb_window"": 19, ""cooldown"": 2, ""macd_fast"": 11, ""macd_k"": 1.5, ""macd_k_mid"": 0.6, ""macd_signal"": 7, ""macd_slow"": 39, ""macd_std_window"": 80, ""rebalance_freq"": 150, ""rebounce_block"": 3, ""sl_mult_lm"": 1.4, ""sl_mult_lr"": 2.5, ""sl_mult_sm"": 1.8, ""sl_mult_sr"": 2.8, ""time_stop"": 21, ""tp_mult_lm"": 4.8, ""tp_mult_lr"": 14.600000000000001, ""tp_mult_sm"": 6.800000000000001, ""tp_mult_sr"": 5.4, ""trail_mult"": 3.3, ""trail_tp"": false, ""use_trailing"": false}",{},
195,-1000000000.0,TrialState.COMPLETE,2026-04-01T08:46:58.306430,2026-04-01T08:46:58.330252,0.023822,"{""atr_window"": 13, ""bb_std_dev"": 2.15, ""bb_window"": 21, ""cooldown"": 2, ""macd_fast"": 13, ""macd_k"": 1.5, ""macd_k_mid"": 0.55, ""macd_signal"": 9, ""macd_slow"": 37, ""macd_std_window"": 87, ""rebalance_freq"": 150, ""rebounce_block"": 3, ""sl_mult_lm"": 1.7000000000000002, ""sl_mult_lr"": 3.3, ""sl_mult_sm"": 1.9, ""sl_mult_sr"": 2.6, ""time_stop"": 19, ""tp_mult_lm"": 5.1, ""tp_mult_lr"": 11.6, ""tp_mult_sm"": 5.0, ""tp_mult_sr"": 4.0, ""trail_mult"": 1.7, ""trail_tp"": true, ""use_trailing"": false}",{},
2891,1.282242857142857,TrialState.COMPLETE,2026-04-01T08:46:56.877641,2026-04-01T08:46:59.820703,2.943062,"{""atr_window"": 18, ""bb_std_dev"": 2.4, ""bb_window"": 21, ""cooldown"": 2, ""macd_fast"": 15, ""macd_k"": 1.0, ""macd_k_mid"": 0.7, ""macd_signal"": 5, ""macd_slow"": 35, ""macd_std_window"": 89, ""rebalance_freq"": 90, ""rebounce_block"": 5, ""sl_mult_lm"": 1.1, ""sl_mult_lr"": 2.6, ""sl_mult_sm"": 1.4, ""sl_mult_sr"": 1.7, ""time_stop"": 28, ""tp_mult_lm"": 5.1, ""tp_mult_lr"": 10.6, ""tp_mult_sm"": 3.1, ""tp_mult_sr"": 5.300000000000001, ""trail_mult"": 3.4000000000000004, ""trail_tp"": false, ""use_trailing"": false}",{},
196,-1000000000.0,TrialState.COMPLETE,2026-04-01T08:46:58.362567,2026-04-01T08:47:01.189356,2.826789,"{""atr_window"": 15, ""bb_std_dev"": 1.95, ""bb_window"": 14, ""cooldown"": 1, ""macd_fast"": 14, ""macd_k"": 1.75, ""macd_k_mid"": 0.9, ""macd_signal"": 7, ""macd_slow"": 36, ""macd_std_window"": 89, ""rebalance_freq"": 180, ""rebounce_block"": 4, ""sl_mult_lm"": 1.05, ""sl_mult_lr"": 4.7, ""sl_mult_sm"": 1.75, ""sl_mult_sr"": 2.7, ""time_stop"": 20, ""tp_mult_lm"": 5.800000000000001, ""tp_mult_lr"": 14.0, ""tp_mult_sm"": 3.9, ""tp_mult_sr"": 5.6, ""trail_mult"": 3.1, ""trail_tp"": false, ""use_trailing"": true}",{},
