number,value,state,datetime_start,datetime_complete,duration_seconds,params_json,fold_sharpes_json,avg_cv_sharpe
2095,-1000000000.0,TrialState.COMPLETE,2026-04-01T04:57:57.563953,2026-04-01T04:57:57.657999,0.094046,"{""atr_window"": 13, ""bb_std_dev"": 1.4, ""bb_window"": 14, ""cooldown"": 0, ""macd_fast"": 20, ""macd_k"": 1.15, ""macd_k_mid"": 0.65, ""macd_signal"": 6, ""macd_slow"": 43, ""macd_std_window"": 74, ""rebalance_freq"": 90, ""rebounce_block"": 1, ""sl_mult_lm"": 1.5, ""sl_mult_lr"": 4.7, ""sl_mult_sm"": 1.55, ""sl_mult_sr"": 2.5, ""time_stop"": 21, ""tp_mult_lm"": 4.5, ""tp_mult_lr"": 12.600000000000001, ""tp_mult_sm"": 5.1, ""tp_mult_sr"": 5.7, ""trail_mult"": 2.9000000000000004, ""trail_tp"": true, ""use_trailing"": true}",{},
2096,-1000000000.0,TrialState.COMPLETE,2026-04-01T04:57:57.697055,2026-04-01T04:58:00.061346,2.364291,"{""atr_window"": 15, ""bb_std_dev"": 2.0, ""bb_window"": 17, ""cooldown"": 1, ""macd_fast"": 17, ""macd_k"": 1.65, ""macd_k_mid"": 0.6, ""macd_signal"": 9, ""macd_slow"": 36, ""macd_std_window"": 100, ""rebalance_freq"": 120, ""rebounce_block"": 4, ""sl_mult_lm"": 1.3, ""sl_mult_lr"": 4.6, ""sl_mult_sm"": 1.8, ""sl_mult_sr"": 2.0, ""time_stop"": 29, ""tp_mult_lm"": 3.5, ""tp_mult_lr"": 10.2, ""tp_mult_sm"": 4.6, ""tp_mult_sr"": 5.5, ""trail_mult"": 3.1, ""trail_tp"": false, ""use_trailing"": false}",{},
2097,-1000000000.0,TrialState.COMPLETE,2026-04-01T04:58:00.097446,2026-04-01T04:58:00.188235,0.090789,"{""atr_window"": 18, ""bb_std_dev"": 2.15, ""bb_window"": 15, ""cooldown"": 1, ""macd_fast"": 16, ""macd_k"": 1.3, ""macd_k_mid"": 0.5, ""macd_signal"": 8, ""macd_slow"": 42, ""macd_std_window"": 92, ""rebalance_freq"": 150, ""rebounce_block"": 5, ""sl_mult_lm"": 2.05, ""sl_mult_lr"": 2.3, ""sl_mult_sm"": 1.7000000000000002, ""sl_mult_sr"": 1.9, ""time_stop"": 20, ""tp_mult_lm"": 3.7, ""tp_mult_lr"": 11.2, ""tp_mult_sm"": 6.800000000000001, ""tp_mult_sr"": 6.300000000000001, ""trail_mult"": 3.6, ""trail_tp"": true, ""use_trailing"": true}",{},
2098,-1000000000.0,TrialState.COMPLETE,2026-04-01T04:58:00.226046,2026-04-01T04:58:00.305996,0.07995,"{""atr_window"": 16, ""bb_std_dev"": 2.25, ""bb_window"": 14, ""cooldown"": 2, ""macd_fast"": 15, ""macd_k"": 1.0, ""macd_k_mid"": 0.7, ""macd_signal"": 8, ""macd_slow"": 43, ""macd_std_window"": 99, ""rebalance_freq"": 180, ""rebounce_block"": 0, ""sl_mult_lm"": 1.85, ""sl_mult_lr"": 2.5, ""sl_mult_sm"": 1.5, ""sl_mult_sr"": 3.4000000000000004, ""time_stop"": 14, ""tp_mult_lm"": 4.3, ""tp_mult_lr"": 13.4, ""tp_mult_sm"": 6.0, ""tp_mult_sr"": 3.2, ""trail_mult"": 2.1, ""trail_tp"": true, ""use_trailing"": true}",{},
2099,-1000000000.0,TrialState.COMPLETE,2026-04-01T04:58:00.352644,2026-04-01T04:58:00.436156,0.083512,"{""atr_window"": 20, ""bb_std_dev"": 2.4, ""bb_window"": 20, ""cooldown"": 4, ""macd_fast"": 17, ""macd_k"": 1.05, ""macd_k_mid"": 0.8500000000000001, ""macd_signal"": 9, ""macd_slow"": 44, ""macd_std_window"": 72, ""rebalance_freq"": 30, ""rebounce_block"": 3, ""sl_mult_lm"": 1.6, ""sl_mult_lr"": 3.5, ""sl_mult_sm"": 1.9, ""sl_mult_sr"": 1.7, ""time_stop"": 12, ""tp_mult_lm"": 5.6, ""tp_mult_lr"": 13.8, ""tp_mult_sm"": 6.300000000000001, ""tp_mult_sr"": 5.4, ""trail_mult"": 2.6, ""trail_tp"": false, ""use_trailing"": true}",{},
2100,-1000000000.0,TrialState.COMPLETE,2026-04-01T04:58:00.473689,2026-04-01T04:58:00.550150,0.076461,"{""atr_window"": 11, ""bb_std_dev"": 1.9, ""bb_window"": 22, ""cooldown"": 3, ""macd_fast"": 11, ""macd_k"": 1.15, ""macd_k_mid"": 0.6, ""macd_signal"": 7, ""macd_slow"": 41, ""macd_std_window"": 90, ""rebalance_freq"": 60, ""rebounce_block"": 6, ""sl_mult_lm"": 1.65, ""sl_mult_lr"": 2.4, ""sl_mult_sm"": 1.3, ""sl_mult_sr"": 2.1, ""time_stop"": 2, ""tp_mult_lm"": 5.1, ""tp_mult_lr"": 10.0, ""tp_mult_sm"": 4.3, ""tp_mult_sr"": 5.0, ""trail_mult"": 2.4, ""trail_tp"": true, ""use_trailing"": false}",{},
2101,-1000000000.0,TrialState.COMPLETE,2026-04-01T04:58:00.586428,2026-04-01T04:58:00.663675,0.077247,"{""atr_window"": 10, ""bb_std_dev"": 2.5, ""bb_window"": 16, ""cooldown"": 4, ""macd_fast"": 10, ""macd_k"": 1.2, ""macd_k_mid"": 0.5, ""macd_signal"": 10, ""macd_slow"": 40, ""macd_std_window"": 98, ""rebalance_freq"": 90, ""rebounce_block"": 5, ""sl_mult_lm"": 2.1, ""sl_mult_lr"": 2.8, ""sl_mult_sm"": 1.85, ""sl_mult_sr"": 1.5, ""time_stop"": 18, ""tp_mult_lm"": 3.6, ""tp_mult_lr"": 11.0, ""tp_mult_sm"": 3.8, ""tp_mult_sr"": 3.0, ""trail_mult"": 2.0, ""trail_tp"": false, ""use_trailing"": true}",{},
2102,-1000000000.0,TrialState.COMPLETE,2026-04-01T04:58:00.709884,2026-04-01T04:58:03.159984,2.4501,"{""atr_window"": 17, ""bb_std_dev"": 1.8499999999999999, ""bb_window"": 15, ""cooldown"": 1, ""macd_fast"": 15, ""macd_k"": 1.6, ""macd_k_mid"": 0.8, ""macd_signal"": 9, ""macd_slow"": 36, ""macd_std_window"": 86, ""rebalance_freq"": 150, ""rebounce_block"": 4, ""sl_mult_lm"": 1.9500000000000002, ""sl_mult_lr"": 2.9, ""sl_mult_sm"": 1.15, ""sl_mult_sr"": 2.7, ""time_stop"": 17, ""tp_mult_lm"": 5.4, ""tp_mult_lr"": 16.4, ""tp_mult_sm"": 4.8, ""tp_mult_sr"": 6.0, ""trail_mult"": 3.3, ""trail_tp"": true, ""use_trailing"": true}",{},
2103,-1000000000.0,TrialState.COMPLETE,2026-04-01T04:58:03.196841,2026-04-01T04:58:05.882140,2.685299,"{""atr_window"": 19, ""bb_std_dev"": 1.75, ""bb_window"": 17, ""cooldown"": 0, ""macd_fast"": 13, ""macd_k"": 1.4, ""macd_k_mid"": 0.55, ""macd_signal"": 8, ""macd_slow"": 35, ""macd_std_window"": 90, ""rebalance_freq"": 120, ""rebounce_block"": 2, ""sl_mult_lm"": 1.15, ""sl_mult_lr"": 2.2, ""sl_mult_sm"": 1.75, ""sl_mult_sr"": 3.0, ""time_stop"": 15, ""tp_mult_lm"": 5.3, ""tp_mult_lr"": 9.6, ""tp_mult_sm"": 6.1, ""tp_mult_sr"": 6.2, ""trail_mult"": 2.3, ""trail_tp"": false, ""use_trailing"": true}",{},
2104,-1000000000.0,TrialState.COMPLETE,2026-04-01T04:58:05.914193,2026-04-01T04:58:05.991210,0.077017,"{""atr_window"": 14, ""bb_std_dev"": 1.65, ""bb_window"": 14, ""cooldown"": 2, ""macd_fast"": 14, ""macd_k"": 1.55, ""macd_k_mid"": 0.55, ""macd_signal"": 7, ""macd_slow"": 37, ""macd_std_window"": 96, ""rebalance_freq"": 180, ""rebounce_block"": 3, ""sl_mult_lm"": 2.2, ""sl_mult_lr"": 4.2, ""sl_mult_sm"": 1.9500000000000002, ""sl_mult_sr"": 2.2, ""time_stop"": 25, ""tp_mult_lm"": 5.6, ""tp_mult_lr"": 12.2, ""tp_mult_sm"": 3.5, ""tp_mult_sr"": 4.4, ""trail_mult"": 2.5, ""trail_tp"": true, ""use_trailing"": false}",{},
2105,-1000000000.0,TrialState.COMPLETE,2026-04-01T04:58:06.027930,2026-04-01T04:58:06.110539,0.082609,"{""atr_window"": 13, ""bb_std_dev"": 2.2, ""bb_window"": 15, ""cooldown"": 5, ""macd_fast"": 12, ""macd_k"": 1.7000000000000002, ""macd_k_mid"": 0.65, ""macd_signal"": 9, ""macd_slow"": 43, ""macd_std_window"": 97, ""rebalance_freq"": 150, ""rebounce_block"": 0, ""sl_mult_lm"": 1.8, ""sl_mult_lr"": 3.3, ""sl_mult_sm"": 1.6, ""sl_mult_sr"": 1.6, ""time_stop"": 22, ""tp_mult_lm"": 3.9, ""tp_mult_lr"": 12.4, ""tp_mult_sm"": 5.9, ""tp_mult_sr"": 5.6, ""trail_mult"": 3.2, ""trail_tp"": false, ""use_trailing"": true}",{},
2106,-1000000000.0,TrialState.COMPLETE,2026-04-01T04:58:06.151822,2026-04-01T04:58:08.641903,2.490081,"{""atr_window"": 20, ""bb_std_dev"": 1.5999999999999999, ""bb_window"": 24, ""cooldown"": 1, ""macd_fast"": 20, ""macd_k"": 1.9500000000000002, ""macd_k_mid"": 0.9, ""macd_signal"": 8, ""macd_slow"": 38, ""macd_std_window"": 87, ""rebalance_freq"": 30, ""rebounce_block"": 6, ""sl_mult_lm"": 1.9, ""sl_mult_lr"": 2.3, ""sl_mult_sm"": 1.05, ""sl_mult_sr"": 2.3, ""time_stop"": 6, ""tp_mult_lm"": 5.2, ""tp_mult_lr"": 8.4, ""tp_mult_sm"": 6.2, ""tp_mult_sr"": 3.9, ""trail_mult"": 2.1, ""trail_tp"": true, ""use_trailing"": true}",{},
2107,-1000000000.0,TrialState.COMPLETE,2026-04-01T04:58:08.675388,2026-04-01T04:58:08.758822,0.083434,"{""atr_window"": 15, ""bb_std_dev"": 2.3, ""bb_window"": 25, ""cooldown"": 3, ""macd_fast"": 14, ""macd_k"": 1.45, ""macd_k_mid"": 0.7, ""macd_signal"": 6, ""macd_slow"": 39, ""macd_std_window"": 89, ""rebalance_freq"": 120, ""rebounce_block"": 5, ""sl_mult_lm"": 1.75, ""sl_mult_lr"": 3.0, ""sl_mult_sm"": 1.7000000000000002, ""sl_mult_sr"": 2.8, ""time_stop"": 1, ""tp_mult_lm"": 5.5, ""tp_mult_lr"": 8.0, ""tp_mult_sm"": 3.3, ""tp_mult_sr"": 3.7, ""trail_mult"": 3.7, ""trail_tp"": false, ""use_trailing"": true}",{},
2108,-1000000000.0,TrialState.COMPLETE,2026-04-01T04:58:08.796231,2026-04-01T04:58:08.874556,0.078325,"{""atr_window"": 16, ""bb_std_dev"": 1.5499999999999998, ""bb_window"": 14, ""cooldown"": 2, ""macd_fast"": 12, ""macd_k"": 1.1, ""macd_k_mid"": 0.6, ""macd_signal"": 7, ""macd_slow"": 41, ""macd_std_window"": 91, ""rebalance_freq"": 180, ""rebounce_block"": 1, ""sl_mult_lm"": 1.0, ""sl_mult_lr"": 3.6, ""sl_mult_sm"": 1.45, ""sl_mult_sr"": 2.6, ""time_stop"": 10, ""tp_mult_lm"": 5.7, ""tp_mult_lr"": 12.0, ""tp_mult_sm"": 3.7, ""tp_mult_sr"": 3.4, ""trail_mult"": 3.0, ""trail_tp"": true, ""use_trailing"": false}",{},
2109,-1000000000.0,TrialState.COMPLETE,2026-04-01T04:58:08.909883,2026-04-01T04:58:11.419070,2.509187,"{""atr_window"": 17, ""bb_std_dev"": 2.2, ""bb_window"": 21, ""cooldown"": 0, ""macd_fast"": 19, ""macd_k"": 1.25, ""macd_k_mid"": 0.55, ""macd_signal"": 9, ""macd_slow"": 37, ""macd_std_window"": 71, ""rebalance_freq"": 150, ""rebounce_block"": 6, ""sl_mult_lm"": 1.35, ""sl_mult_lr"": 2.7, ""sl_mult_sm"": 1.55, ""sl_mult_sr"": 2.4, ""time_stop"": 8, ""tp_mult_lm"": 5.0, ""tp_mult_lr"": 14.4, ""tp_mult_sm"": 5.0, ""tp_mult_sr"": 4.8, ""trail_mult"": 3.1, ""trail_tp"": false, ""use_trailing"": true}",{},
2110,-1000000000.0,TrialState.COMPLETE,2026-04-01T04:58:11.449090,2026-04-01T04:58:11.538727,0.089637,"{""atr_window"": 18, ""bb_std_dev"": 2.45, ""bb_window"": 16, ""cooldown"": 1, ""macd_fast"": 18, ""macd_k"": 1.5, ""macd_k_mid"": 0.75, ""macd_signal"": 10, ""macd_slow"": 44, ""macd_std_window"": 78, ""rebalance_freq"": 90, ""rebounce_block"": 4, ""sl_mult_lm"": 1.4, ""sl_mult_lr"": 4.1, ""sl_mult_sm"": 2.0, ""sl_mult_sr"": 1.8, ""time_stop"": 14, ""tp_mult_lm"": 5.800000000000001, ""tp_mult_lr"": 11.8, ""tp_mult_sm"": 3.1, ""tp_mult_sr"": 6.1, ""trail_mult"": 1.8, ""trail_tp"": true, ""use_trailing"": true}",{},
2111,-1000000000.0,TrialState.COMPLETE,2026-04-01T04:58:11.578653,2026-04-01T04:58:11.662617,0.083964,"{""atr_window"": 14, ""bb_std_dev"": 2.5, ""bb_window"": 14, ""cooldown"": 3, ""macd_fast"": 10, ""macd_k"": 1.0, ""macd_k_mid"": 0.6, ""macd_signal"": 8, ""macd_slow"": 42, ""macd_std_window"": 81, ""rebalance_freq"": 150, ""rebounce_block"": 5, ""sl_mult_lm"": 1.2, ""sl_mult_lr"": 4.4, ""sl_mult_sm"": 1.85, ""sl_mult_sr"": 1.9, ""time_stop"": 11, ""tp_mult_lm"": 4.0, ""tp_mult_lr"": 9.8, ""tp_mult_sm"": 6.4, ""tp_mult_sr"": 4.0, ""trail_mult"": 3.5, ""trail_tp"": false, ""use_trailing"": false}",{},
2112,-1000000000.0,TrialState.COMPLETE,2026-04-01T04:58:11.699976,2026-04-01T04:58:11.777162,0.077186,"{""atr_window"": 19, ""bb_std_dev"": 2.35, ""bb_window"": 23, ""cooldown"": 4, ""macd_fast"": 17, ""macd_k"": 1.1, ""macd_k_mid"": 1.0, ""macd_signal"": 5, ""macd_slow"": 40, ""macd_std_window"": 79, ""rebalance_freq"": 120, ""rebounce_block"": 3, ""sl_mult_lm"": 2.0, ""sl_mult_lr"": 2.1, ""sl_mult_sm"": 1.65, ""sl_mult_sr"": 1.5, ""time_stop"": 21, ""tp_mult_lm"": 5.4, ""tp_mult_lr"": 15.0, ""tp_mult_sm"": 5.5, ""tp_mult_sr"": 3.6, ""trail_mult"": 2.2, ""trail_tp"": true, ""use_trailing"": true}",{},
2113,-1000000000.0,TrialState.COMPLETE,2026-04-01T04:58:11.816951,2026-04-01T04:58:11.901880,0.084929,"{""atr_window"": 16, ""bb_std_dev"": 2.05, ""bb_window"": 17, ""cooldown"": 0, ""macd_fast"": 20, ""macd_k"": 1.35, ""macd_k_mid"": 0.5, ""macd_signal"": 8, ""macd_slow"": 43, ""macd_std_window"": 88, ""rebalance_freq"": 150, ""rebounce_block"": 0, ""sl_mult_lm"": 1.3, ""sl_mult_lr"": 2.0, ""sl_mult_sm"": 1.9, ""sl_mult_sr"": 2.2, ""time_stop"": 13, ""tp_mult_lm"": 4.2, ""tp_mult_lr"": 12.8, ""tp_mult_sm"": 4.4, ""tp_mult_sr"": 3.1, ""trail_mult"": 3.8000000000000003, ""trail_tp"": false, ""use_trailing"": true}",{},
2114,-1000000000.0,TrialState.COMPLETE,2026-04-01T04:58:11.938679,2026-04-01T04:58:12.033091,0.094412,"{""atr_window"": 12, ""bb_std_dev"": 2.1, ""bb_window"": 20, ""cooldown"": 2, ""macd_fast"": 13, ""macd_k"": 1.05, ""macd_k_mid"": 0.65, ""macd_signal"": 9, ""macd_slow"": 44, ""macd_std_window"": 70, ""rebalance_freq"": 90, ""rebounce_block"": 2, ""sl_mult_lm"": 1.7000000000000002, ""sl_mult_lr"": 2.4, ""sl_mult_sm"": 1.75, ""sl_mult_sr"": 2.9000000000000004, ""time_stop"": 16, ""tp_mult_lm"": 4.4, ""tp_mult_lr"": 13.0, ""tp_mult_sm"": 3.6, ""tp_mult_sr"": 4.5, ""trail_mult"": 3.6, ""trail_tp"": true, ""use_trailing"": true}",{},
2115,-1000000000.0,TrialState.COMPLETE,2026-04-01T04:58:12.070502,2026-04-01T04:58:12.153526,0.083024,"{""atr_window"": 13, ""bb_std_dev"": 1.7, ""bb_window"": 15, ""cooldown"": 1, ""macd_fast"": 15, ""macd_k"": 1.6, ""macd_k_mid"": 0.7, ""macd_signal"": 6, ""macd_slow"": 39, ""macd_std_window"": 75, ""rebalance_freq"": 180, ""rebounce_block"": 3, ""sl_mult_lm"": 2.1500000000000004, ""sl_mult_lr"": 2.6, ""sl_mult_sm"": 1.3, ""sl_mult_sr"": 3.3, ""time_stop"": 27, ""tp_mult_lm"": 4.9, ""tp_mult_lr"": 11.4, ""tp_mult_sm"": 4.7, ""tp_mult_sr"": 4.9, ""trail_mult"": 3.9000000000000004, ""trail_tp"": false, ""use_trailing"": false}",{},
2116,-1000000000.0,TrialState.COMPLETE,2026-04-01T04:58:12.192874,2026-04-01T04:58:14.646212,2.453338,"{""atr_window"": 20, ""bb_std_dev"": 2.15, ""bb_window"": 18, ""cooldown"": 4, ""macd_fast"": 16, ""macd_k"": 1.9, ""macd_k_mid"": 0.55, ""macd_signal"": 10, ""macd_slow"": 38, ""macd_std_window"": 82, ""rebalance_freq"": 30, ""rebounce_block"": 5, ""sl_mult_lm"": 1.55, ""sl_mult_lr"": 2.5, ""sl_mult_sm"": 1.25, ""sl_mult_sr"": 1.6, ""time_stop"": 20, ""tp_mult_lm"": 4.7, ""tp_mult_lr"": 9.0, ""tp_mult_sm"": 3.2, ""tp_mult_sr"": 4.2, ""trail_mult"": 3.2, ""trail_tp"": true, ""use_trailing"": true}",{},
2117,-1000000000.0,TrialState.COMPLETE,2026-04-01T04:58:14.681980,2026-04-01T04:58:14.765920,0.08394,"{""atr_window"": 15, ""bb_std_dev"": 2.0, ""bb_window"": 14, ""cooldown"": 1, ""macd_fast"": 11, ""macd_k"": 1.15, ""macd_k_mid"": 0.8500000000000001, ""macd_signal"": 7, ""macd_slow"": 36, ""macd_std_window"": 73, ""rebalance_freq"": 60, ""rebounce_block"": 6, ""sl_mult_lm"": 1.0, ""sl_mult_lr"": 2.2, ""sl_mult_sm"": 1.2, ""sl_mult_sr"": 1.5, ""time_stop"": 28, ""tp_mult_lm"": 5.1, ""tp_mult_lr"": 10.6, ""tp_mult_sm"": 4.1, ""tp_mult_sr"": 6.4, ""trail_mult"": 1.9, ""trail_tp"": false, ""use_trailing"": true}",{},
2118,-1000000000.0,TrialState.COMPLETE,2026-04-01T04:58:14.804055,2026-04-01T04:58:17.294631,2.490576,"{""atr_window"": 18, ""bb_std_dev"": 2.3, ""bb_window"": 14, ""cooldown"": 2, ""macd_fast"": 18, ""macd_k"": 1.65, ""macd_k_mid"": 0.55, ""macd_signal"": 8, ""macd_slow"": 35, ""macd_std_window"": 91, ""rebalance_freq"": 150, ""rebounce_block"": 5, ""sl_mult_lm"": 1.9, ""sl_mult_lr"": 3.8, ""sl_mult_sm"": 1.7000000000000002, ""sl_mult_sr"": 2.0, ""time_stop"": 19, ""tp_mult_lm"": 6.0, ""tp_mult_lr"": 11.6, ""tp_mult_sm"": 6.9, ""tp_mult_sr"": 5.800000000000001, ""trail_mult"": 1.7, ""trail_tp"": true, ""use_trailing"": true}",{},
2119,-1000000000.0,TrialState.COMPLETE,2026-04-01T04:58:17.326035,2026-04-01T04:58:17.404519,0.078484,"{""atr_window"": 16, ""bb_std_dev"": 2.25, ""bb_window"": 19, ""cooldown"": 5, ""macd_fast"": 14, ""macd_k"": 1.5, ""macd_k_mid"": 0.6, ""macd_signal"": 9, ""macd_slow"": 41, ""macd_std_window"": 83, ""rebalance_freq"": 180, ""rebounce_block"": 0, ""sl_mult_lm"": 1.05, ""sl_mult_lr"": 3.7, ""sl_mult_sm"": 1.1, ""sl_mult_sr"": 2.1, ""time_stop"": 16, ""tp_mult_lm"": 4.8, ""tp_mult_lr"": 10.4, ""tp_mult_sm"": 3.0, ""tp_mult_sr"": 3.0, ""trail_mult"": 2.1, ""trail_tp"": false, ""use_trailing"": false}",{},
2120,-1000000000.0,TrialState.COMPLETE,2026-04-01T04:58:17.451479,2026-04-01T04:58:17.538864,0.087385,"{""atr_window"": 14, ""bb_std_dev"": 1.7999999999999998, ""bb_window"": 16, ""cooldown"": 0, ""macd_fast"": 12, ""macd_k"": 1.3, ""macd_k_mid"": 0.5, ""macd_signal"": 8, ""macd_slow"": 40, ""macd_std_window"": 93, ""rebalance_freq"": 120, ""rebounce_block"": 2, ""sl_mult_lm"": 1.25, ""sl_mult_lr"": 2.3, ""sl_mult_sm"": 1.4, ""sl_mult_sr"": 1.7, ""time_stop"": 29, ""tp_mult_lm"": 5.3, ""tp_mult_lr"": 14.600000000000001, ""tp_mult_sm"": 5.2, ""tp_mult_sr"": 6.7, ""trail_mult"": 3.4000000000000004, ""trail_tp"": true, ""use_trailing"": true}",{},
2121,-1000000000.0,TrialState.COMPLETE,2026-04-01T04:58:17.576159,2026-04-01T04:58:17.654097,0.077938,"{""atr_window"": 11, ""bb_std_dev"": 2.45, ""bb_window"": 24, ""cooldown"": 3, ""macd_fast"": 14, ""macd_k"": 1.25, ""macd_k_mid"": 0.8, ""macd_signal"": 9, ""macd_slow"": 43, ""macd_std_window"": 84, ""rebalance_freq"": 150, ""rebounce_block"": 4, ""sl_mult_lm"": 1.35, ""sl_mult_lr"": 2.4, ""sl_mult_sm"": 1.9500000000000002, ""sl_mult_sr"": 2.5, ""time_stop"": 0, ""tp_mult_lm"": 5.5, ""tp_mult_lr"": 10.0, ""tp_mult_sm"": 7.0, ""tp_mult_sr"": 4.6, ""trail_mult"": 1.6, ""trail_tp"": false, ""use_trailing"": true}",{},
2122,-1000000000.0,TrialState.COMPLETE,2026-04-01T04:58:17.694023,2026-04-01T04:58:20.169442,2.475419,"{""atr_window"": 17, ""bb_std_dev"": 2.4, ""bb_window"": 18, ""cooldown"": 4, ""macd_fast"": 20, ""macd_k"": 1.2, ""macd_k_mid"": 0.7, ""macd_signal"": 10, ""macd_slow"": 42, ""macd_std_window"": 94, ""rebalance_freq"": 30, ""rebounce_block"": 3, ""sl_mult_lm"": 2.05, ""sl_mult_lr"": 5.0, ""sl_mult_sm"": 1.8, ""sl_mult_sr"": 1.6, ""time_stop"": 15, ""tp_mult_lm"": 5.6, ""tp_mult_lr"": 12.2, ""tp_mult_sm"": 6.6, ""tp_mult_sr"": 5.1, ""trail_mult"": 2.7, ""trail_tp"": true, ""use_trailing"": false}",{},
2123,-1000000000.0,TrialState.COMPLETE,2026-04-01T04:58:20.208773,2026-04-01T04:58:22.767394,2.558621,"{""atr_window"": 20, ""bb_std_dev"": 2.5, ""bb_window"": 21, ""cooldown"": 1, ""macd_fast"": 19, ""macd_k"": 1.85, ""macd_k_mid"": 0.9, ""macd_signal"": 7, ""macd_slow"": 37, ""macd_std_window"": 77, ""rebalance_freq"": 180, ""rebounce_block"": 5, ""sl_mult_lm"": 1.9500000000000002, ""sl_mult_lr"": 3.1, ""sl_mult_sm"": 1.65, ""sl_mult_sr"": 1.8, ""time_stop"": 23, ""tp_mult_lm"": 5.9, ""tp_mult_lr"": 9.4, ""tp_mult_sm"": 6.7, ""tp_mult_sr"": 5.2, ""trail_mult"": 1.5, ""trail_tp"": false, ""use_trailing"": true}",{},
2124,-1000000000.0,TrialState.COMPLETE,2026-04-01T04:58:22.807841,2026-04-01T04:58:22.901535,0.093694,"{""atr_window"": 18, ""bb_std_dev"": 2.05, ""bb_window"": 17, ""cooldown"": 2, ""macd_fast"": 12, ""macd_k"": 1.4, ""macd_k_mid"": 0.75, ""macd_signal"": 9, ""macd_slow"": 44, ""macd_std_window"": 98, ""rebalance_freq"": 120, ""rebounce_block"": 1, ""sl_mult_lm"": 1.1, ""sl_mult_lr"": 2.5, ""sl_mult_sm"": 1.05, ""sl_mult_sr"": 1.9, ""time_stop"": 4, ""tp_mult_lm"": 4.6, ""tp_mult_lr"": 11.2, ""tp_mult_sm"": 5.800000000000001, ""tp_mult_sr"": 6.300000000000001, ""trail_mult"": 2.9000000000000004, ""trail_tp"": true, ""use_trailing"": true}",{},
2125,-1000000000.0,TrialState.COMPLETE,2026-04-01T04:58:22.939561,2026-04-01T04:58:23.022221,0.08266,"{""atr_window"": 19, ""bb_std_dev"": 1.75, ""bb_window"": 15, ""cooldown"": 1, ""macd_fast"": 15, ""macd_k"": 1.8, ""macd_k_mid"": 0.55, ""macd_signal"": 8, ""macd_slow"": 41, ""macd_std_window"": 80, ""rebalance_freq"": 90, ""rebounce_block"": 6, ""sl_mult_lm"": 1.05, ""sl_mult_lr"": 2.2, ""sl_mult_sm"": 1.5, ""sl_mult_sr"": 2.1, ""time_stop"": 18, ""tp_mult_lm"": 3.8, ""tp_mult_lr"": 12.600000000000001, ""tp_mult_sm"": 4.6, ""tp_mult_sr"": 5.7, ""trail_mult"": 2.0, ""trail_tp"": true, ""use_trailing"": true}",{},
2126,-1000000000.0,TrialState.COMPLETE,2026-04-01T04:58:23.059449,2026-04-01T04:58:23.147549,0.0881,"{""atr_window"": 14, ""bb_std_dev"": 1.95, ""bb_window"": 14, ""cooldown"": 0, ""macd_fast"": 17, ""macd_k"": 1.45, ""macd_k_mid"": 0.65, ""macd_signal"": 5, ""macd_slow"": 43, ""macd_std_window"": 99, ""rebalance_freq"": 150, ""rebounce_block"": 6, ""sl_mult_lm"": 2.0, ""sl_mult_lr"": 4.300000000000001, ""sl_mult_sm"": 1.0, ""sl_mult_sr"": 2.0, ""time_stop"": 21, ""tp_mult_lm"": 5.2, ""tp_mult_lr"": 11.8, ""tp_mult_sm"": 6.5, ""tp_mult_sr"": 6.0, ""trail_mult"": 2.2, ""trail_tp"": false, ""use_trailing"": false}",{},
2127,-1000000000.0,TrialState.COMPLETE,2026-04-01T04:58:23.185650,2026-04-01T04:58:23.269988,0.084338,"{""atr_window"": 16, ""bb_std_dev"": 2.35, ""bb_window"": 17, ""cooldown"": 4, ""macd_fast"": 13, ""macd_k"": 1.55, ""macd_k_mid"": 0.95, ""macd_signal"": 7, ""macd_slow"": 40, ""macd_std_window"": 88, ""rebalance_freq"": 150, ""rebounce_block"": 5, ""sl_mult_lm"": 1.45, ""sl_mult_lr"": 2.1, ""sl_mult_sm"": 1.75, ""sl_mult_sr"": 1.5, ""time_stop"": 26, ""tp_mult_lm"": 3.9, ""tp_mult_lr"": 9.2, ""tp_mult_sm"": 6.9, ""tp_mult_sr"": 4.7, ""trail_mult"": 2.3, ""trail_tp"": true, ""use_trailing"": true}",{},
2128,-1000000000.0,TrialState.COMPLETE,2026-04-01T04:58:23.309185,2026-04-01T04:58:23.397642,0.088457,"{""atr_window"": 15, ""bb_std_dev"": 2.25, ""bb_window"": 20, ""cooldown"": 3, ""macd_fast"": 16, ""macd_k"": 1.9, ""macd_k_mid"": 0.5, ""macd_signal"": 6, ""macd_slow"": 39, ""macd_std_window"": 100, ""rebalance_freq"": 180, ""rebounce_block"": 2, ""sl_mult_lm"": 2.1, ""sl_mult_lr"": 2.9, ""sl_mult_sm"": 1.35, ""sl_mult_sr"": 2.7, ""time_stop"": 24, ""tp_mult_lm"": 5.1, ""tp_mult_lr"": 12.4, ""tp_mult_sm"": 5.300000000000001, ""tp_mult_sr"": 3.3, ""trail_mult"": 3.8000000000000003, ""trail_tp"": false, ""use_trailing"": true}",{},
