number,value,state,datetime_start,datetime_complete,duration_seconds,params_json,fold_sharpes_json,avg_cv_sharpe
70,-1000000000.0,TrialState.COMPLETE,2026-04-01T02:11:58.198881,2026-04-01T02:11:58.217786,0.018905,"{""atr_window"": 19, ""bb_std_dev"": 1.75, ""bb_window"": 14, ""cooldown"": 4, ""macd_fast"": 13, ""macd_k"": 1.25, ""macd_k_mid"": 0.75, ""macd_signal"": 8, ""macd_slow"": 43, ""macd_std_window"": 86, ""rebalance_freq"": 60, ""rebounce_block"": 5, ""sl_mult_lm"": 2.1500000000000004, ""sl_mult_lr"": 3.7, ""sl_mult_sm"": 1.35, ""sl_mult_sr"": 2.5, ""time_stop"": 4, ""tp_mult_lm"": 5.9, ""tp_mult_lr"": 14.2, ""tp_mult_sm"": 4.8, ""tp_mult_sr"": 3.1, ""trail_mult"": 2.6, ""trail_tp"": true, ""use_trailing"": true}",{},
71,-1000000000.0,TrialState.COMPLETE,2026-04-01T02:11:58.246312,2026-04-01T02:11:58.264938,0.018626,"{""atr_window"": 10, ""bb_std_dev"": 1.5499999999999998, ""bb_window"": 20, ""cooldown"": 0, ""macd_fast"": 20, ""macd_k"": 1.85, ""macd_k_mid"": 0.5, ""macd_signal"": 6, ""macd_slow"": 43, ""macd_std_window"": 89, ""rebalance_freq"": 120, ""rebounce_block"": 0, ""sl_mult_lm"": 2.05, ""sl_mult_lr"": 4.300000000000001, ""sl_mult_sm"": 1.45, ""sl_mult_sr"": 3.3, ""time_stop"": 19, ""tp_mult_lm"": 5.800000000000001, ""tp_mult_lr"": 11.4, ""tp_mult_sm"": 5.7, ""tp_mult_sr"": 6.9, ""trail_mult"": 1.7, ""trail_tp"": false, ""use_trailing"": true}",{},
72,-1000000000.0,TrialState.COMPLETE,2026-04-01T02:11:58.315804,2026-04-01T02:11:58.332943,0.017139,"{""atr_window"": 11, ""bb_std_dev"": 1.7, ""bb_window"": 20, ""cooldown"": 0, ""macd_fast"": 19, ""macd_k"": 1.85, ""macd_k_mid"": 0.8, ""macd_signal"": 6, ""macd_slow"": 44, ""macd_std_window"": 88, ""rebalance_freq"": 150, ""rebounce_block"": 0, ""sl_mult_lm"": 2.1, ""sl_mult_lr"": 4.5, ""sl_mult_sm"": 1.35, ""sl_mult_sr"": 2.7, ""time_stop"": 17, ""tp_mult_lm"": 5.6, ""tp_mult_lr"": 11.2, ""tp_mult_sm"": 5.300000000000001, ""tp_mult_sr"": 6.6, ""trail_mult"": 1.5, ""trail_tp"": false, ""use_trailing"": true}",{},
73,-1000000000.0,TrialState.COMPLETE,2026-04-01T02:11:58.363055,2026-04-01T02:12:01.135906,2.772851,"{""atr_window"": 11, ""bb_std_dev"": 1.5499999999999998, ""bb_window"": 16, ""cooldown"": 0, ""macd_fast"": 20, ""macd_k"": 1.9500000000000002, ""macd_k_mid"": 0.8, ""macd_signal"": 5, ""macd_slow"": 42, ""macd_std_window"": 94, ""rebalance_freq"": 120, ""rebounce_block"": 0, ""sl_mult_lm"": 1.6, ""sl_mult_lr"": 2.1, ""sl_mult_sm"": 1.3, ""sl_mult_sr"": 3.4000000000000004, ""time_stop"": 18, ""tp_mult_lm"": 5.800000000000001, ""tp_mult_lr"": 12.2, ""tp_mult_sm"": 6.9, ""tp_mult_sr"": 6.1, ""trail_mult"": 2.0, ""trail_tp"": false, ""use_trailing"": true}",{},
74,-1000000000.0,TrialState.COMPLETE,2026-04-01T02:12:01.175506,2026-04-01T02:12:01.222027,0.046521,"{""atr_window"": 10, ""bb_std_dev"": 2.5, ""bb_window"": 19, ""cooldown"": 2, ""macd_fast"": 19, ""macd_k"": 2.0, ""macd_k_mid"": 0.9, ""macd_signal"": 7, ""macd_slow"": 43, ""macd_std_window"": 90, ""rebalance_freq"": 90, ""rebounce_block"": 1, ""sl_mult_lm"": 2.2, ""sl_mult_lr"": 5.0, ""sl_mult_sm"": 1.6, ""sl_mult_sr"": 2.1, ""time_stop"": 20, ""tp_mult_lm"": 6.0, ""tp_mult_lr"": 9.8, ""tp_mult_sm"": 4.6, ""tp_mult_sr"": 6.5, ""trail_mult"": 1.7, ""trail_tp"": false, ""use_trailing"": true}",{},
75,-1000000000.0,TrialState.COMPLETE,2026-04-01T02:12:01.278492,2026-04-01T02:12:01.297696,0.019204,"{""atr_window"": 20, ""bb_std_dev"": 1.5999999999999999, ""bb_window"": 21, ""cooldown"": 1, ""macd_fast"": 20, ""macd_k"": 1.9, ""macd_k_mid"": 0.8500000000000001, ""macd_signal"": 6, ""macd_slow"": 44, ""macd_std_window"": 92, ""rebalance_freq"": 150, ""rebounce_block"": 0, ""sl_mult_lm"": 1.7000000000000002, ""sl_mult_lr"": 4.6, ""sl_mult_sm"": 1.2, ""sl_mult_sr"": 3.4000000000000004, ""time_stop"": 16, ""tp_mult_lm"": 3.6, ""tp_mult_lr"": 10.8, ""tp_mult_sm"": 5.0, ""tp_mult_sr"": 6.9, ""trail_mult"": 1.9, ""trail_tp"": false, ""use_trailing"": true}",{},
76,-1000000000.0,TrialState.COMPLETE,2026-04-01T02:12:01.334371,2026-04-01T02:12:01.354153,0.019782,"{""atr_window"": 12, ""bb_std_dev"": 1.65, ""bb_window"": 17, ""cooldown"": 3, ""macd_fast"": 14, ""macd_k"": 1.8, ""macd_k_mid"": 0.75, ""macd_signal"": 10, ""macd_slow"": 37, ""macd_std_window"": 87, ""rebalance_freq"": 120, ""rebounce_block"": 3, ""sl_mult_lm"": 1.75, ""sl_mult_lr"": 4.0, ""sl_mult_sm"": 1.25, ""sl_mult_sr"": 3.0, ""time_stop"": 23, ""tp_mult_lm"": 5.7, ""tp_mult_lr"": 11.6, ""tp_mult_sm"": 6.1, ""tp_mult_sr"": 6.300000000000001, ""trail_mult"": 3.0, ""trail_tp"": false, ""use_trailing"": true}",{},
77,-1000000000.0,TrialState.COMPLETE,2026-04-01T02:12:01.388901,2026-04-01T02:12:01.406712,0.017811,"{""atr_window"": 13, ""bb_std_dev"": 1.75, ""bb_window"": 15, ""cooldown"": 0, ""macd_fast"": 12, ""macd_k"": 1.5, ""macd_k_mid"": 0.55, ""macd_signal"": 8, ""macd_slow"": 40, ""macd_std_window"": 80, ""rebalance_freq"": 120, ""rebounce_block"": 2, ""sl_mult_lm"": 1.25, ""sl_mult_lr"": 4.300000000000001, ""sl_mult_sm"": 1.05, ""sl_mult_sr"": 3.1, ""time_stop"": 14, ""tp_mult_lm"": 5.3, ""tp_mult_lr"": 9.0, ""tp_mult_sm"": 6.5, ""tp_mult_sr"": 5.7, ""trail_mult"": 2.1, ""trail_tp"": false, ""use_trailing"": false}",{},
78,-1000000000.0,TrialState.COMPLETE,2026-04-01T02:12:01.438003,2026-04-01T02:12:01.456796,0.018793,"{""atr_window"": 15, ""bb_std_dev"": 1.45, ""bb_window"": 14, ""cooldown"": 1, ""macd_fast"": 18, ""macd_k"": 1.2, ""macd_k_mid"": 0.6, ""macd_signal"": 5, ""macd_slow"": 42, ""macd_std_window"": 97, ""rebalance_freq"": 150, ""rebounce_block"": 4, ""sl_mult_lm"": 2.0, ""sl_mult_lr"": 2.3, ""sl_mult_sm"": 1.55, ""sl_mult_sr"": 1.7, ""time_stop"": 21, ""tp_mult_lm"": 5.5, ""tp_mult_lr"": 13.2, ""tp_mult_sm"": 6.800000000000001, ""tp_mult_sr"": 5.1, ""trail_mult"": 1.6, ""trail_tp"": true, ""use_trailing"": true}",{},
79,-1000000000.0,TrialState.COMPLETE,2026-04-01T02:12:01.493965,2026-04-01T02:12:04.193149,2.699184,"{""atr_window"": 20, ""bb_std_dev"": 2.15, ""bb_window"": 21, ""cooldown"": 4, ""macd_fast"": 20, ""macd_k"": 1.1, ""macd_k_mid"": 0.8500000000000001, ""macd_signal"": 9, ""macd_slow"": 35, ""macd_std_window"": 77, ""rebalance_freq"": 60, ""rebounce_block"": 0, ""sl_mult_lm"": 2.1, ""sl_mult_lr"": 2.7, ""sl_mult_sm"": 1.4, ""sl_mult_sr"": 1.9, ""time_stop"": 26, ""tp_mult_lm"": 5.6, ""tp_mult_lr"": 12.600000000000001, ""tp_mult_sm"": 3.5, ""tp_mult_sr"": 4.5, ""trail_mult"": 1.8, ""trail_tp"": false, ""use_trailing"": true}",{},
80,-1000000000.0,TrialState.COMPLETE,2026-04-01T02:12:04.221263,2026-04-01T02:12:06.807453,2.58619,"{""atr_window"": 19, ""bb_std_dev"": 2.4, ""bb_window"": 14, ""cooldown"": 2, ""macd_fast"": 19, ""macd_k"": 1.9, ""macd_k_mid"": 0.5, ""macd_signal"": 7, ""macd_slow"": 37, ""macd_std_window"": 91, ""rebalance_freq"": 90, ""rebounce_block"": 1, ""sl_mult_lm"": 1.3, ""sl_mult_lr"": 4.800000000000001, ""sl_mult_sm"": 1.7000000000000002, ""sl_mult_sr"": 1.6, ""time_stop"": 18, ""tp_mult_lm"": 5.800000000000001, ""tp_mult_lr"": 9.6, ""tp_mult_sm"": 4.0, ""tp_mult_sr"": 5.5, ""trail_mult"": 2.2, ""trail_tp"": false, ""use_trailing"": false}",{},
81,-1000000000.0,TrialState.COMPLETE,2026-04-01T02:12:06.841654,2026-04-01T02:12:06.858297,0.016643,"{""atr_window"": 13, ""bb_std_dev"": 1.65, ""bb_window"": 22, ""cooldown"": 3, ""macd_fast"": 10, ""macd_k"": 1.6, ""macd_k_mid"": 0.6, ""macd_signal"": 8, ""macd_slow"": 36, ""macd_std_window"": 73, ""rebalance_freq"": 90, ""rebounce_block"": 4, ""sl_mult_lm"": 1.9500000000000002, ""sl_mult_lr"": 2.0, ""sl_mult_sm"": 1.8, ""sl_mult_sr"": 2.2, ""time_stop"": 26, ""tp_mult_lm"": 5.4, ""tp_mult_lr"": 13.600000000000001, ""tp_mult_sm"": 6.2, ""tp_mult_sr"": 4.8, ""trail_mult"": 2.7, ""trail_tp"": true, ""use_trailing"": false}",{},
82,-1000000000.0,TrialState.COMPLETE,2026-04-01T02:12:06.882210,2026-04-01T02:12:06.896496,0.014286,"{""atr_window"": 13, ""bb_std_dev"": 1.5999999999999999, ""bb_window"": 22, ""cooldown"": 3, ""macd_fast"": 10, ""macd_k"": 1.65, ""macd_k_mid"": 0.6, ""macd_signal"": 8, ""macd_slow"": 36, ""macd_std_window"": 94, ""rebalance_freq"": 120, ""rebounce_block"": 5, ""sl_mult_lm"": 1.8, ""sl_mult_lr"": 2.2, ""sl_mult_sm"": 1.6, ""sl_mult_sr"": 2.0, ""time_stop"": 24, ""tp_mult_lm"": 5.5, ""tp_mult_lr"": 12.2, ""tp_mult_sm"": 6.5, ""tp_mult_sr"": 3.8, ""trail_mult"": 2.3, ""trail_tp"": true, ""use_trailing"": false}",{},
83,-1000000000.0,TrialState.COMPLETE,2026-04-01T02:12:06.921154,2026-04-01T02:12:09.387221,2.466067,"{""atr_window"": 14, ""bb_std_dev"": 1.7, ""bb_window"": 20, ""cooldown"": 3, ""macd_fast"": 14, ""macd_k"": 1.7000000000000002, ""macd_k_mid"": 0.55, ""macd_signal"": 8, ""macd_slow"": 35, ""macd_std_window"": 93, ""rebalance_freq"": 30, ""rebounce_block"": 4, ""sl_mult_lm"": 1.65, ""sl_mult_lr"": 2.4, ""sl_mult_sm"": 1.75, ""sl_mult_sr"": 3.2, ""time_stop"": 22, ""tp_mult_lm"": 5.4, ""tp_mult_lr"": 13.0, ""tp_mult_sm"": 6.800000000000001, ""tp_mult_sr"": 4.4, ""trail_mult"": 2.5, ""trail_tp"": true, ""use_trailing"": false}",{},
84,-1000000000.0,TrialState.COMPLETE,2026-04-01T02:12:09.424145,2026-04-01T02:12:09.440624,0.016479,"{""atr_window"": 12, ""bb_std_dev"": 1.7999999999999998, ""bb_window"": 21, ""cooldown"": 4, ""macd_fast"": 11, ""macd_k"": 1.55, ""macd_k_mid"": 0.6, ""macd_signal"": 9, ""macd_slow"": 41, ""macd_std_window"": 85, ""rebalance_freq"": 60, ""rebounce_block"": 6, ""sl_mult_lm"": 1.85, ""sl_mult_lr"": 2.3, ""sl_mult_sm"": 1.65, ""sl_mult_sr"": 2.9000000000000004, ""time_stop"": 20, ""tp_mult_lm"": 5.6, ""tp_mult_lr"": 15.4, ""tp_mult_sm"": 6.7, ""tp_mult_sr"": 5.0, ""trail_mult"": 2.4, ""trail_tp"": true, ""use_trailing"": false}",{},
85,-1000000000.0,TrialState.COMPLETE,2026-04-01T02:12:09.470134,2026-04-01T02:12:11.991235,2.521101,"{""atr_window"": 16, ""bb_std_dev"": 1.5499999999999998, ""bb_window"": 15, ""cooldown"": 3, ""macd_fast"": 14, ""macd_k"": 1.65, ""macd_k_mid"": 0.55, ""macd_signal"": 8, ""macd_slow"": 36, ""macd_std_window"": 89, ""rebalance_freq"": 120, ""rebounce_block"": 5, ""sl_mult_lm"": 2.1500000000000004, ""sl_mult_lr"": 2.6, ""sl_mult_sm"": 1.7000000000000002, ""sl_mult_sr"": 1.8, ""time_stop"": 24, ""tp_mult_lm"": 5.2, ""tp_mult_lr"": 10.8, ""tp_mult_sm"": 7.0, ""tp_mult_sr"": 5.300000000000001, ""trail_mult"": 2.8, ""trail_tp"": true, ""use_trailing"": true}",{},
86,-1000000000.0,TrialState.COMPLETE,2026-04-01T02:12:12.022251,2026-04-01T02:12:12.039074,0.016823,"{""atr_window"": 14, ""bb_std_dev"": 1.8499999999999999, ""bb_window"": 24, ""cooldown"": 5, ""macd_fast"": 13, ""macd_k"": 1.55, ""macd_k_mid"": 0.5, ""macd_signal"": 7, ""macd_slow"": 38, ""macd_std_window"": 90, ""rebalance_freq"": 90, ""rebounce_block"": 3, ""sl_mult_lm"": 1.9, ""sl_mult_lr"": 2.1, ""sl_mult_sm"": 1.9, ""sl_mult_sr"": 1.5, ""time_stop"": 29, ""tp_mult_lm"": 5.9, ""tp_mult_lr"": 10.0, ""tp_mult_sm"": 5.5, ""tp_mult_sr"": 4.0, ""trail_mult"": 2.6, ""trail_tp"": true, ""use_trailing"": true}",{},
87,-1000000000.0,TrialState.COMPLETE,2026-04-01T02:12:12.079264,2026-04-01T02:12:14.570232,2.490968,"{""atr_window"": 13, ""bb_std_dev"": 2.3, ""bb_window"": 17, ""cooldown"": 2, ""macd_fast"": 15, ""macd_k"": 1.75, ""macd_k_mid"": 0.8, ""macd_signal"": 9, ""macd_slow"": 37, ""macd_std_window"": 98, ""rebalance_freq"": 150, ""rebounce_block"": 6, ""sl_mult_lm"": 2.2, ""sl_mult_lr"": 4.4, ""sl_mult_sm"": 1.85, ""sl_mult_sr"": 2.4, ""time_stop"": 27, ""tp_mult_lm"": 5.7, ""tp_mult_lr"": 10.4, ""tp_mult_sm"": 6.0, ""tp_mult_sr"": 3.4, ""trail_mult"": 2.9000000000000004, ""trail_tp"": false, ""use_trailing"": false}",{},
88,-1000000000.0,TrialState.COMPLETE,2026-04-01T02:12:14.600341,2026-04-01T02:12:14.617704,0.017363,"{""atr_window"": 17, ""bb_std_dev"": 1.75, ""bb_window"": 20, ""cooldown"": 0, ""macd_fast"": 10, ""macd_k"": 1.45, ""macd_k_mid"": 0.65, ""macd_signal"": 8, ""macd_slow"": 44, ""macd_std_window"": 99, ""rebalance_freq"": 30, ""rebounce_block"": 4, ""sl_mult_lm"": 2.05, ""sl_mult_lr"": 4.1, ""sl_mult_sm"": 1.0, ""sl_mult_sr"": 3.5, ""time_stop"": 15, ""tp_mult_lm"": 5.1, ""tp_mult_lr"": 11.2, ""tp_mult_sm"": 6.6, ""tp_mult_sr"": 3.0, ""trail_mult"": 2.0, ""trail_tp"": false, ""use_trailing"": true}",{},
89,-1000000000.0,TrialState.COMPLETE,2026-04-01T02:12:14.650177,2026-04-01T02:12:14.671295,0.021118,"{""atr_window"": 10, ""bb_std_dev"": 2.2, ""bb_window"": 19, ""cooldown"": 2, ""macd_fast"": 13, ""macd_k"": 1.8, ""macd_k_mid"": 0.5, ""macd_signal"": 6, ""macd_slow"": 36, ""macd_std_window"": 91, ""rebalance_freq"": 120, ""rebounce_block"": 5, ""sl_mult_lm"": 1.0, ""sl_mult_lr"": 3.0, ""sl_mult_sm"": 1.55, ""sl_mult_sr"": 1.9, ""time_stop"": 22, ""tp_mult_lm"": 6.0, ""tp_mult_lr"": 11.8, ""tp_mult_sm"": 5.1, ""tp_mult_sr"": 5.9, ""trail_mult"": 1.9, ""trail_tp"": true, ""use_trailing"": true}",{},
90,-1000000000.0,TrialState.COMPLETE,2026-04-01T02:12:14.704910,2026-04-01T02:12:17.225794,2.520884,"{""atr_window"": 11, ""bb_std_dev"": 1.65, ""bb_window"": 23, ""cooldown"": 3, ""macd_fast"": 20, ""macd_k"": 1.35, ""macd_k_mid"": 0.6, ""macd_signal"": 10, ""macd_slow"": 39, ""macd_std_window"": 87, ""rebalance_freq"": 150, ""rebounce_block"": 2, ""sl_mult_lm"": 1.55, ""sl_mult_lr"": 2.5, ""sl_mult_sm"": 1.1, ""sl_mult_sr"": 3.3, ""time_stop"": 2, ""tp_mult_lm"": 5.5, ""tp_mult_lr"": 12.4, ""tp_mult_sm"": 3.8, ""tp_mult_sr"": 3.7, ""trail_mult"": 2.3, ""trail_tp"": false, ""use_trailing"": false}",{},
91,-1000000000.0,TrialState.COMPLETE,2026-04-01T02:12:17.252699,2026-04-01T02:12:17.283964,0.031265,"{""atr_window"": 20, ""bb_std_dev"": 2.45, ""bb_window"": 25, ""cooldown"": 4, ""macd_fast"": 12, ""macd_k"": 1.6, ""macd_k_mid"": 0.55, ""macd_signal"": 6, ""macd_slow"": 42, ""macd_std_window"": 72, ""rebalance_freq"": 30, ""rebounce_block"": 3, ""sl_mult_lm"": 1.05, ""sl_mult_lr"": 4.9, ""sl_mult_sm"": 1.4, ""sl_mult_sr"": 2.2, ""time_stop"": 29, ""tp_mult_lm"": 4.1, ""tp_mult_lr"": 16.0, ""tp_mult_sm"": 6.9, ""tp_mult_sr"": 6.300000000000001, ""trail_mult"": 2.3, ""trail_tp"": false, ""use_trailing"": false}",{},
92,-1000000000.0,TrialState.COMPLETE,2026-04-01T02:12:17.329316,2026-04-01T02:12:17.347206,0.01789,"{""atr_window"": 20, ""bb_std_dev"": 2.5, ""bb_window"": 24, ""cooldown"": 4, ""macd_fast"": 12, ""macd_k"": 1.65, ""macd_k_mid"": 0.55, ""macd_signal"": 6, ""macd_slow"": 43, ""macd_std_window"": 71, ""rebalance_freq"": 30, ""rebounce_block"": 3, ""sl_mult_lm"": 1.1, ""sl_mult_lr"": 4.7, ""sl_mult_sm"": 1.65, ""sl_mult_sr"": 2.1, ""time_stop"": 28, ""tp_mult_lm"": 4.5, ""tp_mult_lr"": 13.0, ""tp_mult_sm"": 6.300000000000001, ""tp_mult_sr"": 6.1, ""trail_mult"": 3.6, ""trail_tp"": false, ""use_trailing"": false}",{},
93,-1000000000.0,TrialState.COMPLETE,2026-04-01T02:12:17.374543,2026-04-01T02:12:17.391743,0.0172,"{""atr_window"": 19, ""bb_std_dev"": 2.4, ""bb_window"": 18, ""cooldown"": 5, ""macd_fast"": 11, ""macd_k"": 1.15, ""macd_k_mid"": 0.55, ""macd_signal"": 5, ""macd_slow"": 42, ""macd_std_window"": 74, ""rebalance_freq"": 30, ""rebounce_block"": 3, ""sl_mult_lm"": 1.15, ""sl_mult_lr"": 4.9, ""sl_mult_sm"": 1.5, ""sl_mult_sr"": 2.3, ""time_stop"": 27, ""tp_mult_lm"": 4.4, ""tp_mult_lr"": 16.8, ""tp_mult_sm"": 6.6, ""tp_mult_sr"": 6.4, ""trail_mult"": 2.1, ""trail_tp"": false, ""use_trailing"": false}",{},
94,-1000000000.0,TrialState.COMPLETE,2026-04-01T02:12:17.421173,2026-04-01T02:12:17.437358,0.016185,"{""atr_window"": 20, ""bb_std_dev"": 2.35, ""bb_window"": 24, ""cooldown"": 4, ""macd_fast"": 13, ""macd_k"": 1.7000000000000002, ""macd_k_mid"": 0.5, ""macd_signal"": 6, ""macd_slow"": 41, ""macd_std_window"": 71, ""rebalance_freq"": 30, ""rebounce_block"": 2, ""sl_mult_lm"": 1.0, ""sl_mult_lr"": 4.800000000000001, ""sl_mult_sm"": 1.3, ""sl_mult_sr"": 2.0, ""time_stop"": 25, ""tp_mult_lm"": 4.1, ""tp_mult_lr"": 13.4, ""tp_mult_sm"": 3.4, ""tp_mult_sr"": 3.2, ""trail_mult"": 2.1, ""trail_tp"": false, ""use_trailing"": false}",{},
95,-1000000000.0,TrialState.COMPLETE,2026-04-01T02:12:17.466086,2026-04-01T02:12:17.482518,0.016432,"{""atr_window"": 19, ""bb_std_dev"": 2.45, ""bb_window"": 14, ""cooldown"": 3, ""macd_fast"": 17, ""macd_k"": 1.05, ""macd_k_mid"": 0.75, ""macd_signal"": 7, ""macd_slow"": 43, ""macd_std_window"": 96, ""rebalance_freq"": 60, ""rebounce_block"": 3, ""sl_mult_lm"": 1.75, ""sl_mult_lr"": 4.6, ""sl_mult_sm"": 1.35, ""sl_mult_sr"": 1.7, ""time_stop"": 8, ""tp_mult_lm"": 5.3, ""tp_mult_lr"": 15.2, ""tp_mult_sm"": 6.4, ""tp_mult_sr"": 6.7, ""trail_mult"": 2.4, ""trail_tp"": true, ""use_trailing"": true}",{},
96,-1000000000.0,TrialState.COMPLETE,2026-04-01T02:12:17.510177,2026-04-01T02:12:17.526477,0.0163,"{""atr_window"": 15, ""bb_std_dev"": 2.5, ""bb_window"": 20, ""cooldown"": 5, ""macd_fast"": 12, ""macd_k"": 1.25, ""macd_k_mid"": 0.6, ""macd_signal"": 5, ""macd_slow"": 35, ""macd_std_window"": 70, ""rebalance_freq"": 30, ""rebounce_block"": 6, ""sl_mult_lm"": 1.05, ""sl_mult_lr"": 3.9000000000000004, ""sl_mult_sm"": 1.45, ""sl_mult_sr"": 2.6, ""time_stop"": 1, ""tp_mult_lm"": 4.3, ""tp_mult_lr"": 9.4, ""tp_mult_sm"": 3.6, ""tp_mult_sr"": 4.9, ""trail_mult"": 2.2, ""trail_tp"": false, ""use_trailing"": true}",{},
97,-1000000000.0,TrialState.COMPLETE,2026-04-01T02:12:17.555003,2026-04-01T02:12:17.571102,0.016099,"{""atr_window"": 18, ""bb_std_dev"": 2.4, ""bb_window"": 25, ""cooldown"": 2, ""macd_fast"": 16, ""macd_k"": 1.9500000000000002, ""macd_k_mid"": 0.55, ""macd_signal"": 8, ""macd_slow"": 43, ""macd_std_window"": 92, ""rebalance_freq"": 180, ""rebounce_block"": 0, ""sl_mult_lm"": 1.2, ""sl_mult_lr"": 4.2, ""sl_mult_sm"": 1.75, ""sl_mult_sr"": 2.1, ""time_stop"": 17, ""tp_mult_lm"": 5.4, ""tp_mult_lr"": 14.0, ""tp_mult_sm"": 6.800000000000001, ""tp_mult_sr"": 6.800000000000001, ""trail_mult"": 2.5, ""trail_tp"": true, ""use_trailing"": false}",{},
98,-1000000000.0,TrialState.COMPLETE,2026-04-01T02:12:17.601165,2026-04-01T02:12:17.616981,0.015816,"{""atr_window"": 20, ""bb_std_dev"": 1.45, ""bb_window"": 16, ""cooldown"": 3, ""macd_fast"": 13, ""macd_k"": 1.3, ""macd_k_mid"": 0.65, ""macd_signal"": 6, ""macd_slow"": 44, ""macd_std_window"": 93, ""rebalance_freq"": 120, ""rebounce_block"": 4, ""sl_mult_lm"": 1.45, ""sl_mult_lr"": 5.0, ""sl_mult_sm"": 1.4, ""sl_mult_sr"": 1.6, ""time_stop"": 13, ""tp_mult_lm"": 3.9, ""tp_mult_lr"": 14.8, ""tp_mult_sm"": 7.0, ""tp_mult_sr"": 6.5, ""trail_mult"": 1.8, ""trail_tp"": false, ""use_trailing"": true}",{},
99,-1000000000.0,TrialState.COMPLETE,2026-04-01T02:12:17.647732,2026-04-01T02:12:17.664681,0.016949,"{""atr_window"": 16, ""bb_std_dev"": 1.5, ""bb_window"": 19, ""cooldown"": 1, ""macd_fast"": 15, ""macd_k"": 1.75, ""macd_k_mid"": 0.6, ""macd_signal"": 7, ""macd_slow"": 42, ""macd_std_window"": 83, ""rebalance_freq"": 30, ""rebounce_block"": 4, ""sl_mult_lm"": 2.0, ""sl_mult_lr"": 3.4000000000000004, ""sl_mult_sm"": 1.5, ""sl_mult_sr"": 2.5, ""time_stop"": 30, ""tp_mult_lm"": 4.7, ""tp_mult_lr"": 12.8, ""tp_mult_sm"": 4.2, ""tp_mult_sr"": 4.2, ""trail_mult"": 3.3, ""trail_tp"": false, ""use_trailing"": false}",{},
100,-1000000000.0,TrialState.COMPLETE,2026-04-01T02:12:17.705953,2026-04-01T02:12:20.177458,2.471505,"{""atr_window"": 14, ""bb_std_dev"": 1.95, ""bb_window"": 15, ""cooldown"": 0, ""macd_fast"": 19, ""macd_k"": 1.6, ""macd_k_mid"": 0.5, ""macd_signal"": 8, ""macd_slow"": 41, ""macd_std_window"": 88, ""rebalance_freq"": 60, ""rebounce_block"": 2, ""sl_mult_lm"": 1.6, ""sl_mult_lr"": 2.5, ""sl_mult_sm"": 1.9500000000000002, ""sl_mult_sr"": 2.3, ""time_stop"": 16, ""tp_mult_lm"": 5.800000000000001, ""tp_mult_lr"": 10.8, ""tp_mult_sm"": 3.9, ""tp_mult_sr"": 5.4, ""trail_mult"": 1.7, ""trail_tp"": true, ""use_trailing"": true}",{},
101,-1000000000.0,TrialState.COMPLETE,2026-04-01T02:12:20.207859,2026-04-01T02:12:20.225398,0.017539,"{""atr_window"": 17, ""bb_std_dev"": 2.1, ""bb_window"": 17, ""cooldown"": 2, ""macd_fast"": 16, ""macd_k"": 1.0, ""macd_k_mid"": 0.95, ""macd_signal"": 10, ""macd_slow"": 40, ""macd_std_window"": 79, ""rebalance_freq"": 120, ""rebounce_block"": 2, ""sl_mult_lm"": 1.1, ""sl_mult_lr"": 2.8, ""sl_mult_sm"": 2.0, ""sl_mult_sr"": 2.2, ""time_stop"": 5, ""tp_mult_lm"": 3.5, ""tp_mult_lr"": 8.6, ""tp_mult_sm"": 5.6, ""tp_mult_sr"": 3.9, ""trail_mult"": 3.7, ""trail_tp"": true, ""use_trailing"": true}",{},
102,-1000000000.0,TrialState.COMPLETE,2026-04-01T02:12:20.252885,2026-04-01T02:12:22.765590,2.512705,"{""atr_window"": 19, ""bb_std_dev"": 2.3, ""bb_window"": 18, ""cooldown"": 2, ""macd_fast"": 17, ""macd_k"": 1.0, ""macd_k_mid"": 0.95, ""macd_signal"": 10, ""macd_slow"": 39, ""macd_std_window"": 82, ""rebalance_freq"": 180, ""rebounce_block"": 2, ""sl_mult_lm"": 1.0, ""sl_mult_lr"": 3.2, ""sl_mult_sm"": 1.15, ""sl_mult_sr"": 2.0, ""time_stop"": 10, ""tp_mult_lm"": 4.6, ""tp_mult_lr"": 8.0, ""tp_mult_sm"": 5.9, ""tp_mult_sr"": 3.5, ""trail_mult"": 2.4, ""trail_tp"": true, ""use_trailing"": true}",{},
103,-1000000000.0,TrialState.COMPLETE,2026-04-01T02:12:22.790685,2026-04-01T02:12:22.806116,0.015431,"{""atr_window"": 16, ""bb_std_dev"": 2.25, ""bb_window"": 17, ""cooldown"": 2, ""macd_fast"": 16, ""macd_k"": 1.05, ""macd_k_mid"": 0.95, ""macd_signal"": 10, ""macd_slow"": 40, ""macd_std_window"": 77, ""rebalance_freq"": 180, ""rebounce_block"": 1, ""sl_mult_lm"": 1.0, ""sl_mult_lr"": 3.1, ""sl_mult_sm"": 1.8, ""sl_mult_sr"": 2.8, ""time_stop"": 3, ""tp_mult_lm"": 4.8, ""tp_mult_lr"": 16.6, ""tp_mult_sm"": 5.4, ""tp_mult_sr"": 4.6, ""trail_mult"": 3.8000000000000003, ""trail_tp"": true, ""use_trailing"": true}",{},
