number,value,state,datetime_start,datetime_complete,duration_seconds,params_json,fold_sharpes_json,avg_cv_sharpe
277,-1000000000.0,TrialState.COMPLETE,2026-04-01T02:14:13.725063,2026-04-01T02:14:13.754996,0.029933,"{""atr_window"": 19, ""bb_std_dev"": 2.35, ""bb_window"": 14, ""cooldown"": 2, ""macd_fast"": 14, ""macd_k"": 1.6, ""macd_k_mid"": 0.6, ""macd_signal"": 7, ""macd_slow"": 43, ""macd_std_window"": 91, ""rebalance_freq"": 120, ""rebounce_block"": 4, ""sl_mult_lm"": 1.1, ""sl_mult_lr"": 2.9, ""sl_mult_sm"": 1.65, ""sl_mult_sr"": 1.6, ""time_stop"": 28, ""tp_mult_lm"": 4.9, ""tp_mult_lr"": 12.4, ""tp_mult_sm"": 3.5, ""tp_mult_sr"": 4.3, ""trail_mult"": 1.6, ""trail_tp"": true, ""use_trailing"": true}",{},
278,-1000000000.0,TrialState.COMPLETE,2026-04-01T02:14:13.786447,2026-04-01T02:14:16.336291,2.549844,"{""atr_window"": 14, ""bb_std_dev"": 2.5, ""bb_window"": 14, ""cooldown"": 0, ""macd_fast"": 19, ""macd_k"": 1.45, ""macd_k_mid"": 0.95, ""macd_signal"": 10, ""macd_slow"": 39, ""macd_std_window"": 100, ""rebalance_freq"": 180, ""rebounce_block"": 3, ""sl_mult_lm"": 1.2, ""sl_mult_lr"": 2.5, ""sl_mult_sm"": 1.7000000000000002, ""sl_mult_sr"": 2.0, ""time_stop"": 13, ""tp_mult_lm"": 4.7, ""tp_mult_lr"": 12.2, ""tp_mult_sm"": 6.9, ""tp_mult_sr"": 6.0, ""trail_mult"": 2.2, ""trail_tp"": false, ""use_trailing"": true}",{},
279,-1000000000.0,TrialState.COMPLETE,2026-04-01T02:14:16.363910,2026-04-01T02:14:16.391457,0.027547,"{""atr_window"": 20, ""bb_std_dev"": 2.25, ""bb_window"": 15, ""cooldown"": 4, ""macd_fast"": 16, ""macd_k"": 1.0, ""macd_k_mid"": 0.55, ""macd_signal"": 8, ""macd_slow"": 38, ""macd_std_window"": 82, ""rebalance_freq"": 120, ""rebounce_block"": 2, ""sl_mult_lm"": 2.0, ""sl_mult_lr"": 2.3, ""sl_mult_sm"": 1.5, ""sl_mult_sr"": 3.4000000000000004, ""time_stop"": 12, ""tp_mult_lm"": 4.1, ""tp_mult_lr"": 15.2, ""tp_mult_sm"": 5.4, ""tp_mult_sr"": 3.3, ""trail_mult"": 3.3, ""trail_tp"": true, ""use_trailing"": false}",{},
280,-1000000000.0,TrialState.COMPLETE,2026-04-01T02:14:16.420281,2026-04-01T02:14:16.444554,0.024273,"{""atr_window"": 12, ""bb_std_dev"": 1.5, ""bb_window"": 18, ""cooldown"": 1, ""macd_fast"": 13, ""macd_k"": 1.25, ""macd_k_mid"": 0.5, ""macd_signal"": 7, ""macd_slow"": 44, ""macd_std_window"": 98, ""rebalance_freq"": 90, ""rebounce_block"": 5, ""sl_mult_lm"": 1.5, ""sl_mult_lr"": 4.0, ""sl_mult_sm"": 1.9500000000000002, ""sl_mult_sr"": 1.9, ""time_stop"": 1, ""tp_mult_lm"": 5.0, ""tp_mult_lr"": 13.4, ""tp_mult_sm"": 3.3, ""tp_mult_sr"": 4.1, ""trail_mult"": 3.8000000000000003, ""trail_tp"": false, ""use_trailing"": true}",{},
281,-1000000000.0,TrialState.COMPLETE,2026-04-01T02:14:16.482288,2026-04-01T02:14:16.509338,0.02705,"{""atr_window"": 13, ""bb_std_dev"": 1.7999999999999998, ""bb_window"": 14, ""cooldown"": 2, ""macd_fast"": 15, ""macd_k"": 1.75, ""macd_k_mid"": 0.7, ""macd_signal"": 9, ""macd_slow"": 43, ""macd_std_window"": 87, ""rebalance_freq"": 150, ""rebounce_block"": 6, ""sl_mult_lm"": 2.1500000000000004, ""sl_mult_lr"": 3.6, ""sl_mult_sm"": 1.15, ""sl_mult_sr"": 3.1, ""time_stop"": 20, ""tp_mult_lm"": 3.5, ""tp_mult_lr"": 14.8, ""tp_mult_sm"": 3.0, ""tp_mult_sr"": 5.800000000000001, ""trail_mult"": 2.3, ""trail_tp"": true, ""use_trailing"": true}",{},
282,-1000000000.0,TrialState.COMPLETE,2026-04-01T02:14:16.540672,2026-04-01T02:14:20.036799,3.496127,"{""atr_window"": 16, ""bb_std_dev"": 2.2, ""bb_window"": 24, ""cooldown"": 2, ""macd_fast"": 17, ""macd_k"": 1.4, ""macd_k_mid"": 0.65, ""macd_signal"": 7, ""macd_slow"": 36, ""macd_std_window"": 71, ""rebalance_freq"": 30, ""rebounce_block"": 0, ""sl_mult_lm"": 1.75, ""sl_mult_lr"": 4.7, ""sl_mult_sm"": 1.6, ""sl_mult_sr"": 2.1, ""time_stop"": 16, ""tp_mult_lm"": 5.6, ""tp_mult_lr"": 17.0, ""tp_mult_sm"": 4.1, ""tp_mult_sr"": 3.6, ""trail_mult"": 1.5, ""trail_tp"": false, ""use_trailing"": true}",{},
283,-1000000000.0,TrialState.COMPLETE,2026-04-01T02:14:20.067974,2026-04-01T02:14:20.092667,0.024693,"{""atr_window"": 11, ""bb_std_dev"": 2.0, ""bb_window"": 17, ""cooldown"": 3, ""macd_fast"": 12, ""macd_k"": 1.8, ""macd_k_mid"": 0.9, ""macd_signal"": 10, ""macd_slow"": 41, ""macd_std_window"": 85, ""rebalance_freq"": 180, ""rebounce_block"": 5, ""sl_mult_lm"": 2.1, ""sl_mult_lr"": 2.4, ""sl_mult_sm"": 1.85, ""sl_mult_sr"": 2.7, ""time_stop"": 10, ""tp_mult_lm"": 5.1, ""tp_mult_lr"": 8.6, ""tp_mult_sm"": 3.7, ""tp_mult_sr"": 6.800000000000001, ""trail_mult"": 4.0, ""trail_tp"": true, ""use_trailing"": false}",{},
284,-1000000000.0,TrialState.COMPLETE,2026-04-01T02:14:20.125291,2026-04-01T02:14:22.599083,2.473792,"{""atr_window"": 15, ""bb_std_dev"": 2.15, ""bb_window"": 23, ""cooldown"": 0, ""macd_fast"": 14, ""macd_k"": 1.2, ""macd_k_mid"": 0.55, ""macd_signal"": 8, ""macd_slow"": 35, ""macd_std_window"": 76, ""rebalance_freq"": 180, ""rebounce_block"": 2, ""sl_mult_lm"": 1.9, ""sl_mult_lr"": 2.1, ""sl_mult_sm"": 1.3, ""sl_mult_sr"": 1.6, ""time_stop"": 9, ""tp_mult_lm"": 5.800000000000001, ""tp_mult_lr"": 11.4, ""tp_mult_sm"": 3.2, ""tp_mult_sr"": 4.8, ""trail_mult"": 1.9, ""trail_tp"": false, ""use_trailing"": true}",{},
285,-1000000000.0,TrialState.COMPLETE,2026-04-01T02:14:22.627929,2026-04-01T02:14:22.650878,0.022949,"{""atr_window"": 14, ""bb_std_dev"": 2.1, ""bb_window"": 17, ""cooldown"": 5, ""macd_fast"": 11, ""macd_k"": 1.05, ""macd_k_mid"": 0.6, ""macd_signal"": 9, ""macd_slow"": 37, ""macd_std_window"": 90, ""rebalance_freq"": 60, ""rebounce_block"": 4, ""sl_mult_lm"": 1.15, ""sl_mult_lr"": 2.6, ""sl_mult_sm"": 1.4, ""sl_mult_sr"": 2.2, ""time_stop"": 6, ""tp_mult_lm"": 4.0, ""tp_mult_lr"": 10.0, ""tp_mult_sm"": 3.6, ""tp_mult_sr"": 3.9, ""trail_mult"": 1.8, ""trail_tp"": true, ""use_trailing"": true}",{},
286,-1000000000.0,TrialState.COMPLETE,2026-04-01T02:14:22.679229,2026-04-01T02:14:25.138779,2.45955,"{""atr_window"": 16, ""bb_std_dev"": 1.5999999999999999, ""bb_window"": 14, ""cooldown"": 4, ""macd_fast"": 20, ""macd_k"": 1.65, ""macd_k_mid"": 0.6, ""macd_signal"": 8, ""macd_slow"": 42, ""macd_std_window"": 78, ""rebalance_freq"": 120, ""rebounce_block"": 3, ""sl_mult_lm"": 1.25, ""sl_mult_lr"": 2.5, ""sl_mult_sm"": 1.55, ""sl_mult_sr"": 1.5, ""time_stop"": 4, ""tp_mult_lm"": 4.2, ""tp_mult_lr"": 12.0, ""tp_mult_sm"": 5.7, ""tp_mult_sr"": 3.7, ""trail_mult"": 2.1, ""trail_tp"": false, ""use_trailing"": true}",{},
287,-1000000000.0,TrialState.COMPLETE,2026-04-01T02:14:25.167724,2026-04-01T02:14:25.191119,0.023395,"{""atr_window"": 19, ""bb_std_dev"": 2.4, ""bb_window"": 16, ""cooldown"": 1, ""macd_fast"": 10, ""macd_k"": 1.1, ""macd_k_mid"": 0.55, ""macd_signal"": 7, ""macd_slow"": 40, ""macd_std_window"": 99, ""rebalance_freq"": 90, ""rebounce_block"": 5, ""sl_mult_lm"": 1.55, ""sl_mult_lr"": 4.1, ""sl_mult_sm"": 2.0, ""sl_mult_sr"": 2.6, ""time_stop"": 0, ""tp_mult_lm"": 5.2, ""tp_mult_lr"": 15.8, ""tp_mult_sm"": 3.8, ""tp_mult_sr"": 6.1, ""trail_mult"": 3.2, ""trail_tp"": true, ""use_trailing"": false}",{},
288,-1000000000.0,TrialState.COMPLETE,2026-04-01T02:14:25.235526,2026-04-01T02:14:25.259812,0.024286,"{""atr_window"": 20, ""bb_std_dev"": 1.75, ""bb_window"": 20, ""cooldown"": 3, ""macd_fast"": 11, ""macd_k"": 1.9500000000000002, ""macd_k_mid"": 0.75, ""macd_signal"": 9, ""macd_slow"": 43, ""macd_std_window"": 96, ""rebalance_freq"": 30, ""rebounce_block"": 6, ""sl_mult_lm"": 1.35, ""sl_mult_lr"": 3.9000000000000004, ""sl_mult_sm"": 1.9, ""sl_mult_sr"": 2.5, ""time_stop"": 15, ""tp_mult_lm"": 5.5, ""tp_mult_lr"": 10.2, ""tp_mult_sm"": 5.5, ""tp_mult_sr"": 3.1, ""trail_mult"": 3.5, ""trail_tp"": false, ""use_trailing"": true}",{},
289,-1000000000.0,TrialState.COMPLETE,2026-04-01T02:14:25.291983,2026-04-01T02:14:25.316622,0.024639,"{""atr_window"": 18, ""bb_std_dev"": 2.3, ""bb_window"": 14, ""cooldown"": 1, ""macd_fast"": 18, ""macd_k"": 1.15, ""macd_k_mid"": 0.7, ""macd_signal"": 6, ""macd_slow"": 44, ""macd_std_window"": 94, ""rebalance_freq"": 150, ""rebounce_block"": 6, ""sl_mult_lm"": 1.3, ""sl_mult_lr"": 2.0, ""sl_mult_sm"": 1.2, ""sl_mult_sr"": 2.3, ""time_stop"": 27, ""tp_mult_lm"": 5.4, ""tp_mult_lr"": 13.2, ""tp_mult_sm"": 4.2, ""tp_mult_sr"": 6.4, ""trail_mult"": 1.7, ""trail_tp"": true, ""use_trailing"": true}",{},
290,-1000000000.0,TrialState.COMPLETE,2026-04-01T02:14:25.347505,2026-04-01T02:14:25.370370,0.022865,"{""atr_window"": 17, ""bb_std_dev"": 2.45, ""bb_window"": 21, ""cooldown"": 0, ""macd_fast"": 12, ""macd_k"": 1.85, ""macd_k_mid"": 0.5, ""macd_signal"": 8, ""macd_slow"": 41, ""macd_std_window"": 70, ""rebalance_freq"": 150, ""rebounce_block"": 5, ""sl_mult_lm"": 1.0, ""sl_mult_lr"": 3.7, ""sl_mult_sm"": 1.8, ""sl_mult_sr"": 1.7, ""time_stop"": 19, ""tp_mult_lm"": 4.6, ""tp_mult_lr"": 8.2, ""tp_mult_sm"": 6.0, ""tp_mult_sr"": 5.0, ""trail_mult"": 3.8000000000000003, ""trail_tp"": false, ""use_trailing"": false}",{},
291,-1000000000.0,TrialState.COMPLETE,2026-04-01T02:14:25.400694,2026-04-01T02:14:28.405760,3.005066,"{""atr_window"": 15, ""bb_std_dev"": 2.35, ""bb_window"": 15, ""cooldown"": 2, ""macd_fast"": 19, ""macd_k"": 1.9, ""macd_k_mid"": 1.0, ""macd_signal"": 9, ""macd_slow"": 39, ""macd_std_window"": 72, ""rebalance_freq"": 60, ""rebounce_block"": 2, ""sl_mult_lm"": 1.9500000000000002, ""sl_mult_lr"": 2.3, ""sl_mult_sm"": 1.65, ""sl_mult_sr"": 1.8, ""time_stop"": 22, ""tp_mult_lm"": 4.3, ""tp_mult_lr"": 9.8, ""tp_mult_sm"": 6.5, ""tp_mult_sr"": 5.7, ""trail_mult"": 2.9000000000000004, ""trail_tp"": true, ""use_trailing"": true}",{},
292,-1000000000.0,TrialState.COMPLETE,2026-04-01T02:14:28.639142,2026-04-01T02:14:28.693641,0.054499,"{""atr_window"": 16, ""bb_std_dev"": 2.5, ""bb_window"": 22, ""cooldown"": 3, ""macd_fast"": 15, ""macd_k"": 1.3, ""macd_k_mid"": 0.65, ""macd_signal"": 5, ""macd_slow"": 40, ""macd_std_window"": 84, ""rebalance_freq"": 150, ""rebounce_block"": 1, ""sl_mult_lm"": 1.4, ""sl_mult_lr"": 2.9, ""sl_mult_sm"": 1.25, ""sl_mult_sr"": 2.4, ""time_stop"": 8, ""tp_mult_lm"": 4.5, ""tp_mult_lr"": 14.0, ""tp_mult_sm"": 6.7, ""tp_mult_sr"": 5.4, ""trail_mult"": 2.7, ""trail_tp"": false, ""use_trailing"": true}",{},
293,-1000000000.0,TrialState.COMPLETE,2026-04-01T02:14:28.747854,2026-04-01T02:14:28.782948,0.035094,"{""atr_window"": 13, ""bb_std_dev"": 2.2, ""bb_window"": 25, ""cooldown"": 5, ""macd_fast"": 16, ""macd_k"": 1.55, ""macd_k_mid"": 0.8500000000000001, ""macd_signal"": 10, ""macd_slow"": 44, ""macd_std_window"": 83, ""rebalance_freq"": 180, ""rebounce_block"": 3, ""sl_mult_lm"": 1.85, ""sl_mult_lr"": 2.4, ""sl_mult_sm"": 1.75, ""sl_mult_sr"": 1.6, ""time_stop"": 14, ""tp_mult_lm"": 3.6, ""tp_mult_lr"": 9.0, ""tp_mult_sm"": 6.1, ""tp_mult_sr"": 4.4, ""trail_mult"": 3.0, ""trail_tp"": true, ""use_trailing"": true}",{},
294,-1000000000.0,TrialState.COMPLETE,2026-04-01T02:14:28.824986,2026-04-01T02:14:28.907849,0.082863,"{""atr_window"": 20, ""bb_std_dev"": 2.25, ""bb_window"": 19, ""cooldown"": 2, ""macd_fast"": 13, ""macd_k"": 1.6, ""macd_k_mid"": 0.6, ""macd_signal"": 7, ""macd_slow"": 38, ""macd_std_window"": 86, ""rebalance_freq"": 120, ""rebounce_block"": 6, ""sl_mult_lm"": 1.7000000000000002, ""sl_mult_lr"": 3.5, ""sl_mult_sm"": 1.5, ""sl_mult_sr"": 1.9, ""time_stop"": 11, ""tp_mult_lm"": 3.8, ""tp_mult_lr"": 10.8, ""tp_mult_sm"": 5.1, ""tp_mult_sr"": 5.800000000000001, ""trail_mult"": 3.1, ""trail_tp"": false, ""use_trailing"": false}",{},
295,-1000000000.0,TrialState.COMPLETE,2026-04-01T02:14:28.948006,2026-04-01T02:14:34.166610,5.218604,"{""atr_window"": 14, ""bb_std_dev"": 1.95, ""bb_window"": 15, ""cooldown"": 0, ""macd_fast"": 20, ""macd_k"": 1.35, ""macd_k_mid"": 0.8, ""macd_signal"": 8, ""macd_slow"": 41, ""macd_std_window"": 74, ""rebalance_freq"": 90, ""rebounce_block"": 5, ""sl_mult_lm"": 1.2, ""sl_mult_lr"": 2.7, ""sl_mult_sm"": 1.7000000000000002, ""sl_mult_sr"": 3.3, ""time_stop"": 2, ""tp_mult_lm"": 4.8, ""tp_mult_lr"": 9.4, ""tp_mult_sm"": 4.5, ""tp_mult_sr"": 7.0, ""trail_mult"": 2.3, ""trail_tp"": true, ""use_trailing"": true}",{},
296,-1000000000.0,TrialState.COMPLETE,2026-04-01T02:14:34.255040,2026-04-01T02:14:34.297616,0.042576,"{""atr_window"": 10, ""bb_std_dev"": 1.7999999999999998, ""bb_window"": 16, ""cooldown"": 1, ""macd_fast"": 14, ""macd_k"": 1.5, ""macd_k_mid"": 0.55, ""macd_signal"": 8, ""macd_slow"": 43, ""macd_std_window"": 90, ""rebalance_freq"": 180, ""rebounce_block"": 4, ""sl_mult_lm"": 1.45, ""sl_mult_lr"": 2.3, ""sl_mult_sm"": 1.55, ""sl_mult_sr"": 2.0, ""time_stop"": 21, ""tp_mult_lm"": 5.7, ""tp_mult_lr"": 14.600000000000001, ""tp_mult_sm"": 4.4, ""tp_mult_sr"": 4.6, ""trail_mult"": 2.0, ""trail_tp"": false, ""use_trailing"": true}",{},
297,-1000000000.0,TrialState.COMPLETE,2026-04-01T02:14:34.343721,2026-04-01T02:14:34.408520,0.064799,"{""atr_window"": 18, ""bb_std_dev"": 1.7, ""bb_window"": 14, ""cooldown"": 4, ""macd_fast"": 13, ""macd_k"": 1.65, ""macd_k_mid"": 0.5, ""macd_signal"": 9, ""macd_slow"": 37, ""macd_std_window"": 89, ""rebalance_freq"": 30, ""rebounce_block"": 0, ""sl_mult_lm"": 1.25, ""sl_mult_lr"": 2.6, ""sl_mult_sm"": 1.35, ""sl_mult_sr"": 1.5, ""time_stop"": 20, ""tp_mult_lm"": 4.9, ""tp_mult_lr"": 11.8, ""tp_mult_sm"": 7.0, ""tp_mult_sr"": 4.0, ""trail_mult"": 2.2, ""trail_tp"": false, ""use_trailing"": true}",{},
298,-1000000000.0,TrialState.COMPLETE,2026-04-01T02:14:34.450733,2026-04-01T02:14:34.480001,0.029268,"{""atr_window"": 19, ""bb_std_dev"": 1.9, ""bb_window"": 20, ""cooldown"": 1, ""macd_fast"": 12, ""macd_k"": 1.05, ""macd_k_mid"": 0.7, ""macd_signal"": 6, ""macd_slow"": 42, ""macd_std_window"": 87, ""rebalance_freq"": 60, ""rebounce_block"": 3, ""sl_mult_lm"": 1.6, ""sl_mult_lr"": 3.1, ""sl_mult_sm"": 1.65, ""sl_mult_sr"": 2.9000000000000004, ""time_stop"": 10, ""tp_mult_lm"": 5.9, ""tp_mult_lr"": 13.0, ""tp_mult_sm"": 4.7, ""tp_mult_sr"": 3.8, ""trail_mult"": 2.5, ""trail_tp"": true, ""use_trailing"": false}",{},
299,-1000000000.0,TrialState.COMPLETE,2026-04-01T02:14:34.513072,2026-04-01T02:14:38.573995,4.060923,"{""atr_window"": 17, ""bb_std_dev"": 1.5499999999999998, ""bb_window"": 14, ""cooldown"": 3, ""macd_fast"": 15, ""macd_k"": 1.15, ""macd_k_mid"": 0.6, ""macd_signal"": 6, ""macd_slow"": 36, ""macd_std_window"": 81, ""rebalance_freq"": 150, ""rebounce_block"": 6, ""sl_mult_lm"": 1.3, ""sl_mult_lr"": 2.8, ""sl_mult_sm"": 1.6, ""sl_mult_sr"": 2.1, ""time_stop"": 17, ""tp_mult_lm"": 5.6, ""tp_mult_lr"": 16.200000000000003, ""tp_mult_sm"": 5.800000000000001, ""tp_mult_sr"": 5.2, ""trail_mult"": 2.1, ""trail_tp"": false, ""use_trailing"": true}",{},
300,-1000000000.0,TrialState.COMPLETE,2026-04-01T02:14:38.621890,2026-04-01T02:14:38.648091,0.026201,"{""atr_window"": 14, ""bb_std_dev"": 2.3, ""bb_window"": 23, ""cooldown"": 0, ""macd_fast"": 17, ""macd_k"": 1.7000000000000002, ""macd_k_mid"": 0.95, ""macd_signal"": 7, ""macd_slow"": 44, ""macd_std_window"": 73, ""rebalance_freq"": 120, ""rebounce_block"": 1, ""sl_mult_lm"": 2.2, ""sl_mult_lr"": 2.5, ""sl_mult_sm"": 1.45, ""sl_mult_sr"": 2.2, ""time_stop"": 3, ""tp_mult_lm"": 5.3, ""tp_mult_lr"": 11.4, ""tp_mult_sm"": 3.6, ""tp_mult_sr"": 4.2, ""trail_mult"": 2.6, ""trail_tp"": true, ""use_trailing"": true}",{},
301,-1000000000.0,TrialState.COMPLETE,2026-04-01T02:14:38.679210,2026-04-01T02:14:38.703809,0.024599,"{""atr_window"": 12, ""bb_std_dev"": 1.8499999999999999, ""bb_window"": 18, ""cooldown"": 1, ""macd_fast"": 10, ""macd_k"": 1.1, ""macd_k_mid"": 0.9, ""macd_signal"": 8, ""macd_slow"": 40, ""macd_std_window"": 88, ""rebalance_freq"": 180, ""rebounce_block"": 2, ""sl_mult_lm"": 1.8, ""sl_mult_lr"": 3.2, ""sl_mult_sm"": 1.8, ""sl_mult_sr"": 1.7, ""time_stop"": 18, ""tp_mult_lm"": 4.4, ""tp_mult_lr"": 14.2, ""tp_mult_sm"": 3.5, ""tp_mult_sr"": 4.5, ""trail_mult"": 3.9000000000000004, ""trail_tp"": false, ""use_trailing"": true}",{},
302,-1000000000.0,TrialState.COMPLETE,2026-04-01T02:14:38.734173,2026-04-01T02:14:38.762337,0.028164,"{""atr_window"": 15, ""bb_std_dev"": 1.4, ""bb_window"": 24, ""cooldown"": 4, ""macd_fast"": 14, ""macd_k"": 1.2, ""macd_k_mid"": 0.55, ""macd_signal"": 10, ""macd_slow"": 44, ""macd_std_window"": 77, ""rebalance_freq"": 90, ""rebounce_block"": 5, ""sl_mult_lm"": 1.05, ""sl_mult_lr"": 3.0, ""sl_mult_sm"": 1.2, ""sl_mult_sr"": 1.6, ""time_stop"": 28, ""tp_mult_lm"": 4.7, ""tp_mult_lr"": 9.6, ""tp_mult_sm"": 6.6, ""tp_mult_sr"": 4.9, ""trail_mult"": 3.6, ""trail_tp"": true, ""use_trailing"": false}",{},
303,-1000000000.0,TrialState.COMPLETE,2026-04-01T02:14:38.793104,2026-04-01T02:14:38.816452,0.023348,"{""atr_window"": 16, ""bb_std_dev"": 1.5999999999999999, ""bb_window"": 17, ""cooldown"": 2, ""macd_fast"": 12, ""macd_k"": 1.8, ""macd_k_mid"": 0.65, ""macd_signal"": 9, ""macd_slow"": 43, ""macd_std_window"": 92, ""rebalance_freq"": 150, ""rebounce_block"": 4, ""sl_mult_lm"": 1.0, ""sl_mult_lr"": 4.300000000000001, ""sl_mult_sm"": 1.85, ""sl_mult_sr"": 1.8, ""time_stop"": 9, ""tp_mult_lm"": 5.0, ""tp_mult_lr"": 10.6, ""tp_mult_sm"": 3.1, ""tp_mult_sr"": 6.2, ""trail_mult"": 3.2, ""trail_tp"": false, ""use_trailing"": true}",{},
304,-1000000000.0,TrialState.COMPLETE,2026-04-01T02:14:38.845529,2026-04-01T02:14:38.869338,0.023809,"{""atr_window"": 14, ""bb_std_dev"": 2.35, ""bb_window"": 16, ""cooldown"": 2, ""macd_fast"": 16, ""macd_k"": 1.0, ""macd_k_mid"": 0.5, ""macd_signal"": 7, ""macd_slow"": 39, ""macd_std_window"": 91, ""rebalance_freq"": 120, ""rebounce_block"": 5, ""sl_mult_lm"": 2.1500000000000004, ""sl_mult_lr"": 2.5, ""sl_mult_sm"": 1.7000000000000002, ""sl_mult_sr"": 2.1, ""time_stop"": 7, ""tp_mult_lm"": 3.9, ""tp_mult_lr"": 12.4, ""tp_mult_sm"": 3.4, ""tp_mult_sr"": 6.5, ""trail_mult"": 2.0, ""trail_tp"": true, ""use_trailing"": true}",{},
305,-1000000000.0,TrialState.COMPLETE,2026-04-01T02:14:38.898680,2026-04-01T02:14:41.673553,2.774873,"{""atr_window"": 18, ""bb_std_dev"": 2.4, ""bb_window"": 14, ""cooldown"": 3, ""macd_fast"": 18, ""macd_k"": 1.45, ""macd_k_mid"": 0.75, ""macd_signal"": 8, ""macd_slow"": 35, ""macd_std_window"": 80, ""rebalance_freq"": 30, ""rebounce_block"": 3, ""sl_mult_lm"": 2.05, ""sl_mult_lr"": 2.4, ""sl_mult_sm"": 1.75, ""sl_mult_sr"": 1.5, ""time_stop"": 29, ""tp_mult_lm"": 5.5, ""tp_mult_lr"": 13.600000000000001, ""tp_mult_sm"": 4.9, ""tp_mult_sr"": 3.0, ""trail_mult"": 3.7, ""trail_tp"": false, ""use_trailing"": false}",{},
306,-1000000000.0,TrialState.COMPLETE,2026-04-01T02:14:41.707184,2026-04-01T02:14:41.730710,0.023526,"{""atr_window"": 15, ""bb_std_dev"": 2.05, ""bb_window"": 15, ""cooldown"": 4, ""macd_fast"": 14, ""macd_k"": 1.25, ""macd_k_mid"": 0.55, ""macd_signal"": 9, ""macd_slow"": 43, ""macd_std_window"": 82, ""rebalance_freq"": 180, ""rebounce_block"": 6, ""sl_mult_lm"": 1.75, ""sl_mult_lr"": 5.0, ""sl_mult_sm"": 1.9, ""sl_mult_sr"": 3.0, ""time_stop"": 30, ""tp_mult_lm"": 4.1, ""tp_mult_lr"": 11.2, ""tp_mult_sm"": 5.6, ""tp_mult_sr"": 5.1, ""trail_mult"": 1.9, ""trail_tp"": true, ""use_trailing"": true}",{},
307,-1000000000.0,TrialState.COMPLETE,2026-04-01T02:14:41.761068,2026-04-01T02:14:44.651180,2.890112,"{""atr_window"": 20, ""bb_std_dev"": 2.5, ""bb_window"": 17, ""cooldown"": 0, ""macd_fast"": 15, ""macd_k"": 1.6, ""macd_k_mid"": 0.65, ""macd_signal"": 8, ""macd_slow"": 37, ""macd_std_window"": 97, ""rebalance_freq"": 150, ""rebounce_block"": 5, ""sl_mult_lm"": 1.9, ""sl_mult_lr"": 2.2, ""sl_mult_sm"": 1.3, ""sl_mult_sr"": 2.0, ""time_stop"": 13, ""tp_mult_lm"": 6.0, ""tp_mult_lr"": 16.6, ""tp_mult_sm"": 6.300000000000001, ""tp_mult_sr"": 3.4, ""trail_mult"": 1.7, ""trail_tp"": false, ""use_trailing"": true}",{},
308,-1000000000.0,TrialState.COMPLETE,2026-04-01T02:14:44.684998,2026-04-01T02:14:47.119796,2.434798,"{""atr_window"": 17, ""bb_std_dev"": 2.0, ""bb_window"": 15, ""cooldown"": 5, ""macd_fast"": 20, ""macd_k"": 1.7000000000000002, ""macd_k_mid"": 0.7, ""macd_signal"": 10, ""macd_slow"": 42, ""macd_std_window"": 70, ""rebalance_freq"": 150, ""rebounce_block"": 2, ""sl_mult_lm"": 1.55, ""sl_mult_lr"": 4.2, ""sl_mult_sm"": 1.6, ""sl_mult_sr"": 2.2, ""time_stop"": 21, ""tp_mult_lm"": 5.1, ""tp_mult_lr"": 15.4, ""tp_mult_sm"": 6.9, ""tp_mult_sr"": 5.6, ""trail_mult"": 3.4000000000000004, ""trail_tp"": true, ""use_trailing"": true}",{},
309,-1000000000.0,TrialState.COMPLETE,2026-04-01T02:14:47.149109,2026-04-01T02:14:49.527552,2.378443,"{""atr_window"": 13, ""bb_std_dev"": 1.75, ""bb_window"": 22, ""cooldown"": 1, ""macd_fast"": 19, ""macd_k"": 1.3, ""macd_k_mid"": 0.6, ""macd_signal"": 7, ""macd_slow"": 40, ""macd_std_window"": 99, ""rebalance_freq"": 60, ""rebounce_block"": 1, ""sl_mult_lm"": 1.4, ""sl_mult_lr"": 2.1, ""sl_mult_sm"": 1.9500000000000002, ""sl_mult_sr"": 2.5, ""time_stop"": 12, ""tp_mult_lm"": 5.2, ""tp_mult_lr"": 12.2, ""tp_mult_sm"": 5.2, ""tp_mult_sr"": 4.8, ""trail_mult"": 2.2, ""trail_tp"": false, ""use_trailing"": false}",{},
310,-1000000000.0,TrialState.COMPLETE,2026-04-01T02:14:49.557288,2026-04-01T02:14:49.581855,0.024567,"{""atr_window"": 12, ""bb_std_dev"": 2.45, ""bb_window"": 18, ""cooldown"": 2, ""macd_fast"": 16, ""macd_k"": 1.4, ""macd_k_mid"": 0.7, ""macd_signal"": 6, ""macd_slow"": 41, ""macd_std_window"": 100, ""rebalance_freq"": 120, ""rebounce_block"": 3, ""sl_mult_lm"": 1.05, ""sl_mult_lr"": 4.4, ""sl_mult_sm"": 1.05, ""sl_mult_sr"": 2.8, ""time_stop"": 5, ""tp_mult_lm"": 5.2, ""tp_mult_lr"": 12.8, ""tp_mult_sm"": 3.8, ""tp_mult_sr"": 5.9, ""trail_mult"": 2.8, ""trail_tp"": true, ""use_trailing"": true}",{},
