number,value,datetime_start,datetime_complete,duration,params_atr_window,params_bb_std_dev,params_bb_window,params_cooldown,params_macd_fast,params_macd_k,params_macd_k_mid,params_macd_signal,params_macd_slow,params_macd_std_window,params_rebalance_freq,params_rebounce_block,params_sl_mult_lm,params_sl_mult_lr,params_sl_mult_sm,params_sl_mult_sr,params_time_stop,params_tp_mult_lm,params_tp_mult_lr,params_tp_mult_sm,params_tp_mult_sr,params_trail_mult,params_trail_tp,params_use_trailing,user_attrs_allocations,user_attrs_deploy_avg_sharpe,user_attrs_deploy_total_sharpe,user_attrs_deploy_year_sharpes,user_attrs_score,user_attrs_selected_tickers,user_attrs_train_avg_sharpe,user_attrs_train_year_sharpes,state
2883,2.7539499999999997,2026-04-01 08:46:21.646126,2026-04-01 08:46:26.505596,0 days 00:00:04.859470,18,2.45,21,2,15,1.0,0.7,5,35,90,90,5,1.1,2.6,1.45,1.7,27,5.1,10.6,3.1,5.4,3.4000000000000004,False,False,"{'MSFT': 0.2577, 'GOOG': 0.1922, 'AAPL': 0.1772, 'BRK-B': 0.1767, 'NVDA': 0.1098, 'META': 0.0864}",1.1701,1.5255,"{2025: 1.7414, 2026: 0.5987}",2.7539,"['MSFT', 'GOOG', 'AAPL', 'BRK-B', 'NVDA', 'META']",1.5839,"{2018: 1.2652, 2019: 1.5851, 2020: 3.335, 2021: 1.8444, 2022: -0.8486, 2023: 1.9761, 2024: 1.9301}",COMPLETE
2884,-1000000000.0,2026-04-01 08:46:26.599177,2026-04-01 08:46:31.103832,0 days 00:00:04.504655,18,2.5,21,2,15,1.05,0.7,5,35,91,90,5,1.15,2.6,1.4,1.7,28,5.1,10.4,3.1,5.5,3.5,False,False,,,,,,,,,COMPLETE
2885,-1000000000.0,2026-04-01 08:46:31.153024,2026-04-01 08:46:35.364709,0 days 00:00:04.211685,18,2.45,21,2,15,1.0,0.7,5,35,90,90,5,1.05,2.5,1.45,1.7,26,5.2,10.4,3.0,5.4,3.4000000000000004,False,False,,,,,,,,,COMPLETE
2886,1.8624642857142857,2026-04-01 08:46:35.429153,2026-04-01 08:46:39.710038,0 days 00:00:04.280885,18,2.4,21,2,15,1.0,0.7,5,35,91,90,5,1.1,2.7,1.45,1.8,27,5.1,10.4,3.2,5.5,3.4000000000000004,False,False,"{'GOOG': 0.2816, 'BRK-B': 0.1925, 'AAPL': 0.1874, 'MSFT': 0.1402, 'AMZN': 0.1239, 'META': 0.0745}",0.2037,1.3194,"{2025: 1.9036, 2026: -1.4961}",1.8625,"['GOOG', 'BRK-B', 'AAPL', 'MSFT', 'AMZN', 'META']",1.6587,"{2018: 1.0654, 2019: 2.0369, 2020: 3.2111, 2021: 1.8491, 2022: -0.8141, 2023: 2.5873, 2024: 1.6753}",COMPLETE
2887,-1000000000.0,2026-04-01 08:46:39.774147,2026-04-01 08:46:43.929719,0 days 00:00:04.155572,18,2.45,21,2,15,1.05,0.7,5,35,89,90,5,1.15,2.6,1.5,1.7,28,5.0,10.6,3.2,5.4,3.4000000000000004,False,False,,,,,,,,,COMPLETE
2888,-1000000000.0,2026-04-01 08:46:43.981715,2026-04-01 08:46:48.268021,0 days 00:00:04.286306,18,2.4,21,2,15,1.0,0.7,5,35,90,90,5,1.1,2.5,1.4,1.7,27,5.2,10.6,3.0,5.300000000000001,3.5,False,False,,,,,,,,,COMPLETE
2889,2.6805642857142855,2026-04-01 08:46:48.350831,2026-04-01 08:46:52.630454,0 days 00:00:04.279623,18,2.45,21,2,15,1.05,0.7,5,35,89,90,5,1.05,2.7,1.5,1.8,27,5.1,10.4,3.1,5.4,3.5,False,False,"{'MSFT': 0.2448, 'GOOGL': 0.1946, 'BRK-B': 0.188, 'AAPL': 0.1637, 'META': 0.1158, 'NVDA': 0.0931}",0.8763,1.4326,"{2025: 1.7303, 2026: 0.0224}",2.6806,"['MSFT', 'GOOGL', 'BRK-B', 'AAPL', 'META', 'NVDA']",1.8042,"{2018: 2.3415, 2019: 1.6077, 2020: 3.263, 2021: 1.7724, 2022: -0.6368, 2023: 2.0793, 2024: 2.2024}",COMPLETE
2890,-1000000000.0,2026-04-01 08:46:52.727771,2026-04-01 08:46:56.825445,0 days 00:00:04.097674,18,2.5,21,2,15,1.0,0.7,5,35,90,90,5,1.1,2.6,1.45,1.7,26,5.0,11.0,3.0,5.5,3.4000000000000004,False,False,,,,,,,,,COMPLETE
2891,1.282242857142857,2026-04-01 08:46:56.877641,2026-04-01 08:46:59.820703,0 days 00:00:02.943062,18,2.4,21,2,15,1.0,0.7,5,35,89,90,5,1.1,2.6,1.4,1.7,28,5.1,10.6,3.1,5.300000000000001,3.4000000000000004,False,False,"{'GOOG': 0.2574, 'AAPL': 0.2181, 'BRK-B': 0.1687, 'MSFT': 0.1644, 'AMZN': 0.1104, 'TSLA': 0.081}",-0.4148,1.2971,"{2025: 2.2292, 2026: -3.0588}",1.2822,"['GOOG', 'AAPL', 'BRK-B', 'MSFT', 'AMZN', 'TSLA']",1.697,"{2018: 1.9502, 2019: 1.6859, 2020: 2.8672, 2021: 1.9163, 2022: -1.0355, 2023: 2.397, 2024: 2.0982}",COMPLETE
2892,-1000000000.0,2026-04-01 08:46:59.889080,2026-04-01 08:47:02.986617,0 days 00:00:03.097537,18,2.5,21,2,15,1.0,0.7,5,35,91,90,5,1.05,2.5,1.45,1.8,26,5.2,10.8,3.1,5.2,3.5,False,False,,,,,,,,,COMPLETE
2893,-1000000000.0,2026-04-01 08:47:03.036614,2026-04-01 08:47:06.097265,0 days 00:00:03.060651,18,2.45,21,2,15,1.05,0.7,5,35,90,90,5,1.15,2.7,1.45,1.7,27,5.0,11.0,3.2,5.4,3.4000000000000004,False,False,,,,,,,,,COMPLETE
2894,-1000000000.0,2026-04-01 08:47:06.142369,2026-04-01 08:47:09.021079,0 days 00:00:02.878710,18,2.45,21,2,15,1.0,0.7,5,35,91,90,5,1.1,2.5,1.5,1.8,28,5.1,10.6,3.0,5.300000000000001,3.4000000000000004,False,False,,,,,,,,,COMPLETE
2895,2.672478571428571,2026-04-01 08:47:09.062368,2026-04-01 08:47:11.732144,0 days 00:00:02.669776,18,2.45,21,2,15,1.05,0.7,5,35,90,90,5,1.15,2.6,1.45,1.7,27,5.2,10.4,3.1,5.2,3.5,False,False,"{'MSFT': 0.2626, 'AAPL': 0.1876, 'BRK-B': 0.1866, 'GOOG': 0.1509, 'NVDA': 0.1303, 'META': 0.082}",1.1492,1.4858,"{2025: 1.6934, 2026: 0.6051}",2.6725,"['MSFT', 'AAPL', 'BRK-B', 'GOOG', 'NVDA', 'META']",1.5232,"{2018: 1.0451, 2019: 1.6031, 2020: 3.3292, 2021: 1.6657, 2022: -0.8288, 2023: 1.9238, 2024: 1.9245}",COMPLETE
2896,1.2613642857142857,2026-04-01 08:47:11.780865,2026-04-01 08:47:14.454535,0 days 00:00:02.673670,18,2.5,21,2,15,1.0,0.7,5,35,89,90,5,1.15,2.7,1.4,1.8,27,5.0,10.8,3.0,5.4,3.5,False,False,"{'BRK-B': 0.2351, 'MSFT': 0.2126, 'GOOGL': 0.1863, 'AVGO': 0.1244, 'AAPL': 0.1234, 'AMZN': 0.1181}",-0.4345,1.5715,"{2025: 2.5143, 2026: -3.3834}",1.2614,"['BRK-B', 'MSFT', 'GOOGL', 'AVGO', 'AAPL', 'AMZN']",1.6959,"{2018: 2.4011, 2019: 1.5296, 2020: 3.23, 2021: 1.8298, 2022: -0.7664, 2023: 1.9181, 2024: 1.7292}",COMPLETE
2897,-1000000000.0,2026-04-01 08:47:14.488900,2026-04-01 08:47:17.422192,0 days 00:00:02.933292,18,2.4,21,2,15,1.0,0.7,5,35,91,90,5,1.1,2.6,1.5,1.7,26,5.1,10.6,3.1,5.5,3.4000000000000004,False,False,,,,,,,,,COMPLETE
2898,2.8648357142857144,2026-04-01 08:47:17.467082,2026-04-01 08:47:20.129569,0 days 00:00:02.662487,18,2.45,21,2,15,1.0,0.7,5,35,90,90,5,1.1,2.5,1.45,1.7,27,5.2,11.0,3.2,5.300000000000001,3.4000000000000004,False,False,"{'MSFT': 0.242, 'AAPL': 0.2098, 'GOOG': 0.1903, 'BRK-B': 0.1635, 'NVDA': 0.1004, 'META': 0.0939}",1.2866,1.4962,"{2025: 1.6449, 2026: 0.9282}",2.8648,"['MSFT', 'AAPL', 'GOOG', 'BRK-B', 'NVDA', 'META']",1.5783,"{2018: 1.0905, 2019: 1.6338, 2020: 3.3295, 2021: 1.8376, 2022: -0.7714, 2023: 1.9966, 2024: 1.9314}",COMPLETE
2899,-1000000000.0,2026-04-01 08:47:20.166242,2026-04-01 08:47:23.726626,0 days 00:00:03.560384,18,2.5,21,2,15,1.05,0.7,5,35,89,90,5,1.05,2.5,1.45,1.7,28,5.2,10.4,3.2,5.2,3.4000000000000004,False,False,,,,,,,,,COMPLETE
2900,-1000000000.0,2026-04-01 08:47:23.811040,2026-04-01 08:47:28.433815,0 days 00:00:04.622775,18,2.4,21,2,15,1.0,0.7,5,35,91,90,5,1.05,2.5,1.4,1.7,26,5.2,11.0,3.2,5.300000000000001,3.4000000000000004,False,False,,,,,,,,,COMPLETE
2901,-1000000000.0,2026-04-01 08:47:28.517887,2026-04-01 08:47:33.704474,0 days 00:00:05.186587,18,2.45,21,2,15,1.05,0.7,5,35,90,90,5,1.1,2.5,1.5,1.8,27,5.2,10.6,3.2,5.2,3.5,False,False,,,,,,,,,COMPLETE
2902,2.7883571428571434,2026-04-01 08:47:33.782783,2026-04-01 08:47:37.117193,0 days 00:00:03.334410,18,2.45,21,2,15,1.0,0.7,5,35,90,90,5,1.15,2.5,1.45,1.7,28,5.2,11.0,3.2,5.4,3.5,False,False,"{'MSFT': 0.2434, 'AAPL': 0.2117, 'GOOG': 0.2059, 'BRK-B': 0.1519, 'META': 0.102, 'NVDA': 0.0851}",1.3132,1.4169,"{2025: 1.5155, 2026: 1.1109}",2.7884,"['MSFT', 'AAPL', 'GOOG', 'BRK-B', 'META', 'NVDA']",1.4752,"{2018: 1.078, 2019: 1.5867, 2020: 3.0974, 2021: 1.8588, 2022: -0.821, 2023: 1.8801, 2024: 1.6461}",COMPLETE
2903,-1000000000.0,2026-04-01 08:47:37.174805,2026-04-01 08:47:39.760203,0 days 00:00:02.585398,18,2.5,21,2,15,1.05,0.7,5,35,91,90,5,1.15,2.5,1.45,1.7,28,5.2,11.0,3.2,5.5,3.5,False,False,,,,,,,,,COMPLETE
2904,-1000000000.0,2026-04-01 08:47:39.802076,2026-04-01 08:47:42.488071,0 days 00:00:02.685995,18,2.4,21,2,15,1.0,0.7,5,35,90,90,5,1.15,2.5,1.4,1.8,28,5.2,11.0,3.2,5.4,3.5,False,False,,,,,,,,,COMPLETE
2905,-1000000000.0,2026-04-01 08:47:42.532972,2026-04-01 08:47:45.260984,0 days 00:00:02.728012,18,2.45,21,2,15,1.0,0.7,5,35,89,90,5,1.15,2.5,1.45,1.7,28,5.2,11.0,3.0,5.5,3.5,False,False,,,,,,,,,COMPLETE
2906,-1000000000.0,2026-04-01 08:47:45.300180,2026-04-01 08:47:48.649504,0 days 00:00:03.349324,18,2.45,21,2,15,1.05,0.7,5,35,90,90,5,1.15,2.5,1.45,1.7,29,5.2,10.6,3.2,5.4,3.5,False,False,,,,,,,,,COMPLETE
2907,-1000000000.0,2026-04-01 08:47:48.704187,2026-04-01 08:47:51.269403,0 days 00:00:02.565216,18,2.5,21,2,15,1.0,0.7,5,35,89,90,5,1.15,2.5,1.5,1.8,28,5.2,10.8,3.0,5.4,3.5,False,False,,,,,,,,,COMPLETE
2908,-1000000000.0,2026-04-01 08:47:51.302901,2026-04-01 08:47:53.880049,0 days 00:00:02.577148,18,2.45,21,2,15,1.0,0.7,5,35,91,90,5,1.15,2.5,1.4,1.7,28,5.2,10.6,3.1,5.5,3.5,False,False,,,,,,,,,COMPLETE
2909,1.3784428571428566,2026-04-01 08:47:53.922534,2026-04-01 08:47:56.624284,0 days 00:00:02.701750,18,2.4,21,2,15,1.0,0.7,5,35,89,90,5,1.1,2.5,1.45,1.7,29,5.2,10.4,3.2,5.4,3.4000000000000004,False,False,"{'GOOG': 0.2828, 'AAPL': 0.2284, 'MSFT': 0.1885, 'BRK-B': 0.149, 'META': 0.079, 'TSLA': 0.0722}",-0.3872,1.3918,"{2025: 2.2402, 2026: -3.0146}",1.3784,"['GOOG', 'AAPL', 'MSFT', 'BRK-B', 'META', 'TSLA']",1.7656,"{2018: 1.9193, 2019: 1.834, 2020: 3.0883, 2021: 1.7198, 2022: -0.9065, 2023: 2.6235, 2024: 2.0811}",COMPLETE
2910,-1000000000.0,2026-04-01 08:47:56.657633,2026-04-01 08:47:59.250079,0 days 00:00:02.592446,18,2.5,21,2,15,1.05,0.7,5,35,90,90,5,1.15,2.5,1.5,1.7,27,5.2,11.0,3.0,5.2,3.5,False,False,,,,,,,,,COMPLETE
2911,2.9903214285714284,2026-04-01 08:47:59.292979,2026-04-01 08:48:01.868346,0 days 00:00:02.575367,18,2.45,21,2,15,1.0,0.7,5,35,89,90,5,1.05,2.5,1.45,1.8,27,5.2,10.8,3.0,5.300000000000001,3.5,False,False,"{'MSFT': 0.2423, 'AAPL': 0.2116, 'BRK-B': 0.1717, 'GOOGL': 0.1472, 'META': 0.1398, 'NVDA': 0.0873}",1.2033,1.4886,"{2025: 1.674, 2026: 0.7327}",2.9903,"['MSFT', 'AAPL', 'BRK-B', 'GOOGL', 'META', 'NVDA']",1.787,"{2018: 2.2988, 2019: 1.6544, 2020: 3.2879, 2021: 1.8157, 2022: -0.7935, 2023: 2.1029, 2024: 2.1426}",COMPLETE
2912,-1000000000.0,2026-04-01 08:48:01.927246,2026-04-01 08:48:04.474465,0 days 00:00:02.547219,18,2.4,21,2,15,1.05,0.7,5,35,89,90,5,1.05,2.5,1.4,1.8,28,5.2,11.0,3.0,5.5,3.5,False,False,,,,,,,,,COMPLETE
2913,-1000000000.0,2026-04-01 08:48:04.507869,2026-04-01 08:48:07.098987,0 days 00:00:02.591118,18,2.45,21,2,15,1.0,0.7,5,35,89,90,5,1.05,2.5,1.45,1.8,26,5.2,10.4,3.0,5.4,3.5,False,False,,,,,,,,,COMPLETE
2914,2.432314285714286,2026-04-01 08:48:07.132464,2026-04-01 08:48:09.636795,0 days 00:00:02.504331,18,2.45,21,2,15,1.0,0.7,5,35,89,90,5,1.05,2.5,1.4,1.8,28,5.2,10.8,3.0,5.300000000000001,3.5,False,False,"{'MSFT': 0.2717, 'AAPL': 0.203, 'BRK-B': 0.1821, 'GOOGL': 0.1755, 'META': 0.0918, 'TSLA': 0.0758}",0.7219,1.2663,"{2025: 1.5548, 2026: -0.111}",2.4323,"['MSFT', 'AAPL', 'BRK-B', 'GOOGL', 'META', 'TSLA']",1.7104,"{2018: 2.679, 2019: 1.4296, 2020: 3.009, 2021: 1.9554, 2022: -0.8205, 2023: 1.8911, 2024: 1.8293}",COMPLETE
2915,-1000000000.0,2026-04-01 08:48:09.671957,2026-04-01 08:48:12.220107,0 days 00:00:02.548150,18,2.4,21,2,15,1.05,0.7,5,35,89,90,5,1.05,2.5,1.45,1.8,26,5.2,10.8,3.0,5.2,3.5,False,False,,,,,,,,,COMPLETE
2916,-1000000000.0,2026-04-01 08:48:12.261350,2026-04-01 08:48:14.826047,0 days 00:00:02.564697,18,2.45,21,2,15,1.0,0.7,5,35,89,90,5,1.05,2.5,1.5,1.8,27,5.2,10.6,3.1,5.4,3.5,False,False,,,,,,,,,COMPLETE
2917,-1000000000.0,2026-04-01 08:48:14.865962,2026-04-01 08:48:17.497182,0 days 00:00:02.631220,18,2.5,21,2,15,1.05,0.7,5,35,90,90,5,1.1,2.5,1.45,1.8,27,5.2,10.4,3.1,5.300000000000001,3.5,False,False,,,,,,,,,COMPLETE
2918,-1000000000.0,2026-04-01 08:48:17.540179,2026-04-01 08:48:20.132194,0 days 00:00:02.592015,18,2.45,21,2,15,1.0,0.7,5,35,91,90,5,1.05,2.6,1.5,1.8,29,5.2,10.6,3.0,5.2,3.5,False,False,,,,,,,,,COMPLETE
2919,2.805471428571429,2026-04-01 08:48:20.172339,2026-04-01 08:48:22.784373,0 days 00:00:02.612034,18,2.45,21,2,15,1.0,0.7,5,35,89,90,5,1.1,2.5,1.4,1.8,27,5.2,11.0,3.2,5.5,3.4000000000000004,False,False,"{'MSFT': 0.2375, 'GOOGL': 0.2031, 'AAPL': 0.1921, 'BRK-B': 0.1683, 'META': 0.1188, 'NVDA': 0.0802}",1.082,1.5959,"{2025: 1.9288, 2026: 0.2352}",2.8055,"['MSFT', 'GOOGL', 'AAPL', 'BRK-B', 'META', 'NVDA']",1.7235,"{2018: 2.111, 2019: 1.5897, 2020: 3.2311, 2021: 1.8713, 2022: -0.7928, 2023: 1.9128, 2024: 2.1412}",COMPLETE
2920,-1000000000.0,2026-04-01 08:48:22.825837,2026-04-01 08:48:25.427128,0 days 00:00:02.601291,18,2.4,21,2,15,1.0,0.7,5,35,89,90,5,1.1,2.5,1.4,1.8,28,5.2,11.0,3.2,5.5,3.4000000000000004,False,False,,,,,,,,,COMPLETE
2921,-1000000000.0,2026-04-01 08:48:25.472280,2026-04-01 08:48:28.035609,0 days 00:00:02.563329,18,2.5,21,2,15,1.05,0.7,5,35,89,90,5,1.15,2.5,1.4,1.8,26,5.2,11.2,3.2,5.5,3.5,False,False,,,,,,,,,COMPLETE
2922,2.805471428571429,2026-04-01 08:48:28.077121,2026-04-01 08:48:30.658917,0 days 00:00:02.581796,18,2.45,21,2,15,1.0,0.7,5,35,89,90,5,1.1,2.5,1.4,1.8,27,5.2,11.2,3.2,5.5,3.4000000000000004,False,False,"{'MSFT': 0.2375, 'GOOGL': 0.2031, 'AAPL': 0.1921, 'BRK-B': 0.1683, 'META': 0.1188, 'NVDA': 0.0802}",1.082,1.5959,"{2025: 1.9288, 2026: 0.2352}",2.8055,"['MSFT', 'GOOGL', 'AAPL', 'BRK-B', 'META', 'NVDA']",1.7235,"{2018: 2.111, 2019: 1.5897, 2020: 3.2311, 2021: 1.8713, 2022: -0.7928, 2023: 1.9128, 2024: 2.1412}",COMPLETE
2923,1.329421428571429,2026-04-01 08:48:30.705060,2026-04-01 08:48:33.290149,0 days 00:00:02.585089,18,2.4,21,2,15,1.0,0.7,5,35,89,90,5,1.05,2.5,1.4,1.8,28,5.2,11.2,3.2,5.5,3.4000000000000004,False,False,"{'AAPL': 0.215, 'BRK-B': 0.194, 'GOOG': 0.1922, 'MSFT': 0.1663, 'AMZN': 0.1402, 'AVGO': 0.0922}",-0.4169,1.4434,"{2025: 2.5556, 2026: -3.3895}",1.3294,"['AAPL', 'BRK-B', 'GOOG', 'MSFT', 'AMZN', 'AVGO']",1.7464,"{2018: 2.212, 2019: 1.5531, 2020: 2.9852, 2021: 2.0399, 2022: -0.9372, 2023: 2.4741, 2024: 1.8975}",COMPLETE
2924,1.7271142857142856,2026-04-01 08:48:33.334831,2026-04-01 08:48:35.996900,0 days 00:00:02.662069,18,2.45,21,2,15,1.05,0.7,5,35,89,90,5,1.15,2.5,1.4,1.8,26,5.2,11.2,3.2,5.5,3.5,False,False,"{'GOOGL': 0.2705, 'AAPL': 0.2163, 'MSFT': 0.1926, 'BRK-B': 0.1354, 'META': 0.1092, 'NVDA': 0.0759}",0.0981,1.3641,"{2025: 2.0011, 2026: -1.8049}",1.7271,"['GOOGL', 'AAPL', 'MSFT', 'BRK-B', 'META', 'NVDA']",1.629,"{2018: 2.339, 2019: 1.2328, 2020: 3.2265, 2021: 1.5777, 2022: -1.0074, 2023: 1.9838, 2024: 2.0507}",COMPLETE
2925,-1000000000.0,2026-04-01 08:48:36.038168,2026-04-01 08:48:38.508047,0 days 00:00:02.469879,18,2.5,21,2,15,1.0,0.7,5,35,89,90,5,1.1,2.5,1.4,1.8,27,5.2,11.0,3.2,5.5,3.5,False,False,,,,,,,,,COMPLETE
2926,2.4979714285714287,2026-04-01 08:48:38.548696,2026-04-01 08:48:41.159160,0 days 00:00:02.610464,18,2.45,21,2,15,1.0,0.7,5,35,89,90,5,1.05,2.5,1.4,1.8,28,5.2,11.2,3.0,5.5,3.4000000000000004,False,False,"{'MSFT': 0.2628, 'AAPL': 0.2133, 'BRK-B': 0.1895, 'GOOGL': 0.155, 'META': 0.0986, 'TSLA': 0.0808}",0.7802,1.219,"{2025: 1.4525, 2026: 0.1079}",2.498,"['MSFT', 'AAPL', 'BRK-B', 'GOOGL', 'META', 'TSLA']",1.7178,"{2018: 2.7093, 2019: 1.3806, 2020: 2.9853, 2021: 1.9966, 2022: -0.8208, 2023: 1.9104, 2024: 1.863}",COMPLETE
2927,-1000000000.0,2026-04-01 08:48:41.194476,2026-04-01 08:48:43.790804,0 days 00:00:02.596328,18,2.5,21,2,15,1.0,0.7,5,35,89,90,5,1.1,2.5,1.4,1.8,27,5.2,11.0,3.0,5.5,3.4000000000000004,False,False,,,,,,,,,COMPLETE
2928,-1000000000.0,2026-04-01 08:48:43.827001,2026-04-01 08:48:46.595098,0 days 00:00:02.768097,18,2.4,21,2,15,1.05,0.7,5,35,89,90,5,1.05,2.5,1.4,1.8,29,5.2,11.0,3.2,5.5,3.5,False,False,,,,,,,,,COMPLETE
2929,1.715642857142857,2026-04-01 08:48:46.638359,2026-04-01 08:48:49.207056,0 days 00:00:02.568697,18,2.45,21,2,15,1.05,0.7,5,35,89,90,5,1.15,2.5,1.4,1.8,26,5.2,11.0,3.1,5.4,3.4000000000000004,False,False,"{'GOOGL': 0.2708, 'AAPL': 0.2132, 'MSFT': 0.2034, 'BRK-B': 0.1322, 'META': 0.1055, 'NVDA': 0.0749}",0.0915,1.358,"{2025: 1.9939, 2026: -1.8109}",1.7156,"['GOOGL', 'AAPL', 'MSFT', 'BRK-B', 'META', 'NVDA']",1.6241,"{2018: 2.3187, 2019: 1.2329, 2020: 3.2472, 2021: 1.5434, 2022: -1.0075, 2023: 1.9835, 2024: 2.0508}",COMPLETE
2930,2.70595,2026-04-01 08:48:49.249180,2026-04-01 08:48:51.849091,0 days 00:00:02.599911,18,2.45,21,2,15,1.0,0.7,5,35,89,90,5,1.1,2.5,1.4,1.8,27,5.2,11.2,3.0,5.4,3.5,False,False,"{'MSFT': 0.2444, 'GOOGL': 0.1988, 'AAPL': 0.1976, 'BRK-B': 0.1642, 'META': 0.1145, 'NVDA': 0.0804}",0.9896,1.451,"{2025: 1.7505, 2026: 0.2288}",2.706,"['MSFT', 'GOOGL', 'AAPL', 'BRK-B', 'META', 'NVDA']",1.7163,"{2018: 2.0785, 2019: 1.5895, 2020: 3.2479, 2021: 1.8375, 2022: -0.7929, 2023: 1.9128, 2024: 2.1408}",COMPLETE
2931,-1000000000.0,2026-04-01 08:48:51.893961,2026-04-01 08:48:54.459547,0 days 00:00:02.565586,18,2.4,21,2,15,1.0,0.7,5,35,90,90,5,1.1,2.5,1.4,1.8,28,5.2,11.0,3.2,5.5,3.4000000000000004,False,False,,,,,,,,,COMPLETE
2932,-1000000000.0,2026-04-01 08:48:54.500649,2026-04-01 08:48:57.131338,0 days 00:00:02.630689,18,2.5,21,2,15,1.0,0.7,5,35,90,90,5,1.15,2.5,1.4,1.8,26,5.2,10.8,3.1,5.4,3.4000000000000004,False,False,,,,,,,,,COMPLETE
2933,2.7068499999999998,2026-04-01 08:48:57.166167,2026-04-01 08:48:59.725979,0 days 00:00:02.559812,18,2.45,21,2,15,1.05,0.7,5,35,89,90,5,1.1,2.5,1.4,1.8,27,5.2,10.8,3.1,5.5,3.5,False,False,"{'GOOGL': 0.2482, 'MSFT': 0.2283, 'AAPL': 0.1817, 'BRK-B': 0.1567, 'META': 0.1099, 'NVDA': 0.0752}",0.9955,1.6262,"{2025: 1.9988, 2026: -0.0077}",2.7068,"['GOOGL', 'MSFT', 'AAPL', 'BRK-B', 'META', 'NVDA']",1.7113,"{2018: 2.094, 2019: 1.5895, 2020: 3.2027, 2021: 1.8216, 2022: -0.8094, 2023: 1.9129, 2024: 2.1678}",COMPLETE
2934,2.136485714285714,2026-04-01 08:48:59.767947,2026-04-01 08:49:02.346220,0 days 00:00:02.578273,18,2.4,21,2,15,1.0,0.7,5,35,90,90,5,1.05,2.6,1.4,1.8,28,5.2,10.4,3.0,5.4,3.5,False,False,"{'GOOG': 0.3689, 'AAPL': 0.179, 'BRK-B': 0.13, 'AMZN': 0.1271, 'MSFT': 0.1175, 'AVGO': 0.0776}",0.5504,1.3308,"{2025: 1.7001, 2026: -0.5993}",2.1365,"['GOOG', 'AAPL', 'BRK-B', 'AMZN', 'MSFT', 'AVGO']",1.5861,"{2018: 1.1028, 2019: 1.5755, 2020: 3.1465, 2021: 1.9116, 2022: -1.0249, 2023: 2.5434, 2024: 1.8477}",COMPLETE
2935,-1000000000.0,2026-04-01 08:49:02.388979,2026-04-01 08:49:04.965617,0 days 00:00:02.576638,18,2.45,21,2,15,1.0,0.7,5,35,89,90,5,1.05,2.6,1.45,1.8,28,5.2,10.6,3.2,5.5,3.4000000000000004,False,False,,,,,,,,,COMPLETE
2936,-1000000000.0,2026-04-01 08:49:05.007243,2026-04-01 08:49:07.573600,0 days 00:00:02.566357,18,2.5,21,2,15,1.05,0.7,5,35,90,90,5,1.15,2.5,1.45,1.8,26,5.2,10.6,3.0,5.4,3.4000000000000004,False,False,,,,,,,,,COMPLETE
2937,2.6049,2026-04-01 08:49:07.614813,2026-04-01 08:49:10.249639,0 days 00:00:02.634826,18,2.45,21,2,15,1.0,0.7,5,35,89,90,5,1.1,2.6,1.4,1.8,27,5.2,11.0,3.1,5.4,3.5,False,False,"{'MSFT': 0.2622, 'GOOGL': 0.2177, 'BRK-B': 0.1704, 'AAPL': 0.1628, 'META': 0.0986, 'NVDA': 0.0883}",0.8894,1.5879,"{2025: 2.0032, 2026: -0.2244}",2.6049,"['MSFT', 'GOOGL', 'BRK-B', 'AAPL', 'META', 'NVDA']",1.7155,"{2018: 2.093, 2019: 1.5897, 2020: 3.2547, 2021: 1.8375, 2022: -0.8031, 2023: 1.8959, 2024: 2.1408}",COMPLETE
2938,-1000000000.0,2026-04-01 08:49:10.303608,2026-04-01 08:49:12.888574,0 days 00:00:02.584966,18,2.45,21,2,15,1.0,0.7,5,35,90,90,5,1.1,2.5,1.4,1.8,29,5.2,11.2,3.2,5.1,3.4000000000000004,False,False,,,,,,,,,COMPLETE
2939,-1000000000.0,2026-04-01 08:49:12.921949,2026-04-01 08:49:15.541242,0 days 00:00:02.619293,18,2.5,21,2,15,1.05,0.7,5,35,89,90,5,1.05,2.6,1.45,1.7,26,5.2,10.4,3.0,5.4,3.4000000000000004,False,False,,,,,,,,,COMPLETE
2940,1.891814285714286,2026-04-01 08:49:15.586059,2026-04-01 08:49:18.161453,0 days 00:00:02.575394,18,2.4,21,2,15,1.0,0.7,5,35,90,90,5,1.15,2.6,1.45,1.7,27,5.2,10.8,3.1,5.5,3.5,False,False,"{'GOOG': 0.3332, 'AAPL': 0.2, 'BRK-B': 0.1633, 'MSFT': 0.1198, 'AMZN': 0.107, 'AVGO': 0.0767}",0.284,1.2809,"{2025: 1.7725, 2026: -1.2045}",1.8918,"['GOOG', 'AAPL', 'BRK-B', 'MSFT', 'AMZN', 'AVGO']",1.6078,"{2018: 0.8298, 2019: 1.7714, 2020: 3.221, 2021: 1.6992, 2022: -0.9293, 2023: 2.6316, 2024: 2.031}",COMPLETE
2941,-1000000000.0,2026-04-01 08:49:18.202738,2026-04-01 08:49:20.805713,0 days 00:00:02.602975,18,2.45,21,2,15,1.05,0.7,5,35,91,90,5,1.1,2.5,1.45,1.8,28,5.2,11.0,3.2,5.2,3.4000000000000004,False,False,,,,,,,,,COMPLETE
2942,-1000000000.0,2026-04-01 08:49:20.846537,2026-04-01 08:49:23.758530,0 days 00:00:02.911993,18,2.5,21,2,15,1.0,0.7,5,35,90,90,5,1.15,2.5,1.4,1.7,27,5.2,10.8,3.0,5.300000000000001,3.5,False,False,,,,,,,,,COMPLETE
2943,-1000000000.0,2026-04-01 08:49:23.828863,2026-04-01 08:49:27.849366,0 days 00:00:04.020503,18,2.4,21,2,15,1.05,0.7,5,35,89,90,5,1.1,2.6,1.45,1.8,27,5.2,10.6,3.1,5.300000000000001,3.5,False,False,,,,,,,,,COMPLETE
2944,-1000000000.0,2026-04-01 08:49:27.919926,2026-04-01 08:49:31.695046,0 days 00:00:03.775120,18,2.45,21,2,15,1.0,0.7,5,35,91,90,5,1.05,2.6,1.5,1.7,26,5.1,11.2,3.0,5.2,3.4000000000000004,False,False,,,,,,,,,COMPLETE
2945,-1000000000.0,2026-04-01 08:49:31.741829,2026-04-01 08:49:35.504589,0 days 00:00:03.762760,18,2.45,21,2,15,1.0,0.7,5,35,90,90,5,1.1,2.5,1.45,1.7,28,5.2,10.4,3.2,5.1,3.4000000000000004,False,False,,,,,,,,,COMPLETE
2946,-1000000000.0,2026-04-01 08:49:35.549911,2026-04-01 08:49:39.664048,0 days 00:00:04.114137,18,2.5,21,2,15,1.0,0.7,5,35,89,90,5,1.15,2.6,1.4,1.8,27,5.1,10.8,3.1,5.4,3.5,False,False,,,,,,,,,COMPLETE
2947,-1000000000.0,2026-04-01 08:49:39.733558,2026-04-01 08:49:43.370390,0 days 00:00:03.636832,18,2.4,21,2,15,1.05,0.7,5,35,90,90,5,1.05,2.5,1.4,1.7,29,5.2,10.6,3.1,5.300000000000001,3.5,False,False,,,,,,,,,COMPLETE
2948,1.8119785714285714,2026-04-01 08:49:43.422611,2026-04-01 08:49:47.629896,0 days 00:00:04.207285,18,2.45,21,2,15,1.0,0.7,5,35,91,90,5,1.1,2.6,1.45,1.8,26,5.1,11.0,3.0,5.4,3.4000000000000004,False,False,"{'GOOG': 0.2248, 'MSFT': 0.2021, 'BRK-B': 0.2019, 'AAPL': 0.1793, 'AMZN': 0.1011, 'NVDA': 0.0909}",0.3102,1.3928,"{2025: 1.9155, 2026: -1.2952}",1.812,"['GOOG', 'MSFT', 'BRK-B', 'AAPL', 'AMZN', 'NVDA']",1.5018,"{2018: 1.3371, 2019: 1.8093, 2020: 3.3537, 2021: 1.7932, 2022: -1.0255, 2023: 1.8111, 2024: 1.4339}",COMPLETE
