number,value,state,datetime_start,datetime_complete,duration_seconds,params_json,fold_sharpes_json,avg_cv_sharpe
139,-1000000000.0,TrialState.COMPLETE,2026-04-01T08:46:14.931582,2026-04-01T08:46:14.958636,0.027054,"{""atr_window"": 20, ""bb_std_dev"": 2.35, ""bb_window"": 23, ""cooldown"": 1, ""macd_fast"": 19, ""macd_k"": 1.15, ""macd_k_mid"": 0.5, ""macd_signal"": 7, ""macd_slow"": 44, ""macd_std_window"": 70, ""rebalance_freq"": 60, ""rebounce_block"": 0, ""sl_mult_lm"": 2.1500000000000004, ""sl_mult_lr"": 2.5, ""sl_mult_sm"": 1.85, ""sl_mult_sr"": 2.2, ""time_stop"": 7, ""tp_mult_lm"": 4.9, ""tp_mult_lr"": 12.600000000000001, ""tp_mult_sm"": 6.0, ""tp_mult_sr"": 4.5, ""trail_mult"": 3.4000000000000004, ""trail_tp"": true, ""use_trailing"": true}",{},
140,-1000000000.0,TrialState.COMPLETE,2026-04-01T08:46:15.010277,2026-04-01T08:46:18.192442,3.182165,"{""atr_window"": 16, ""bb_std_dev"": 1.5, ""bb_window"": 17, ""cooldown"": 0, ""macd_fast"": 14, ""macd_k"": 1.45, ""macd_k_mid"": 1.0, ""macd_signal"": 8, ""macd_slow"": 36, ""macd_std_window"": 94, ""rebalance_freq"": 120, ""rebounce_block"": 5, ""sl_mult_lm"": 2.1, ""sl_mult_lr"": 4.1, ""sl_mult_sm"": 1.8, ""sl_mult_sr"": 2.1, ""time_stop"": 1, ""tp_mult_lm"": 5.0, ""tp_mult_lr"": 10.6, ""tp_mult_sm"": 4.3, ""tp_mult_sr"": 5.1, ""trail_mult"": 2.6, ""trail_tp"": false, ""use_trailing"": true}",{},
2881,-1000000000.0,TrialState.COMPLETE,2026-04-01T08:46:14.960839,2026-04-01T08:46:18.241606,3.280767,"{""atr_window"": 18, ""bb_std_dev"": 2.45, ""bb_window"": 21, ""cooldown"": 2, ""macd_fast"": 15, ""macd_k"": 1.05, ""macd_k_mid"": 0.7, ""macd_signal"": 5, ""macd_slow"": 35, ""macd_std_window"": 91, ""rebalance_freq"": 90, ""rebounce_block"": 5, ""sl_mult_lm"": 1.15, ""sl_mult_lr"": 2.5, ""sl_mult_sm"": 1.4, ""sl_mult_sr"": 1.7, ""time_stop"": 28, ""tp_mult_lm"": 5.1, ""tp_mult_lr"": 10.6, ""tp_mult_sm"": 3.2, ""tp_mult_sr"": 5.5, ""trail_mult"": 3.5, ""trail_tp"": false, ""use_trailing"": false}",{},
141,-1000000000.0,TrialState.COMPLETE,2026-04-01T08:46:18.246618,2026-04-01T08:46:18.285864,0.039246,"{""atr_window"": 15, ""bb_std_dev"": 2.1, ""bb_window"": 17, ""cooldown"": 1, ""macd_fast"": 13, ""macd_k"": 1.75, ""macd_k_mid"": 0.6, ""macd_signal"": 9, ""macd_slow"": 40, ""macd_std_window"": 83, ""rebalance_freq"": 150, ""rebounce_block"": 4, ""sl_mult_lm"": 1.05, ""sl_mult_lr"": 2.6, ""sl_mult_sm"": 1.55, ""sl_mult_sr"": 1.7, ""time_stop"": 16, ""tp_mult_lm"": 4.4, ""tp_mult_lr"": 8.4, ""tp_mult_sm"": 5.1, ""tp_mult_sr"": 5.2, ""trail_mult"": 3.2, ""trail_tp"": false, ""use_trailing"": true}",{},
142,-1000000000.0,TrialState.COMPLETE,2026-04-01T08:46:18.324028,2026-04-01T08:46:18.349012,0.024984,"{""atr_window"": 15, ""bb_std_dev"": 2.05, ""bb_window"": 16, ""cooldown"": 1, ""macd_fast"": 14, ""macd_k"": 1.7000000000000002, ""macd_k_mid"": 1.0, ""macd_signal"": 9, ""macd_slow"": 37, ""macd_std_window"": 82, ""rebalance_freq"": 150, ""rebounce_block"": 4, ""sl_mult_lm"": 1.9500000000000002, ""sl_mult_lr"": 4.6, ""sl_mult_sm"": 1.65, ""sl_mult_sr"": 1.8, ""time_stop"": 14, ""tp_mult_lm"": 4.3, ""tp_mult_lr"": 14.8, ""tp_mult_sm"": 4.6, ""tp_mult_sr"": 4.0, ""trail_mult"": 3.1, ""trail_tp"": false, ""use_trailing"": true}",{},
143,-1000000000.0,TrialState.COMPLETE,2026-04-01T08:46:18.387991,2026-04-01T08:46:18.412336,0.024345,"{""atr_window"": 14, ""bb_std_dev"": 2.0, ""bb_window"": 15, ""cooldown"": 1, ""macd_fast"": 13, ""macd_k"": 1.65, ""macd_k_mid"": 0.8, ""macd_signal"": 9, ""macd_slow"": 39, ""macd_std_window"": 81, ""rebalance_freq"": 150, ""rebounce_block"": 4, ""sl_mult_lm"": 1.3, ""sl_mult_lr"": 2.7, ""sl_mult_sm"": 1.6, ""sl_mult_sr"": 1.7, ""time_stop"": 17, ""tp_mult_lm"": 5.2, ""tp_mult_lr"": 14.600000000000001, ""tp_mult_sm"": 4.9, ""tp_mult_sr"": 6.2, ""trail_mult"": 3.2, ""trail_tp"": false, ""use_trailing"": true}",{},
144,-1000000000.0,TrialState.COMPLETE,2026-04-01T08:46:18.450200,2026-04-01T08:46:18.477334,0.027134,"{""atr_window"": 16, ""bb_std_dev"": 2.45, ""bb_window"": 15, ""cooldown"": 1, ""macd_fast"": 12, ""macd_k"": 1.6, ""macd_k_mid"": 0.95, ""macd_signal"": 9, ""macd_slow"": 40, ""macd_std_window"": 93, ""rebalance_freq"": 150, ""rebounce_block"": 3, ""sl_mult_lm"": 1.15, ""sl_mult_lr"": 2.3, ""sl_mult_sm"": 1.7000000000000002, ""sl_mult_sr"": 1.5, ""time_stop"": 13, ""tp_mult_lm"": 5.4, ""tp_mult_lr"": 15.8, ""tp_mult_sm"": 3.8, ""tp_mult_sr"": 4.3, ""trail_mult"": 3.0, ""trail_tp"": false, ""use_trailing"": true}",{},
2882,1.1698714285714285,TrialState.COMPLETE,2026-04-01T08:46:18.321307,2026-04-01T08:46:21.605296,3.283989,"{""atr_window"": 18, ""bb_std_dev"": 2.5, ""bb_window"": 21, ""cooldown"": 2, ""macd_fast"": 15, ""macd_k"": 1.0, ""macd_k_mid"": 0.7, ""macd_signal"": 5, ""macd_slow"": 35, ""macd_std_window"": 89, ""rebalance_freq"": 90, ""rebounce_block"": 5, ""sl_mult_lm"": 1.1, ""sl_mult_lr"": 2.7, ""sl_mult_sm"": 1.45, ""sl_mult_sr"": 1.8, ""time_stop"": 26, ""tp_mult_lm"": 5.2, ""tp_mult_lr"": 10.8, ""tp_mult_sm"": 3.0, ""tp_mult_sr"": 5.2, ""trail_mult"": 3.4000000000000004, ""trail_tp"": false, ""use_trailing"": false}",{},
145,-1000000000.0,TrialState.COMPLETE,2026-04-01T08:46:18.515041,2026-04-01T08:46:21.641001,3.12596,"{""atr_window"": 10, ""bb_std_dev"": 2.5, ""bb_window"": 20, ""cooldown"": 2, ""macd_fast"": 20, ""macd_k"": 1.7000000000000002, ""macd_k_mid"": 0.9, ""macd_signal"": 6, ""macd_slow"": 36, ""macd_std_window"": 84, ""rebalance_freq"": 150, ""rebounce_block"": 6, ""sl_mult_lm"": 1.25, ""sl_mult_lr"": 4.7, ""sl_mult_sm"": 1.0, ""sl_mult_sr"": 1.9, ""time_stop"": 21, ""tp_mult_lm"": 4.7, ""tp_mult_lr"": 10.0, ""tp_mult_sm"": 5.4, ""tp_mult_sr"": 4.9, ""trail_mult"": 2.0, ""trail_tp"": false, ""use_trailing"": false}",{},
146,-1000000000.0,TrialState.COMPLETE,2026-04-01T08:46:21.675353,2026-04-01T08:46:21.696157,0.020804,"{""atr_window"": 18, ""bb_std_dev"": 1.9, ""bb_window"": 14, ""cooldown"": 3, ""macd_fast"": 15, ""macd_k"": 1.55, ""macd_k_mid"": 1.0, ""macd_signal"": 8, ""macd_slow"": 41, ""macd_std_window"": 77, ""rebalance_freq"": 180, ""rebounce_block"": 4, ""sl_mult_lm"": 1.1, ""sl_mult_lr"": 2.4, ""sl_mult_sm"": 1.3, ""sl_mult_sr"": 2.8, ""time_stop"": 15, ""tp_mult_lm"": 4.8, ""tp_mult_lr"": 14.2, ""tp_mult_sm"": 4.8, ""tp_mult_sr"": 4.7, ""trail_mult"": 1.9, ""trail_tp"": true, ""use_trailing"": true}",{},
147,-1000000000.0,TrialState.COMPLETE,2026-04-01T08:46:21.728914,2026-04-01T08:46:21.749867,0.020953,"{""atr_window"": 19, ""bb_std_dev"": 1.75, ""bb_window"": 17, ""cooldown"": 1, ""macd_fast"": 11, ""macd_k"": 1.85, ""macd_k_mid"": 0.95, ""macd_signal"": 10, ""macd_slow"": 39, ""macd_std_window"": 90, ""rebalance_freq"": 120, ""rebounce_block"": 6, ""sl_mult_lm"": 1.0, ""sl_mult_lr"": 3.6, ""sl_mult_sm"": 1.2, ""sl_mult_sr"": 2.9000000000000004, ""time_stop"": 30, ""tp_mult_lm"": 5.9, ""tp_mult_lr"": 17.0, ""tp_mult_sm"": 4.9, ""tp_mult_sr"": 6.7, ""trail_mult"": 3.1, ""trail_tp"": false, ""use_trailing"": true}",{},
148,-1000000000.0,TrialState.COMPLETE,2026-04-01T08:46:21.800578,2026-04-01T08:46:21.822291,0.021713,"{""atr_window"": 13, ""bb_std_dev"": 1.7, ""bb_window"": 21, ""cooldown"": 5, ""macd_fast"": 14, ""macd_k"": 1.05, ""macd_k_mid"": 0.55, ""macd_signal"": 7, ""macd_slow"": 38, ""macd_std_window"": 80, ""rebalance_freq"": 30, ""rebounce_block"": 3, ""sl_mult_lm"": 1.35, ""sl_mult_lr"": 2.4, ""sl_mult_sm"": 1.5, ""sl_mult_sr"": 2.1, ""time_stop"": 23, ""tp_mult_lm"": 5.7, ""tp_mult_lr"": 15.0, ""tp_mult_sm"": 6.300000000000001, ""tp_mult_sr"": 5.5, ""trail_mult"": 2.1, ""trail_tp"": true, ""use_trailing"": false}",{},
149,-1000000000.0,TrialState.COMPLETE,2026-04-01T08:46:21.854681,2026-04-01T08:46:21.876611,0.02193,"{""atr_window"": 16, ""bb_std_dev"": 2.25, ""bb_window"": 14, ""cooldown"": 0, ""macd_fast"": 13, ""macd_k"": 1.65, ""macd_k_mid"": 0.55, ""macd_signal"": 9, ""macd_slow"": 37, ""macd_std_window"": 92, ""rebalance_freq"": 30, ""rebounce_block"": 5, ""sl_mult_lm"": 2.05, ""sl_mult_lr"": 2.8, ""sl_mult_sm"": 1.65, ""sl_mult_sr"": 1.7, ""time_stop"": 9, ""tp_mult_lm"": 5.6, ""tp_mult_lr"": 13.600000000000001, ""tp_mult_sm"": 6.1, ""tp_mult_sr"": 4.6, ""trail_mult"": 3.5, ""trail_tp"": false, ""use_trailing"": true}",{},
150,-1000000000.0,TrialState.COMPLETE,2026-04-01T08:46:22.188110,2026-04-01T08:46:22.359529,0.171419,"{""atr_window"": 17, ""bb_std_dev"": 2.05, ""bb_window"": 16, ""cooldown"": 2, ""macd_fast"": 17, ""macd_k"": 1.1, ""macd_k_mid"": 0.5, ""macd_signal"": 10, ""macd_slow"": 43, ""macd_std_window"": 97, ""rebalance_freq"": 90, ""rebounce_block"": 2, ""sl_mult_lm"": 1.25, ""sl_mult_lr"": 2.5, ""sl_mult_sm"": 1.05, ""sl_mult_sr"": 2.0, ""time_stop"": 27, ""tp_mult_lm"": 5.1, ""tp_mult_lr"": 8.8, ""tp_mult_sm"": 3.0, ""tp_mult_sr"": 3.1, ""trail_mult"": 2.8, ""trail_tp"": true, ""use_trailing"": true}",{},
151,-1000000000.0,TrialState.COMPLETE,2026-04-01T08:46:22.417531,2026-04-01T08:46:22.442109,0.024578,"{""atr_window"": 20, ""bb_std_dev"": 2.3, ""bb_window"": 14, ""cooldown"": 2, ""macd_fast"": 10, ""macd_k"": 1.2, ""macd_k_mid"": 0.6, ""macd_signal"": 8, ""macd_slow"": 39, ""macd_std_window"": 78, ""rebalance_freq"": 150, ""rebounce_block"": 3, ""sl_mult_lm"": 1.45, ""sl_mult_lr"": 3.0, ""sl_mult_sm"": 1.9, ""sl_mult_sr"": 2.4, ""time_stop"": 3, ""tp_mult_lm"": 6.0, ""tp_mult_lr"": 9.8, ""tp_mult_sm"": 6.7, ""tp_mult_sr"": 3.8, ""trail_mult"": 3.7, ""trail_tp"": false, ""use_trailing"": true}",{},
152,-1000000000.0,TrialState.COMPLETE,2026-04-01T08:46:22.485793,2026-04-01T08:46:22.523458,0.037665,"{""atr_window"": 19, ""bb_std_dev"": 2.0, ""bb_window"": 14, ""cooldown"": 2, ""macd_fast"": 10, ""macd_k"": 1.2, ""macd_k_mid"": 0.6, ""macd_signal"": 8, ""macd_slow"": 40, ""macd_std_window"": 71, ""rebalance_freq"": 150, ""rebounce_block"": 3, ""sl_mult_lm"": 1.4, ""sl_mult_lr"": 3.3, ""sl_mult_sm"": 1.9500000000000002, ""sl_mult_sr"": 2.5, ""time_stop"": 28, ""tp_mult_lm"": 6.0, ""tp_mult_lr"": 9.2, ""tp_mult_sm"": 5.6, ""tp_mult_sr"": 3.9, ""trail_mult"": 3.8000000000000003, ""trail_tp"": false, ""use_trailing"": true}",{},
153,-1000000000.0,TrialState.COMPLETE,2026-04-01T08:46:22.567735,2026-04-01T08:46:22.595772,0.028037,"{""atr_window"": 20, ""bb_std_dev"": 2.35, ""bb_window"": 15, ""cooldown"": 2, ""macd_fast"": 10, ""macd_k"": 1.3, ""macd_k_mid"": 0.8500000000000001, ""macd_signal"": 8, ""macd_slow"": 39, ""macd_std_window"": 75, ""rebalance_freq"": 150, ""rebounce_block"": 3, ""sl_mult_lm"": 2.0, ""sl_mult_lr"": 3.4000000000000004, ""sl_mult_sm"": 1.55, ""sl_mult_sr"": 1.6, ""time_stop"": 5, ""tp_mult_lm"": 5.9, ""tp_mult_lr"": 13.2, ""tp_mult_sm"": 5.300000000000001, ""tp_mult_sr"": 3.6, ""trail_mult"": 1.7, ""trail_tp"": false, ""use_trailing"": true}",{},
154,-1000000000.0,TrialState.COMPLETE,2026-04-01T08:46:22.641928,2026-04-01T08:46:22.671054,0.029126,"{""atr_window"": 18, ""bb_std_dev"": 2.45, ""bb_window"": 14, ""cooldown"": 4, ""macd_fast"": 10, ""macd_k"": 1.65, ""macd_k_mid"": 0.6, ""macd_signal"": 8, ""macd_slow"": 42, ""macd_std_window"": 76, ""rebalance_freq"": 150, ""rebounce_block"": 0, ""sl_mult_lm"": 1.3, ""sl_mult_lr"": 3.7, ""sl_mult_sm"": 1.9, ""sl_mult_sr"": 2.3, ""time_stop"": 18, ""tp_mult_lm"": 4.5, ""tp_mult_lr"": 9.6, ""tp_mult_sm"": 5.6, ""tp_mult_sr"": 5.300000000000001, ""trail_mult"": 3.9000000000000004, ""trail_tp"": false, ""use_trailing"": true}",{},
155,-1000000000.0,TrialState.COMPLETE,2026-04-01T08:46:22.712503,2026-04-01T08:46:22.736691,0.024188,"{""atr_window"": 20, ""bb_std_dev"": 2.4, ""bb_window"": 19, ""cooldown"": 2, ""macd_fast"": 12, ""macd_k"": 1.5, ""macd_k_mid"": 0.55, ""macd_signal"": 9, ""macd_slow"": 38, ""macd_std_window"": 99, ""rebalance_freq"": 180, ""rebounce_block"": 4, ""sl_mult_lm"": 1.6, ""sl_mult_lr"": 3.3, ""sl_mult_sm"": 1.9500000000000002, ""sl_mult_sr"": 2.6, ""time_stop"": 8, ""tp_mult_lm"": 4.6, ""tp_mult_lr"": 12.8, ""tp_mult_sm"": 5.800000000000001, ""tp_mult_sr"": 6.4, ""trail_mult"": 3.8000000000000003, ""trail_tp"": false, ""use_trailing"": false}",{},
156,-1000000000.0,TrialState.COMPLETE,2026-04-01T08:46:22.792850,2026-04-01T08:46:22.817277,0.024427,"{""atr_window"": 19, ""bb_std_dev"": 1.95, ""bb_window"": 14, ""cooldown"": 1, ""macd_fast"": 11, ""macd_k"": 1.25, ""macd_k_mid"": 0.65, ""macd_signal"": 8, ""macd_slow"": 44, ""macd_std_window"": 70, ""rebalance_freq"": 120, ""rebounce_block"": 1, ""sl_mult_lm"": 1.0, ""sl_mult_lr"": 2.6, ""sl_mult_sm"": 1.45, ""sl_mult_sr"": 1.5, ""time_stop"": 25, ""tp_mult_lm"": 5.9, ""tp_mult_lr"": 10.8, ""tp_mult_sm"": 4.5, ""tp_mult_sr"": 4.0, ""trail_mult"": 3.3, ""trail_tp"": true, ""use_trailing"": true}",{},
157,-1000000000.0,TrialState.COMPLETE,2026-04-01T08:46:22.855706,2026-04-01T08:46:22.880001,0.024295,"{""atr_window"": 15, ""bb_std_dev"": 2.3, ""bb_window"": 15, ""cooldown"": 3, ""macd_fast"": 16, ""macd_k"": 1.6, ""macd_k_mid"": 0.6, ""macd_signal"": 6, ""macd_slow"": 40, ""macd_std_window"": 72, ""rebalance_freq"": 180, ""rebounce_block"": 3, ""sl_mult_lm"": 2.1500000000000004, ""sl_mult_lr"": 2.9, ""sl_mult_sm"": 2.0, ""sl_mult_sr"": 1.6, ""time_stop"": 7, ""tp_mult_lm"": 5.800000000000001, ""tp_mult_lr"": 10.4, ""tp_mult_sm"": 5.1, ""tp_mult_sr"": 4.1, ""trail_mult"": 3.7, ""trail_tp"": false, ""use_trailing"": true}",{},
2883,2.7539499999999997,TrialState.COMPLETE,2026-04-01T08:46:21.646126,2026-04-01T08:46:26.505596,4.85947,"{""atr_window"": 18, ""bb_std_dev"": 2.45, ""bb_window"": 21, ""cooldown"": 2, ""macd_fast"": 15, ""macd_k"": 1.0, ""macd_k_mid"": 0.7, ""macd_signal"": 5, ""macd_slow"": 35, ""macd_std_window"": 90, ""rebalance_freq"": 90, ""rebounce_block"": 5, ""sl_mult_lm"": 1.1, ""sl_mult_lr"": 2.6, ""sl_mult_sm"": 1.45, ""sl_mult_sr"": 1.7, ""time_stop"": 27, ""tp_mult_lm"": 5.1, ""tp_mult_lr"": 10.6, ""tp_mult_sm"": 3.1, ""tp_mult_sr"": 5.4, ""trail_mult"": 3.4000000000000004, ""trail_tp"": false, ""use_trailing"": false}",{},
158,-1000000000.0,TrialState.COMPLETE,2026-04-01T08:46:22.916095,2026-04-01T08:46:27.268808,4.352713,"{""atr_window"": 19, ""bb_std_dev"": 2.35, ""bb_window"": 24, ""cooldown"": 2, ""macd_fast"": 20, ""macd_k"": 1.15, ""macd_k_mid"": 0.7, ""macd_signal"": 5, ""macd_slow"": 38, ""macd_std_window"": 89, ""rebalance_freq"": 150, ""rebounce_block"": 2, ""sl_mult_lm"": 1.5, ""sl_mult_lr"": 3.2, ""sl_mult_sm"": 1.15, ""sl_mult_sr"": 2.2, ""time_stop"": 29, ""tp_mult_lm"": 4.9, ""tp_mult_lr"": 13.4, ""tp_mult_sm"": 3.1, ""tp_mult_sr"": 3.8, ""trail_mult"": 4.0, ""trail_tp"": true, ""use_trailing"": false}",{},
159,-1000000000.0,TrialState.COMPLETE,2026-04-01T08:46:27.355838,2026-04-01T08:46:27.379999,0.024161,"{""atr_window"": 17, ""bb_std_dev"": 2.5, ""bb_window"": 20, ""cooldown"": 0, ""macd_fast"": 14, ""macd_k"": 1.0, ""macd_k_mid"": 0.5, ""macd_signal"": 8, ""macd_slow"": 42, ""macd_std_window"": 91, ""rebalance_freq"": 120, ""rebounce_block"": 6, ""sl_mult_lm"": 2.05, ""sl_mult_lr"": 3.6, ""sl_mult_sm"": 1.85, ""sl_mult_sr"": 3.5, ""time_stop"": 4, ""tp_mult_lm"": 3.5, ""tp_mult_lr"": 12.4, ""tp_mult_sm"": 3.7, ""tp_mult_sr"": 3.4, ""trail_mult"": 2.3, ""trail_tp"": false, ""use_trailing"": true}",{},
160,-1000000000.0,TrialState.COMPLETE,2026-04-01T08:46:27.415875,2026-04-01T08:46:27.439920,0.024045,"{""atr_window"": 20, ""bb_std_dev"": 1.7, ""bb_window"": 25, ""cooldown"": 3, ""macd_fast"": 13, ""macd_k"": 1.25, ""macd_k_mid"": 0.75, ""macd_signal"": 7, ""macd_slow"": 39, ""macd_std_window"": 81, ""rebalance_freq"": 30, ""rebounce_block"": 5, ""sl_mult_lm"": 1.05, ""sl_mult_lr"": 3.4000000000000004, ""sl_mult_sm"": 1.5, ""sl_mult_sr"": 2.4, ""time_stop"": 10, ""tp_mult_lm"": 4.2, ""tp_mult_lr"": 12.2, ""tp_mult_sm"": 5.4, ""tp_mult_sr"": 3.7, ""trail_mult"": 2.5, ""trail_tp"": true, ""use_trailing"": true}",{},
161,-1000000000.0,TrialState.COMPLETE,2026-04-01T08:46:27.475491,2026-04-01T08:46:27.499370,0.023879,"{""atr_window"": 16, ""bb_std_dev"": 1.4, ""bb_window"": 17, ""cooldown"": 1, ""macd_fast"": 18, ""macd_k"": 1.4, ""macd_k_mid"": 0.8, ""macd_signal"": 7, ""macd_slow"": 41, ""macd_std_window"": 85, ""rebalance_freq"": 180, ""rebounce_block"": 5, ""sl_mult_lm"": 1.2, ""sl_mult_lr"": 2.5, ""sl_mult_sm"": 1.75, ""sl_mult_sr"": 1.9, ""time_stop"": 11, ""tp_mult_lm"": 5.3, ""tp_mult_lr"": 11.4, ""tp_mult_sm"": 3.6, ""tp_mult_sr"": 6.1, ""trail_mult"": 2.9000000000000004, ""trail_tp"": true, ""use_trailing"": true}",{},
162,-1000000000.0,TrialState.COMPLETE,2026-04-01T08:46:27.534258,2026-04-01T08:46:27.597180,0.062922,"{""atr_window"": 16, ""bb_std_dev"": 1.45, ""bb_window"": 18, ""cooldown"": 1, ""macd_fast"": 17, ""macd_k"": 1.35, ""macd_k_mid"": 0.9, ""macd_signal"": 7, ""macd_slow"": 40, ""macd_std_window"": 86, ""rebalance_freq"": 180, ""rebounce_block"": 5, ""sl_mult_lm"": 1.25, ""sl_mult_lr"": 2.1, ""sl_mult_sm"": 1.65, ""sl_mult_sr"": 1.8, ""time_stop"": 16, ""tp_mult_lm"": 5.4, ""tp_mult_lr"": 12.0, ""tp_mult_sm"": 3.5, ""tp_mult_sr"": 7.0, ""trail_mult"": 3.0, ""trail_tp"": true, ""use_trailing"": true}",{},
163,-1000000000.0,TrialState.COMPLETE,2026-04-01T08:46:27.634484,2026-04-01T08:46:27.658838,0.024354,"{""atr_window"": 17, ""bb_std_dev"": 1.65, ""bb_window"": 18, ""cooldown"": 1, ""macd_fast"": 17, ""macd_k"": 1.3, ""macd_k_mid"": 0.8500000000000001, ""macd_signal"": 7, ""macd_slow"": 41, ""macd_std_window"": 82, ""rebalance_freq"": 180, ""rebounce_block"": 4, ""sl_mult_lm"": 1.2, ""sl_mult_lr"": 2.4, ""sl_mult_sm"": 1.7000000000000002, ""sl_mult_sr"": 2.0, ""time_stop"": 12, ""tp_mult_lm"": 5.2, ""tp_mult_lr"": 9.8, ""tp_mult_sm"": 5.5, ""tp_mult_sr"": 6.9, ""trail_mult"": 2.7, ""trail_tp"": true, ""use_trailing"": true}",{},
164,-1000000000.0,TrialState.COMPLETE,2026-04-01T08:46:27.696616,2026-04-01T08:46:27.746841,0.050225,"{""atr_window"": 11, ""bb_std_dev"": 1.8499999999999999, ""bb_window"": 17, ""cooldown"": 1, ""macd_fast"": 16, ""macd_k"": 1.35, ""macd_k_mid"": 1.0, ""macd_signal"": 6, ""macd_slow"": 42, ""macd_std_window"": 91, ""rebalance_freq"": 180, ""rebounce_block"": 5, ""sl_mult_lm"": 1.35, ""sl_mult_lr"": 5.0, ""sl_mult_sm"": 1.6, ""sl_mult_sr"": 3.4000000000000004, ""time_stop"": 12, ""tp_mult_lm"": 5.5, ""tp_mult_lr"": 8.2, ""tp_mult_sm"": 6.2, ""tp_mult_sr"": 5.800000000000001, ""trail_mult"": 3.1, ""trail_tp"": true, ""use_trailing"": true}",{},
165,-1000000000.0,TrialState.COMPLETE,2026-04-01T08:46:27.782636,2026-04-01T08:46:27.806781,0.024145,"{""atr_window"": 14, ""bb_std_dev"": 1.4, ""bb_window"": 18, ""cooldown"": 2, ""macd_fast"": 15, ""macd_k"": 1.5, ""macd_k_mid"": 0.75, ""macd_signal"": 9, ""macd_slow"": 41, ""macd_std_window"": 79, ""rebalance_freq"": 150, ""rebounce_block"": 6, ""sl_mult_lm"": 1.7000000000000002, ""sl_mult_lr"": 2.5, ""sl_mult_sm"": 1.8, ""sl_mult_sr"": 1.8, ""time_stop"": 2, ""tp_mult_lm"": 5.3, ""tp_mult_lr"": 11.4, ""tp_mult_sm"": 7.0, ""tp_mult_sr"": 6.800000000000001, ""trail_mult"": 1.8, ""trail_tp"": true, ""use_trailing"": false}",{},
2884,-1000000000.0,TrialState.COMPLETE,2026-04-01T08:46:26.599177,2026-04-01T08:46:31.103832,4.504655,"{""atr_window"": 18, ""bb_std_dev"": 2.5, ""bb_window"": 21, ""cooldown"": 2, ""macd_fast"": 15, ""macd_k"": 1.05, ""macd_k_mid"": 0.7, ""macd_signal"": 5, ""macd_slow"": 35, ""macd_std_window"": 91, ""rebalance_freq"": 90, ""rebounce_block"": 5, ""sl_mult_lm"": 1.15, ""sl_mult_lr"": 2.6, ""sl_mult_sm"": 1.4, ""sl_mult_sr"": 1.7, ""time_stop"": 28, ""tp_mult_lm"": 5.1, ""tp_mult_lr"": 10.4, ""tp_mult_sm"": 3.1, ""tp_mult_sr"": 5.5, ""trail_mult"": 3.5, ""trail_tp"": false, ""use_trailing"": false}",{},
166,-1000000000.0,TrialState.COMPLETE,2026-04-01T08:46:27.855161,2026-04-01T08:46:32.227439,4.372278,"{""atr_window"": 12, ""bb_std_dev"": 1.5999999999999999, ""bb_window"": 16, ""cooldown"": 0, ""macd_fast"": 18, ""macd_k"": 1.4, ""macd_k_mid"": 0.95, ""macd_signal"": 8, ""macd_slow"": 40, ""macd_std_window"": 87, ""rebalance_freq"": 60, ""rebounce_block"": 3, ""sl_mult_lm"": 1.3, ""sl_mult_lr"": 4.300000000000001, ""sl_mult_sm"": 1.25, ""sl_mult_sr"": 1.9, ""time_stop"": 9, ""tp_mult_lm"": 3.7, ""tp_mult_lr"": 11.8, ""tp_mult_sm"": 4.0, ""tp_mult_sr"": 5.9, ""trail_mult"": 2.9000000000000004, ""trail_tp"": false, ""use_trailing"": true}",{},
167,-1000000000.0,TrialState.COMPLETE,2026-04-01T08:46:32.262720,2026-04-01T08:46:32.317717,0.054997,"{""atr_window"": 15, ""bb_std_dev"": 1.5499999999999998, ""bb_window"": 20, ""cooldown"": 1, ""macd_fast"": 11, ""macd_k"": 1.15, ""macd_k_mid"": 0.55, ""macd_signal"": 7, ""macd_slow"": 37, ""macd_std_window"": 88, ""rebalance_freq"": 180, ""rebounce_block"": 2, ""sl_mult_lm"": 2.2, ""sl_mult_lr"": 2.3, ""sl_mult_sm"": 1.9, ""sl_mult_sr"": 3.1, ""time_stop"": 13, ""tp_mult_lm"": 5.2, ""tp_mult_lr"": 12.8, ""tp_mult_sm"": 3.3, ""tp_mult_sr"": 6.300000000000001, ""trail_mult"": 2.2, ""trail_tp"": true, ""use_trailing"": true}",{},
168,-1000000000.0,TrialState.COMPLETE,2026-04-01T08:46:32.372443,2026-04-01T08:46:32.418371,0.045928,"{""atr_window"": 10, ""bb_std_dev"": 2.25, ""bb_window"": 21, ""cooldown"": 4, ""macd_fast"": 10, ""macd_k"": 1.9, ""macd_k_mid"": 0.8, ""macd_signal"": 7, ""macd_slow"": 35, ""macd_std_window"": 71, ""rebalance_freq"": 90, ""rebounce_block"": 5, ""sl_mult_lm"": 1.15, ""sl_mult_lr"": 3.1, ""sl_mult_sm"": 1.65, ""sl_mult_sr"": 2.1, ""time_stop"": 14, ""tp_mult_lm"": 3.9, ""tp_mult_lr"": 14.2, ""tp_mult_sm"": 3.2, ""tp_mult_sr"": 5.0, ""trail_mult"": 2.4, ""trail_tp"": false, ""use_trailing"": false}",{},
