number,value,state,datetime_start,datetime_complete,duration_seconds,params_json,fold_sharpes_json,avg_cv_sharpe
2779,1.456107142857143,TrialState.COMPLETE,2026-04-01T08:30:33.225855,2026-04-01T08:30:35.632256,2.406401,"{""atr_window"": 18, ""bb_std_dev"": 2.45, ""bb_window"": 21, ""cooldown"": 2, ""macd_fast"": 15, ""macd_k"": 1.0, ""macd_k_mid"": 0.7, ""macd_signal"": 5, ""macd_slow"": 35, ""macd_std_window"": 90, ""rebalance_freq"": 90, ""rebounce_block"": 5, ""sl_mult_lm"": 1.1, ""sl_mult_lr"": 2.7, ""sl_mult_sm"": 1.4, ""sl_mult_sr"": 1.7, ""time_stop"": 28, ""tp_mult_lm"": 5.1, ""tp_mult_lr"": 10.8, ""tp_mult_sm"": 3.1, ""tp_mult_sr"": 5.300000000000001, ""trail_mult"": 3.5, ""trail_tp"": false, ""use_trailing"": false}",{},
2780,-1000000000.0,TrialState.COMPLETE,2026-04-01T08:30:35.675089,2026-04-01T08:30:38.166561,2.491472,"{""atr_window"": 18, ""bb_std_dev"": 2.45, ""bb_window"": 21, ""cooldown"": 2, ""macd_fast"": 15, ""macd_k"": 1.0, ""macd_k_mid"": 0.7, ""macd_signal"": 5, ""macd_slow"": 35, ""macd_std_window"": 89, ""rebalance_freq"": 90, ""rebounce_block"": 5, ""sl_mult_lm"": 1.05, ""sl_mult_lr"": 2.6, ""sl_mult_sm"": 1.45, ""sl_mult_sr"": 1.7, ""time_stop"": 27, ""tp_mult_lm"": 5.0, ""tp_mult_lr"": 10.6, ""tp_mult_sm"": 3.0, ""tp_mult_sr"": 5.4, ""trail_mult"": 3.4000000000000004, ""trail_tp"": false, ""use_trailing"": false}",{},
2781,-1000000000.0,TrialState.COMPLETE,2026-04-01T08:30:38.198895,2026-04-01T08:30:40.741040,2.542145,"{""atr_window"": 18, ""bb_std_dev"": 2.4, ""bb_window"": 21, ""cooldown"": 2, ""macd_fast"": 15, ""macd_k"": 1.0, ""macd_k_mid"": 0.7, ""macd_signal"": 5, ""macd_slow"": 35, ""macd_std_window"": 90, ""rebalance_freq"": 90, ""rebounce_block"": 5, ""sl_mult_lm"": 1.1, ""sl_mult_lr"": 2.6, ""sl_mult_sm"": 1.45, ""sl_mult_sr"": 1.7, ""time_stop"": 28, ""tp_mult_lm"": 5.1, ""tp_mult_lr"": 11.0, ""tp_mult_sm"": 3.0, ""tp_mult_sr"": 5.300000000000001, ""trail_mult"": 3.4000000000000004, ""trail_tp"": false, ""use_trailing"": false}",{},
2782,-1000000000.0,TrialState.COMPLETE,2026-04-01T08:30:40.773085,2026-04-01T08:30:43.328121,2.555036,"{""atr_window"": 18, ""bb_std_dev"": 2.4, ""bb_window"": 21, ""cooldown"": 2, ""macd_fast"": 15, ""macd_k"": 1.0, ""macd_k_mid"": 0.7, ""macd_signal"": 5, ""macd_slow"": 35, ""macd_std_window"": 91, ""rebalance_freq"": 90, ""rebounce_block"": 5, ""sl_mult_lm"": 1.05, ""sl_mult_lr"": 2.7, ""sl_mult_sm"": 1.45, ""sl_mult_sr"": 1.7, ""time_stop"": 27, ""tp_mult_lm"": 5.1, ""tp_mult_lr"": 10.8, ""tp_mult_sm"": 3.1, ""tp_mult_sr"": 5.4, ""trail_mult"": 3.5, ""trail_tp"": false, ""use_trailing"": false}",{},
2783,-1000000000.0,TrialState.COMPLETE,2026-04-01T08:30:43.371903,2026-04-01T08:30:46.253627,2.881724,"{""atr_window"": 18, ""bb_std_dev"": 2.45, ""bb_window"": 21, ""cooldown"": 2, ""macd_fast"": 15, ""macd_k"": 1.0, ""macd_k_mid"": 0.7, ""macd_signal"": 5, ""macd_slow"": 35, ""macd_std_window"": 90, ""rebalance_freq"": 90, ""rebounce_block"": 5, ""sl_mult_lm"": 1.1, ""sl_mult_lr"": 2.7, ""sl_mult_sm"": 1.4, ""sl_mult_sr"": 1.7, ""time_stop"": 28, ""tp_mult_lm"": 5.0, ""tp_mult_lr"": 10.6, ""tp_mult_sm"": 3.0, ""tp_mult_sr"": 5.300000000000001, ""trail_mult"": 3.4000000000000004, ""trail_tp"": false, ""use_trailing"": false}",{},
2784,2.6944357142857145,TrialState.COMPLETE,2026-04-01T08:30:46.329615,2026-04-01T08:30:48.805070,2.475455,"{""atr_window"": 18, ""bb_std_dev"": 2.45, ""bb_window"": 21, ""cooldown"": 2, ""macd_fast"": 15, ""macd_k"": 1.0, ""macd_k_mid"": 0.7, ""macd_signal"": 5, ""macd_slow"": 35, ""macd_std_window"": 89, ""rebalance_freq"": 90, ""rebounce_block"": 5, ""sl_mult_lm"": 1.1, ""sl_mult_lr"": 2.6, ""sl_mult_sm"": 1.45, ""sl_mult_sr"": 1.7, ""time_stop"": 27, ""tp_mult_lm"": 5.1, ""tp_mult_lr"": 11.0, ""tp_mult_sm"": 3.0, ""tp_mult_sr"": 5.300000000000001, ""trail_mult"": 3.5, ""trail_tp"": false, ""use_trailing"": false}",{},
2785,-1000000000.0,TrialState.COMPLETE,2026-04-01T08:30:48.840407,2026-04-01T08:30:51.501866,2.661459,"{""atr_window"": 18, ""bb_std_dev"": 2.45, ""bb_window"": 21, ""cooldown"": 2, ""macd_fast"": 15, ""macd_k"": 1.0, ""macd_k_mid"": 0.7, ""macd_signal"": 5, ""macd_slow"": 35, ""macd_std_window"": 91, ""rebalance_freq"": 90, ""rebounce_block"": 5, ""sl_mult_lm"": 1.05, ""sl_mult_lr"": 2.6, ""sl_mult_sm"": 1.45, ""sl_mult_sr"": 1.7, ""time_stop"": 27, ""tp_mult_lm"": 5.1, ""tp_mult_lr"": 10.8, ""tp_mult_sm"": 3.1, ""tp_mult_sr"": 5.2, ""trail_mult"": 3.4000000000000004, ""trail_tp"": false, ""use_trailing"": false}",{},
2786,-1000000000.0,TrialState.COMPLETE,2026-04-01T08:30:51.545078,2026-04-01T08:40:39.368523,587.823445,"{""atr_window"": 18, ""bb_std_dev"": 2.4, ""bb_window"": 21, ""cooldown"": 2, ""macd_fast"": 15, ""macd_k"": 1.0, ""macd_k_mid"": 0.7, ""macd_signal"": 5, ""macd_slow"": 35, ""macd_std_window"": 89, ""rebalance_freq"": 90, ""rebounce_block"": 5, ""sl_mult_lm"": 1.1, ""sl_mult_lr"": 2.6, ""sl_mult_sm"": 1.4, ""sl_mult_sr"": 1.7, ""time_stop"": 27, ""tp_mult_lm"": 5.0, ""tp_mult_lr"": 11.0, ""tp_mult_sm"": 3.1, ""tp_mult_sr"": 5.4, ""trail_mult"": 3.5, ""trail_tp"": false, ""use_trailing"": false}",{},
2787,1.5108857142857142,TrialState.COMPLETE,2026-04-01T08:40:39.509988,2026-04-01T08:40:42.524379,3.014391,"{""atr_window"": 18, ""bb_std_dev"": 2.45, ""bb_window"": 21, ""cooldown"": 2, ""macd_fast"": 15, ""macd_k"": 1.0, ""macd_k_mid"": 0.7, ""macd_signal"": 5, ""macd_slow"": 35, ""macd_std_window"": 90, ""rebalance_freq"": 90, ""rebounce_block"": 5, ""sl_mult_lm"": 1.1, ""sl_mult_lr"": 2.7, ""sl_mult_sm"": 1.4, ""sl_mult_sr"": 1.7, ""time_stop"": 28, ""tp_mult_lm"": 5.1, ""tp_mult_lr"": 10.6, ""tp_mult_sm"": 3.1, ""tp_mult_sr"": 5.2, ""trail_mult"": 3.4000000000000004, ""trail_tp"": false, ""use_trailing"": false}",{},
2788,-1000000000.0,TrialState.COMPLETE,2026-04-01T08:40:42.559459,2026-04-01T08:40:45.079270,2.519811,"{""atr_window"": 18, ""bb_std_dev"": 2.45, ""bb_window"": 21, ""cooldown"": 2, ""macd_fast"": 15, ""macd_k"": 1.0, ""macd_k_mid"": 0.7, ""macd_signal"": 5, ""macd_slow"": 35, ""macd_std_window"": 91, ""rebalance_freq"": 90, ""rebounce_block"": 5, ""sl_mult_lm"": 1.05, ""sl_mult_lr"": 2.6, ""sl_mult_sm"": 1.45, ""sl_mult_sr"": 1.7, ""time_stop"": 28, ""tp_mult_lm"": 5.1, ""tp_mult_lr"": 10.8, ""tp_mult_sm"": 3.0, ""tp_mult_sr"": 5.4, ""trail_mult"": 3.4000000000000004, ""trail_tp"": false, ""use_trailing"": false}",{},
2789,-1000000000.0,TrialState.COMPLETE,2026-04-01T08:40:45.115509,2026-04-01T08:40:47.805706,2.690197,"{""atr_window"": 18, ""bb_std_dev"": 2.4, ""bb_window"": 21, ""cooldown"": 2, ""macd_fast"": 15, ""macd_k"": 1.0, ""macd_k_mid"": 0.7, ""macd_signal"": 5, ""macd_slow"": 35, ""macd_std_window"": 91, ""rebalance_freq"": 90, ""rebounce_block"": 5, ""sl_mult_lm"": 1.1, ""sl_mult_lr"": 2.6, ""sl_mult_sm"": 1.45, ""sl_mult_sr"": 1.7, ""time_stop"": 27, ""tp_mult_lm"": 5.0, ""tp_mult_lr"": 10.6, ""tp_mult_sm"": 3.0, ""tp_mult_sr"": 5.300000000000001, ""trail_mult"": 3.4000000000000004, ""trail_tp"": false, ""use_trailing"": false}",{},
2790,-1000000000.0,TrialState.COMPLETE,2026-04-01T08:40:47.898461,2026-04-01T08:40:50.937432,3.038971,"{""atr_window"": 18, ""bb_std_dev"": 2.45, ""bb_window"": 21, ""cooldown"": 2, ""macd_fast"": 15, ""macd_k"": 1.0, ""macd_k_mid"": 0.7, ""macd_signal"": 5, ""macd_slow"": 35, ""macd_std_window"": 90, ""rebalance_freq"": 90, ""rebounce_block"": 5, ""sl_mult_lm"": 1.05, ""sl_mult_lr"": 2.7, ""sl_mult_sm"": 1.45, ""sl_mult_sr"": 1.7, ""time_stop"": 27, ""tp_mult_lm"": 5.1, ""tp_mult_lr"": 11.0, ""tp_mult_sm"": 3.1, ""tp_mult_sr"": 5.300000000000001, ""trail_mult"": 3.5, ""trail_tp"": false, ""use_trailing"": false}",{},
2791,-1000000000.0,TrialState.COMPLETE,2026-04-01T08:40:50.987233,2026-04-01T08:40:54.314813,3.32758,"{""atr_window"": 18, ""bb_std_dev"": 2.45, ""bb_window"": 21, ""cooldown"": 2, ""macd_fast"": 15, ""macd_k"": 1.0, ""macd_k_mid"": 0.7, ""macd_signal"": 5, ""macd_slow"": 35, ""macd_std_window"": 89, ""rebalance_freq"": 90, ""rebounce_block"": 5, ""sl_mult_lm"": 1.1, ""sl_mult_lr"": 2.6, ""sl_mult_sm"": 1.45, ""sl_mult_sr"": 1.7, ""time_stop"": 28, ""tp_mult_lm"": 5.0, ""tp_mult_lr"": 10.6, ""tp_mult_sm"": 3.0, ""tp_mult_sr"": 5.2, ""trail_mult"": 3.4000000000000004, ""trail_tp"": false, ""use_trailing"": false}",{},
2792,-1000000000.0,TrialState.COMPLETE,2026-04-01T08:40:54.356562,2026-04-01T08:40:56.949694,2.593132,"{""atr_window"": 18, ""bb_std_dev"": 2.4, ""bb_window"": 21, ""cooldown"": 2, ""macd_fast"": 15, ""macd_k"": 1.0, ""macd_k_mid"": 0.7, ""macd_signal"": 5, ""macd_slow"": 35, ""macd_std_window"": 90, ""rebalance_freq"": 90, ""rebounce_block"": 5, ""sl_mult_lm"": 1.1, ""sl_mult_lr"": 2.7, ""sl_mult_sm"": 1.4, ""sl_mult_sr"": 1.7, ""time_stop"": 27, ""tp_mult_lm"": 5.1, ""tp_mult_lr"": 10.8, ""tp_mult_sm"": 3.1, ""tp_mult_sr"": 5.4, ""trail_mult"": 3.5, ""trail_tp"": false, ""use_trailing"": false}",{},
2793,-1000000000.0,TrialState.COMPLETE,2026-04-01T08:40:56.989743,2026-04-01T08:40:59.556106,2.566363,"{""atr_window"": 18, ""bb_std_dev"": 2.45, ""bb_window"": 21, ""cooldown"": 2, ""macd_fast"": 15, ""macd_k"": 1.0, ""macd_k_mid"": 0.7, ""macd_signal"": 5, ""macd_slow"": 35, ""macd_std_window"": 91, ""rebalance_freq"": 90, ""rebounce_block"": 5, ""sl_mult_lm"": 1.05, ""sl_mult_lr"": 2.7, ""sl_mult_sm"": 1.45, ""sl_mult_sr"": 1.7, ""time_stop"": 27, ""tp_mult_lm"": 5.1, ""tp_mult_lr"": 11.0, ""tp_mult_sm"": 3.1, ""tp_mult_sr"": 5.2, ""trail_mult"": 3.4000000000000004, ""trail_tp"": false, ""use_trailing"": false}",{},
2794,1.57045,TrialState.COMPLETE,2026-04-01T08:40:59.589665,2026-04-01T08:41:02.036654,2.446989,"{""atr_window"": 18, ""bb_std_dev"": 2.4, ""bb_window"": 21, ""cooldown"": 2, ""macd_fast"": 15, ""macd_k"": 1.0, ""macd_k_mid"": 0.7, ""macd_signal"": 5, ""macd_slow"": 35, ""macd_std_window"": 89, ""rebalance_freq"": 90, ""rebounce_block"": 5, ""sl_mult_lm"": 1.1, ""sl_mult_lr"": 2.6, ""sl_mult_sm"": 1.45, ""sl_mult_sr"": 1.7, ""time_stop"": 27, ""tp_mult_lm"": 5.0, ""tp_mult_lr"": 10.6, ""tp_mult_sm"": 3.0, ""tp_mult_sr"": 5.4, ""trail_mult"": 3.5, ""trail_tp"": false, ""use_trailing"": false}",{},
2795,1.7065571428571427,TrialState.COMPLETE,2026-04-01T08:41:02.078666,2026-04-01T08:41:04.621800,2.543134,"{""atr_window"": 18, ""bb_std_dev"": 2.45, ""bb_window"": 21, ""cooldown"": 2, ""macd_fast"": 15, ""macd_k"": 1.0, ""macd_k_mid"": 0.7, ""macd_signal"": 5, ""macd_slow"": 35, ""macd_std_window"": 90, ""rebalance_freq"": 90, ""rebounce_block"": 5, ""sl_mult_lm"": 1.1, ""sl_mult_lr"": 2.6, ""sl_mult_sm"": 1.4, ""sl_mult_sr"": 1.7, ""time_stop"": 28, ""tp_mult_lm"": 5.1, ""tp_mult_lr"": 10.8, ""tp_mult_sm"": 3.2, ""tp_mult_sr"": 5.300000000000001, ""trail_mult"": 3.4000000000000004, ""trail_tp"": false, ""use_trailing"": false}",{},
2796,-1000000000.0,TrialState.COMPLETE,2026-04-01T08:41:04.657229,2026-04-01T08:41:07.253972,2.596743,"{""atr_window"": 18, ""bb_std_dev"": 2.45, ""bb_window"": 21, ""cooldown"": 2, ""macd_fast"": 15, ""macd_k"": 1.0, ""macd_k_mid"": 0.7, ""macd_signal"": 5, ""macd_slow"": 35, ""macd_std_window"": 90, ""rebalance_freq"": 90, ""rebounce_block"": 5, ""sl_mult_lm"": 1.1, ""sl_mult_lr"": 2.7, ""sl_mult_sm"": 1.4, ""sl_mult_sr"": 1.7, ""time_stop"": 28, ""tp_mult_lm"": 5.1, ""tp_mult_lr"": 11.0, ""tp_mult_sm"": 3.0, ""tp_mult_sr"": 5.300000000000001, ""trail_mult"": 3.4000000000000004, ""trail_tp"": false, ""use_trailing"": false}",{},
2797,1.9767714285714284,TrialState.COMPLETE,2026-04-01T08:41:07.298350,2026-04-01T08:41:09.864940,2.56659,"{""atr_window"": 18, ""bb_std_dev"": 2.4, ""bb_window"": 21, ""cooldown"": 2, ""macd_fast"": 15, ""macd_k"": 1.0, ""macd_k_mid"": 0.7, ""macd_signal"": 5, ""macd_slow"": 35, ""macd_std_window"": 91, ""rebalance_freq"": 90, ""rebounce_block"": 5, ""sl_mult_lm"": 1.05, ""sl_mult_lr"": 2.6, ""sl_mult_sm"": 1.45, ""sl_mult_sr"": 1.7, ""time_stop"": 27, ""tp_mult_lm"": 5.0, ""tp_mult_lr"": 10.6, ""tp_mult_sm"": 3.1, ""tp_mult_sr"": 5.300000000000001, ""trail_mult"": 3.5, ""trail_tp"": false, ""use_trailing"": false}",{},
2798,-1000000000.0,TrialState.COMPLETE,2026-04-01T08:41:09.908283,2026-04-01T08:41:12.762099,2.853816,"{""atr_window"": 18, ""bb_std_dev"": 2.45, ""bb_window"": 21, ""cooldown"": 2, ""macd_fast"": 15, ""macd_k"": 1.0, ""macd_k_mid"": 0.7, ""macd_signal"": 5, ""macd_slow"": 35, ""macd_std_window"": 89, ""rebalance_freq"": 90, ""rebounce_block"": 5, ""sl_mult_lm"": 1.1, ""sl_mult_lr"": 2.6, ""sl_mult_sm"": 1.45, ""sl_mult_sr"": 1.7, ""time_stop"": 27, ""tp_mult_lm"": 5.1, ""tp_mult_lr"": 10.4, ""tp_mult_sm"": 3.1, ""tp_mult_sr"": 5.4, ""trail_mult"": 3.4000000000000004, ""trail_tp"": false, ""use_trailing"": false}",{},
2799,-1000000000.0,TrialState.COMPLETE,2026-04-01T08:41:12.818564,2026-04-01T08:41:15.471741,2.653177,"{""atr_window"": 18, ""bb_std_dev"": 2.45, ""bb_window"": 21, ""cooldown"": 2, ""macd_fast"": 15, ""macd_k"": 1.0, ""macd_k_mid"": 0.7, ""macd_signal"": 5, ""macd_slow"": 35, ""macd_std_window"": 89, ""rebalance_freq"": 90, ""rebounce_block"": 5, ""sl_mult_lm"": 1.1, ""sl_mult_lr"": 2.7, ""sl_mult_sm"": 1.45, ""sl_mult_sr"": 1.7, ""time_stop"": 28, ""tp_mult_lm"": 5.0, ""tp_mult_lr"": 10.8, ""tp_mult_sm"": 3.2, ""tp_mult_sr"": 5.2, ""trail_mult"": 3.5, ""trail_tp"": false, ""use_trailing"": false}",{},
2800,2.0847857142857142,TrialState.COMPLETE,2026-04-01T08:41:15.522968,2026-04-01T08:41:18.051494,2.528526,"{""atr_window"": 18, ""bb_std_dev"": 2.4, ""bb_window"": 21, ""cooldown"": 2, ""macd_fast"": 15, ""macd_k"": 1.0, ""macd_k_mid"": 0.7, ""macd_signal"": 5, ""macd_slow"": 35, ""macd_std_window"": 90, ""rebalance_freq"": 90, ""rebounce_block"": 5, ""sl_mult_lm"": 1.05, ""sl_mult_lr"": 2.6, ""sl_mult_sm"": 1.45, ""sl_mult_sr"": 1.7, ""time_stop"": 27, ""tp_mult_lm"": 5.1, ""tp_mult_lr"": 11.0, ""tp_mult_sm"": 3.0, ""tp_mult_sr"": 5.2, ""trail_mult"": 3.4000000000000004, ""trail_tp"": false, ""use_trailing"": false}",{},
2801,1.5474285714285714,TrialState.COMPLETE,2026-04-01T08:41:18.086879,2026-04-01T08:41:20.950541,2.863662,"{""atr_window"": 18, ""bb_std_dev"": 2.45, ""bb_window"": 21, ""cooldown"": 2, ""macd_fast"": 15, ""macd_k"": 1.0, ""macd_k_mid"": 0.7, ""macd_signal"": 5, ""macd_slow"": 35, ""macd_std_window"": 91, ""rebalance_freq"": 90, ""rebounce_block"": 5, ""sl_mult_lm"": 1.1, ""sl_mult_lr"": 2.7, ""sl_mult_sm"": 1.4, ""sl_mult_sr"": 1.7, ""time_stop"": 28, ""tp_mult_lm"": 5.1, ""tp_mult_lr"": 10.8, ""tp_mult_sm"": 3.2, ""tp_mult_sr"": 5.300000000000001, ""trail_mult"": 3.5, ""trail_tp"": false, ""use_trailing"": false}",{},
2802,-1000000000.0,TrialState.COMPLETE,2026-04-01T08:41:21.003127,2026-04-01T08:41:24.751560,3.748433,"{""atr_window"": 18, ""bb_std_dev"": 2.45, ""bb_window"": 21, ""cooldown"": 2, ""macd_fast"": 15, ""macd_k"": 1.0, ""macd_k_mid"": 0.7, ""macd_signal"": 5, ""macd_slow"": 35, ""macd_std_window"": 90, ""rebalance_freq"": 90, ""rebounce_block"": 5, ""sl_mult_lm"": 1.05, ""sl_mult_lr"": 2.6, ""sl_mult_sm"": 1.45, ""sl_mult_sr"": 1.7, ""time_stop"": 27, ""tp_mult_lm"": 5.0, ""tp_mult_lr"": 10.4, ""tp_mult_sm"": 3.1, ""tp_mult_sr"": 5.4, ""trail_mult"": 3.4000000000000004, ""trail_tp"": false, ""use_trailing"": false}",{},
2803,1.3337785714285715,TrialState.COMPLETE,2026-04-01T08:41:24.799778,2026-04-01T08:41:29.105184,4.305406,"{""atr_window"": 18, ""bb_std_dev"": 2.4, ""bb_window"": 21, ""cooldown"": 2, ""macd_fast"": 15, ""macd_k"": 1.0, ""macd_k_mid"": 0.7, ""macd_signal"": 5, ""macd_slow"": 35, ""macd_std_window"": 89, ""rebalance_freq"": 90, ""rebounce_block"": 5, ""sl_mult_lm"": 1.1, ""sl_mult_lr"": 2.7, ""sl_mult_sm"": 1.4, ""sl_mult_sr"": 1.7, ""time_stop"": 28, ""tp_mult_lm"": 5.1, ""tp_mult_lr"": 10.6, ""tp_mult_sm"": 3.0, ""tp_mult_sr"": 5.2, ""trail_mult"": 3.4000000000000004, ""trail_tp"": false, ""use_trailing"": false}",{},
2804,-1000000000.0,TrialState.COMPLETE,2026-04-01T08:41:29.150835,2026-04-01T08:41:32.938553,3.787718,"{""atr_window"": 18, ""bb_std_dev"": 2.45, ""bb_window"": 21, ""cooldown"": 2, ""macd_fast"": 15, ""macd_k"": 1.0, ""macd_k_mid"": 0.7, ""macd_signal"": 5, ""macd_slow"": 35, ""macd_std_window"": 90, ""rebalance_freq"": 90, ""rebounce_block"": 5, ""sl_mult_lm"": 1.05, ""sl_mult_lr"": 2.6, ""sl_mult_sm"": 1.45, ""sl_mult_sr"": 1.7, ""time_stop"": 27, ""tp_mult_lm"": 5.0, ""tp_mult_lr"": 11.0, ""tp_mult_sm"": 3.1, ""tp_mult_sr"": 5.5, ""trail_mult"": 3.4000000000000004, ""trail_tp"": false, ""use_trailing"": false}",{},
2805,-1000000000.0,TrialState.COMPLETE,2026-04-01T08:41:32.986304,2026-04-01T08:41:36.596700,3.610396,"{""atr_window"": 18, ""bb_std_dev"": 2.45, ""bb_window"": 21, ""cooldown"": 2, ""macd_fast"": 15, ""macd_k"": 1.0, ""macd_k_mid"": 0.7, ""macd_signal"": 5, ""macd_slow"": 35, ""macd_std_window"": 91, ""rebalance_freq"": 90, ""rebounce_block"": 5, ""sl_mult_lm"": 1.1, ""sl_mult_lr"": 2.6, ""sl_mult_sm"": 1.45, ""sl_mult_sr"": 1.7, ""time_stop"": 27, ""tp_mult_lm"": 5.1, ""tp_mult_lr"": 10.8, ""tp_mult_sm"": 3.0, ""tp_mult_sr"": 5.300000000000001, ""trail_mult"": 3.5, ""trail_tp"": false, ""use_trailing"": false}",{},
2806,1.2911785714285715,TrialState.COMPLETE,2026-04-01T08:41:36.639375,2026-04-01T08:41:40.121961,3.482586,"{""atr_window"": 18, ""bb_std_dev"": 2.45, ""bb_window"": 21, ""cooldown"": 2, ""macd_fast"": 15, ""macd_k"": 1.0, ""macd_k_mid"": 0.7, ""macd_signal"": 5, ""macd_slow"": 35, ""macd_std_window"": 89, ""rebalance_freq"": 90, ""rebounce_block"": 5, ""sl_mult_lm"": 1.1, ""sl_mult_lr"": 2.5, ""sl_mult_sm"": 1.45, ""sl_mult_sr"": 1.7, ""time_stop"": 26, ""tp_mult_lm"": 5.0, ""tp_mult_lr"": 10.6, ""tp_mult_sm"": 3.2, ""tp_mult_sr"": 5.4, ""trail_mult"": 3.4000000000000004, ""trail_tp"": false, ""use_trailing"": false}",{},
2807,-1000000000.0,TrialState.COMPLETE,2026-04-01T08:41:40.167687,2026-04-01T08:41:43.654168,3.486481,"{""atr_window"": 18, ""bb_std_dev"": 2.4, ""bb_window"": 21, ""cooldown"": 2, ""macd_fast"": 15, ""macd_k"": 1.0, ""macd_k_mid"": 0.7, ""macd_signal"": 5, ""macd_slow"": 35, ""macd_std_window"": 90, ""rebalance_freq"": 90, ""rebounce_block"": 5, ""sl_mult_lm"": 1.15, ""sl_mult_lr"": 2.7, ""sl_mult_sm"": 1.4, ""sl_mult_sr"": 1.7, ""time_stop"": 26, ""tp_mult_lm"": 5.1, ""tp_mult_lr"": 10.8, ""tp_mult_sm"": 3.0, ""tp_mult_sr"": 5.2, ""trail_mult"": 3.5, ""trail_tp"": false, ""use_trailing"": false}",{},
2808,-1000000000.0,TrialState.COMPLETE,2026-04-01T08:41:43.698779,2026-04-01T08:41:47.224977,3.526198,"{""atr_window"": 18, ""bb_std_dev"": 2.45, ""bb_window"": 21, ""cooldown"": 2, ""macd_fast"": 15, ""macd_k"": 1.0, ""macd_k_mid"": 0.7, ""macd_signal"": 5, ""macd_slow"": 35, ""macd_std_window"": 90, ""rebalance_freq"": 90, ""rebounce_block"": 5, ""sl_mult_lm"": 1.05, ""sl_mult_lr"": 2.5, ""sl_mult_sm"": 1.45, ""sl_mult_sr"": 1.7, ""time_stop"": 28, ""tp_mult_lm"": 5.1, ""tp_mult_lr"": 10.4, ""tp_mult_sm"": 3.1, ""tp_mult_sr"": 5.300000000000001, ""trail_mult"": 3.4000000000000004, ""trail_tp"": false, ""use_trailing"": false}",{},
2809,-1000000000.0,TrialState.COMPLETE,2026-04-01T08:41:47.271053,2026-04-01T08:41:50.706159,3.435106,"{""atr_window"": 18, ""bb_std_dev"": 2.45, ""bb_window"": 21, ""cooldown"": 2, ""macd_fast"": 15, ""macd_k"": 1.0, ""macd_k_mid"": 0.7, ""macd_signal"": 5, ""macd_slow"": 35, ""macd_std_window"": 91, ""rebalance_freq"": 90, ""rebounce_block"": 5, ""sl_mult_lm"": 1.1, ""sl_mult_lr"": 2.6, ""sl_mult_sm"": 1.45, ""sl_mult_sr"": 1.7, ""time_stop"": 26, ""tp_mult_lm"": 5.1, ""tp_mult_lr"": 11.0, ""tp_mult_sm"": 3.2, ""tp_mult_sr"": 5.4, ""trail_mult"": 3.5, ""trail_tp"": false, ""use_trailing"": false}",{},
2810,-1000000000.0,TrialState.COMPLETE,2026-04-01T08:41:50.787099,2026-04-01T08:41:54.243802,3.456703,"{""atr_window"": 18, ""bb_std_dev"": 2.4, ""bb_window"": 21, ""cooldown"": 2, ""macd_fast"": 15, ""macd_k"": 1.0, ""macd_k_mid"": 0.7, ""macd_signal"": 5, ""macd_slow"": 35, ""macd_std_window"": 90, ""rebalance_freq"": 90, ""rebounce_block"": 5, ""sl_mult_lm"": 1.1, ""sl_mult_lr"": 2.7, ""sl_mult_sm"": 1.4, ""sl_mult_sr"": 1.7, ""time_stop"": 27, ""tp_mult_lm"": 5.1, ""tp_mult_lr"": 10.6, ""tp_mult_sm"": 3.1, ""tp_mult_sr"": 5.2, ""trail_mult"": 3.4000000000000004, ""trail_tp"": false, ""use_trailing"": false}",{},
2811,-1000000000.0,TrialState.COMPLETE,2026-04-01T08:41:54.287757,2026-04-01T08:41:57.740557,3.4528,"{""atr_window"": 18, ""bb_std_dev"": 2.4, ""bb_window"": 21, ""cooldown"": 2, ""macd_fast"": 15, ""macd_k"": 1.0, ""macd_k_mid"": 0.7, ""macd_signal"": 5, ""macd_slow"": 35, ""macd_std_window"": 91, ""rebalance_freq"": 90, ""rebounce_block"": 5, ""sl_mult_lm"": 1.1, ""sl_mult_lr"": 2.6, ""sl_mult_sm"": 1.45, ""sl_mult_sr"": 1.7, ""time_stop"": 28, ""tp_mult_lm"": 5.0, ""tp_mult_lr"": 10.6, ""tp_mult_sm"": 3.1, ""tp_mult_sr"": 5.300000000000001, ""trail_mult"": 3.5, ""trail_tp"": false, ""use_trailing"": false}",{},
2812,2.7272214285714287,TrialState.COMPLETE,2026-04-01T08:41:57.787002,2026-04-01T08:42:01.334955,3.547953,"{""atr_window"": 18, ""bb_std_dev"": 2.45, ""bb_window"": 21, ""cooldown"": 2, ""macd_fast"": 15, ""macd_k"": 1.0, ""macd_k_mid"": 0.7, ""macd_signal"": 5, ""macd_slow"": 35, ""macd_std_window"": 89, ""rebalance_freq"": 90, ""rebounce_block"": 5, ""sl_mult_lm"": 1.15, ""sl_mult_lr"": 2.5, ""sl_mult_sm"": 1.45, ""sl_mult_sr"": 1.7, ""time_stop"": 27, ""tp_mult_lm"": 5.1, ""tp_mult_lr"": 11.0, ""tp_mult_sm"": 3.0, ""tp_mult_sr"": 5.5, ""trail_mult"": 3.4000000000000004, ""trail_tp"": false, ""use_trailing"": false}",{},
