number,value,datetime_start,datetime_complete,duration,params_atr_window,params_bb_std_dev,params_bb_window,params_cooldown,params_macd_fast,params_macd_k,params_macd_k_mid,params_macd_signal,params_macd_slow,params_macd_std_window,params_rebalance_freq,params_rebounce_block,params_sl_mult_lm,params_sl_mult_lr,params_sl_mult_sm,params_sl_mult_sr,params_time_stop,params_tp_mult_lm,params_tp_mult_lr,params_tp_mult_sm,params_tp_mult_sr,params_trail_mult,params_trail_tp,params_use_trailing,user_attrs_allocations,user_attrs_deploy_avg_sharpe,user_attrs_deploy_total_sharpe,user_attrs_deploy_year_sharpes,user_attrs_score,user_attrs_selected_tickers,user_attrs_train_avg_sharpe,user_attrs_train_year_sharpes,state
1656,-1000000000.0,2026-04-01 03:21:35.327222,2026-04-01 03:21:35.393950,0 days 00:00:00.066728,20,2.0,21,1,11,1.0,1.0,7,43,85,30,5,2.1500000000000004,2.9,1.2,1.9,30,5.7,14.4,4.3,4.1,3.1,True,False,,,,,,,,,COMPLETE
1657,-1000000000.0,2026-04-01 03:21:35.431389,2026-04-01 03:21:37.939104,0 days 00:00:02.507715,18,1.5499999999999998,20,3,20,1.7000000000000002,0.5,10,39,74,120,5,1.1,2.4,1.3,1.6,25,4.1,12.8,4.4,5.7,2.2,False,True,,,,,,,,,COMPLETE
1658,-1000000000.0,2026-04-01 03:21:37.969280,2026-04-01 03:21:38.032292,0 days 00:00:00.063012,20,2.45,19,4,14,1.25,0.8500000000000001,9,41,77,120,6,1.6,2.2,1.85,2.5,23,3.8,11.6,6.300000000000001,7.0,2.6,True,True,,,,,,,,,COMPLETE
1659,-1000000000.0,2026-04-01 03:21:38.075824,2026-04-01 03:21:38.146880,0 days 00:00:00.071056,16,2.4,14,0,12,1.45,0.55,8,42,91,150,0,1.8,4.4,1.65,1.7,5,4.8,17.0,3.7,6.5,2.4,False,False,,,,,,,,,COMPLETE
1660,-1000000000.0,2026-04-01 03:21:38.183158,2026-04-01 03:21:38.252770,0 days 00:00:00.069612,17,1.8499999999999999,14,2,17,1.05,0.6,5,44,99,180,2,1.9,3.4000000000000004,1.5,3.3,24,4.7,10.2,3.6,3.0,3.5,True,True,,,,,,,,,COMPLETE
1661,-1000000000.0,2026-04-01 03:21:38.290581,2026-04-01 03:21:38.362787,0 days 00:00:00.072206,18,2.15,24,1,15,1.15,0.7,7,40,94,150,1,1.5,3.6,1.7000000000000002,2.2,18,5.2,9.0,6.6,4.6,3.7,False,True,,,,,,,,,COMPLETE
1662,-1000000000.0,2026-04-01 03:21:38.397380,2026-04-01 03:21:38.480247,0 days 00:00:00.082867,15,2.1,16,4,18,1.85,0.55,9,43,90,90,3,1.9500000000000002,2.4,1.8,2.0,12,3.5,12.4,3.9,4.4,2.0,True,True,,,,,,,,,COMPLETE
1663,-1000000000.0,2026-04-01 03:21:38.545668,2026-04-01 03:21:38.639310,0 days 00:00:00.093642,13,2.35,15,3,10,1.65,0.6,6,42,80,180,6,1.2,4.9,1.15,1.8,22,4.5,11.8,5.7,3.8,3.6,False,False,,,,,,,,,COMPLETE
1664,-1000000000.0,2026-04-01 03:21:38.671769,2026-04-01 03:21:38.743514,0 days 00:00:00.071745,14,1.95,18,0,20,1.55,0.5,10,44,71,30,5,1.3,2.5,1.6,1.5,15,4.4,13.2,4.6,3.3,3.0,True,True,,,,,,,,,COMPLETE
1665,-1000000000.0,2026-04-01 03:21:38.782528,2026-04-01 03:21:41.243186,0 days 00:00:02.460658,16,1.7999999999999998,14,2,16,1.75,0.7,8,35,96,150,3,1.45,2.0,1.9500000000000002,2.8,0,5.800000000000001,15.4,5.300000000000001,6.800000000000001,3.2,False,True,,,,,,,,,COMPLETE
1666,-1000000000.0,2026-04-01 03:21:41.273356,2026-04-01 03:21:41.327823,0 days 00:00:00.054467,14,1.9,17,1,17,1.4,0.75,9,40,98,120,4,1.05,2.6,1.0,2.9000000000000004,7,5.6,16.4,4.9,4.9,3.9000000000000004,True,True,,,,,,,,,COMPLETE
1667,-1000000000.0,2026-04-01 03:21:41.362414,2026-04-01 03:21:41.425660,0 days 00:00:00.063246,12,2.5,22,1,12,1.1,0.65,8,37,97,60,5,1.0,3.7,1.75,2.1,9,5.0,10.4,4.7,6.0,2.1,False,False,,,,,,,,,COMPLETE
1668,-1000000000.0,2026-04-01 03:21:41.462093,2026-04-01 03:21:41.536704,0 days 00:00:00.074611,20,2.5,25,0,14,1.2,0.8,7,38,82,150,0,2.2,4.800000000000001,2.0,1.6,20,5.4,10.8,3.1,3.9,2.2,True,True,,,,,,,,,COMPLETE
1669,-1000000000.0,2026-04-01 03:21:41.572404,2026-04-01 03:21:41.652600,0 days 00:00:00.080196,17,2.2,14,5,13,1.0,0.55,9,41,71,180,2,1.35,2.3,1.8,2.7,8,5.6,12.2,5.0,5.0,2.8,False,True,,,,,,,,,COMPLETE
1670,-1000000000.0,2026-04-01 03:21:41.689859,2026-04-01 03:21:41.762212,0 days 00:00:00.072353,16,2.25,20,2,11,1.1,0.55,8,36,81,120,6,1.9,3.1,1.9,3.2,16,6.0,10.0,6.4,4.0,3.1,True,True,,,,,,,,,COMPLETE
1671,-1000000000.0,2026-04-01 03:21:41.799039,2026-04-01 03:21:44.290954,0 days 00:00:02.491915,18,1.7,16,3,19,1.6,0.9,10,37,88,150,5,2.05,4.2,1.65,2.3,26,4.9,13.0,7.0,6.300000000000001,2.7,False,False,,,,,,,,,COMPLETE
1672,-1000000000.0,2026-04-01 03:21:44.321251,2026-04-01 03:21:46.865392,0 days 00:00:02.544141,15,2.0,15,1,20,1.35,0.5,9,39,70,30,3,2.0,4.6,1.55,1.5,28,5.9,14.600000000000001,5.4,5.1,3.3,True,True,,,,,,,,,COMPLETE
1673,-1000000000.0,2026-04-01 03:21:46.893521,2026-04-01 03:21:46.964189,0 days 00:00:00.070668,14,2.1,23,4,14,1.05,0.8500000000000001,6,43,86,90,2,2.1,2.2,1.7000000000000002,1.9,19,5.1,8.2,3.4,4.7,1.7,False,True,,,,,,,,,COMPLETE
1674,-1000000000.0,2026-04-01 03:21:46.998013,2026-04-01 03:21:47.063760,0 days 00:00:00.065747,19,2.05,17,2,15,1.5,0.6,7,44,100,180,4,1.75,3.9000000000000004,1.5,1.8,21,5.800000000000001,15.2,6.9,5.6,3.8000000000000003,True,False,,,,,,,,,COMPLETE
1675,-1000000000.0,2026-04-01 03:21:47.101686,2026-04-01 03:21:47.170841,0 days 00:00:00.069155,13,2.3,14,1,12,1.9,0.65,9,41,75,150,6,1.4,3.4000000000000004,1.05,2.1,6,4.3,9.6,6.1,4.3,3.2,False,True,,,,,,,,,COMPLETE
1676,-1000000000.0,2026-04-01 03:21:47.208428,2026-04-01 03:21:47.297495,0 days 00:00:00.089067,11,1.65,21,0,14,1.15,0.55,8,40,89,120,5,1.15,2.5,1.85,1.7,4,5.5,11.8,6.7,6.1,1.9,True,True,,,,,,,,,COMPLETE
1677,-1000000000.0,2026-04-01 03:21:47.335370,2026-04-01 03:21:47.403315,0 days 00:00:00.067945,19,2.4,16,5,16,1.0,0.7,8,44,80,150,1,1.9500000000000002,2.7,1.75,2.4,14,5.7,12.0,5.9,5.7,2.1,True,True,,,,,,,,,COMPLETE
1678,-1000000000.0,2026-04-01 03:21:47.441944,2026-04-01 03:21:47.519199,0 days 00:00:00.077255,20,1.75,19,2,11,1.65,0.95,7,35,76,30,0,1.7000000000000002,2.9,1.1,2.2,13,4.2,16.200000000000003,4.4,4.5,2.5,False,False,,,,,,,,,COMPLETE
1679,-1000000000.0,2026-04-01 03:21:47.557258,2026-04-01 03:21:50.059595,0 days 00:00:02.502337,16,1.8499999999999999,14,1,17,1.55,0.6,10,36,90,180,3,1.85,4.1,1.6,2.0,10,5.1,13.8,3.3,3.7,4.0,True,True,,,,,,,,,COMPLETE
1680,-1000000000.0,2026-04-01 03:21:50.087695,2026-04-01 03:21:50.159922,0 days 00:00:00.072227,15,2.35,18,3,12,1.2,0.5,5,42,93,60,5,1.3,3.5,1.25,1.6,22,3.6,12.4,3.0,3.2,2.6,False,True,,,,,,,,,COMPLETE
1681,-1000000000.0,2026-04-01 03:21:50.199855,2026-04-01 03:21:50.267049,0 days 00:00:00.067194,10,2.45,15,4,13,1.3,0.55,9,37,87,90,4,1.25,2.5,1.3,3.3,17,5.4,8.4,5.2,4.8,2.3,True,True,,,,,,,,,COMPLETE
1682,-1000000000.0,2026-04-01 03:21:50.311798,2026-04-01 03:21:50.383666,0 days 00:00:00.071868,17,1.7,24,0,18,1.4,0.65,8,43,84,150,6,1.8,2.4,1.65,1.5,18,5.3,13.4,4.8,3.5,2.0,False,False,,,,,,,,,COMPLETE
1683,-1000000000.0,2026-04-01 03:21:50.418769,2026-04-01 03:21:50.484850,0 days 00:00:00.066081,18,1.45,17,1,10,1.05,0.8,6,39,82,180,2,1.05,3.3,1.8,2.1,15,4.0,9.4,5.6,3.1,3.0,True,True,,,,,,,,,COMPLETE
1684,-1000000000.0,2026-04-01 03:21:50.519755,2026-04-01 03:21:53.008516,0 days 00:00:02.488761,14,2.2,22,2,20,1.1,0.75,9,41,91,120,5,1.4,2.8,1.2,1.9,11,5.2,8.8,6.800000000000001,6.2,2.2,False,True,,,,,,,,,COMPLETE
1685,-1000000000.0,2026-04-01 03:21:53.046655,2026-04-01 03:21:53.117667,0 days 00:00:00.071012,12,1.5,14,1,15,1.25,0.55,8,40,92,90,0,1.0,2.1,1.85,2.0,27,5.5,12.600000000000001,6.300000000000001,6.7,3.6,True,False,,,,,,,,,COMPLETE
1686,-1000000000.0,2026-04-01 03:21:53.152337,2026-04-01 03:21:53.226390,0 days 00:00:00.074053,15,1.75,20,4,14,1.15,1.0,7,44,99,150,1,2.1,2.3,1.35,2.2,20,4.7,11.0,6.0,5.800000000000001,2.1,False,True,,,,,,,,,COMPLETE
1687,-1000000000.0,2026-04-01 03:21:53.266933,2026-04-01 03:21:53.343857,0 days 00:00:00.076924,20,1.7999999999999998,16,2,12,1.9500000000000002,0.5,8,42,95,150,3,1.2,3.0,1.4,2.6,29,5.7,12.8,4.2,6.4,3.1,True,True,,,,,,,,,COMPLETE
1688,-1000000000.0,2026-04-01 03:21:53.383356,2026-04-01 03:21:53.459319,0 days 00:00:00.075963,16,1.5499999999999998,15,0,19,1.5,0.6,10,43,89,180,6,1.9,2.6,1.45,1.8,1,5.0,9.8,6.5,5.9,2.7,False,True,,,,,,,,,COMPLETE
1689,-1000000000.0,2026-04-01 03:21:53.494291,2026-04-01 03:21:56.011607,0 days 00:00:02.517316,17,2.45,22,3,17,1.7000000000000002,0.7,9,35,88,30,4,2.0,2.0,1.9500000000000002,1.7,2,3.9,11.6,3.6,3.0,3.5,True,False,,,,,,,,,COMPLETE
1690,-1000000000.0,2026-04-01 03:21:56.049398,2026-04-01 03:21:56.120827,0 days 00:00:00.071429,14,1.5999999999999999,21,5,15,1.35,0.6,9,38,78,150,5,1.7000000000000002,2.2,1.7000000000000002,3.1,16,5.6,12.0,3.5,3.9,2.9000000000000004,False,True,,,,,,,,,COMPLETE
1691,-1000000000.0,2026-04-01 03:21:56.157736,2026-04-01 03:21:58.656862,0 days 00:00:02.499126,11,2.3,14,4,16,1.4,0.55,7,37,71,60,2,1.6,2.4,1.65,3.0,25,5.9,10.6,4.6,4.4,1.5,True,True,,,,,,,,,COMPLETE
1692,-1000000000.0,2026-04-01 03:21:58.685872,2026-04-01 03:22:01.256160,0 days 00:00:02.570288,18,2.35,16,1,18,1.05,0.65,6,36,74,180,3,1.5,3.1,1.9,1.5,19,3.8,10.4,4.0,5.7,3.7,False,True,,,,,,,,,COMPLETE
1693,-1000000000.0,2026-04-01 03:22:01.283582,2026-04-01 03:22:01.346508,0 days 00:00:00.062926,14,2.05,18,1,10,1.0,0.9,8,43,73,120,6,1.55,2.3,1.0,1.9,28,4.1,16.0,6.9,5.300000000000001,1.8,True,False,,,,,,,,,COMPLETE
1694,-1000000000.0,2026-04-01 03:22:01.385914,2026-04-01 03:22:01.444865,0 days 00:00:00.058951,13,1.9,15,2,13,1.65,0.55,8,40,70,120,0,2.1500000000000004,3.6,1.55,1.6,0,5.3,12.2,5.800000000000001,6.4,3.3,False,True,,,,,,,,,COMPLETE
1695,-1000000000.0,2026-04-01 03:22:01.484518,2026-04-01 03:22:04.002188,0 days 00:00:02.517670,20,2.0,17,3,20,1.45,0.8500000000000001,10,41,98,90,5,2.05,4.7,1.5,2.5,14,4.6,11.2,6.2,6.2,3.9000000000000004,True,True,,,,,,,,,COMPLETE
1696,-1000000000.0,2026-04-01 03:22:04.029336,2026-04-01 03:22:04.096440,0 days 00:00:00.067104,19,2.15,14,0,12,1.15,0.95,9,44,81,30,4,1.15,5.0,2.0,2.0,9,3.7,15.8,4.5,6.0,3.2,False,True,,,,,,,,,COMPLETE
1697,-1000000000.0,2026-04-01 03:22:04.134145,2026-04-01 03:22:04.211484,0 days 00:00:00.077339,16,2.5,23,2,14,1.6,0.7,5,39,83,150,3,1.35,4.2,1.75,1.5,17,4.8,13.0,3.2,4.3,2.8,True,False,,,,,,,,,COMPLETE
1698,-1000000000.0,2026-04-01 03:22:04.250091,2026-04-01 03:22:04.335599,0 days 00:00:00.085508,18,2.25,21,4,11,1.75,0.55,8,42,100,150,1,1.75,2.4,1.8,1.7,5,3.5,13.600000000000001,3.7,3.8,2.2,False,True,,,,,,,,,COMPLETE
1699,-1000000000.0,2026-04-01 03:22:04.372577,2026-04-01 03:22:04.440678,0 days 00:00:00.068101,16,1.4,25,1,19,1.85,0.5,7,43,84,180,6,1.9500000000000002,2.9,1.25,2.1,24,5.2,14.2,3.4,4.2,1.6,True,True,,,,,,,,,COMPLETE
1700,-1000000000.0,2026-04-01 03:22:04.479238,2026-04-01 03:22:04.551342,0 days 00:00:00.072104,12,2.4,20,0,12,1.3,0.6,6,40,87,30,2,1.3,2.5,1.05,3.4000000000000004,21,4.0,9.8,5.5,4.0,2.4,False,False,,,,,,,,,COMPLETE
1701,-1000000000.0,2026-04-01 03:22:04.590153,2026-04-01 03:22:04.670746,0 days 00:00:00.080593,15,2.5,19,3,13,1.1,0.7,9,44,97,90,5,1.0,3.8,1.3,1.8,12,4.9,8.0,6.4,4.6,1.7,True,True,,,,,,,,,COMPLETE
1702,-1000000000.0,2026-04-01 03:22:04.710320,2026-04-01 03:22:04.784527,0 days 00:00:00.074207,14,1.5999999999999999,14,2,15,1.25,0.5,8,38,88,120,0,1.05,2.1,1.6,2.2,25,6.0,10.8,3.0,5.2,3.1,False,True,,,,,,,,,COMPLETE
1703,-1000000000.0,2026-04-01 03:22:04.821356,2026-04-01 03:22:07.427978,0 days 00:00:02.606622,17,2.2,15,5,20,1.8,0.65,7,36,85,150,5,1.25,4.300000000000001,1.6,1.5,21,5.6,16.6,6.5,4.1,2.6,True,True,,,,,,,,,COMPLETE
1704,-1000000000.0,2026-04-01 03:22:07.464604,2026-04-01 03:22:07.535419,0 days 00:00:00.070815,20,2.45,16,1,14,1.2,0.8,9,37,94,180,4,1.1,2.6,1.85,2.3,30,5.0,11.6,4.7,4.8,3.0,False,False,,,,,,,,,COMPLETE
1705,-1000000000.0,2026-04-01 03:22:07.571600,2026-04-01 03:22:07.637593,0 days 00:00:00.065993,19,1.75,17,4,16,1.5,0.55,10,41,72,150,3,1.85,3.2,1.7000000000000002,2.7,19,5.4,10.2,4.3,5.6,2.0,True,True,,,,,,,,,COMPLETE
1706,-1000000000.0,2026-04-01 03:22:07.683025,2026-04-01 03:22:10.141432,0 days 00:00:02.458407,15,1.95,14,1,17,1.45,0.95,8,35,90,180,6,1.2,4.0,1.1,1.6,8,5.1,14.0,5.0,3.1,2.1,True,True,,,,,,,,,COMPLETE
1707,-1000000000.0,2026-04-01 03:22:10.183166,2026-04-01 03:22:10.291987,0 days 00:00:00.108821,10,2.25,14,0,10,1.15,0.6,9,40,77,90,0,1.4,2.3,1.2,2.4,11,5.7,11.8,7.0,5.800000000000001,3.8000000000000003,False,True,,,,,,,,,COMPLETE
1708,-1000000000.0,2026-04-01 03:22:10.332900,2026-04-01 03:22:10.402173,0 days 00:00:00.069273,14,2.05,15,2,12,1.55,0.75,8,43,91,120,2,2.0,3.0,1.9,2.8,15,5.3,8.6,4.4,5.4,3.7,True,False,,,,,,,,,COMPLETE
1709,-1000000000.0,2026-04-01 03:22:10.444571,2026-04-01 03:22:10.515548,0 days 00:00:00.070977,13,2.15,17,3,18,1.1,0.6,7,41,96,150,5,1.35,2.2,1.15,1.9,26,5.9,12.4,6.2,3.6,1.9,False,True,,,,,,,,,COMPLETE
1710,-1000000000.0,2026-04-01 03:22:10.560743,2026-04-01 03:22:13.097684,0 days 00:00:02.536941,16,2.4,24,4,20,1.0,0.9,10,37,81,60,3,1.3,2.8,1.9500000000000002,2.1,3,5.5,12.0,3.8,5.5,2.3,True,True,,,,,,,,,COMPLETE
1711,-1000000000.0,2026-04-01 03:22:13.133399,2026-04-01 03:22:13.201994,0 days 00:00:00.068595,18,2.3,16,1,13,1.65,0.55,9,39,80,30,1,1.45,2.7,1.55,1.7,23,4.4,9.6,3.5,3.9,2.2,False,True,,,,,,,,,COMPLETE
1712,-1000000000.0,2026-04-01 03:22:13.247717,2026-04-01 03:22:13.310567,0 days 00:00:00.062850,20,2.1,14,0,14,1.35,0.5,6,44,99,150,4,1.15,4.5,1.75,2.5,29,5.2,14.8,4.1,5.1,1.8,True,False,,,,,,,,,COMPLETE
1713,-1000000000.0,2026-04-01 03:22:13.352454,2026-04-01 03:22:15.916786,0 days 00:00:02.564332,17,1.65,20,5,19,1.7000000000000002,0.55,8,35,79,180,6,1.0,2.5,1.0,2.0,20,4.3,11.4,5.300000000000001,6.1,3.6,False,True,,,,,,,,,COMPLETE
1714,-1000000000.0,2026-04-01 03:22:15.953434,2026-04-01 03:22:16.023019,0 days 00:00:00.069585,16,1.8499999999999999,18,1,15,1.6,0.7,9,42,92,120,5,1.9500000000000002,2.4,1.85,2.6,22,5.800000000000001,10.0,6.0,4.6,3.2,True,True,,,,,,,,,COMPLETE
1715,-1000000000.0,2026-04-01 03:22:16.056906,2026-04-01 03:22:16.120213,0 days 00:00:00.063307,13,2.2,15,2,16,1.5,0.75,7,43,70,90,3,2.2,2.1,1.65,1.5,10,4.2,12.600000000000001,3.9,3.0,3.3,False,False,,,,,,,,,COMPLETE
1716,-1000000000.0,2026-04-01 03:22:16.164973,2026-04-01 03:22:16.236122,0 days 00:00:00.071149,15,2.35,23,2,11,1.05,1.0,6,36,100,180,2,1.8,3.9000000000000004,1.9500000000000002,1.8,7,4.7,9.2,6.6,3.7,2.0,True,True,,,,,,,,,COMPLETE
1717,-1000000000.0,2026-04-01 03:22:16.275423,2026-04-01 03:22:16.347428,0 days 00:00:00.072005,19,2.45,14,4,14,2.0,0.8500000000000001,8,38,90,60,0,1.9,2.0,1.5,3.0,13,5.4,12.2,6.800000000000001,3.3,3.4000000000000004,False,True,,,,,,,,,COMPLETE
1718,-1000000000.0,2026-04-01 03:22:16.383724,2026-04-01 03:22:16.451166,0 days 00:00:00.067442,12,1.45,22,1,12,1.2,0.5,5,40,75,150,5,1.25,2.4,1.25,1.6,16,6.0,11.0,5.7,3.2,3.0,True,True,,,,,,,,,COMPLETE
1719,-1000000000.0,2026-04-01 03:22:16.486250,2026-04-01 03:22:16.551762,0 days 00:00:00.065512,11,1.7,25,3,15,1.15,0.6,10,44,86,150,6,1.65,4.1,1.7000000000000002,2.2,6,3.6,12.8,4.3,6.7,2.7,False,False,,,,,,,,,COMPLETE
1720,-1000000000.0,2026-04-01 03:22:16.587796,2026-04-01 03:22:16.671585,0 days 00:00:00.083789,18,2.5,14,0,18,1.3,0.7,9,42,89,120,1,2.05,2.3,1.45,3.2,18,5.1,11.8,5.1,5.0,2.3,True,True,,,,,,,,,COMPLETE
1721,-1000000000.0,2026-04-01 03:22:16.711212,2026-04-01 03:22:19.154597,0 days 00:00:02.443385,20,1.7999999999999998,16,1,20,1.55,0.65,8,41,84,150,5,1.9,4.800000000000001,1.8,2.1,9,4.5,13.0,6.1,4.5,3.5,False,True,,,,,,,,,COMPLETE
1722,-1000000000.0,2026-04-01 03:22:19.187583,2026-04-01 03:22:19.243521,0 days 00:00:00.055938,15,2.0,21,2,10,1.05,0.55,7,39,92,30,3,2.1500000000000004,2.2,2.0,3.5,14,5.3,15.0,6.300000000000001,4.9,3.1,True,True,,,,,,,,,COMPLETE
1723,-1000000000.0,2026-04-01 03:22:19.272072,2026-04-01 03:22:19.331188,0 days 00:00:00.059116,14,2.15,15,0,13,1.25,0.5,9,37,98,120,2,1.35,3.0,1.3,1.7,20,4.9,13.2,4.5,6.6,2.1,False,False,,,,,,,,,COMPLETE
1724,-1000000000.0,2026-04-01 03:22:19.362443,2026-04-01 03:22:19.444190,0 days 00:00:00.081747,17,1.95,17,4,12,1.4,0.8,7,43,95,180,4,1.55,2.9,1.65,3.1,27,3.7,10.2,5.6,7.0,4.0,True,True,,,,,,,,,COMPLETE
1725,-1000000000.0,2026-04-01 03:22:19.480285,2026-04-01 03:22:19.551164,0 days 00:00:00.070879,16,1.9,14,5,17,1.1,0.55,8,40,82,150,6,1.75,4.5,1.55,1.6,17,4.1,9.6,3.3,5.9,2.5,False,True,,,,,,,,,COMPLETE
1726,-1000000000.0,2026-04-01 03:22:19.588787,2026-04-01 03:22:19.657317,0 days 00:00:00.068530,14,2.2,19,3,14,1.0,0.65,9,43,70,90,0,1.2,2.5,1.4,1.9,13,3.9,11.2,3.7,6.0,3.8000000000000003,True,True,,,,,,,,,COMPLETE
1727,-1000000000.0,2026-04-01 03:22:19.694080,2026-04-01 03:22:19.763395,0 days 00:00:00.069315,10,2.05,20,2,16,1.2,0.9,10,44,91,30,5,1.6,2.6,1.5,1.5,8,5.0,14.4,6.800000000000001,6.5,2.2,False,False,,,,,,,,,COMPLETE
1728,-1000000000.0,2026-04-01 03:22:19.797915,2026-04-01 03:22:19.874408,0 days 00:00:00.076493,18,2.4,18,1,11,1.45,0.6,8,36,76,180,6,1.25,4.9,1.7000000000000002,2.9000000000000004,4,5.6,12.0,3.1,5.5,3.2,True,True,,,,,,,,,COMPLETE
1729,-1000000000.0,2026-04-01 03:22:19.910665,2026-04-01 03:22:22.436404,0 days 00:00:02.525739,19,2.35,14,1,17,1.8,0.7,9,37,89,150,4,1.9500000000000002,2.7,1.6,2.0,19,5.2,9.8,5.9,3.5,2.9000000000000004,False,True,,,,,,,,,COMPLETE
1730,-1000000000.0,2026-04-01 03:22:22.472517,2026-04-01 03:22:24.995487,0 days 00:00:02.522970,18,2.25,24,0,20,1.6,0.6,6,35,99,120,5,1.05,3.5,1.9,2.3,1,4.8,11.4,5.4,5.300000000000001,2.6,True,False,,,,,,,,,COMPLETE
1731,-1000000000.0,2026-04-01 03:22:25.024616,2026-04-01 03:22:27.552142,0 days 00:00:02.527526,16,2.3,16,2,19,1.9,0.95,8,38,73,180,3,1.3,2.2,1.8,2.2,16,5.5,10.8,5.5,4.7,1.6,False,True,,,,,,,,,COMPLETE
1732,-1000000000.0,2026-04-01 03:22:27.587427,2026-04-01 03:22:27.654148,0 days 00:00:00.066721,20,1.75,15,3,14,1.15,0.55,7,41,88,150,0,1.0,2.5,1.75,2.1,0,5.7,13.4,4.8,3.8,3.6,True,True,,,,,,,,,COMPLETE
1733,-1000000000.0,2026-04-01 03:22:27.691696,2026-04-01 03:22:27.762371,0 days 00:00:00.070675,11,2.5,16,4,15,1.7000000000000002,0.55,9,39,71,30,5,1.8,2.3,1.35,1.5,24,5.9,8.2,6.9,5.800000000000001,2.8,True,True,,,,,,,,,COMPLETE
1734,-1000000000.0,2026-04-01 03:22:27.801229,2026-04-01 03:22:27.871529,0 days 00:00:00.070300,15,1.7,17,1,13,1.5,0.75,5,40,85,120,2,1.85,2.4,1.05,1.7,5,4.0,15.4,6.2,6.300000000000001,3.1,False,False,,,,,,,,,COMPLETE
1735,-1000000000.0,2026-04-01 03:22:27.917866,2026-04-01 03:22:27.988109,0 days 00:00:00.070243,12,2.1,14,2,12,1.65,0.5,10,44,81,90,1,1.35,3.1,1.85,2.5,7,4.6,10.6,4.2,5.6,2.1,True,True,,,,,,,,,COMPLETE
1736,-1000000000.0,2026-04-01 03:22:28.023247,2026-04-01 03:22:28.088865,0 days 00:00:00.065618,14,2.45,15,0,10,1.05,0.7,8,42,87,180,6,1.1,2.1,1.9,1.8,15,5.4,14.600000000000001,6.4,4.0,3.7,False,True,,,,,,,,,COMPLETE
1737,-1000000000.0,2026-04-01 03:22:28.122714,2026-04-01 03:22:28.192583,0 days 00:00:00.069869,13,1.65,21,1,18,1.0,0.65,7,43,80,60,4,1.4,3.7,1.65,2.4,26,5.0,9.4,6.7,3.4,1.5,True,True,,,,,,,,,COMPLETE
1738,-1000000000.0,2026-04-01 03:22:28.230086,2026-04-01 03:22:30.689623,0 days 00:00:02.459537,16,1.5499999999999998,14,5,20,1.55,1.0,8,35,97,150,3,1.7000000000000002,2.0,1.05,3.3,21,3.8,11.6,3.6,4.2,1.9,False,False,,,,,,,,,COMPLETE
1739,-1000000000.0,2026-04-01 03:22:30.717721,2026-04-01 03:22:30.780722,0 days 00:00:00.063001,17,1.5999999999999999,17,4,14,1.35,0.5,9,41,93,150,3,2.2,3.3,1.55,3.4000000000000004,22,5.1,12.2,4.6,3.0,2.4,True,True,,,,,,,,,COMPLETE
1740,-1000000000.0,2026-04-01 03:22:30.820076,2026-04-01 03:22:30.888794,0 days 00:00:00.068718,20,2.4,14,1,11,1.9500000000000002,0.6,6,37,77,90,5,2.0,4.6,1.25,2.0,10,5.6,10.0,4.9,6.9,3.9000000000000004,False,True,,,,,,,,,COMPLETE
1741,-1000000000.0,2026-04-01 03:22:30.924105,2026-04-01 03:22:30.988421,0 days 00:00:00.064316,18,2.0,16,3,12,1.05,0.55,9,40,83,30,0,1.9,4.300000000000001,1.15,1.9,20,5.3,12.600000000000001,7.0,3.7,2.2,True,True,,,,,,,,,COMPLETE
1742,-1000000000.0,2026-04-01 03:22:31.024526,2026-04-01 03:22:31.099647,0 days 00:00:00.075121,15,2.2,23,0,15,1.85,0.8,10,44,71,150,6,2.1,2.9,1.6,1.6,18,6.0,10.4,5.2,5.7,2.7,False,False,,,,,,,,,COMPLETE
1743,-1000000000.0,2026-04-01 03:22:31.135000,2026-04-01 03:22:31.213853,0 days 00:00:00.078853,19,1.7999999999999998,22,2,13,1.4,0.7,8,41,78,180,5,1.9500000000000002,2.8,1.7000000000000002,2.2,25,4.3,9.0,3.1,5.9,3.2,True,True,,,,,,,,,COMPLETE
1744,-1000000000.0,2026-04-01 03:22:31.249697,2026-04-01 03:22:31.320703,0 days 00:00:00.071006,14,1.8499999999999999,20,5,10,1.25,0.6,7,43,90,120,2,1.15,2.6,1.8,2.7,23,3.5,14.0,3.8,4.5,2.0,False,True,,,,,,,,,COMPLETE
1745,-1000000000.0,2026-04-01 03:22:31.357766,2026-04-01 03:22:31.428200,0 days 00:00:00.070434,11,2.35,18,4,14,1.5,0.8500000000000001,9,42,100,150,3,1.5,2.5,1.75,2.1,12,4.2,12.0,6.6,3.9,3.7,True,False,,,,,,,,,COMPLETE
1746,-1000000000.0,2026-04-01 03:22:31.463392,2026-04-01 03:22:33.940912,0 days 00:00:02.477520,16,1.75,19,2,19,1.15,0.55,8,39,74,180,4,1.4,4.4,1.55,1.5,14,5.800000000000001,13.8,4.4,6.800000000000001,2.1,False,True,,,,,,,,,COMPLETE
1747,-1000000000.0,2026-04-01 03:22:33.976570,2026-04-01 03:22:36.521466,0 days 00:00:02.544896,13,2.1,15,1,17,1.1,0.5,7,36,88,90,6,1.2,2.3,1.1,2.6,21,5.2,16.8,6.9,3.1,3.2,True,True,,,,,,,,,COMPLETE
1748,-1000000000.0,2026-04-01 03:22:36.558445,2026-04-01 03:22:38.994678,0 days 00:00:02.436233,20,2.05,24,0,16,1.45,0.65,6,38,86,150,2,1.45,2.4,1.0,1.9,9,4.9,9.4,3.4,6.1,1.7,False,True,,,,,,,,,COMPLETE
1749,-1000000000.0,2026-04-01 03:22:39.035904,2026-04-01 03:22:39.111456,0 days 00:00:00.075552,16,2.15,14,3,12,1.2,0.55,8,44,89,120,0,1.0,2.3,1.3,1.8,8,3.9,12.4,6.300000000000001,3.8,3.1,True,False,,,,,,,,,COMPLETE
1750,-1000000000.0,2026-04-01 03:22:39.159138,2026-04-01 03:22:41.736124,0 days 00:00:02.576986,12,1.9,21,1,18,1.75,0.6,10,40,72,30,1,1.25,4.1,1.9500000000000002,2.0,2,3.6,11.8,3.0,5.2,3.0,False,True,,,,,,,,,COMPLETE
1751,-1000000000.0,2026-04-01 03:22:41.772058,2026-04-01 03:22:44.317431,0 days 00:00:02.545373,14,2.5,16,1,15,1.3,0.7,5,35,98,60,5,1.9500000000000002,2.1,1.2,1.5,11,5.5,12.2,3.5,6.2,2.3,True,True,,,,,,,,,COMPLETE
1752,-1000000000.0,2026-04-01 03:22:44.351697,2026-04-01 03:22:44.432946,0 days 00:00:00.081249,17,2.45,22,2,20,1.1,0.55,9,43,81,180,6,1.35,2.2,1.65,1.7,19,5.0,12.8,3.2,4.1,3.3,False,True,,,,,,,,,COMPLETE
