number,value,state,datetime_start,datetime_complete,duration_seconds,params_json,fold_sharpes_json,avg_cv_sharpe
2607,-1000000000.0,TrialState.COMPLETE,2026-04-01T07:28:22.038389,2026-04-01T07:28:22.138020,0.099631,"{""atr_window"": 10, ""bb_std_dev"": 1.5499999999999998, ""bb_window"": 17, ""cooldown"": 2, ""macd_fast"": 11, ""macd_k"": 1.0, ""macd_k_mid"": 0.8, ""macd_signal"": 6, ""macd_slow"": 44, ""macd_std_window"": 88, ""rebalance_freq"": 180, ""rebounce_block"": 6, ""sl_mult_lm"": 1.45, ""sl_mult_lr"": 4.300000000000001, ""sl_mult_sm"": 1.9500000000000002, ""sl_mult_sr"": 2.1, ""time_stop"": 14, ""tp_mult_lm"": 5.0, ""tp_mult_lr"": 9.6, ""tp_mult_sm"": 5.5, ""tp_mult_sr"": 3.3, ""trail_mult"": 1.6, ""trail_tp"": false, ""use_trailing"": true}",{},
2608,-1000000000.0,TrialState.COMPLETE,2026-04-01T07:28:22.176881,2026-04-01T07:28:22.282328,0.105447,"{""atr_window"": 16, ""bb_std_dev"": 2.5, ""bb_window"": 23, ""cooldown"": 1, ""macd_fast"": 15, ""macd_k"": 1.4, ""macd_k_mid"": 0.5, ""macd_signal"": 5, ""macd_slow"": 41, ""macd_std_window"": 79, ""rebalance_freq"": 120, ""rebounce_block"": 4, ""sl_mult_lm"": 1.35, ""sl_mult_lr"": 3.5, ""sl_mult_sm"": 1.75, ""sl_mult_sr"": 1.9, ""time_stop"": 7, ""tp_mult_lm"": 5.1, ""tp_mult_lr"": 12.4, ""tp_mult_sm"": 4.0, ""tp_mult_sr"": 3.8, ""trail_mult"": 3.4000000000000004, ""trail_tp"": true, ""use_trailing"": true}",{},
2609,-1000000000.0,TrialState.COMPLETE,2026-04-01T07:28:22.324306,2026-04-01T07:28:22.423543,0.099237,"{""atr_window"": 15, ""bb_std_dev"": 1.8499999999999999, ""bb_window"": 21, ""cooldown"": 2, ""macd_fast"": 14, ""macd_k"": 1.45, ""macd_k_mid"": 1.0, ""macd_signal"": 9, ""macd_slow"": 40, ""macd_std_window"": 70, ""rebalance_freq"": 90, ""rebounce_block"": 5, ""sl_mult_lm"": 1.65, ""sl_mult_lr"": 3.1, ""sl_mult_sm"": 2.0, ""sl_mult_sr"": 2.7, ""time_stop"": 3, ""tp_mult_lm"": 5.3, ""tp_mult_lr"": 9.8, ""tp_mult_sm"": 6.300000000000001, ""tp_mult_sr"": 3.1, ""trail_mult"": 3.9000000000000004, ""trail_tp"": true, ""use_trailing"": true}",{},
2610,-1000000000.0,TrialState.COMPLETE,2026-04-01T07:28:22.475772,2026-04-01T07:28:22.581837,0.106065,"{""atr_window"": 11, ""bb_std_dev"": 1.5999999999999999, ""bb_window"": 19, ""cooldown"": 3, ""macd_fast"": 13, ""macd_k"": 1.05, ""macd_k_mid"": 0.8500000000000001, ""macd_signal"": 9, ""macd_slow"": 37, ""macd_std_window"": 91, ""rebalance_freq"": 150, ""rebounce_block"": 3, ""sl_mult_lm"": 2.2, ""sl_mult_lr"": 3.6, ""sl_mult_sm"": 1.85, ""sl_mult_sr"": 1.5, ""time_stop"": 12, ""tp_mult_lm"": 5.1, ""tp_mult_lr"": 8.0, ""tp_mult_sm"": 3.6, ""tp_mult_sr"": 4.3, ""trail_mult"": 3.5, ""trail_tp"": false, ""use_trailing"": false}",{},
2611,-1000000000.0,TrialState.COMPLETE,2026-04-01T07:28:22.625841,2026-04-01T07:28:22.719766,0.093925,"{""atr_window"": 17, ""bb_std_dev"": 1.75, ""bb_window"": 20, ""cooldown"": 0, ""macd_fast"": 10, ""macd_k"": 1.15, ""macd_k_mid"": 0.9, ""macd_signal"": 10, ""macd_slow"": 35, ""macd_std_window"": 77, ""rebalance_freq"": 180, ""rebounce_block"": 2, ""sl_mult_lm"": 1.0, ""sl_mult_lr"": 2.7, ""sl_mult_sm"": 1.65, ""sl_mult_sr"": 2.4, ""time_stop"": 29, ""tp_mult_lm"": 4.7, ""tp_mult_lr"": 11.8, ""tp_mult_sm"": 6.9, ""tp_mult_sr"": 3.7, ""trail_mult"": 3.8000000000000003, ""trail_tp"": true, ""use_trailing"": true}",{},
2612,-1000000000.0,TrialState.COMPLETE,2026-04-01T07:28:22.756787,2026-04-01T07:28:22.850642,0.093855,"{""atr_window"": 20, ""bb_std_dev"": 2.1, ""bb_window"": 17, ""cooldown"": 2, ""macd_fast"": 17, ""macd_k"": 1.5, ""macd_k_mid"": 0.7, ""macd_signal"": 8, ""macd_slow"": 42, ""macd_std_window"": 89, ""rebalance_freq"": 150, ""rebounce_block"": 5, ""sl_mult_lm"": 1.1, ""sl_mult_lr"": 2.9, ""sl_mult_sm"": 1.8, ""sl_mult_sr"": 2.2, ""time_stop"": 23, ""tp_mult_lm"": 5.4, ""tp_mult_lr"": 10.0, ""tp_mult_sm"": 4.2, ""tp_mult_sr"": 5.1, ""trail_mult"": 3.7, ""trail_tp"": false, ""use_trailing"": true}",{},
2613,-1000000000.0,TrialState.COMPLETE,2026-04-01T07:28:22.881823,2026-04-01T07:28:22.987112,0.105289,"{""atr_window"": 19, ""bb_std_dev"": 2.2, ""bb_window"": 16, ""cooldown"": 1, ""macd_fast"": 13, ""macd_k"": 1.2, ""macd_k_mid"": 0.65, ""macd_signal"": 7, ""macd_slow"": 39, ""macd_std_window"": 82, ""rebalance_freq"": 30, ""rebounce_block"": 0, ""sl_mult_lm"": 1.25, ""sl_mult_lr"": 4.7, ""sl_mult_sm"": 1.0, ""sl_mult_sr"": 2.1, ""time_stop"": 17, ""tp_mult_lm"": 4.9, ""tp_mult_lr"": 12.0, ""tp_mult_sm"": 5.2, ""tp_mult_sr"": 3.6, ""trail_mult"": 2.9000000000000004, ""trail_tp"": true, ""use_trailing"": true}",{},
2614,-1000000000.0,TrialState.COMPLETE,2026-04-01T07:28:23.025889,2026-04-01T07:28:23.138314,0.112425,"{""atr_window"": 13, ""bb_std_dev"": 2.15, ""bb_window"": 22, ""cooldown"": 2, ""macd_fast"": 12, ""macd_k"": 1.45, ""macd_k_mid"": 0.95, ""macd_signal"": 9, ""macd_slow"": 44, ""macd_std_window"": 71, ""rebalance_freq"": 120, ""rebounce_block"": 6, ""sl_mult_lm"": 1.2, ""sl_mult_lr"": 3.0, ""sl_mult_sm"": 1.5, ""sl_mult_sr"": 1.5, ""time_stop"": 26, ""tp_mult_lm"": 5.9, ""tp_mult_lr"": 9.6, ""tp_mult_sm"": 3.2, ""tp_mult_sr"": 4.9, ""trail_mult"": 3.1, ""trail_tp"": false, ""use_trailing"": false}",{},
2615,-1000000000.0,TrialState.COMPLETE,2026-04-01T07:28:23.179556,2026-04-01T07:28:25.724249,2.544693,"{""atr_window"": 11, ""bb_std_dev"": 2.25, ""bb_window"": 20, ""cooldown"": 1, ""macd_fast"": 16, ""macd_k"": 1.35, ""macd_k_mid"": 0.5, ""macd_signal"": 8, ""macd_slow"": 36, ""macd_std_window"": 90, ""rebalance_freq"": 150, ""rebounce_block"": 1, ""sl_mult_lm"": 1.6, ""sl_mult_lr"": 4.9, ""sl_mult_sm"": 1.7000000000000002, ""sl_mult_sr"": 2.0, ""time_stop"": 18, ""tp_mult_lm"": 6.0, ""tp_mult_lr"": 11.6, ""tp_mult_sm"": 5.0, ""tp_mult_sr"": 4.7, ""trail_mult"": 3.3, ""trail_tp"": true, ""use_trailing"": true}",{},
2616,-1000000000.0,TrialState.COMPLETE,2026-04-01T07:28:25.766055,2026-04-01T07:28:28.369173,2.603118,"{""atr_window"": 18, ""bb_std_dev"": 2.0, ""bb_window"": 18, ""cooldown"": 3, ""macd_fast"": 15, ""macd_k"": 1.0, ""macd_k_mid"": 0.7, ""macd_signal"": 9, ""macd_slow"": 35, ""macd_std_window"": 80, ""rebalance_freq"": 90, ""rebounce_block"": 5, ""sl_mult_lm"": 1.35, ""sl_mult_lr"": 2.6, ""sl_mult_sm"": 1.45, ""sl_mult_sr"": 1.8, ""time_stop"": 6, ""tp_mult_lm"": 5.2, ""tp_mult_lr"": 13.600000000000001, ""tp_mult_sm"": 3.3, ""tp_mult_sr"": 4.0, ""trail_mult"": 2.6, ""trail_tp"": true, ""use_trailing"": true}",{},
2617,-1000000000.0,TrialState.COMPLETE,2026-04-01T07:28:28.408299,2026-04-01T07:28:28.517985,0.109686,"{""atr_window"": 12, ""bb_std_dev"": 2.35, ""bb_window"": 21, ""cooldown"": 2, ""macd_fast"": 14, ""macd_k"": 1.3, ""macd_k_mid"": 0.65, ""macd_signal"": 7, ""macd_slow"": 41, ""macd_std_window"": 92, ""rebalance_freq"": 180, ""rebounce_block"": 3, ""sl_mult_lm"": 2.1, ""sl_mult_lr"": 2.1, ""sl_mult_sm"": 1.65, ""sl_mult_sr"": 1.6, ""time_stop"": 1, ""tp_mult_lm"": 5.7, ""tp_mult_lr"": 8.2, ""tp_mult_sm"": 3.5, ""tp_mult_sr"": 6.6, ""trail_mult"": 1.9, ""trail_tp"": false, ""use_trailing"": true}",{},
2618,-1000000000.0,TrialState.COMPLETE,2026-04-01T07:28:28.560791,2026-04-01T07:28:28.670506,0.109715,"{""atr_window"": 15, ""bb_std_dev"": 2.05, ""bb_window"": 17, ""cooldown"": 0, ""macd_fast"": 11, ""macd_k"": 1.1, ""macd_k_mid"": 0.75, ""macd_signal"": 6, ""macd_slow"": 40, ""macd_std_window"": 75, ""rebalance_freq"": 150, ""rebounce_block"": 4, ""sl_mult_lm"": 1.4, ""sl_mult_lr"": 2.6, ""sl_mult_sm"": 1.9, ""sl_mult_sr"": 3.1, ""time_stop"": 16, ""tp_mult_lm"": 5.4, ""tp_mult_lr"": 11.4, ""tp_mult_sm"": 6.1, ""tp_mult_sr"": 4.4, ""trail_mult"": 3.2, ""trail_tp"": true, ""use_trailing"": false}",{},
2619,-1000000000.0,TrialState.COMPLETE,2026-04-01T07:28:28.709797,2026-04-01T07:28:28.805279,0.095482,"{""atr_window"": 16, ""bb_std_dev"": 1.65, ""bb_window"": 21, ""cooldown"": 1, ""macd_fast"": 13, ""macd_k"": 1.6, ""macd_k_mid"": 0.5, ""macd_signal"": 8, ""macd_slow"": 38, ""macd_std_window"": 83, ""rebalance_freq"": 120, ""rebounce_block"": 6, ""sl_mult_lm"": 1.8, ""sl_mult_lr"": 2.8, ""sl_mult_sm"": 1.5, ""sl_mult_sr"": 1.5, ""time_stop"": 30, ""tp_mult_lm"": 5.3, ""tp_mult_lr"": 10.6, ""tp_mult_sm"": 3.9, ""tp_mult_sr"": 3.2, ""trail_mult"": 2.5, ""trail_tp"": false, ""use_trailing"": true}",{},
2620,-1000000000.0,TrialState.COMPLETE,2026-04-01T07:28:28.852273,2026-04-01T07:28:28.952646,0.100373,"{""atr_window"": 20, ""bb_std_dev"": 2.4, ""bb_window"": 16, ""cooldown"": 0, ""macd_fast"": 12, ""macd_k"": 1.55, ""macd_k_mid"": 1.0, ""macd_signal"": 10, ""macd_slow"": 44, ""macd_std_window"": 82, ""rebalance_freq"": 180, ""rebounce_block"": 5, ""sl_mult_lm"": 1.2, ""sl_mult_lr"": 5.0, ""sl_mult_sm"": 1.4, ""sl_mult_sr"": 1.8, ""time_stop"": 5, ""tp_mult_lm"": 5.5, ""tp_mult_lr"": 13.4, ""tp_mult_sm"": 3.8, ""tp_mult_sr"": 3.0, ""trail_mult"": 1.8, ""trail_tp"": true, ""use_trailing"": true}",{},
2621,-1000000000.0,TrialState.COMPLETE,2026-04-01T07:28:28.992628,2026-04-01T07:28:31.622792,2.630164,"{""atr_window"": 18, ""bb_std_dev"": 2.45, ""bb_window"": 25, ""cooldown"": 2, ""macd_fast"": 14, ""macd_k"": 1.75, ""macd_k_mid"": 0.95, ""macd_signal"": 6, ""macd_slow"": 36, ""macd_std_window"": 73, ""rebalance_freq"": 150, ""rebounce_block"": 2, ""sl_mult_lm"": 1.05, ""sl_mult_lr"": 5.0, ""sl_mult_sm"": 1.05, ""sl_mult_sr"": 1.9, ""time_stop"": 15, ""tp_mult_lm"": 5.6, ""tp_mult_lr"": 12.2, ""tp_mult_sm"": 3.7, ""tp_mult_sr"": 5.0, ""trail_mult"": 3.2, ""trail_tp"": true, ""use_trailing"": false}",{},
2622,-1000000000.0,TrialState.COMPLETE,2026-04-01T07:28:31.662571,2026-04-01T07:28:31.773748,0.111177,"{""atr_window"": 17, ""bb_std_dev"": 1.7999999999999998, ""bb_window"": 20, ""cooldown"": 1, ""macd_fast"": 12, ""macd_k"": 1.65, ""macd_k_mid"": 0.8, ""macd_signal"": 8, ""macd_slow"": 37, ""macd_std_window"": 84, ""rebalance_freq"": 30, ""rebounce_block"": 0, ""sl_mult_lm"": 1.3, ""sl_mult_lr"": 3.2, ""sl_mult_sm"": 1.8, ""sl_mult_sr"": 2.3, ""time_stop"": 11, ""tp_mult_lm"": 5.2, ""tp_mult_lr"": 14.2, ""tp_mult_sm"": 6.9, ""tp_mult_sr"": 3.9, ""trail_mult"": 2.4, ""trail_tp"": false, ""use_trailing"": true}",{},
2623,-1000000000.0,TrialState.COMPLETE,2026-04-01T07:28:31.811276,2026-04-01T07:28:34.372803,2.561527,"{""atr_window"": 10, ""bb_std_dev"": 2.35, ""bb_window"": 23, ""cooldown"": 2, ""macd_fast"": 13, ""macd_k"": 1.25, ""macd_k_mid"": 0.8500000000000001, ""macd_signal"": 9, ""macd_slow"": 35, ""macd_std_window"": 81, ""rebalance_freq"": 90, ""rebounce_block"": 3, ""sl_mult_lm"": 2.1500000000000004, ""sl_mult_lr"": 4.2, ""sl_mult_sm"": 1.6, ""sl_mult_sr"": 2.1, ""time_stop"": 25, ""tp_mult_lm"": 5.1, ""tp_mult_lr"": 11.2, ""tp_mult_sm"": 6.0, ""tp_mult_sr"": 3.1, ""trail_mult"": 3.4000000000000004, ""trail_tp"": true, ""use_trailing"": true}",{},
2624,-1000000000.0,TrialState.COMPLETE,2026-04-01T07:28:34.404797,2026-04-01T07:28:34.481077,0.07628,"{""atr_window"": 13, ""bb_std_dev"": 2.5, ""bb_window"": 17, ""cooldown"": 1, ""macd_fast"": 10, ""macd_k"": 1.05, ""macd_k_mid"": 0.7, ""macd_signal"": 10, ""macd_slow"": 40, ""macd_std_window"": 88, ""rebalance_freq"": 180, ""rebounce_block"": 1, ""sl_mult_lm"": 1.75, ""sl_mult_lr"": 4.5, ""sl_mult_sm"": 1.75, ""sl_mult_sr"": 2.2, ""time_stop"": 13, ""tp_mult_lm"": 5.0, ""tp_mult_lr"": 9.8, ""tp_mult_sm"": 6.2, ""tp_mult_sr"": 5.300000000000001, ""trail_mult"": 3.7, ""trail_tp"": false, ""use_trailing"": true}",{},
2625,-1000000000.0,TrialState.COMPLETE,2026-04-01T07:28:34.512968,2026-04-01T07:28:34.607895,0.094927,"{""atr_window"": 16, ""bb_std_dev"": 2.3, ""bb_window"": 16, ""cooldown"": 3, ""macd_fast"": 15, ""macd_k"": 1.0, ""macd_k_mid"": 0.9, ""macd_signal"": 7, ""macd_slow"": 41, ""macd_std_window"": 89, ""rebalance_freq"": 150, ""rebounce_block"": 5, ""sl_mult_lm"": 1.35, ""sl_mult_lr"": 2.0, ""sl_mult_sm"": 1.55, ""sl_mult_sr"": 2.0, ""time_stop"": 18, ""tp_mult_lm"": 5.3, ""tp_mult_lr"": 11.8, ""tp_mult_sm"": 5.800000000000001, ""tp_mult_sr"": 4.9, ""trail_mult"": 3.1, ""trail_tp"": true, ""use_trailing"": false}",{},
2626,-1000000000.0,TrialState.COMPLETE,2026-04-01T07:28:34.654203,2026-04-01T07:28:34.747844,0.093641,"{""atr_window"": 20, ""bb_std_dev"": 2.15, ""bb_window"": 24, ""cooldown"": 0, ""macd_fast"": 17, ""macd_k"": 1.2, ""macd_k_mid"": 0.5, ""macd_signal"": 8, ""macd_slow"": 42, ""macd_std_window"": 87, ""rebalance_freq"": 120, ""rebounce_block"": 4, ""sl_mult_lm"": 1.0, ""sl_mult_lr"": 4.800000000000001, ""sl_mult_sm"": 1.85, ""sl_mult_sr"": 3.4000000000000004, ""time_stop"": 26, ""tp_mult_lm"": 4.8, ""tp_mult_lr"": 8.6, ""tp_mult_sm"": 6.4, ""tp_mult_sr"": 5.5, ""trail_mult"": 1.9, ""trail_tp"": true, ""use_trailing"": true}",{},
2627,-1000000000.0,TrialState.COMPLETE,2026-04-01T07:28:34.795198,2026-04-01T07:28:37.341507,2.546309,"{""atr_window"": 12, ""bb_std_dev"": 1.45, ""bb_window"": 19, ""cooldown"": 2, ""macd_fast"": 16, ""macd_k"": 1.9, ""macd_k_mid"": 0.65, ""macd_signal"": 9, ""macd_slow"": 35, ""macd_std_window"": 78, ""rebalance_freq"": 180, ""rebounce_block"": 6, ""sl_mult_lm"": 1.55, ""sl_mult_lr"": 2.1, ""sl_mult_sm"": 1.7000000000000002, ""sl_mult_sr"": 1.6, ""time_stop"": 28, ""tp_mult_lm"": 4.6, ""tp_mult_lr"": 9.2, ""tp_mult_sm"": 5.300000000000001, ""tp_mult_sr"": 4.2, ""trail_mult"": 2.7, ""trail_tp"": false, ""use_trailing"": true}",{},
2628,-1000000000.0,TrialState.COMPLETE,2026-04-01T07:28:37.381700,2026-04-01T07:28:37.480955,0.099255,"{""atr_window"": 19, ""bb_std_dev"": 2.2, ""bb_window"": 21, ""cooldown"": 3, ""macd_fast"": 14, ""macd_k"": 1.15, ""macd_k_mid"": 0.95, ""macd_signal"": 8, ""macd_slow"": 39, ""macd_std_window"": 74, ""rebalance_freq"": 150, ""rebounce_block"": 2, ""sl_mult_lm"": 1.15, ""sl_mult_lr"": 3.4000000000000004, ""sl_mult_sm"": 1.9500000000000002, ""sl_mult_sr"": 1.5, ""time_stop"": 24, ""tp_mult_lm"": 5.5, ""tp_mult_lr"": 8.4, ""tp_mult_sm"": 3.4, ""tp_mult_sr"": 3.8, ""trail_mult"": 4.0, ""trail_tp"": true, ""use_trailing"": true}",{},
2629,-1000000000.0,TrialState.COMPLETE,2026-04-01T07:28:37.522204,2026-04-01T07:28:37.623418,0.101214,"{""atr_window"": 17, ""bb_std_dev"": 2.0, ""bb_window"": 16, ""cooldown"": 1, ""macd_fast"": 12, ""macd_k"": 1.5, ""macd_k_mid"": 0.7, ""macd_signal"": 9, ""macd_slow"": 44, ""macd_std_window"": 85, ""rebalance_freq"": 120, ""rebounce_block"": 5, ""sl_mult_lm"": 1.85, ""sl_mult_lr"": 3.3, ""sl_mult_sm"": 1.75, ""sl_mult_sr"": 2.0, ""time_stop"": 8, ""tp_mult_lm"": 4.5, ""tp_mult_lr"": 12.4, ""tp_mult_sm"": 4.1, ""tp_mult_sr"": 3.9, ""trail_mult"": 3.6, ""trail_tp"": false, ""use_trailing"": false}",{},
2630,-1000000000.0,TrialState.COMPLETE,2026-04-01T07:28:37.663384,2026-04-01T07:28:37.778219,0.114835,"{""atr_window"": 15, ""bb_std_dev"": 1.7, ""bb_window"": 18, ""cooldown"": 1, ""macd_fast"": 15, ""macd_k"": 1.4, ""macd_k_mid"": 0.8, ""macd_signal"": 7, ""macd_slow"": 42, ""macd_std_window"": 70, ""rebalance_freq"": 30, ""rebounce_block"": 0, ""sl_mult_lm"": 2.05, ""sl_mult_lr"": 4.1, ""sl_mult_sm"": 1.65, ""sl_mult_sr"": 2.5, ""time_stop"": 17, ""tp_mult_lm"": 4.7, ""tp_mult_lr"": 13.8, ""tp_mult_sm"": 3.6, ""tp_mult_sr"": 4.8, ""trail_mult"": 1.5, ""trail_tp"": true, ""use_trailing"": true}",{},
2631,-1000000000.0,TrialState.COMPLETE,2026-04-01T07:28:37.821934,2026-04-01T07:28:37.927860,0.105926,"{""atr_window"": 10, ""bb_std_dev"": 2.4, ""bb_window"": 20, ""cooldown"": 2, ""macd_fast"": 13, ""macd_k"": 1.35, ""macd_k_mid"": 0.5, ""macd_signal"": 5, ""macd_slow"": 37, ""macd_std_window"": 76, ""rebalance_freq"": 90, ""rebounce_block"": 3, ""sl_mult_lm"": 1.7000000000000002, ""sl_mult_lr"": 2.9, ""sl_mult_sm"": 1.0, ""sl_mult_sr"": 1.9, ""time_stop"": 27, ""tp_mult_lm"": 5.800000000000001, ""tp_mult_lr"": 12.0, ""tp_mult_sm"": 7.0, ""tp_mult_sr"": 7.0, ""trail_mult"": 2.9000000000000004, ""trail_tp"": true, ""use_trailing"": true}",{},
2632,-1000000000.0,TrialState.COMPLETE,2026-04-01T07:28:37.968692,2026-04-01T07:28:38.091625,0.122933,"{""atr_window"": 11, ""bb_std_dev"": 2.45, ""bb_window"": 17, ""cooldown"": 0, ""macd_fast"": 14, ""macd_k"": 1.05, ""macd_k_mid"": 0.8500000000000001, ""macd_signal"": 6, ""macd_slow"": 40, ""macd_std_window"": 81, ""rebalance_freq"": 180, ""rebounce_block"": 5, ""sl_mult_lm"": 2.2, ""sl_mult_lr"": 3.0, ""sl_mult_sm"": 1.85, ""sl_mult_sr"": 2.9000000000000004, ""time_stop"": 14, ""tp_mult_lm"": 3.5, ""tp_mult_lr"": 11.0, ""tp_mult_sm"": 4.3, ""tp_mult_sr"": 3.4, ""trail_mult"": 3.3, ""trail_tp"": false, ""use_trailing"": false}",{},
2633,-1000000000.0,TrialState.COMPLETE,2026-04-01T07:28:38.163598,2026-04-01T07:28:38.273251,0.109653,"{""atr_window"": 18, ""bb_std_dev"": 2.25, ""bb_window"": 22, ""cooldown"": 2, ""macd_fast"": 11, ""macd_k"": 1.85, ""macd_k_mid"": 0.7, ""macd_signal"": 9, ""macd_slow"": 41, ""macd_std_window"": 80, ""rebalance_freq"": 150, ""rebounce_block"": 6, ""sl_mult_lm"": 1.45, ""sl_mult_lr"": 2.6, ""sl_mult_sm"": 1.8, ""sl_mult_sr"": 2.1, ""time_stop"": 7, ""tp_mult_lm"": 5.2, ""tp_mult_lr"": 10.0, ""tp_mult_sm"": 3.3, ""tp_mult_sr"": 4.6, ""trail_mult"": 3.8000000000000003, ""trail_tp"": true, ""use_trailing"": true}",{},
2634,-1000000000.0,TrialState.COMPLETE,2026-04-01T07:28:38.313620,2026-04-01T07:28:40.775958,2.462338,"{""atr_window"": 16, ""bb_std_dev"": 2.3, ""bb_window"": 21, ""cooldown"": 1, ""macd_fast"": 13, ""macd_k"": 1.7000000000000002, ""macd_k_mid"": 0.95, ""macd_signal"": 8, ""macd_slow"": 35, ""macd_std_window"": 72, ""rebalance_freq"": 150, ""rebounce_block"": 0, ""sl_mult_lm"": 2.1500000000000004, ""sl_mult_lr"": 4.9, ""sl_mult_sm"": 2.0, ""sl_mult_sr"": 2.8, ""time_stop"": 2, ""tp_mult_lm"": 5.800000000000001, ""tp_mult_lr"": 10.2, ""tp_mult_sm"": 3.1, ""tp_mult_sr"": 5.0, ""trail_mult"": 3.0, ""trail_tp"": false, ""use_trailing"": true}",{},
2635,-1000000000.0,TrialState.COMPLETE,2026-04-01T07:28:40.818623,2026-04-01T07:28:40.910013,0.09139,"{""atr_window"": 19, ""bb_std_dev"": 1.95, ""bb_window"": 17, ""cooldown"": 0, ""macd_fast"": 12, ""macd_k"": 1.6, ""macd_k_mid"": 1.0, ""macd_signal"": 7, ""macd_slow"": 35, ""macd_std_window"": 88, ""rebalance_freq"": 180, ""rebounce_block"": 3, ""sl_mult_lm"": 1.0, ""sl_mult_lr"": 3.1, ""sl_mult_sm"": 1.55, ""sl_mult_sr"": 2.6, ""time_stop"": 10, ""tp_mult_lm"": 5.1, ""tp_mult_lr"": 9.4, ""tp_mult_sm"": 4.8, ""tp_mult_sr"": 4.5, ""trail_mult"": 3.5, ""trail_tp"": true, ""use_trailing"": true}",{},
2636,-1000000000.0,TrialState.COMPLETE,2026-04-01T07:28:40.947954,2026-04-01T07:28:43.440613,2.492659,"{""atr_window"": 17, ""bb_std_dev"": 1.75, ""bb_window"": 19, ""cooldown"": 2, ""macd_fast"": 17, ""macd_k"": 2.0, ""macd_k_mid"": 0.65, ""macd_signal"": 10, ""macd_slow"": 38, ""macd_std_window"": 93, ""rebalance_freq"": 120, ""rebounce_block"": 2, ""sl_mult_lm"": 1.8, ""sl_mult_lr"": 4.300000000000001, ""sl_mult_sm"": 1.9, ""sl_mult_sr"": 1.6, ""time_stop"": 29, ""tp_mult_lm"": 6.0, ""tp_mult_lr"": 10.8, ""tp_mult_sm"": 6.800000000000001, ""tp_mult_sr"": 5.4, ""trail_mult"": 2.6, ""trail_tp"": false, ""use_trailing"": false}",{},
2637,-1000000000.0,TrialState.COMPLETE,2026-04-01T07:28:43.478605,2026-04-01T07:28:43.568893,0.090288,"{""atr_window"": 20, ""bb_std_dev"": 2.05, ""bb_window"": 20, ""cooldown"": 3, ""macd_fast"": 10, ""macd_k"": 1.15, ""macd_k_mid"": 0.5, ""macd_signal"": 8, ""macd_slow"": 36, ""macd_std_window"": 82, ""rebalance_freq"": 180, ""rebounce_block"": 4, ""sl_mult_lm"": 1.3, ""sl_mult_lr"": 4.0, ""sl_mult_sm"": 1.8, ""sl_mult_sr"": 2.2, ""time_stop"": 16, ""tp_mult_lm"": 5.6, ""tp_mult_lr"": 9.8, ""tp_mult_sm"": 5.6, ""tp_mult_sr"": 3.1, ""trail_mult"": 2.8, ""trail_tp"": true, ""use_trailing"": true}",{},
2638,-1000000000.0,TrialState.COMPLETE,2026-04-01T07:28:43.607757,2026-04-01T07:28:43.715691,0.107934,"{""atr_window"": 15, ""bb_std_dev"": 1.7999999999999998, ""bb_window"": 23, ""cooldown"": 1, ""macd_fast"": 16, ""macd_k"": 1.55, ""macd_k_mid"": 0.75, ""macd_signal"": 9, ""macd_slow"": 44, ""macd_std_window"": 90, ""rebalance_freq"": 90, ""rebounce_block"": 6, ""sl_mult_lm"": 1.5, ""sl_mult_lr"": 2.8, ""sl_mult_sm"": 1.6, ""sl_mult_sr"": 1.5, ""time_stop"": 25, ""tp_mult_lm"": 5.3, ""tp_mult_lr"": 9.6, ""tp_mult_sm"": 6.800000000000001, ""tp_mult_sr"": 5.1, ""trail_mult"": 3.2, ""trail_tp"": true, ""use_trailing"": true}",{},
2639,-1000000000.0,TrialState.COMPLETE,2026-04-01T07:28:43.755706,2026-04-01T07:28:43.853968,0.098262,"{""atr_window"": 16, ""bb_std_dev"": 2.5, ""bb_window"": 16, ""cooldown"": 2, ""macd_fast"": 14, ""macd_k"": 1.1, ""macd_k_mid"": 0.55, ""macd_signal"": 10, ""macd_slow"": 40, ""macd_std_window"": 71, ""rebalance_freq"": 30, ""rebounce_block"": 5, ""sl_mult_lm"": 1.25, ""sl_mult_lr"": 2.7, ""sl_mult_sm"": 1.75, ""sl_mult_sr"": 2.3, ""time_stop"": 23, ""tp_mult_lm"": 5.0, ""tp_mult_lr"": 11.6, ""tp_mult_sm"": 6.5, ""tp_mult_sr"": 4.7, ""trail_mult"": 1.7, ""trail_tp"": false, ""use_trailing"": true}",{},
2640,-1000000000.0,TrialState.COMPLETE,2026-04-01T07:28:43.897580,2026-04-01T07:28:44.000226,0.102646,"{""atr_window"": 18, ""bb_std_dev"": 2.1, ""bb_window"": 18, ""cooldown"": 1, ""macd_fast"": 13, ""macd_k"": 1.3, ""macd_k_mid"": 0.75, ""macd_signal"": 8, ""macd_slow"": 39, ""macd_std_window"": 83, ""rebalance_freq"": 150, ""rebounce_block"": 5, ""sl_mult_lm"": 1.75, ""sl_mult_lr"": 2.9, ""sl_mult_sm"": 1.7000000000000002, ""sl_mult_sr"": 1.6, ""time_stop"": 3, ""tp_mult_lm"": 5.7, ""tp_mult_lr"": 10.4, ""tp_mult_sm"": 3.5, ""tp_mult_sr"": 4.1, ""trail_mult"": 1.6, ""trail_tp"": true, ""use_trailing"": false}",{},
