number,value,state,datetime_start,datetime_complete,duration_seconds,params_json,fold_sharpes_json,avg_cv_sharpe
693,-1000000000.0,TrialState.COMPLETE,2026-04-01T02:19:59.827820,2026-04-01T02:19:59.860734,0.032914,"{""atr_window"": 10, ""bb_std_dev"": 2.0, ""bb_window"": 18, ""cooldown"": 2, ""macd_fast"": 19, ""macd_k"": 1.7000000000000002, ""macd_k_mid"": 0.8500000000000001, ""macd_signal"": 5, ""macd_slow"": 42, ""macd_std_window"": 90, ""rebalance_freq"": 30, ""rebounce_block"": 6, ""sl_mult_lm"": 1.3, ""sl_mult_lr"": 3.5, ""sl_mult_sm"": 1.8, ""sl_mult_sr"": 2.9000000000000004, ""time_stop"": 19, ""tp_mult_lm"": 5.6, ""tp_mult_lr"": 9.8, ""tp_mult_sm"": 4.8, ""tp_mult_sr"": 3.8, ""trail_mult"": 3.1, ""trail_tp"": true, ""use_trailing"": true}",{},
694,-1000000000.0,TrialState.COMPLETE,2026-04-01T02:19:59.892659,2026-04-01T02:19:59.927211,0.034552,"{""atr_window"": 17, ""bb_std_dev"": 2.4, ""bb_window"": 16, ""cooldown"": 5, ""macd_fast"": 20, ""macd_k"": 1.8, ""macd_k_mid"": 0.7, ""macd_signal"": 9, ""macd_slow"": 43, ""macd_std_window"": 71, ""rebalance_freq"": 90, ""rebounce_block"": 0, ""sl_mult_lm"": 2.1500000000000004, ""sl_mult_lr"": 2.4, ""sl_mult_sm"": 1.55, ""sl_mult_sr"": 1.5, ""time_stop"": 17, ""tp_mult_lm"": 5.800000000000001, ""tp_mult_lr"": 11.8, ""tp_mult_sm"": 3.4, ""tp_mult_sr"": 3.9, ""trail_mult"": 2.8, ""trail_tp"": false, ""use_trailing"": true}",{},
695,-1000000000.0,TrialState.COMPLETE,2026-04-01T02:19:59.958480,2026-04-01T02:20:00.014183,0.055703,"{""atr_window"": 15, ""bb_std_dev"": 1.7, ""bb_window"": 14, ""cooldown"": 1, ""macd_fast"": 12, ""macd_k"": 1.4, ""macd_k_mid"": 1.0, ""macd_signal"": 6, ""macd_slow"": 36, ""macd_std_window"": 70, ""rebalance_freq"": 120, ""rebounce_block"": 5, ""sl_mult_lm"": 2.1, ""sl_mult_lr"": 2.8, ""sl_mult_sm"": 1.65, ""sl_mult_sr"": 2.5, ""time_stop"": 22, ""tp_mult_lm"": 5.5, ""tp_mult_lr"": 14.8, ""tp_mult_sm"": 3.2, ""tp_mult_sr"": 6.2, ""trail_mult"": 3.6, ""trail_tp"": true, ""use_trailing"": false}",{},
696,-1000000000.0,TrialState.COMPLETE,2026-04-01T02:20:00.049875,2026-04-01T02:20:00.085048,0.035173,"{""atr_window"": 13, ""bb_std_dev"": 2.45, ""bb_window"": 15, ""cooldown"": 0, ""macd_fast"": 15, ""macd_k"": 1.3, ""macd_k_mid"": 0.55, ""macd_signal"": 7, ""macd_slow"": 38, ""macd_std_window"": 84, ""rebalance_freq"": 180, ""rebounce_block"": 1, ""sl_mult_lm"": 1.25, ""sl_mult_lr"": 2.1, ""sl_mult_sm"": 1.3, ""sl_mult_sr"": 2.1, ""time_stop"": 20, ""tp_mult_lm"": 4.9, ""tp_mult_lr"": 12.600000000000001, ""tp_mult_sm"": 4.9, ""tp_mult_sr"": 5.9, ""trail_mult"": 1.8, ""trail_tp"": false, ""use_trailing"": true}",{},
697,-1000000000.0,TrialState.COMPLETE,2026-04-01T02:20:00.117317,2026-04-01T02:20:02.763224,2.645907,"{""atr_window"": 20, ""bb_std_dev"": 1.8499999999999999, ""bb_window"": 14, ""cooldown"": 1, ""macd_fast"": 18, ""macd_k"": 1.1, ""macd_k_mid"": 0.6, ""macd_signal"": 8, ""macd_slow"": 40, ""macd_std_window"": 82, ""rebalance_freq"": 150, ""rebounce_block"": 6, ""sl_mult_lm"": 1.8, ""sl_mult_lr"": 2.5, ""sl_mult_sm"": 1.7000000000000002, ""sl_mult_sr"": 1.9, ""time_stop"": 16, ""tp_mult_lm"": 5.0, ""tp_mult_lr"": 10.6, ""tp_mult_sm"": 5.4, ""tp_mult_sr"": 6.6, ""trail_mult"": 1.6, ""trail_tp"": true, ""use_trailing"": true}",{},
698,-1000000000.0,TrialState.COMPLETE,2026-04-01T02:20:02.795257,2026-04-01T02:20:02.828094,0.032837,"{""atr_window"": 15, ""bb_std_dev"": 2.15, ""bb_window"": 16, ""cooldown"": 4, ""macd_fast"": 13, ""macd_k"": 1.55, ""macd_k_mid"": 0.55, ""macd_signal"": 9, ""macd_slow"": 41, ""macd_std_window"": 93, ""rebalance_freq"": 150, ""rebounce_block"": 3, ""sl_mult_lm"": 2.0, ""sl_mult_lr"": 2.2, ""sl_mult_sm"": 1.05, ""sl_mult_sr"": 1.5, ""time_stop"": 7, ""tp_mult_lm"": 5.3, ""tp_mult_lr"": 10.2, ""tp_mult_sm"": 3.7, ""tp_mult_sr"": 5.300000000000001, ""trail_mult"": 3.2, ""trail_tp"": true, ""use_trailing"": true}",{},
699,-1000000000.0,TrialState.COMPLETE,2026-04-01T02:20:02.862501,2026-04-01T02:20:05.304171,2.44167,"{""atr_window"": 18, ""bb_std_dev"": 2.2, ""bb_window"": 21, ""cooldown"": 1, ""macd_fast"": 14, ""macd_k"": 1.0, ""macd_k_mid"": 0.95, ""macd_signal"": 10, ""macd_slow"": 35, ""macd_std_window"": 87, ""rebalance_freq"": 90, ""rebounce_block"": 4, ""sl_mult_lm"": 1.9, ""sl_mult_lr"": 4.2, ""sl_mult_sm"": 1.85, ""sl_mult_sr"": 1.8, ""time_stop"": 25, ""tp_mult_lm"": 3.8, ""tp_mult_lr"": 15.600000000000001, ""tp_mult_sm"": 5.1, ""tp_mult_sr"": 3.7, ""trail_mult"": 3.8000000000000003, ""trail_tp"": false, ""use_trailing"": false}",{},
700,-1000000000.0,TrialState.COMPLETE,2026-04-01T02:20:05.337462,2026-04-01T02:20:05.373665,0.036203,"{""atr_window"": 16, ""bb_std_dev"": 1.65, ""bb_window"": 22, ""cooldown"": 2, ""macd_fast"": 10, ""macd_k"": 1.6, ""macd_k_mid"": 0.8, ""macd_signal"": 7, ""macd_slow"": 37, ""macd_std_window"": 76, ""rebalance_freq"": 30, ""rebounce_block"": 5, ""sl_mult_lm"": 1.35, ""sl_mult_lr"": 2.4, ""sl_mult_sm"": 1.75, ""sl_mult_sr"": 2.2, ""time_stop"": 0, ""tp_mult_lm"": 6.0, ""tp_mult_lr"": 12.2, ""tp_mult_sm"": 5.0, ""tp_mult_sr"": 5.800000000000001, ""trail_mult"": 3.9000000000000004, ""trail_tp"": true, ""use_trailing"": true}",{},
701,-1000000000.0,TrialState.COMPLETE,2026-04-01T02:20:05.404354,2026-04-01T02:20:05.438381,0.034027,"{""atr_window"": 14, ""bb_std_dev"": 1.75, ""bb_window"": 24, ""cooldown"": 1, ""macd_fast"": 11, ""macd_k"": 1.15, ""macd_k_mid"": 0.6, ""macd_signal"": 8, ""macd_slow"": 42, ""macd_std_window"": 90, ""rebalance_freq"": 120, ""rebounce_block"": 2, ""sl_mult_lm"": 2.2, ""sl_mult_lr"": 4.300000000000001, ""sl_mult_sm"": 1.0, ""sl_mult_sr"": 1.6, ""time_stop"": 2, ""tp_mult_lm"": 5.9, ""tp_mult_lr"": 9.6, ""tp_mult_sm"": 6.4, ""tp_mult_sr"": 4.6, ""trail_mult"": 2.1, ""trail_tp"": false, ""use_trailing"": true}",{},
702,-1000000000.0,TrialState.COMPLETE,2026-04-01T02:20:05.470253,2026-04-01T02:20:05.504731,0.034478,"{""atr_window"": 16, ""bb_std_dev"": 1.7999999999999998, ""bb_window"": 20, ""cooldown"": 0, ""macd_fast"": 20, ""macd_k"": 1.2, ""macd_k_mid"": 0.5, ""macd_signal"": 8, ""macd_slow"": 35, ""macd_std_window"": 100, ""rebalance_freq"": 180, ""rebounce_block"": 5, ""sl_mult_lm"": 1.2, ""sl_mult_lr"": 2.0, ""sl_mult_sm"": 1.9500000000000002, ""sl_mult_sr"": 3.3, ""time_stop"": 1, ""tp_mult_lm"": 5.4, ""tp_mult_lr"": 16.6, ""tp_mult_sm"": 4.6, ""tp_mult_sr"": 3.1, ""trail_mult"": 2.2, ""trail_tp"": true, ""use_trailing"": true}",{},
703,-1000000000.0,TrialState.COMPLETE,2026-04-01T02:20:05.538612,2026-04-01T02:20:05.574190,0.035578,"{""atr_window"": 12, ""bb_std_dev"": 2.1, ""bb_window"": 17, ""cooldown"": 5, ""macd_fast"": 17, ""macd_k"": 1.75, ""macd_k_mid"": 0.7, ""macd_signal"": 9, ""macd_slow"": 43, ""macd_std_window"": 91, ""rebalance_freq"": 150, ""rebounce_block"": 6, ""sl_mult_lm"": 1.9500000000000002, ""sl_mult_lr"": 2.3, ""sl_mult_sm"": 1.55, ""sl_mult_sr"": 2.1, ""time_stop"": 12, ""tp_mult_lm"": 5.2, ""tp_mult_lr"": 12.8, ""tp_mult_sm"": 7.0, ""tp_mult_sr"": 5.4, ""trail_mult"": 2.3, ""trail_tp"": false, ""use_trailing"": false}",{},
704,-1000000000.0,TrialState.COMPLETE,2026-04-01T02:20:05.607667,2026-04-01T02:20:05.643040,0.035373,"{""atr_window"": 20, ""bb_std_dev"": 1.4, ""bb_window"": 25, ""cooldown"": 2, ""macd_fast"": 14, ""macd_k"": 1.5, ""macd_k_mid"": 0.55, ""macd_signal"": 7, ""macd_slow"": 39, ""macd_std_window"": 99, ""rebalance_freq"": 180, ""rebounce_block"": 0, ""sl_mult_lm"": 1.15, ""sl_mult_lr"": 2.5, ""sl_mult_sm"": 1.5, ""sl_mult_sr"": 2.0, ""time_stop"": 30, ""tp_mult_lm"": 5.5, ""tp_mult_lr"": 8.8, ""tp_mult_sm"": 6.0, ""tp_mult_sr"": 4.5, ""trail_mult"": 3.0, ""trail_tp"": true, ""use_trailing"": true}",{},
705,-1000000000.0,TrialState.COMPLETE,2026-04-01T02:20:05.674982,2026-04-01T02:20:05.711213,0.036231,"{""atr_window"": 11, ""bb_std_dev"": 1.95, ""bb_window"": 15, ""cooldown"": 1, ""macd_fast"": 19, ""macd_k"": 1.1, ""macd_k_mid"": 0.5, ""macd_signal"": 10, ""macd_slow"": 44, ""macd_std_window"": 73, ""rebalance_freq"": 120, ""rebounce_block"": 4, ""sl_mult_lm"": 1.75, ""sl_mult_lr"": 3.3, ""sl_mult_sm"": 1.6, ""sl_mult_sr"": 1.8, ""time_stop"": 4, ""tp_mult_lm"": 5.6, ""tp_mult_lr"": 10.8, ""tp_mult_sm"": 3.5, ""tp_mult_sr"": 4.8, ""trail_mult"": 1.7, ""trail_tp"": false, ""use_trailing"": true}",{},
706,-1000000000.0,TrialState.COMPLETE,2026-04-01T02:20:05.752270,2026-04-01T02:20:05.785299,0.033029,"{""atr_window"": 18, ""bb_std_dev"": 2.5, ""bb_window"": 14, ""cooldown"": 4, ""macd_fast"": 12, ""macd_k"": 1.65, ""macd_k_mid"": 0.55, ""macd_signal"": 6, ""macd_slow"": 41, ""macd_std_window"": 74, ""rebalance_freq"": 150, ""rebounce_block"": 3, ""sl_mult_lm"": 1.05, ""sl_mult_lr"": 3.2, ""sl_mult_sm"": 1.8, ""sl_mult_sr"": 3.0, ""time_stop"": 27, ""tp_mult_lm"": 4.1, ""tp_mult_lr"": 14.4, ""tp_mult_sm"": 3.0, ""tp_mult_sr"": 4.2, ""trail_mult"": 3.3, ""trail_tp"": true, ""use_trailing"": true}",{},
707,-1000000000.0,TrialState.COMPLETE,2026-04-01T02:20:05.818158,2026-04-01T02:20:05.854071,0.035913,"{""atr_window"": 19, ""bb_std_dev"": 1.9, ""bb_window"": 18, ""cooldown"": 3, ""macd_fast"": 15, ""macd_k"": 1.35, ""macd_k_mid"": 0.9, ""macd_signal"": 9, ""macd_slow"": 40, ""macd_std_window"": 81, ""rebalance_freq"": 150, ""rebounce_block"": 1, ""sl_mult_lm"": 1.0, ""sl_mult_lr"": 3.0, ""sl_mult_sm"": 1.9, ""sl_mult_sr"": 3.4000000000000004, ""time_stop"": 14, ""tp_mult_lm"": 4.2, ""tp_mult_lr"": 11.2, ""tp_mult_sm"": 5.6, ""tp_mult_sr"": 4.0, ""trail_mult"": 3.7, ""trail_tp"": false, ""use_trailing"": false}",{},
708,-1000000000.0,TrialState.COMPLETE,2026-04-01T02:20:05.885974,2026-04-01T02:20:08.332680,2.446706,"{""atr_window"": 17, ""bb_std_dev"": 2.25, ""bb_window"": 14, ""cooldown"": 0, ""macd_fast"": 17, ""macd_k"": 1.25, ""macd_k_mid"": 0.6, ""macd_signal"": 5, ""macd_slow"": 37, ""macd_std_window"": 85, ""rebalance_freq"": 30, ""rebounce_block"": 2, ""sl_mult_lm"": 2.05, ""sl_mult_lr"": 2.1, ""sl_mult_sm"": 1.25, ""sl_mult_sr"": 2.6, ""time_stop"": 8, ""tp_mult_lm"": 4.0, ""tp_mult_lr"": 11.6, ""tp_mult_sm"": 6.9, ""tp_mult_sr"": 5.2, ""trail_mult"": 3.1, ""trail_tp"": true, ""use_trailing"": true}",{},
709,-1000000000.0,TrialState.COMPLETE,2026-04-01T02:20:08.358964,2026-04-01T02:20:08.389946,0.030982,"{""atr_window"": 15, ""bb_std_dev"": 1.5999999999999999, ""bb_window"": 16, ""cooldown"": 2, ""macd_fast"": 18, ""macd_k"": 1.2, ""macd_k_mid"": 0.8, ""macd_signal"": 8, ""macd_slow"": 42, ""macd_std_window"": 83, ""rebalance_freq"": 180, ""rebounce_block"": 5, ""sl_mult_lm"": 1.1, ""sl_mult_lr"": 2.9, ""sl_mult_sm"": 1.7000000000000002, ""sl_mult_sr"": 2.3, ""time_stop"": 3, ""tp_mult_lm"": 5.3, ""tp_mult_lr"": 15.0, ""tp_mult_sm"": 5.5, ""tp_mult_sr"": 6.1, ""trail_mult"": 2.7, ""trail_tp"": false, ""use_trailing"": true}",{},
710,-1000000000.0,TrialState.COMPLETE,2026-04-01T02:20:08.416371,2026-04-01T02:20:08.450800,0.034429,"{""atr_window"": 13, ""bb_std_dev"": 2.35, ""bb_window"": 15, ""cooldown"": 1, ""macd_fast"": 14, ""macd_k"": 1.15, ""macd_k_mid"": 0.55, ""macd_signal"": 9, ""macd_slow"": 43, ""macd_std_window"": 89, ""rebalance_freq"": 90, ""rebounce_block"": 0, ""sl_mult_lm"": 1.25, ""sl_mult_lr"": 2.2, ""sl_mult_sm"": 1.1, ""sl_mult_sr"": 2.5, ""time_stop"": 19, ""tp_mult_lm"": 5.1, ""tp_mult_lr"": 12.0, ""tp_mult_sm"": 5.800000000000001, ""tp_mult_sr"": 3.0, ""trail_mult"": 3.2, ""trail_tp"": true, ""use_trailing"": false}",{},
711,-1000000000.0,TrialState.COMPLETE,2026-04-01T02:20:08.494901,2026-04-01T02:20:08.530997,0.036096,"{""atr_window"": 20, ""bb_std_dev"": 2.45, ""bb_window"": 19, ""cooldown"": 5, ""macd_fast"": 12, ""macd_k"": 1.55, ""macd_k_mid"": 0.95, ""macd_signal"": 8, ""macd_slow"": 44, ""macd_std_window"": 94, ""rebalance_freq"": 150, ""rebounce_block"": 6, ""sl_mult_lm"": 1.7000000000000002, ""sl_mult_lr"": 2.4, ""sl_mult_sm"": 1.65, ""sl_mult_sr"": 1.5, ""time_stop"": 21, ""tp_mult_lm"": 5.800000000000001, ""tp_mult_lr"": 10.0, ""tp_mult_sm"": 3.8, ""tp_mult_sr"": 4.1, ""trail_mult"": 2.0, ""trail_tp"": false, ""use_trailing"": true}",{},
712,-1000000000.0,TrialState.COMPLETE,2026-04-01T02:20:08.573814,2026-04-01T02:20:11.099062,2.525248,"{""atr_window"": 14, ""bb_std_dev"": 2.05, ""bb_window"": 23, ""cooldown"": 2, ""macd_fast"": 20, ""macd_k"": 1.05, ""macd_k_mid"": 0.8500000000000001, ""macd_signal"": 7, ""macd_slow"": 39, ""macd_std_window"": 80, ""rebalance_freq"": 120, ""rebounce_block"": 3, ""sl_mult_lm"": 1.9, ""sl_mult_lr"": 4.1, ""sl_mult_sm"": 1.2, ""sl_mult_sr"": 1.7, ""time_stop"": 20, ""tp_mult_lm"": 5.0, ""tp_mult_lr"": 12.4, ""tp_mult_sm"": 6.7, ""tp_mult_sr"": 5.7, ""trail_mult"": 1.5, ""trail_tp"": true, ""use_trailing"": true}",{},
713,-1000000000.0,TrialState.COMPLETE,2026-04-01T02:20:11.125636,2026-04-01T02:20:11.160328,0.034692,"{""atr_window"": 16, ""bb_std_dev"": 2.0, ""bb_window"": 17, ""cooldown"": 4, ""macd_fast"": 11, ""macd_k"": 1.0, ""macd_k_mid"": 0.75, ""macd_signal"": 8, ""macd_slow"": 36, ""macd_std_window"": 92, ""rebalance_freq"": 180, ""rebounce_block"": 4, ""sl_mult_lm"": 1.4, ""sl_mult_lr"": 3.4000000000000004, ""sl_mult_sm"": 1.15, ""sl_mult_sr"": 1.6, ""time_stop"": 23, ""tp_mult_lm"": 5.7, ""tp_mult_lr"": 13.0, ""tp_mult_sm"": 6.2, ""tp_mult_sr"": 6.2, ""trail_mult"": 3.6, ""trail_tp"": false, ""use_trailing"": true}",{},
714,-1000000000.0,TrialState.COMPLETE,2026-04-01T02:20:11.193081,2026-04-01T02:20:11.234749,0.041668,"{""atr_window"": 17, ""bb_std_dev"": 1.8499999999999999, ""bb_window"": 14, ""cooldown"": 0, ""macd_fast"": 10, ""macd_k"": 1.6, ""macd_k_mid"": 0.7, ""macd_signal"": 10, ""macd_slow"": 38, ""macd_std_window"": 70, ""rebalance_freq"": 120, ""rebounce_block"": 5, ""sl_mult_lm"": 1.45, ""sl_mult_lr"": 4.9, ""sl_mult_sm"": 1.85, ""sl_mult_sr"": 2.1, ""time_stop"": 24, ""tp_mult_lm"": 3.9, ""tp_mult_lr"": 11.8, ""tp_mult_sm"": 6.300000000000001, ""tp_mult_sr"": 4.4, ""trail_mult"": 2.3, ""trail_tp"": true, ""use_trailing"": false}",{},
715,-1000000000.0,TrialState.COMPLETE,2026-04-01T02:20:11.294668,2026-04-01T02:20:11.331352,0.036684,"{""atr_window"": 18, ""bb_std_dev"": 1.7, ""bb_window"": 14, ""cooldown"": 1, ""macd_fast"": 15, ""macd_k"": 1.45, ""macd_k_mid"": 0.7, ""macd_signal"": 9, ""macd_slow"": 43, ""macd_std_window"": 99, ""rebalance_freq"": 150, ""rebounce_block"": 3, ""sl_mult_lm"": 1.9500000000000002, ""sl_mult_lr"": 2.8, ""sl_mult_sm"": 1.75, ""sl_mult_sr"": 1.9, ""time_stop"": 17, ""tp_mult_lm"": 3.6, ""tp_mult_lr"": 9.8, ""tp_mult_sm"": 6.5, ""tp_mult_sr"": 3.2, ""trail_mult"": 2.2, ""trail_tp"": false, ""use_trailing"": true}",{},
716,-1000000000.0,TrialState.COMPLETE,2026-04-01T02:20:11.365432,2026-04-01T02:20:11.400322,0.03489,"{""atr_window"": 15, ""bb_std_dev"": 1.5, ""bb_window"": 16, ""cooldown"": 4, ""macd_fast"": 13, ""macd_k"": 1.85, ""macd_k_mid"": 0.6, ""macd_signal"": 7, ""macd_slow"": 40, ""macd_std_window"": 75, ""rebalance_freq"": 30, ""rebounce_block"": 6, ""sl_mult_lm"": 1.2, ""sl_mult_lr"": 5.0, ""sl_mult_sm"": 1.6, ""sl_mult_sr"": 2.2, ""time_stop"": 7, ""tp_mult_lm"": 4.8, ""tp_mult_lr"": 9.4, ""tp_mult_sm"": 3.6, ""tp_mult_sr"": 3.4, ""trail_mult"": 3.5, ""trail_tp"": true, ""use_trailing"": true}",{},
717,-1000000000.0,TrialState.COMPLETE,2026-04-01T02:20:11.432529,2026-04-01T02:20:13.926895,2.494366,"{""atr_window"": 10, ""bb_std_dev"": 1.5499999999999998, ""bb_window"": 15, ""cooldown"": 3, ""macd_fast"": 19, ""macd_k"": 1.9, ""macd_k_mid"": 0.5, ""macd_signal"": 6, ""macd_slow"": 41, ""macd_std_window"": 77, ""rebalance_freq"": 150, ""rebounce_block"": 2, ""sl_mult_lm"": 1.35, ""sl_mult_lr"": 2.3, ""sl_mult_sm"": 1.9, ""sl_mult_sr"": 3.5, ""time_stop"": 13, ""tp_mult_lm"": 3.5, ""tp_mult_lr"": 11.4, ""tp_mult_sm"": 3.3, ""tp_mult_sr"": 4.7, ""trail_mult"": 3.0, ""trail_tp"": false, ""use_trailing"": true}",{},
718,-1000000000.0,TrialState.COMPLETE,2026-04-01T02:20:13.960359,2026-04-01T02:20:13.995057,0.034698,"{""atr_window"": 14, ""bb_std_dev"": 1.45, ""bb_window"": 22, ""cooldown"": 2, ""macd_fast"": 12, ""macd_k"": 1.1, ""macd_k_mid"": 0.6, ""macd_signal"": 9, ""macd_slow"": 37, ""macd_std_window"": 88, ""rebalance_freq"": 90, ""rebounce_block"": 5, ""sl_mult_lm"": 2.0, ""sl_mult_lr"": 2.5, ""sl_mult_sm"": 1.3, ""sl_mult_sr"": 2.0, ""time_stop"": 15, ""tp_mult_lm"": 4.3, ""tp_mult_lr"": 12.0, ""tp_mult_sm"": 5.300000000000001, ""tp_mult_sr"": 5.5, ""trail_mult"": 2.1, ""trail_tp"": true, ""use_trailing"": false}",{},
719,-1000000000.0,TrialState.COMPLETE,2026-04-01T02:20:14.030883,2026-04-01T02:20:16.545286,2.514403,"{""atr_window"": 20, ""bb_std_dev"": 2.35, ""bb_window"": 20, ""cooldown"": 1, ""macd_fast"": 14, ""macd_k"": 1.35, ""macd_k_mid"": 0.55, ""macd_signal"": 8, ""macd_slow"": 35, ""macd_std_window"": 82, ""rebalance_freq"": 180, ""rebounce_block"": 5, ""sl_mult_lm"": 1.3, ""sl_mult_lr"": 2.6, ""sl_mult_sm"": 2.0, ""sl_mult_sr"": 2.8, ""time_stop"": 9, ""tp_mult_lm"": 4.9, ""tp_mult_lr"": 8.2, ""tp_mult_sm"": 3.9, ""tp_mult_sr"": 6.5, ""trail_mult"": 3.4000000000000004, ""trail_tp"": false, ""use_trailing"": true}",{},
720,-1000000000.0,TrialState.COMPLETE,2026-04-01T02:20:16.578160,2026-04-01T02:20:16.623696,0.045536,"{""atr_window"": 12, ""bb_std_dev"": 1.7999999999999998, ""bb_window"": 17, ""cooldown"": 0, ""macd_fast"": 20, ""macd_k"": 1.5, ""macd_k_mid"": 0.65, ""macd_signal"": 8, ""macd_slow"": 44, ""macd_std_window"": 100, ""rebalance_freq"": 150, ""rebounce_block"": 0, ""sl_mult_lm"": 1.0, ""sl_mult_lr"": 2.2, ""sl_mult_sm"": 1.5, ""sl_mult_sr"": 2.9000000000000004, ""time_stop"": 10, ""tp_mult_lm"": 5.7, ""tp_mult_lr"": 10.8, ""tp_mult_sm"": 4.5, ""tp_mult_sr"": 6.300000000000001, ""trail_mult"": 2.8, ""trail_tp"": true, ""use_trailing"": true}",{},
721,-1000000000.0,TrialState.COMPLETE,2026-04-01T02:20:16.656035,2026-04-01T02:20:19.152857,2.496822,"{""atr_window"": 16, ""bb_std_dev"": 2.45, ""bb_window"": 14, ""cooldown"": 2, ""macd_fast"": 18, ""macd_k"": 1.05, ""macd_k_mid"": 0.55, ""macd_signal"": 10, ""macd_slow"": 38, ""macd_std_window"": 98, ""rebalance_freq"": 90, ""rebounce_block"": 4, ""sl_mult_lm"": 1.85, ""sl_mult_lr"": 3.1, ""sl_mult_sm"": 1.75, ""sl_mult_sr"": 1.5, ""time_stop"": 11, ""tp_mult_lm"": 4.7, ""tp_mult_lr"": 12.8, ""tp_mult_sm"": 6.800000000000001, ""tp_mult_sr"": 5.9, ""trail_mult"": 2.1, ""trail_tp"": false, ""use_trailing"": true}",{},
722,-1000000000.0,TrialState.COMPLETE,2026-04-01T02:20:19.184413,2026-04-01T02:20:19.218101,0.033688,"{""atr_window"": 19, ""bb_std_dev"": 1.75, ""bb_window"": 21, ""cooldown"": 3, ""macd_fast"": 17, ""macd_k"": 1.3, ""macd_k_mid"": 0.75, ""macd_signal"": 9, ""macd_slow"": 43, ""macd_std_window"": 91, ""rebalance_freq"": 30, ""rebounce_block"": 3, ""sl_mult_lm"": 1.65, ""sl_mult_lr"": 2.3, ""sl_mult_sm"": 1.65, ""sl_mult_sr"": 3.1, ""time_stop"": 28, ""tp_mult_lm"": 5.5, ""tp_mult_lr"": 9.0, ""tp_mult_sm"": 6.1, ""tp_mult_sr"": 3.8, ""trail_mult"": 2.4, ""trail_tp"": true, ""use_trailing"": false}",{},
723,-1000000000.0,TrialState.COMPLETE,2026-04-01T02:20:19.255519,2026-04-01T02:20:19.297369,0.04185,"{""atr_window"": 16, ""bb_std_dev"": 2.15, ""bb_window"": 24, ""cooldown"": 0, ""macd_fast"": 13, ""macd_k"": 1.4, ""macd_k_mid"": 1.0, ""macd_signal"": 7, ""macd_slow"": 36, ""macd_std_window"": 90, ""rebalance_freq"": 120, ""rebounce_block"": 6, ""sl_mult_lm"": 1.25, ""sl_mult_lr"": 2.0, ""sl_mult_sm"": 1.7000000000000002, ""sl_mult_sr"": 2.4, ""time_stop"": 17, ""tp_mult_lm"": 5.1, ""tp_mult_lr"": 10.2, ""tp_mult_sm"": 6.0, ""tp_mult_sr"": 4.5, ""trail_mult"": 3.1, ""trail_tp"": false, ""use_trailing"": true}",{},
724,-1000000000.0,TrialState.COMPLETE,2026-04-01T02:20:19.329822,2026-04-01T02:20:19.366179,0.036357,"{""atr_window"": 13, ""bb_std_dev"": 2.4, ""bb_window"": 16, ""cooldown"": 1, ""macd_fast"": 15, ""macd_k"": 1.15, ""macd_k_mid"": 0.5, ""macd_signal"": 8, ""macd_slow"": 40, ""macd_std_window"": 71, ""rebalance_freq"": 150, ""rebounce_block"": 1, ""sl_mult_lm"": 1.8, ""sl_mult_lr"": 4.5, ""sl_mult_sm"": 1.8, ""sl_mult_sr"": 1.7, ""time_stop"": 15, ""tp_mult_lm"": 5.4, ""tp_mult_lr"": 11.6, ""tp_mult_sm"": 3.5, ""tp_mult_sr"": 6.4, ""trail_mult"": 3.7, ""trail_tp"": true, ""use_trailing"": true}",{},
725,-1000000000.0,TrialState.COMPLETE,2026-04-01T02:20:19.398831,2026-04-01T02:20:19.435251,0.03642,"{""atr_window"": 14, ""bb_std_dev"": 2.3, ""bb_window"": 14, ""cooldown"": 4, ""macd_fast"": 10, ""macd_k"": 1.25, ""macd_k_mid"": 0.65, ""macd_signal"": 9, ""macd_slow"": 41, ""macd_std_window"": 84, ""rebalance_freq"": 180, ""rebounce_block"": 2, ""sl_mult_lm"": 1.35, ""sl_mult_lr"": 2.4, ""sl_mult_sm"": 1.05, ""sl_mult_sr"": 1.6, ""time_stop"": 26, ""tp_mult_lm"": 5.6, ""tp_mult_lr"": 11.0, ""tp_mult_sm"": 5.4, ""tp_mult_sr"": 3.6, ""trail_mult"": 2.6, ""trail_tp"": false, ""use_trailing"": false}",{},
726,-1000000000.0,TrialState.COMPLETE,2026-04-01T02:20:19.467846,2026-04-01T02:20:19.502969,0.035123,"{""atr_window"": 18, ""bb_std_dev"": 2.25, ""bb_window"": 15, ""cooldown"": 5, ""macd_fast"": 12, ""macd_k"": 1.9500000000000002, ""macd_k_mid"": 0.6, ""macd_signal"": 7, ""macd_slow"": 37, ""macd_std_window"": 92, ""rebalance_freq"": 150, ""rebounce_block"": 3, ""sl_mult_lm"": 1.05, ""sl_mult_lr"": 4.7, ""sl_mult_sm"": 1.1, ""sl_mult_sr"": 2.2, ""time_stop"": 1, ""tp_mult_lm"": 5.9, ""tp_mult_lr"": 14.600000000000001, ""tp_mult_sm"": 4.7, ""tp_mult_sr"": 3.9, ""trail_mult"": 3.3, ""trail_tp"": true, ""use_trailing"": true}",{},
