number,value,datetime_start,datetime_complete,duration,params_atr_window,params_bb_std_dev,params_bb_window,params_cooldown,params_macd_fast,params_macd_k,params_macd_k_mid,params_macd_signal,params_macd_slow,params_macd_std_window,params_rebalance_freq,params_rebounce_block,params_sl_mult_lm,params_sl_mult_lr,params_sl_mult_sm,params_sl_mult_sr,params_time_stop,params_tp_mult_lm,params_tp_mult_lr,params_tp_mult_sm,params_tp_mult_sr,params_trail_mult,params_trail_tp,params_use_trailing,user_attrs_allocations,user_attrs_deploy_avg_sharpe,user_attrs_deploy_total_sharpe,user_attrs_deploy_year_sharpes,user_attrs_score,user_attrs_selected_tickers,user_attrs_train_avg_sharpe,user_attrs_train_year_sharpes,state
778,-1000000000.0,2026-04-01 02:21:00.283459,2026-04-01 02:21:02.813869,0 days 00:00:02.530410,16,1.75,16,0,18,1.1,0.95,8,37,100,150,3,1.3,2.6,1.7000000000000002,2.4,25,4.1,9.0,4.6,5.1,1.9,True,False,,,,,,,,,COMPLETE
779,-1000000000.0,2026-04-01 02:21:02.846242,2026-04-01 02:21:02.884247,0 days 00:00:00.038005,18,2.25,20,5,17,1.25,0.8,9,41,81,180,4,1.6,2.2,1.45,2.0,20,4.0,13.0,6.5,3.0,2.3,False,True,,,,,,,,,COMPLETE
780,-1000000000.0,2026-04-01 02:21:02.927370,2026-04-01 02:21:02.999545,0 days 00:00:00.072175,20,1.65,15,2,11,1.7000000000000002,0.9,7,44,79,150,5,1.0,2.4,1.05,1.8,18,4.8,15.0,6.6,6.6,2.6,True,True,,,,,,,,,COMPLETE
781,-1000000000.0,2026-04-01 02:21:03.043106,2026-04-01 02:21:05.496841,0 days 00:00:02.453735,19,2.5,17,1,19,1.4,0.6,6,35,96,60,6,1.9,3.7,1.65,2.8,24,3.9,14.0,3.7,5.9,3.4000000000000004,False,False,,,,,,,,,COMPLETE
782,-1000000000.0,2026-04-01 02:21:05.523707,2026-04-01 02:21:05.560031,0 days 00:00:00.036324,16,1.7999999999999998,14,3,10,1.15,0.5,8,43,90,90,2,1.8,2.3,1.55,1.7,21,5.0,16.200000000000003,4.9,4.1,2.2,True,True,,,,,,,,,COMPLETE
783,-1000000000.0,2026-04-01 02:21:05.591997,2026-04-01 02:21:05.631293,0 days 00:00:00.039296,17,2.3,21,4,14,1.2,0.7,10,42,93,150,0,1.9500000000000002,4.300000000000001,1.75,1.5,19,5.2,11.6,5.6,5.6,2.1,True,True,,,,,,,,,COMPLETE
784,-1000000000.0,2026-04-01 02:21:05.665097,2026-04-01 02:21:05.702770,0 days 00:00:00.037673,14,2.2,23,0,15,1.5,0.55,9,39,71,120,1,1.65,4.7,1.6,2.2,9,5.7,9.4,5.2,4.8,3.6,False,True,,,,,,,,,COMPLETE
785,-1000000000.0,2026-04-01 02:21:05.736431,2026-04-01 02:21:05.774368,0 days 00:00:00.037937,15,2.05,16,1,20,1.85,0.65,9,43,74,30,5,1.45,5.0,1.15,2.5,15,3.6,8.8,4.1,3.7,2.0,True,False,,,,,,,,,COMPLETE
786,-1000000000.0,2026-04-01 02:21:05.805258,2026-04-01 02:21:05.841549,0 days 00:00:00.036291,15,1.8499999999999999,15,2,12,1.35,0.6,8,37,89,180,3,1.5,2.5,1.3,2.1,11,5.6,12.4,3.2,6.1,3.0,False,True,,,,,,,,,COMPLETE
787,-1000000000.0,2026-04-01 02:21:05.883202,2026-04-01 02:21:08.370076,0 days 00:00:02.486874,13,1.7,14,4,14,1.05,0.55,5,36,88,120,4,1.75,3.0,1.35,1.9,3,5.5,14.600000000000001,3.5,4.7,3.7,True,True,,,,,,,,,COMPLETE
788,-1000000000.0,2026-04-01 02:21:08.397080,2026-04-01 02:21:08.436661,0 days 00:00:00.039581,11,2.45,20,1,17,1.55,0.6,8,40,78,180,5,1.35,3.1,1.0,1.5,13,5.4,10.8,5.4,6.2,3.2,False,True,,,,,,,,,COMPLETE
789,-1000000000.0,2026-04-01 02:21:08.467696,2026-04-01 02:21:08.506928,0 days 00:00:00.039232,20,1.9,14,5,13,1.6,0.5,6,38,83,150,6,1.2,2.1,1.8,1.7,16,5.1,12.8,5.0,5.800000000000001,1.5,True,False,,,,,,,,,COMPLETE
790,-1000000000.0,2026-04-01 02:21:08.539955,2026-04-01 02:21:08.589499,0 days 00:00:00.049544,19,2.0,17,2,15,1.3,0.7,7,41,86,90,4,1.7000000000000002,2.4,1.9500000000000002,2.0,5,5.3,13.4,5.300000000000001,5.2,2.5,False,True,,,,,,,,,COMPLETE
791,-1000000000.0,2026-04-01 02:21:08.621254,2026-04-01 02:21:08.661263,0 days 00:00:00.040009,18,1.95,24,3,11,1.65,0.8,10,44,76,150,0,1.4,2.7,1.7000000000000002,1.6,14,4.3,9.8,4.4,4.4,1.7,True,True,,,,,,,,,COMPLETE
792,-1000000000.0,2026-04-01 02:21:08.693845,2026-04-01 02:21:08.729389,0 days 00:00:00.035544,17,2.15,16,0,19,1.45,0.9,9,43,80,30,3,1.1,2.9,1.5,2.2,6,4.9,10.2,6.7,6.300000000000001,2.8,False,True,,,,,,,,,COMPLETE
793,-1000000000.0,2026-04-01 02:21:08.764570,2026-04-01 02:21:08.799907,0 days 00:00:00.035337,16,1.75,15,1,16,1.15,0.55,9,35,75,180,2,1.9500000000000002,3.5,1.85,3.3,12,5.800000000000001,16.8,3.9,3.2,3.5,True,False,,,,,,,,,COMPLETE
794,-1000000000.0,2026-04-01 02:21:08.836398,2026-04-01 02:21:11.304096,0 days 00:00:02.467698,19,2.3,19,2,20,1.2,0.65,8,42,81,150,5,1.05,2.8,1.75,2.1,28,5.0,12.2,5.5,4.6,2.7,False,True,,,,,,,,,COMPLETE
795,-1000000000.0,2026-04-01 02:21:11.336079,2026-04-01 02:21:11.386686,0 days 00:00:00.050607,14,2.1,22,4,12,1.8,0.75,7,37,91,120,6,1.35,2.6,2.0,1.8,22,5.4,11.8,5.800000000000001,3.6,3.1,True,True,,,,,,,,,COMPLETE
796,-1000000000.0,2026-04-01 02:21:11.419103,2026-04-01 02:21:11.456154,0 days 00:00:00.037051,12,2.5,14,0,10,1.0,0.5,8,39,99,150,1,2.1,2.0,1.55,2.6,23,4.5,12.0,6.1,6.0,3.3,False,False,,,,,,,,,COMPLETE
797,-1000000000.0,2026-04-01 02:21:11.489148,2026-04-01 02:21:13.988666,0 days 00:00:02.499518,10,2.4,18,1,18,1.75,0.8500000000000001,8,40,84,180,0,1.0,4.1,1.4,2.4,7,5.2,9.2,6.9,3.5,2.2,True,True,,,,,,,,,COMPLETE
798,-1000000000.0,2026-04-01 02:21:14.028922,2026-04-01 02:21:14.070726,0 days 00:00:00.041804,18,2.2,14,2,13,1.5,0.6,9,44,70,90,5,1.15,3.3,1.2,2.3,29,3.8,8.4,7.0,3.1,3.8000000000000003,False,True,,,,,,,,,COMPLETE
799,-1000000000.0,2026-04-01 02:21:14.104491,2026-04-01 02:21:14.142760,0 days 00:00:00.038269,20,2.25,16,1,15,1.1,1.0,7,41,98,30,2,1.3,4.0,1.9,3.1,8,5.3,9.6,6.300000000000001,4.5,1.9,True,True,,,,,,,,,COMPLETE
800,-1000000000.0,2026-04-01 02:21:14.171186,2026-04-01 02:21:14.212237,0 days 00:00:00.041051,15,1.7999999999999998,21,4,14,1.7000000000000002,0.7,10,43,87,60,3,2.0,4.800000000000001,1.1,3.0,4,6.0,15.4,5.9,3.9,2.3,False,False,,,,,,,,,COMPLETE
801,-1000000000.0,2026-04-01 02:21:14.244014,2026-04-01 02:21:16.800847,0 days 00:00:02.556833,16,2.4,15,3,17,1.9,0.55,6,35,92,120,6,2.05,3.6,1.65,1.5,26,4.6,11.2,3.7,3.3,2.1,True,True,,,,,,,,,COMPLETE
802,-1000000000.0,2026-04-01 02:21:16.833600,2026-04-01 02:21:16.872160,0 days 00:00:00.038560,13,1.65,17,5,12,1.15,0.95,9,40,72,150,4,1.9,4.4,1.6,1.9,2,4.7,10.0,4.8,4.0,3.2,False,True,,,,,,,,,COMPLETE
803,-1000000000.0,2026-04-01 02:21:16.905041,2026-04-01 02:21:16.943254,0 days 00:00:00.038213,14,2.35,15,0,16,1.05,0.5,8,43,85,180,5,2.2,2.3,1.05,2.5,19,5.1,12.600000000000001,3.3,5.7,3.1,True,True,,,,,,,,,COMPLETE
804,-1000000000.0,2026-04-01 02:21:16.980354,2026-04-01 02:21:19.497060,0 days 00:00:02.516706,17,1.5999999999999999,20,1,20,1.25,0.55,6,36,89,30,6,1.9500000000000002,2.4,1.45,1.6,17,5.7,8.0,6.4,5.0,1.6,False,False,,,,,,,,,COMPLETE
805,-1000000000.0,2026-04-01 02:21:19.524026,2026-04-01 02:21:19.557387,0 days 00:00:00.033361,20,1.5499999999999998,14,2,10,1.2,0.6,9,42,100,90,2,1.8,2.6,1.7000000000000002,1.8,1,4.1,10.8,3.6,3.8,1.8,True,True,,,,,,,,,COMPLETE
806,-1000000000.0,2026-04-01 02:21:19.589368,2026-04-01 02:21:19.625066,0 days 00:00:00.035698,16,2.5,23,4,14,1.65,0.65,7,41,82,150,3,1.85,2.4,1.85,1.5,18,5.6,10.4,5.1,5.800000000000001,3.9000000000000004,False,True,,,,,,,,,COMPLETE
807,-1000000000.0,2026-04-01 02:21:19.658775,2026-04-01 02:21:19.694979,0 days 00:00:00.036204,14,2.45,25,3,12,1.35,0.6,8,37,96,120,5,1.55,2.2,1.8,2.7,10,4.4,13.2,4.4,3.0,2.7,True,True,,,,,,,,,COMPLETE
808,-1000000000.0,2026-04-01 02:21:19.732950,2026-04-01 02:21:22.239362,0 days 00:00:02.506412,12,2.05,16,1,19,1.1,0.7,10,39,70,180,0,1.65,2.5,1.3,1.7,27,4.2,11.4,6.6,5.6,3.7,False,False,,,,,,,,,COMPLETE
809,-1000000000.0,2026-04-01 02:21:22.266069,2026-04-01 02:21:24.628075,0 days 00:00:02.362006,18,2.2,18,2,18,2.0,0.55,5,38,91,150,4,1.25,2.1,1.25,2.1,20,3.7,14.8,3.4,5.4,3.3,True,True,,,,,,,,,COMPLETE
810,-1000000000.0,2026-04-01 02:21:24.659297,2026-04-01 02:21:24.695924,0 days 00:00:00.036627,19,1.7,24,0,13,1.4,0.8,9,44,77,90,6,1.75,2.8,1.0,2.2,0,5.9,13.0,3.0,3.9,2.0,True,True,,,,,,,,,COMPLETE
811,-1000000000.0,2026-04-01 02:21:24.726854,2026-04-01 02:21:27.194793,0 days 00:00:02.467939,15,1.75,14,1,15,1.45,0.55,8,35,88,150,1,2.05,2.2,1.65,2.0,16,4.8,12.2,4.6,4.8,2.9000000000000004,False,False,,,,,,,,,COMPLETE
812,-1000000000.0,2026-04-01 02:21:27.226135,2026-04-01 02:21:29.718756,0 days 00:00:02.492621,17,1.8499999999999999,22,3,20,1.0,0.5,7,40,90,180,5,2.0,3.0,1.75,3.5,13,5.5,12.0,4.2,4.1,2.4,True,True,,,,,,,,,COMPLETE
813,-1000000000.0,2026-04-01 02:21:29.746678,2026-04-01 02:21:29.783549,0 days 00:00:00.036871,11,2.0,17,1,11,1.3,0.75,8,36,94,150,3,1.9,2.3,1.5,1.6,21,3.5,11.6,3.8,5.300000000000001,3.0,False,True,,,,,,,,,COMPLETE
814,-1000000000.0,2026-04-01 02:21:29.813840,2026-04-01 02:21:29.855198,0 days 00:00:00.041358,13,2.35,20,2,16,1.6,0.7,9,44,97,60,0,1.45,2.5,1.6,1.8,14,5.3,12.4,5.7,6.5,2.2,True,True,,,,,,,,,COMPLETE
815,-1000000000.0,2026-04-01 02:21:29.886746,2026-04-01 02:21:29.924732,0 days 00:00:00.037986,10,2.1,15,4,17,1.55,0.65,9,43,99,30,2,1.4,3.2,1.9,2.1,15,5.0,12.8,4.5,6.7,3.6,False,False,,,,,,,,,COMPLETE
816,-1000000000.0,2026-04-01 02:21:29.957783,2026-04-01 02:21:30.001232,0 days 00:00:00.043449,20,2.15,21,5,15,1.65,0.6,8,41,81,120,5,1.0,4.2,1.15,1.9,9,4.9,10.6,4.7,5.9,1.7,True,True,,,,,,,,,COMPLETE
817,-1000000000.0,2026-04-01 02:21:30.035269,2026-04-01 02:21:30.073154,0 days 00:00:00.037885,15,1.5,14,0,14,1.8,0.55,10,42,80,90,4,1.05,2.7,1.9500000000000002,1.5,5,3.6,11.8,4.3,6.2,3.1,False,True,,,,,,,,,COMPLETE
818,-1000000000.0,2026-04-01 02:21:30.109570,2026-04-01 02:21:30.147188,0 days 00:00:00.037618,14,2.25,16,2,12,1.05,0.5,7,37,72,150,6,2.1500000000000004,3.4000000000000004,1.55,2.8,20,5.2,11.0,3.6,4.2,2.5,True,True,,,,,,,,,COMPLETE
819,-1000000000.0,2026-04-01 02:21:30.181016,2026-04-01 02:21:30.220461,0 days 00:00:00.039445,16,2.5,14,0,14,1.15,0.8500000000000001,6,44,89,180,3,1.25,2.9,1.05,1.7,11,5.1,15.2,4.0,3.1,2.6,False,False,,,,,,,,,COMPLETE
820,-1000000000.0,2026-04-01 02:21:30.253376,2026-04-01 02:21:30.292016,0 days 00:00:00.038640,18,2.3,15,1,10,1.35,0.6,9,39,73,120,5,1.3,3.7,1.7000000000000002,3.2,24,5.4,10.0,3.1,6.0,2.1,True,True,,,,,,,,,COMPLETE
821,-1000000000.0,2026-04-01 02:21:30.322808,2026-04-01 02:21:32.860092,0 days 00:00:02.537284,20,2.45,19,3,18,1.5,0.9,8,40,93,150,1,1.1,2.0,1.8,2.3,30,5.6,13.8,6.800000000000001,4.7,3.2,False,True,,,,,,,,,COMPLETE
822,-1000000000.0,2026-04-01 02:21:32.891878,2026-04-01 02:21:32.930215,0 days 00:00:00.038337,19,2.05,17,1,13,1.1,0.55,10,43,79,120,2,1.35,2.3,1.2,1.6,25,3.8,8.6,6.2,6.4,3.8000000000000003,True,False,,,,,,,,,COMPLETE
823,-1000000000.0,2026-04-01 02:21:32.962281,2026-04-01 02:21:35.401638,0 days 00:00:02.439357,16,1.45,23,4,19,1.9,0.7,7,38,87,180,0,1.15,4.6,1.85,3.4000000000000004,16,5.9,9.6,4.9,4.3,2.2,False,True,,,,,,,,,COMPLETE
824,-1000000000.0,2026-04-01 02:21:35.433238,2026-04-01 02:21:35.471428,0 days 00:00:00.038190,14,2.2,14,2,12,1.25,0.65,8,41,83,60,6,2.1,2.4,1.35,2.2,17,4.0,9.4,6.0,5.1,3.0,True,True,,,,,,,,,COMPLETE
825,-1000000000.0,2026-04-01 02:21:35.502357,2026-04-01 02:21:35.556529,0 days 00:00:00.054172,17,1.95,22,5,11,1.3,1.0,9,36,95,30,5,1.7000000000000002,4.9,1.0,2.5,19,5.7,14.0,3.9,6.1,4.0,False,True,,,,,,,,,COMPLETE
826,-1000000000.0,2026-04-01 02:21:35.591279,2026-04-01 02:21:38.113061,0 days 00:00:02.521782,15,2.4,16,0,20,1.55,0.55,8,37,86,90,3,1.5,3.9000000000000004,1.75,2.9000000000000004,22,3.9,10.2,5.6,5.6,2.3,True,False,,,,,,,,,COMPLETE
827,-1000000000.0,2026-04-01 02:21:38.146046,2026-04-01 02:21:38.183766,0 days 00:00:00.037720,18,1.7999999999999998,15,1,16,1.4,0.5,6,43,71,150,5,1.2,2.5,1.1,2.0,6,5.5,14.2,6.5,6.6,3.4000000000000004,False,True,,,,,,,,,COMPLETE
828,-1000000000.0,2026-04-01 02:21:38.218776,2026-04-01 02:21:40.775941,0 days 00:00:02.557165,12,2.15,14,2,13,1.05,0.6,9,35,74,180,6,1.6,3.1,1.25,1.5,18,5.0,12.600000000000001,3.5,4.9,2.0,True,True,,,,,,,,,COMPLETE
829,-1000000000.0,2026-04-01 02:21:40.803551,2026-04-01 02:21:40.836829,0 days 00:00:00.033278,11,2.0,20,3,15,1.15,0.75,8,40,100,150,1,1.8,2.1,2.0,2.1,8,6.0,9.8,6.4,3.6,3.7,False,True,,,,,,,,,COMPLETE
830,-1000000000.0,2026-04-01 02:21:40.869762,2026-04-01 02:21:40.910057,0 days 00:00:00.040295,13,1.9,18,2,14,1.0,0.95,7,44,84,30,4,1.85,2.6,1.65,2.6,15,5.800000000000001,15.8,6.9,3.2,3.6,True,False,,,,,,,,,COMPLETE
831,-1000000000.0,2026-04-01 02:21:40.943367,2026-04-01 02:21:40.980205,0 days 00:00:00.036838,15,2.35,17,4,20,1.45,0.8500000000000001,10,43,90,120,2,1.4,2.4,1.7000000000000002,1.9,21,4.5,13.600000000000001,3.2,3.7,1.6,False,True,,,,,,,,,COMPLETE
832,-1000000000.0,2026-04-01 02:21:41.012671,2026-04-01 02:21:41.058232,0 days 00:00:00.045561,16,2.25,16,1,17,1.7000000000000002,0.55,6,42,81,150,0,1.9500000000000002,3.2,1.85,1.8,9,5.3,11.2,7.0,7.0,3.1,True,True,,,,,,,,,COMPLETE
833,-1000000000.0,2026-04-01 02:21:41.093393,2026-04-01 02:21:41.131163,0 days 00:00:00.037770,14,1.4,24,0,12,1.6,0.7,9,41,76,180,3,1.55,4.5,1.5,3.2,23,5.4,11.8,6.1,3.0,1.5,False,True,,,,,,,,,COMPLETE
834,-1000000000.0,2026-04-01 02:21:41.163335,2026-04-01 02:21:41.201676,0 days 00:00:00.038341,20,1.7,14,5,10,1.9500000000000002,0.5,5,39,88,60,5,1.05,2.8,1.9,1.7,12,5.1,15.0,4.4,4.4,3.5,True,False,,,,,,,,,COMPLETE
835,-1000000000.0,2026-04-01 02:21:41.234462,2026-04-01 02:21:41.283951,0 days 00:00:00.049489,18,2.45,21,1,15,1.2,0.6,7,38,70,150,6,1.9,4.300000000000001,1.9500000000000002,2.4,20,4.9,12.0,5.5,6.300000000000001,3.2,False,True,,,,,,,,,COMPLETE
836,-1000000000.0,2026-04-01 02:21:41.329205,2026-04-01 02:21:41.367564,0 days 00:00:00.038359,14,1.5999999999999999,15,4,19,1.1,0.8,8,44,98,90,3,2.0,2.9,1.6,3.3,10,5.2,11.6,5.300000000000001,5.5,2.4,True,True,,,,,,,,,COMPLETE
837,-1000000000.0,2026-04-01 02:21:41.401539,2026-04-01 02:21:43.880752,0 days 00:00:02.479213,17,2.3,25,3,14,1.0,0.65,9,36,82,120,4,1.2,4.1,1.8,2.0,28,3.7,16.0,3.6,4.6,1.9,False,False,,,,,,,,,COMPLETE
838,-1000000000.0,2026-04-01 02:21:43.913443,2026-04-01 02:21:46.537647,0 days 00:00:02.624204,16,2.5,18,1,18,1.05,0.55,8,37,85,150,5,1.35,2.3,1.55,1.6,7,3.5,14.4,5.9,3.8,2.1,True,True,,,,,,,,,COMPLETE
839,-1000000000.0,2026-04-01 02:21:46.575832,2026-04-01 02:21:49.019689,0 days 00:00:02.443857,19,1.75,14,0,20,1.2,0.9,10,42,91,180,0,1.3,2.5,1.7000000000000002,1.5,3,4.2,12.4,6.300000000000001,3.4,2.2,True,True,,,,,,,,,COMPLETE
840,-1000000000.0,2026-04-01 02:21:49.051012,2026-04-01 02:21:49.101313,0 days 00:00:00.050301,20,2.1,16,2,13,1.5,0.7,6,40,97,30,2,1.0,3.5,1.45,2.3,0,5.6,13.4,4.8,5.800000000000001,1.8,False,True,,,,,,,,,COMPLETE
841,-1000000000.0,2026-04-01 02:21:49.136330,2026-04-01 02:21:51.688874,0 days 00:00:02.552544,13,2.45,19,4,17,1.65,0.5,9,35,99,180,5,1.9500000000000002,3.8,1.4,2.1,1,5.7,12.2,3.4,5.2,3.9000000000000004,True,False,,,,,,,,,COMPLETE
842,-1000000000.0,2026-04-01 02:21:51.716012,2026-04-01 02:21:51.749427,0 days 00:00:00.033415,17,2.2,17,2,16,1.6,0.55,7,43,88,90,4,2.1500000000000004,2.2,1.85,1.9,14,4.3,11.4,4.5,6.800000000000001,2.8,False,True,,,,,,,,,COMPLETE
843,-1000000000.0,2026-04-01 02:21:51.782218,2026-04-01 02:21:51.821078,0 days 00:00:00.038860,10,1.65,15,1,11,1.85,0.6,9,40,89,150,6,1.75,2.0,1.55,3.0,17,4.1,10.4,5.0,4.5,2.5,True,True,,,,,,,,,COMPLETE
844,-1000000000.0,2026-04-01 02:21:51.852704,2026-04-01 02:21:51.890371,0 days 00:00:00.037667,15,2.4,14,3,12,1.35,0.8,8,41,70,120,3,1.25,2.4,1.75,2.2,29,5.800000000000001,11.0,4.1,4.1,3.2,False,True,,,,,,,,,COMPLETE
845,-1000000000.0,2026-04-01 02:21:51.922339,2026-04-01 02:21:51.959976,0 days 00:00:00.037637,16,1.95,17,5,14,1.75,0.75,8,44,92,180,4,2.05,3.3,1.3,2.7,4,5.2,9.6,5.4,4.0,2.7,True,False,,,,,,,,,COMPLETE
846,-1000000000.0,2026-04-01 02:21:51.993607,2026-04-01 02:21:52.040278,0 days 00:00:00.046671,14,1.7999999999999998,23,1,14,1.4,0.65,10,37,71,120,0,1.0,2.7,1.65,2.0,25,5.5,8.2,3.0,5.9,2.6,False,True,,,,,,,,,COMPLETE
847,-1000000000.0,2026-04-01 02:21:52.073296,2026-04-01 02:21:52.115330,0 days 00:00:00.042034,18,2.05,20,0,15,1.55,0.55,7,39,93,150,6,2.2,2.3,1.9,1.8,26,4.0,15.600000000000001,6.7,5.7,3.3,True,True,,,,,,,,,COMPLETE
848,-1000000000.0,2026-04-01 02:21:52.149513,2026-04-01 02:21:52.189160,0 days 00:00:00.039647,20,2.15,14,2,10,1.15,0.6,9,43,83,150,5,2.1,2.6,1.1,1.5,23,5.0,10.0,4.3,5.1,2.0,False,True,,,,,,,,,COMPLETE
849,-1000000000.0,2026-04-01 02:21:52.221329,2026-04-01 02:21:52.259034,0 days 00:00:00.037705,11,1.8499999999999999,14,4,12,1.05,0.7,5,35,75,30,2,1.15,2.5,1.2,3.1,11,6.0,14.600000000000001,4.2,6.9,1.7,True,False,,,,,,,,,COMPLETE
850,-1000000000.0,2026-04-01 02:21:52.289980,2026-04-01 02:21:52.326937,0 days 00:00:00.036957,13,2.35,21,0,17,1.5,0.95,8,41,82,90,3,1.3,3.0,1.6,1.6,13,4.6,12.8,6.2,5.0,2.3,False,True,,,,,,,,,COMPLETE
851,-1000000000.0,2026-04-01 02:21:52.357530,2026-04-01 02:21:54.842597,0 days 00:00:02.485067,12,2.0,16,1,19,1.1,0.55,9,36,90,60,1,1.35,2.1,1.8,2.1,19,5.1,16.6,3.3,6.0,2.9000000000000004,True,True,,,,,,,,,COMPLETE
852,-1000000000.0,2026-04-01 02:21:54.876407,2026-04-01 02:21:54.914131,0 days 00:00:00.037724,19,2.25,15,3,18,1.45,0.5,7,42,100,180,5,1.6,4.800000000000001,1.5,1.5,8,3.9,13.2,6.5,3.9,2.1,False,False,,,,,,,,,COMPLETE
853,-1000000000.0,2026-04-01 02:21:54.945406,2026-04-01 02:21:54.982140,0 days 00:00:00.036734,16,1.75,18,2,13,1.65,0.8500000000000001,6,38,80,150,6,1.2,2.2,1.65,1.8,21,5.6,12.0,5.800000000000001,4.8,3.1,True,True,,,,,,,,,COMPLETE
854,-1000000000.0,2026-04-01 02:21:55.023706,2026-04-01 02:21:55.061571,0 days 00:00:00.037865,14,2.5,14,4,20,1.2,0.5,10,43,94,30,4,1.7000000000000002,2.4,1.25,1.7,16,5.3,13.0,4.7,3.1,3.8000000000000003,False,True,,,,,,,,,COMPLETE
855,-1000000000.0,2026-04-01 02:21:55.093484,2026-04-01 02:21:55.138367,0 days 00:00:00.044883,15,2.45,20,1,12,1.25,0.55,8,44,78,150,0,1.85,4.0,1.9500000000000002,1.9,18,4.8,10.8,5.1,5.4,2.2,True,True,,,,,,,,,COMPLETE
856,-1000000000.0,2026-04-01 02:21:55.173450,2026-04-01 02:21:55.215182,0 days 00:00:00.041732,18,1.9,22,2,15,1.8,0.6,9,40,86,120,3,1.45,3.6,1.8,1.5,27,4.7,9.2,3.5,3.8,3.0,False,False,,,,,,,,,COMPLETE
857,-1000000000.0,2026-04-01 02:21:55.250459,2026-04-01 02:21:55.289486,0 days 00:00:00.039027,20,2.2,15,0,11,1.3,0.6,8,37,96,150,5,1.1,2.3,1.0,2.9000000000000004,24,5.9,9.8,3.7,6.300000000000001,2.0,True,True,,,,,,,,,COMPLETE
858,-1000000000.0,2026-04-01 02:21:55.322916,2026-04-01 02:21:55.362678,0 days 00:00:00.039762,19,1.65,17,1,16,1.0,0.7,7,39,87,180,2,1.9,4.2,2.0,2.2,22,5.4,11.8,7.0,3.7,1.8,False,True,,,,,,,,,COMPLETE
859,-1000000000.0,2026-04-01 02:21:55.394030,2026-04-01 02:21:55.431141,0 days 00:00:00.037111,16,2.3,24,3,14,1.6,1.0,8,40,98,90,6,1.9500000000000002,3.0,1.7000000000000002,1.6,21,4.4,10.2,5.7,3.0,3.7,True,True,,,,,,,,,COMPLETE
860,-1000000000.0,2026-04-01 02:21:55.464128,2026-04-01 02:21:55.502577,0 days 00:00:00.038449,15,1.7,16,1,20,1.15,0.55,6,43,84,120,0,1.4,2.5,1.3,2.6,10,5.7,12.2,3.1,3.5,3.4000000000000004,False,False,,,,,,,,,COMPLETE
861,-1000000000.0,2026-04-01 02:21:55.535254,2026-04-01 02:21:55.578257,0 days 00:00:00.043003,14,1.5499999999999998,19,5,10,1.1,0.65,9,35,99,180,1,1.5,2.4,1.75,2.0,30,3.6,16.4,3.8,4.2,2.1,True,True,,,,,,,,,COMPLETE
862,-1000000000.0,2026-04-01 02:21:55.616107,2026-04-01 02:21:58.146066,0 days 00:00:02.529959,18,2.15,14,0,19,1.4,0.7,9,41,81,150,2,1.65,4.300000000000001,1.35,3.5,20,5.5,11.6,6.4,6.2,3.5,False,True,,,,,,,,,COMPLETE
863,-1000000000.0,2026-04-01 02:21:58.177136,2026-04-01 02:21:58.235712,0 days 00:00:00.058576,16,2.4,25,4,12,1.7000000000000002,0.9,10,44,91,30,5,1.05,5.0,1.05,2.4,15,5.3,8.4,6.1,4.7,3.1,True,True,,,,,,,,,COMPLETE
864,-1000000000.0,2026-04-01 02:21:58.270460,2026-04-01 02:21:58.311253,0 days 00:00:00.040793,17,1.5,14,2,14,1.15,0.5,8,42,71,150,3,2.0,3.1,1.45,1.7,17,4.1,10.6,4.6,5.5,1.9,False,False,,,,,,,,,COMPLETE
865,-1000000000.0,2026-04-01 02:21:58.345405,2026-04-01 02:21:58.383208,0 days 00:00:00.037803,17,2.05,17,3,13,1.85,0.55,7,38,89,120,4,1.25,2.8,1.15,2.1,14,4.9,12.600000000000001,6.9,6.1,3.6,True,True,,,,,,,,,COMPLETE
866,-1000000000.0,2026-04-01 02:21:58.417615,2026-04-01 02:22:00.941491,0 days 00:00:02.523876,20,1.5999999999999999,21,1,17,1.55,0.65,5,36,76,60,6,1.3,4.7,1.85,2.8,12,4.7,9.8,5.2,5.800000000000001,3.2,True,True,,,,,,,,,COMPLETE
867,-1000000000.0,2026-04-01 02:22:00.968621,2026-04-01 02:22:03.342693,0 days 00:00:02.374072,13,2.35,16,2,15,1.5,0.75,9,37,95,180,5,1.35,2.6,1.6,1.6,9,3.8,14.8,6.300000000000001,4.5,2.7,False,False,,,,,,,,,COMPLETE
868,-1000000000.0,2026-04-01 02:22:03.373074,2026-04-01 02:22:03.409922,0 days 00:00:00.036848,14,2.5,15,0,18,1.05,0.6,8,44,85,90,3,1.15,2.2,1.55,2.5,19,5.6,12.0,6.800000000000001,4.9,2.6,True,True,,,,,,,,,COMPLETE
869,-1000000000.0,2026-04-01 02:22:03.448985,2026-04-01 02:22:03.490932,0 days 00:00:00.041947,12,1.75,14,1,11,1.0,0.5,8,41,74,150,0,1.0,3.4000000000000004,1.5,1.8,2,5.4,8.6,4.4,5.9,2.2,False,True,,,,,,,,,COMPLETE
870,-1000000000.0,2026-04-01 02:22:03.523276,2026-04-01 02:22:03.561030,0 days 00:00:00.037754,18,2.1,20,4,16,1.35,0.55,10,40,90,30,6,1.9,2.1,1.65,2.1,0,4.3,8.0,6.0,5.300000000000001,1.5,True,True,,,,,,,,,COMPLETE
871,-1000000000.0,2026-04-01 02:22:03.592107,2026-04-01 02:22:03.629835,0 days 00:00:00.037728,15,1.95,22,2,12,1.3,0.95,9,42,72,180,5,1.85,2.9,1.75,2.2,5,6.0,9.6,5.5,4.6,4.0,False,False,,,,,,,,,COMPLETE
872,-1000000000.0,2026-04-01 02:22:03.661080,2026-04-01 02:22:03.699177,0 days 00:00:00.038097,10,2.35,15,3,13,2.0,0.7,7,43,79,150,4,1.75,2.0,1.7000000000000002,2.3,21,5.2,12.4,3.4,4.0,2.2,True,True,,,,,,,,,COMPLETE
873,-1000000000.0,2026-04-01 02:22:03.732681,2026-04-01 02:22:06.312044,0 days 00:00:02.579363,20,2.45,23,5,20,1.9,0.8,7,39,83,90,1,2.05,4.9,1.9,1.5,29,5.0,11.8,5.9,6.4,3.3,False,True,,,,,,,,,COMPLETE
874,-1000000000.0,2026-04-01 02:22:06.344338,2026-04-01 02:22:06.384925,0 days 00:00:00.040587,11,2.4,14,1,14,1.2,0.6,9,43,87,120,2,1.2,2.3,1.25,2.0,20,5.6,11.2,5.6,3.8,1.6,True,True,,,,,,,,,COMPLETE
875,-1000000000.0,2026-04-01 02:22:06.416342,2026-04-01 02:22:06.454646,0 days 00:00:00.038304,16,1.45,24,0,10,1.25,0.8500000000000001,8,37,92,150,5,1.9500000000000002,2.5,1.9500000000000002,1.6,4,5.1,9.4,4.5,4.4,3.2,False,False,,,,,,,,,COMPLETE
