number,value,state,datetime_start,datetime_complete,duration_seconds,params_json,fold_sharpes_json,avg_cv_sharpe
555,-1000000000.0,TrialState.COMPLETE,2026-04-01T02:18:06.042852,2026-04-01T02:18:06.073379,0.030527,"{""atr_window"": 20, ""bb_std_dev"": 1.7999999999999998, ""bb_window"": 18, ""cooldown"": 0, ""macd_fast"": 11, ""macd_k"": 1.6, ""macd_k_mid"": 0.75, ""macd_signal"": 7, ""macd_slow"": 37, ""macd_std_window"": 70, ""rebalance_freq"": 150, ""rebounce_block"": 3, ""sl_mult_lm"": 1.45, ""sl_mult_lr"": 2.4, ""sl_mult_sm"": 1.2, ""sl_mult_sr"": 2.7, ""time_stop"": 11, ""tp_mult_lm"": 5.2, ""tp_mult_lr"": 12.600000000000001, ""tp_mult_sm"": 4.4, ""tp_mult_sr"": 4.6, ""trail_mult"": 3.3, ""trail_tp"": true, ""use_trailing"": true}",{},
556,-1000000000.0,TrialState.COMPLETE,2026-04-01T02:18:06.101877,2026-04-01T02:18:06.129948,0.028071,"{""atr_window"": 15, ""bb_std_dev"": 2.3, ""bb_window"": 16, ""cooldown"": 3, ""macd_fast"": 14, ""macd_k"": 1.2, ""macd_k_mid"": 0.5, ""macd_signal"": 10, ""macd_slow"": 44, ""macd_std_window"": 75, ""rebalance_freq"": 180, ""rebounce_block"": 1, ""sl_mult_lm"": 2.2, ""sl_mult_lr"": 2.5, ""sl_mult_sm"": 1.5, ""sl_mult_sr"": 2.1, ""time_stop"": 15, ""tp_mult_lm"": 5.0, ""tp_mult_lr"": 15.8, ""tp_mult_sm"": 4.1, ""tp_mult_sr"": 6.2, ""trail_mult"": 2.4, ""trail_tp"": false, ""use_trailing"": false}",{},
557,-1000000000.0,TrialState.COMPLETE,2026-04-01T02:18:06.172694,2026-04-01T02:18:08.687804,2.51511,"{""atr_window"": 14, ""bb_std_dev"": 2.25, ""bb_window"": 14, ""cooldown"": 3, ""macd_fast"": 20, ""macd_k"": 1.1, ""macd_k_mid"": 0.7, ""macd_signal"": 9, ""macd_slow"": 40, ""macd_std_window"": 81, ""rebalance_freq"": 30, ""rebounce_block"": 6, ""sl_mult_lm"": 1.4, ""sl_mult_lr"": 4.0, ""sl_mult_sm"": 1.7000000000000002, ""sl_mult_sr"": 1.6, ""time_stop"": 16, ""tp_mult_lm"": 6.0, ""tp_mult_lr"": 15.0, ""tp_mult_sm"": 5.2, ""tp_mult_sr"": 4.4, ""trail_mult"": 2.2, ""trail_tp"": true, ""use_trailing"": true}",{},
558,-1000000000.0,TrialState.COMPLETE,2026-04-01T02:18:08.713979,2026-04-01T02:18:08.741269,0.02729,"{""atr_window"": 10, ""bb_std_dev"": 2.35, ""bb_window"": 14, ""cooldown"": 4, ""macd_fast"": 14, ""macd_k"": 1.05, ""macd_k_mid"": 0.6, ""macd_signal"": 8, ""macd_slow"": 42, ""macd_std_window"": 89, ""rebalance_freq"": 90, ""rebounce_block"": 6, ""sl_mult_lm"": 1.15, ""sl_mult_lr"": 2.2, ""sl_mult_sm"": 1.4, ""sl_mult_sr"": 1.8, ""time_stop"": 21, ""tp_mult_lm"": 4.9, ""tp_mult_lr"": 11.4, ""tp_mult_sm"": 3.6, ""tp_mult_sr"": 6.300000000000001, ""trail_mult"": 2.5, ""trail_tp"": false, ""use_trailing"": true}",{},
559,-1000000000.0,TrialState.COMPLETE,2026-04-01T02:18:08.773335,2026-04-01T02:18:08.804974,0.031639,"{""atr_window"": 19, ""bb_std_dev"": 1.5, ""bb_window"": 15, ""cooldown"": 2, ""macd_fast"": 15, ""macd_k"": 1.3, ""macd_k_mid"": 0.65, ""macd_signal"": 9, ""macd_slow"": 39, ""macd_std_window"": 97, ""rebalance_freq"": 120, ""rebounce_block"": 2, ""sl_mult_lm"": 2.1, ""sl_mult_lr"": 2.9, ""sl_mult_sm"": 1.75, ""sl_mult_sr"": 2.3, ""time_stop"": 9, ""tp_mult_lm"": 5.3, ""tp_mult_lr"": 8.4, ""tp_mult_sm"": 3.9, ""tp_mult_sr"": 5.800000000000001, ""trail_mult"": 1.5, ""trail_tp"": true, ""use_trailing"": true}",{},
560,-1000000000.0,TrialState.COMPLETE,2026-04-01T02:18:08.839615,2026-04-01T02:18:08.871251,0.031636,"{""atr_window"": 17, ""bb_std_dev"": 2.4, ""bb_window"": 22, ""cooldown"": 2, ""macd_fast"": 12, ""macd_k"": 1.15, ""macd_k_mid"": 0.55, ""macd_signal"": 6, ""macd_slow"": 43, ""macd_std_window"": 76, ""rebalance_freq"": 150, ""rebounce_block"": 5, ""sl_mult_lm"": 1.55, ""sl_mult_lr"": 4.300000000000001, ""sl_mult_sm"": 1.85, ""sl_mult_sr"": 2.2, ""time_stop"": 20, ""tp_mult_lm"": 5.5, ""tp_mult_lr"": 10.0, ""tp_mult_sm"": 6.800000000000001, ""tp_mult_sr"": 4.5, ""trail_mult"": 3.4000000000000004, ""trail_tp"": false, ""use_trailing"": false}",{},
561,-1000000000.0,TrialState.COMPLETE,2026-04-01T02:18:08.910418,2026-04-01T02:18:08.942230,0.031812,"{""atr_window"": 13, ""bb_std_dev"": 1.9, ""bb_window"": 14, ""cooldown"": 1, ""macd_fast"": 16, ""macd_k"": 1.85, ""macd_k_mid"": 1.0, ""macd_signal"": 8, ""macd_slow"": 44, ""macd_std_window"": 83, ""rebalance_freq"": 60, ""rebounce_block"": 4, ""sl_mult_lm"": 1.0, ""sl_mult_lr"": 2.3, ""sl_mult_sm"": 1.25, ""sl_mult_sr"": 2.1, ""time_stop"": 17, ""tp_mult_lm"": 4.2, ""tp_mult_lr"": 12.8, ""tp_mult_sm"": 6.4, ""tp_mult_sr"": 6.6, ""trail_mult"": 1.9, ""trail_tp"": true, ""use_trailing"": true}",{},
562,-1000000000.0,TrialState.COMPLETE,2026-04-01T02:18:08.986037,2026-04-01T02:18:09.027691,0.041654,"{""atr_window"": 16, ""bb_std_dev"": 1.4, ""bb_window"": 17, ""cooldown"": 0, ""macd_fast"": 13, ""macd_k"": 1.4, ""macd_k_mid"": 0.95, ""macd_signal"": 7, ""macd_slow"": 40, ""macd_std_window"": 91, ""rebalance_freq"": 90, ""rebounce_block"": 5, ""sl_mult_lm"": 1.1, ""sl_mult_lr"": 4.800000000000001, ""sl_mult_sm"": 1.65, ""sl_mult_sr"": 1.9, ""time_stop"": 19, ""tp_mult_lm"": 4.1, ""tp_mult_lr"": 9.8, ""tp_mult_sm"": 6.9, ""tp_mult_sr"": 4.1, ""trail_mult"": 1.6, ""trail_tp"": false, ""use_trailing"": true}",{},
563,-1000000000.0,TrialState.COMPLETE,2026-04-01T02:18:09.064063,2026-04-01T02:18:09.100005,0.035942,"{""atr_window"": 18, ""bb_std_dev"": 2.0, ""bb_window"": 21, ""cooldown"": 1, ""macd_fast"": 10, ""macd_k"": 1.65, ""macd_k_mid"": 0.5, ""macd_signal"": 8, ""macd_slow"": 35, ""macd_std_window"": 80, ""rebalance_freq"": 150, ""rebounce_block"": 3, ""sl_mult_lm"": 1.3, ""sl_mult_lr"": 4.2, ""sl_mult_sm"": 1.9500000000000002, ""sl_mult_sr"": 3.3, ""time_stop"": 26, ""tp_mult_lm"": 4.5, ""tp_mult_lr"": 12.0, ""tp_mult_sm"": 4.9, ""tp_mult_sr"": 5.4, ""trail_mult"": 2.0, ""trail_tp"": true, ""use_trailing"": false}",{},
564,-1000000000.0,TrialState.COMPLETE,2026-04-01T02:18:09.137588,2026-04-01T02:18:09.196131,0.058543,"{""atr_window"": 15, ""bb_std_dev"": 1.75, ""bb_window"": 16, ""cooldown"": 5, ""macd_fast"": 11, ""macd_k"": 1.45, ""macd_k_mid"": 0.55, ""macd_signal"": 6, ""macd_slow"": 41, ""macd_std_window"": 87, ""rebalance_freq"": 120, ""rebounce_block"": 2, ""sl_mult_lm"": 1.9500000000000002, ""sl_mult_lr"": 3.4000000000000004, ""sl_mult_sm"": 1.6, ""sl_mult_sr"": 3.0, ""time_stop"": 6, ""tp_mult_lm"": 5.1, ""tp_mult_lr"": 11.0, ""tp_mult_sm"": 5.5, ""tp_mult_sr"": 3.1, ""trail_mult"": 3.1, ""trail_tp"": false, ""use_trailing"": true}",{},
565,-1000000000.0,TrialState.COMPLETE,2026-04-01T02:18:09.245076,2026-04-01T02:18:11.724275,2.479199,"{""atr_window"": 20, ""bb_std_dev"": 1.65, ""bb_window"": 25, ""cooldown"": 2, ""macd_fast"": 20, ""macd_k"": 1.7000000000000002, ""macd_k_mid"": 0.6, ""macd_signal"": 10, ""macd_slow"": 39, ""macd_std_window"": 94, ""rebalance_freq"": 180, ""rebounce_block"": 6, ""sl_mult_lm"": 2.1500000000000004, ""sl_mult_lr"": 2.1, ""sl_mult_sm"": 1.8, ""sl_mult_sr"": 3.1, ""time_stop"": 22, ""tp_mult_lm"": 3.7, ""tp_mult_lr"": 13.2, ""tp_mult_sm"": 3.3, ""tp_mult_sr"": 3.9, ""trail_mult"": 2.1, ""trail_tp"": true, ""use_trailing"": true}",{},
566,-1000000000.0,TrialState.COMPLETE,2026-04-01T02:18:11.749713,2026-04-01T02:18:11.777679,0.027966,"{""atr_window"": 14, ""bb_std_dev"": 2.1, ""bb_window"": 20, ""cooldown"": 4, ""macd_fast"": 13, ""macd_k"": 1.25, ""macd_k_mid"": 0.7, ""macd_signal"": 7, ""macd_slow"": 36, ""macd_std_window"": 99, ""rebalance_freq"": 180, ""rebounce_block"": 0, ""sl_mult_lm"": 1.3, ""sl_mult_lr"": 3.3, ""sl_mult_sm"": 1.55, ""sl_mult_sr"": 1.5, ""time_stop"": 10, ""tp_mult_lm"": 5.6, ""tp_mult_lr"": 14.600000000000001, ""tp_mult_sm"": 6.1, ""tp_mult_sr"": 5.7, ""trail_mult"": 3.2, ""trail_tp"": false, ""use_trailing"": true}",{},
567,-1000000000.0,TrialState.COMPLETE,2026-04-01T02:18:11.822094,2026-04-01T02:18:14.439185,2.617091,"{""atr_window"": 12, ""bb_std_dev"": 2.45, ""bb_window"": 14, ""cooldown"": 0, ""macd_fast"": 15, ""macd_k"": 1.0, ""macd_k_mid"": 0.75, ""macd_signal"": 8, ""macd_slow"": 37, ""macd_std_window"": 70, ""rebalance_freq"": 30, ""rebounce_block"": 5, ""sl_mult_lm"": 1.8, ""sl_mult_lr"": 2.4, ""sl_mult_sm"": 1.7000000000000002, ""sl_mult_sr"": 2.4, ""time_stop"": 21, ""tp_mult_lm"": 4.8, ""tp_mult_lr"": 14.0, ""tp_mult_sm"": 3.1, ""tp_mult_sr"": 4.7, ""trail_mult"": 2.2, ""trail_tp"": true, ""use_trailing"": false}",{},
568,-1000000000.0,TrialState.COMPLETE,2026-04-01T02:18:14.465696,2026-04-01T02:18:14.496075,0.030379,"{""atr_window"": 16, ""bb_std_dev"": 1.8499999999999999, ""bb_window"": 15, ""cooldown"": 3, ""macd_fast"": 17, ""macd_k"": 1.55, ""macd_k_mid"": 0.5, ""macd_signal"": 9, ""macd_slow"": 44, ""macd_std_window"": 85, ""rebalance_freq"": 150, ""rebounce_block"": 4, ""sl_mult_lm"": 1.35, ""sl_mult_lr"": 2.1, ""sl_mult_sm"": 1.75, ""sl_mult_sr"": 2.8, ""time_stop"": 27, ""tp_mult_lm"": 5.6, ""tp_mult_lr"": 10.8, ""tp_mult_sm"": 5.9, ""tp_mult_sr"": 5.5, ""trail_mult"": 1.8, ""trail_tp"": false, ""use_trailing"": true}",{},
569,-1000000000.0,TrialState.COMPLETE,2026-04-01T02:18:14.535744,2026-04-01T02:18:14.576737,0.040993,"{""atr_window"": 19, ""bb_std_dev"": 2.4, ""bb_window"": 17, ""cooldown"": 1, ""macd_fast"": 14, ""macd_k"": 1.9500000000000002, ""macd_k_mid"": 0.6, ""macd_signal"": 8, ""macd_slow"": 43, ""macd_std_window"": 78, ""rebalance_freq"": 120, ""rebounce_block"": 6, ""sl_mult_lm"": 1.05, ""sl_mult_lr"": 4.5, ""sl_mult_sm"": 1.3, ""sl_mult_sr"": 1.7, ""time_stop"": 8, ""tp_mult_lm"": 4.0, ""tp_mult_lr"": 16.200000000000003, ""tp_mult_sm"": 5.4, ""tp_mult_sr"": 3.7, ""trail_mult"": 2.3, ""trail_tp"": true, ""use_trailing"": true}",{},
570,-1000000000.0,TrialState.COMPLETE,2026-04-01T02:18:14.607382,2026-04-01T02:18:14.640531,0.033149,"{""atr_window"": 17, ""bb_std_dev"": 2.5, ""bb_window"": 14, ""cooldown"": 4, ""macd_fast"": 12, ""macd_k"": 1.15, ""macd_k_mid"": 0.55, ""macd_signal"": 9, ""macd_slow"": 41, ""macd_std_window"": 96, ""rebalance_freq"": 90, ""rebounce_block"": 1, ""sl_mult_lm"": 1.2, ""sl_mult_lr"": 3.0, ""sl_mult_sm"": 1.5, ""sl_mult_sr"": 1.6, ""time_stop"": 5, ""tp_mult_lm"": 5.800000000000001, ""tp_mult_lr"": 12.2, ""tp_mult_sm"": 4.3, ""tp_mult_sr"": 5.0, ""trail_mult"": 3.0, ""trail_tp"": false, ""use_trailing"": true}",{},
571,-1000000000.0,TrialState.COMPLETE,2026-04-01T02:18:14.674507,2026-04-01T02:18:14.719512,0.045005,"{""atr_window"": 14, ""bb_std_dev"": 1.5499999999999998, ""bb_window"": 18, ""cooldown"": 2, ""macd_fast"": 14, ""macd_k"": 1.1, ""macd_k_mid"": 0.65, ""macd_signal"": 7, ""macd_slow"": 42, ""macd_std_window"": 82, ""rebalance_freq"": 150, ""rebounce_block"": 3, ""sl_mult_lm"": 1.5, ""sl_mult_lr"": 2.5, ""sl_mult_sm"": 1.9, ""sl_mult_sr"": 2.0, ""time_stop"": 1, ""tp_mult_lm"": 4.7, ""tp_mult_lr"": 15.4, ""tp_mult_sm"": 3.2, ""tp_mult_sr"": 4.3, ""trail_mult"": 3.2, ""trail_tp"": true, ""use_trailing"": false}",{},
572,-1000000000.0,TrialState.COMPLETE,2026-04-01T02:18:14.751909,2026-04-01T02:18:14.783231,0.031322,"{""atr_window"": 20, ""bb_std_dev"": 2.25, ""bb_window"": 16, ""cooldown"": 1, ""macd_fast"": 10, ""macd_k"": 1.35, ""macd_k_mid"": 0.8, ""macd_signal"": 6, ""macd_slow"": 37, ""macd_std_window"": 93, ""rebalance_freq"": 180, ""rebounce_block"": 2, ""sl_mult_lm"": 1.9, ""sl_mult_lr"": 3.6, ""sl_mult_sm"": 1.35, ""sl_mult_sr"": 1.8, ""time_stop"": 25, ""tp_mult_lm"": 3.6, ""tp_mult_lr"": 14.4, ""tp_mult_sm"": 4.8, ""tp_mult_sr"": 4.9, ""trail_mult"": 3.1, ""trail_tp"": false, ""use_trailing"": true}",{},
573,-1000000000.0,TrialState.COMPLETE,2026-04-01T02:18:14.815845,2026-04-01T02:18:14.863381,0.047536,"{""atr_window"": 18, ""bb_std_dev"": 2.35, ""bb_window"": 19, ""cooldown"": 3, ""macd_fast"": 19, ""macd_k"": 1.6, ""macd_k_mid"": 0.55, ""macd_signal"": 10, ""macd_slow"": 44, ""macd_std_window"": 73, ""rebalance_freq"": 60, ""rebounce_block"": 5, ""sl_mult_lm"": 2.05, ""sl_mult_lr"": 3.7, ""sl_mult_sm"": 1.85, ""sl_mult_sr"": 1.6, ""time_stop"": 13, ""tp_mult_lm"": 5.4, ""tp_mult_lr"": 8.2, ""tp_mult_sm"": 7.0, ""tp_mult_sr"": 5.9, ""trail_mult"": 2.5, ""trail_tp"": true, ""use_trailing"": true}",{},
574,-1000000000.0,TrialState.COMPLETE,2026-04-01T02:18:14.898444,2026-04-01T02:18:17.428850,2.530406,"{""atr_window"": 15, ""bb_std_dev"": 2.2, ""bb_window"": 14, ""cooldown"": 0, ""macd_fast"": 17, ""macd_k"": 1.05, ""macd_k_mid"": 0.65, ""macd_signal"": 5, ""macd_slow"": 38, ""macd_std_window"": 71, ""rebalance_freq"": 30, ""rebounce_block"": 6, ""sl_mult_lm"": 1.4, ""sl_mult_lr"": 2.6, ""sl_mult_sm"": 2.0, ""sl_mult_sr"": 1.9, ""time_stop"": 29, ""tp_mult_lm"": 3.5, ""tp_mult_lr"": 13.0, ""tp_mult_sm"": 3.5, ""tp_mult_sr"": 3.3, ""trail_mult"": 3.7, ""trail_tp"": false, ""use_trailing"": true}",{},
575,-1000000000.0,TrialState.COMPLETE,2026-04-01T02:18:17.456188,2026-04-01T02:18:19.876202,2.420014,"{""atr_window"": 12, ""bb_std_dev"": 1.7999999999999998, ""bb_window"": 24, ""cooldown"": 5, ""macd_fast"": 20, ""macd_k"": 1.65, ""macd_k_mid"": 0.7, ""macd_signal"": 8, ""macd_slow"": 40, ""macd_std_window"": 100, ""rebalance_freq"": 150, ""rebounce_block"": 4, ""sl_mult_lm"": 1.55, ""sl_mult_lr"": 2.8, ""sl_mult_sm"": 1.45, ""sl_mult_sr"": 2.5, ""time_stop"": 0, ""tp_mult_lm"": 5.0, ""tp_mult_lr"": 11.8, ""tp_mult_sm"": 5.1, ""tp_mult_sr"": 4.8, ""trail_mult"": 2.6, ""trail_tp"": false, ""use_trailing"": false}",{},
576,-1000000000.0,TrialState.COMPLETE,2026-04-01T02:18:19.915016,2026-04-01T02:18:19.958278,0.043262,"{""atr_window"": 13, ""bb_std_dev"": 2.15, ""bb_window"": 23, ""cooldown"": 2, ""macd_fast"": 13, ""macd_k"": 1.5, ""macd_k_mid"": 0.8500000000000001, ""macd_signal"": 9, ""macd_slow"": 43, ""macd_std_window"": 74, ""rebalance_freq"": 120, ""rebounce_block"": 1, ""sl_mult_lm"": 2.0, ""sl_mult_lr"": 2.3, ""sl_mult_sm"": 1.8, ""sl_mult_sr"": 1.5, ""time_stop"": 18, ""tp_mult_lm"": 5.2, ""tp_mult_lr"": 13.600000000000001, ""tp_mult_sm"": 6.9, ""tp_mult_sr"": 5.1, ""trail_mult"": 1.7, ""trail_tp"": true, ""use_trailing"": true}",{},
577,-1000000000.0,TrialState.COMPLETE,2026-04-01T02:18:20.003046,2026-04-01T02:18:20.042111,0.039065,"{""atr_window"": 16, ""bb_std_dev"": 2.3, ""bb_window"": 15, ""cooldown"": 1, ""macd_fast"": 16, ""macd_k"": 1.15, ""macd_k_mid"": 0.9, ""macd_signal"": 7, ""macd_slow"": 42, ""macd_std_window"": 95, ""rebalance_freq"": 180, ""rebounce_block"": 3, ""sl_mult_lm"": 1.6, ""sl_mult_lr"": 2.0, ""sl_mult_sm"": 1.65, ""sl_mult_sr"": 1.7, ""time_stop"": 15, ""tp_mult_lm"": 4.3, ""tp_mult_lr"": 11.2, ""tp_mult_sm"": 4.5, ""tp_mult_sr"": 6.0, ""trail_mult"": 2.0, ""trail_tp"": false, ""use_trailing"": true}",{},
578,-1000000000.0,TrialState.COMPLETE,2026-04-01T02:18:20.083697,2026-04-01T02:18:20.147487,0.06379,"{""atr_window"": 14, ""bb_std_dev"": 1.75, ""bb_window"": 22, ""cooldown"": 1, ""macd_fast"": 12, ""macd_k"": 1.2, ""macd_k_mid"": 0.55, ""macd_signal"": 7, ""macd_slow"": 39, ""macd_std_window"": 89, ""rebalance_freq"": 30, ""rebounce_block"": 5, ""sl_mult_lm"": 1.75, ""sl_mult_lr"": 2.7, ""sl_mult_sm"": 1.55, ""sl_mult_sr"": 3.4000000000000004, ""time_stop"": 20, ""tp_mult_lm"": 5.7, ""tp_mult_lr"": 12.4, ""tp_mult_sm"": 3.6, ""tp_mult_sr"": 5.6, ""trail_mult"": 3.3, ""trail_tp"": true, ""use_trailing"": false}",{},
579,-1000000000.0,TrialState.COMPLETE,2026-04-01T02:18:20.205793,2026-04-01T02:18:20.240865,0.035072,"{""atr_window"": 19, ""bb_std_dev"": 2.05, ""bb_window"": 17, ""cooldown"": 3, ""macd_fast"": 15, ""macd_k"": 1.8, ""macd_k_mid"": 0.6, ""macd_signal"": 9, ""macd_slow"": 40, ""macd_std_window"": 88, ""rebalance_freq"": 60, ""rebounce_block"": 0, ""sl_mult_lm"": 1.45, ""sl_mult_lr"": 2.4, ""sl_mult_sm"": 1.25, ""sl_mult_sr"": 2.2, ""time_stop"": 14, ""tp_mult_lm"": 5.3, ""tp_mult_lr"": 10.4, ""tp_mult_sm"": 5.7, ""tp_mult_sr"": 3.9, ""trail_mult"": 2.7, ""trail_tp"": false, ""use_trailing"": true}",{},
580,-1000000000.0,TrialState.COMPLETE,2026-04-01T02:18:20.273944,2026-04-01T02:18:20.306100,0.032156,"{""atr_window"": 10, ""bb_std_dev"": 1.7, ""bb_window"": 15, ""cooldown"": 4, ""macd_fast"": 12, ""macd_k"": 1.0, ""macd_k_mid"": 0.5, ""macd_signal"": 8, ""macd_slow"": 44, ""macd_std_window"": 99, ""rebalance_freq"": 150, ""rebounce_block"": 6, ""sl_mult_lm"": 1.0, ""sl_mult_lr"": 3.5, ""sl_mult_sm"": 1.7000000000000002, ""sl_mult_sr"": 2.1, ""time_stop"": 10, ""tp_mult_lm"": 5.9, ""tp_mult_lr"": 13.4, ""tp_mult_sm"": 4.2, ""tp_mult_sr"": 4.1, ""trail_mult"": 2.1, ""trail_tp"": true, ""use_trailing"": true}",{},
581,-1000000000.0,TrialState.COMPLETE,2026-04-01T02:18:20.337072,2026-04-01T02:18:20.368154,0.031082,"{""atr_window"": 17, ""bb_std_dev"": 1.65, ""bb_window"": 14, ""cooldown"": 0, ""macd_fast"": 18, ""macd_k"": 1.4, ""macd_k_mid"": 1.0, ""macd_signal"": 10, ""macd_slow"": 41, ""macd_std_window"": 98, ""rebalance_freq"": 90, ""rebounce_block"": 3, ""sl_mult_lm"": 1.85, ""sl_mult_lr"": 4.7, ""sl_mult_sm"": 1.1, ""sl_mult_sr"": 1.5, ""time_stop"": 11, ""tp_mult_lm"": 5.5, ""tp_mult_lr"": 10.6, ""tp_mult_sm"": 4.4, ""tp_mult_sr"": 6.5, ""trail_mult"": 2.3, ""trail_tp"": false, ""use_trailing"": true}",{},
582,-1000000000.0,TrialState.COMPLETE,2026-04-01T02:18:20.402326,2026-04-01T02:18:20.433427,0.031101,"{""atr_window"": 11, ""bb_std_dev"": 2.2, ""bb_window"": 16, ""cooldown"": 2, ""macd_fast"": 14, ""macd_k"": 1.05, ""macd_k_mid"": 0.7, ""macd_signal"": 8, ""macd_slow"": 43, ""macd_std_window"": 90, ""rebalance_freq"": 120, ""rebounce_block"": 5, ""sl_mult_lm"": 1.25, ""sl_mult_lr"": 5.0, ""sl_mult_sm"": 1.3, ""sl_mult_sr"": 1.7, ""time_stop"": 12, ""tp_mult_lm"": 5.4, ""tp_mult_lr"": 15.2, ""tp_mult_sm"": 6.6, ""tp_mult_sr"": 5.300000000000001, ""trail_mult"": 3.0, ""trail_tp"": true, ""use_trailing"": false}",{},
583,-1000000000.0,TrialState.COMPLETE,2026-04-01T02:18:20.471114,2026-04-01T02:18:20.504346,0.033232,"{""atr_window"": 20, ""bb_std_dev"": 1.5999999999999999, ""bb_window"": 14, ""cooldown"": 3, ""macd_fast"": 11, ""macd_k"": 1.3, ""macd_k_mid"": 0.5, ""macd_signal"": 9, ""macd_slow"": 36, ""macd_std_window"": 91, ""rebalance_freq"": 150, ""rebounce_block"": 6, ""sl_mult_lm"": 1.9500000000000002, ""sl_mult_lr"": 2.5, ""sl_mult_sm"": 1.6, ""sl_mult_sr"": 2.2, ""time_stop"": 9, ""tp_mult_lm"": 4.9, ""tp_mult_lr"": 12.600000000000001, ""tp_mult_sm"": 3.7, ""tp_mult_sr"": 3.0, ""trail_mult"": 2.9000000000000004, ""trail_tp"": false, ""use_trailing"": true}",{},
584,-1000000000.0,TrialState.COMPLETE,2026-04-01T02:18:20.544373,2026-04-01T02:18:20.579758,0.035385,"{""atr_window"": 15, ""bb_std_dev"": 2.15, ""bb_window"": 20, ""cooldown"": 0, ""macd_fast"": 19, ""macd_k"": 1.45, ""macd_k_mid"": 0.65, ""macd_signal"": 7, ""macd_slow"": 44, ""macd_std_window"": 92, ""rebalance_freq"": 180, ""rebounce_block"": 4, ""sl_mult_lm"": 1.35, ""sl_mult_lr"": 2.2, ""sl_mult_sm"": 1.2, ""sl_mult_sr"": 3.2, ""time_stop"": 18, ""tp_mult_lm"": 5.0, ""tp_mult_lr"": 11.6, ""tp_mult_sm"": 4.6, ""tp_mult_sr"": 4.6, ""trail_mult"": 3.8000000000000003, ""trail_tp"": true, ""use_trailing"": true}",{},
585,-1000000000.0,TrialState.COMPLETE,2026-04-01T02:18:20.609751,2026-04-01T02:18:23.090671,2.48092,"{""atr_window"": 13, ""bb_std_dev"": 2.4, ""bb_window"": 14, ""cooldown"": 2, ""macd_fast"": 20, ""macd_k"": 1.75, ""macd_k_mid"": 0.95, ""macd_signal"": 8, ""macd_slow"": 35, ""macd_std_window"": 87, ""rebalance_freq"": 90, ""rebounce_block"": 2, ""sl_mult_lm"": 1.8, ""sl_mult_lr"": 2.9, ""sl_mult_sm"": 1.75, ""sl_mult_sr"": 2.6, ""time_stop"": 8, ""tp_mult_lm"": 4.6, ""tp_mult_lr"": 16.4, ""tp_mult_sm"": 4.7, ""tp_mult_sr"": 4.7, ""trail_mult"": 3.6, ""trail_tp"": false, ""use_trailing"": true}",{},
586,-1000000000.0,TrialState.COMPLETE,2026-04-01T02:18:23.117630,2026-04-01T02:18:23.151615,0.033985,"{""atr_window"": 18, ""bb_std_dev"": 1.9, ""bb_window"": 16, ""cooldown"": 1, ""macd_fast"": 16, ""macd_k"": 1.55, ""macd_k_mid"": 0.75, ""macd_signal"": 5, ""macd_slow"": 39, ""macd_std_window"": 97, ""rebalance_freq"": 180, ""rebounce_block"": 5, ""sl_mult_lm"": 1.2, ""sl_mult_lr"": 2.6, ""sl_mult_sm"": 1.05, ""sl_mult_sr"": 2.1, ""time_stop"": 16, ""tp_mult_lm"": 5.2, ""tp_mult_lr"": 9.6, ""tp_mult_sm"": 6.300000000000001, ""tp_mult_sr"": 6.1, ""trail_mult"": 2.2, ""trail_tp"": true, ""use_trailing"": false}",{},
587,-1000000000.0,TrialState.COMPLETE,2026-04-01T02:18:23.182204,2026-04-01T02:18:25.758147,2.575943,"{""atr_window"": 16, ""bb_std_dev"": 2.45, ""bb_window"": 19, ""cooldown"": 4, ""macd_fast"": 15, ""macd_k"": 1.9, ""macd_k_mid"": 0.6, ""macd_signal"": 6, ""macd_slow"": 37, ""macd_std_window"": 70, ""rebalance_freq"": 120, ""rebounce_block"": 2, ""sl_mult_lm"": 1.65, ""sl_mult_lr"": 3.2, ""sl_mult_sm"": 1.0, ""sl_mult_sr"": 2.0, ""time_stop"": 3, ""tp_mult_lm"": 3.8, ""tp_mult_lr"": 12.0, ""tp_mult_sm"": 3.4, ""tp_mult_sr"": 5.800000000000001, ""trail_mult"": 1.9, ""trail_tp"": false, ""use_trailing"": true}",{},
588,-1000000000.0,TrialState.COMPLETE,2026-04-01T02:18:25.783820,2026-04-01T02:18:25.815661,0.031841,"{""atr_window"": 14, ""bb_std_dev"": 2.25, ""bb_window"": 15, ""cooldown"": 5, ""macd_fast"": 10, ""macd_k"": 1.1, ""macd_k_mid"": 0.55, ""macd_signal"": 9, ""macd_slow"": 38, ""macd_std_window"": 80, ""rebalance_freq"": 150, ""rebounce_block"": 3, ""sl_mult_lm"": 1.25, ""sl_mult_lr"": 2.3, ""sl_mult_sm"": 1.9, ""sl_mult_sr"": 1.8, ""time_stop"": 19, ""tp_mult_lm"": 5.1, ""tp_mult_lr"": 14.2, ""tp_mult_sm"": 6.0, ""tp_mult_sr"": 6.9, ""trail_mult"": 3.7, ""trail_tp"": true, ""use_trailing"": true}",{},
589,-1000000000.0,TrialState.COMPLETE,2026-04-01T02:18:25.850410,2026-04-01T02:18:25.882062,0.031652,"{""atr_window"": 18, ""bb_std_dev"": 1.95, ""bb_window"": 21, ""cooldown"": 3, ""macd_fast"": 17, ""macd_k"": 1.2, ""macd_k_mid"": 0.6, ""macd_signal"": 8, ""macd_slow"": 41, ""macd_std_window"": 81, ""rebalance_freq"": 30, ""rebounce_block"": 6, ""sl_mult_lm"": 1.75, ""sl_mult_lr"": 4.4, ""sl_mult_sm"": 1.45, ""sl_mult_sr"": 1.6, ""time_stop"": 23, ""tp_mult_lm"": 5.3, ""tp_mult_lr"": 9.8, ""tp_mult_sm"": 3.0, ""tp_mult_sr"": 6.7, ""trail_mult"": 3.9000000000000004, ""trail_tp"": false, ""use_trailing"": true}",{},
