number,value,state,datetime_start,datetime_complete,duration_seconds,params_json,fold_sharpes_json,avg_cv_sharpe
173,-1000000000.0,TrialState.COMPLETE,2026-04-01T02:13:05.642654,2026-04-01T02:13:05.663218,0.020564,"{""atr_window"": 17, ""bb_std_dev"": 2.2, ""bb_window"": 25, ""cooldown"": 0, ""macd_fast"": 12, ""macd_k"": 1.8, ""macd_k_mid"": 0.5, ""macd_signal"": 9, ""macd_slow"": 44, ""macd_std_window"": 99, ""rebalance_freq"": 90, ""rebounce_block"": 1, ""sl_mult_lm"": 1.4, ""sl_mult_lr"": 4.4, ""sl_mult_sm"": 1.8, ""sl_mult_sr"": 1.5, ""time_stop"": 17, ""tp_mult_lm"": 4.6, ""tp_mult_lr"": 9.8, ""tp_mult_sm"": 4.1, ""tp_mult_sr"": 4.3, ""trail_mult"": 3.3, ""trail_tp"": true, ""use_trailing"": true}",{},
174,-1000000000.0,TrialState.COMPLETE,2026-04-01T02:13:05.701732,2026-04-01T02:13:05.722143,0.020411,"{""atr_window"": 18, ""bb_std_dev"": 2.15, ""bb_window"": 24, ""cooldown"": 0, ""macd_fast"": 13, ""macd_k"": 1.7000000000000002, ""macd_k_mid"": 0.55, ""macd_signal"": 9, ""macd_slow"": 44, ""macd_std_window"": 85, ""rebalance_freq"": 60, ""rebounce_block"": 0, ""sl_mult_lm"": 1.55, ""sl_mult_lr"": 2.7, ""sl_mult_sm"": 1.85, ""sl_mult_sr"": 2.2, ""time_stop"": 17, ""tp_mult_lm"": 4.4, ""tp_mult_lr"": 9.0, ""tp_mult_sm"": 4.8, ""tp_mult_sr"": 4.8, ""trail_mult"": 3.2, ""trail_tp"": true, ""use_trailing"": true}",{},
175,-1000000000.0,TrialState.COMPLETE,2026-04-01T02:13:05.757159,2026-04-01T02:13:05.777617,0.020458,"{""atr_window"": 19, ""bb_std_dev"": 2.25, ""bb_window"": 22, ""cooldown"": 0, ""macd_fast"": 11, ""macd_k"": 1.2, ""macd_k_mid"": 0.5, ""macd_signal"": 9, ""macd_slow"": 42, ""macd_std_window"": 74, ""rebalance_freq"": 120, ""rebounce_block"": 2, ""sl_mult_lm"": 1.75, ""sl_mult_lr"": 2.9, ""sl_mult_sm"": 1.7000000000000002, ""sl_mult_sr"": 2.1, ""time_stop"": 16, ""tp_mult_lm"": 5.6, ""tp_mult_lr"": 15.2, ""tp_mult_sm"": 3.8, ""tp_mult_sr"": 4.6, ""trail_mult"": 3.0, ""trail_tp"": true, ""use_trailing"": false}",{},
176,-1000000000.0,TrialState.COMPLETE,2026-04-01T02:13:05.805400,2026-04-01T02:13:08.610501,2.805101,"{""atr_window"": 14, ""bb_std_dev"": 2.2, ""bb_window"": 24, ""cooldown"": 5, ""macd_fast"": 20, ""macd_k"": 1.6, ""macd_k_mid"": 0.6, ""macd_signal"": 8, ""macd_slow"": 39, ""macd_std_window"": 98, ""rebalance_freq"": 180, ""rebounce_block"": 1, ""sl_mult_lm"": 1.0, ""sl_mult_lr"": 2.8, ""sl_mult_sm"": 1.75, ""sl_mult_sr"": 2.2, ""time_stop"": 11, ""tp_mult_lm"": 5.0, ""tp_mult_lr"": 10.6, ""tp_mult_sm"": 6.5, ""tp_mult_sr"": 4.9, ""trail_mult"": 3.1, ""trail_tp"": true, ""use_trailing"": true}",{},
177,-1000000000.0,TrialState.COMPLETE,2026-04-01T02:13:08.667657,2026-04-01T02:13:08.687215,0.019558,"{""atr_window"": 20, ""bb_std_dev"": 2.35, ""bb_window"": 15, ""cooldown"": 1, ""macd_fast"": 12, ""macd_k"": 1.45, ""macd_k_mid"": 0.7, ""macd_signal"": 9, ""macd_slow"": 43, ""macd_std_window"": 92, ""rebalance_freq"": 120, ""rebounce_block"": 2, ""sl_mult_lm"": 1.35, ""sl_mult_lr"": 3.2, ""sl_mult_sm"": 1.55, ""sl_mult_sr"": 3.3, ""time_stop"": 16, ""tp_mult_lm"": 6.0, ""tp_mult_lr"": 12.600000000000001, ""tp_mult_sm"": 3.7, ""tp_mult_sr"": 7.0, ""trail_mult"": 1.8, ""trail_tp"": false, ""use_trailing"": true}",{},
178,-1000000000.0,TrialState.COMPLETE,2026-04-01T02:13:08.719519,2026-04-01T02:13:08.738995,0.019476,"{""atr_window"": 16, ""bb_std_dev"": 2.5, ""bb_window"": 16, ""cooldown"": 0, ""macd_fast"": 14, ""macd_k"": 1.1, ""macd_k_mid"": 0.55, ""macd_signal"": 5, ""macd_slow"": 40, ""macd_std_window"": 97, ""rebalance_freq"": 90, ""rebounce_block"": 6, ""sl_mult_lm"": 1.65, ""sl_mult_lr"": 3.1, ""sl_mult_sm"": 1.4, ""sl_mult_sr"": 1.9, ""time_stop"": 19, ""tp_mult_lm"": 5.4, ""tp_mult_lr"": 13.0, ""tp_mult_sm"": 4.2, ""tp_mult_sr"": 4.4, ""trail_mult"": 2.2, ""trail_tp"": true, ""use_trailing"": false}",{},
179,-1000000000.0,TrialState.COMPLETE,2026-04-01T02:13:08.767287,2026-04-01T02:13:08.786873,0.019586,"{""atr_window"": 13, ""bb_std_dev"": 2.45, ""bb_window"": 14, ""cooldown"": 2, ""macd_fast"": 13, ""macd_k"": 1.65, ""macd_k_mid"": 0.65, ""macd_signal"": 7, ""macd_slow"": 43, ""macd_std_window"": 70, ""rebalance_freq"": 150, ""rebounce_block"": 3, ""sl_mult_lm"": 1.45, ""sl_mult_lr"": 2.4, ""sl_mult_sm"": 1.85, ""sl_mult_sr"": 2.7, ""time_stop"": 18, ""tp_mult_lm"": 4.7, ""tp_mult_lr"": 9.6, ""tp_mult_sm"": 4.5, ""tp_mult_sr"": 6.5, ""trail_mult"": 2.1, ""trail_tp"": false, ""use_trailing"": true}",{},
180,-1000000000.0,TrialState.COMPLETE,2026-04-01T02:13:08.827325,2026-04-01T02:13:11.506792,2.679467,"{""atr_window"": 16, ""bb_std_dev"": 1.5, ""bb_window"": 23, ""cooldown"": 3, ""macd_fast"": 18, ""macd_k"": 1.7000000000000002, ""macd_k_mid"": 0.5, ""macd_signal"": 8, ""macd_slow"": 36, ""macd_std_window"": 96, ""rebalance_freq"": 30, ""rebounce_block"": 3, ""sl_mult_lm"": 1.85, ""sl_mult_lr"": 2.2, ""sl_mult_sm"": 1.6, ""sl_mult_sr"": 2.0, ""time_stop"": 23, ""tp_mult_lm"": 5.3, ""tp_mult_lr"": 11.6, ""tp_mult_sm"": 6.9, ""tp_mult_sr"": 5.2, ""trail_mult"": 2.0, ""trail_tp"": true, ""use_trailing"": true}",{},
181,-1000000000.0,TrialState.COMPLETE,2026-04-01T02:13:11.535968,2026-04-01T02:13:11.556653,0.020685,"{""atr_window"": 12, ""bb_std_dev"": 2.5, ""bb_window"": 19, ""cooldown"": 3, ""macd_fast"": 14, ""macd_k"": 1.2, ""macd_k_mid"": 0.7, ""macd_signal"": 10, ""macd_slow"": 37, ""macd_std_window"": 76, ""rebalance_freq"": 150, ""rebounce_block"": 5, ""sl_mult_lm"": 2.1, ""sl_mult_lr"": 2.0, ""sl_mult_sm"": 1.8, ""sl_mult_sr"": 1.5, ""time_stop"": 8, ""tp_mult_lm"": 5.800000000000001, ""tp_mult_lr"": 16.4, ""tp_mult_sm"": 5.9, ""tp_mult_sr"": 3.1, ""trail_mult"": 3.6, ""trail_tp"": false, ""use_trailing"": true}",{},
182,-1000000000.0,TrialState.COMPLETE,2026-04-01T02:13:11.588090,2026-04-01T02:13:14.358742,2.770652,"{""atr_window"": 13, ""bb_std_dev"": 2.45, ""bb_window"": 16, ""cooldown"": 3, ""macd_fast"": 14, ""macd_k"": 2.0, ""macd_k_mid"": 0.7, ""macd_signal"": 10, ""macd_slow"": 35, ""macd_std_window"": 75, ""rebalance_freq"": 150, ""rebounce_block"": 5, ""sl_mult_lm"": 1.15, ""sl_mult_lr"": 2.1, ""sl_mult_sm"": 1.5, ""sl_mult_sr"": 1.6, ""time_stop"": 6, ""tp_mult_lm"": 5.6, ""tp_mult_lr"": 12.0, ""tp_mult_sm"": 6.1, ""tp_mult_sr"": 3.5, ""trail_mult"": 3.6, ""trail_tp"": false, ""use_trailing"": true}",{},
183,-1000000000.0,TrialState.COMPLETE,2026-04-01T02:13:14.388757,2026-04-01T02:13:17.462441,3.073684,"{""atr_window"": 11, ""bb_std_dev"": 2.5, ""bb_window"": 16, ""cooldown"": 3, ""macd_fast"": 16, ""macd_k"": 1.15, ""macd_k_mid"": 0.8, ""macd_signal"": 10, ""macd_slow"": 35, ""macd_std_window"": 73, ""rebalance_freq"": 150, ""rebounce_block"": 5, ""sl_mult_lm"": 1.2, ""sl_mult_lr"": 2.0, ""sl_mult_sm"": 1.55, ""sl_mult_sr"": 1.6, ""time_stop"": 5, ""tp_mult_lm"": 5.5, ""tp_mult_lr"": 11.0, ""tp_mult_sm"": 5.800000000000001, ""tp_mult_sr"": 3.8, ""trail_mult"": 3.7, ""trail_tp"": false, ""use_trailing"": true}",{},
184,-1000000000.0,TrialState.COMPLETE,2026-04-01T02:13:17.492141,2026-04-01T02:13:19.968947,2.476806,"{""atr_window"": 12, ""bb_std_dev"": 2.4, ""bb_window"": 14, ""cooldown"": 4, ""macd_fast"": 15, ""macd_k"": 1.15, ""macd_k_mid"": 0.65, ""macd_signal"": 10, ""macd_slow"": 35, ""macd_std_window"": 93, ""rebalance_freq"": 150, ""rebounce_block"": 5, ""sl_mult_lm"": 2.0, ""sl_mult_lr"": 2.2, ""sl_mult_sm"": 1.9500000000000002, ""sl_mult_sr"": 1.5, ""time_stop"": 4, ""tp_mult_lm"": 5.5, ""tp_mult_lr"": 12.2, ""tp_mult_sm"": 3.5, ""tp_mult_sr"": 3.7, ""trail_mult"": 3.2, ""trail_tp"": false, ""use_trailing"": true}",{},
185,-1000000000.0,TrialState.COMPLETE,2026-04-01T02:13:19.997644,2026-04-01T02:13:20.017802,0.020158,"{""atr_window"": 20, ""bb_std_dev"": 2.25, ""bb_window"": 17, ""cooldown"": 3, ""macd_fast"": 14, ""macd_k"": 1.0, ""macd_k_mid"": 0.7, ""macd_signal"": 10, ""macd_slow"": 40, ""macd_std_window"": 77, ""rebalance_freq"": 150, ""rebounce_block"": 6, ""sl_mult_lm"": 1.3, ""sl_mult_lr"": 4.1, ""sl_mult_sm"": 1.65, ""sl_mult_sr"": 1.7, ""time_stop"": 7, ""tp_mult_lm"": 4.0, ""tp_mult_lr"": 10.2, ""tp_mult_sm"": 6.7, ""tp_mult_sr"": 3.9, ""trail_mult"": 2.6, ""trail_tp"": false, ""use_trailing"": false}",{},
186,-1000000000.0,TrialState.COMPLETE,2026-04-01T02:13:20.061632,2026-04-01T02:13:20.082554,0.020922,"{""atr_window"": 11, ""bb_std_dev"": 1.65, ""bb_window"": 15, ""cooldown"": 4, ""macd_fast"": 12, ""macd_k"": 1.05, ""macd_k_mid"": 0.75, ""macd_signal"": 6, ""macd_slow"": 41, ""macd_std_window"": 86, ""rebalance_freq"": 180, ""rebounce_block"": 4, ""sl_mult_lm"": 1.1, ""sl_mult_lr"": 3.9000000000000004, ""sl_mult_sm"": 2.0, ""sl_mult_sr"": 2.3, ""time_stop"": 3, ""tp_mult_lm"": 5.7, ""tp_mult_lr"": 12.4, ""tp_mult_sm"": 5.7, ""tp_mult_sr"": 3.6, ""trail_mult"": 3.4000000000000004, ""trail_tp"": false, ""use_trailing"": true}",{},
187,-1000000000.0,TrialState.COMPLETE,2026-04-01T02:13:20.112339,2026-04-01T02:13:22.666972,2.554633,"{""atr_window"": 17, ""bb_std_dev"": 2.45, ""bb_window"": 16, ""cooldown"": 2, ""macd_fast"": 17, ""macd_k"": 1.35, ""macd_k_mid"": 0.6, ""macd_signal"": 9, ""macd_slow"": 37, ""macd_std_window"": 83, ""rebalance_freq"": 120, ""rebounce_block"": 5, ""sl_mult_lm"": 1.15, ""sl_mult_lr"": 3.0, ""sl_mult_sm"": 1.45, ""sl_mult_sr"": 1.5, ""time_stop"": 0, ""tp_mult_lm"": 4.9, ""tp_mult_lr"": 12.0, ""tp_mult_sm"": 4.1, ""tp_mult_sr"": 3.0, ""trail_mult"": 3.8000000000000003, ""trail_tp"": true, ""use_trailing"": true}",{},
188,-1000000000.0,TrialState.COMPLETE,2026-04-01T02:13:22.697024,2026-04-01T02:13:22.726537,0.029513,"{""atr_window"": 18, ""bb_std_dev"": 1.7, ""bb_window"": 14, ""cooldown"": 3, ""macd_fast"": 20, ""macd_k"": 1.1, ""macd_k_mid"": 0.55, ""macd_signal"": 8, ""macd_slow"": 44, ""macd_std_window"": 72, ""rebalance_freq"": 150, ""rebounce_block"": 6, ""sl_mult_lm"": 1.1, ""sl_mult_lr"": 2.0, ""sl_mult_sm"": 1.55, ""sl_mult_sr"": 2.1, ""time_stop"": 21, ""tp_mult_lm"": 5.2, ""tp_mult_lr"": 8.6, ""tp_mult_sm"": 6.0, ""tp_mult_sr"": 6.1, ""trail_mult"": 3.7, ""trail_tp"": false, ""use_trailing"": true}",{},
189,-1000000000.0,TrialState.COMPLETE,2026-04-01T02:13:22.755249,2026-04-01T02:13:22.775450,0.020201,"{""atr_window"": 12, ""bb_std_dev"": 1.5499999999999998, ""bb_window"": 16, ""cooldown"": 1, ""macd_fast"": 13, ""macd_k"": 1.85, ""macd_k_mid"": 0.75, ""macd_signal"": 10, ""macd_slow"": 36, ""macd_std_window"": 74, ""rebalance_freq"": 120, ""rebounce_block"": 0, ""sl_mult_lm"": 1.0, ""sl_mult_lr"": 2.7, ""sl_mult_sm"": 1.5, ""sl_mult_sr"": 3.0, ""time_stop"": 20, ""tp_mult_lm"": 5.6, ""tp_mult_lr"": 13.2, ""tp_mult_sm"": 3.4, ""tp_mult_sr"": 3.3, ""trail_mult"": 3.9000000000000004, ""trail_tp"": true, ""use_trailing"": false}",{},
190,-1000000000.0,TrialState.COMPLETE,2026-04-01T02:13:22.804908,2026-04-01T02:13:22.826705,0.021797,"{""atr_window"": 15, ""bb_std_dev"": 2.3, ""bb_window"": 20, ""cooldown"": 0, ""macd_fast"": 10, ""macd_k"": 1.9500000000000002, ""macd_k_mid"": 0.7, ""macd_signal"": 8, ""macd_slow"": 35, ""macd_std_window"": 89, ""rebalance_freq"": 30, ""rebounce_block"": 2, ""sl_mult_lm"": 1.35, ""sl_mult_lr"": 2.1, ""sl_mult_sm"": 1.05, ""sl_mult_sr"": 2.2, ""time_stop"": 15, ""tp_mult_lm"": 5.4, ""tp_mult_lr"": 11.2, ""tp_mult_sm"": 6.300000000000001, ""tp_mult_sr"": 6.4, ""trail_mult"": 1.6, ""trail_tp"": false, ""use_trailing"": true}",{},
191,-1000000000.0,TrialState.COMPLETE,2026-04-01T02:13:22.856893,2026-04-01T02:13:22.881486,0.024593,"{""atr_window"": 15, ""bb_std_dev"": 2.0, ""bb_window"": 18, ""cooldown"": 2, ""macd_fast"": 12, ""macd_k"": 1.45, ""macd_k_mid"": 0.55, ""macd_signal"": 7, ""macd_slow"": 38, ""macd_std_window"": 88, ""rebalance_freq"": 150, ""rebounce_block"": 3, ""sl_mult_lm"": 1.4, ""sl_mult_lr"": 3.5, ""sl_mult_sm"": 1.9, ""sl_mult_sr"": 2.9000000000000004, ""time_stop"": 9, ""tp_mult_lm"": 5.0, ""tp_mult_lr"": 14.4, ""tp_mult_sm"": 7.0, ""tp_mult_sr"": 5.7, ""trail_mult"": 2.7, ""trail_tp"": false, ""use_trailing"": false}",{},
192,-1000000000.0,TrialState.COMPLETE,2026-04-01T02:13:22.910540,2026-04-01T02:13:22.930775,0.020235,"{""atr_window"": 15, ""bb_std_dev"": 1.75, ""bb_window"": 17, ""cooldown"": 2, ""macd_fast"": 12, ""macd_k"": 1.4, ""macd_k_mid"": 0.55, ""macd_signal"": 7, ""macd_slow"": 38, ""macd_std_window"": 88, ""rebalance_freq"": 150, ""rebounce_block"": 3, ""sl_mult_lm"": 1.5, ""sl_mult_lr"": 4.0, ""sl_mult_sm"": 1.8, ""sl_mult_sr"": 3.1, ""time_stop"": 18, ""tp_mult_lm"": 5.0, ""tp_mult_lr"": 13.8, ""tp_mult_sm"": 6.800000000000001, ""tp_mult_sr"": 5.300000000000001, ""trail_mult"": 2.6, ""trail_tp"": false, ""use_trailing"": false}",{},
193,-1000000000.0,TrialState.COMPLETE,2026-04-01T02:13:22.971670,2026-04-01T02:13:22.992061,0.020391,"{""atr_window"": 14, ""bb_std_dev"": 2.05, ""bb_window"": 18, ""cooldown"": 2, ""macd_fast"": 12, ""macd_k"": 1.4, ""macd_k_mid"": 0.5, ""macd_signal"": 7, ""macd_slow"": 39, ""macd_std_window"": 71, ""rebalance_freq"": 150, ""rebounce_block"": 3, ""sl_mult_lm"": 1.9500000000000002, ""sl_mult_lr"": 3.7, ""sl_mult_sm"": 1.85, ""sl_mult_sr"": 2.5, ""time_stop"": 22, ""tp_mult_lm"": 5.1, ""tp_mult_lr"": 15.600000000000001, ""tp_mult_sm"": 7.0, ""tp_mult_sr"": 5.5, ""trail_mult"": 2.8, ""trail_tp"": false, ""use_trailing"": false}",{},
194,-1000000000.0,TrialState.COMPLETE,2026-04-01T02:13:23.023105,2026-04-01T02:13:23.046266,0.023161,"{""atr_window"": 16, ""bb_std_dev"": 1.9, ""bb_window"": 19, ""cooldown"": 2, ""macd_fast"": 11, ""macd_k"": 1.5, ""macd_k_mid"": 0.6, ""macd_signal"": 7, ""macd_slow"": 39, ""macd_std_window"": 80, ""rebalance_freq"": 150, ""rebounce_block"": 3, ""sl_mult_lm"": 1.4, ""sl_mult_lr"": 2.5, ""sl_mult_sm"": 1.8, ""sl_mult_sr"": 2.8, ""time_stop"": 21, ""tp_mult_lm"": 4.8, ""tp_mult_lr"": 14.600000000000001, ""tp_mult_sm"": 6.800000000000001, ""tp_mult_sr"": 5.4, ""trail_mult"": 3.3, ""trail_tp"": false, ""use_trailing"": false}",{},
195,-1000000000.0,TrialState.COMPLETE,2026-04-01T02:13:23.074080,2026-04-01T02:13:23.097576,0.023496,"{""atr_window"": 13, ""bb_std_dev"": 2.15, ""bb_window"": 21, ""cooldown"": 2, ""macd_fast"": 13, ""macd_k"": 1.5, ""macd_k_mid"": 0.55, ""macd_signal"": 9, ""macd_slow"": 37, ""macd_std_window"": 87, ""rebalance_freq"": 150, ""rebounce_block"": 3, ""sl_mult_lm"": 1.7000000000000002, ""sl_mult_lr"": 3.3, ""sl_mult_sm"": 1.9, ""sl_mult_sr"": 2.6, ""time_stop"": 19, ""tp_mult_lm"": 5.1, ""tp_mult_lr"": 11.6, ""tp_mult_sm"": 5.0, ""tp_mult_sr"": 4.0, ""trail_mult"": 1.7, ""trail_tp"": true, ""use_trailing"": false}",{},
196,-1000000000.0,TrialState.COMPLETE,2026-04-01T02:13:23.126222,2026-04-01T02:13:25.521613,2.395391,"{""atr_window"": 15, ""bb_std_dev"": 1.95, ""bb_window"": 14, ""cooldown"": 1, ""macd_fast"": 14, ""macd_k"": 1.75, ""macd_k_mid"": 0.9, ""macd_signal"": 7, ""macd_slow"": 36, ""macd_std_window"": 89, ""rebalance_freq"": 180, ""rebounce_block"": 4, ""sl_mult_lm"": 1.05, ""sl_mult_lr"": 4.7, ""sl_mult_sm"": 1.75, ""sl_mult_sr"": 2.7, ""time_stop"": 20, ""tp_mult_lm"": 5.800000000000001, ""tp_mult_lr"": 14.0, ""tp_mult_sm"": 3.9, ""tp_mult_sr"": 5.6, ""trail_mult"": 3.1, ""trail_tp"": false, ""use_trailing"": true}",{},
197,-1000000000.0,TrialState.COMPLETE,2026-04-01T02:13:25.549466,2026-04-01T02:13:25.570153,0.020687,"{""atr_window"": 20, ""bb_std_dev"": 2.0, ""bb_window"": 17, ""cooldown"": 5, ""macd_fast"": 12, ""macd_k"": 1.65, ""macd_k_mid"": 0.8500000000000001, ""macd_signal"": 7, ""macd_slow"": 37, ""macd_std_window"": 94, ""rebalance_freq"": 180, ""rebounce_block"": 5, ""sl_mult_lm"": 1.45, ""sl_mult_lr"": 3.8, ""sl_mult_sm"": 1.3, ""sl_mult_sr"": 3.2, ""time_stop"": 14, ""tp_mult_lm"": 5.9, ""tp_mult_lr"": 9.4, ""tp_mult_sm"": 6.9, ""tp_mult_sr"": 6.800000000000001, ""trail_mult"": 2.7, ""trail_tp"": true, ""use_trailing"": true}",{},
198,-1000000000.0,TrialState.COMPLETE,2026-04-01T02:13:25.597467,2026-04-01T02:13:28.067592,2.470125,"{""atr_window"": 18, ""bb_std_dev"": 1.5999999999999999, ""bb_window"": 25, ""cooldown"": 2, ""macd_fast"": 19, ""macd_k"": 1.9, ""macd_k_mid"": 0.5, ""macd_signal"": 6, ""macd_slow"": 38, ""macd_std_window"": 90, ""rebalance_freq"": 60, ""rebounce_block"": 3, ""sl_mult_lm"": 2.1500000000000004, ""sl_mult_lr"": 4.1, ""sl_mult_sm"": 1.85, ""sl_mult_sr"": 1.6, ""time_stop"": 10, ""tp_mult_lm"": 5.2, ""tp_mult_lr"": 14.600000000000001, ""tp_mult_sm"": 4.4, ""tp_mult_sr"": 5.800000000000001, ""trail_mult"": 2.8, ""trail_tp"": false, ""use_trailing"": false}",{},
199,-1000000000.0,TrialState.COMPLETE,2026-04-01T02:13:28.095570,2026-04-01T02:13:28.116474,0.020904,"{""atr_window"": 19, ""bb_std_dev"": 2.2, ""bb_window"": 15, ""cooldown"": 0, ""macd_fast"": 16, ""macd_k"": 1.45, ""macd_k_mid"": 0.55, ""macd_signal"": 5, ""macd_slow"": 39, ""macd_std_window"": 84, ""rebalance_freq"": 150, ""rebounce_block"": 6, ""sl_mult_lm"": 1.3, ""sl_mult_lr"": 4.800000000000001, ""sl_mult_sm"": 1.7000000000000002, ""sl_mult_sr"": 1.8, ""time_stop"": 17, ""tp_mult_lm"": 5.7, ""tp_mult_lr"": 10.8, ""tp_mult_sm"": 3.0, ""tp_mult_sr"": 3.6, ""trail_mult"": 2.3, ""trail_tp"": true, ""use_trailing"": true}",{},
200,-1000000000.0,TrialState.COMPLETE,2026-04-01T02:13:28.145143,2026-04-01T02:13:28.165787,0.020644,"{""atr_window"": 10, ""bb_std_dev"": 2.4, ""bb_window"": 17, ""cooldown"": 1, ""macd_fast"": 15, ""macd_k"": 1.45, ""macd_k_mid"": 0.6, ""macd_signal"": 10, ""macd_slow"": 40, ""macd_std_window"": 70, ""rebalance_freq"": 120, ""rebounce_block"": 1, ""sl_mult_lm"": 1.55, ""sl_mult_lr"": 2.3, ""sl_mult_sm"": 1.6, ""sl_mult_sr"": 2.0, ""time_stop"": 8, ""tp_mult_lm"": 4.9, ""tp_mult_lr"": 15.0, ""tp_mult_sm"": 6.2, ""tp_mult_sr"": 4.2, ""trail_mult"": 3.2, ""trail_tp"": false, ""use_trailing"": true}",{},
201,-1000000000.0,TrialState.COMPLETE,2026-04-01T02:13:28.194964,2026-04-01T02:13:28.215316,0.020352,"{""atr_window"": 16, ""bb_std_dev"": 2.35, ""bb_window"": 14, ""cooldown"": 1, ""macd_fast"": 17, ""macd_k"": 1.55, ""macd_k_mid"": 0.65, ""macd_signal"": 8, ""macd_slow"": 41, ""macd_std_window"": 81, ""rebalance_freq"": 90, ""rebounce_block"": 0, ""sl_mult_lm"": 1.8, ""sl_mult_lr"": 4.2, ""sl_mult_sm"": 1.65, ""sl_mult_sr"": 2.4, ""time_stop"": 13, ""tp_mult_lm"": 4.1, ""tp_mult_lr"": 10.0, ""tp_mult_sm"": 5.2, ""tp_mult_sr"": 4.5, ""trail_mult"": 1.5, ""trail_tp"": true, ""use_trailing"": true}",{},
202,-1000000000.0,TrialState.COMPLETE,2026-04-01T02:13:28.245688,2026-04-01T02:13:28.280551,0.034863,"{""atr_window"": 18, ""bb_std_dev"": 2.3, ""bb_window"": 16, ""cooldown"": 1, ""macd_fast"": 14, ""macd_k"": 1.55, ""macd_k_mid"": 0.65, ""macd_signal"": 8, ""macd_slow"": 42, ""macd_std_window"": 100, ""rebalance_freq"": 90, ""rebounce_block"": 1, ""sl_mult_lm"": 1.8, ""sl_mult_lr"": 2.4, ""sl_mult_sm"": 1.75, ""sl_mult_sr"": 2.2, ""time_stop"": 30, ""tp_mult_lm"": 3.7, ""tp_mult_lr"": 9.8, ""tp_mult_sm"": 5.6, ""tp_mult_sr"": 4.6, ""trail_mult"": 1.5, ""trail_tp"": true, ""use_trailing"": true}",{},
203,-1000000000.0,TrialState.COMPLETE,2026-04-01T02:13:28.310140,2026-04-01T02:13:28.330982,0.020842,"{""atr_window"": 17, ""bb_std_dev"": 1.8499999999999999, ""bb_window"": 15, ""cooldown"": 1, ""macd_fast"": 15, ""macd_k"": 1.5, ""macd_k_mid"": 0.7, ""macd_signal"": 8, ""macd_slow"": 40, ""macd_std_window"": 81, ""rebalance_freq"": 90, ""rebounce_block"": 2, ""sl_mult_lm"": 1.7000000000000002, ""sl_mult_lr"": 2.5, ""sl_mult_sm"": 1.7000000000000002, ""sl_mult_sr"": 2.1, ""time_stop"": 12, ""tp_mult_lm"": 4.3, ""tp_mult_lr"": 9.6, ""tp_mult_sm"": 5.300000000000001, ""tp_mult_sr"": 5.0, ""trail_mult"": 2.1, ""trail_tp"": true, ""use_trailing"": true}",{},
204,-1000000000.0,TrialState.COMPLETE,2026-04-01T02:13:28.369516,2026-04-01T02:13:28.390345,0.020829,"{""atr_window"": 16, ""bb_std_dev"": 1.45, ""bb_window"": 14, ""cooldown"": 3, ""macd_fast"": 11, ""macd_k"": 1.6, ""macd_k_mid"": 1.0, ""macd_signal"": 8, ""macd_slow"": 41, ""macd_std_window"": 82, ""rebalance_freq"": 90, ""rebounce_block"": 0, ""sl_mult_lm"": 1.75, ""sl_mult_lr"": 2.6, ""sl_mult_sm"": 1.0, ""sl_mult_sr"": 2.3, ""time_stop"": 29, ""tp_mult_lm"": 4.3, ""tp_mult_lr"": 10.2, ""tp_mult_sm"": 4.0, ""tp_mult_sr"": 4.8, ""trail_mult"": 1.9, ""trail_tp"": true, ""use_trailing"": true}",{},
205,-1000000000.0,TrialState.COMPLETE,2026-04-01T02:13:28.419846,2026-04-01T02:13:28.440182,0.020336,"{""atr_window"": 19, ""bb_std_dev"": 2.5, ""bb_window"": 15, ""cooldown"": 1, ""macd_fast"": 16, ""macd_k"": 1.55, ""macd_k_mid"": 0.95, ""macd_signal"": 9, ""macd_slow"": 42, ""macd_std_window"": 83, ""rebalance_freq"": 90, ""rebounce_block"": 1, ""sl_mult_lm"": 1.6, ""sl_mult_lr"": 2.4, ""sl_mult_sm"": 1.65, ""sl_mult_sr"": 2.5, ""time_stop"": 27, ""tp_mult_lm"": 3.8, ""tp_mult_lr"": 10.6, ""tp_mult_sm"": 5.5, ""tp_mult_sr"": 4.7, ""trail_mult"": 3.8000000000000003, ""trail_tp"": true, ""use_trailing"": false}",{},
206,-1000000000.0,TrialState.COMPLETE,2026-04-01T02:13:28.468837,2026-04-01T02:13:28.489017,0.02018,"{""atr_window"": 15, ""bb_std_dev"": 2.4, ""bb_window"": 20, ""cooldown"": 2, ""macd_fast"": 13, ""macd_k"": 1.6, ""macd_k_mid"": 0.55, ""macd_signal"": 8, ""macd_slow"": 44, ""macd_std_window"": 85, ""rebalance_freq"": 30, ""rebounce_block"": 2, ""sl_mult_lm"": 1.75, ""sl_mult_lr"": 4.9, ""sl_mult_sm"": 1.9500000000000002, ""sl_mult_sr"": 1.5, ""time_stop"": 14, ""tp_mult_lm"": 4.2, ""tp_mult_lr"": 13.4, ""tp_mult_sm"": 4.9, ""tp_mult_sr"": 4.9, ""trail_mult"": 2.9000000000000004, ""trail_tp"": true, ""use_trailing"": true}",{},
