number,value,datetime_start,datetime_complete,duration,params_atr_window,params_bb_std_dev,params_bb_window,params_cooldown,params_macd_fast,params_macd_k,params_macd_k_mid,params_macd_signal,params_macd_slow,params_macd_std_window,params_rebalance_freq,params_rebounce_block,params_sl_mult_lm,params_sl_mult_lr,params_sl_mult_sm,params_sl_mult_sr,params_time_stop,params_tp_mult_lm,params_tp_mult_lr,params_tp_mult_sm,params_tp_mult_sr,params_trail_mult,params_trail_tp,params_use_trailing,user_attrs_allocations,user_attrs_deploy_avg_sharpe,user_attrs_deploy_total_sharpe,user_attrs_deploy_year_sharpes,user_attrs_score,user_attrs_selected_tickers,user_attrs_train_avg_sharpe,user_attrs_train_year_sharpes,state
2240,-1000000000.0,2026-04-01 05:26:27.258695,2026-04-01 05:26:29.708773,0 days 00:00:02.450078,15,2.0,24,0,19,1.0,0.6,9,37,98,90,4,1.3,2.3,1.45,1.5,14,4.8,16.200000000000003,3.0,4.7,3.2,False,True,,,,,,,,,COMPLETE
2241,-1000000000.0,2026-04-01 05:26:29.790342,2026-04-01 05:26:29.918656,0 days 00:00:00.128314,13,1.4,25,4,12,1.7000000000000002,0.5,10,42,87,180,5,1.0,2.6,1.6,2.2,28,3.5,12.8,4.1,5.300000000000001,3.7,True,True,,,,,,,,,COMPLETE
2242,-1000000000.0,2026-04-01 05:26:29.958616,2026-04-01 05:26:30.044227,0 days 00:00:00.085611,16,1.65,16,1,14,1.35,0.65,8,43,93,120,3,2.0,2.5,1.9,1.9,18,3.7,14.2,6.5,6.300000000000001,2.8,False,False,,,,,,,,,COMPLETE
2243,-1000000000.0,2026-04-01 05:26:30.082643,2026-04-01 05:26:30.163270,0 days 00:00:00.080627,20,1.7,23,3,20,1.25,0.8,9,44,89,150,2,1.75,3.0,1.85,1.6,19,5.7,11.6,4.8,3.5,1.5,True,True,,,,,,,,,COMPLETE
2244,-1000000000.0,2026-04-01 05:26:30.210095,2026-04-01 05:26:32.679966,0 days 00:00:02.469871,17,1.5999999999999999,17,1,17,1.45,0.55,8,36,90,180,5,1.05,2.8,1.15,2.0,20,3.9,13.8,5.300000000000001,6.7,2.0,False,True,,,,,,,,,COMPLETE
2245,-1000000000.0,2026-04-01 05:26:32.726086,2026-04-01 05:26:32.819523,0 days 00:00:00.093437,11,1.75,14,2,13,1.1,1.0,5,41,71,30,6,1.9,4.0,1.7000000000000002,2.1,0,4.2,12.4,4.3,4.9,3.8000000000000003,True,True,,,,,,,,,COMPLETE
2246,-1000000000.0,2026-04-01 05:26:32.858465,2026-04-01 05:26:32.942361,0 days 00:00:00.083896,18,2.5,18,4,11,1.6,0.6,6,35,88,150,5,2.05,4.9,1.85,2.8,27,5.3,15.600000000000001,7.0,5.800000000000001,1.9,False,False,,,,,,,,,COMPLETE
2247,-1000000000.0,2026-04-01 05:26:32.981286,2026-04-01 05:26:33.068631,0 days 00:00:00.087345,14,2.1,19,1,15,1.65,0.7,7,43,70,90,3,1.9500000000000002,3.5,1.75,3.2,13,5.5,11.8,6.7,3.3,2.1,True,True,,,,,,,,,COMPLETE
2248,-1000000000.0,2026-04-01 05:26:33.109060,2026-04-01 05:26:33.201070,0 days 00:00:00.092010,16,2.4,14,0,13,1.2,0.5,8,38,82,150,0,1.25,2.7,1.05,1.5,30,5.9,15.2,3.4,6.5,1.8,False,True,,,,,,,,,COMPLETE
2249,-1000000000.0,2026-04-01 05:26:33.243000,2026-04-01 05:26:33.327476,0 days 00:00:00.084476,19,2.25,22,2,18,1.15,0.95,9,44,75,120,4,1.55,2.0,1.0,2.4,11,5.800000000000001,11.4,3.7,6.1,3.1,True,False,,,,,,,,,COMPLETE
2250,-1000000000.0,2026-04-01 05:26:33.367703,2026-04-01 05:26:33.459324,0 days 00:00:00.091621,13,2.45,15,3,14,1.05,0.55,10,37,85,30,1,1.4,2.4,1.65,1.7,16,5.0,9.8,4.6,5.9,3.3,False,True,,,,,,,,,COMPLETE
2251,-1000000000.0,2026-04-01 05:26:33.506932,2026-04-01 05:26:33.601362,0 days 00:00:00.094430,15,2.15,20,5,12,1.4,0.55,8,43,81,180,6,2.0,3.8,1.8,2.5,15,4.9,9.2,4.5,3.6,1.7,True,True,,,,,,,,,COMPLETE
2252,-1000000000.0,2026-04-01 05:26:33.641399,2026-04-01 05:26:33.722398,0 days 00:00:00.080999,12,2.5,17,0,12,1.85,0.6,7,39,82,60,6,1.0,3.1,2.0,1.5,6,5.4,12.600000000000001,3.1,4.3,2.6,False,True,,,,,,,,,COMPLETE
2253,-1000000000.0,2026-04-01 05:26:33.758476,2026-04-01 05:26:36.111419,0 days 00:00:02.352943,14,2.1,21,2,20,2.0,0.65,9,40,73,150,5,2.1,2.1,1.6,2.9000000000000004,24,4.4,12.2,3.5,4.6,3.2,True,False,,,,,,,,,COMPLETE
2254,-1000000000.0,2026-04-01 05:26:36.146811,2026-04-01 05:26:36.235651,0 days 00:00:00.088840,20,1.9,16,1,16,1.5,0.75,6,40,78,180,4,1.35,2.3,1.5,2.3,1,6.0,11.0,4.9,5.1,2.2,False,True,,,,,,,,,COMPLETE
2255,-1000000000.0,2026-04-01 05:26:36.272878,2026-04-01 05:26:36.356545,0 days 00:00:00.083667,16,2.45,14,4,10,1.55,0.9,8,41,97,120,3,1.7000000000000002,2.5,1.25,2.6,5,5.6,16.0,6.2,3.8,2.5,True,True,,,,,,,,,COMPLETE
2256,-1000000000.0,2026-04-01 05:26:36.405079,2026-04-01 05:26:36.495235,0 days 00:00:00.090156,15,1.95,14,3,19,1.0,0.7,10,44,90,90,0,1.15,3.2,1.35,1.6,12,5.3,13.4,6.0,6.4,3.6,False,True,,,,,,,,,COMPLETE
2257,-1000000000.0,2026-04-01 05:26:36.535239,2026-04-01 05:26:36.618369,0 days 00:00:00.083130,18,2.05,17,1,14,1.8,0.8500000000000001,9,42,80,30,2,1.3,4.2,1.65,1.8,9,3.8,9.6,6.800000000000001,4.4,2.3,True,False,,,,,,,,,COMPLETE
2258,-1000000000.0,2026-04-01 05:26:36.656186,2026-04-01 05:26:39.104466,0 days 00:00:02.448280,17,2.3,18,2,17,1.3,0.55,8,39,83,150,5,1.8,3.4000000000000004,1.55,2.2,20,3.6,14.600000000000001,4.4,3.1,2.9000000000000004,False,True,,,,,,,,,COMPLETE
2259,-1000000000.0,2026-04-01 05:26:39.141796,2026-04-01 05:26:41.795719,0 days 00:00:02.653923,20,1.75,15,0,15,1.9500000000000002,0.5,7,35,100,120,1,1.35,4.6,1.7000000000000002,2.1,25,4.7,16.6,5.6,6.2,2.1,True,True,,,,,,,,,COMPLETE
2260,-1000000000.0,2026-04-01 05:26:41.853239,2026-04-01 05:26:41.930080,0 days 00:00:00.076841,16,2.2,24,4,11,1.05,0.55,9,43,84,150,4,1.2,2.1,1.8,2.5,18,5.4,8.8,6.300000000000001,5.7,3.9000000000000004,False,True,,,,,,,,,COMPLETE
2261,-1000000000.0,2026-04-01 05:26:41.966245,2026-04-01 05:26:42.056653,0 days 00:00:00.090408,12,2.35,22,1,13,1.7000000000000002,0.8,6,38,92,180,6,2.2,4.800000000000001,1.9500000000000002,1.9,21,4.3,15.0,6.9,4.7,2.2,True,False,,,,,,,,,COMPLETE
2262,-1000000000.0,2026-04-01 05:26:42.104683,2026-04-01 05:26:44.720683,0 days 00:00:02.616000,14,2.4,16,1,16,1.45,0.6,8,37,72,90,5,1.25,5.0,1.75,3.3,29,5.1,10.8,3.3,4.2,2.7,False,True,,,,,,,,,COMPLETE
2263,-1000000000.0,2026-04-01 05:26:44.770227,2026-04-01 05:26:47.271853,0 days 00:00:02.501626,18,2.25,14,2,20,1.0,0.65,9,42,87,150,3,1.1,2.2,1.9,2.0,26,5.0,10.0,5.5,4.8,3.5,True,True,,,,,,,,,COMPLETE
2264,-1000000000.0,2026-04-01 05:26:47.302453,2026-04-01 05:26:47.397031,0 days 00:00:00.094578,13,1.7999999999999998,25,0,12,1.15,0.95,7,36,96,180,2,1.9,2.9,1.85,3.1,3,5.2,10.4,6.5,5.0,3.2,False,False,,,,,,,,,COMPLETE
2265,-1000000000.0,2026-04-01 05:26:47.437172,2026-04-01 05:26:47.516123,0 days 00:00:00.078951,11,1.45,20,5,15,1.1,0.7,10,43,70,30,0,1.9500000000000002,2.4,1.45,1.8,8,5.5,11.6,5.800000000000001,6.9,3.0,True,True,,,,,,,,,COMPLETE
2266,-1000000000.0,2026-04-01 05:26:47.556034,2026-04-01 05:26:47.639305,0 days 00:00:00.083271,14,2.35,23,3,18,1.35,0.5,8,41,71,150,5,1.75,4.1,1.55,1.6,22,5.6,12.0,3.0,5.4,3.7,True,True,,,,,,,,,COMPLETE
2267,-1000000000.0,2026-04-01 05:26:47.676963,2026-04-01 05:26:47.761746,0 days 00:00:00.084783,19,1.65,15,1,12,1.6,0.75,9,40,88,60,6,1.85,2.6,1.2,1.5,23,4.9,9.0,3.6,5.2,3.3,False,True,,,,,,,,,COMPLETE
2268,-1000000000.0,2026-04-01 05:26:47.798322,2026-04-01 05:26:47.901358,0 days 00:00:00.103036,10,2.45,14,4,14,1.2,0.55,8,37,89,150,3,2.1500000000000004,2.3,1.5,2.1,17,5.2,14.0,3.9,3.7,2.8,True,False,,,,,,,,,COMPLETE
2269,-1000000000.0,2026-04-01 05:26:47.941814,2026-04-01 05:26:48.023509,0 days 00:00:00.081695,15,1.8499999999999999,17,2,10,1.4,0.5,7,44,99,180,6,1.3,2.2,1.4,2.0,15,3.9,13.2,6.6,4.1,3.1,False,True,,,,,,,,,COMPLETE
2270,-1000000000.0,2026-04-01 05:26:48.060414,2026-04-01 05:26:48.153514,0 days 00:00:00.093100,20,2.0,19,2,13,1.55,0.6,10,41,79,120,2,1.5,2.7,1.0,2.7,10,5.9,14.8,5.7,3.9,2.6,True,True,,,,,,,,,COMPLETE
2271,-1000000000.0,2026-04-01 05:26:48.197072,2026-04-01 05:26:48.286589,0 days 00:00:00.089517,16,1.7,16,3,11,1.25,0.7,6,35,91,90,5,2.05,3.6,1.05,1.7,2,5.3,11.2,6.2,6.0,1.7,False,True,,,,,,,,,COMPLETE
2272,-1000000000.0,2026-04-01 05:26:48.326329,2026-04-01 05:26:50.720534,0 days 00:00:02.394205,19,2.2,14,1,18,1.5,0.65,9,39,94,120,0,1.4,2.4,1.6,3.0,14,3.7,8.4,4.7,3.1,3.8000000000000003,True,False,,,,,,,,,COMPLETE
2273,-1000000000.0,2026-04-01 05:26:50.757992,2026-04-01 05:26:50.847720,0 days 00:00:00.089728,17,1.7,21,0,19,1.65,0.6,8,43,98,30,4,1.0,3.0,1.7000000000000002,2.3,19,4.1,11.8,4.2,5.5,2.0,False,True,,,,,,,,,COMPLETE
2274,-1000000000.0,2026-04-01 05:26:50.884783,2026-04-01 05:26:50.973981,0 days 00:00:00.089198,13,2.5,15,5,20,1.3,0.55,8,44,85,150,5,1.05,2.0,1.9500000000000002,3.5,13,5.7,12.4,5.1,3.0,2.3,True,True,,,,,,,,,COMPLETE
2275,-1000000000.0,2026-04-01 05:26:51.010802,2026-04-01 05:26:53.556054,0 days 00:00:02.545252,18,1.5999999999999999,17,0,14,1.75,0.55,5,35,83,180,2,1.65,2.5,1.3,1.6,28,6.0,12.8,5.9,6.300000000000001,2.1,False,True,,,,,,,,,COMPLETE
2276,-1000000000.0,2026-04-01 05:26:53.591926,2026-04-01 05:26:53.674620,0 days 00:00:00.082694,14,2.05,14,1,17,1.1,0.5,9,42,89,150,3,1.15,3.3,1.65,1.5,4,4.7,10.6,3.8,3.4,4.0,True,False,,,,,,,,,COMPLETE
2277,-1000000000.0,2026-04-01 05:26:53.711139,2026-04-01 05:26:53.806358,0 days 00:00:00.095219,20,1.5499999999999998,16,4,10,1.15,0.75,7,38,81,150,6,2.1,2.3,1.15,3.4000000000000004,16,4.0,12.0,5.2,5.800000000000001,1.6,False,True,,,,,,,,,COMPLETE
2278,-1000000000.0,2026-04-01 05:26:53.845339,2026-04-01 05:26:53.933441,0 days 00:00:00.088102,11,2.35,18,2,16,1.45,0.8,8,40,88,90,0,1.6,2.5,1.75,2.2,7,5.5,12.600000000000001,6.4,3.2,2.4,True,True,,,,,,,,,COMPLETE
2279,-1000000000.0,2026-04-01 05:26:53.971751,2026-04-01 05:26:54.056463,0 days 00:00:00.084712,15,1.75,15,3,14,1.35,0.6,10,41,100,180,3,1.45,2.9,1.25,1.9,0,4.8,9.8,4.0,4.5,1.9,False,False,,,,,,,,,COMPLETE
2280,-1000000000.0,2026-04-01 05:26:54.093943,2026-04-01 05:26:54.175905,0 days 00:00:00.081962,16,2.3,23,1,15,1.0,0.7,9,44,91,120,4,1.9500000000000002,4.2,1.85,1.7,20,4.5,13.0,7.0,4.0,2.2,True,True,,,,,,,,,COMPLETE
2281,-1000000000.0,2026-04-01 05:26:54.214206,2026-04-01 05:26:54.307093,0 days 00:00:00.092887,18,1.95,20,0,12,1.1,0.8500000000000001,7,40,87,30,1,1.9,4.300000000000001,1.8,1.8,21,4.2,15.4,6.0,5.7,3.2,False,True,,,,,,,,,COMPLETE
2282,-1000000000.0,2026-04-01 05:26:54.337851,2026-04-01 05:26:56.931126,0 days 00:00:02.593275,12,2.15,14,2,20,1.6,0.9,6,37,76,60,5,1.35,2.8,1.9,2.1,25,3.6,10.2,5.4,4.9,2.5,True,True,,,,,,,,,COMPLETE
2283,-1000000000.0,2026-04-01 05:26:56.977524,2026-04-01 05:26:57.070260,0 days 00:00:00.092736,14,2.0,14,1,14,1.2,0.55,9,39,90,150,5,1.2,2.2,1.55,1.5,6,5.2,12.2,3.4,6.6,3.4000000000000004,False,False,,,,,,,,,COMPLETE
2284,-1000000000.0,2026-04-01 05:26:57.110100,2026-04-01 05:26:57.191634,0 days 00:00:00.081534,16,2.45,21,4,13,1.85,1.0,8,36,70,180,6,2.0,4.5,1.1,1.9,9,5.800000000000001,9.4,4.5,5.9,3.6,True,True,,,,,,,,,COMPLETE
2285,-1000000000.0,2026-04-01 05:26:57.237502,2026-04-01 05:26:57.331429,0 days 00:00:00.093927,17,1.9,16,5,11,1.9,0.65,8,43,93,120,3,1.3,2.4,2.0,2.5,18,5.1,8.2,4.3,6.1,3.0,False,True,,,,,,,,,COMPLETE
2286,-1000000000.0,2026-04-01 05:26:57.369341,2026-04-01 05:26:57.452079,0 days 00:00:00.082738,20,2.4,22,3,16,1.5,0.7,10,44,77,150,1,1.0,4.7,1.7000000000000002,2.9000000000000004,11,5.4,11.4,6.800000000000001,3.9,1.5,True,True,,,,,,,,,COMPLETE
2287,-1000000000.0,2026-04-01 05:26:57.489860,2026-04-01 05:26:57.576989,0 days 00:00:00.087129,15,2.25,24,0,17,1.05,0.55,9,43,99,90,2,1.25,2.1,1.05,2.0,17,5.0,11.8,3.6,6.0,3.7,False,False,,,,,,,,,COMPLETE
2288,-1000000000.0,2026-04-01 05:26:57.621232,2026-04-01 05:27:00.113417,0 days 00:00:02.492185,13,2.2,15,2,19,1.15,0.5,7,40,81,120,0,1.8,2.6,1.65,1.9,14,5.7,13.8,4.8,3.8,3.1,True,True,,,,,,,,,COMPLETE
2289,-1000000000.0,2026-04-01 05:27:00.146305,2026-04-01 05:27:00.244304,0 days 00:00:00.097999,18,1.65,20,1,12,1.65,0.6,5,41,86,180,6,2.2,3.9000000000000004,1.45,2.8,20,3.5,9.6,4.6,4.3,2.9000000000000004,False,True,,,,,,,,,COMPLETE
2290,-1000000000.0,2026-04-01 05:27:00.284757,2026-04-01 05:27:02.855322,0 days 00:00:02.570565,17,2.5,19,4,15,1.55,0.55,6,35,75,150,4,1.85,2.4,1.6,2.3,10,5.3,10.0,4.4,3.0,2.0,True,True,,,,,,,,,COMPLETE
2291,-1000000000.0,2026-04-01 05:27:02.884965,2026-04-01 05:27:05.457529,0 days 00:00:02.572564,19,1.7999999999999998,14,1,18,1.7000000000000002,0.6,9,37,80,30,5,2.0,3.2,1.8,2.2,24,4.4,12.0,6.9,5.6,2.6,False,False,,,,,,,,,COMPLETE
2292,-1000000000.0,2026-04-01 05:27:05.495777,2026-04-01 05:43:21.187010,0 days 00:16:15.691233,14,2.1,17,2,20,1.4,0.5,8,36,97,150,3,1.35,2.3,1.5,1.6,23,4.6,11.6,3.2,5.1,1.8,True,True,,,,,,,,,COMPLETE
2293,-1000000000.0,2026-04-01 05:43:21.229389,2026-04-01 05:43:21.307380,0 days 00:00:00.077991,10,1.5,18,4,11,1.45,0.55,9,43,72,90,0,1.15,4.800000000000001,1.3,1.8,30,5.6,17.0,6.1,6.4,2.7,True,True,,,,,,,,,COMPLETE
2294,-1000000000.0,2026-04-01 05:43:21.347534,2026-04-01 05:43:21.434873,0 days 00:00:00.087339,16,1.4,14,1,14,1.05,0.9,7,42,71,180,5,2.1500000000000004,2.0,1.75,2.1,15,4.9,11.2,3.5,4.6,3.2,False,False,,,,,,,,,COMPLETE
2295,-1000000000.0,2026-04-01 05:43:21.476074,2026-04-01 05:43:21.572222,0 days 00:00:00.096148,15,2.0,16,3,10,1.25,0.75,8,41,89,120,5,1.55,2.5,1.85,1.7,16,3.8,12.4,6.300000000000001,3.6,2.1,True,True,,,,,,,,,COMPLETE
2296,-1000000000.0,2026-04-01 05:43:21.615711,2026-04-01 05:43:21.705462,0 days 00:00:00.089751,20,1.8499999999999999,25,0,12,1.8,0.7,10,39,98,150,2,1.7000000000000002,3.4000000000000004,1.9,2.4,22,5.5,13.2,4.1,6.2,2.2,False,True,,,,,,,,,COMPLETE
2297,-1000000000.0,2026-04-01 05:43:21.744514,2026-04-01 05:43:21.835417,0 days 00:00:00.090903,18,2.3,22,2,15,1.15,0.65,7,38,96,30,4,1.9500000000000002,3.1,1.55,3.1,27,6.0,14.4,6.7,5.300000000000001,2.3,True,True,,,,,,,,,COMPLETE
2298,-1000000000.0,2026-04-01 05:43:21.875137,2026-04-01 05:43:21.963921,0 days 00:00:00.088784,14,2.4,15,1,13,1.0,0.95,6,42,82,60,6,1.45,4.9,1.9500000000000002,1.5,19,5.4,16.4,3.7,4.1,3.1,False,False,,,,,,,,,COMPLETE
2299,-1000000000.0,2026-04-01 05:43:22.005916,2026-04-01 05:43:22.115450,0 days 00:00:00.109534,19,2.15,17,5,20,1.35,0.8500000000000001,8,44,84,180,2,1.1,2.2,1.4,2.0,26,5.9,12.8,5.0,4.8,3.9000000000000004,True,True,,,,,,,,,COMPLETE
2300,-1000000000.0,2026-04-01 05:43:22.186049,2026-04-01 05:43:24.569886,0 days 00:00:02.383837,13,2.2,14,0,19,1.3,0.5,9,40,78,150,6,1.2,2.7,1.7000000000000002,2.2,13,5.0,8.0,3.0,4.4,3.3,False,True,,,,,,,,,COMPLETE
2301,-1000000000.0,2026-04-01 05:43:24.603832,2026-04-01 05:43:24.673003,0 days 00:00:00.069171,16,2.25,15,1,14,1.2,0.55,8,37,74,120,3,1.75,2.3,1.2,1.6,1,5.6,10.8,5.6,5.0,2.8,True,True,,,,,,,,,COMPLETE
2302,-1000000000.0,2026-04-01 05:43:24.708168,2026-04-01 05:43:24.805862,0 days 00:00:00.097694,12,1.75,16,3,17,1.9500000000000002,0.6,8,43,92,90,5,1.05,4.1,1.6,1.5,8,5.1,10.4,6.4,6.5,1.6,False,False,,,,,,,,,COMPLETE
2303,-1000000000.0,2026-04-01 05:43:24.848468,2026-04-01 05:43:24.942735,0 days 00:00:00.094267,15,2.05,21,4,13,1.6,1.0,9,38,95,180,1,1.6,3.0,1.75,2.6,12,5.2,9.8,4.2,3.7,3.8000000000000003,True,True,,,,,,,,,COMPLETE
2304,-1000000000.0,2026-04-01 05:43:24.981034,2026-04-01 05:43:27.414388,0 days 00:00:02.433354,20,2.5,14,2,18,1.1,0.7,10,36,91,150,3,1.4,2.8,1.0,2.1,17,5.3,13.600000000000001,4.9,6.1,2.0,False,True,,,,,,,,,COMPLETE
2305,-1000000000.0,2026-04-01 05:43:27.448380,2026-04-01 05:43:27.517850,0 days 00:00:00.069470,11,2.35,17,2,12,1.55,0.95,7,44,100,30,0,1.9,2.1,1.65,1.7,20,4.1,12.2,7.0,5.800000000000001,3.7,True,True,,,,,,,,,COMPLETE
2306,-1000000000.0,2026-04-01 05:43:27.551708,2026-04-01 05:43:30.035755,0 days 00:00:02.484047,17,2.5,15,1,16,1.05,0.6,9,35,88,150,5,1.25,2.9,1.35,1.8,21,4.9,11.4,3.1,7.0,2.2,False,False,,,,,,,,,COMPLETE
2307,-1000000000.0,2026-04-01 05:43:30.066262,2026-04-01 05:43:30.151631,0 days 00:00:00.085369,19,2.45,23,0,15,1.15,0.55,8,41,73,60,6,1.3,3.8,1.8,3.2,29,5.7,14.600000000000001,5.5,5.2,3.5,True,True,,,,,,,,,COMPLETE
2308,-1000000000.0,2026-04-01 05:43:30.199748,2026-04-01 05:43:32.752399,0 days 00:00:02.552651,14,2.4,19,4,20,1.5,0.65,6,40,71,120,4,2.05,2.6,1.85,1.5,24,5.5,11.0,3.3,4.7,3.2,False,True,,,,,,,,,COMPLETE
2309,-1000000000.0,2026-04-01 05:43:32.784202,2026-04-01 05:43:32.852337,0 days 00:00:00.068135,16,2.2,20,1,10,1.0,0.5,10,43,79,180,4,1.0,2.4,1.15,3.0,0,5.0,10.2,6.2,3.2,2.1,True,False,,,,,,,,,COMPLETE
2310,-1000000000.0,2026-04-01 05:43:32.891872,2026-04-01 05:43:32.985989,0 days 00:00:00.094117,18,2.15,18,5,14,1.65,0.8,9,39,99,150,5,1.9500000000000002,2.4,1.7000000000000002,2.0,9,5.800000000000001,15.600000000000001,3.5,4.0,1.9,False,True,,,,,,,,,COMPLETE
2311,-1000000000.0,2026-04-01 05:43:33.025065,2026-04-01 05:43:33.107343,0 days 00:00:00.082278,20,1.5999999999999999,16,3,11,1.75,0.55,7,44,70,90,0,2.0,3.0,1.25,2.2,19,4.7,11.8,6.5,5.9,1.7,True,True,,,,,,,,,COMPLETE
2312,-1000000000.0,2026-04-01 05:43:33.146678,2026-04-01 05:43:35.652707,0 days 00:00:02.506029,15,2.3,24,2,17,1.2,0.6,9,37,85,120,2,1.85,2.5,1.3,2.1,11,3.7,13.4,4.6,3.9,3.6,False,True,,,,,,,,,COMPLETE
2313,-1000000000.0,2026-04-01 05:43:35.689970,2026-04-01 05:43:35.789171,0 days 00:00:00.099201,16,2.05,14,1,12,1.7000000000000002,0.75,8,42,86,30,6,1.8,4.300000000000001,1.5,2.4,25,3.9,8.6,5.300000000000001,3.1,3.0,True,False,,,,,,,,,COMPLETE
2314,-1000000000.0,2026-04-01 05:43:35.827837,2026-04-01 05:43:38.370616,0 days 00:00:02.542779,18,1.5499999999999998,15,0,14,1.45,0.7,5,36,90,180,3,1.4,2.5,1.2,1.6,2,4.2,12.600000000000001,5.7,5.5,2.5,False,True,,,,,,,,,COMPLETE
2315,-1000000000.0,2026-04-01 05:43:38.406676,2026-04-01 05:43:38.487853,0 days 00:00:00.081177,17,1.95,14,3,16,1.4,0.55,6,43,87,150,1,2.1,3.5,1.1,1.9,5,5.2,9.6,6.300000000000001,4.5,2.7,True,True,,,,,,,,,COMPLETE
2316,-1000000000.0,2026-04-01 05:43:38.525238,2026-04-01 05:43:38.606435,0 days 00:00:00.081197,12,1.8499999999999999,14,4,15,1.05,0.5,8,41,83,90,5,1.35,2.2,1.45,2.5,21,4.0,16.0,5.9,5.7,2.4,False,True,,,,,,,,,COMPLETE
2317,-1000000000.0,2026-04-01 05:43:38.659203,2026-04-01 05:43:38.748207,0 days 00:00:00.089004,14,2.35,21,1,13,1.3,0.55,10,40,82,150,3,1.2,2.6,2.0,1.7,15,4.5,15.2,4.5,6.300000000000001,2.1,True,False,,,,,,,,,COMPLETE
2318,-1000000000.0,2026-04-01 05:43:38.786542,2026-04-01 05:43:41.332607,0 days 00:00:02.546065,13,2.1,17,2,19,1.15,0.8,9,35,81,150,5,1.5,2.3,1.65,3.3,14,5.1,14.2,6.800000000000001,6.800000000000001,2.3,False,True,,,,,,,,,COMPLETE
2319,-1000000000.0,2026-04-01 05:43:41.363470,2026-04-01 05:43:43.855634,0 days 00:00:02.492164,20,1.45,22,5,20,1.5,0.65,7,39,76,180,0,1.7000000000000002,4.4,1.55,1.5,18,5.3,10.6,5.1,3.3,2.2,True,True,,,,,,,,,COMPLETE
2320,-1000000000.0,2026-04-01 05:43:43.897987,2026-04-01 05:43:43.980829,0 days 00:00:00.082842,10,1.7,25,0,12,1.1,0.5,8,42,92,120,6,1.9,3.7,1.75,2.7,16,5.4,9.4,3.7,3.8,3.0,False,False,,,,,,,,,COMPLETE
2321,-1000000000.0,2026-04-01 05:43:44.018146,2026-04-01 05:43:44.103398,0 days 00:00:00.085252,15,1.7999999999999998,15,2,10,1.65,0.6,8,37,89,30,4,1.35,4.0,1.05,2.8,7,4.8,12.4,6.9,3.5,3.3,True,True,,,,,,,,,COMPLETE
2322,-1000000000.0,2026-04-01 05:43:44.141695,2026-04-01 05:43:44.224702,0 days 00:00:00.083007,14,1.75,20,1,14,1.25,0.7,9,44,94,150,2,1.0,2.0,1.9,1.6,3,6.0,11.8,4.0,3.0,3.2,True,True,,,,,,,,,COMPLETE
2323,-1000000000.0,2026-04-01 05:43:44.272779,2026-04-01 05:43:44.367468,0 days 00:00:00.094689,16,2.0,16,4,18,1.35,0.8500000000000001,7,43,90,60,5,1.65,5.0,1.0,2.0,10,5.9,13.0,3.4,6.0,3.1,False,True,,,,,,,,,COMPLETE
2324,-1000000000.0,2026-04-01 05:43:44.406442,2026-04-01 05:43:44.493093,0 days 00:00:00.086651,11,2.45,14,3,15,1.6,0.55,9,38,80,90,4,1.25,2.4,1.85,2.2,28,4.1,10.0,6.6,4.2,2.6,True,False,,,,,,,,,COMPLETE
2325,-1000000000.0,2026-04-01 05:43:44.529337,2026-04-01 05:43:46.963734,0 days 00:00:02.434397,18,2.5,17,1,20,1.9,0.7,5,40,88,180,6,1.9500000000000002,2.9,1.8,2.6,22,5.6,14.0,6.1,5.0,3.7,False,True,,,,,,,,,COMPLETE
2326,-1000000000.0,2026-04-01 05:43:46.995422,2026-04-01 05:43:47.077396,0 days 00:00:00.081974,12,2.25,18,0,17,1.8,0.6,8,41,75,120,1,1.3,3.1,1.6,1.8,8,4.3,12.2,4.3,5.4,3.9000000000000004,True,True,,,,,,,,,COMPLETE
2327,-1000000000.0,2026-04-01 05:43:47.116392,2026-04-01 05:43:47.219555,0 days 00:00:00.103163,19,2.05,14,2,12,1.55,0.5,10,43,84,150,0,1.1,3.3,1.8,2.3,12,3.8,11.6,3.6,5.6,3.8000000000000003,False,True,,,,,,,,,COMPLETE
2328,-1000000000.0,2026-04-01 05:43:47.259423,2026-04-01 05:43:49.840202,0 days 00:00:02.580779,16,1.9,16,4,14,1.0,0.55,7,36,70,180,3,1.05,4.1,1.9500000000000002,2.1,21,3.6,12.0,6.4,4.4,3.1,True,False,,,,,,,,,COMPLETE
2329,-1000000000.0,2026-04-01 05:43:49.871017,2026-04-01 05:43:52.427027,0 days 00:00:02.556010,20,2.4,19,0,16,1.5,0.9,6,35,77,120,5,1.15,2.7,1.5,1.5,13,5.6,12.8,5.800000000000001,4.9,2.0,False,True,,,,,,,,,COMPLETE
2330,-1000000000.0,2026-04-01 05:43:52.459827,2026-04-01 05:43:52.531559,0 days 00:00:00.071732,14,1.65,14,2,11,1.15,0.65,9,44,98,150,3,2.0,2.5,1.7000000000000002,2.9000000000000004,26,5.5,15.0,4.7,3.6,3.4000000000000004,True,True,,,,,,,,,COMPLETE
2331,-1000000000.0,2026-04-01 05:43:52.572399,2026-04-01 05:43:55.099945,0 days 00:00:02.527546,13,2.35,20,5,19,1.1,0.55,8,40,99,150,2,1.45,2.3,1.25,1.6,27,5.0,10.2,4.4,6.4,4.0,False,True,,,,,,,,,COMPLETE
2332,-1000000000.0,2026-04-01 05:43:55.139028,2026-04-01 05:43:55.224372,0 days 00:00:00.085344,15,2.45,23,1,12,1.05,1.0,9,37,93,180,2,1.9,2.8,1.65,1.9,6,4.6,9.2,3.2,5.2,1.5,True,False,,,,,,,,,COMPLETE
2333,-1000000000.0,2026-04-01 05:43:55.262014,2026-04-01 05:43:55.365884,0 days 00:00:00.103870,17,2.25,24,3,10,1.25,0.75,10,39,89,30,6,1.0,2.1,1.6,2.1,20,5.800000000000001,11.0,7.0,4.0,1.8,False,True,,,,,,,,,COMPLETE
2334,-1000000000.0,2026-04-01 05:43:55.410369,2026-04-01 05:43:55.496217,0 days 00:00:00.085848,18,1.7999999999999998,15,1,13,1.7000000000000002,0.6,8,42,72,90,5,2.2,4.2,1.35,2.0,17,5.4,13.4,6.0,4.6,2.9000000000000004,True,True,,,,,,,,,COMPLETE
2335,-1000000000.0,2026-04-01 05:43:55.535117,2026-04-01 05:43:55.616676,0 days 00:00:00.081559,19,2.3,21,1,18,1.0,0.7,7,41,71,30,0,2.1,2.4,1.55,1.8,0,5.2,9.6,4.8,3.8,3.5,False,False,,,,,,,,,COMPLETE
2336,-1000000000.0,2026-04-01 05:43:55.654746,2026-04-01 05:43:58.147789,0 days 00:00:02.493043,17,1.7,15,2,14,1.2,0.55,9,36,91,150,4,1.75,4.6,1.75,2.5,4,3.5,12.600000000000001,5.6,6.2,2.2,True,True,,,,,,,,,COMPLETE
