number,value,datetime_start,datetime_complete,duration,params_atr_window,params_bb_std_dev,params_bb_window,params_cooldown,params_macd_fast,params_macd_k,params_macd_k_mid,params_macd_signal,params_macd_slow,params_macd_std_window,params_rebalance_freq,params_rebounce_block,params_sl_mult_lm,params_sl_mult_lr,params_sl_mult_sm,params_sl_mult_sr,params_time_stop,params_tp_mult_lm,params_tp_mult_lr,params_tp_mult_sm,params_tp_mult_sr,params_trail_mult,params_trail_tp,params_use_trailing,user_attrs_allocations,user_attrs_deploy_avg_sharpe,user_attrs_deploy_total_sharpe,user_attrs_deploy_year_sharpes,user_attrs_score,user_attrs_selected_tickers,user_attrs_train_avg_sharpe,user_attrs_train_year_sharpes,state
2949,-1000000000.0,2026-04-01 08:49:47.691316,2026-04-01 08:49:51.013181,0 days 00:00:03.321865,18,2.45,21,2,15,1.0,0.7,5,35,89,90,5,1.15,2.5,1.45,1.7,28,5.2,10.4,3.2,5.5,3.4000000000000004,False,False,,,,,,,,,COMPLETE
2950,-1000000000.0,2026-04-01 08:49:51.057045,2026-04-01 08:49:54.528755,0 days 00:00:03.471710,18,2.4,21,2,15,1.0,0.7,5,35,90,90,5,1.1,2.6,1.5,1.7,27,5.1,11.0,3.0,5.1,3.4000000000000004,False,False,,,,,,,,,COMPLETE
2951,1.7175642857142859,2026-04-01 08:49:54.583636,2026-04-01 08:49:58.087106,0 days 00:00:03.503470,18,2.5,21,2,15,1.05,0.7,5,35,90,90,5,1.1,2.5,1.4,1.7,26,5.1,10.8,3.1,5.300000000000001,3.5,False,False,"{'MSFT': 0.2864, 'BRK-B': 0.2699, 'AAPL': 0.1263, 'GOOGL': 0.1245, 'NVDA': 0.0985, 'META': 0.0945}",0.3303,1.3609,"{2025: 1.9469, 2026: -1.2864}",1.7176,"['MSFT', 'BRK-B', 'AAPL', 'GOOGL', 'NVDA', 'META']",1.3873,"{2018: 1.172, 2019: 1.145, 2020: 3.5656, 2021: 1.5014, 2022: -1.1919, 2023: 2.0046, 2024: 1.5145}",COMPLETE
2952,2.976785714285714,2026-04-01 08:49:58.133457,2026-04-01 08:50:01.610750,0 days 00:00:03.477293,18,2.45,21,2,15,1.05,0.7,5,35,89,90,5,1.05,2.5,1.45,1.8,27,5.2,10.6,3.0,5.2,3.4000000000000004,False,False,"{'MSFT': 0.2404, 'AAPL': 0.2105, 'BRK-B': 0.1703, 'GOOGL': 0.155, 'META': 0.1378, 'NVDA': 0.086}",1.1957,1.5051,"{2025: 1.7013, 2026: 0.6901}",2.9768,"['MSFT', 'AAPL', 'BRK-B', 'GOOGL', 'META', 'NVDA']",1.7811,"{2018: 2.3, 2019: 1.6547, 2020: 3.2592, 2021: 1.7922, 2022: -0.8099, 2023: 2.1028, 2024: 2.1686}",COMPLETE
2953,2.55815,2026-04-01 08:50:01.654468,2026-04-01 08:50:05.136267,0 days 00:00:03.481799,18,2.45,21,2,15,1.05,0.7,5,35,89,90,5,1.05,2.5,1.45,1.8,28,5.2,10.4,3.0,5.1,3.3,False,False,"{'MSFT': 0.2547, 'AAPL': 0.2116, 'BRK-B': 0.1908, 'GOOGL': 0.1589, 'META': 0.1059, 'TSLA': 0.078}",0.8549,1.3444,"{2025: 1.5651, 2026: 0.1448}",2.5581,"['MSFT', 'AAPL', 'BRK-B', 'GOOGL', 'META', 'TSLA']",1.7032,"{2018: 2.6732, 2019: 1.4297, 2020: 2.963, 2021: 1.9532, 2022: -0.8205, 2023: 1.878, 2024: 1.8458}",COMPLETE
2954,-1000000000.0,2026-04-01 08:50:05.186133,2026-04-01 08:50:08.636890,0 days 00:00:03.450757,18,2.5,21,2,15,1.05,0.7,5,35,89,90,5,1.05,2.5,1.4,1.8,28,5.2,10.6,3.0,5.1,3.5,False,False,,,,,,,,,COMPLETE
2955,-1000000000.0,2026-04-01 08:50:08.683292,2026-04-01 08:50:12.205713,0 days 00:00:03.522421,18,2.4,21,2,15,1.05,0.7,5,35,89,90,5,1.05,2.5,1.5,1.8,26,5.2,10.4,3.0,5.2,3.4000000000000004,False,False,,,,,,,,,COMPLETE
2956,-1000000000.0,2026-04-01 08:50:12.282832,2026-04-01 08:50:15.774501,0 days 00:00:03.491669,18,2.45,21,2,15,1.05,0.7,5,35,89,90,5,1.05,2.5,1.45,1.8,29,5.2,10.6,3.0,5.2,3.5,False,False,,,,,,,,,COMPLETE
2957,2.9873642857142855,2026-04-01 08:50:15.819237,2026-04-01 08:50:19.337911,0 days 00:00:03.518674,18,2.45,21,2,15,1.05,0.7,5,35,89,90,5,1.05,2.5,1.45,1.8,27,5.2,10.4,3.0,5.1,3.4000000000000004,False,False,"{'MSFT': 0.2366, 'AAPL': 0.2118, 'BRK-B': 0.1715, 'GOOGL': 0.1551, 'META': 0.1384, 'NVDA': 0.0867}",1.2082,1.5114,"{2025: 1.705, 2026: 0.7113}",2.9874,"['MSFT', 'AAPL', 'BRK-B', 'GOOGL', 'META', 'NVDA']",1.7792,"{2018: 2.3, 2019: 1.6547, 2020: 3.2592, 2021: 1.7922, 2022: -0.8099, 2023: 2.0898, 2024: 2.1685}",COMPLETE
2958,-1000000000.0,2026-04-01 08:50:19.402964,2026-04-01 08:50:22.907649,0 days 00:00:03.504685,18,2.4,21,2,15,1.05,0.7,5,35,89,90,5,1.05,2.5,1.4,1.8,27,5.2,10.4,3.0,5.1,3.6,False,False,,,,,,,,,COMPLETE
2959,-1000000000.0,2026-04-01 08:50:22.955100,2026-04-01 08:50:26.444669,0 days 00:00:03.489569,18,2.5,22,2,15,1.05,0.7,5,35,89,90,5,1.05,2.5,1.45,1.8,26,5.2,10.4,3.0,5.1,3.3,False,False,,,,,,,,,COMPLETE
2960,-1000000000.0,2026-04-01 08:50:26.490992,2026-04-01 08:50:29.973878,0 days 00:00:03.482886,18,2.45,21,2,15,1.05,0.7,5,35,89,90,5,1.05,2.5,1.5,1.8,28,5.2,10.4,3.0,5.1,3.4000000000000004,False,False,,,,,,,,,COMPLETE
2961,2.9873642857142855,2026-04-01 08:50:30.041846,2026-04-01 08:50:33.481286,0 days 00:00:03.439440,18,2.45,21,2,15,1.05,0.7,5,35,89,90,5,1.05,2.5,1.45,1.8,27,5.2,10.4,3.0,5.1,3.5,False,False,"{'MSFT': 0.2366, 'AAPL': 0.2118, 'BRK-B': 0.1715, 'GOOGL': 0.1551, 'META': 0.1384, 'NVDA': 0.0867}",1.2082,1.5114,"{2025: 1.705, 2026: 0.7113}",2.9874,"['MSFT', 'AAPL', 'BRK-B', 'GOOGL', 'META', 'NVDA']",1.7792,"{2018: 2.3, 2019: 1.6547, 2020: 3.2592, 2021: 1.7922, 2022: -0.8099, 2023: 2.0898, 2024: 2.1685}",COMPLETE
2962,-1000000000.0,2026-04-01 08:50:33.524871,2026-04-01 08:50:37.118440,0 days 00:00:03.593569,18,2.4,21,2,15,1.05,0.7,5,35,88,90,5,1.05,2.5,1.4,1.8,29,5.2,10.4,3.0,5.1,3.6,False,False,,,,,,,,,COMPLETE
2963,-1000000000.0,2026-04-01 08:50:37.166501,2026-04-01 08:50:40.678254,0 days 00:00:03.511753,18,2.5,21,2,15,1.05,0.7,5,35,88,90,5,1.05,2.5,1.5,1.8,27,5.2,10.4,3.0,5.1,3.6,False,False,,,,,,,,,COMPLETE
2964,2.55815,2026-04-01 08:50:40.722605,2026-04-01 08:50:44.254467,0 days 00:00:03.531862,18,2.45,21,2,15,1.05,0.7,5,35,89,90,5,1.05,2.5,1.45,1.8,28,5.2,10.4,3.0,5.1,3.6,False,False,"{'MSFT': 0.2547, 'AAPL': 0.2116, 'BRK-B': 0.1908, 'GOOGL': 0.1589, 'META': 0.1059, 'TSLA': 0.078}",0.8549,1.3444,"{2025: 1.5651, 2026: 0.1448}",2.5581,"['MSFT', 'AAPL', 'BRK-B', 'GOOGL', 'META', 'TSLA']",1.7032,"{2018: 2.6732, 2019: 1.4297, 2020: 2.963, 2021: 1.9532, 2022: -0.8205, 2023: 1.878, 2024: 1.8458}",COMPLETE
2965,-1000000000.0,2026-04-01 08:50:44.297874,2026-04-01 08:50:47.815778,0 days 00:00:03.517904,18,2.45,22,2,15,1.05,0.7,5,35,89,90,5,1.05,2.5,1.4,1.8,26,5.3,10.6,3.0,5.1,3.5,False,False,,,,,,,,,COMPLETE
2966,-1000000000.0,2026-04-01 08:50:47.862813,2026-04-01 08:50:51.601829,0 days 00:00:03.739016,18,2.5,21,2,15,1.05,0.7,5,35,88,90,5,1.05,2.5,1.45,1.8,27,5.2,10.4,3.0,5.1,3.5,False,False,,,,,,,,,COMPLETE
2967,-1000000000.0,2026-04-01 08:50:51.646477,2026-04-01 08:50:56.361359,0 days 00:00:04.714882,18,2.4,21,2,15,1.05,0.7,5,35,89,90,5,1.05,2.5,1.5,1.8,28,5.2,10.4,3.0,5.1,3.5,False,False,,,,,,,,,COMPLETE
2968,1.6261928571428574,2026-04-01 08:50:56.429870,2026-04-01 08:50:59.940614,0 days 00:00:03.510744,18,2.4,21,2,15,1.05,0.7,5,35,89,90,5,1.05,2.5,1.45,1.8,27,5.3,10.6,3.1,5.2,3.6,False,False,"{'GOOG': 0.2571, 'AAPL': 0.1957, 'MSFT': 0.1852, 'BRK-B': 0.1496, 'AMZN': 0.1221, 'AVGO': 0.0903}",-0.169,1.6671,"{2025: 2.7262, 2026: -3.0643}",1.6262,"['GOOG', 'AAPL', 'MSFT', 'BRK-B', 'AMZN', 'AVGO']",1.7952,"{2018: 1.9224, 2019: 1.8012, 2020: 3.2979, 2021: 1.7269, 2022: -0.8205, 2023: 2.7607, 2024: 1.8781}",COMPLETE
2969,-1000000000.0,2026-04-01 08:50:59.985441,2026-04-01 08:51:03.060536,0 days 00:00:03.075095,18,2.45,21,2,15,1.05,0.7,5,35,89,90,5,1.05,2.5,1.45,1.8,26,5.2,10.4,3.1,5.2,3.5,False,False,,,,,,,,,COMPLETE
2970,2.3741785714285717,2026-04-01 08:51:03.124156,2026-04-01 08:51:06.467904,0 days 00:00:03.343748,18,2.45,21,2,15,1.05,0.7,5,35,88,90,5,1.05,2.5,1.4,1.8,28,5.3,10.6,3.0,5.2,3.6,False,False,"{'MSFT': 0.2475, 'BRK-B': 0.1942, 'AAPL': 0.1911, 'GOOGL': 0.1882, 'META': 0.0897, 'AVGO': 0.0892}",0.746,1.499,"{2025: 1.8989, 2026: -0.4068}",2.3742,"['MSFT', 'BRK-B', 'AAPL', 'GOOGL', 'META', 'AVGO']",1.6281,"{2018: 2.5305, 2019: 1.325, 2020: 2.9809, 2021: 1.8948, 2022: -0.6683, 2023: 1.9456, 2024: 1.3884}",COMPLETE
2971,-1000000000.0,2026-04-01 08:51:06.506230,2026-04-01 08:51:09.758267,0 days 00:00:03.252037,18,2.5,21,2,15,1.05,0.7,5,35,89,90,5,1.05,2.4,1.5,1.8,27,5.2,10.6,3.1,5.1,3.5,False,False,,,,,,,,,COMPLETE
2972,-1000000000.0,2026-04-01 08:51:09.804805,2026-04-01 08:51:13.048650,0 days 00:00:03.243845,18,2.4,22,2,15,1.05,0.7,5,35,89,90,5,1.05,2.5,1.45,1.8,26,5.2,10.4,3.0,5.2,3.5,False,False,,,,,,,,,COMPLETE
2973,2.4024,2026-04-01 08:51:13.087036,2026-04-01 08:51:16.576081,0 days 00:00:03.489045,18,2.45,21,2,15,1.05,0.7,5,35,88,90,5,1.05,2.5,1.4,1.8,28,5.3,10.6,3.0,5.1,3.5,False,False,"{'MSFT': 0.2466, 'BRK-B': 0.1982, 'AAPL': 0.1947, 'GOOGL': 0.1781, 'META': 0.0917, 'AVGO': 0.0907}",0.7761,1.4996,"{2025: 1.885, 2026: -0.3328}",2.4024,"['MSFT', 'BRK-B', 'AAPL', 'GOOGL', 'META', 'AVGO']",1.6263,"{2018: 2.5305, 2019: 1.325, 2020: 2.9809, 2021: 1.8948, 2022: -0.6683, 2023: 1.9326, 2024: 1.3886}",COMPLETE
2974,3.027014285714286,2026-04-01 08:51:16.660017,2026-04-01 08:51:19.731163,0 days 00:00:03.071146,18,2.45,21,2,15,1.05,0.7,5,35,89,90,5,1.05,2.4,1.45,1.8,27,5.2,10.8,3.1,5.2,3.4000000000000004,False,False,"{'MSFT': 0.2385, 'AAPL': 0.2041, 'BRK-B': 0.1773, 'GOOGL': 0.16, 'META': 0.1364, 'NVDA': 0.0838}",1.242,1.6516,"{2025: 1.8989, 2026: 0.5851}",3.027,"['MSFT', 'AAPL', 'BRK-B', 'GOOGL', 'META', 'NVDA']",1.785,"{2018: 2.3161, 2019: 1.6543, 2020: 3.259, 2021: 1.7921, 2022: -0.8098, 2023: 2.1144, 2024: 2.169}",COMPLETE
2975,-1000000000.0,2026-04-01 08:51:19.768407,2026-04-01 08:51:23.798555,0 days 00:00:04.030148,18,2.5,21,2,15,1.05,0.7,5,35,88,90,5,1.05,2.4,1.45,1.8,26,5.3,10.2,3.1,5.2,3.5,False,False,,,,,,,,,COMPLETE
2976,2.7821928571428574,2026-04-01 08:51:23.887357,2026-04-01 08:51:29.048004,0 days 00:00:05.160647,18,2.45,21,2,15,1.05,0.7,5,35,88,90,5,1.05,2.4,1.4,1.8,27,5.3,10.4,3.0,5.2,3.5,False,False,"{'MSFT': 0.2298, 'AAPL': 0.2162, 'GOOGL': 0.2, 'BRK-B': 0.1637, 'META': 0.1094, 'AVGO': 0.0809}",1.1229,1.5559,"{2025: 1.8279, 2026: 0.4178}",2.7822,"['MSFT', 'AAPL', 'GOOGL', 'BRK-B', 'META', 'AVGO']",1.6593,"{2018: 2.4395, 2019: 1.0738, 2020: 3.2695, 2021: 1.6964, 2022: -0.7356, 2023: 2.1764, 2024: 1.6954}",COMPLETE
2977,1.7972642857142858,2026-04-01 08:51:29.147785,2026-04-01 08:51:35.322838,0 days 00:00:06.175053,18,2.4,21,2,15,1.05,0.7,5,35,88,90,5,1.05,2.4,1.35,1.8,28,5.3,10.2,3.0,5.2,3.6,False,False,"{'GOOG': 0.2482, 'BRK-B': 0.2033, 'AAPL': 0.1963, 'MSFT': 0.1416, 'AMZN': 0.1312, 'AVGO': 0.0794}",0.0987,1.2239,"{2025: 1.7801, 2026: -1.5828}",1.7973,"['GOOG', 'BRK-B', 'AAPL', 'MSFT', 'AMZN', 'AVGO']",1.6986,"{2018: 2.1171, 2019: 1.5038, 2020: 2.9913, 2021: 1.8616, 2022: -0.8582, 2023: 2.5143, 2024: 1.7604}",COMPLETE
2978,-1000000000.0,2026-04-01 08:51:35.393445,2026-04-01 08:51:39.772981,0 days 00:00:04.379536,18,2.45,22,2,15,1.05,0.7,5,35,88,90,5,1.05,2.4,1.4,1.8,29,5.3,10.4,3.0,5.2,3.6,False,False,,,,,,,,,COMPLETE
2979,1.9081142857142857,2026-04-01 08:51:40.013610,2026-04-01 08:51:45.154446,0 days 00:00:05.140836,18,2.5,21,2,15,1.05,0.7,5,35,88,90,5,1.05,2.5,1.35,1.8,26,5.3,10.2,3.0,5.2,3.6,False,False,"{'BRK-B': 0.2778, 'MSFT': 0.2061, 'GOOGL': 0.1837, 'AAPL': 0.1437, 'AVGO': 0.0986, 'META': 0.0902}",0.2479,1.5456,"{2025: 2.209, 2026: -1.7132}",1.9081,"['BRK-B', 'MSFT', 'GOOGL', 'AAPL', 'AVGO', 'META']",1.6602,"{2018: 2.6568, 2019: 1.123, 2020: 3.5064, 2021: 1.7833, 2022: -1.0599, 2023: 1.999, 2024: 1.6129}",COMPLETE
2980,2.7358785714285716,2026-04-01 08:51:45.217763,2026-04-01 08:51:49.661219,0 days 00:00:04.443456,18,2.45,21,2,15,1.05,0.7,5,35,88,90,5,1.05,2.4,1.4,1.8,27,5.3,10.4,3.0,5.300000000000001,3.5,False,False,"{'MSFT': 0.2279, 'GOOGL': 0.2178, 'AAPL': 0.2106, 'BRK-B': 0.1588, 'META': 0.1063, 'AVGO': 0.0786}",1.0803,1.5556,"{2025: 1.8468, 2026: 0.3139}",2.7359,"['MSFT', 'GOOGL', 'AAPL', 'BRK-B', 'META', 'AVGO']",1.6555,"{2018: 2.4395, 2019: 1.0738, 2020: 3.2695, 2021: 1.6696, 2022: -0.7357, 2023: 2.1763, 2024: 1.6957}",COMPLETE
2981,1.4472000000000003,2026-04-01 08:51:49.743859,2026-04-01 08:51:53.183035,0 days 00:00:03.439176,18,2.5,22,2,15,1.05,0.7,5,35,89,90,5,1.05,2.4,1.4,1.8,27,5.3,10.4,3.0,5.2,3.5,False,False,"{'MSFT': 0.2578, 'BRK-B': 0.2449, 'GOOGL': 0.2032, 'AAPL': 0.14, 'META': 0.0788, 'AVGO': 0.0753}",-0.1947,1.2751,"{2025: 2.1829, 2026: -2.5723}",1.4472,"['MSFT', 'BRK-B', 'GOOGL', 'AAPL', 'META', 'AVGO']",1.6419,"{2018: 1.9906, 2019: 0.7254, 2020: 3.1598, 2021: 2.4199, 2022: -0.8617, 2023: 2.2967, 2024: 1.7626}",COMPLETE
2982,2.353642857142857,2026-04-01 08:51:53.226138,2026-04-01 08:51:57.359869,0 days 00:00:04.133731,18,2.45,21,2,15,1.05,0.7,5,35,88,90,5,1.05,2.4,1.4,1.8,28,5.3,10.6,3.0,5.300000000000001,3.5,False,False,"{'MSFT': 0.2485, 'BRK-B': 0.1954, 'AAPL': 0.1898, 'GOOGL': 0.1892, 'META': 0.0891, 'AVGO': 0.0881}",0.7282,1.4917,"{2025: 1.8971, 2026: -0.4407}",2.3536,"['MSFT', 'BRK-B', 'AAPL', 'GOOGL', 'META', 'AVGO']",1.6254,"{2018: 2.5305, 2019: 1.325, 2020: 2.9809, 2021: 1.8637, 2022: -0.6684, 2023: 1.9574, 2024: 1.389}",COMPLETE
2983,-1000000000.0,2026-04-01 08:51:57.563646,2026-04-01 08:52:02.571480,0 days 00:00:05.007834,18,2.4,21,2,15,1.05,0.7,5,35,89,90,5,1.05,2.4,1.4,1.8,26,5.3,10.8,3.1,5.300000000000001,3.6,False,False,,,,,,,,,COMPLETE
2984,-1000000000.0,2026-04-01 08:52:02.645143,2026-04-01 08:52:07.781820,0 days 00:00:05.136677,18,2.45,21,2,15,1.05,0.7,5,35,89,90,5,1.05,2.4,1.4,1.8,27,5.3,10.2,3.0,5.2,3.5,False,False,,,,,,,,,COMPLETE
2985,-1000000000.0,2026-04-01 08:52:07.837980,2026-04-01 08:52:12.932854,0 days 00:00:05.094874,18,2.4,21,2,15,1.05,0.7,5,35,89,90,5,1.05,2.4,1.35,1.8,29,5.3,10.4,3.1,5.300000000000001,3.5,False,False,,,,,,,,,COMPLETE
2986,2.3690499999999997,2026-04-01 08:52:13.002132,2026-04-01 08:52:17.101145,0 days 00:00:04.099013,18,2.45,21,2,15,1.05,0.7,5,35,88,90,5,1.05,2.4,1.4,1.8,28,5.3,10.6,3.0,5.2,3.5,False,False,"{'MSFT': 0.2469, 'BRK-B': 0.196, 'AAPL': 0.1906, 'GOOGL': 0.1881, 'META': 0.0895, 'AVGO': 0.0889}",0.7391,1.4974,"{2025: 1.9, 2026: -0.4217}",2.369,"['MSFT', 'BRK-B', 'AAPL', 'GOOGL', 'META', 'AVGO']",1.6299,"{2018: 2.5305, 2019: 1.325, 2020: 2.9809, 2021: 1.8948, 2022: -0.6683, 2023: 1.9574, 2024: 1.389}",COMPLETE
2987,-1000000000.0,2026-04-01 08:52:17.154023,2026-04-01 08:52:21.266506,0 days 00:00:04.112483,18,2.5,21,2,15,1.05,0.7,5,35,88,90,5,1.05,2.4,1.4,1.8,26,5.3,11.2,3.1,5.300000000000001,3.6,False,False,,,,,,,,,COMPLETE
2988,-1000000000.0,2026-04-01 08:52:21.327174,2026-04-01 08:52:26.052719,0 days 00:00:04.725545,18,2.45,21,2,15,1.05,0.7,5,35,89,90,5,1.05,2.4,1.4,1.8,27,5.2,10.8,3.0,5.2,3.5,False,False,,,,,,,,,COMPLETE
2989,-1000000000.0,2026-04-01 08:52:26.122866,2026-04-01 08:52:30.514244,0 days 00:00:04.391378,18,2.5,21,2,15,1.05,0.7,5,35,89,90,5,1.05,2.4,1.35,1.8,28,5.2,11.0,3.1,5.4,3.5,False,False,,,,,,,,,COMPLETE
2990,-1000000000.0,2026-04-01 08:52:30.581573,2026-04-01 08:52:34.865746,0 days 00:00:04.284173,18,2.4,22,2,15,1.05,0.7,5,35,88,90,5,1.05,2.4,1.4,1.8,27,5.3,10.4,3.0,5.300000000000001,3.4000000000000004,False,False,,,,,,,,,COMPLETE
2991,3.027014285714286,2026-04-01 08:52:34.988158,2026-04-01 08:52:39.229990,0 days 00:00:04.241832,18,2.45,21,2,15,1.05,0.7,5,35,89,90,5,1.05,2.4,1.45,1.8,27,5.2,10.6,3.1,5.2,3.5,False,False,"{'MSFT': 0.2385, 'AAPL': 0.2041, 'BRK-B': 0.1773, 'GOOGL': 0.16, 'META': 0.1364, 'NVDA': 0.0838}",1.242,1.6516,"{2025: 1.8989, 2026: 0.5851}",3.027,"['MSFT', 'AAPL', 'BRK-B', 'GOOGL', 'META', 'NVDA']",1.785,"{2018: 2.3161, 2019: 1.6543, 2020: 3.259, 2021: 1.7921, 2022: -0.8098, 2023: 2.1144, 2024: 2.169}",COMPLETE
2992,-1000000000.0,2026-04-01 08:52:39.304393,2026-04-01 08:52:43.502934,0 days 00:00:04.198541,18,2.45,21,2,15,1.05,0.7,5,35,89,90,5,1.1,2.4,1.5,1.8,26,5.2,10.8,3.2,5.300000000000001,3.4000000000000004,False,False,,,,,,,,,COMPLETE
2993,2.462992857142857,2026-04-01 08:52:43.567988,2026-04-01 08:52:47.760275,0 days 00:00:04.192287,18,2.45,21,2,15,1.05,0.7,5,35,89,90,5,1.05,2.4,1.5,1.8,28,5.2,11.0,3.1,5.4,3.6,False,False,"{'MSFT': 0.2523, 'AAPL': 0.2075, 'BRK-B': 0.1843, 'GOOGL': 0.1736, 'META': 0.1027, 'TSLA': 0.0795}",0.7488,1.2097,"{2025: 1.4185, 2026: 0.079}",2.463,"['MSFT', 'AAPL', 'BRK-B', 'GOOGL', 'META', 'TSLA']",1.7142,"{2018: 2.7466, 2019: 1.3808, 2020: 2.9631, 2021: 1.9271, 2022: -0.8206, 2023: 1.9223, 2024: 1.8804}",COMPLETE
2994,-1000000000.0,2026-04-01 08:52:47.813401,2026-04-01 08:52:51.583606,0 days 00:00:03.770205,18,2.4,21,2,15,1.05,0.7,5,35,89,90,5,1.1,2.5,1.45,1.8,28,5.2,10.8,3.2,5.2,3.5,False,False,,,,,,,,,COMPLETE
2995,-1000000000.0,2026-04-01 08:52:51.658873,2026-04-01 08:52:56.379888,0 days 00:00:04.721015,18,2.4,21,2,15,1.05,0.7,5,35,89,90,5,1.05,2.5,1.45,1.8,27,5.2,11.2,3.1,5.1,3.4000000000000004,False,False,,,,,,,,,COMPLETE
2996,-1000000000.0,2026-04-01 08:52:56.454541,2026-04-01 08:53:01.760984,0 days 00:00:05.306443,18,2.5,22,2,15,1.05,0.7,5,35,89,90,5,1.1,2.5,1.5,1.8,26,5.2,10.8,3.2,5.300000000000001,3.6,False,False,,,,,,,,,COMPLETE
2997,-1000000000.0,2026-04-01 08:53:01.808012,2026-04-01 08:53:07.144235,0 days 00:00:05.336223,18,2.45,21,2,15,1.05,0.7,5,35,89,90,5,1.1,2.4,1.45,1.8,29,5.2,10.6,3.1,5.4,3.4000000000000004,False,False,,,,,,,,,COMPLETE
2998,-1000000000.0,2026-04-01 08:53:07.229137,2026-04-01 08:53:12.032190,0 days 00:00:04.803053,18,2.5,21,2,15,1.05,0.7,5,35,89,90,5,1.1,2.4,1.45,1.8,26,5.2,10.6,3.1,5.5,3.5,False,False,,,,,,,,,COMPLETE
2999,3.050807142857143,2026-04-01 08:53:12.077992,2026-04-01 08:53:17.096792,0 days 00:00:05.018800,18,2.45,21,2,15,1.05,0.7,5,35,89,90,5,1.05,2.5,1.45,1.8,27,5.2,11.0,3.2,5.2,3.5,False,False,"{'MSFT': 0.2399, 'AAPL': 0.206, 'BRK-B': 0.1686, 'GOOGL': 0.1632, 'META': 0.1386, 'NVDA': 0.0838}",1.265,1.6485,"{2025: 1.885, 2026: 0.6449}",3.0508,"['MSFT', 'AAPL', 'BRK-B', 'GOOGL', 'META', 'NVDA']",1.7859,"{2018: 2.3341, 2019: 1.6543, 2020: 3.259, 2021: 1.7921, 2022: -0.8097, 2023: 2.1029, 2024: 2.1683}",COMPLETE
