number,value,datetime_start,datetime_complete,duration,params_atr_window,params_bb_std_dev,params_bb_window,params_cooldown,params_macd_fast,params_macd_k,params_macd_k_mid,params_macd_signal,params_macd_slow,params_macd_std_window,params_rebalance_freq,params_rebounce_block,params_sl_mult_lm,params_sl_mult_lr,params_sl_mult_sm,params_sl_mult_sr,params_time_stop,params_tp_mult_lm,params_tp_mult_lr,params_tp_mult_sm,params_tp_mult_sr,params_trail_mult,params_trail_tp,params_use_trailing,user_attrs_allocations,user_attrs_deploy_avg_sharpe,user_attrs_deploy_total_sharpe,user_attrs_deploy_year_sharpes,user_attrs_score,user_attrs_selected_tickers,user_attrs_train_avg_sharpe,user_attrs_train_year_sharpes,state
2531,-1000000000.0,2026-04-01 07:16:09.903703,2026-04-01 07:16:10.005798,0 days 00:00:00.102095,18,2.0,19,1,12,1.2,0.7,10,40,70,180,3,1.1,4.800000000000001,1.65,2.1,7,5.2,9.8,3.2,3.4,3.1,True,True,,,,,,,,,COMPLETE
2532,-1000000000.0,2026-04-01 07:16:10.048316,2026-04-01 07:16:12.468364,0 days 00:00:02.420048,11,2.1,20,2,14,1.6,0.65,6,35,89,150,5,1.45,5.0,1.55,2.3,25,5.4,11.6,6.7,3.7,3.0,True,False,,,,,,,,,COMPLETE
2533,-1000000000.0,2026-04-01 07:16:12.506471,2026-04-01 07:16:15.072812,0 days 00:00:02.566341,20,2.45,21,1,16,1.25,0.5,8,36,88,150,1,1.05,2.8,1.85,2.0,11,5.5,12.2,5.1,3.9,3.7,True,True,,,,,,,,,COMPLETE
2534,-1000000000.0,2026-04-01 07:16:15.121822,2026-04-01 07:16:17.649590,0 days 00:00:02.527768,19,1.8499999999999999,24,3,13,1.35,0.8,5,35,73,180,3,1.5,2.0,2.0,2.2,14,4.9,11.0,5.800000000000001,4.8,2.5,True,True,,,,,,,,,COMPLETE
2535,-1000000000.0,2026-04-01 07:16:17.680630,2026-04-01 07:16:17.774845,0 days 00:00:00.094215,10,1.65,23,0,15,1.55,1.0,9,41,81,120,5,1.7000000000000002,3.9000000000000004,1.6,2.5,13,5.3,9.4,3.3,7.0,1.6,True,False,,,,,,,,,COMPLETE
2536,-1000000000.0,2026-04-01 07:16:17.822720,2026-04-01 07:16:17.908569,0 days 00:00:00.085849,17,2.4,17,2,12,1.0,0.75,9,37,91,30,0,1.8,4.9,1.7000000000000002,1.5,26,6.0,9.2,5.7,3.0,1.7,True,True,,,,,,,,,COMPLETE
2537,-1000000000.0,2026-04-01 07:16:17.950762,2026-04-01 07:16:18.038496,0 days 00:00:00.087734,16,2.2,16,1,14,1.65,0.7,8,40,80,180,2,1.85,3.5,1.8,1.6,0,5.7,11.8,3.1,3.6,3.2,True,True,,,,,,,,,COMPLETE
2538,-1000000000.0,2026-04-01 07:16:18.074616,2026-04-01 07:16:18.175043,0 days 00:00:00.100427,18,1.7999999999999998,21,2,13,1.05,0.95,7,39,83,90,6,2.1,4.1,1.9500000000000002,3.0,5,5.1,10.2,6.4,6.9,2.7,True,True,,,,,,,,,COMPLETE
2539,-1000000000.0,2026-04-01 07:16:18.215754,2026-04-01 07:16:18.318826,0 days 00:00:00.103072,20,2.35,19,0,14,1.0,0.95,10,38,82,150,4,1.0,4.2,1.45,2.4,24,5.0,8.6,6.300000000000001,5.5,3.3,True,False,,,,,,,,,COMPLETE
2540,-1000000000.0,2026-04-01 07:16:18.357079,2026-04-01 07:16:18.446001,0 days 00:00:00.088922,16,2.25,20,3,10,1.75,0.5,8,35,87,150,5,1.55,3.3,1.75,1.9,8,5.6,12.0,3.8,4.9,3.1,True,True,,,,,,,,,COMPLETE
2541,-1000000000.0,2026-04-01 07:16:18.486583,2026-04-01 07:16:18.601022,0 days 00:00:00.114439,19,2.5,22,2,12,1.3,0.65,9,41,70,30,3,1.15,2.9,1.85,1.5,15,5.9,9.8,6.2,5.0,3.6,True,True,,,,,,,,,COMPLETE
2542,-1000000000.0,2026-04-01 07:16:18.644420,2026-04-01 07:16:18.738964,0 days 00:00:00.094544,12,1.7,16,1,13,1.5,0.8500000000000001,6,36,72,120,0,1.25,4.6,1.9,2.0,27,5.3,9.4,6.9,5.4,3.8000000000000003,True,True,,,,,,,,,COMPLETE
2543,-1000000000.0,2026-04-01 07:16:18.776829,2026-04-01 07:16:18.865771,0 days 00:00:00.088942,17,2.3,18,1,11,1.4,0.9,8,37,76,180,6,1.35,2.8,1.0,2.1,17,4.7,10.0,3.5,3.8,3.0,True,False,,,,,,,,,COMPLETE
2544,-1000000000.0,2026-04-01 07:16:18.903927,2026-04-01 07:16:18.989199,0 days 00:00:00.085272,18,1.7999999999999998,23,2,16,1.8,0.7,7,40,89,150,2,1.3,2.7,1.55,1.5,26,5.2,11.4,6.1,4.7,3.2,True,True,,,,,,,,,COMPLETE
2545,-1000000000.0,2026-04-01 07:16:19.043200,2026-04-01 07:16:21.619777,0 days 00:00:02.576577,20,2.0,16,0,15,1.85,0.5,9,35,87,90,4,1.05,3.0,1.5,2.1,16,4.9,11.8,5.9,4.4,3.4000000000000004,True,True,,,,,,,,,COMPLETE
2546,-1000000000.0,2026-04-01 07:16:21.651423,2026-04-01 07:16:21.726821,0 days 00:00:00.075398,10,2.1,17,2,14,1.05,0.65,5,44,75,120,5,1.8,4.300000000000001,1.7000000000000002,2.2,2,5.5,8.2,5.4,5.300000000000001,2.6,True,True,,,,,,,,,COMPLETE
2547,-1000000000.0,2026-04-01 07:16:21.764030,2026-04-01 07:16:21.863227,0 days 00:00:00.099197,18,2.2,21,2,13,1.9,0.75,10,37,84,180,6,1.2,4.0,1.85,3.4000000000000004,25,5.4,13.4,3.4,4.3,1.8,True,False,,,,,,,,,COMPLETE
2548,-1000000000.0,2026-04-01 07:16:21.910187,2026-04-01 07:16:22.002244,0 days 00:00:00.092057,11,2.45,20,3,12,1.45,0.8,8,39,81,150,3,1.75,2.1,1.65,1.6,10,5.1,14.0,4.9,3.1,2.8,True,True,,,,,,,,,COMPLETE
2549,-1000000000.0,2026-04-01 07:16:22.041546,2026-04-01 07:16:22.134992,0 days 00:00:00.093446,16,2.35,24,1,15,1.2,0.7,7,38,90,30,5,1.85,3.2,1.8,2.6,29,4.8,9.6,3.7,3.3,3.9000000000000004,True,True,,,,,,,,,COMPLETE
2550,-1000000000.0,2026-04-01 07:16:22.175855,2026-04-01 07:16:22.290929,0 days 00:00:00.115074,20,2.4,25,0,12,1.5,0.5,9,36,85,180,1,2.1500000000000004,5.0,1.9,3.1,13,6.0,13.8,6.800000000000001,3.1,1.5,True,False,,,,,,,,,COMPLETE
2551,-1000000000.0,2026-04-01 07:16:22.333565,2026-04-01 07:16:22.424278,0 days 00:00:00.090713,16,2.05,17,3,14,1.6,0.95,6,40,92,150,0,1.3,2.0,1.6,2.0,1,5.800000000000001,10.4,6.0,3.9,4.0,True,True,,,,,,,,,COMPLETE
2552,-1000000000.0,2026-04-01 07:16:22.462716,2026-04-01 07:16:22.566003,0 days 00:00:00.103287,12,1.7,22,1,11,1.35,1.0,8,35,74,120,2,1.35,3.4000000000000004,2.0,1.9,4,5.3,12.2,5.6,3.5,3.1,True,True,,,,,,,,,COMPLETE
2553,-1000000000.0,2026-04-01 07:16:22.606594,2026-04-01 07:16:22.712363,0 days 00:00:00.105769,17,2.15,18,2,10,1.0,0.95,10,41,86,180,5,1.6,2.8,1.9500000000000002,1.5,9,5.0,11.2,3.3,3.2,3.5,True,True,,,,,,,,,COMPLETE
2554,-1000000000.0,2026-04-01 07:16:22.751091,2026-04-01 07:16:22.845811,0 days 00:00:00.094720,10,1.75,16,2,13,1.65,0.8500000000000001,9,44,91,90,6,1.25,2.6,1.75,1.5,12,5.5,8.8,3.0,4.9,3.3,True,False,,,,,,,,,COMPLETE
2555,-1000000000.0,2026-04-01 07:16:22.884570,2026-04-01 07:16:25.303246,0 days 00:00:02.418676,19,1.7999999999999998,21,1,16,1.55,0.7,7,37,80,150,3,1.4,2.7,1.4,2.3,25,4.6,10.8,4.8,4.6,2.4,True,True,,,,,,,,,COMPLETE
2556,-1000000000.0,2026-04-01 07:16:25.334296,2026-04-01 07:16:27.924623,0 days 00:00:02.590327,18,1.5,19,0,14,1.05,0.9,8,35,71,120,5,1.15,3.1,1.7000000000000002,2.8,24,5.6,10.2,4.1,4.8,3.7,True,True,,,,,,,,,COMPLETE
2557,-1000000000.0,2026-04-01 07:16:27.969213,2026-04-01 07:16:28.061431,0 days 00:00:00.092218,20,2.5,17,1,15,1.25,0.65,9,39,89,30,4,1.0,4.9,1.65,3.3,14,5.2,9.2,4.0,4.5,3.2,True,True,,,,,,,,,COMPLETE
2558,-1000000000.0,2026-04-01 07:16:28.101980,2026-04-01 07:16:28.215548,0 days 00:00:00.113568,16,1.5999999999999999,20,2,12,1.5,0.5,8,36,79,150,0,1.2,3.5,1.85,2.2,16,5.7,8.0,7.0,3.7,2.9000000000000004,True,False,,,,,,,,,COMPLETE
2559,-1000000000.0,2026-04-01 07:16:28.257655,2026-04-01 07:16:28.349398,0 days 00:00:00.091743,17,2.25,21,3,13,1.7000000000000002,0.7,7,40,88,180,6,1.1,4.4,1.55,2.1,15,5.2,9.6,6.7,5.300000000000001,3.3,True,True,,,,,,,,,COMPLETE
2560,-1000000000.0,2026-04-01 07:16:28.387723,2026-04-01 07:16:28.480887,0 days 00:00:00.093164,10,1.45,23,0,14,1.6,0.5,6,41,81,90,3,2.1,5.0,1.75,1.6,7,5.9,12.0,3.6,6.6,3.1,True,True,,,,,,,,,COMPLETE
2561,-1000000000.0,2026-04-01 07:16:28.520029,2026-04-01 07:16:28.634024,0 days 00:00:00.113995,11,1.8499999999999999,16,2,10,1.4,0.75,8,44,70,150,4,1.8,2.9,1.5,1.6,11,5.1,9.8,3.9,5.0,3.2,True,False,,,,,,,,,COMPLETE
2562,-1000000000.0,2026-04-01 07:16:28.676330,2026-04-01 07:16:28.775160,0 days 00:00:00.098830,20,2.2,20,1,12,2.0,0.7,9,38,82,180,1,2.2,3.7,1.8,3.2,9,4.8,11.6,5.5,4.0,2.7,True,True,,,,,,,,,COMPLETE
2563,-1000000000.0,2026-04-01 07:16:28.813552,2026-04-01 07:16:31.253705,0 days 00:00:02.440153,19,2.45,17,1,16,1.55,0.9,10,35,90,180,5,1.4,4.800000000000001,1.45,2.0,18,5.4,8.4,6.5,5.1,1.7,True,True,,,,,,,,,COMPLETE
2564,-1000000000.0,2026-04-01 07:16:31.295057,2026-04-01 07:16:31.384805,0 days 00:00:00.089748,16,1.75,24,2,13,1.1,0.5,8,40,72,150,2,1.75,4.5,1.0,2.4,3,5.3,9.0,6.300000000000001,4.2,1.6,True,True,,,,,,,,,COMPLETE
2565,-1000000000.0,2026-04-01 07:16:31.424747,2026-04-01 07:16:31.522796,0 days 00:00:00.098049,11,2.35,18,0,15,1.3,0.65,9,42,80,90,0,1.3,3.6,1.85,1.5,6,5.0,10.0,3.2,3.0,3.0,True,False,,,,,,,,,COMPLETE
2566,-1000000000.0,2026-04-01 07:16:31.565118,2026-04-01 07:16:31.673716,0 days 00:00:00.108598,17,2.3,22,3,12,1.0,0.8,7,35,81,120,6,1.0,4.2,1.9,1.9,10,5.1,10.6,4.2,3.8,3.6,True,True,,,,,,,,,COMPLETE
2567,-1000000000.0,2026-04-01 07:16:31.715294,2026-04-01 07:16:31.812467,0 days 00:00:00.097173,18,2.05,20,2,14,1.05,0.95,6,37,83,30,5,1.35,3.3,1.8,2.5,17,5.5,14.2,3.5,3.4,2.6,True,True,,,,,,,,,COMPLETE
2568,-1000000000.0,2026-04-01 07:16:31.854230,2026-04-01 07:16:31.961501,0 days 00:00:00.107271,15,2.5,25,1,13,1.45,0.5,8,41,74,150,3,1.45,4.1,1.55,2.3,0,4.9,11.8,6.4,6.7,3.4000000000000004,True,True,,,,,,,,,COMPLETE
2569,-1000000000.0,2026-04-01 07:16:32.002297,2026-04-01 07:16:32.118121,0 days 00:00:00.115824,13,2.15,16,0,11,1.35,1.0,9,39,77,150,2,1.85,3.8,1.6,2.1,25,5.7,12.2,5.2,4.7,1.8,True,False,,,,,,,,,COMPLETE
2570,-1000000000.0,2026-04-01 07:16:32.159892,2026-04-01 07:16:32.255362,0 days 00:00:00.095470,16,1.65,21,2,10,1.9500000000000002,0.7,7,44,82,120,4,1.05,2.7,1.7000000000000002,2.7,24,6.0,11.0,3.0,3.6,2.5,True,True,,,,,,,,,COMPLETE
2571,-1000000000.0,2026-04-01 07:16:32.302186,2026-04-01 07:16:34.868678,0 days 00:00:02.566492,19,2.4,17,1,15,1.2,0.8500000000000001,10,36,87,180,5,1.25,3.0,1.85,2.9000000000000004,27,5.4,9.4,6.1,4.8,3.8000000000000003,True,True,,,,,,,,,COMPLETE
2572,-1000000000.0,2026-04-01 07:16:34.900185,2026-04-01 07:16:34.976379,0 days 00:00:00.076194,20,1.5499999999999998,16,2,14,1.65,0.95,8,40,85,150,0,1.7000000000000002,2.1,1.65,1.9,8,4.6,9.6,5.0,3.9,3.9000000000000004,True,True,,,,,,,,,COMPLETE
2573,-1000000000.0,2026-04-01 07:16:35.016684,2026-04-01 07:16:35.127500,0 days 00:00:00.110816,18,2.0,21,3,12,1.85,0.75,9,35,76,180,1,1.8,5.0,1.9500000000000002,2.6,30,5.6,8.2,7.0,5.300000000000001,3.2,True,False,,,,,,,,,COMPLETE
2574,-1000000000.0,2026-04-01 07:16:35.169405,2026-04-01 07:16:35.281283,0 days 00:00:00.111878,12,2.2,19,1,11,1.05,0.65,5,38,89,120,6,1.6,2.0,1.05,1.5,26,5.2,11.4,5.7,3.2,3.5,True,True,,,,,,,,,COMPLETE
2575,-1000000000.0,2026-04-01 07:16:35.321371,2026-04-01 07:16:35.414233,0 days 00:00:00.092862,15,1.8499999999999999,20,0,13,1.2,0.5,9,41,78,30,3,1.5,4.300000000000001,1.4,1.6,17,5.0,12.0,6.9,4.9,2.8,True,True,,,,,,,,,COMPLETE
2576,-1000000000.0,2026-04-01 07:16:35.454341,2026-04-01 07:16:37.971697,0 days 00:00:02.517356,11,2.05,18,2,16,1.7000000000000002,0.65,8,37,70,90,4,1.55,2.6,1.6,2.0,18,5.9,13.600000000000001,3.4,6.5,3.7,True,False,,,,,,,,,COMPLETE
2577,-1000000000.0,2026-04-01 07:16:38.011720,2026-04-01 07:16:38.117538,0 days 00:00:00.105818,17,2.45,22,1,14,1.1,1.0,7,44,84,150,2,1.85,4.9,1.9,2.2,12,4.7,11.6,3.1,3.0,3.3,True,True,,,,,,,,,COMPLETE
2578,-1000000000.0,2026-04-01 07:16:38.157361,2026-04-01 07:16:38.263051,0 days 00:00:00.105690,10,2.1,17,3,15,1.0,0.7,10,42,71,180,5,1.35,2.9,1.5,2.3,6,5.3,9.8,6.2,5.0,3.1,True,True,,,,,,,,,COMPLETE
2579,-1000000000.0,2026-04-01 07:16:38.304814,2026-04-01 07:16:38.409178,0 days 00:00:00.104364,16,2.25,16,2,12,1.45,0.9,6,40,80,150,6,1.2,4.7,1.7000000000000002,1.5,16,4.5,10.2,6.6,4.5,1.5,True,True,,,,,,,,,COMPLETE
2580,-1000000000.0,2026-04-01 07:16:38.450125,2026-04-01 07:16:40.985902,0 days 00:00:02.535777,12,1.7999999999999998,20,0,13,1.25,0.8,8,35,91,180,5,1.8,3.1,1.75,2.1,13,5.1,10.4,5.1,4.1,3.4000000000000004,True,False,,,,,,,,,COMPLETE
2581,-1000000000.0,2026-04-01 07:16:41.023685,2026-04-01 07:16:41.112645,0 days 00:00:00.088960,18,1.75,19,1,10,1.8,0.5,9,44,88,120,3,1.0,2.8,1.8,2.2,28,5.6,12.0,5.300000000000001,3.1,4.0,True,True,,,,,,,,,COMPLETE
2582,-1000000000.0,2026-04-01 07:16:41.151172,2026-04-01 07:16:41.260139,0 days 00:00:00.108967,20,2.3,17,2,13,1.9,0.95,7,39,73,30,0,1.75,4.800000000000001,1.55,1.6,25,5.800000000000001,9.4,3.7,4.6,1.6,True,True,,,,,,,,,COMPLETE
2583,-1000000000.0,2026-04-01 07:16:41.300211,2026-04-01 07:16:43.846832,0 days 00:00:02.546621,15,2.35,16,1,16,1.5,0.8500000000000001,9,36,82,150,1,1.3,2.1,1.85,1.5,29,4.9,11.8,5.800000000000001,4.4,2.6,True,True,,,,,,,,,COMPLETE
2584,-1000000000.0,2026-04-01 07:16:43.881375,2026-04-01 07:16:43.961553,0 days 00:00:00.080178,16,2.5,23,3,14,1.6,0.7,8,41,86,90,5,1.15,2.6,1.75,2.5,15,5.2,11.2,3.8,5.2,3.0,True,False,,,,,,,,,COMPLETE
2585,-1000000000.0,2026-04-01 07:16:44.003284,2026-04-01 07:16:44.095139,0 days 00:00:00.091855,17,1.7,24,0,11,1.75,0.5,9,37,79,180,3,1.05,4.4,1.65,2.4,1,5.5,10.0,3.6,4.0,1.8,True,True,,,,,,,,,COMPLETE
2586,-1000000000.0,2026-04-01 07:16:44.136603,2026-04-01 07:16:44.236217,0 days 00:00:00.099614,19,1.7,21,2,12,1.4,0.75,10,35,92,150,6,1.35,4.6,1.9500000000000002,1.8,4,3.5,9.6,6.0,5.4,3.6,True,True,,,,,,,,,COMPLETE
2587,-1000000000.0,2026-04-01 07:16:44.275514,2026-04-01 07:16:44.371487,0 days 00:00:00.095973,10,2.4,17,2,15,1.3,0.65,8,40,75,120,2,1.4,3.4000000000000004,1.0,2.0,26,5.4,10.8,5.4,3.8,2.7,True,True,,,,,,,,,COMPLETE
2588,-1000000000.0,2026-04-01 07:16:44.412154,2026-04-01 07:16:44.512107,0 days 00:00:00.099953,13,1.5999999999999999,25,1,14,1.0,1.0,6,38,81,30,5,1.1,5.0,2.0,2.1,2,5.9,12.2,6.2,5.1,2.4,True,False,,,,,,,,,COMPLETE
2589,-1000000000.0,2026-04-01 07:16:44.549723,2026-04-01 07:16:44.638074,0 days 00:00:00.088351,20,2.2,20,0,13,1.1,0.95,7,41,90,180,4,2.1,2.0,1.8,1.6,14,5.0,9.8,6.800000000000001,3.7,2.9000000000000004,True,True,,,,,,,,,COMPLETE
2590,-1000000000.0,2026-04-01 07:16:44.687925,2026-04-01 07:16:44.781484,0 days 00:00:00.093559,18,2.0,21,1,12,1.55,0.7,8,36,88,150,6,1.3,2.7,1.45,3.3,10,5.6,13.4,6.4,6.800000000000001,3.2,True,True,,,,,,,,,COMPLETE
2591,-1000000000.0,2026-04-01 07:16:44.829238,2026-04-01 07:16:44.924657,0 days 00:00:00.095419,11,2.15,18,2,10,1.35,0.8,9,42,89,90,0,1.5,2.9,1.7000000000000002,3.5,24,5.1,11.8,3.3,4.9,3.1,True,False,,,,,,,,,COMPLETE
2592,-1000000000.0,2026-04-01 07:16:44.964327,2026-04-01 07:16:45.060356,0 days 00:00:00.096029,16,1.4,22,3,16,1.2,0.9,10,44,71,120,2,1.25,4.0,1.85,3.1,8,5.3,8.6,5.6,4.8,2.5,True,True,,,,,,,,,COMPLETE
2593,-1000000000.0,2026-04-01 07:16:45.100436,2026-04-01 07:16:47.749330,0 days 00:00:02.648894,16,2.45,16,1,14,1.05,0.5,5,35,92,180,3,2.1500000000000004,3.2,1.6,3.0,11,6.0,9.2,6.300000000000001,3.9,1.7,True,True,,,,,,,,,COMPLETE
2594,-1000000000.0,2026-04-01 07:16:47.781436,2026-04-01 07:16:47.890732,0 days 00:00:00.109296,19,2.3,23,2,15,1.65,0.7,8,39,83,150,5,1.2,3.0,1.9,1.9,17,5.7,11.4,4.9,3.0,3.2,True,True,,,,,,,,,COMPLETE
2595,-1000000000.0,2026-04-01 07:16:47.935250,2026-04-01 07:16:48.043657,0 days 00:00:00.108407,15,2.1,17,1,13,1.55,0.8500000000000001,7,37,70,30,3,1.0,4.2,1.55,1.5,9,5.2,10.6,3.2,5.5,1.9,True,False,,,,,,,,,COMPLETE
2596,-1000000000.0,2026-04-01 07:16:48.084705,2026-04-01 07:16:48.182588,0 days 00:00:00.097883,17,2.05,21,0,12,1.15,0.65,9,40,81,180,6,1.75,2.6,1.8,1.8,13,5.3,10.0,4.8,4.3,3.7,True,True,,,,,,,,,COMPLETE
2597,-1000000000.0,2026-04-01 07:16:48.220342,2026-04-01 07:16:48.313563,0 days 00:00:00.093221,13,2.35,20,2,11,1.5,0.5,9,41,91,150,4,1.55,4.9,1.05,3.2,5,5.1,14.0,5.9,5.0,2.8,True,True,,,,,,,,,COMPLETE
2598,-1000000000.0,2026-04-01 07:16:48.363237,2026-04-01 07:16:48.465137,0 days 00:00:00.101900,18,2.25,16,3,10,1.6,0.95,8,44,86,120,0,1.7000000000000002,3.9000000000000004,1.5,2.9000000000000004,27,4.8,9.4,3.4,4.7,3.3,True,True,,,,,,,,,COMPLETE
2599,-1000000000.0,2026-04-01 07:16:48.507293,2026-04-01 07:16:50.956528,0 days 00:00:02.449235,20,2.4,18,2,13,1.8,0.7,8,35,87,150,5,1.8,4.1,1.75,2.2,16,5.4,12.2,3.5,4.1,3.8000000000000003,True,False,,,,,,,,,COMPLETE
2600,-1000000000.0,2026-04-01 07:16:50.988778,2026-04-01 07:16:51.079243,0 days 00:00:00.090465,10,1.5,24,0,14,1.9500000000000002,0.75,6,42,84,90,1,1.15,5.0,1.7000000000000002,3.0,15,5.5,12.0,7.0,3.5,2.7,True,True,,,,,,,,,COMPLETE
2601,-1000000000.0,2026-04-01 07:16:51.127849,2026-04-01 07:16:51.238374,0 days 00:00:00.110525,12,1.65,19,1,16,1.1,0.95,7,39,72,180,4,1.4,3.7,1.65,1.5,0,4.9,11.6,3.1,4.8,1.7,True,True,,,,,,,,,COMPLETE
2602,-1000000000.0,2026-04-01 07:16:51.279556,2026-04-01 07:16:51.389343,0 days 00:00:00.109787,15,1.7999999999999998,20,2,15,1.05,0.9,10,38,93,150,6,1.85,3.3,1.6,2.6,9,5.6,14.4,6.7,4.6,3.6,False,True,,,,,,,,,COMPLETE
2603,-1000000000.0,2026-04-01 07:16:51.430522,2026-04-01 07:16:51.527419,0 days 00:00:00.096897,16,2.5,25,1,12,1.7000000000000002,0.5,9,35,90,120,5,1.25,2.8,1.85,2.8,24,5.2,10.4,5.7,6.5,3.1,True,False,,,,,,,,,COMPLETE
2604,-1000000000.0,2026-04-01 07:16:51.566113,2026-04-01 07:16:51.673987,0 days 00:00:00.107874,18,2.2,22,3,13,1.3,0.65,8,37,85,180,2,1.05,2.1,1.8,2.0,28,5.800000000000001,11.0,3.0,6.9,3.0,True,True,,,,,,,,,COMPLETE
2605,-1000000000.0,2026-04-01 07:16:51.715947,2026-04-01 07:16:51.820227,0 days 00:00:00.104280,19,1.75,16,0,12,1.65,0.7,7,40,81,30,0,1.3,2.0,1.55,1.6,25,5.0,10.2,6.6,4.5,3.3,False,True,,,,,,,,,COMPLETE
2606,-1000000000.0,2026-04-01 07:16:51.862497,2026-04-01 07:28:21.997024,0 days 00:11:30.134527,20,2.45,24,1,14,1.25,0.75,8,36,80,150,3,1.85,3.8,1.9,2.5,0,5.7,9.0,6.5,5.2,3.2,True,False,,,,,,,,,COMPLETE
2607,-1000000000.0,2026-04-01 07:28:22.038389,2026-04-01 07:28:22.138020,0 days 00:00:00.099631,10,1.5499999999999998,17,2,11,1.0,0.8,6,44,88,180,6,1.45,4.300000000000001,1.9500000000000002,2.1,14,5.0,9.6,5.5,3.3,1.6,False,True,,,,,,,,,COMPLETE
2608,-1000000000.0,2026-04-01 07:28:22.176881,2026-04-01 07:28:22.282328,0 days 00:00:00.105447,16,2.5,23,1,15,1.4,0.5,5,41,79,120,4,1.35,3.5,1.75,1.9,7,5.1,12.4,4.0,3.8,3.4000000000000004,True,True,,,,,,,,,COMPLETE
2609,-1000000000.0,2026-04-01 07:28:22.324306,2026-04-01 07:28:22.423543,0 days 00:00:00.099237,15,1.8499999999999999,21,2,14,1.45,1.0,9,40,70,90,5,1.65,3.1,2.0,2.7,3,5.3,9.8,6.300000000000001,3.1,3.9000000000000004,True,True,,,,,,,,,COMPLETE
2610,-1000000000.0,2026-04-01 07:28:22.475772,2026-04-01 07:28:22.581837,0 days 00:00:00.106065,11,1.5999999999999999,19,3,13,1.05,0.8500000000000001,9,37,91,150,3,2.2,3.6,1.85,1.5,12,5.1,8.0,3.6,4.3,3.5,False,False,,,,,,,,,COMPLETE
2611,-1000000000.0,2026-04-01 07:28:22.625841,2026-04-01 07:28:22.719766,0 days 00:00:00.093925,17,1.75,20,0,10,1.15,0.9,10,35,77,180,2,1.0,2.7,1.65,2.4,29,4.7,11.8,6.9,3.7,3.8000000000000003,True,True,,,,,,,,,COMPLETE
2612,-1000000000.0,2026-04-01 07:28:22.756787,2026-04-01 07:28:22.850642,0 days 00:00:00.093855,20,2.1,17,2,17,1.5,0.7,8,42,89,150,5,1.1,2.9,1.8,2.2,23,5.4,10.0,4.2,5.1,3.7,False,True,,,,,,,,,COMPLETE
2613,-1000000000.0,2026-04-01 07:28:22.881823,2026-04-01 07:28:22.987112,0 days 00:00:00.105289,19,2.2,16,1,13,1.2,0.65,7,39,82,30,0,1.25,4.7,1.0,2.1,17,4.9,12.0,5.2,3.6,2.9000000000000004,True,True,,,,,,,,,COMPLETE
2614,-1000000000.0,2026-04-01 07:28:23.025889,2026-04-01 07:28:23.138314,0 days 00:00:00.112425,13,2.15,22,2,12,1.45,0.95,9,44,71,120,6,1.2,3.0,1.5,1.5,26,5.9,9.6,3.2,4.9,3.1,False,False,,,,,,,,,COMPLETE
2615,-1000000000.0,2026-04-01 07:28:23.179556,2026-04-01 07:28:25.724249,0 days 00:00:02.544693,11,2.25,20,1,16,1.35,0.5,8,36,90,150,1,1.6,4.9,1.7000000000000002,2.0,18,6.0,11.6,5.0,4.7,3.3,True,True,,,,,,,,,COMPLETE
2616,-1000000000.0,2026-04-01 07:28:25.766055,2026-04-01 07:28:28.369173,0 days 00:00:02.603118,18,2.0,18,3,15,1.0,0.7,9,35,80,90,5,1.35,2.6,1.45,1.8,6,5.2,13.600000000000001,3.3,4.0,2.6,True,True,,,,,,,,,COMPLETE
2617,-1000000000.0,2026-04-01 07:28:28.408299,2026-04-01 07:28:28.517985,0 days 00:00:00.109686,12,2.35,21,2,14,1.3,0.65,7,41,92,180,3,2.1,2.1,1.65,1.6,1,5.7,8.2,3.5,6.6,1.9,False,True,,,,,,,,,COMPLETE
2618,-1000000000.0,2026-04-01 07:28:28.560791,2026-04-01 07:28:28.670506,0 days 00:00:00.109715,15,2.05,17,0,11,1.1,0.75,6,40,75,150,4,1.4,2.6,1.9,3.1,16,5.4,11.4,6.1,4.4,3.2,True,False,,,,,,,,,COMPLETE
2619,-1000000000.0,2026-04-01 07:28:28.709797,2026-04-01 07:28:28.805279,0 days 00:00:00.095482,16,1.65,21,1,13,1.6,0.5,8,38,83,120,6,1.8,2.8,1.5,1.5,30,5.3,10.6,3.9,3.2,2.5,False,True,,,,,,,,,COMPLETE
2620,-1000000000.0,2026-04-01 07:28:28.852273,2026-04-01 07:28:28.952646,0 days 00:00:00.100373,20,2.4,16,0,12,1.55,1.0,10,44,82,180,5,1.2,5.0,1.4,1.8,5,5.5,13.4,3.8,3.0,1.8,True,True,,,,,,,,,COMPLETE
2621,-1000000000.0,2026-04-01 07:28:28.992628,2026-04-01 07:28:31.622792,0 days 00:00:02.630164,18,2.45,25,2,14,1.75,0.95,6,36,73,150,2,1.05,5.0,1.05,1.9,15,5.6,12.2,3.7,5.0,3.2,True,False,,,,,,,,,COMPLETE
2622,-1000000000.0,2026-04-01 07:28:31.662571,2026-04-01 07:28:31.773748,0 days 00:00:00.111177,17,1.7999999999999998,20,1,12,1.65,0.8,8,37,84,30,0,1.3,3.2,1.8,2.3,11,5.2,14.2,6.9,3.9,2.4,False,True,,,,,,,,,COMPLETE
2623,-1000000000.0,2026-04-01 07:28:31.811276,2026-04-01 07:28:34.372803,0 days 00:00:02.561527,10,2.35,23,2,13,1.25,0.8500000000000001,9,35,81,90,3,2.1500000000000004,4.2,1.6,2.1,25,5.1,11.2,6.0,3.1,3.4000000000000004,True,True,,,,,,,,,COMPLETE
2624,-1000000000.0,2026-04-01 07:28:34.404797,2026-04-01 07:28:34.481077,0 days 00:00:00.076280,13,2.5,17,1,10,1.05,0.7,10,40,88,180,1,1.75,4.5,1.75,2.2,13,5.0,9.8,6.2,5.300000000000001,3.7,False,True,,,,,,,,,COMPLETE
2625,-1000000000.0,2026-04-01 07:28:34.512968,2026-04-01 07:28:34.607895,0 days 00:00:00.094927,16,2.3,16,3,15,1.0,0.9,7,41,89,150,5,1.35,2.0,1.55,2.0,18,5.3,11.8,5.800000000000001,4.9,3.1,True,False,,,,,,,,,COMPLETE
2626,-1000000000.0,2026-04-01 07:28:34.654203,2026-04-01 07:28:34.747844,0 days 00:00:00.093641,20,2.15,24,0,17,1.2,0.5,8,42,87,120,4,1.0,4.800000000000001,1.85,3.4000000000000004,26,4.8,8.6,6.4,5.5,1.9,True,True,,,,,,,,,COMPLETE
2627,-1000000000.0,2026-04-01 07:28:34.795198,2026-04-01 07:28:37.341507,0 days 00:00:02.546309,12,1.45,19,2,16,1.9,0.65,9,35,78,180,6,1.55,2.1,1.7000000000000002,1.6,28,4.6,9.2,5.300000000000001,4.2,2.7,False,True,,,,,,,,,COMPLETE
2628,-1000000000.0,2026-04-01 07:28:37.381700,2026-04-01 07:28:37.480955,0 days 00:00:00.099255,19,2.2,21,3,14,1.15,0.95,8,39,74,150,2,1.15,3.4000000000000004,1.9500000000000002,1.5,24,5.5,8.4,3.4,3.8,4.0,True,True,,,,,,,,,COMPLETE
