number,value,state,datetime_start,datetime_complete,duration_seconds,params_json,fold_sharpes_json,avg_cv_sharpe
2367,-1000000000.0,TrialState.COMPLETE,2026-04-01T05:59:33.839869,2026-04-01T05:59:33.947651,0.107782,"{""atr_window"": 12, ""bb_std_dev"": 2.4, ""bb_window"": 15, ""cooldown"": 1, ""macd_fast"": 18, ""macd_k"": 1.35, ""macd_k_mid"": 0.5, ""macd_signal"": 9, ""macd_slow"": 44, ""macd_std_window"": 89, ""rebalance_freq"": 60, ""rebounce_block"": 0, ""sl_mult_lm"": 1.65, ""sl_mult_lr"": 3.7, ""sl_mult_sm"": 1.05, ""sl_mult_sr"": 1.6, ""time_stop"": 19, ""tp_mult_lm"": 3.8, ""tp_mult_lr"": 12.2, ""tp_mult_sm"": 6.6, ""tp_mult_sr"": 4.0, ""trail_mult"": 2.7, ""trail_tp"": true, ""use_trailing"": true}",{},
2368,-1000000000.0,TrialState.COMPLETE,2026-04-01T05:59:33.992223,2026-04-01T05:59:36.451287,2.459064,"{""atr_window"": 20, ""bb_std_dev"": 2.0, ""bb_window"": 14, ""cooldown"": 4, ""macd_fast"": 17, ""macd_k"": 1.1, ""macd_k_mid"": 0.7, ""macd_signal"": 8, ""macd_slow"": 36, ""macd_std_window"": 94, ""rebalance_freq"": 120, ""rebounce_block"": 3, ""sl_mult_lm"": 2.1500000000000004, ""sl_mult_lr"": 2.1, ""sl_mult_sm"": 1.55, ""sl_mult_sr"": 2.3, ""time_stop"": 6, ""tp_mult_lm"": 4.7, ""tp_mult_lr"": 11.2, ""tp_mult_sm"": 7.0, ""tp_mult_sr"": 4.2, ""trail_mult"": 1.5, ""trail_tp"": false, ""use_trailing"": true}",{},
2369,-1000000000.0,TrialState.COMPLETE,2026-04-01T05:59:36.490961,2026-04-01T05:59:36.573471,0.08251,"{""atr_window"": 10, ""bb_std_dev"": 1.9, ""bb_window"": 16, ""cooldown"": 0, ""macd_fast"": 16, ""macd_k"": 1.65, ""macd_k_mid"": 0.9, ""macd_signal"": 5, ""macd_slow"": 39, ""macd_std_window"": 90, ""rebalance_freq"": 30, ""rebounce_block"": 4, ""sl_mult_lm"": 1.05, ""sl_mult_lr"": 3.0, ""sl_mult_sm"": 1.85, ""sl_mult_sr"": 1.7, ""time_stop"": 13, ""tp_mult_lm"": 4.9, ""tp_mult_lr"": 9.8, ""tp_mult_sm"": 4.7, ""tp_mult_sr"": 6.2, ""trail_mult"": 2.1, ""trail_tp"": true, ""use_trailing"": false}",{},
2370,-1000000000.0,TrialState.COMPLETE,2026-04-01T05:59:36.615879,2026-04-01T05:59:36.687239,0.07136,"{""atr_window"": 19, ""bb_std_dev"": 1.45, ""bb_window"": 17, ""cooldown"": 2, ""macd_fast"": 13, ""macd_k"": 1.8, ""macd_k_mid"": 0.6, ""macd_signal"": 9, ""macd_slow"": 38, ""macd_std_window"": 96, ""rebalance_freq"": 150, ""rebounce_block"": 2, ""sl_mult_lm"": 1.3, ""sl_mult_lr"": 4.0, ""sl_mult_sm"": 1.7000000000000002, ""sl_mult_sr"": 2.4, ""time_stop"": 4, ""tp_mult_lm"": 5.0, ""tp_mult_lr"": 14.2, ""tp_mult_sm"": 5.7, ""tp_mult_sr"": 5.9, ""trail_mult"": 1.7, ""trail_tp"": false, ""use_trailing"": true}",{},
2371,-1000000000.0,TrialState.COMPLETE,2026-04-01T05:59:36.717475,2026-04-01T05:59:36.787854,0.070379,"{""atr_window"": 17, ""bb_std_dev"": 1.75, ""bb_window"": 25, ""cooldown"": 3, ""macd_fast"": 11, ""macd_k"": 1.2, ""macd_k_mid"": 0.55, ""macd_signal"": 7, ""macd_slow"": 43, ""macd_std_window"": 85, ""rebalance_freq"": 90, ""rebounce_block"": 6, ""sl_mult_lm"": 1.15, ""sl_mult_lr"": 2.3, ""sl_mult_sm"": 1.3, ""sl_mult_sr"": 2.9000000000000004, ""time_stop"": 15, ""tp_mult_lm"": 5.800000000000001, ""tp_mult_lr"": 12.0, ""tp_mult_sm"": 4.1, ""tp_mult_sr"": 6.5, ""trail_mult"": 2.2, ""trail_tp"": true, ""use_trailing"": true}",{},
2372,-1000000000.0,TrialState.COMPLETE,2026-04-01T05:59:36.818314,2026-04-01T05:59:36.911880,0.093566,"{""atr_window"": 16, ""bb_std_dev"": 2.5, ""bb_window"": 23, ""cooldown"": 1, ""macd_fast"": 12, ""macd_k"": 1.3, ""macd_k_mid"": 0.5, ""macd_signal"": 8, ""macd_slow"": 42, ""macd_std_window"": 99, ""rebalance_freq"": 180, ""rebounce_block"": 5, ""sl_mult_lm"": 1.35, ""sl_mult_lr"": 2.5, ""sl_mult_sm"": 1.65, ""sl_mult_sr"": 3.5, ""time_stop"": 9, ""tp_mult_lm"": 5.4, ""tp_mult_lr"": 12.8, ""tp_mult_sm"": 5.1, ""tp_mult_sr"": 4.7, ""trail_mult"": 2.0, ""trail_tp"": false, ""use_trailing"": true}",{},
2373,-1000000000.0,TrialState.COMPLETE,2026-04-01T05:59:36.950484,2026-04-01T05:59:37.035270,0.084786,"{""atr_window"": 13, ""bb_std_dev"": 1.4, ""bb_window"": 20, ""cooldown"": 0, ""macd_fast"": 15, ""macd_k"": 1.45, ""macd_k_mid"": 0.75, ""macd_signal"": 9, ""macd_slow"": 41, ""macd_std_window"": 93, ""rebalance_freq"": 120, ""rebounce_block"": 5, ""sl_mult_lm"": 1.45, ""sl_mult_lr"": 4.2, ""sl_mult_sm"": 1.6, ""sl_mult_sr"": 2.1, ""time_stop"": 16, ""tp_mult_lm"": 5.3, ""tp_mult_lr"": 12.600000000000001, ""tp_mult_sm"": 3.6, ""tp_mult_sr"": 5.5, ""trail_mult"": 3.1, ""trail_tp"": true, ""use_trailing"": false}",{},
2374,-1000000000.0,TrialState.COMPLETE,2026-04-01T05:59:37.073817,2026-04-01T05:59:37.163325,0.089508,"{""atr_window"": 18, ""bb_std_dev"": 1.95, ""bb_window"": 14, ""cooldown"": 2, ""macd_fast"": 14, ""macd_k"": 1.6, ""macd_k_mid"": 0.65, ""macd_signal"": 10, ""macd_slow"": 40, ""macd_std_window"": 76, ""rebalance_freq"": 150, ""rebounce_block"": 0, ""sl_mult_lm"": 1.2, ""sl_mult_lr"": 2.0, ""sl_mult_sm"": 1.5, ""sl_mult_sr"": 1.8, ""time_stop"": 20, ""tp_mult_lm"": 5.9, ""tp_mult_lr"": 11.8, ""tp_mult_sm"": 6.9, ""tp_mult_sr"": 5.7, ""trail_mult"": 3.9000000000000004, ""trail_tp"": false, ""use_trailing"": true}",{},
2375,-1000000000.0,TrialState.COMPLETE,2026-04-01T05:59:37.200389,2026-04-01T05:59:37.314745,0.114356,"{""atr_window"": 11, ""bb_std_dev"": 2.3, ""bb_window"": 24, ""cooldown"": 1, ""macd_fast"": 10, ""macd_k"": 1.15, ""macd_k_mid"": 0.6, ""macd_signal"": 7, ""macd_slow"": 35, ""macd_std_window"": 75, ""rebalance_freq"": 180, ""rebounce_block"": 3, ""sl_mult_lm"": 1.9500000000000002, ""sl_mult_lr"": 2.9, ""sl_mult_sm"": 1.2, ""sl_mult_sr"": 1.7, ""time_stop"": 0, ""tp_mult_lm"": 3.9, ""tp_mult_lr"": 15.8, ""tp_mult_sm"": 6.2, ""tp_mult_sr"": 3.3, ""trail_mult"": 3.7, ""trail_tp"": true, ""use_trailing"": true}",{},
2376,-1000000000.0,TrialState.COMPLETE,2026-04-01T05:59:37.353509,2026-04-01T05:59:39.793209,2.4397,"{""atr_window"": 15, ""bb_std_dev"": 1.65, ""bb_window"": 15, ""cooldown"": 4, ""macd_fast"": 19, ""macd_k"": 1.4, ""macd_k_mid"": 0.55, ""macd_signal"": 8, ""macd_slow"": 36, ""macd_std_window"": 86, ""rebalance_freq"": 150, ""rebounce_block"": 1, ""sl_mult_lm"": 1.0, ""sl_mult_lr"": 3.8, ""sl_mult_sm"": 1.8, ""sl_mult_sr"": 1.9, ""time_stop"": 17, ""tp_mult_lm"": 4.8, ""tp_mult_lr"": 10.8, ""tp_mult_sm"": 3.5, ""tp_mult_sr"": 4.5, ""trail_mult"": 1.9, ""trail_tp"": false, ""use_trailing"": false}",{},
2377,-1000000000.0,TrialState.COMPLETE,2026-04-01T05:59:39.837173,2026-04-01T05:59:42.326218,2.489045,"{""atr_window"": 14, ""bb_std_dev"": 2.2, ""bb_window"": 14, ""cooldown"": 3, ""macd_fast"": 20, ""macd_k"": 1.0, ""macd_k_mid"": 0.55, ""macd_signal"": 6, ""macd_slow"": 42, ""macd_std_window"": 91, ""rebalance_freq"": 120, ""rebounce_block"": 5, ""sl_mult_lm"": 1.75, ""sl_mult_lr"": 2.3, ""sl_mult_sm"": 1.0, ""sl_mult_sr"": 1.5, ""time_stop"": 2, ""tp_mult_lm"": 4.6, ""tp_mult_lr"": 12.4, ""tp_mult_sm"": 6.7, ""tp_mult_sr"": 4.8, ""trail_mult"": 3.0, ""trail_tp"": true, ""use_trailing"": true}",{},
2378,-1000000000.0,TrialState.COMPLETE,2026-04-01T05:59:42.362564,2026-04-01T05:59:42.464259,0.101695,"{""atr_window"": 20, ""bb_std_dev"": 2.45, ""bb_window"": 16, ""cooldown"": 5, ""macd_fast"": 12, ""macd_k"": 1.1, ""macd_k_mid"": 0.8, ""macd_signal"": 9, ""macd_slow"": 44, ""macd_std_window"": 82, ""rebalance_freq"": 30, ""rebounce_block"": 2, ""sl_mult_lm"": 1.8, ""sl_mult_lr"": 2.7, ""sl_mult_sm"": 1.9, ""sl_mult_sr"": 1.6, ""time_stop"": 10, ""tp_mult_lm"": 5.7, ""tp_mult_lr"": 9.6, ""tp_mult_sm"": 4.5, ""tp_mult_sr"": 3.9, ""trail_mult"": 3.2, ""trail_tp"": true, ""use_trailing"": true}",{},
2379,-1000000000.0,TrialState.COMPLETE,2026-04-01T05:59:42.511782,2026-04-01T05:59:45.021428,2.509646,"{""atr_window"": 17, ""bb_std_dev"": 2.4, ""bb_window"": 17, ""cooldown"": 0, ""macd_fast"": 17, ""macd_k"": 1.85, ""macd_k_mid"": 0.7, ""macd_signal"": 8, ""macd_slow"": 39, ""macd_std_window"": 92, ""rebalance_freq"": 90, ""rebounce_block"": 4, ""sl_mult_lm"": 1.7000000000000002, ""sl_mult_lr"": 2.4, ""sl_mult_sm"": 1.75, ""sl_mult_sr"": 3.1, ""time_stop"": 26, ""tp_mult_lm"": 5.5, ""tp_mult_lr"": 10.0, ""tp_mult_sm"": 3.0, ""tp_mult_sr"": 5.0, ""trail_mult"": 2.8, ""trail_tp"": false, ""use_trailing"": true}",{},
2380,-1000000000.0,TrialState.COMPLETE,2026-04-01T05:59:45.057818,2026-04-01T05:59:45.162229,0.104411,"{""atr_window"": 19, ""bb_std_dev"": 2.1, ""bb_window"": 19, ""cooldown"": 2, ""macd_fast"": 18, ""macd_k"": 1.5, ""macd_k_mid"": 0.95, ""macd_signal"": 7, ""macd_slow"": 43, ""macd_std_window"": 81, ""rebalance_freq"": 150, ""rebounce_block"": 6, ""sl_mult_lm"": 2.0, ""sl_mult_lr"": 2.6, ""sl_mult_sm"": 1.35, ""sl_mult_sr"": 2.0, ""time_stop"": 21, ""tp_mult_lm"": 3.5, ""tp_mult_lr"": 14.4, ""tp_mult_sm"": 3.3, ""tp_mult_sr"": 6.1, ""trail_mult"": 2.1, ""trail_tp"": true, ""use_trailing"": false}",{},
2381,-1000000000.0,TrialState.COMPLETE,2026-04-01T05:59:45.200726,2026-04-01T05:59:47.789202,2.588476,"{""atr_window"": 18, ""bb_std_dev"": 1.5999999999999999, ""bb_window"": 18, ""cooldown"": 1, ""macd_fast"": 16, ""macd_k"": 1.2, ""macd_k_mid"": 0.5, ""macd_signal"": 9, ""macd_slow"": 38, ""macd_std_window"": 77, ""rebalance_freq"": 180, ""rebounce_block"": 5, ""sl_mult_lm"": 2.05, ""sl_mult_lr"": 4.800000000000001, ""sl_mult_sm"": 1.7000000000000002, ""sl_mult_sr"": 2.2, ""time_stop"": 8, ""tp_mult_lm"": 5.6, ""tp_mult_lr"": 10.6, ""tp_mult_sm"": 5.0, ""tp_mult_sr"": 5.1, ""trail_mult"": 3.6, ""trail_tp"": false, ""use_trailing"": true}",{},
2382,-1000000000.0,TrialState.COMPLETE,2026-04-01T05:59:47.827008,2026-04-01T05:59:50.368439,2.541431,"{""atr_window"": 16, ""bb_std_dev"": 2.35, ""bb_window"": 21, ""cooldown"": 1, ""macd_fast"": 20, ""macd_k"": 1.65, ""macd_k_mid"": 0.65, ""macd_signal"": 10, ""macd_slow"": 40, ""macd_std_window"": 88, ""rebalance_freq"": 120, ""rebounce_block"": 3, ""sl_mult_lm"": 2.1, ""sl_mult_lr"": 2.5, ""sl_mult_sm"": 1.85, ""sl_mult_sr"": 1.5, ""time_stop"": 14, ""tp_mult_lm"": 4.0, ""tp_mult_lr"": 16.6, ""tp_mult_sm"": 5.9, ""tp_mult_sr"": 4.1, ""trail_mult"": 3.3, ""trail_tp"": true, ""use_trailing"": true}",{},
2383,-1000000000.0,TrialState.COMPLETE,2026-04-01T05:59:50.407636,2026-04-01T05:59:50.494598,0.086962,"{""atr_window"": 15, ""bb_std_dev"": 1.8499999999999999, ""bb_window"": 22, ""cooldown"": 4, ""macd_fast"": 13, ""macd_k"": 1.35, ""macd_k_mid"": 0.6, ""macd_signal"": 8, ""macd_slow"": 44, ""macd_std_window"": 72, ""rebalance_freq"": 90, ""rebounce_block"": 0, ""sl_mult_lm"": 2.2, ""sl_mult_lr"": 2.1, ""sl_mult_sm"": 1.65, ""sl_mult_sr"": 2.1, ""time_stop"": 12, ""tp_mult_lm"": 5.4, ""tp_mult_lr"": 13.2, ""tp_mult_sm"": 4.8, ""tp_mult_sr"": 3.5, ""trail_mult"": 1.6, ""trail_tp"": false, ""use_trailing"": true}",{},
2384,-1000000000.0,TrialState.COMPLETE,2026-04-01T05:59:50.546135,2026-04-01T05:59:50.630945,0.08481,"{""atr_window"": 14, ""bb_std_dev"": 2.25, ""bb_window"": 14, ""cooldown"": 2, ""macd_fast"": 14, ""macd_k"": 1.15, ""macd_k_mid"": 0.8500000000000001, ""macd_signal"": 6, ""macd_slow"": 41, ""macd_std_window"": 100, ""rebalance_freq"": 30, ""rebounce_block"": 4, ""sl_mult_lm"": 1.05, ""sl_mult_lr"": 2.8, ""sl_mult_sm"": 1.05, ""sl_mult_sr"": 1.9, ""time_stop"": 5, ""tp_mult_lm"": 5.3, ""tp_mult_lr"": 8.4, ""tp_mult_sm"": 3.8, ""tp_mult_sr"": 4.3, ""trail_mult"": 1.8, ""trail_tp"": true, ""use_trailing"": false}",{},
2385,-1000000000.0,TrialState.COMPLETE,2026-04-01T05:59:50.669538,2026-04-01T05:59:53.212527,2.542989,"{""atr_window"": 16, ""bb_std_dev"": 2.5, ""bb_window"": 15, ""cooldown"": 0, ""macd_fast"": 15, ""macd_k"": 1.55, ""macd_k_mid"": 0.75, ""macd_signal"": 8, ""macd_slow"": 37, ""macd_std_window"": 70, ""rebalance_freq"": 150, ""rebounce_block"": 6, ""sl_mult_lm"": 1.6, ""sl_mult_lr"": 2.6, ""sl_mult_sm"": 1.5, ""sl_mult_sr"": 1.5, ""time_stop"": 22, ""tp_mult_lm"": 4.5, ""tp_mult_lr"": 11.8, ""tp_mult_sm"": 4.4, ""tp_mult_sr"": 5.300000000000001, ""trail_mult"": 2.0, ""trail_tp"": false, ""use_trailing"": true}",{},
2386,-1000000000.0,TrialState.COMPLETE,2026-04-01T05:59:53.246529,2026-04-01T05:59:53.361315,0.114786,"{""atr_window"": 12, ""bb_std_dev"": 1.5, ""bb_window"": 14, ""cooldown"": 1, ""macd_fast"": 10, ""macd_k"": 1.05, ""macd_k_mid"": 0.55, ""macd_signal"": 10, ""macd_slow"": 43, ""macd_std_window"": 98, ""rebalance_freq"": 150, ""rebounce_block"": 5, ""sl_mult_lm"": 1.4, ""sl_mult_lr"": 4.1, ""sl_mult_sm"": 1.15, ""sl_mult_sr"": 2.6, ""time_stop"": 28, ""tp_mult_lm"": 3.8, ""tp_mult_lr"": 12.2, ""tp_mult_sm"": 6.9, ""tp_mult_sr"": 5.4, ""trail_mult"": 2.9000000000000004, ""trail_tp"": true, ""use_trailing"": true}",{},
2387,-1000000000.0,TrialState.COMPLETE,2026-04-01T05:59:53.407678,2026-04-01T05:59:53.510827,0.103149,"{""atr_window"": 19, ""bb_std_dev"": 2.15, ""bb_window"": 20, ""cooldown"": 4, ""macd_fast"": 12, ""macd_k"": 1.1, ""macd_k_mid"": 0.7, ""macd_signal"": 9, ""macd_slow"": 40, ""macd_std_window"": 71, ""rebalance_freq"": 60, ""rebounce_block"": 2, ""sl_mult_lm"": 1.9, ""sl_mult_lr"": 2.2, ""sl_mult_sm"": 1.1, ""sl_mult_sr"": 2.5, ""time_stop"": 24, ""tp_mult_lm"": 5.1, ""tp_mult_lr"": 9.2, ""tp_mult_sm"": 3.5, ""tp_mult_sr"": 3.8, ""trail_mult"": 2.3, ""trail_tp"": false, ""use_trailing"": true}",{},
2388,-1000000000.0,TrialState.COMPLETE,2026-04-01T05:59:53.551156,2026-04-01T05:59:53.638719,0.087563,"{""atr_window"": 20, ""bb_std_dev"": 1.7, ""bb_window"": 17, ""cooldown"": 5, ""macd_fast"": 14, ""macd_k"": 1.45, ""macd_k_mid"": 0.55, ""macd_signal"": 7, ""macd_slow"": 41, ""macd_std_window"": 90, ""rebalance_freq"": 180, ""rebounce_block"": 3, ""sl_mult_lm"": 1.3, ""sl_mult_lr"": 3.4000000000000004, ""sl_mult_sm"": 1.8, ""sl_mult_sr"": 1.8, ""time_stop"": 30, ""tp_mult_lm"": 4.3, ""tp_mult_lr"": 15.2, ""tp_mult_sm"": 4.0, ""tp_mult_sr"": 6.4, ""trail_mult"": 3.5, ""trail_tp"": true, ""use_trailing"": false}",{},
2389,-1000000000.0,TrialState.COMPLETE,2026-04-01T05:59:53.677731,2026-04-01T05:59:56.349837,2.672106,"{""atr_window"": 14, ""bb_std_dev"": 1.75, ""bb_window"": 14, ""cooldown"": 3, ""macd_fast"": 18, ""macd_k"": 1.25, ""macd_k_mid"": 1.0, ""macd_signal"": 5, ""macd_slow"": 37, ""macd_std_window"": 89, ""rebalance_freq"": 150, ""rebounce_block"": 5, ""sl_mult_lm"": 1.25, ""sl_mult_lr"": 2.4, ""sl_mult_sm"": 1.4, ""sl_mult_sr"": 3.2, ""time_stop"": 21, ""tp_mult_lm"": 5.0, ""tp_mult_lr"": 12.8, ""tp_mult_sm"": 6.4, ""tp_mult_sr"": 4.6, ""trail_mult"": 2.2, ""trail_tp"": false, ""use_trailing"": true}",{},
2390,-1000000000.0,TrialState.COMPLETE,2026-04-01T05:59:56.387960,2026-04-01T05:59:56.461315,0.073355,"{""atr_window"": 15, ""bb_std_dev"": 1.5499999999999998, ""bb_window"": 16, ""cooldown"": 2, ""macd_fast"": 11, ""macd_k"": 1.0, ""macd_k_mid"": 0.9, ""macd_signal"": 8, ""macd_slow"": 35, ""macd_std_window"": 80, ""rebalance_freq"": 120, ""rebounce_block"": 0, ""sl_mult_lm"": 1.9500000000000002, ""sl_mult_lr"": 3.1, ""sl_mult_sm"": 1.25, ""sl_mult_sr"": 1.6, ""time_stop"": 9, ""tp_mult_lm"": 3.7, ""tp_mult_lr"": 9.8, ""tp_mult_sm"": 6.5, ""tp_mult_sr"": 4.4, ""trail_mult"": 2.5, ""trail_tp"": true, ""use_trailing"": true}",{},
2391,-1000000000.0,TrialState.COMPLETE,2026-04-01T05:59:56.493419,2026-04-01T05:59:56.583067,0.089648,"{""atr_window"": 13, ""bb_std_dev"": 2.0, ""bb_window"": 15, ""cooldown"": 0, ""macd_fast"": 13, ""macd_k"": 1.75, ""macd_k_mid"": 0.5, ""macd_signal"": 9, ""macd_slow"": 44, ""macd_std_window"": 79, ""rebalance_freq"": 30, ""rebounce_block"": 6, ""sl_mult_lm"": 1.2, ""sl_mult_lr"": 3.6, ""sl_mult_sm"": 1.55, ""sl_mult_sr"": 2.3, ""time_stop"": 15, ""tp_mult_lm"": 6.0, ""tp_mult_lr"": 11.4, ""tp_mult_sm"": 5.5, ""tp_mult_sr"": 3.1, ""trail_mult"": 3.8000000000000003, ""trail_tp"": false, ""use_trailing"": false}",{},
2392,-1000000000.0,TrialState.COMPLETE,2026-04-01T05:59:56.623025,2026-04-01T05:59:56.713796,0.090771,"{""atr_window"": 18, ""bb_std_dev"": 2.05, ""bb_window"": 18, ""cooldown"": 2, ""macd_fast"": 16, ""macd_k"": 1.7000000000000002, ""macd_k_mid"": 0.6, ""macd_signal"": 8, ""macd_slow"": 42, ""macd_std_window"": 96, ""rebalance_freq"": 180, ""rebounce_block"": 2, ""sl_mult_lm"": 1.0, ""sl_mult_lr"": 2.3, ""sl_mult_sm"": 1.6, ""sl_mult_sr"": 3.0, ""time_stop"": 19, ""tp_mult_lm"": 5.2, ""tp_mult_lr"": 10.4, ""tp_mult_sm"": 4.9, ""tp_mult_sr"": 6.6, ""trail_mult"": 2.7, ""trail_tp"": true, ""use_trailing"": true}",{},
2393,-1000000000.0,TrialState.COMPLETE,2026-04-01T05:59:56.752155,2026-04-01T05:59:56.854341,0.102186,"{""atr_window"": 20, ""bb_std_dev"": 2.1, ""bb_window"": 23, ""cooldown"": 3, ""macd_fast"": 15, ""macd_k"": 1.3, ""macd_k_mid"": 0.7, ""macd_signal"": 9, ""macd_slow"": 43, ""macd_std_window"": 80, ""rebalance_freq"": 150, ""rebounce_block"": 3, ""sl_mult_lm"": 1.5, ""sl_mult_lr"": 2.3, ""sl_mult_sm"": 1.9500000000000002, ""sl_mult_sr"": 2.0, ""time_stop"": 0, ""tp_mult_lm"": 4.2, ""tp_mult_lr"": 12.0, ""tp_mult_sm"": 3.2, ""tp_mult_sr"": 6.0, ""trail_mult"": 2.6, ""trail_tp"": false, ""use_trailing"": true}",{},
2394,-1000000000.0,TrialState.COMPLETE,2026-04-01T05:59:56.894489,2026-04-01T05:59:59.357748,2.463259,"{""atr_window"": 10, ""bb_std_dev"": 2.2, ""bb_window"": 19, ""cooldown"": 1, ""macd_fast"": 20, ""macd_k"": 1.6, ""macd_k_mid"": 0.55, ""macd_signal"": 7, ""macd_slow"": 36, ""macd_std_window"": 84, ""rebalance_freq"": 60, ""rebounce_block"": 4, ""sl_mult_lm"": 1.1, ""sl_mult_lr"": 4.2, ""sl_mult_sm"": 2.0, ""sl_mult_sr"": 2.1, ""time_stop"": 17, ""tp_mult_lm"": 4.1, ""tp_mult_lr"": 13.8, ""tp_mult_sm"": 5.6, ""tp_mult_sr"": 3.6, ""trail_mult"": 2.1, ""trail_tp"": true, ""use_trailing"": true}",{},
2395,-1000000000.0,TrialState.COMPLETE,2026-04-01T05:59:59.395508,2026-04-01T06:00:01.965587,2.570079,"{""atr_window"": 14, ""bb_std_dev"": 2.3, ""bb_window"": 24, ""cooldown"": 0, ""macd_fast"": 17, ""macd_k"": 1.2, ""macd_k_mid"": 0.65, ""macd_signal"": 6, ""macd_slow"": 39, ""macd_std_window"": 87, ""rebalance_freq"": 90, ""rebounce_block"": 5, ""sl_mult_lm"": 1.35, ""sl_mult_lr"": 2.9, ""sl_mult_sm"": 1.75, ""sl_mult_sr"": 1.7, ""time_stop"": 27, ""tp_mult_lm"": 3.6, ""tp_mult_lr"": 8.2, ""tp_mult_sm"": 6.300000000000001, ""tp_mult_sr"": 6.800000000000001, ""trail_mult"": 3.0, ""trail_tp"": false, ""use_trailing"": false}",{},
2396,-1000000000.0,TrialState.COMPLETE,2026-04-01T06:00:02.007168,2026-04-01T06:00:02.102456,0.095288,"{""atr_window"": 17, ""bb_std_dev"": 2.35, ""bb_window"": 14, ""cooldown"": 1, ""macd_fast"": 12, ""macd_k"": 1.15, ""macd_k_mid"": 0.5, ""macd_signal"": 8, ""macd_slow"": 37, ""macd_std_window"": 78, ""rebalance_freq"": 120, ""rebounce_block"": 1, ""sl_mult_lm"": 2.1500000000000004, ""sl_mult_lr"": 4.300000000000001, ""sl_mult_sm"": 1.7000000000000002, ""sl_mult_sr"": 2.2, ""time_stop"": 11, ""tp_mult_lm"": 4.9, ""tp_mult_lr"": 13.0, ""tp_mult_sm"": 4.6, ""tp_mult_sr"": 3.9, ""trail_mult"": 3.7, ""trail_tp"": true, ""use_trailing"": true}",{},
2397,-1000000000.0,TrialState.COMPLETE,2026-04-01T06:00:02.140133,2026-04-01T06:00:04.694806,2.554673,"{""atr_window"": 16, ""bb_std_dev"": 2.45, ""bb_window"": 16, ""cooldown"": 4, ""macd_fast"": 19, ""macd_k"": 1.65, ""macd_k_mid"": 0.55, ""macd_signal"": 9, ""macd_slow"": 40, ""macd_std_window"": 83, ""rebalance_freq"": 180, ""rebounce_block"": 6, ""sl_mult_lm"": 2.0, ""sl_mult_lr"": 2.0, ""sl_mult_sm"": 1.3, ""sl_mult_sr"": 1.8, ""time_stop"": 23, ""tp_mult_lm"": 5.800000000000001, ""tp_mult_lr"": 10.0, ""tp_mult_sm"": 5.300000000000001, ""tp_mult_sr"": 3.0, ""trail_mult"": 3.2, ""trail_tp"": false, ""use_trailing"": true}",{},
2398,-1000000000.0,TrialState.COMPLETE,2026-04-01T06:00:04.726878,2026-04-01T06:00:04.799531,0.072653,"{""atr_window"": 13, ""bb_std_dev"": 2.45, ""bb_window"": 21, ""cooldown"": 5, ""macd_fast"": 14, ""macd_k"": 1.5, ""macd_k_mid"": 0.6, ""macd_signal"": 10, ""macd_slow"": 43, ""macd_std_window"": 99, ""rebalance_freq"": 150, ""rebounce_block"": 0, ""sl_mult_lm"": 1.55, ""sl_mult_lr"": 2.5, ""sl_mult_sm"": 1.9, ""sl_mult_sr"": 2.7, ""time_stop"": 7, ""tp_mult_lm"": 5.4, ""tp_mult_lr"": 11.0, ""tp_mult_sm"": 6.800000000000001, ""tp_mult_sr"": 6.300000000000001, ""trail_mult"": 3.9000000000000004, ""trail_tp"": true, ""use_trailing"": true}",{},
2399,-1000000000.0,TrialState.COMPLETE,2026-04-01T06:00:04.840571,2026-04-01T06:00:04.929468,0.088897,"{""atr_window"": 15, ""bb_std_dev"": 2.25, ""bb_window"": 15, ""cooldown"": 1, ""macd_fast"": 10, ""macd_k"": 1.8, ""macd_k_mid"": 0.6, ""macd_signal"": 7, ""macd_slow"": 44, ""macd_std_window"": 91, ""rebalance_freq"": 150, ""rebounce_block"": 4, ""sl_mult_lm"": 1.15, ""sl_mult_lr"": 2.5, ""sl_mult_sm"": 1.65, ""sl_mult_sr"": 1.6, ""time_stop"": 29, ""tp_mult_lm"": 5.0, ""tp_mult_lr"": 11.6, ""tp_mult_sm"": 3.9, ""tp_mult_sr"": 5.6, ""trail_mult"": 3.1, ""trail_tp"": false, ""use_trailing"": false}",{},
2400,1.99375,TrialState.COMPLETE,2026-04-01T06:00:04.967793,2026-04-01T06:00:07.532528,2.564735,"{""atr_window"": 11, ""bb_std_dev"": 1.7999999999999998, ""bb_window"": 20, ""cooldown"": 2, ""macd_fast"": 13, ""macd_k"": 1.05, ""macd_k_mid"": 0.95, ""macd_signal"": 8, ""macd_slow"": 35, ""macd_std_window"": 81, ""rebalance_freq"": 120, ""rebounce_block"": 5, ""sl_mult_lm"": 1.85, ""sl_mult_lr"": 5.0, ""sl_mult_sm"": 1.85, ""sl_mult_sr"": 1.5, ""time_stop"": 25, ""tp_mult_lm"": 5.2, ""tp_mult_lr"": 9.6, ""tp_mult_sm"": 3.4, ""tp_mult_sr"": 4.9, ""trail_mult"": 3.3, ""trail_tp"": true, ""use_trailing"": true}",{},
2401,-1000000000.0,TrialState.COMPLETE,2026-04-01T06:00:07.571856,2026-04-01T06:00:07.662489,0.090633,"{""atr_window"": 11, ""bb_std_dev"": 2.4, ""bb_window"": 19, ""cooldown"": 2, ""macd_fast"": 13, ""macd_k"": 1.0, ""macd_k_mid"": 1.0, ""macd_signal"": 8, ""macd_slow"": 35, ""macd_std_window"": 81, ""rebalance_freq"": 180, ""rebounce_block"": 5, ""sl_mult_lm"": 1.85, ""sl_mult_lr"": 4.9, ""sl_mult_sm"": 1.85, ""sl_mult_sr"": 1.5, ""time_stop"": 26, ""tp_mult_lm"": 5.2, ""tp_mult_lr"": 9.2, ""tp_mult_sm"": 3.6, ""tp_mult_sr"": 4.9, ""trail_mult"": 3.3, ""trail_tp"": true, ""use_trailing"": true}",{},
