number,value,state,datetime_start,datetime_complete,duration_seconds,params_json,fold_sharpes_json,avg_cv_sharpe
1891,-1000000000.0,TrialState.COMPLETE,2026-04-01T03:54:31.978872,2026-04-01T03:54:34.601912,2.62304,"{""atr_window"": 14, ""bb_std_dev"": 1.95, ""bb_window"": 15, ""cooldown"": 1, ""macd_fast"": 20, ""macd_k"": 1.75, ""macd_k_mid"": 0.6, ""macd_signal"": 10, ""macd_slow"": 35, ""macd_std_window"": 81, ""rebalance_freq"": 120, ""rebounce_block"": 6, ""sl_mult_lm"": 1.85, ""sl_mult_lr"": 4.1, ""sl_mult_sm"": 1.6, ""sl_mult_sr"": 2.6, ""time_stop"": 0, ""tp_mult_lm"": 4.8, ""tp_mult_lr"": 13.2, ""tp_mult_sm"": 6.7, ""tp_mult_sr"": 6.300000000000001, ""trail_mult"": 2.6, ""trail_tp"": false, ""use_trailing"": false}",{},
1892,-1000000000.0,TrialState.COMPLETE,2026-04-01T03:54:34.637277,2026-04-01T03:54:34.714183,0.076906,"{""atr_window"": 16, ""bb_std_dev"": 1.7999999999999998, ""bb_window"": 25, ""cooldown"": 5, ""macd_fast"": 12, ""macd_k"": 1.0, ""macd_k_mid"": 0.55, ""macd_signal"": 7, ""macd_slow"": 37, ""macd_std_window"": 99, ""rebalance_freq"": 60, ""rebounce_block"": 0, ""sl_mult_lm"": 1.2, ""sl_mult_lr"": 4.9, ""sl_mult_sm"": 1.0, ""sl_mult_sr"": 3.0, ""time_stop"": 18, ""tp_mult_lm"": 4.5, ""tp_mult_lr"": 11.6, ""tp_mult_sm"": 6.2, ""tp_mult_sr"": 6.5, ""trail_mult"": 3.2, ""trail_tp"": true, ""use_trailing"": true}",{},
1893,-1000000000.0,TrialState.COMPLETE,2026-04-01T03:54:34.761409,2026-04-01T03:54:34.844451,0.083042,"{""atr_window"": 10, ""bb_std_dev"": 1.65, ""bb_window"": 23, ""cooldown"": 3, ""macd_fast"": 15, ""macd_k"": 1.55, ""macd_k_mid"": 0.8500000000000001, ""macd_signal"": 6, ""macd_slow"": 42, ""macd_std_window"": 97, ""rebalance_freq"": 180, ""rebounce_block"": 5, ""sl_mult_lm"": 2.05, ""sl_mult_lr"": 2.5, ""sl_mult_sm"": 2.0, ""sl_mult_sr"": 2.3, ""time_stop"": 19, ""tp_mult_lm"": 3.7, ""tp_mult_lr"": 8.2, ""tp_mult_sm"": 5.6, ""tp_mult_sr"": 5.9, ""trail_mult"": 1.5, ""trail_tp"": false, ""use_trailing"": true}",{},
1894,-1000000000.0,TrialState.COMPLETE,2026-04-01T03:54:34.882586,2026-04-01T03:54:34.958074,0.075488,"{""atr_window"": 13, ""bb_std_dev"": 2.35, ""bb_window"": 14, ""cooldown"": 2, ""macd_fast"": 16, ""macd_k"": 1.45, ""macd_k_mid"": 0.7, ""macd_signal"": 9, ""macd_slow"": 44, ""macd_std_window"": 90, ""rebalance_freq"": 150, ""rebounce_block"": 3, ""sl_mult_lm"": 1.9500000000000002, ""sl_mult_lr"": 2.6, ""sl_mult_sm"": 1.35, ""sl_mult_sr"": 1.5, ""time_stop"": 13, ""tp_mult_lm"": 4.2, ""tp_mult_lr"": 16.4, ""tp_mult_sm"": 6.5, ""tp_mult_sr"": 4.0, ""trail_mult"": 2.9000000000000004, ""trail_tp"": true, ""use_trailing"": true}",{},
1895,-1000000000.0,TrialState.COMPLETE,2026-04-01T03:54:34.996233,2026-04-01T03:54:35.070960,0.074727,"{""atr_window"": 12, ""bb_std_dev"": 2.3, ""bb_window"": 16, ""cooldown"": 1, ""macd_fast"": 14, ""macd_k"": 1.6, ""macd_k_mid"": 0.55, ""macd_signal"": 8, ""macd_slow"": 40, ""macd_std_window"": 85, ""rebalance_freq"": 90, ""rebounce_block"": 5, ""sl_mult_lm"": 1.0, ""sl_mult_lr"": 2.1, ""sl_mult_sm"": 1.3, ""sl_mult_sr"": 1.8, ""time_stop"": 29, ""tp_mult_lm"": 5.3, ""tp_mult_lr"": 12.0, ""tp_mult_sm"": 3.5, ""tp_mult_sr"": 3.6, ""trail_mult"": 2.3, ""trail_tp"": false, ""use_trailing"": false}",{},
1896,-1000000000.0,TrialState.COMPLETE,2026-04-01T03:54:35.108268,2026-04-01T03:54:35.176836,0.068568,"{""atr_window"": 15, ""bb_std_dev"": 2.5, ""bb_window"": 22, ""cooldown"": 4, ""macd_fast"": 18, ""macd_k"": 1.35, ""macd_k_mid"": 0.5, ""macd_signal"": 8, ""macd_slow"": 41, ""macd_std_window"": 71, ""rebalance_freq"": 120, ""rebounce_block"": 6, ""sl_mult_lm"": 1.8, ""sl_mult_lr"": 2.4, ""sl_mult_sm"": 1.05, ""sl_mult_sr"": 3.4000000000000004, ""time_stop"": 11, ""tp_mult_lm"": 5.0, ""tp_mult_lr"": 10.2, ""tp_mult_sm"": 4.9, ""tp_mult_sr"": 4.6, ""trail_mult"": 2.2, ""trail_tp"": true, ""use_trailing"": true}",{},
1897,-1000000000.0,TrialState.COMPLETE,2026-04-01T03:54:35.211783,2026-04-01T03:54:35.297345,0.085562,"{""atr_window"": 19, ""bb_std_dev"": 1.7, ""bb_window"": 18, ""cooldown"": 2, ""macd_fast"": 10, ""macd_k"": 1.2, ""macd_k_mid"": 1.0, ""macd_signal"": 10, ""macd_slow"": 43, ""macd_std_window"": 87, ""rebalance_freq"": 150, ""rebounce_block"": 2, ""sl_mult_lm"": 1.65, ""sl_mult_lr"": 2.9, ""sl_mult_sm"": 1.7000000000000002, ""sl_mult_sr"": 3.1, ""time_stop"": 18, ""tp_mult_lm"": 5.1, ""tp_mult_lr"": 9.2, ""tp_mult_sm"": 4.6, ""tp_mult_sr"": 5.6, ""trail_mult"": 3.6, ""trail_tp"": false, ""use_trailing"": true}",{},
1898,-1000000000.0,TrialState.COMPLETE,2026-04-01T03:54:35.335334,2026-04-01T03:54:37.966910,2.631576,"{""atr_window"": 18, ""bb_std_dev"": 1.75, ""bb_window"": 16, ""cooldown"": 0, ""macd_fast"": 20, ""macd_k"": 1.7000000000000002, ""macd_k_mid"": 0.6, ""macd_signal"": 7, ""macd_slow"": 39, ""macd_std_window"": 88, ""rebalance_freq"": 180, ""rebounce_block"": 4, ""sl_mult_lm"": 2.2, ""sl_mult_lr"": 2.4, ""sl_mult_sm"": 1.25, ""sl_mult_sr"": 1.9, ""time_stop"": 30, ""tp_mult_lm"": 5.4, ""tp_mult_lr"": 8.0, ""tp_mult_sm"": 4.4, ""tp_mult_sr"": 5.5, ""trail_mult"": 3.1, ""trail_tp"": true, ""use_trailing"": false}",{},
1899,-1000000000.0,TrialState.COMPLETE,2026-04-01T03:54:38.002342,2026-04-01T03:54:40.568601,2.566259,"{""atr_window"": 14, ""bb_std_dev"": 2.4, ""bb_window"": 19, ""cooldown"": 3, ""macd_fast"": 14, ""macd_k"": 1.1, ""macd_k_mid"": 0.65, ""macd_signal"": 8, ""macd_slow"": 36, ""macd_std_window"": 82, ""rebalance_freq"": 150, ""rebounce_block"": 3, ""sl_mult_lm"": 1.5, ""sl_mult_lr"": 3.0, ""sl_mult_sm"": 1.9, ""sl_mult_sr"": 2.9000000000000004, ""time_stop"": 10, ""tp_mult_lm"": 4.9, ""tp_mult_lr"": 11.2, ""tp_mult_sm"": 3.0, ""tp_mult_sr"": 4.7, ""trail_mult"": 3.3, ""trail_tp"": false, ""use_trailing"": true}",{},
1900,-1000000000.0,TrialState.COMPLETE,2026-04-01T03:54:40.599891,2026-04-01T03:54:40.673085,0.073194,"{""atr_window"": 16, ""bb_std_dev"": 2.1, ""bb_window"": 21, ""cooldown"": 1, ""macd_fast"": 13, ""macd_k"": 1.9, ""macd_k_mid"": 0.6, ""macd_signal"": 5, ""macd_slow"": 42, ""macd_std_window"": 92, ""rebalance_freq"": 30, ""rebounce_block"": 5, ""sl_mult_lm"": 1.3, ""sl_mult_lr"": 2.7, ""sl_mult_sm"": 1.85, ""sl_mult_sr"": 2.0, ""time_stop"": 5, ""tp_mult_lm"": 3.9, ""tp_mult_lr"": 9.8, ""tp_mult_sm"": 6.4, ""tp_mult_sr"": 3.9, ""trail_mult"": 3.0, ""trail_tp"": true, ""use_trailing"": true}",{},
1901,-1000000000.0,TrialState.COMPLETE,2026-04-01T03:54:40.708767,2026-04-01T03:54:40.789641,0.080874,"{""atr_window"": 13, ""bb_std_dev"": 2.2, ""bb_window"": 17, ""cooldown"": 2, ""macd_fast"": 11, ""macd_k"": 1.8, ""macd_k_mid"": 0.55, ""macd_signal"": 9, ""macd_slow"": 43, ""macd_std_window"": 72, ""rebalance_freq"": 120, ""rebounce_block"": 0, ""sl_mult_lm"": 1.4, ""sl_mult_lr"": 2.0, ""sl_mult_sm"": 1.55, ""sl_mult_sr"": 2.2, ""time_stop"": 8, ""tp_mult_lm"": 6.0, ""tp_mult_lr"": 14.8, ""tp_mult_sm"": 7.0, ""tp_mult_sr"": 3.3, ""trail_mult"": 2.1, ""trail_tp"": true, ""use_trailing"": true}",{},
1902,-1000000000.0,TrialState.COMPLETE,2026-04-01T03:54:40.825627,2026-04-01T03:54:43.367401,2.541774,"{""atr_window"": 17, ""bb_std_dev"": 1.8499999999999999, ""bb_window"": 14, ""cooldown"": 1, ""macd_fast"": 15, ""macd_k"": 1.15, ""macd_k_mid"": 0.8, ""macd_signal"": 6, ""macd_slow"": 37, ""macd_std_window"": 83, ""rebalance_freq"": 60, ""rebounce_block"": 1, ""sl_mult_lm"": 1.6, ""sl_mult_lr"": 2.5, ""sl_mult_sm"": 1.6, ""sl_mult_sr"": 2.1, ""time_stop"": 16, ""tp_mult_lm"": 5.7, ""tp_mult_lr"": 12.2, ""tp_mult_sm"": 6.2, ""tp_mult_sr"": 3.2, ""trail_mult"": 2.5, ""trail_tp"": false, ""use_trailing"": false}",{},
1903,-1000000000.0,TrialState.COMPLETE,2026-04-01T03:54:43.396271,2026-04-01T03:54:43.456838,0.060567,"{""atr_window"": 20, ""bb_std_dev"": 1.5999999999999999, ""bb_window"": 24, ""cooldown"": 0, ""macd_fast"": 12, ""macd_k"": 1.05, ""macd_k_mid"": 0.7, ""macd_signal"": 7, ""macd_slow"": 41, ""macd_std_window"": 91, ""rebalance_freq"": 150, ""rebounce_block"": 6, ""sl_mult_lm"": 1.35, ""sl_mult_lr"": 3.4000000000000004, ""sl_mult_sm"": 1.5, ""sl_mult_sr"": 1.6, ""time_stop"": 14, ""tp_mult_lm"": 5.5, ""tp_mult_lr"": 10.4, ""tp_mult_sm"": 5.0, ""tp_mult_sr"": 4.4, ""trail_mult"": 2.4, ""trail_tp"": true, ""use_trailing"": true}",{},
1904,-1000000000.0,TrialState.COMPLETE,2026-04-01T03:54:43.485633,2026-04-01T03:54:46.017654,2.532021,"{""atr_window"": 19, ""bb_std_dev"": 1.4, ""bb_window"": 15, ""cooldown"": 4, ""macd_fast"": 16, ""macd_k"": 1.65, ""macd_k_mid"": 0.75, ""macd_signal"": 9, ""macd_slow"": 35, ""macd_std_window"": 100, ""rebalance_freq"": 90, ""rebounce_block"": 4, ""sl_mult_lm"": 1.25, ""sl_mult_lr"": 3.2, ""sl_mult_sm"": 1.7000000000000002, ""sl_mult_sr"": 1.7, ""time_stop"": 24, ""tp_mult_lm"": 5.6, ""tp_mult_lr"": 14.2, ""tp_mult_sm"": 4.8, ""tp_mult_sr"": 5.800000000000001, ""trail_mult"": 3.2, ""trail_tp"": false, ""use_trailing"": true}",{},
1905,-1000000000.0,TrialState.COMPLETE,2026-04-01T03:54:46.055449,2026-04-01T03:54:46.129833,0.074384,"{""atr_window"": 16, ""bb_std_dev"": 2.0, ""bb_window"": 14, ""cooldown"": 5, ""macd_fast"": 20, ""macd_k"": 1.0, ""macd_k_mid"": 0.5, ""macd_signal"": 8, ""macd_slow"": 44, ""macd_std_window"": 76, ""rebalance_freq"": 150, ""rebounce_block"": 5, ""sl_mult_lm"": 1.75, ""sl_mult_lr"": 3.1, ""sl_mult_sm"": 1.1, ""sl_mult_sr"": 1.5, ""time_stop"": 22, ""tp_mult_lm"": 5.2, ""tp_mult_lr"": 17.0, ""tp_mult_sm"": 3.8, ""tp_mult_sr"": 3.1, ""trail_mult"": 1.9, ""trail_tp"": true, ""use_trailing"": true}",{},
1906,-1000000000.0,TrialState.COMPLETE,2026-04-01T03:54:46.167399,2026-04-01T03:54:48.678986,2.511587,"{""atr_window"": 15, ""bb_std_dev"": 2.5, ""bb_window"": 20, ""cooldown"": 2, ""macd_fast"": 18, ""macd_k"": 1.15, ""macd_k_mid"": 0.55, ""macd_signal"": 10, ""macd_slow"": 40, ""macd_std_window"": 81, ""rebalance_freq"": 180, ""rebounce_block"": 2, ""sl_mult_lm"": 1.15, ""sl_mult_lr"": 2.3, ""sl_mult_sm"": 1.65, ""sl_mult_sr"": 1.9, ""time_stop"": 20, ""tp_mult_lm"": 3.8, ""tp_mult_lr"": 10.8, ""tp_mult_sm"": 4.7, ""tp_mult_sr"": 6.6, ""trail_mult"": 2.7, ""trail_tp"": false, ""use_trailing"": false}",{},
1907,-1000000000.0,TrialState.COMPLETE,2026-04-01T03:54:48.707961,2026-04-01T03:54:51.312761,2.6048,"{""atr_window"": 11, ""bb_std_dev"": 2.05, ""bb_window"": 14, ""cooldown"": 1, ""macd_fast"": 17, ""macd_k"": 1.3, ""macd_k_mid"": 0.6, ""macd_signal"": 9, ""macd_slow"": 38, ""macd_std_window"": 77, ""rebalance_freq"": 30, ""rebounce_block"": 0, ""sl_mult_lm"": 2.0, ""sl_mult_lr"": 2.6, ""sl_mult_sm"": 1.9500000000000002, ""sl_mult_sr"": 2.7, ""time_stop"": 17, ""tp_mult_lm"": 4.3, ""tp_mult_lr"": 13.0, ""tp_mult_sm"": 3.3, ""tp_mult_sr"": 4.3, ""trail_mult"": 3.7, ""trail_tp"": true, ""use_trailing"": true}",{},
1908,-1000000000.0,TrialState.COMPLETE,2026-04-01T03:54:51.349162,2026-04-01T03:54:51.420702,0.07154,"{""atr_window"": 17, ""bb_std_dev"": 1.45, ""bb_window"": 17, ""cooldown"": 3, ""macd_fast"": 12, ""macd_k"": 1.85, ""macd_k_mid"": 0.5, ""macd_signal"": 8, ""macd_slow"": 44, ""macd_std_window"": 89, ""rebalance_freq"": 180, ""rebounce_block"": 3, ""sl_mult_lm"": 1.2, ""sl_mult_lr"": 4.2, ""sl_mult_sm"": 1.8, ""sl_mult_sr"": 1.8, ""time_stop"": 23, ""tp_mult_lm"": 5.1, ""tp_mult_lr"": 14.0, ""tp_mult_sm"": 5.300000000000001, ""tp_mult_sr"": 3.0, ""trail_mult"": 3.1, ""trail_tp"": false, ""use_trailing"": true}",{},
1909,-1000000000.0,TrialState.COMPLETE,2026-04-01T03:54:51.456864,2026-04-01T03:54:51.548939,0.092075,"{""atr_window"": 14, ""bb_std_dev"": 2.45, ""bb_window"": 16, ""cooldown"": 0, ""macd_fast"": 14, ""macd_k"": 1.55, ""macd_k_mid"": 0.65, ""macd_signal"": 7, ""macd_slow"": 37, ""macd_std_window"": 90, ""rebalance_freq"": 120, ""rebounce_block"": 6, ""sl_mult_lm"": 1.9, ""sl_mult_lr"": 4.800000000000001, ""sl_mult_sm"": 1.55, ""sl_mult_sr"": 2.2, ""time_stop"": 21, ""tp_mult_lm"": 3.6, ""tp_mult_lr"": 11.8, ""tp_mult_sm"": 3.6, ""tp_mult_sr"": 3.4, ""trail_mult"": 2.0, ""trail_tp"": true, ""use_trailing"": true}",{},
1910,-1000000000.0,TrialState.COMPLETE,2026-04-01T03:54:51.592903,2026-04-01T03:54:51.670049,0.077146,"{""atr_window"": 18, ""bb_std_dev"": 2.25, ""bb_window"": 15, ""cooldown"": 1, ""macd_fast"": 13, ""macd_k"": 1.2, ""macd_k_mid"": 0.7, ""macd_signal"": 9, ""macd_slow"": 43, ""macd_std_window"": 70, ""rebalance_freq"": 150, ""rebounce_block"": 5, ""sl_mult_lm"": 1.7000000000000002, ""sl_mult_lr"": 2.2, ""sl_mult_sm"": 1.75, ""sl_mult_sr"": 2.4, ""time_stop"": 9, ""tp_mult_lm"": 5.800000000000001, ""tp_mult_lr"": 12.600000000000001, ""tp_mult_sm"": 3.7, ""tp_mult_sr"": 3.7, ""trail_mult"": 3.4000000000000004, ""trail_tp"": false, ""use_trailing"": false}",{},
1911,-1000000000.0,TrialState.COMPLETE,2026-04-01T03:54:51.706407,2026-04-01T03:54:51.782062,0.075655,"{""atr_window"": 20, ""bb_std_dev"": 2.15, ""bb_window"": 18, ""cooldown"": 2, ""macd_fast"": 10, ""macd_k"": 2.0, ""macd_k_mid"": 0.9, ""macd_signal"": 8, ""macd_slow"": 36, ""macd_std_window"": 97, ""rebalance_freq"": 90, ""rebounce_block"": 4, ""sl_mult_lm"": 1.55, ""sl_mult_lr"": 2.8, ""sl_mult_sm"": 1.9, ""sl_mult_sr"": 2.5, ""time_stop"": 15, ""tp_mult_lm"": 4.8, ""tp_mult_lr"": 14.600000000000001, ""tp_mult_sm"": 4.1, ""tp_mult_sr"": 5.1, ""trail_mult"": 1.7, ""trail_tp"": true, ""use_trailing"": true}",{},
1912,-1000000000.0,TrialState.COMPLETE,2026-04-01T03:54:51.814752,2026-04-01T03:54:51.886137,0.071385,"{""atr_window"": 15, ""bb_std_dev"": 2.3, ""bb_window"": 19, ""cooldown"": 5, ""macd_fast"": 11, ""macd_k"": 1.5, ""macd_k_mid"": 0.75, ""macd_signal"": 9, ""macd_slow"": 41, ""macd_std_window"": 84, ""rebalance_freq"": 180, ""rebounce_block"": 3, ""sl_mult_lm"": 1.05, ""sl_mult_lr"": 2.5, ""sl_mult_sm"": 1.0, ""sl_mult_sr"": 2.1, ""time_stop"": 4, ""tp_mult_lm"": 5.5, ""tp_mult_lr"": 12.4, ""tp_mult_sm"": 4.3, ""tp_mult_sr"": 5.9, ""trail_mult"": 2.2, ""trail_tp"": false, ""use_trailing"": true}",{},
1913,-1000000000.0,TrialState.COMPLETE,2026-04-01T03:54:51.921530,2026-04-01T03:54:54.427731,2.506201,"{""atr_window"": 16, ""bb_std_dev"": 2.35, ""bb_window"": 14, ""cooldown"": 4, ""macd_fast"": 15, ""macd_k"": 1.25, ""macd_k_mid"": 0.55, ""macd_signal"": 5, ""macd_slow"": 35, ""macd_std_window"": 73, ""rebalance_freq"": 120, ""rebounce_block"": 2, ""sl_mult_lm"": 1.1, ""sl_mult_lr"": 4.300000000000001, ""sl_mult_sm"": 2.0, ""sl_mult_sr"": 1.5, ""time_stop"": 2, ""tp_mult_lm"": 5.7, ""tp_mult_lr"": 9.8, ""tp_mult_sm"": 6.9, ""tp_mult_sr"": 5.0, ""trail_mult"": 3.8000000000000003, ""trail_tp"": true, ""use_trailing"": false}",{},
1914,-1000000000.0,TrialState.COMPLETE,2026-04-01T03:54:54.462427,2026-04-01T03:54:57.090966,2.628539,"{""atr_window"": 13, ""bb_std_dev"": 1.9, ""bb_window"": 21, ""cooldown"": 3, ""macd_fast"": 19, ""macd_k"": 1.0, ""macd_k_mid"": 0.55, ""macd_signal"": 10, ""macd_slow"": 40, ""macd_std_window"": 71, ""rebalance_freq"": 150, ""rebounce_block"": 5, ""sl_mult_lm"": 1.35, ""sl_mult_lr"": 2.1, ""sl_mult_sm"": 1.2, ""sl_mult_sr"": 2.3, ""time_stop"": 20, ""tp_mult_lm"": 4.6, ""tp_mult_lr"": 12.0, ""tp_mult_sm"": 3.5, ""tp_mult_sr"": 4.5, ""trail_mult"": 4.0, ""trail_tp"": false, ""use_trailing"": true}",{},
1915,-1000000000.0,TrialState.COMPLETE,2026-04-01T03:54:57.127557,2026-04-01T04:10:07.721044,910.593487,"{""atr_window"": 12, ""bb_std_dev"": 1.95, ""bb_window"": 15, ""cooldown"": 0, ""macd_fast"": 20, ""macd_k"": 1.6, ""macd_k_mid"": 0.8500000000000001, ""macd_signal"": 6, ""macd_slow"": 39, ""macd_std_window"": 80, ""rebalance_freq"": 180, ""rebounce_block"": 1, ""sl_mult_lm"": 2.1, ""sl_mult_lr"": 2.4, ""sl_mult_sm"": 1.8, ""sl_mult_sr"": 1.6, ""time_stop"": 1, ""tp_mult_lm"": 5.3, ""tp_mult_lr"": 9.0, ""tp_mult_sm"": 6.4, ""tp_mult_sr"": 4.8, ""trail_mult"": 3.2, ""trail_tp"": true, ""use_trailing"": true}",{},
1916,-1000000000.0,TrialState.COMPLETE,2026-04-01T04:10:07.755414,2026-04-01T04:10:07.815968,0.060554,"{""atr_window"": 19, ""bb_std_dev"": 2.25, ""bb_window"": 22, ""cooldown"": 1, ""macd_fast"": 13, ""macd_k"": 1.1, ""macd_k_mid"": 0.6, ""macd_signal"": 7, ""macd_slow"": 44, ""macd_std_window"": 93, ""rebalance_freq"": 150, ""rebounce_block"": 0, ""sl_mult_lm"": 1.85, ""sl_mult_lr"": 2.3, ""sl_mult_sm"": 1.65, ""sl_mult_sr"": 2.0, ""time_stop"": 7, ""tp_mult_lm"": 5.9, ""tp_mult_lr"": 11.6, ""tp_mult_sm"": 3.1, ""tp_mult_sr"": 4.2, ""trail_mult"": 2.9000000000000004, ""trail_tp"": false, ""use_trailing"": true}",{},
1917,-1000000000.0,TrialState.COMPLETE,2026-04-01T04:10:07.852043,2026-04-01T04:10:07.932835,0.080792,"{""atr_window"": 14, ""bb_std_dev"": 1.5499999999999998, ""bb_window"": 24, ""cooldown"": 2, ""macd_fast"": 14, ""macd_k"": 1.4, ""macd_k_mid"": 0.5, ""macd_signal"": 8, ""macd_slow"": 43, ""macd_std_window"": 91, ""rebalance_freq"": 90, ""rebounce_block"": 6, ""sl_mult_lm"": 1.4, ""sl_mult_lr"": 4.0, ""sl_mult_sm"": 1.85, ""sl_mult_sr"": 1.7, ""time_stop"": 21, ""tp_mult_lm"": 5.4, ""tp_mult_lr"": 9.6, ""tp_mult_sm"": 6.800000000000001, ""tp_mult_sr"": 6.800000000000001, ""trail_mult"": 2.6, ""trail_tp"": true, ""use_trailing"": false}",{},
1918,-1000000000.0,TrialState.COMPLETE,2026-04-01T04:10:07.972235,2026-04-01T04:10:08.059351,0.087116,"{""atr_window"": 18, ""bb_std_dev"": 2.2, ""bb_window"": 23, ""cooldown"": 4, ""macd_fast"": 12, ""macd_k"": 1.05, ""macd_k_mid"": 0.95, ""macd_signal"": 8, ""macd_slow"": 40, ""macd_std_window"": 87, ""rebalance_freq"": 60, ""rebounce_block"": 6, ""sl_mult_lm"": 1.3, ""sl_mult_lr"": 3.3, ""sl_mult_sm"": 1.15, ""sl_mult_sr"": 1.5, ""time_stop"": 14, ""tp_mult_lm"": 5.0, ""tp_mult_lr"": 15.0, ""tp_mult_sm"": 6.1, ""tp_mult_sr"": 3.8, ""trail_mult"": 2.1, ""trail_tp"": false, ""use_trailing"": true}",{},
1919,-1000000000.0,TrialState.COMPLETE,2026-04-01T04:10:08.095954,2026-04-01T04:10:08.177020,0.081066,"{""atr_window"": 10, ""bb_std_dev"": 2.4, ""bb_window"": 20, ""cooldown"": 1, ""macd_fast"": 15, ""macd_k"": 1.45, ""macd_k_mid"": 0.55, ""macd_signal"": 9, ""macd_slow"": 42, ""macd_std_window"": 99, ""rebalance_freq"": 120, ""rebounce_block"": 4, ""sl_mult_lm"": 1.9500000000000002, ""sl_mult_lr"": 3.8, ""sl_mult_sm"": 1.25, ""sl_mult_sr"": 1.8, ""time_stop"": 10, ""tp_mult_lm"": 5.1, ""tp_mult_lr"": 13.600000000000001, ""tp_mult_sm"": 4.5, ""tp_mult_sr"": 4.1, ""trail_mult"": 3.0, ""trail_tp"": true, ""use_trailing"": true}",{},
1920,-1000000000.0,TrialState.COMPLETE,2026-04-01T04:10:08.207403,2026-04-01T04:10:08.265457,0.058054,"{""atr_window"": 15, ""bb_std_dev"": 2.5, ""bb_window"": 14, ""cooldown"": 1, ""macd_fast"": 16, ""macd_k"": 1.1, ""macd_k_mid"": 0.65, ""macd_signal"": 9, ""macd_slow"": 41, ""macd_std_window"": 89, ""rebalance_freq"": 30, ""rebounce_block"": 5, ""sl_mult_lm"": 1.9, ""sl_mult_lr"": 5.0, ""sl_mult_sm"": 1.7000000000000002, ""sl_mult_sr"": 1.9, ""time_stop"": 27, ""tp_mult_lm"": 5.6, ""tp_mult_lr"": 12.8, ""tp_mult_sm"": 5.9, ""tp_mult_sr"": 5.7, ""trail_mult"": 2.8, ""trail_tp"": false, ""use_trailing"": true}",{},
1921,-1000000000.0,TrialState.COMPLETE,2026-04-01T04:10:08.300938,2026-04-01T04:10:10.653366,2.352428,"{""atr_window"": 20, ""bb_std_dev"": 2.05, ""bb_window"": 25, ""cooldown"": 0, ""macd_fast"": 17, ""macd_k"": 1.65, ""macd_k_mid"": 0.7, ""macd_signal"": 6, ""macd_slow"": 37, ""macd_std_window"": 85, ""rebalance_freq"": 150, ""rebounce_block"": 3, ""sl_mult_lm"": 1.0, ""sl_mult_lr"": 2.2, ""sl_mult_sm"": 1.85, ""sl_mult_sr"": 2.0, ""time_stop"": 6, ""tp_mult_lm"": 4.7, ""tp_mult_lr"": 10.6, ""tp_mult_sm"": 3.4, ""tp_mult_sr"": 6.2, ""trail_mult"": 3.1, ""trail_tp"": true, ""use_trailing"": false}",{},
1922,-1000000000.0,TrialState.COMPLETE,2026-04-01T04:10:10.688265,2026-04-01T04:10:13.197039,2.508774,"{""atr_window"": 17, ""bb_std_dev"": 1.7999999999999998, ""bb_window"": 17, ""cooldown"": 2, ""macd_fast"": 18, ""macd_k"": 1.5, ""macd_k_mid"": 0.6, ""macd_signal"": 8, ""macd_slow"": 39, ""macd_std_window"": 100, ""rebalance_freq"": 180, ""rebounce_block"": 5, ""sl_mult_lm"": 1.45, ""sl_mult_lr"": 2.9, ""sl_mult_sm"": 1.05, ""sl_mult_sr"": 2.1, ""time_stop"": 28, ""tp_mult_lm"": 4.4, ""tp_mult_lr"": 14.4, ""tp_mult_sm"": 5.7, ""tp_mult_sr"": 4.0, ""trail_mult"": 2.2, ""trail_tp"": false, ""use_trailing"": true}",{},
1923,-1000000000.0,TrialState.COMPLETE,2026-04-01T04:10:13.236759,2026-04-01T04:10:13.311841,0.075082,"{""atr_window"": 16, ""bb_std_dev"": 2.45, ""bb_window"": 16, ""cooldown"": 3, ""macd_fast"": 14, ""macd_k"": 1.35, ""macd_k_mid"": 0.55, ""macd_signal"": 7, ""macd_slow"": 42, ""macd_std_window"": 88, ""rebalance_freq"": 120, ""rebounce_block"": 0, ""sl_mult_lm"": 1.8, ""sl_mult_lr"": 2.7, ""sl_mult_sm"": 1.4, ""sl_mult_sr"": 1.6, ""time_stop"": 0, ""tp_mult_lm"": 5.2, ""tp_mult_lr"": 13.2, ""tp_mult_sm"": 4.4, ""tp_mult_sr"": 6.300000000000001, ""trail_mult"": 3.5, ""trail_tp"": true, ""use_trailing"": true}",{},
1924,-1000000000.0,TrialState.COMPLETE,2026-04-01T04:10:13.349329,2026-04-01T04:10:13.423813,0.074484,"{""atr_window"": 14, ""bb_std_dev"": 1.65, ""bb_window"": 15, ""cooldown"": 2, ""macd_fast"": 13, ""macd_k"": 1.8, ""macd_k_mid"": 0.8, ""macd_signal"": 10, ""macd_slow"": 38, ""macd_std_window"": 86, ""rebalance_freq"": 90, ""rebounce_block"": 1, ""sl_mult_lm"": 2.05, ""sl_mult_lr"": 2.3, ""sl_mult_sm"": 1.55, ""sl_mult_sr"": 3.3, ""time_stop"": 3, ""tp_mult_lm"": 4.9, ""tp_mult_lr"": 11.0, ""tp_mult_sm"": 3.9, ""tp_mult_sr"": 3.9, ""trail_mult"": 1.6, ""trail_tp"": false, ""use_trailing"": true}",{},
