number,value,state,datetime_start,datetime_complete,duration_seconds,params_json,fold_sharpes_json,avg_cv_sharpe
1925,-1000000000.0,TrialState.COMPLETE,2026-04-01T04:10:13.470574,2026-04-01T04:10:13.548369,0.077795,"{""atr_window"": 19, ""bb_std_dev"": 1.75, ""bb_window"": 14, ""cooldown"": 4, ""macd_fast"": 10, ""macd_k"": 1.7000000000000002, ""macd_k_mid"": 0.7, ""macd_signal"": 8, ""macd_slow"": 36, ""macd_std_window"": 98, ""rebalance_freq"": 30, ""rebounce_block"": 2, ""sl_mult_lm"": 1.75, ""sl_mult_lr"": 2.6, ""sl_mult_sm"": 1.9500000000000002, ""sl_mult_sr"": 2.6, ""time_stop"": 16, ""tp_mult_lm"": 3.5, ""tp_mult_lr"": 10.0, ""tp_mult_sm"": 3.0, ""tp_mult_sr"": 3.0, ""trail_mult"": 3.6, ""trail_tp"": true, ""use_trailing"": false}",{},
1926,-1000000000.0,TrialState.COMPLETE,2026-04-01T04:10:13.588728,2026-04-01T04:10:13.667517,0.078789,"{""atr_window"": 15, ""bb_std_dev"": 2.4, ""bb_window"": 17, ""cooldown"": 1, ""macd_fast"": 12, ""macd_k"": 1.05, ""macd_k_mid"": 1.0, ""macd_signal"": 9, ""macd_slow"": 44, ""macd_std_window"": 96, ""rebalance_freq"": 150, ""rebounce_block"": 3, ""sl_mult_lm"": 2.0, ""sl_mult_lr"": 2.0, ""sl_mult_sm"": 1.75, ""sl_mult_sr"": 2.2, ""time_stop"": 19, ""tp_mult_lm"": 5.3, ""tp_mult_lr"": 15.4, ""tp_mult_sm"": 6.6, ""tp_mult_sr"": 5.800000000000001, ""trail_mult"": 3.7, ""trail_tp"": false, ""use_trailing"": true}",{},
1927,-1000000000.0,TrialState.COMPLETE,2026-04-01T04:10:13.704933,2026-04-01T04:10:13.777712,0.072779,"{""atr_window"": 11, ""bb_std_dev"": 2.3, ""bb_window"": 14, ""cooldown"": 5, ""macd_fast"": 11, ""macd_k"": 1.2, ""macd_k_mid"": 0.5, ""macd_signal"": 10, ""macd_slow"": 43, ""macd_std_window"": 81, ""rebalance_freq"": 150, ""rebounce_block"": 5, ""sl_mult_lm"": 1.2, ""sl_mult_lr"": 2.4, ""sl_mult_sm"": 1.6, ""sl_mult_sr"": 3.5, ""time_stop"": 12, ""tp_mult_lm"": 5.0, ""tp_mult_lr"": 11.6, ""tp_mult_sm"": 3.3, ""tp_mult_sr"": 4.6, ""trail_mult"": 1.8, ""trail_tp"": true, ""use_trailing"": true}",{},
1928,-1000000000.0,TrialState.COMPLETE,2026-04-01T04:10:13.814051,2026-04-01T04:10:16.362244,2.548193,"{""atr_window"": 18, ""bb_std_dev"": 1.7, ""bb_window"": 21, ""cooldown"": 0, ""macd_fast"": 19, ""macd_k"": 1.55, ""macd_k_mid"": 0.95, ""macd_signal"": 7, ""macd_slow"": 35, ""macd_std_window"": 75, ""rebalance_freq"": 180, ""rebounce_block"": 6, ""sl_mult_lm"": 2.1500000000000004, ""sl_mult_lr"": 4.2, ""sl_mult_sm"": 1.5, ""sl_mult_sr"": 1.5, ""time_stop"": 25, ""tp_mult_lm"": 6.0, ""tp_mult_lr"": 12.2, ""tp_mult_sm"": 6.0, ""tp_mult_sr"": 3.1, ""trail_mult"": 3.2, ""trail_tp"": false, ""use_trailing"": false}",{},
1929,-1000000000.0,TrialState.COMPLETE,2026-04-01T04:10:16.397572,2026-04-01T04:10:19.042622,2.64505,"{""atr_window"": 20, ""bb_std_dev"": 2.2, ""bb_window"": 16, ""cooldown"": 2, ""macd_fast"": 20, ""macd_k"": 1.15, ""macd_k_mid"": 0.65, ""macd_signal"": 8, ""macd_slow"": 41, ""macd_std_window"": 82, ""rebalance_freq"": 120, ""rebounce_block"": 0, ""sl_mult_lm"": 1.9500000000000002, ""sl_mult_lr"": 2.1, ""sl_mult_sm"": 1.1, ""sl_mult_sr"": 3.2, ""time_stop"": 13, ""tp_mult_lm"": 4.1, ""tp_mult_lr"": 9.4, ""tp_mult_sm"": 5.1, ""tp_mult_sr"": 5.6, ""trail_mult"": 3.9000000000000004, ""trail_tp"": true, ""use_trailing"": true}",{},
1930,-1000000000.0,TrialState.COMPLETE,2026-04-01T04:10:19.080127,2026-04-01T04:10:19.160875,0.080748,"{""atr_window"": 16, ""bb_std_dev"": 1.9, ""bb_window"": 18, ""cooldown"": 3, ""macd_fast"": 14, ""macd_k"": 1.25, ""macd_k_mid"": 0.55, ""macd_signal"": 6, ""macd_slow"": 40, ""macd_std_window"": 94, ""rebalance_freq"": 150, ""rebounce_block"": 4, ""sl_mult_lm"": 1.3, ""sl_mult_lr"": 4.4, ""sl_mult_sm"": 1.9, ""sl_mult_sr"": 1.8, ""time_stop"": 22, ""tp_mult_lm"": 5.6, ""tp_mult_lr"": 10.4, ""tp_mult_sm"": 5.5, ""tp_mult_sr"": 6.1, ""trail_mult"": 2.1, ""trail_tp"": true, ""use_trailing"": true}",{},
1931,-1000000000.0,TrialState.COMPLETE,2026-04-01T04:10:19.199536,2026-04-01T04:10:21.755082,2.555546,"{""atr_window"": 12, ""bb_std_dev"": 2.0, ""bb_window"": 14, ""cooldown"": 1, ""macd_fast"": 15, ""macd_k"": 1.85, ""macd_k_mid"": 0.6, ""macd_signal"": 9, ""macd_slow"": 37, ""macd_std_window"": 95, ""rebalance_freq"": 180, ""rebounce_block"": 6, ""sl_mult_lm"": 1.25, ""sl_mult_lr"": 2.8, ""sl_mult_sm"": 1.45, ""sl_mult_sr"": 3.0, ""time_stop"": 26, ""tp_mult_lm"": 4.2, ""tp_mult_lr"": 13.0, ""tp_mult_sm"": 4.6, ""tp_mult_sr"": 5.2, ""trail_mult"": 2.3, ""trail_tp"": false, ""use_trailing"": true}",{},
1932,-1000000000.0,TrialState.COMPLETE,2026-04-01T04:10:21.792252,2026-04-01T04:10:21.865379,0.073127,"{""atr_window"": 14, ""bb_std_dev"": 1.7, ""bb_window"": 22, ""cooldown"": 1, ""macd_fast"": 17, ""macd_k"": 1.75, ""macd_k_mid"": 0.5, ""macd_signal"": 7, ""macd_slow"": 44, ""macd_std_window"": 70, ""rebalance_freq"": 30, ""rebounce_block"": 5, ""sl_mult_lm"": 1.05, ""sl_mult_lr"": 2.5, ""sl_mult_sm"": 1.7000000000000002, ""sl_mult_sr"": 2.1, ""time_stop"": 11, ""tp_mult_lm"": 3.7, ""tp_mult_lr"": 11.8, ""tp_mult_sm"": 6.7, ""tp_mult_sr"": 3.7, ""trail_mult"": 1.9, ""trail_tp"": true, ""use_trailing"": false}",{},
1933,-1000000000.0,TrialState.COMPLETE,2026-04-01T04:10:21.911358,2026-04-01T04:10:21.982497,0.071139,"{""atr_window"": 18, ""bb_std_dev"": 2.35, ""bb_window"": 20, ""cooldown"": 4, ""macd_fast"": 12, ""macd_k"": 1.6, ""macd_k_mid"": 0.55, ""macd_signal"": 9, ""macd_slow"": 43, ""macd_std_window"": 74, ""rebalance_freq"": 90, ""rebounce_block"": 3, ""sl_mult_lm"": 2.1, ""sl_mult_lr"": 2.2, ""sl_mult_sm"": 1.65, ""sl_mult_sr"": 1.7, ""time_stop"": 18, ""tp_mult_lm"": 3.6, ""tp_mult_lr"": 8.4, ""tp_mult_sm"": 4.0, ""tp_mult_sr"": 6.0, ""trail_mult"": 2.2, ""trail_tp"": false, ""use_trailing"": true}",{},
1934,-1000000000.0,TrialState.COMPLETE,2026-04-01T04:10:22.017435,2026-04-01T04:10:22.104212,0.086777,"{""atr_window"": 13, ""bb_std_dev"": 2.1, ""bb_window"": 15, ""cooldown"": 0, ""macd_fast"": 18, ""macd_k"": 1.0, ""macd_k_mid"": 0.9, ""macd_signal"": 8, ""macd_slow"": 43, ""macd_std_window"": 90, ""rebalance_freq"": 60, ""rebounce_block"": 4, ""sl_mult_lm"": 1.35, ""sl_mult_lr"": 3.7, ""sl_mult_sm"": 1.3, ""sl_mult_sr"": 3.1, ""time_stop"": 17, ""tp_mult_lm"": 5.4, ""tp_mult_lr"": 12.600000000000001, ""tp_mult_sm"": 3.2, ""tp_mult_sr"": 3.6, ""trail_mult"": 3.1, ""trail_tp"": true, ""use_trailing"": true}",{},
1935,-1000000000.0,TrialState.COMPLETE,2026-04-01T04:10:22.142594,2026-04-01T04:10:22.216684,0.07409,"{""atr_window"": 17, ""bb_std_dev"": 2.15, ""bb_window"": 17, ""cooldown"": 2, ""macd_fast"": 16, ""macd_k"": 1.45, ""macd_k_mid"": 0.7, ""macd_signal"": 8, ""macd_slow"": 39, ""macd_std_window"": 99, ""rebalance_freq"": 150, ""rebounce_block"": 2, ""sl_mult_lm"": 1.0, ""sl_mult_lr"": 2.4, ""sl_mult_sm"": 1.8, ""sl_mult_sr"": 2.2, ""time_stop"": 15, ""tp_mult_lm"": 3.8, ""tp_mult_lr"": 11.4, ""tp_mult_sm"": 6.9, ""tp_mult_sr"": 4.9, ""trail_mult"": 1.5, ""trail_tp"": false, ""use_trailing"": true}",{},
1936,-1000000000.0,TrialState.COMPLETE,2026-04-01T04:10:22.256757,2026-04-01T04:10:24.721569,2.464812,"{""atr_window"": 20, ""bb_std_dev"": 2.25, ""bb_window"": 14, ""cooldown"": 4, ""macd_fast"": 20, ""macd_k"": 1.15, ""macd_k_mid"": 0.8500000000000001, ""macd_signal"": 9, ""macd_slow"": 42, ""macd_std_window"": 80, ""rebalance_freq"": 120, ""rebounce_block"": 6, ""sl_mult_lm"": 2.2, ""sl_mult_lr"": 3.5, ""sl_mult_sm"": 1.05, ""sl_mult_sr"": 2.8, ""time_stop"": 8, ""tp_mult_lm"": 5.2, ""tp_mult_lr"": 10.2, ""tp_mult_sm"": 6.300000000000001, ""tp_mult_sr"": 4.4, ""trail_mult"": 3.3, ""trail_tp"": true, ""use_trailing"": false}",{},
1937,-1000000000.0,TrialState.COMPLETE,2026-04-01T04:10:24.754721,2026-04-01T04:10:24.840132,0.085411,"{""atr_window"": 14, ""bb_std_dev"": 2.45, ""bb_window"": 16, ""cooldown"": 1, ""macd_fast"": 12, ""macd_k"": 1.1, ""macd_k_mid"": 0.6, ""macd_signal"": 6, ""macd_slow"": 38, ""macd_std_window"": 78, ""rebalance_freq"": 150, ""rebounce_block"": 3, ""sl_mult_lm"": 1.6, ""sl_mult_lr"": 3.1, ""sl_mult_sm"": 1.75, ""sl_mult_sr"": 1.9, ""time_stop"": 9, ""tp_mult_lm"": 3.9, ""tp_mult_lr"": 16.200000000000003, ""tp_mult_sm"": 5.4, ""tp_mult_sr"": 3.8, ""trail_mult"": 1.7, ""trail_tp"": false, ""use_trailing"": true}",{},
1938,-1000000000.0,TrialState.COMPLETE,2026-04-01T04:10:24.877400,2026-04-01T04:10:24.949745,0.072345,"{""atr_window"": 16, ""bb_std_dev"": 1.7999999999999998, ""bb_window"": 15, ""cooldown"": 0, ""macd_fast"": 10, ""macd_k"": 1.65, ""macd_k_mid"": 0.55, ""macd_signal"": 5, ""macd_slow"": 36, ""macd_std_window"": 83, ""rebalance_freq"": 180, ""rebounce_block"": 5, ""sl_mult_lm"": 1.65, ""sl_mult_lr"": 4.9, ""sl_mult_sm"": 1.55, ""sl_mult_sr"": 1.6, ""time_stop"": 17, ""tp_mult_lm"": 5.800000000000001, ""tp_mult_lr"": 13.4, ""tp_mult_sm"": 4.2, ""tp_mult_sr"": 6.4, ""trail_mult"": 2.6, ""trail_tp"": true, ""use_trailing"": true}",{},
1939,-1000000000.0,TrialState.COMPLETE,2026-04-01T04:10:24.986347,2026-04-01T04:10:25.064257,0.07791,"{""atr_window"": 13, ""bb_std_dev"": 2.1, ""bb_window"": 25, ""cooldown"": 3, ""macd_fast"": 14, ""macd_k"": 1.4, ""macd_k_mid"": 0.7, ""macd_signal"": 9, ""macd_slow"": 41, ""macd_std_window"": 92, ""rebalance_freq"": 30, ""rebounce_block"": 0, ""sl_mult_lm"": 1.15, ""sl_mult_lr"": 2.3, ""sl_mult_sm"": 1.0, ""sl_mult_sr"": 2.5, ""time_stop"": 21, ""tp_mult_lm"": 5.7, ""tp_mult_lr"": 12.8, ""tp_mult_sm"": 6.5, ""tp_mult_sr"": 6.5, ""trail_mult"": 3.8000000000000003, ""trail_tp"": false, ""use_trailing"": false}",{},
1940,-1000000000.0,TrialState.COMPLETE,2026-04-01T04:10:25.115474,2026-04-01T04:10:27.616398,2.500924,"{""atr_window"": 15, ""bb_std_dev"": 2.5, ""bb_window"": 23, ""cooldown"": 5, ""macd_fast"": 15, ""macd_k"": 1.3, ""macd_k_mid"": 0.5, ""macd_signal"": 10, ""macd_slow"": 35, ""macd_std_window"": 89, ""rebalance_freq"": 150, ""rebounce_block"": 5, ""sl_mult_lm"": 1.35, ""sl_mult_lr"": 4.1, ""sl_mult_sm"": 1.6, ""sl_mult_sr"": 1.5, ""time_stop"": 22, ""tp_mult_lm"": 5.3, ""tp_mult_lr"": 8.6, ""tp_mult_sm"": 3.6, ""tp_mult_sr"": 4.7, ""trail_mult"": 1.6, ""trail_tp"": true, ""use_trailing"": true}",{},
1941,-1000000000.0,TrialState.COMPLETE,2026-04-01T04:10:27.652343,2026-04-01T04:10:27.723217,0.070874,"{""atr_window"": 10, ""bb_std_dev"": 1.95, ""bb_window"": 19, ""cooldown"": 2, ""macd_fast"": 13, ""macd_k"": 1.55, ""macd_k_mid"": 0.6, ""macd_signal"": 7, ""macd_slow"": 40, ""macd_std_window"": 79, ""rebalance_freq"": 90, ""rebounce_block"": 2, ""sl_mult_lm"": 1.9, ""sl_mult_lr"": 3.0, ""sl_mult_sm"": 1.85, ""sl_mult_sr"": 2.0, ""time_stop"": 20, ""tp_mult_lm"": 4.5, ""tp_mult_lr"": 11.2, ""tp_mult_sm"": 3.7, ""tp_mult_sr"": 3.2, ""trail_mult"": 3.2, ""trail_tp"": false, ""use_trailing"": true}",{},
1942,-1000000000.0,TrialState.COMPLETE,2026-04-01T04:10:27.762243,2026-04-01T04:10:27.834501,0.072258,"{""atr_window"": 12, ""bb_std_dev"": 1.8499999999999999, ""bb_window"": 14, ""cooldown"": 1, ""macd_fast"": 14, ""macd_k"": 1.5, ""macd_k_mid"": 0.55, ""macd_signal"": 8, ""macd_slow"": 44, ""macd_std_window"": 72, ""rebalance_freq"": 150, ""rebounce_block"": 1, ""sl_mult_lm"": 1.4, ""sl_mult_lr"": 3.2, ""sl_mult_sm"": 1.25, ""sl_mult_sr"": 1.7, ""time_stop"": 30, ""tp_mult_lm"": 5.1, ""tp_mult_lr"": 16.6, ""tp_mult_sm"": 5.800000000000001, ""tp_mult_sr"": 7.0, ""trail_mult"": 2.7, ""trail_tp"": true, ""use_trailing"": true}",{},
1943,-1000000000.0,TrialState.COMPLETE,2026-04-01T04:10:27.880018,2026-04-01T04:10:27.953235,0.073217,"{""atr_window"": 19, ""bb_std_dev"": 2.05, ""bb_window"": 17, ""cooldown"": 4, ""macd_fast"": 11, ""macd_k"": 1.4, ""macd_k_mid"": 0.75, ""macd_signal"": 8, ""macd_slow"": 37, ""macd_std_window"": 98, ""rebalance_freq"": 180, ""rebounce_block"": 6, ""sl_mult_lm"": 1.55, ""sl_mult_lr"": 2.5, ""sl_mult_sm"": 2.0, ""sl_mult_sr"": 2.3, ""time_stop"": 16, ""tp_mult_lm"": 5.5, ""tp_mult_lr"": 14.8, ""tp_mult_sm"": 5.0, ""tp_mult_sr"": 5.4, ""trail_mult"": 2.0, ""trail_tp"": false, ""use_trailing"": false}",{},
1944,-1000000000.0,TrialState.COMPLETE,2026-04-01T04:10:27.990968,2026-04-01T04:10:28.064753,0.073785,"{""atr_window"": 17, ""bb_std_dev"": 1.5499999999999998, ""bb_window"": 18, ""cooldown"": 3, ""macd_fast"": 16, ""macd_k"": 1.0, ""macd_k_mid"": 0.9, ""macd_signal"": 7, ""macd_slow"": 41, ""macd_std_window"": 88, ""rebalance_freq"": 120, ""rebounce_block"": 3, ""sl_mult_lm"": 2.0, ""sl_mult_lr"": 2.6, ""sl_mult_sm"": 1.7000000000000002, ""sl_mult_sr"": 2.4, ""time_stop"": 29, ""tp_mult_lm"": 5.5, ""tp_mult_lr"": 15.2, ""tp_mult_sm"": 3.1, ""tp_mult_sr"": 4.2, ""trail_mult"": 2.5, ""trail_tp"": true, ""use_trailing"": true}",{},
1945,-1000000000.0,TrialState.COMPLETE,2026-04-01T04:10:28.103430,2026-04-01T04:10:30.569112,2.465682,"{""atr_window"": 20, ""bb_std_dev"": 1.75, ""bb_window"": 16, ""cooldown"": 0, ""macd_fast"": 19, ""macd_k"": 1.7000000000000002, ""macd_k_mid"": 0.65, ""macd_signal"": 9, ""macd_slow"": 39, ""macd_std_window"": 91, ""rebalance_freq"": 60, ""rebounce_block"": 4, ""sl_mult_lm"": 1.85, ""sl_mult_lr"": 2.0, ""sl_mult_sm"": 1.5, ""sl_mult_sr"": 2.1, ""time_stop"": 24, ""tp_mult_lm"": 4.9, ""tp_mult_lr"": 9.8, ""tp_mult_sm"": 6.2, ""tp_mult_sr"": 4.5, ""trail_mult"": 2.2, ""trail_tp"": false, ""use_trailing"": true}",{},
1946,-1000000000.0,TrialState.COMPLETE,2026-04-01T04:10:30.598951,2026-04-01T04:10:30.672997,0.074046,"{""atr_window"": 18, ""bb_std_dev"": 1.5, ""bb_window"": 14, ""cooldown"": 1, ""macd_fast"": 20, ""macd_k"": 1.1, ""macd_k_mid"": 0.55, ""macd_signal"": 10, ""macd_slow"": 43, ""macd_std_window"": 90, ""rebalance_freq"": 150, ""rebounce_block"": 5, ""sl_mult_lm"": 1.7000000000000002, ""sl_mult_lr"": 3.6, ""sl_mult_sm"": 1.2, ""sl_mult_sr"": 1.6, ""time_stop"": 19, ""tp_mult_lm"": 4.0, ""tp_mult_lr"": 10.8, ""tp_mult_sm"": 5.6, ""tp_mult_sr"": 3.9, ""trail_mult"": 2.4, ""trail_tp"": true, ""use_trailing"": true}",{},
1947,-1000000000.0,TrialState.COMPLETE,2026-04-01T04:10:30.714837,2026-04-01T04:10:30.786664,0.071827,"{""atr_window"": 14, ""bb_std_dev"": 2.0, ""bb_window"": 14, ""cooldown"": 2, ""macd_fast"": 12, ""macd_k"": 1.6, ""macd_k_mid"": 0.8, ""macd_signal"": 8, ""macd_slow"": 40, ""macd_std_window"": 70, ""rebalance_freq"": 180, ""rebounce_block"": 0, ""sl_mult_lm"": 1.25, ""sl_mult_lr"": 2.9, ""sl_mult_sm"": 1.8, ""sl_mult_sr"": 2.7, ""time_stop"": 24, ""tp_mult_lm"": 6.0, ""tp_mult_lr"": 11.8, ""tp_mult_sm"": 4.3, ""tp_mult_sr"": 4.8, ""trail_mult"": 3.4000000000000004, ""trail_tp"": false, ""use_trailing"": false}",{},
1948,-1000000000.0,TrialState.COMPLETE,2026-04-01T04:10:30.824075,2026-04-01T04:10:33.286827,2.462752,"{""atr_window"": 16, ""bb_std_dev"": 2.4, ""bb_window"": 20, ""cooldown"": 5, ""macd_fast"": 17, ""macd_k"": 1.05, ""macd_k_mid"": 0.5, ""macd_signal"": 9, ""macd_slow"": 35, ""macd_std_window"": 87, ""rebalance_freq"": 90, ""rebounce_block"": 2, ""sl_mult_lm"": 1.9500000000000002, ""sl_mult_lr"": 2.7, ""sl_mult_sm"": 1.15, ""sl_mult_sr"": 2.6, ""time_stop"": 13, ""tp_mult_lm"": 5.4, ""tp_mult_lr"": 12.4, ""tp_mult_sm"": 4.7, ""tp_mult_sr"": 6.1, ""trail_mult"": 2.1, ""trail_tp"": true, ""use_trailing"": true}",{},
1949,-1000000000.0,TrialState.COMPLETE,2026-04-01T04:10:33.331140,2026-04-01T04:10:33.400332,0.069192,"{""atr_window"": 15, ""bb_std_dev"": 2.3, ""bb_window"": 15, ""cooldown"": 2, ""macd_fast"": 11, ""macd_k"": 1.35, ""macd_k_mid"": 0.6, ""macd_signal"": 7, ""macd_slow"": 44, ""macd_std_window"": 100, ""rebalance_freq"": 120, ""rebounce_block"": 5, ""sl_mult_lm"": 1.1, ""sl_mult_lr"": 2.3, ""sl_mult_sm"": 1.9500000000000002, ""sl_mult_sr"": 1.8, ""time_stop"": 15, ""tp_mult_lm"": 5.9, ""tp_mult_lr"": 9.2, ""tp_mult_sm"": 4.5, ""tp_mult_sr"": 5.300000000000001, ""trail_mult"": 2.3, ""trail_tp"": false, ""use_trailing"": true}",{},
1950,-1000000000.0,TrialState.COMPLETE,2026-04-01T04:10:33.450677,2026-04-01T04:10:35.993369,2.542692,"{""atr_window"": 16, ""bb_std_dev"": 2.45, ""bb_window"": 24, ""cooldown"": 1, ""macd_fast"": 18, ""macd_k"": 1.2, ""macd_k_mid"": 0.7, ""macd_signal"": 8, ""macd_slow"": 38, ""macd_std_window"": 71, ""rebalance_freq"": 30, ""rebounce_block"": 3, ""sl_mult_lm"": 1.45, ""sl_mult_lr"": 2.2, ""sl_mult_sm"": 1.35, ""sl_mult_sr"": 1.5, ""time_stop"": 20, ""tp_mult_lm"": 5.1, ""tp_mult_lr"": 12.0, ""tp_mult_sm"": 3.8, ""tp_mult_sr"": 5.7, ""trail_mult"": 3.0, ""trail_tp"": true, ""use_trailing"": true}",{},
1951,-1000000000.0,TrialState.COMPLETE,2026-04-01T04:10:36.023442,2026-04-01T04:10:36.100886,0.077444,"{""atr_window"": 20, ""bb_std_dev"": 2.5, ""bb_window"": 21, ""cooldown"": 3, ""macd_fast"": 15, ""macd_k"": 1.9, ""macd_k_mid"": 0.75, ""macd_signal"": 6, ""macd_slow"": 42, ""macd_std_window"": 95, ""rebalance_freq"": 150, ""rebounce_block"": 4, ""sl_mult_lm"": 1.5, ""sl_mult_lr"": 2.5, ""sl_mult_sm"": 1.65, ""sl_mult_sr"": 1.9, ""time_stop"": 6, ""tp_mult_lm"": 4.3, ""tp_mult_lr"": 8.2, ""tp_mult_sm"": 4.9, ""tp_mult_sr"": 6.7, ""trail_mult"": 3.6, ""trail_tp"": false, ""use_trailing"": false}",{},
1952,-1000000000.0,TrialState.COMPLETE,2026-04-01T04:10:36.138079,2026-04-01T04:10:38.838602,2.700523,"{""atr_window"": 18, ""bb_std_dev"": 1.5999999999999999, ""bb_window"": 22, ""cooldown"": 0, ""macd_fast"": 20, ""macd_k"": 1.05, ""macd_k_mid"": 1.0, ""macd_signal"": 9, ""macd_slow"": 37, ""macd_std_window"": 82, ""rebalance_freq"": 180, ""rebounce_block"": 6, ""sl_mult_lm"": 1.2, ""sl_mult_lr"": 2.4, ""sl_mult_sm"": 1.75, ""sl_mult_sr"": 2.0, ""time_stop"": 2, ""tp_mult_lm"": 4.6, ""tp_mult_lr"": 12.2, ""tp_mult_sm"": 7.0, ""tp_mult_sr"": 4.0, ""trail_mult"": 3.7, ""trail_tp"": true, ""use_trailing"": true}",{},
1953,-1000000000.0,TrialState.COMPLETE,2026-04-01T04:10:38.875034,2026-04-01T04:10:41.441436,2.566402,"{""atr_window"": 15, ""bb_std_dev"": 1.65, ""bb_window"": 17, ""cooldown"": 1, ""macd_fast"": 19, ""macd_k"": 1.15, ""macd_k_mid"": 0.55, ""macd_signal"": 10, ""macd_slow"": 36, ""macd_std_window"": 76, ""rebalance_freq"": 120, ""rebounce_block"": 0, ""sl_mult_lm"": 1.3, ""sl_mult_lr"": 4.300000000000001, ""sl_mult_sm"": 1.55, ""sl_mult_sr"": 2.9000000000000004, ""time_stop"": 9, ""tp_mult_lm"": 5.6, ""tp_mult_lr"": 10.0, ""tp_mult_sm"": 5.7, ""tp_mult_sr"": 5.1, ""trail_mult"": 2.9000000000000004, ""trail_tp"": false, ""use_trailing"": true}",{},
1954,-1000000000.0,TrialState.COMPLETE,2026-04-01T04:10:41.480120,2026-04-01T04:10:41.569460,0.08934,"{""atr_window"": 19, ""bb_std_dev"": 2.2, ""bb_window"": 16, ""cooldown"": 4, ""macd_fast"": 10, ""macd_k"": 1.2, ""macd_k_mid"": 0.6, ""macd_signal"": 8, ""macd_slow"": 43, ""macd_std_window"": 85, ""rebalance_freq"": 150, ""rebounce_block"": 5, ""sl_mult_lm"": 1.75, ""sl_mult_lr"": 2.8, ""sl_mult_sm"": 1.9, ""sl_mult_sr"": 2.5, ""time_stop"": 7, ""tp_mult_lm"": 5.0, ""tp_mult_lr"": 9.4, ""tp_mult_sm"": 3.5, ""tp_mult_sr"": 3.3, ""trail_mult"": 3.1, ""trail_tp"": true, ""use_trailing"": false}",{},
1955,-1000000000.0,TrialState.COMPLETE,2026-04-01T04:10:41.609736,2026-04-01T04:10:41.689904,0.080168,"{""atr_window"": 14, ""bb_std_dev"": 2.25, ""bb_window"": 15, ""cooldown"": 2, ""macd_fast"": 13, ""macd_k"": 1.55, ""macd_k_mid"": 0.6, ""macd_signal"": 7, ""macd_slow"": 40, ""macd_std_window"": 84, ""rebalance_freq"": 150, ""rebounce_block"": 6, ""sl_mult_lm"": 1.8, ""sl_mult_lr"": 4.0, ""sl_mult_sm"": 1.3, ""sl_mult_sr"": 2.1, ""time_stop"": 11, ""tp_mult_lm"": 4.2, ""tp_mult_lr"": 8.8, ""tp_mult_sm"": 6.4, ""tp_mult_sr"": 3.0, ""trail_mult"": 2.0, ""trail_tp"": false, ""use_trailing"": true}",{},
1956,-1000000000.0,TrialState.COMPLETE,2026-04-01T04:10:41.721670,2026-04-01T04:10:41.794136,0.072466,"{""atr_window"": 17, ""bb_std_dev"": 2.35, ""bb_window"": 14, ""cooldown"": 1, ""macd_fast"": 14, ""macd_k"": 1.9500000000000002, ""macd_k_mid"": 0.55, ""macd_signal"": 5, ""macd_slow"": 41, ""macd_std_window"": 81, ""rebalance_freq"": 180, ""rebounce_block"": 5, ""sl_mult_lm"": 1.05, ""sl_mult_lr"": 4.7, ""sl_mult_sm"": 1.7000000000000002, ""sl_mult_sr"": 1.6, ""time_stop"": 1, ""tp_mult_lm"": 3.7, ""tp_mult_lr"": 15.8, ""tp_mult_sm"": 5.9, ""tp_mult_sr"": 5.800000000000001, ""trail_mult"": 2.3, ""trail_tp"": true, ""use_trailing"": true}",{},
1957,-1000000000.0,TrialState.COMPLETE,2026-04-01T04:10:41.830022,2026-04-01T04:10:41.904066,0.074044,"{""atr_window"": 11, ""bb_std_dev"": 2.15, ""bb_window"": 14, ""cooldown"": 0, ""macd_fast"": 12, ""macd_k"": 1.75, ""macd_k_mid"": 0.65, ""macd_signal"": 9, ""macd_slow"": 44, ""macd_std_window"": 86, ""rebalance_freq"": 90, ""rebounce_block"": 1, ""sl_mult_lm"": 2.1500000000000004, ""sl_mult_lr"": 3.4000000000000004, ""sl_mult_sm"": 1.85, ""sl_mult_sr"": 2.2, ""time_stop"": 28, ""tp_mult_lm"": 5.7, ""tp_mult_lr"": 10.4, ""tp_mult_sm"": 4.1, ""tp_mult_sr"": 6.0, ""trail_mult"": 1.8, ""trail_tp"": true, ""use_trailing"": true}",{},
1958,-1000000000.0,TrialState.COMPLETE,2026-04-01T04:10:41.941759,2026-04-01T04:10:44.451563,2.509804,"{""atr_window"": 16, ""bb_std_dev"": 2.2, ""bb_window"": 20, ""cooldown"": 2, ""macd_fast"": 17, ""macd_k"": 1.65, ""macd_k_mid"": 0.5, ""macd_signal"": 8, ""macd_slow"": 36, ""macd_std_window"": 77, ""rebalance_freq"": 60, ""rebounce_block"": 2, ""sl_mult_lm"": 1.0, ""sl_mult_lr"": 2.3, ""sl_mult_sm"": 1.1, ""sl_mult_sr"": 1.5, ""time_stop"": 23, ""tp_mult_lm"": 5.3, ""tp_mult_lr"": 11.8, ""tp_mult_sm"": 4.4, ""tp_mult_sr"": 4.6, ""trail_mult"": 2.7, ""trail_tp"": false, ""use_trailing"": false}",{},
