number,value,state,datetime_start,datetime_complete,duration_seconds,params_json,fold_sharpes_json,avg_cv_sharpe
3,-1000000000.0,TrialState.COMPLETE,2026-04-01T08:43:52.873249,2026-04-01T08:43:52.874276,0.001027,"{""atr_window"": 18, ""bb_std_dev"": 1.75, ""bb_window"": 17, ""cooldown"": 3, ""macd_fast"": 13, ""macd_k"": 1.3, ""macd_k_mid"": 0.5, ""macd_signal"": 10, ""macd_slow"": 36, ""macd_std_window"": 89, ""rebalance_freq"": 120, ""rebounce_block"": 2, ""sl_mult_lm"": 2.1, ""sl_mult_lr"": 4.300000000000001, ""sl_mult_sm"": 1.1, ""sl_mult_sr"": 3.1, ""time_stop"": 0, ""tp_mult_lm"": 5.1, ""tp_mult_lr"": 14.4, ""tp_mult_sm"": 4.9, ""tp_mult_sr"": 5.300000000000001, ""trail_mult"": 2.6, ""trail_tp"": false, ""use_trailing"": false}",{},
2845,-1000000000.0,TrialState.COMPLETE,2026-04-01T08:43:51.011763,2026-04-01T08:43:53.900265,2.888502,"{""atr_window"": 18, ""bb_std_dev"": 2.5, ""bb_window"": 21, ""cooldown"": 2, ""macd_fast"": 15, ""macd_k"": 1.0, ""macd_k_mid"": 0.7, ""macd_signal"": 5, ""macd_slow"": 35, ""macd_std_window"": 89, ""rebalance_freq"": 90, ""rebounce_block"": 5, ""sl_mult_lm"": 1.05, ""sl_mult_lr"": 2.5, ""sl_mult_sm"": 1.45, ""sl_mult_sr"": 1.8, ""time_stop"": 28, ""tp_mult_lm"": 5.2, ""tp_mult_lr"": 10.4, ""tp_mult_sm"": 3.2, ""tp_mult_sr"": 5.2, ""trail_mult"": 3.4000000000000004, ""trail_tp"": false, ""use_trailing"": false}",{},
4,-1000000000.0,TrialState.COMPLETE,2026-04-01T08:43:52.902758,2026-04-01T08:43:55.843073,2.940315,"{""atr_window"": 20, ""bb_std_dev"": 1.5499999999999998, ""bb_window"": 17, ""cooldown"": 5, ""macd_fast"": 19, ""macd_k"": 1.2, ""macd_k_mid"": 0.5, ""macd_signal"": 7, ""macd_slow"": 37, ""macd_std_window"": 93, ""rebalance_freq"": 120, ""rebounce_block"": 0, ""sl_mult_lm"": 1.75, ""sl_mult_lr"": 4.7, ""sl_mult_sm"": 1.8, ""sl_mult_sr"": 3.1, ""time_stop"": 25, ""tp_mult_lm"": 5.6, ""tp_mult_lr"": 9.6, ""tp_mult_sm"": 6.5, ""tp_mult_sr"": 5.2, ""trail_mult"": 1.7, ""trail_tp"": false, ""use_trailing"": true}",{},
5,-1000000000.0,TrialState.COMPLETE,2026-04-01T08:43:55.871187,2026-04-01T08:43:55.871973,0.000786,"{""atr_window"": 13, ""bb_std_dev"": 2.2, ""bb_window"": 20, ""cooldown"": 2, ""macd_fast"": 14, ""macd_k"": 1.9500000000000002, ""macd_k_mid"": 0.65, ""macd_signal"": 5, ""macd_slow"": 37, ""macd_std_window"": 80, ""rebalance_freq"": 60, ""rebounce_block"": 6, ""sl_mult_lm"": 2.2, ""sl_mult_lr"": 2.8, ""sl_mult_sm"": 1.5, ""sl_mult_sr"": 2.7, ""time_stop"": 4, ""tp_mult_lm"": 6.0, ""tp_mult_lr"": 10.6, ""tp_mult_sm"": 4.0, ""tp_mult_sr"": 3.1, ""trail_mult"": 2.2, ""trail_tp"": true, ""use_trailing"": true}",{},
6,-1000000000.0,TrialState.COMPLETE,2026-04-01T08:43:55.900205,2026-04-01T08:43:55.901587,0.001382,"{""atr_window"": 10, ""bb_std_dev"": 2.0, ""bb_window"": 21, ""cooldown"": 0, ""macd_fast"": 17, ""macd_k"": 1.35, ""macd_k_mid"": 0.8, ""macd_signal"": 6, ""macd_slow"": 42, ""macd_std_window"": 92, ""rebalance_freq"": 30, ""rebounce_block"": 2, ""sl_mult_lm"": 1.4, ""sl_mult_lr"": 4.1, ""sl_mult_sm"": 1.0, ""sl_mult_sr"": 2.5, ""time_stop"": 29, ""tp_mult_lm"": 5.6, ""tp_mult_lr"": 13.4, ""tp_mult_sm"": 3.7, ""tp_mult_sr"": 3.0, ""trail_mult"": 1.9, ""trail_tp"": true, ""use_trailing"": false}",{},
7,-1000000000.0,TrialState.COMPLETE,2026-04-01T08:43:55.932854,2026-04-01T08:43:55.933746,0.000892,"{""atr_window"": 11, ""bb_std_dev"": 1.65, ""bb_window"": 20, ""cooldown"": 0, ""macd_fast"": 20, ""macd_k"": 1.85, ""macd_k_mid"": 0.8, ""macd_signal"": 6, ""macd_slow"": 43, ""macd_std_window"": 90, ""rebalance_freq"": 120, ""rebounce_block"": 0, ""sl_mult_lm"": 2.1, ""sl_mult_lr"": 4.2, ""sl_mult_sm"": 1.35, ""sl_mult_sr"": 3.3, ""time_stop"": 18, ""tp_mult_lm"": 5.800000000000001, ""tp_mult_lr"": 11.2, ""tp_mult_sm"": 5.5, ""tp_mult_sr"": 6.6, ""trail_mult"": 1.7, ""trail_tp"": false, ""use_trailing"": true}",{},
8,-1000000000.0,TrialState.COMPLETE,2026-04-01T08:43:55.963895,2026-04-01T08:43:55.965183,0.001288,"{""atr_window"": 13, ""bb_std_dev"": 1.65, ""bb_window"": 22, ""cooldown"": 3, ""macd_fast"": 10, ""macd_k"": 1.65, ""macd_k_mid"": 0.6, ""macd_signal"": 8, ""macd_slow"": 36, ""macd_std_window"": 91, ""rebalance_freq"": 90, ""rebounce_block"": 4, ""sl_mult_lm"": 1.8, ""sl_mult_lr"": 2.2, ""sl_mult_sm"": 1.65, ""sl_mult_sr"": 2.0, ""time_stop"": 24, ""tp_mult_lm"": 5.4, ""tp_mult_lr"": 13.2, ""tp_mult_sm"": 6.4, ""tp_mult_sr"": 4.5, ""trail_mult"": 2.5, ""trail_tp"": true, ""use_trailing"": false}",{},
9,-1000000000.0,TrialState.COMPLETE,2026-04-01T08:43:55.995008,2026-04-01T08:43:55.996014,0.001006,"{""atr_window"": 20, ""bb_std_dev"": 2.45, ""bb_window"": 25, ""cooldown"": 4, ""macd_fast"": 12, ""macd_k"": 1.65, ""macd_k_mid"": 0.55, ""macd_signal"": 6, ""macd_slow"": 42, ""macd_std_window"": 70, ""rebalance_freq"": 30, ""rebounce_block"": 3, ""sl_mult_lm"": 1.0, ""sl_mult_lr"": 4.9, ""sl_mult_sm"": 1.4, ""sl_mult_sr"": 2.1, ""time_stop"": 29, ""tp_mult_lm"": 4.4, ""tp_mult_lr"": 16.8, ""tp_mult_sm"": 6.800000000000001, ""tp_mult_sr"": 6.4, ""trail_mult"": 2.3, ""trail_tp"": false, ""use_trailing"": false}",{},
10,-1000000000.0,TrialState.COMPLETE,2026-04-01T08:43:56.024620,2026-04-01T08:43:56.036071,0.011451,"{""atr_window"": 16, ""bb_std_dev"": 2.2, ""bb_window"": 17, ""cooldown"": 2, ""macd_fast"": 16, ""macd_k"": 1.0, ""macd_k_mid"": 0.95, ""macd_signal"": 10, ""macd_slow"": 40, ""macd_std_window"": 81, ""rebalance_freq"": 180, ""rebounce_block"": 2, ""sl_mult_lm"": 1.0, ""sl_mult_lr"": 3.1, ""sl_mult_sm"": 1.9500000000000002, ""sl_mult_sr"": 2.2, ""time_stop"": 10, ""tp_mult_lm"": 3.5, ""tp_mult_lr"": 8.4, ""tp_mult_sm"": 5.800000000000001, ""tp_mult_sr"": 3.9, ""trail_mult"": 3.8000000000000003, ""trail_tp"": true, ""use_trailing"": true}",{},
11,-1000000000.0,TrialState.COMPLETE,2026-04-01T08:43:56.061690,2026-04-01T08:43:56.073022,0.011332,"{""atr_window"": 17, ""bb_std_dev"": 2.5, ""bb_window"": 14, ""cooldown"": 1, ""macd_fast"": 11, ""macd_k"": 1.5, ""macd_k_mid"": 0.7, ""macd_signal"": 9, ""macd_slow"": 40, ""macd_std_window"": 70, ""rebalance_freq"": 180, ""rebounce_block"": 6, ""sl_mult_lm"": 1.35, ""sl_mult_lr"": 2.0, ""sl_mult_sm"": 1.75, ""sl_mult_sr"": 1.5, ""time_stop"": 13, ""tp_mult_lm"": 4.9, ""tp_mult_lr"": 11.0, ""tp_mult_sm"": 3.1, ""tp_mult_sr"": 4.0, ""trail_mult"": 3.2, ""trail_tp"": true, ""use_trailing"": true}",{},
12,-1000000000.0,TrialState.COMPLETE,2026-04-01T08:43:56.098678,2026-04-01T08:43:56.109413,0.010735,"{""atr_window"": 18, ""bb_std_dev"": 2.3, ""bb_window"": 15, ""cooldown"": 1, ""macd_fast"": 15, ""macd_k"": 1.5, ""macd_k_mid"": 0.7, ""macd_signal"": 9, ""macd_slow"": 44, ""macd_std_window"": 77, ""rebalance_freq"": 150, ""rebounce_block"": 4, ""sl_mult_lm"": 1.3, ""sl_mult_lr"": 3.5, ""sl_mult_sm"": 2.0, ""sl_mult_sr"": 1.7, ""time_stop"": 9, ""tp_mult_lm"": 5.2, ""tp_mult_lr"": 8.2, ""tp_mult_sm"": 3.0, ""tp_mult_sr"": 5.7, ""trail_mult"": 3.2, ""trail_tp"": true, ""use_trailing"": true}",{},
13,-1000000000.0,TrialState.COMPLETE,2026-04-01T08:43:56.136822,2026-04-01T08:43:56.148438,0.011616,"{""atr_window"": 15, ""bb_std_dev"": 2.05, ""bb_window"": 16, ""cooldown"": 1, ""macd_fast"": 13, ""macd_k"": 1.7000000000000002, ""macd_k_mid"": 1.0, ""macd_signal"": 9, ""macd_slow"": 39, ""macd_std_window"": 84, ""rebalance_freq"": 150, ""rebounce_block"": 4, ""sl_mult_lm"": 1.15, ""sl_mult_lr"": 2.7, ""sl_mult_sm"": 1.65, ""sl_mult_sr"": 1.8, ""time_stop"": 16, ""tp_mult_lm"": 4.7, ""tp_mult_lr"": 15.0, ""tp_mult_sm"": 4.9, ""tp_mult_sr"": 4.5, ""trail_mult"": 3.0, ""trail_tp"": false, ""use_trailing"": true}",{},
14,-1000000000.0,TrialState.COMPLETE,2026-04-01T08:43:56.177663,2026-04-01T08:43:56.189012,0.011349,"{""atr_window"": 19, ""bb_std_dev"": 2.35, ""bb_window"": 14, ""cooldown"": 2, ""macd_fast"": 10, ""macd_k"": 1.2, ""macd_k_mid"": 0.6, ""macd_signal"": 8, ""macd_slow"": 39, ""macd_std_window"": 75, ""rebalance_freq"": 150, ""rebounce_block"": 3, ""sl_mult_lm"": 1.55, ""sl_mult_lr"": 3.3, ""sl_mult_sm"": 1.9, ""sl_mult_sr"": 2.5, ""time_stop"": 6, ""tp_mult_lm"": 6.0, ""tp_mult_lr"": 9.8, ""tp_mult_sm"": 5.6, ""tp_mult_sr"": 3.8, ""trail_mult"": 3.7, ""trail_tp"": false, ""use_trailing"": true}",{},
15,-1000000000.0,TrialState.COMPLETE,2026-04-01T08:43:56.218192,2026-04-01T08:43:56.229634,0.011442,"{""atr_window"": 16, ""bb_std_dev"": 1.4, ""bb_window"": 18, ""cooldown"": 1, ""macd_fast"": 17, ""macd_k"": 1.4, ""macd_k_mid"": 0.8500000000000001, ""macd_signal"": 7, ""macd_slow"": 41, ""macd_std_window"": 85, ""rebalance_freq"": 180, ""rebounce_block"": 5, ""sl_mult_lm"": 1.2, ""sl_mult_lr"": 2.5, ""sl_mult_sm"": 1.65, ""sl_mult_sr"": 1.9, ""time_stop"": 12, ""tp_mult_lm"": 5.3, ""tp_mult_lr"": 12.0, ""tp_mult_sm"": 3.6, ""tp_mult_sr"": 7.0, ""trail_mult"": 2.9000000000000004, ""trail_tp"": true, ""use_trailing"": true}",{},
16,-1000000000.0,TrialState.COMPLETE,2026-04-01T08:43:56.256302,2026-04-01T08:43:56.267611,0.011309,"{""atr_window"": 18, ""bb_std_dev"": 2.2, ""bb_window"": 24, ""cooldown"": 0, ""macd_fast"": 12, ""macd_k"": 1.8, ""macd_k_mid"": 0.5, ""macd_signal"": 9, ""macd_slow"": 44, ""macd_std_window"": 96, ""rebalance_freq"": 90, ""rebounce_block"": 1, ""sl_mult_lm"": 1.55, ""sl_mult_lr"": 3.0, ""sl_mult_sm"": 1.8, ""sl_mult_sr"": 2.2, ""time_stop"": 17, ""tp_mult_lm"": 4.7, ""tp_mult_lr"": 9.4, ""tp_mult_sm"": 4.3, ""tp_mult_sr"": 4.6, ""trail_mult"": 3.3, ""trail_tp"": true, ""use_trailing"": true}",{},
2846,-1000000000.0,TrialState.COMPLETE,2026-04-01T08:43:53.943881,2026-04-01T08:43:56.970604,3.026723,"{""atr_window"": 18, ""bb_std_dev"": 2.4, ""bb_window"": 21, ""cooldown"": 2, ""macd_fast"": 15, ""macd_k"": 1.0, ""macd_k_mid"": 0.7, ""macd_signal"": 5, ""macd_slow"": 35, ""macd_std_window"": 89, ""rebalance_freq"": 90, ""rebounce_block"": 5, ""sl_mult_lm"": 1.1, ""sl_mult_lr"": 2.5, ""sl_mult_sm"": 1.4, ""sl_mult_sr"": 1.7, ""time_stop"": 26, ""tp_mult_lm"": 5.0, ""tp_mult_lr"": 10.4, ""tp_mult_sm"": 3.2, ""tp_mult_sr"": 5.2, ""trail_mult"": 3.4000000000000004, ""trail_tp"": false, ""use_trailing"": false}",{},
17,-1000000000.0,TrialState.COMPLETE,2026-04-01T08:43:56.294257,2026-04-01T08:43:59.193570,2.899313,"{""atr_window"": 12, ""bb_std_dev"": 2.5, ""bb_window"": 16, ""cooldown"": 3, ""macd_fast"": 14, ""macd_k"": 1.15, ""macd_k_mid"": 0.7, ""macd_signal"": 10, ""macd_slow"": 35, ""macd_std_window"": 74, ""rebalance_freq"": 150, ""rebounce_block"": 5, ""sl_mult_lm"": 1.15, ""sl_mult_lr"": 2.0, ""sl_mult_sm"": 1.55, ""sl_mult_sr"": 1.5, ""time_stop"": 6, ""tp_mult_lm"": 5.6, ""tp_mult_lr"": 12.0, ""tp_mult_sm"": 6.1, ""tp_mult_sr"": 3.5, ""trail_mult"": 3.6, ""trail_tp"": false, ""use_trailing"": true}",{},
18,-1000000000.0,TrialState.COMPLETE,2026-04-01T08:43:59.226632,2026-04-01T08:43:59.240593,0.013961,"{""atr_window"": 15, ""bb_std_dev"": 1.9, ""bb_window"": 18, ""cooldown"": 2, ""macd_fast"": 12, ""macd_k"": 1.45, ""macd_k_mid"": 0.55, ""macd_signal"": 7, ""macd_slow"": 38, ""macd_std_window"": 87, ""rebalance_freq"": 150, ""rebounce_block"": 3, ""sl_mult_lm"": 1.4, ""sl_mult_lr"": 3.8, ""sl_mult_sm"": 1.85, ""sl_mult_sr"": 2.8, ""time_stop"": 20, ""tp_mult_lm"": 5.0, ""tp_mult_lr"": 14.4, ""tp_mult_sm"": 7.0, ""tp_mult_sr"": 5.6, ""trail_mult"": 2.7, ""trail_tp"": false, ""use_trailing"": false}",{},
19,-1000000000.0,TrialState.COMPLETE,2026-04-01T08:43:59.272668,2026-04-01T08:43:59.285676,0.013008,"{""atr_window"": 17, ""bb_std_dev"": 2.35, ""bb_window"": 15, ""cooldown"": 1, ""macd_fast"": 15, ""macd_k"": 1.55, ""macd_k_mid"": 0.65, ""macd_signal"": 8, ""macd_slow"": 41, ""macd_std_window"": 82, ""rebalance_freq"": 90, ""rebounce_block"": 1, ""sl_mult_lm"": 1.7000000000000002, ""sl_mult_lr"": 2.5, ""sl_mult_sm"": 1.7000000000000002, ""sl_mult_sr"": 2.3, ""time_stop"": 14, ""tp_mult_lm"": 4.0, ""tp_mult_lr"": 10.2, ""tp_mult_sm"": 5.2, ""tp_mult_sr"": 4.8, ""trail_mult"": 1.5, ""trail_tp"": true, ""use_trailing"": true}",{},
20,-1000000000.0,TrialState.COMPLETE,2026-04-01T08:43:59.325503,2026-04-01T08:43:59.339219,0.013716,"{""atr_window"": 19, ""bb_std_dev"": 2.1, ""bb_window"": 23, ""cooldown"": 4, ""macd_fast"": 14, ""macd_k"": 1.3, ""macd_k_mid"": 0.9, ""macd_signal"": 9, ""macd_slow"": 41, ""macd_std_window"": 100, ""rebalance_freq"": 180, ""rebounce_block"": 6, ""sl_mult_lm"": 1.25, ""sl_mult_lr"": 2.9, ""sl_mult_sm"": 1.55, ""sl_mult_sr"": 1.8, ""time_stop"": 0, ""tp_mult_lm"": 5.4, ""tp_mult_lr"": 11.8, ""tp_mult_sm"": 4.5, ""tp_mult_sr"": 4.2, ""trail_mult"": 4.0, ""trail_tp"": true, ""use_trailing"": true}",{},
21,-1000000000.0,TrialState.COMPLETE,2026-04-01T08:43:59.368776,2026-04-01T08:43:59.381460,0.012684,"{""atr_window"": 14, ""bb_std_dev"": 1.8499999999999999, ""bb_window"": 14, ""cooldown"": 5, ""macd_fast"": 18, ""macd_k"": 1.0, ""macd_k_mid"": 0.6, ""macd_signal"": 8, ""macd_slow"": 43, ""macd_std_window"": 99, ""rebalance_freq"": 60, ""rebounce_block"": 5, ""sl_mult_lm"": 1.9, ""sl_mult_lr"": 2.4, ""sl_mult_sm"": 1.25, ""sl_mult_sr"": 1.5, ""time_stop"": 22, ""tp_mult_lm"": 4.2, ""tp_mult_lr"": 12.8, ""tp_mult_sm"": 3.5, ""tp_mult_sr"": 6.1, ""trail_mult"": 2.2, ""trail_tp"": false, ""use_trailing"": true}",{},
22,-1000000000.0,TrialState.COMPLETE,2026-04-01T08:43:59.412434,2026-04-01T08:43:59.425447,0.013013,"{""atr_window"": 14, ""bb_std_dev"": 1.75, ""bb_window"": 15, ""cooldown"": 4, ""macd_fast"": 20, ""macd_k"": 1.1, ""macd_k_mid"": 0.55, ""macd_signal"": 8, ""macd_slow"": 43, ""macd_std_window"": 96, ""rebalance_freq"": 120, ""rebounce_block"": 5, ""sl_mult_lm"": 1.9500000000000002, ""sl_mult_lr"": 2.3, ""sl_mult_sm"": 1.2, ""sl_mult_sr"": 1.7, ""time_stop"": 20, ""tp_mult_lm"": 3.8, ""tp_mult_lr"": 15.8, ""tp_mult_sm"": 4.5, ""tp_mult_sr"": 5.9, ""trail_mult"": 2.1, ""trail_tp"": false, ""use_trailing"": true}",{},
23,-1000000000.0,TrialState.COMPLETE,2026-04-01T08:43:59.457202,2026-04-01T08:43:59.471453,0.014251,"{""atr_window"": 14, ""bb_std_dev"": 2.3, ""bb_window"": 14, ""cooldown"": 3, ""macd_fast"": 16, ""macd_k"": 1.1, ""macd_k_mid"": 0.65, ""macd_signal"": 7, ""macd_slow"": 44, ""macd_std_window"": 96, ""rebalance_freq"": 60, ""rebounce_block"": 6, ""sl_mult_lm"": 1.5, ""sl_mult_lr"": 2.6, ""sl_mult_sm"": 1.4, ""sl_mult_sr"": 1.7, ""time_stop"": 9, ""tp_mult_lm"": 4.5, ""tp_mult_lr"": 13.600000000000001, ""tp_mult_sm"": 4.1, ""tp_mult_sr"": 5.0, ""trail_mult"": 1.9, ""trail_tp"": false, ""use_trailing"": true}",{},
24,-1000000000.0,TrialState.COMPLETE,2026-04-01T08:43:59.502372,2026-04-01T08:43:59.515264,0.012892,"{""atr_window"": 16, ""bb_std_dev"": 2.4, ""bb_window"": 16, ""cooldown"": 4, ""macd_fast"": 13, ""macd_k"": 1.0, ""macd_k_mid"": 0.55, ""macd_signal"": 9, ""macd_slow"": 42, ""macd_std_window"": 87, ""rebalance_freq"": 30, ""rebounce_block"": 4, ""sl_mult_lm"": 1.0, ""sl_mult_lr"": 2.1, ""sl_mult_sm"": 1.2, ""sl_mult_sr"": 2.0, ""time_stop"": 25, ""tp_mult_lm"": 4.4, ""tp_mult_lr"": 12.4, ""tp_mult_sm"": 3.3, ""tp_mult_sr"": 5.4, ""trail_mult"": 3.4000000000000004, ""trail_tp"": false, ""use_trailing"": true}",{},
25,-1000000000.0,TrialState.COMPLETE,2026-04-01T08:43:59.544749,2026-04-01T08:43:59.557724,0.012975,"{""atr_window"": 12, ""bb_std_dev"": 1.7999999999999998, ""bb_window"": 15, ""cooldown"": 2, ""macd_fast"": 11, ""macd_k"": 1.25, ""macd_k_mid"": 0.6, ""macd_signal"": 8, ""macd_slow"": 43, ""macd_std_window"": 78, ""rebalance_freq"": 150, ""rebounce_block"": 5, ""sl_mult_lm"": 1.65, ""sl_mult_lr"": 3.3, ""sl_mult_sm"": 1.9, ""sl_mult_sr"": 1.6, ""time_stop"": 19, ""tp_mult_lm"": 4.0, ""tp_mult_lr"": 11.4, ""tp_mult_sm"": 3.8, ""tp_mult_sr"": 3.5, ""trail_mult"": 2.4, ""trail_tp"": false, ""use_trailing"": true}",{},
26,-1000000000.0,TrialState.COMPLETE,2026-04-01T08:43:59.586126,2026-04-01T08:43:59.607695,0.021569,"{""atr_window"": 13, ""bb_std_dev"": 1.95, ""bb_window"": 19, ""cooldown"": 5, ""macd_fast"": 16, ""macd_k"": 1.1, ""macd_k_mid"": 0.75, ""macd_signal"": 10, ""macd_slow"": 44, ""macd_std_window"": 94, ""rebalance_freq"": 120, ""rebounce_block"": 4, ""sl_mult_lm"": 1.1, ""sl_mult_lr"": 2.3, ""sl_mult_sm"": 1.3, ""sl_mult_sr"": 2.4, ""time_stop"": 15, ""tp_mult_lm"": 5.800000000000001, ""tp_mult_lr"": 9.0, ""tp_mult_sm"": 4.8, ""tp_mult_sr"": 7.0, ""trail_mult"": 2.9000000000000004, ""trail_tp"": false, ""use_trailing"": false}",{},
27,-1000000000.0,TrialState.COMPLETE,2026-04-01T08:43:59.646659,2026-04-01T08:43:59.661592,0.014933,"{""atr_window"": 17, ""bb_std_dev"": 2.15, ""bb_window"": 14, ""cooldown"": 3, ""macd_fast"": 18, ""macd_k"": 1.6, ""macd_k_mid"": 0.5, ""macd_signal"": 9, ""macd_slow"": 42, ""macd_std_window"": 73, ""rebalance_freq"": 90, ""rebounce_block"": 3, ""sl_mult_lm"": 1.45, ""sl_mult_lr"": 2.7, ""sl_mult_sm"": 1.1, ""sl_mult_sr"": 1.9, ""time_stop"": 11, ""tp_mult_lm"": 5.0, ""tp_mult_lr"": 10.6, ""tp_mult_sm"": 5.2, ""tp_mult_sr"": 6.2, ""trail_mult"": 2.0, ""trail_tp"": false, ""use_trailing"": true}",{},
28,-1000000000.0,TrialState.COMPLETE,2026-04-01T08:43:59.691012,2026-04-01T08:43:59.705767,0.014755,"{""atr_window"": 19, ""bb_std_dev"": 1.5, ""bb_window"": 16, ""cooldown"": 1, ""macd_fast"": 15, ""macd_k"": 1.75, ""macd_k_mid"": 0.65, ""macd_signal"": 8, ""macd_slow"": 40, ""macd_std_window"": 88, ""rebalance_freq"": 60, ""rebounce_block"": 6, ""sl_mult_lm"": 1.9, ""sl_mult_lr"": 3.2, ""sl_mult_sm"": 1.55, ""sl_mult_sr"": 2.7, ""time_stop"": 23, ""tp_mult_lm"": 4.8, ""tp_mult_lr"": 14.0, ""tp_mult_sm"": 4.5, ""tp_mult_sr"": 6.7, ""trail_mult"": 1.5, ""trail_tp"": true, ""use_trailing"": true}",{},
29,-1000000000.0,TrialState.COMPLETE,2026-04-01T08:43:59.737719,2026-04-01T08:43:59.751750,0.014031,"{""atr_window"": 15, ""bb_std_dev"": 2.3, ""bb_window"": 18, ""cooldown"": 2, ""macd_fast"": 13, ""macd_k"": 1.3, ""macd_k_mid"": 0.5, ""macd_signal"": 10, ""macd_slow"": 43, ""macd_std_window"": 84, ""rebalance_freq"": 180, ""rebounce_block"": 2, ""sl_mult_lm"": 2.05, ""sl_mult_lr"": 3.6, ""sl_mult_sm"": 1.1, ""sl_mult_sr"": 3.5, ""time_stop"": 27, ""tp_mult_lm"": 5.2, ""tp_mult_lr"": 15.2, ""tp_mult_sm"": 4.0, ""tp_mult_sr"": 5.300000000000001, ""trail_mult"": 2.6, ""trail_tp"": false, ""use_trailing"": false}",{},
30,-1000000000.0,TrialState.COMPLETE,2026-04-01T08:43:59.782387,2026-04-01T08:43:59.795404,0.013017,"{""atr_window"": 10, ""bb_std_dev"": 1.5999999999999999, ""bb_window"": 15, ""cooldown"": 4, ""macd_fast"": 11, ""macd_k"": 1.9500000000000002, ""macd_k_mid"": 0.55, ""macd_signal"": 7, ""macd_slow"": 38, ""macd_std_window"": 89, ""rebalance_freq"": 150, ""rebounce_block"": 5, ""sl_mult_lm"": 1.8, ""sl_mult_lr"": 2.9, ""sl_mult_sm"": 1.45, ""sl_mult_sr"": 1.6, ""time_stop"": 21, ""tp_mult_lm"": 5.800000000000001, ""tp_mult_lr"": 12.4, ""tp_mult_sm"": 4.7, ""tp_mult_sr"": 3.4, ""trail_mult"": 2.5, ""trail_tp"": false, ""use_trailing"": true}",{},
2847,-1000000000.0,TrialState.COMPLETE,2026-04-01T08:43:57.015201,2026-04-01T08:44:00.064185,3.048984,"{""atr_window"": 18, ""bb_std_dev"": 2.45, ""bb_window"": 21, ""cooldown"": 2, ""macd_fast"": 15, ""macd_k"": 1.05, ""macd_k_mid"": 0.7, ""macd_signal"": 5, ""macd_slow"": 35, ""macd_std_window"": 91, ""rebalance_freq"": 90, ""rebounce_block"": 5, ""sl_mult_lm"": 1.1, ""sl_mult_lr"": 2.5, ""sl_mult_sm"": 1.5, ""sl_mult_sr"": 1.7, ""time_stop"": 27, ""tp_mult_lm"": 5.1, ""tp_mult_lr"": 10.6, ""tp_mult_sm"": 3.1, ""tp_mult_sr"": 5.2, ""trail_mult"": 3.5, ""trail_tp"": false, ""use_trailing"": false}",{},
31,-1000000000.0,TrialState.COMPLETE,2026-04-01T08:43:59.824289,2026-04-01T08:44:02.738878,2.914589,"{""atr_window"": 20, ""bb_std_dev"": 1.75, ""bb_window"": 17, ""cooldown"": 3, ""macd_fast"": 13, ""macd_k"": 1.2, ""macd_k_mid"": 0.5, ""macd_signal"": 10, ""macd_slow"": 35, ""macd_std_window"": 94, ""rebalance_freq"": 120, ""rebounce_block"": 2, ""sl_mult_lm"": 2.2, ""sl_mult_lr"": 4.4, ""sl_mult_sm"": 1.0, ""sl_mult_sr"": 3.0, ""time_stop"": 0, ""tp_mult_lm"": 5.5, ""tp_mult_lr"": 14.4, ""tp_mult_sm"": 5.2, ""tp_mult_sr"": 5.0, ""trail_mult"": 1.8, ""trail_tp"": false, ""use_trailing"": false}",{},
32,-1000000000.0,TrialState.COMPLETE,2026-04-01T08:44:02.779189,2026-04-01T08:44:02.795564,0.016375,"{""atr_window"": 18, ""bb_std_dev"": 1.7, ""bb_window"": 17, ""cooldown"": 3, ""macd_fast"": 14, ""macd_k"": 1.4, ""macd_k_mid"": 0.5, ""macd_signal"": 9, ""macd_slow"": 37, ""macd_std_window"": 98, ""rebalance_freq"": 120, ""rebounce_block"": 1, ""sl_mult_lm"": 2.0, ""sl_mult_lr"": 3.9000000000000004, ""sl_mult_sm"": 1.1, ""sl_mult_sr"": 3.0, ""time_stop"": 5, ""tp_mult_lm"": 5.1, ""tp_mult_lr"": 15.4, ""tp_mult_sm"": 6.5, ""tp_mult_sr"": 5.7, ""trail_mult"": 2.8, ""trail_tp"": false, ""use_trailing"": false}",{},
33,-1000000000.0,TrialState.COMPLETE,2026-04-01T08:44:02.832447,2026-04-01T08:44:02.849937,0.01749,"{""atr_window"": 20, ""bb_std_dev"": 1.8499999999999999, ""bb_window"": 16, ""cooldown"": 5, ""macd_fast"": 12, ""macd_k"": 1.15, ""macd_k_mid"": 0.6, ""macd_signal"": 5, ""macd_slow"": 36, ""macd_std_window"": 92, ""rebalance_freq"": 120, ""rebounce_block"": 3, ""sl_mult_lm"": 2.1, ""sl_mult_lr"": 4.5, ""sl_mult_sm"": 1.15, ""sl_mult_sr"": 3.2, ""time_stop"": 3, ""tp_mult_lm"": 5.3, ""tp_mult_lr"": 13.0, ""tp_mult_sm"": 6.0, ""tp_mult_sr"": 5.300000000000001, ""trail_mult"": 2.3, ""trail_tp"": false, ""use_trailing"": false}",{},
2848,2.842342857142857,TrialState.COMPLETE,2026-04-01T08:44:00.107209,2026-04-01T08:44:03.156247,3.049038,"{""atr_window"": 18, ""bb_std_dev"": 2.45, ""bb_window"": 21, ""cooldown"": 2, ""macd_fast"": 15, ""macd_k"": 1.0, ""macd_k_mid"": 0.7, ""macd_signal"": 5, ""macd_slow"": 35, ""macd_std_window"": 90, ""rebalance_freq"": 90, ""rebounce_block"": 5, ""sl_mult_lm"": 1.15, ""sl_mult_lr"": 2.5, ""sl_mult_sm"": 1.45, ""sl_mult_sr"": 1.8, ""time_stop"": 27, ""tp_mult_lm"": 5.2, ""tp_mult_lr"": 10.6, ""tp_mult_sm"": 3.0, ""tp_mult_sr"": 5.300000000000001, ""trail_mult"": 3.4000000000000004, ""trail_tp"": false, ""use_trailing"": false}",{},
