number,value,state,datetime_start,datetime_complete,duration_seconds,params_json,fold_sharpes_json,avg_cv_sharpe
207,-1000000000.0,TrialState.COMPLETE,2026-04-01T02:13:28.517750,2026-04-01T02:13:28.538248,0.020498,"{""atr_window"": 17, ""bb_std_dev"": 2.35, ""bb_window"": 16, ""cooldown"": 1, ""macd_fast"": 10, ""macd_k"": 1.25, ""macd_k_mid"": 0.6, ""macd_signal"": 8, ""macd_slow"": 43, ""macd_std_window"": 98, ""rebalance_freq"": 150, ""rebounce_block"": 3, ""sl_mult_lm"": 1.25, ""sl_mult_lr"": 4.5, ""sl_mult_sm"": 1.6, ""sl_mult_sr"": 2.3, ""time_stop"": 16, ""tp_mult_lm"": 5.3, ""tp_mult_lr"": 10.4, ""tp_mult_sm"": 5.7, ""tp_mult_sr"": 5.2, ""trail_mult"": 1.6, ""trail_tp"": false, ""use_trailing"": true}",{},
208,-1000000000.0,TrialState.COMPLETE,2026-04-01T02:13:28.566695,2026-04-01T02:13:28.588682,0.021987,"{""atr_window"": 14, ""bb_std_dev"": 1.7999999999999998, ""bb_window"": 24, ""cooldown"": 0, ""macd_fast"": 14, ""macd_k"": 1.2, ""macd_k_mid"": 0.7, ""macd_signal"": 9, ""macd_slow"": 44, ""macd_std_window"": 80, ""rebalance_freq"": 180, ""rebounce_block"": 4, ""sl_mult_lm"": 1.35, ""sl_mult_lr"": 2.5, ""sl_mult_sm"": 1.8, ""sl_mult_sr"": 2.1, ""time_stop"": 15, ""tp_mult_lm"": 4.5, ""tp_mult_lr"": 11.8, ""tp_mult_sm"": 3.6, ""tp_mult_sr"": 3.2, ""trail_mult"": 1.7, ""trail_tp"": true, ""use_trailing"": true}",{},
209,-1000000000.0,TrialState.COMPLETE,2026-04-01T02:13:28.616337,2026-04-01T02:13:31.157273,2.540936,"{""atr_window"": 20, ""bb_std_dev"": 1.65, ""bb_window"": 22, ""cooldown"": 3, ""macd_fast"": 20, ""macd_k"": 1.15, ""macd_k_mid"": 0.5, ""macd_signal"": 7, ""macd_slow"": 37, ""macd_std_window"": 91, ""rebalance_freq"": 60, ""rebounce_block"": 6, ""sl_mult_lm"": 1.2, ""sl_mult_lr"": 3.9000000000000004, ""sl_mult_sm"": 1.75, ""sl_mult_sr"": 2.2, ""time_stop"": 24, ""tp_mult_lm"": 4.0, ""tp_mult_lr"": 8.4, ""tp_mult_sm"": 5.4, ""tp_mult_sr"": 3.5, ""trail_mult"": 2.6, ""trail_tp"": false, ""use_trailing"": false}",{},
210,-1000000000.0,TrialState.COMPLETE,2026-04-01T02:13:31.188328,2026-04-01T02:13:31.209458,0.02113,"{""atr_window"": 16, ""bb_std_dev"": 2.1, ""bb_window"": 14, ""cooldown"": 1, ""macd_fast"": 15, ""macd_k"": 1.55, ""macd_k_mid"": 0.65, ""macd_signal"": 6, ""macd_slow"": 40, ""macd_std_window"": 75, ""rebalance_freq"": 90, ""rebounce_block"": 5, ""sl_mult_lm"": 1.0, ""sl_mult_lr"": 2.6, ""sl_mult_sm"": 1.7000000000000002, ""sl_mult_sr"": 2.6, ""time_stop"": 28, ""tp_mult_lm"": 6.0, ""tp_mult_lr"": 13.0, ""tp_mult_sm"": 4.6, ""tp_mult_sr"": 4.4, ""trail_mult"": 2.5, ""trail_tp"": true, ""use_trailing"": true}",{},
211,-1000000000.0,TrialState.COMPLETE,2026-04-01T02:13:31.242997,2026-04-01T02:13:31.275717,0.03272,"{""atr_window"": 19, ""bb_std_dev"": 2.25, ""bb_window"": 23, ""cooldown"": 4, ""macd_fast"": 14, ""macd_k"": 1.3, ""macd_k_mid"": 0.9, ""macd_signal"": 9, ""macd_slow"": 41, ""macd_std_window"": 99, ""rebalance_freq"": 180, ""rebounce_block"": 6, ""sl_mult_lm"": 1.2, ""sl_mult_lr"": 2.9, ""sl_mult_sm"": 1.15, ""sl_mult_sr"": 2.9000000000000004, ""time_stop"": 1, ""tp_mult_lm"": 5.6, ""tp_mult_lr"": 12.2, ""tp_mult_sm"": 4.3, ""tp_mult_sr"": 3.9, ""trail_mult"": 4.0, ""trail_tp"": true, ""use_trailing"": true}",{},
212,-1000000000.0,TrialState.COMPLETE,2026-04-01T02:13:31.303107,2026-04-01T02:13:31.324883,0.021776,"{""atr_window"": 18, ""bb_std_dev"": 2.05, ""bb_window"": 24, ""cooldown"": 4, ""macd_fast"": 15, ""macd_k"": 1.35, ""macd_k_mid"": 0.8500000000000001, ""macd_signal"": 9, ""macd_slow"": 41, ""macd_std_window"": 100, ""rebalance_freq"": 180, ""rebounce_block"": 6, ""sl_mult_lm"": 1.3, ""sl_mult_lr"": 2.8, ""sl_mult_sm"": 1.55, ""sl_mult_sr"": 1.8, ""time_stop"": 1, ""tp_mult_lm"": 4.6, ""tp_mult_lr"": 11.4, ""tp_mult_sm"": 4.4, ""tp_mult_sr"": 5.7, ""trail_mult"": 3.5, ""trail_tp"": true, ""use_trailing"": true}",{},
213,-1000000000.0,TrialState.COMPLETE,2026-04-01T02:13:31.350968,2026-04-01T02:13:31.372500,0.021532,"{""atr_window"": 20, ""bb_std_dev"": 2.05, ""bb_window"": 23, ""cooldown"": 4, ""macd_fast"": 14, ""macd_k"": 1.35, ""macd_k_mid"": 0.9, ""macd_signal"": 9, ""macd_slow"": 41, ""macd_std_window"": 86, ""rebalance_freq"": 180, ""rebounce_block"": 6, ""sl_mult_lm"": 1.2, ""sl_mult_lr"": 3.0, ""sl_mult_sm"": 1.5, ""sl_mult_sr"": 1.9, ""time_stop"": 0, ""tp_mult_lm"": 5.4, ""tp_mult_lr"": 11.8, ""tp_mult_sm"": 5.0, ""tp_mult_sr"": 4.1, ""trail_mult"": 3.9000000000000004, ""trail_tp"": true, ""use_trailing"": true}",{},
214,-1000000000.0,TrialState.COMPLETE,2026-04-01T02:13:31.402371,2026-04-01T02:13:31.428208,0.025837,"{""atr_window"": 18, ""bb_std_dev"": 2.1, ""bb_window"": 22, ""cooldown"": 4, ""macd_fast"": 12, ""macd_k"": 1.3, ""macd_k_mid"": 0.8, ""macd_signal"": 9, ""macd_slow"": 41, ""macd_std_window"": 92, ""rebalance_freq"": 180, ""rebounce_block"": 2, ""sl_mult_lm"": 1.25, ""sl_mult_lr"": 4.300000000000001, ""sl_mult_sm"": 1.55, ""sl_mult_sr"": 2.8, ""time_stop"": 20, ""tp_mult_lm"": 5.5, ""tp_mult_lr"": 12.2, ""tp_mult_sm"": 6.9, ""tp_mult_sr"": 6.6, ""trail_mult"": 2.2, ""trail_tp"": true, ""use_trailing"": true}",{},
215,-1000000000.0,TrialState.COMPLETE,2026-04-01T02:13:31.466530,2026-04-01T02:13:31.490113,0.023583,"{""atr_window"": 13, ""bb_std_dev"": 2.15, ""bb_window"": 18, ""cooldown"": 4, ""macd_fast"": 14, ""macd_k"": 1.2, ""macd_k_mid"": 0.55, ""macd_signal"": 9, ""macd_slow"": 42, ""macd_std_window"": 97, ""rebalance_freq"": 180, ""rebounce_block"": 6, ""sl_mult_lm"": 1.25, ""sl_mult_lr"": 2.9, ""sl_mult_sm"": 1.55, ""sl_mult_sr"": 1.7, ""time_stop"": 13, ""tp_mult_lm"": 5.3, ""tp_mult_lr"": 12.0, ""tp_mult_sm"": 4.7, ""tp_mult_sr"": 5.9, ""trail_mult"": 3.1, ""trail_tp"": true, ""use_trailing"": true}",{},
216,-1000000000.0,TrialState.COMPLETE,2026-04-01T02:13:31.518501,2026-04-01T02:13:31.542471,0.02397,"{""atr_window"": 20, ""bb_std_dev"": 2.45, ""bb_window"": 17, ""cooldown"": 4, ""macd_fast"": 15, ""macd_k"": 1.3, ""macd_k_mid"": 0.95, ""macd_signal"": 10, ""macd_slow"": 40, ""macd_std_window"": 79, ""rebalance_freq"": 30, ""rebounce_block"": 2, ""sl_mult_lm"": 1.15, ""sl_mult_lr"": 2.8, ""sl_mult_sm"": 1.9, ""sl_mult_sr"": 1.6, ""time_stop"": 0, ""tp_mult_lm"": 3.6, ""tp_mult_lr"": 14.4, ""tp_mult_sm"": 5.9, ""tp_mult_sr"": 4.7, ""trail_mult"": 2.0, ""trail_tp"": false, ""use_trailing"": true}",{},
217,-1000000000.0,TrialState.COMPLETE,2026-04-01T02:13:31.572704,2026-04-01T02:13:31.601923,0.029219,"{""atr_window"": 12, ""bb_std_dev"": 2.0, ""bb_window"": 14, ""cooldown"": 0, ""macd_fast"": 13, ""macd_k"": 1.9500000000000002, ""macd_k_mid"": 0.6, ""macd_signal"": 8, ""macd_slow"": 37, ""macd_std_window"": 70, ""rebalance_freq"": 150, ""rebounce_block"": 4, ""sl_mult_lm"": 1.65, ""sl_mult_lr"": 3.1, ""sl_mult_sm"": 1.65, ""sl_mult_sr"": 2.4, ""time_stop"": 2, ""tp_mult_lm"": 5.4, ""tp_mult_lr"": 12.8, ""tp_mult_sm"": 3.1, ""tp_mult_sr"": 3.8, ""trail_mult"": 1.5, ""trail_tp"": true, ""use_trailing"": false}",{},
218,-1000000000.0,TrialState.COMPLETE,2026-04-01T02:13:31.632811,2026-04-01T02:13:34.145979,2.513168,"{""atr_window"": 17, ""bb_std_dev"": 2.3, ""bb_window"": 23, ""cooldown"": 1, ""macd_fast"": 14, ""macd_k"": 1.4, ""macd_k_mid"": 0.9, ""macd_signal"": 9, ""macd_slow"": 36, ""macd_std_window"": 98, ""rebalance_freq"": 120, ""rebounce_block"": 6, ""sl_mult_lm"": 2.2, ""sl_mult_lr"": 2.3, ""sl_mult_sm"": 1.2, ""sl_mult_sr"": 1.5, ""time_stop"": 22, ""tp_mult_lm"": 5.3, ""tp_mult_lr"": 11.0, ""tp_mult_sm"": 6.4, ""tp_mult_sr"": 6.300000000000001, ""trail_mult"": 3.2, ""trail_tp"": false, ""use_trailing"": true}",{},
219,-1000000000.0,TrialState.COMPLETE,2026-04-01T02:13:34.179388,2026-04-01T02:13:34.201216,0.021828,"{""atr_window"": 19, ""bb_std_dev"": 2.2, ""bb_window"": 21, ""cooldown"": 2, ""macd_fast"": 12, ""macd_k"": 1.1, ""macd_k_mid"": 0.7, ""macd_signal"": 7, ""macd_slow"": 39, ""macd_std_window"": 84, ""rebalance_freq"": 150, ""rebounce_block"": 5, ""sl_mult_lm"": 1.8, ""sl_mult_lr"": 2.7, ""sl_mult_sm"": 1.4, ""sl_mult_sr"": 1.8, ""time_stop"": 25, ""tp_mult_lm"": 5.0, ""tp_mult_lr"": 12.600000000000001, ""tp_mult_sm"": 4.5, ""tp_mult_sr"": 4.5, ""trail_mult"": 3.7, ""trail_tp"": true, ""use_trailing"": true}",{},
220,-1000000000.0,TrialState.COMPLETE,2026-04-01T02:13:34.229414,2026-04-01T02:13:34.252354,0.02294,"{""atr_window"": 16, ""bb_std_dev"": 1.75, ""bb_window"": 19, ""cooldown"": 3, ""macd_fast"": 15, ""macd_k"": 1.5, ""macd_k_mid"": 0.8, ""macd_signal"": 8, ""macd_slow"": 41, ""macd_std_window"": 91, ""rebalance_freq"": 120, ""rebounce_block"": 0, ""sl_mult_lm"": 1.35, ""sl_mult_lr"": 4.0, ""sl_mult_sm"": 1.35, ""sl_mult_sr"": 2.0, ""time_stop"": 9, ""tp_mult_lm"": 4.2, ""tp_mult_lr"": 8.2, ""tp_mult_sm"": 4.7, ""tp_mult_sr"": 4.0, ""trail_mult"": 3.6, ""trail_tp"": false, ""use_trailing"": false}",{},
221,-1000000000.0,TrialState.COMPLETE,2026-04-01T02:13:34.282543,2026-04-01T02:13:34.303451,0.020908,"{""atr_window"": 15, ""bb_std_dev"": 1.8499999999999999, ""bb_window"": 14, ""cooldown"": 5, ""macd_fast"": 18, ""macd_k"": 1.05, ""macd_k_mid"": 0.6, ""macd_signal"": 8, ""macd_slow"": 43, ""macd_std_window"": 100, ""rebalance_freq"": 60, ""rebounce_block"": 5, ""sl_mult_lm"": 1.9, ""sl_mult_lr"": 2.4, ""sl_mult_sm"": 1.15, ""sl_mult_sr"": 1.5, ""time_stop"": 20, ""tp_mult_lm"": 4.4, ""tp_mult_lr"": 9.8, ""tp_mult_sm"": 3.7, ""tp_mult_sr"": 6.2, ""trail_mult"": 2.2, ""trail_tp"": false, ""use_trailing"": true}",{},
222,-1000000000.0,TrialState.COMPLETE,2026-04-01T02:13:34.334842,2026-04-01T02:13:34.355786,0.020944,"{""atr_window"": 14, ""bb_std_dev"": 1.9, ""bb_window"": 14, ""cooldown"": 5, ""macd_fast"": 19, ""macd_k"": 1.0, ""macd_k_mid"": 0.6, ""macd_signal"": 8, ""macd_slow"": 43, ""macd_std_window"": 99, ""rebalance_freq"": 90, ""rebounce_block"": 5, ""sl_mult_lm"": 2.05, ""sl_mult_lr"": 2.4, ""sl_mult_sm"": 1.1, ""sl_mult_sr"": 1.6, ""time_stop"": 22, ""tp_mult_lm"": 4.3, ""tp_mult_lr"": 12.4, ""tp_mult_sm"": 3.4, ""tp_mult_sr"": 6.0, ""trail_mult"": 2.3, ""trail_tp"": false, ""use_trailing"": true}",{},
223,-1000000000.0,TrialState.COMPLETE,2026-04-01T02:13:34.401603,2026-04-01T02:13:34.422708,0.021105,"{""atr_window"": 14, ""bb_std_dev"": 1.95, ""bb_window"": 14, ""cooldown"": 5, ""macd_fast"": 17, ""macd_k"": 1.05, ""macd_k_mid"": 0.6, ""macd_signal"": 8, ""macd_slow"": 43, ""macd_std_window"": 99, ""rebalance_freq"": 30, ""rebounce_block"": 5, ""sl_mult_lm"": 1.9, ""sl_mult_lr"": 3.5, ""sl_mult_sm"": 1.25, ""sl_mult_sr"": 1.5, ""time_stop"": 22, ""tp_mult_lm"": 3.9, ""tp_mult_lr"": 8.0, ""tp_mult_sm"": 3.6, ""tp_mult_sr"": 4.2, ""trail_mult"": 1.9, ""trail_tp"": false, ""use_trailing"": true}",{},
224,-1000000000.0,TrialState.COMPLETE,2026-04-01T02:13:34.453688,2026-04-01T02:13:34.474131,0.020443,"{""atr_window"": 13, ""bb_std_dev"": 2.4, ""bb_window"": 14, ""cooldown"": 5, ""macd_fast"": 19, ""macd_k"": 1.0, ""macd_k_mid"": 0.5, ""macd_signal"": 8, ""macd_slow"": 43, ""macd_std_window"": 72, ""rebalance_freq"": 180, ""rebounce_block"": 5, ""sl_mult_lm"": 1.85, ""sl_mult_lr"": 2.3, ""sl_mult_sm"": 1.6, ""sl_mult_sr"": 1.9, ""time_stop"": 21, ""tp_mult_lm"": 4.2, ""tp_mult_lr"": 13.600000000000001, ""tp_mult_sm"": 5.2, ""tp_mult_sr"": 4.6, ""trail_mult"": 2.2, ""trail_tp"": false, ""use_trailing"": true}",{},
225,-1000000000.0,TrialState.COMPLETE,2026-04-01T02:13:34.501879,2026-04-01T02:13:34.523403,0.021524,"{""atr_window"": 11, ""bb_std_dev"": 1.4, ""bb_window"": 16, ""cooldown"": 5, ""macd_fast"": 18, ""macd_k"": 1.0, ""macd_k_mid"": 0.8500000000000001, ""macd_signal"": 6, ""macd_slow"": 44, ""macd_std_window"": 100, ""rebalance_freq"": 60, ""rebounce_block"": 4, ""sl_mult_lm"": 1.9500000000000002, ""sl_mult_lr"": 2.5, ""sl_mult_sm"": 1.85, ""sl_mult_sr"": 1.6, ""time_stop"": 23, ""tp_mult_lm"": 4.1, ""tp_mult_lr"": 10.2, ""tp_mult_sm"": 3.5, ""tp_mult_sr"": 6.2, ""trail_mult"": 2.4, ""trail_tp"": false, ""use_trailing"": true}",{},
226,-1000000000.0,TrialState.COMPLETE,2026-04-01T02:13:34.559287,2026-04-01T02:13:34.584813,0.025526,"{""atr_window"": 18, ""bb_std_dev"": 1.7, ""bb_window"": 15, ""cooldown"": 2, ""macd_fast"": 17, ""macd_k"": 1.65, ""macd_k_mid"": 0.65, ""macd_signal"": 7, ""macd_slow"": 40, ""macd_std_window"": 81, ""rebalance_freq"": 30, ""rebounce_block"": 5, ""sl_mult_lm"": 1.75, ""sl_mult_lr"": 2.1, ""sl_mult_sm"": 1.3, ""sl_mult_sr"": 3.2, ""time_stop"": 11, ""tp_mult_lm"": 5.5, ""tp_mult_lr"": 12.0, ""tp_mult_sm"": 4.2, ""tp_mult_sr"": 5.6, ""trail_mult"": 3.3, ""trail_tp"": true, ""use_trailing"": true}",{},
227,-1000000000.0,TrialState.COMPLETE,2026-04-01T02:13:34.614115,2026-04-01T02:13:34.636784,0.022669,"{""atr_window"": 16, ""bb_std_dev"": 1.7999999999999998, ""bb_window"": 14, ""cooldown"": 1, ""macd_fast"": 18, ""macd_k"": 1.25, ""macd_k_mid"": 0.55, ""macd_signal"": 10, ""macd_slow"": 44, ""macd_std_window"": 82, ""rebalance_freq"": 90, ""rebounce_block"": 1, ""sl_mult_lm"": 1.3, ""sl_mult_lr"": 2.2, ""sl_mult_sm"": 2.0, ""sl_mult_sr"": 1.5, ""time_stop"": 17, ""tp_mult_lm"": 5.1, ""tp_mult_lr"": 13.0, ""tp_mult_sm"": 4.3, ""tp_mult_sr"": 3.0, ""trail_mult"": 3.0, ""trail_tp"": false, ""use_trailing"": false}",{},
228,-1000000000.0,TrialState.COMPLETE,2026-04-01T02:13:34.667098,2026-04-01T02:13:34.688816,0.021718,"{""atr_window"": 10, ""bb_std_dev"": 1.9, ""bb_window"": 17, ""cooldown"": 5, ""macd_fast"": 16, ""macd_k"": 1.15, ""macd_k_mid"": 0.95, ""macd_signal"": 9, ""macd_slow"": 42, ""macd_std_window"": 89, ""rebalance_freq"": 150, ""rebounce_block"": 6, ""sl_mult_lm"": 2.0, ""sl_mult_lr"": 2.0, ""sl_mult_sm"": 1.5, ""sl_mult_sr"": 3.3, ""time_stop"": 21, ""tp_mult_lm"": 5.6, ""tp_mult_lr"": 16.0, ""tp_mult_sm"": 3.3, ""tp_mult_sr"": 5.1, ""trail_mult"": 1.8, ""trail_tp"": true, ""use_trailing"": true}",{},
229,-1000000000.0,TrialState.COMPLETE,2026-04-01T02:13:34.717914,2026-04-01T02:13:38.900224,4.18231,"{""atr_window"": 15, ""bb_std_dev"": 2.35, ""bb_window"": 22, ""cooldown"": 0, ""macd_fast"": 20, ""macd_k"": 1.45, ""macd_k_mid"": 0.6, ""macd_signal"": 8, ""macd_slow"": 38, ""macd_std_window"": 71, ""rebalance_freq"": 180, ""rebounce_block"": 5, ""sl_mult_lm"": 1.4, ""sl_mult_lr"": 3.8, ""sl_mult_sm"": 1.85, ""sl_mult_sr"": 1.7, ""time_stop"": 24, ""tp_mult_lm"": 5.2, ""tp_mult_lr"": 12.4, ""tp_mult_sm"": 7.0, ""tp_mult_sr"": 6.4, ""trail_mult"": 4.0, ""trail_tp"": false, ""use_trailing"": true}",{},
230,-1000000000.0,TrialState.COMPLETE,2026-04-01T02:13:38.945435,2026-04-01T02:13:39.016361,0.070926,"{""atr_window"": 14, ""bb_std_dev"": 2.5, ""bb_window"": 14, ""cooldown"": 2, ""macd_fast"": 10, ""macd_k"": 1.0, ""macd_k_mid"": 0.75, ""macd_signal"": 9, ""macd_slow"": 43, ""macd_std_window"": 98, ""rebalance_freq"": 150, ""rebounce_block"": 2, ""sl_mult_lm"": 2.1, ""sl_mult_lr"": 3.6, ""sl_mult_sm"": 1.25, ""sl_mult_sr"": 2.2, ""time_stop"": 5, ""tp_mult_lm"": 4.7, ""tp_mult_lr"": 11.6, ""tp_mult_sm"": 3.8, ""tp_mult_sr"": 3.7, ""trail_mult"": 3.8000000000000003, ""trail_tp"": true, ""use_trailing"": true}",{},
231,-1000000000.0,TrialState.COMPLETE,2026-04-01T02:13:39.052533,2026-04-01T02:13:39.077577,0.025044,"{""atr_window"": 14, ""bb_std_dev"": 1.75, ""bb_window"": 15, ""cooldown"": 4, ""macd_fast"": 20, ""macd_k"": 1.1, ""macd_k_mid"": 0.55, ""macd_signal"": 8, ""macd_slow"": 43, ""macd_std_window"": 95, ""rebalance_freq"": 120, ""rebounce_block"": 5, ""sl_mult_lm"": 1.9500000000000002, ""sl_mult_lr"": 2.3, ""sl_mult_sm"": 1.2, ""sl_mult_sr"": 1.7, ""time_stop"": 20, ""tp_mult_lm"": 3.8, ""tp_mult_lr"": 15.0, ""tp_mult_sm"": 4.5, ""tp_mult_sr"": 6.0, ""trail_mult"": 2.1, ""trail_tp"": false, ""use_trailing"": true}",{},
232,-1000000000.0,TrialState.COMPLETE,2026-04-01T02:13:39.113523,2026-04-01T02:13:39.138433,0.02491,"{""atr_window"": 14, ""bb_std_dev"": 1.7, ""bb_window"": 15, ""cooldown"": 4, ""macd_fast"": 20, ""macd_k"": 1.05, ""macd_k_mid"": 0.55, ""macd_signal"": 8, ""macd_slow"": 43, ""macd_std_window"": 93, ""rebalance_freq"": 120, ""rebounce_block"": 5, ""sl_mult_lm"": 1.9, ""sl_mult_lr"": 2.2, ""sl_mult_sm"": 1.7000000000000002, ""sl_mult_sr"": 1.7, ""time_stop"": 19, ""tp_mult_lm"": 4.0, ""tp_mult_lr"": 15.4, ""tp_mult_sm"": 4.4, ""tp_mult_sr"": 5.800000000000001, ""trail_mult"": 2.0, ""trail_tp"": false, ""use_trailing"": true}",{},
233,-1000000000.0,TrialState.COMPLETE,2026-04-01T02:13:39.168833,2026-04-01T02:13:39.194229,0.025396,"{""atr_window"": 13, ""bb_std_dev"": 1.75, ""bb_window"": 15, ""cooldown"": 4, ""macd_fast"": 20, ""macd_k"": 1.1, ""macd_k_mid"": 0.55, ""macd_signal"": 8, ""macd_slow"": 43, ""macd_std_window"": 76, ""rebalance_freq"": 120, ""rebounce_block"": 5, ""sl_mult_lm"": 1.9500000000000002, ""sl_mult_lr"": 2.4, ""sl_mult_sm"": 1.2, ""sl_mult_sr"": 1.8, ""time_stop"": 16, ""tp_mult_lm"": 3.6, ""tp_mult_lr"": 16.8, ""tp_mult_sm"": 6.7, ""tp_mult_sr"": 5.7, ""trail_mult"": 2.2, ""trail_tp"": false, ""use_trailing"": true}",{},
234,-1000000000.0,TrialState.COMPLETE,2026-04-01T02:13:39.235011,2026-04-01T02:13:39.263477,0.028466,"{""atr_window"": 14, ""bb_std_dev"": 1.8499999999999999, ""bb_window"": 16, ""cooldown"": 4, ""macd_fast"": 12, ""macd_k"": 1.15, ""macd_k_mid"": 0.6, ""macd_signal"": 8, ""macd_slow"": 44, ""macd_std_window"": 96, ""rebalance_freq"": 120, ""rebounce_block"": 5, ""sl_mult_lm"": 1.85, ""sl_mult_lr"": 2.5, ""sl_mult_sm"": 1.25, ""sl_mult_sr"": 2.1, ""time_stop"": 7, ""tp_mult_lm"": 5.7, ""tp_mult_lr"": 10.0, ""tp_mult_sm"": 4.6, ""tp_mult_sr"": 3.9, ""trail_mult"": 2.1, ""trail_tp"": false, ""use_trailing"": true}",{},
235,-1000000000.0,TrialState.COMPLETE,2026-04-01T02:13:39.294877,2026-04-01T02:13:43.464326,4.169449,"{""atr_window"": 17, ""bb_std_dev"": 1.7999999999999998, ""bb_window"": 25, ""cooldown"": 4, ""macd_fast"": 20, ""macd_k"": 1.8, ""macd_k_mid"": 0.5, ""macd_signal"": 6, ""macd_slow"": 42, ""macd_std_window"": 99, ""rebalance_freq"": 120, ""rebounce_block"": 5, ""sl_mult_lm"": 1.9, ""sl_mult_lr"": 4.6, ""sl_mult_sm"": 1.45, ""sl_mult_sr"": 3.1, ""time_stop"": 14, ""tp_mult_lm"": 3.8, ""tp_mult_lr"": 16.6, ""tp_mult_sm"": 4.8, ""tp_mult_sr"": 6.1, ""trail_mult"": 2.1, ""trail_tp"": false, ""use_trailing"": false}",{},
236,-1000000000.0,TrialState.COMPLETE,2026-04-01T02:13:43.551166,2026-04-01T02:13:43.582531,0.031365,"{""atr_window"": 18, ""bb_std_dev"": 2.2, ""bb_window"": 24, ""cooldown"": 3, ""macd_fast"": 12, ""macd_k"": 1.6, ""macd_k_mid"": 0.55, ""macd_signal"": 8, ""macd_slow"": 37, ""macd_std_window"": 80, ""rebalance_freq"": 90, ""rebounce_block"": 4, ""sl_mult_lm"": 2.05, ""sl_mult_lr"": 2.3, ""sl_mult_sm"": 1.15, ""sl_mult_sr"": 1.5, ""time_stop"": 18, ""tp_mult_lm"": 6.0, ""tp_mult_lr"": 12.8, ""tp_mult_sm"": 6.300000000000001, ""tp_mult_sr"": 5.9, ""trail_mult"": 2.2, ""trail_tp"": true, ""use_trailing"": true}",{},
237,-1000000000.0,TrialState.COMPLETE,2026-04-01T02:13:43.626277,2026-04-01T02:13:43.651177,0.0249,"{""atr_window"": 20, ""bb_std_dev"": 2.45, ""bb_window"": 15, ""cooldown"": 0, ""macd_fast"": 14, ""macd_k"": 1.15, ""macd_k_mid"": 1.0, ""macd_signal"": 5, ""macd_slow"": 43, ""macd_std_window"": 87, ""rebalance_freq"": 120, ""rebounce_block"": 0, ""sl_mult_lm"": 2.0, ""sl_mult_lr"": 2.4, ""sl_mult_sm"": 1.8, ""sl_mult_sr"": 1.6, ""time_stop"": 21, ""tp_mult_lm"": 3.9, ""tp_mult_lr"": 16.200000000000003, ""tp_mult_sm"": 5.5, ""tp_mult_sr"": 6.300000000000001, ""trail_mult"": 2.0, ""trail_tp"": false, ""use_trailing"": true}",{},
238,-1000000000.0,TrialState.COMPLETE,2026-04-01T02:13:43.683349,2026-04-01T02:13:43.709432,0.026083,"{""atr_window"": 15, ""bb_std_dev"": 1.7999999999999998, ""bb_window"": 20, ""cooldown"": 2, ""macd_fast"": 11, ""macd_k"": 1.7000000000000002, ""macd_k_mid"": 0.7, ""macd_signal"": 8, ""macd_slow"": 40, ""macd_std_window"": 78, ""rebalance_freq"": 150, ""rebounce_block"": 6, ""sl_mult_lm"": 1.9500000000000002, ""sl_mult_lr"": 3.0, ""sl_mult_sm"": 1.3, ""sl_mult_sr"": 1.8, ""time_stop"": 29, ""tp_mult_lm"": 5.1, ""tp_mult_lr"": 9.6, ""tp_mult_sm"": 6.1, ""tp_mult_sr"": 5.9, ""trail_mult"": 3.1, ""trail_tp"": true, ""use_trailing"": false}",{},
239,-1000000000.0,TrialState.COMPLETE,2026-04-01T02:13:43.741763,2026-04-01T02:13:47.792470,4.050707,"{""atr_window"": 11, ""bb_std_dev"": 1.95, ""bb_window"": 14, ""cooldown"": 1, ""macd_fast"": 13, ""macd_k"": 1.1, ""macd_k_mid"": 0.5, ""macd_signal"": 10, ""macd_slow"": 35, ""macd_std_window"": 94, ""rebalance_freq"": 180, ""rebounce_block"": 3, ""sl_mult_lm"": 1.05, ""sl_mult_lr"": 2.6, ""sl_mult_sm"": 1.25, ""sl_mult_sr"": 3.0, ""time_stop"": 2, ""tp_mult_lm"": 5.0, ""tp_mult_lr"": 15.600000000000001, ""tp_mult_sm"": 6.5, ""tp_mult_sr"": 4.4, ""trail_mult"": 3.2, ""trail_tp"": false, ""use_trailing"": true}",{},
240,-1000000000.0,TrialState.COMPLETE,2026-04-01T02:13:47.849076,2026-04-01T02:13:50.756599,2.907523,"{""atr_window"": 16, ""bb_std_dev"": 1.45, ""bb_window"": 16, ""cooldown"": 1, ""macd_fast"": 19, ""macd_k"": 1.05, ""macd_k_mid"": 0.7, ""macd_signal"": 7, ""macd_slow"": 39, ""macd_std_window"": 90, ""rebalance_freq"": 30, ""rebounce_block"": 1, ""sl_mult_lm"": 2.1500000000000004, ""sl_mult_lr"": 3.4000000000000004, ""sl_mult_sm"": 1.9500000000000002, ""sl_mult_sr"": 2.5, ""time_stop"": 15, ""tp_mult_lm"": 5.4, ""tp_mult_lr"": 14.2, ""tp_mult_sm"": 5.800000000000001, ""tp_mult_sr"": 6.0, ""trail_mult"": 2.1, ""trail_tp"": true, ""use_trailing"": true}",{},
241,-1000000000.0,TrialState.COMPLETE,2026-04-01T02:13:50.786528,2026-04-01T02:13:50.819423,0.032895,"{""atr_window"": 14, ""bb_std_dev"": 2.3, ""bb_window"": 14, ""cooldown"": 3, ""macd_fast"": 16, ""macd_k"": 1.1, ""macd_k_mid"": 0.6, ""macd_signal"": 7, ""macd_slow"": 44, ""macd_std_window"": 96, ""rebalance_freq"": 60, ""rebounce_block"": 6, ""sl_mult_lm"": 1.5, ""sl_mult_lr"": 2.6, ""sl_mult_sm"": 1.35, ""sl_mult_sr"": 1.7, ""time_stop"": 9, ""tp_mult_lm"": 4.6, ""tp_mult_lr"": 13.2, ""tp_mult_sm"": 4.3, ""tp_mult_sr"": 5.0, ""trail_mult"": 2.0, ""trail_tp"": false, ""use_trailing"": true}",{},
