number,value,state,datetime_start,datetime_complete,duration_seconds,params_json,fold_sharpes_json,avg_cv_sharpe
34,-1000000000.0,TrialState.COMPLETE,2026-04-01T08:44:02.884667,2026-04-01T08:44:05.979513,3.094846,"{""atr_window"": 19, ""bb_std_dev"": 2.0, ""bb_window"": 19, ""cooldown"": 0, ""macd_fast"": 19, ""macd_k"": 1.3, ""macd_k_mid"": 0.55, ""macd_signal"": 10, ""macd_slow"": 38, ""macd_std_window"": 79, ""rebalance_freq"": 150, ""rebounce_block"": 2, ""sl_mult_lm"": 2.1500000000000004, ""sl_mult_lr"": 4.9, ""sl_mult_sm"": 1.8, ""sl_mult_sr"": 2.6, ""time_stop"": 2, ""tp_mult_lm"": 5.7, ""tp_mult_lr"": 13.8, ""tp_mult_sm"": 4.2, ""tp_mult_sr"": 4.2, ""trail_mult"": 1.7, ""trail_tp"": false, ""use_trailing"": false}",{},
2849,-1000000000.0,TrialState.COMPLETE,2026-04-01T08:44:03.206613,2026-04-01T08:44:06.402091,3.195478,"{""atr_window"": 18, ""bb_std_dev"": 2.5, ""bb_window"": 21, ""cooldown"": 2, ""macd_fast"": 15, ""macd_k"": 1.05, ""macd_k_mid"": 0.7, ""macd_signal"": 5, ""macd_slow"": 35, ""macd_std_window"": 90, ""rebalance_freq"": 90, ""rebounce_block"": 5, ""sl_mult_lm"": 1.15, ""sl_mult_lr"": 2.5, ""sl_mult_sm"": 1.45, ""sl_mult_sr"": 1.8, ""time_stop"": 26, ""tp_mult_lm"": 5.2, ""tp_mult_lr"": 10.4, ""tp_mult_sm"": 3.0, ""tp_mult_sr"": 5.2, ""trail_mult"": 3.5, ""trail_tp"": false, ""use_trailing"": false}",{},
35,-1000000000.0,TrialState.COMPLETE,2026-04-01T08:44:06.011291,2026-04-01T08:44:09.146330,3.135039,"{""atr_window"": 18, ""bb_std_dev"": 1.5, ""bb_window"": 21, ""cooldown"": 3, ""macd_fast"": 14, ""macd_k"": 1.05, ""macd_k_mid"": 0.5, ""macd_signal"": 8, ""macd_slow"": 36, ""macd_std_window"": 86, ""rebalance_freq"": 90, ""rebounce_block"": 6, ""sl_mult_lm"": 1.8, ""sl_mult_lr"": 4.6, ""sl_mult_sm"": 1.05, ""sl_mult_sr"": 2.9000000000000004, ""time_stop"": 8, ""tp_mult_lm"": 5.5, ""tp_mult_lr"": 16.0, ""tp_mult_sm"": 5.5, ""tp_mult_sr"": 6.0, ""trail_mult"": 2.1, ""trail_tp"": true, ""use_trailing"": false}",{},
36,-1000000000.0,TrialState.COMPLETE,2026-04-01T08:44:09.169414,2026-04-01T08:44:09.181866,0.012452,"{""atr_window"": 16, ""bb_std_dev"": 1.7, ""bb_window"": 14, ""cooldown"": 2, ""macd_fast"": 13, ""macd_k"": 1.25, ""macd_k_mid"": 0.65, ""macd_signal"": 9, ""macd_slow"": 37, ""macd_std_window"": 90, ""rebalance_freq"": 120, ""rebounce_block"": 0, ""sl_mult_lm"": 2.05, ""sl_mult_lr"": 4.2, ""sl_mult_sm"": 1.3, ""sl_mult_sr"": 3.5, ""time_stop"": 18, ""tp_mult_lm"": 4.6, ""tp_mult_lr"": 14.600000000000001, ""tp_mult_sm"": 3.9, ""tp_mult_sr"": 6.4, ""trail_mult"": 2.6, ""trail_tp"": false, ""use_trailing"": true}",{},
37,-1000000000.0,TrialState.COMPLETE,2026-04-01T08:44:09.207769,2026-04-01T08:44:09.220579,0.01281,"{""atr_window"": 17, ""bb_std_dev"": 2.45, ""bb_window"": 15, ""cooldown"": 4, ""macd_fast"": 15, ""macd_k"": 1.35, ""macd_k_mid"": 0.55, ""macd_signal"": 6, ""macd_slow"": 41, ""macd_std_window"": 93, ""rebalance_freq"": 30, ""rebounce_block"": 2, ""sl_mult_lm"": 1.65, ""sl_mult_lr"": 2.2, ""sl_mult_sm"": 1.75, ""sl_mult_sr"": 3.3, ""time_stop"": 16, ""tp_mult_lm"": 6.0, ""tp_mult_lr"": 8.8, ""tp_mult_sm"": 3.3, ""tp_mult_sr"": 4.9, ""trail_mult"": 3.1, ""trail_tp"": true, ""use_trailing"": false}",{},
38,-1000000000.0,TrialState.COMPLETE,2026-04-01T08:44:09.244869,2026-04-01T08:44:09.257719,0.01285,"{""atr_window"": 20, ""bb_std_dev"": 1.5999999999999999, ""bb_window"": 17, ""cooldown"": 2, ""macd_fast"": 12, ""macd_k"": 1.2, ""macd_k_mid"": 0.75, ""macd_signal"": 10, ""macd_slow"": 39, ""macd_std_window"": 91, ""rebalance_freq"": 150, ""rebounce_block"": 3, ""sl_mult_lm"": 1.9, ""sl_mult_lr"": 2.7, ""sl_mult_sm"": 1.0, ""sl_mult_sr"": 2.1, ""time_stop"": 27, ""tp_mult_lm"": 4.9, ""tp_mult_lr"": 10.6, ""tp_mult_sm"": 6.2, ""tp_mult_sr"": 4.3, ""trail_mult"": 2.4, ""trail_tp"": false, ""use_trailing"": true}",{},
39,-1000000000.0,TrialState.COMPLETE,2026-04-01T08:44:09.284630,2026-04-01T08:44:09.300142,0.015512,"{""atr_window"": 15, ""bb_std_dev"": 2.25, ""bb_window"": 21, ""cooldown"": 4, ""macd_fast"": 11, ""macd_k"": 1.6, ""macd_k_mid"": 0.6, ""macd_signal"": 8, ""macd_slow"": 42, ""macd_std_window"": 82, ""rebalance_freq"": 60, ""rebounce_block"": 1, ""sl_mult_lm"": 2.2, ""sl_mult_lr"": 3.9000000000000004, ""sl_mult_sm"": 2.0, ""sl_mult_sr"": 1.9, ""time_stop"": 13, ""tp_mult_lm"": 3.6, ""tp_mult_lr"": 16.4, ""tp_mult_sm"": 5.5, ""tp_mult_sr"": 3.2, ""trail_mult"": 2.0, ""trail_tp"": true, ""use_trailing"": false}",{},
40,-1000000000.0,TrialState.COMPLETE,2026-04-01T08:44:09.329435,2026-04-01T08:44:09.345622,0.016187,"{""atr_window"": 19, ""bb_std_dev"": 1.95, ""bb_window"": 14, ""cooldown"": 0, ""macd_fast"": 19, ""macd_k"": 1.05, ""macd_k_mid"": 0.5, ""macd_signal"": 9, ""macd_slow"": 44, ""macd_std_window"": 72, ""rebalance_freq"": 120, ""rebounce_block"": 4, ""sl_mult_lm"": 1.3, ""sl_mult_lr"": 5.0, ""sl_mult_sm"": 1.6, ""sl_mult_sr"": 2.4, ""time_stop"": 7, ""tp_mult_lm"": 4.2, ""tp_mult_lr"": 11.4, ""tp_mult_sm"": 5.0, ""tp_mult_sr"": 5.5, ""trail_mult"": 3.4000000000000004, ""trail_tp"": false, ""use_trailing"": true}",{},
2850,2.468057142857143,TrialState.COMPLETE,2026-04-01T08:44:06.449999,2026-04-01T08:44:09.671128,3.221129,"{""atr_window"": 18, ""bb_std_dev"": 2.4, ""bb_window"": 21, ""cooldown"": 2, ""macd_fast"": 15, ""macd_k"": 1.0, ""macd_k_mid"": 0.7, ""macd_signal"": 5, ""macd_slow"": 35, ""macd_std_window"": 91, ""rebalance_freq"": 90, ""rebounce_block"": 5, ""sl_mult_lm"": 1.05, ""sl_mult_lr"": 2.5, ""sl_mult_sm"": 1.45, ""sl_mult_sr"": 1.8, ""time_stop"": 28, ""tp_mult_lm"": 5.2, ""tp_mult_lr"": 10.4, ""tp_mult_sm"": 3.0, ""tp_mult_sr"": 5.4, ""trail_mult"": 3.4000000000000004, ""trail_tp"": false, ""use_trailing"": false}",{},
41,-1000000000.0,TrialState.COMPLETE,2026-04-01T08:44:09.385820,2026-04-01T08:44:11.997169,2.611349,"{""atr_window"": 20, ""bb_std_dev"": 1.5, ""bb_window"": 20, ""cooldown"": 5, ""macd_fast"": 20, ""macd_k"": 1.15, ""macd_k_mid"": 0.55, ""macd_signal"": 7, ""macd_slow"": 36, ""macd_std_window"": 89, ""rebalance_freq"": 90, ""rebounce_block"": 0, ""sl_mult_lm"": 1.75, ""sl_mult_lr"": 4.5, ""sl_mult_sm"": 1.85, ""sl_mult_sr"": 3.1, ""time_stop"": 25, ""tp_mult_lm"": 5.6, ""tp_mult_lr"": 9.6, ""tp_mult_sm"": 6.7, ""tp_mult_sr"": 5.2, ""trail_mult"": 1.7, ""trail_tp"": false, ""use_trailing"": true}",{},
2851,-1000000000.0,TrialState.COMPLETE,2026-04-01T08:44:09.724929,2026-04-01T08:44:12.394344,2.669415,"{""atr_window"": 18, ""bb_std_dev"": 2.45, ""bb_window"": 21, ""cooldown"": 2, ""macd_fast"": 15, ""macd_k"": 1.0, ""macd_k_mid"": 0.7, ""macd_signal"": 5, ""macd_slow"": 35, ""macd_std_window"": 89, ""rebalance_freq"": 90, ""rebounce_block"": 5, ""sl_mult_lm"": 1.05, ""sl_mult_lr"": 2.5, ""sl_mult_sm"": 1.4, ""sl_mult_sr"": 1.7, ""time_stop"": 26, ""tp_mult_lm"": 5.2, ""tp_mult_lr"": 10.4, ""tp_mult_sm"": 3.0, ""tp_mult_sr"": 5.300000000000001, ""trail_mult"": 3.4000000000000004, ""trail_tp"": false, ""use_trailing"": false}",{},
42,-1000000000.0,TrialState.COMPLETE,2026-04-01T08:44:12.025784,2026-04-01T08:44:14.667729,2.641945,"{""atr_window"": 18, ""bb_std_dev"": 1.5999999999999999, ""bb_window"": 15, ""cooldown"": 5, ""macd_fast"": 19, ""macd_k"": 1.25, ""macd_k_mid"": 0.6, ""macd_signal"": 7, ""macd_slow"": 37, ""macd_std_window"": 97, ""rebalance_freq"": 120, ""rebounce_block"": 0, ""sl_mult_lm"": 1.1, ""sl_mult_lr"": 4.800000000000001, ""sl_mult_sm"": 1.7000000000000002, ""sl_mult_sr"": 3.4000000000000004, ""time_stop"": 29, ""tp_mult_lm"": 5.4, ""tp_mult_lr"": 10.2, ""tp_mult_sm"": 7.0, ""tp_mult_sr"": 4.7, ""trail_mult"": 1.9, ""trail_tp"": false, ""use_trailing"": true}",{},
2852,-1000000000.0,TrialState.COMPLETE,2026-04-01T08:44:12.451169,2026-04-01T08:44:15.202736,2.751567,"{""atr_window"": 18, ""bb_std_dev"": 2.4, ""bb_window"": 21, ""cooldown"": 2, ""macd_fast"": 15, ""macd_k"": 1.05, ""macd_k_mid"": 0.7, ""macd_signal"": 5, ""macd_slow"": 35, ""macd_std_window"": 90, ""rebalance_freq"": 90, ""rebounce_block"": 5, ""sl_mult_lm"": 1.15, ""sl_mult_lr"": 2.5, ""sl_mult_sm"": 1.45, ""sl_mult_sr"": 1.8, ""time_stop"": 27, ""tp_mult_lm"": 5.2, ""tp_mult_lr"": 10.6, ""tp_mult_sm"": 3.0, ""tp_mult_sr"": 5.2, ""trail_mult"": 3.5, ""trail_tp"": false, ""use_trailing"": false}",{},
43,-1000000000.0,TrialState.COMPLETE,2026-04-01T08:44:14.696920,2026-04-01T08:44:17.353948,2.657028,"{""atr_window"": 19, ""bb_std_dev"": 1.4, ""bb_window"": 19, ""cooldown"": 4, ""macd_fast"": 20, ""macd_k"": 1.45, ""macd_k_mid"": 0.55, ""macd_signal"": 6, ""macd_slow"": 35, ""macd_std_window"": 93, ""rebalance_freq"": 150, ""rebounce_block"": 6, ""sl_mult_lm"": 2.0, ""sl_mult_lr"": 4.7, ""sl_mult_sm"": 1.9500000000000002, ""sl_mult_sr"": 3.2, ""time_stop"": 23, ""tp_mult_lm"": 5.800000000000001, ""tp_mult_lr"": 8.0, ""tp_mult_sm"": 6.7, ""tp_mult_sr"": 5.1, ""trail_mult"": 2.2, ""trail_tp"": false, ""use_trailing"": true}",{},
2853,-1000000000.0,TrialState.COMPLETE,2026-04-01T08:44:15.245238,2026-04-01T08:44:17.968944,2.723706,"{""atr_window"": 18, ""bb_std_dev"": 2.45, ""bb_window"": 21, ""cooldown"": 2, ""macd_fast"": 15, ""macd_k"": 1.0, ""macd_k_mid"": 0.7, ""macd_signal"": 5, ""macd_slow"": 35, ""macd_std_window"": 90, ""rebalance_freq"": 90, ""rebounce_block"": 5, ""sl_mult_lm"": 1.1, ""sl_mult_lr"": 2.5, ""sl_mult_sm"": 1.5, ""sl_mult_sr"": 1.7, ""time_stop"": 28, ""tp_mult_lm"": 5.2, ""tp_mult_lr"": 10.4, ""tp_mult_sm"": 3.2, ""tp_mult_sr"": 5.5, ""trail_mult"": 3.4000000000000004, ""trail_tp"": false, ""use_trailing"": false}",{},
44,-1000000000.0,TrialState.COMPLETE,2026-04-01T08:44:17.377815,2026-04-01T08:44:20.061887,2.684072,"{""atr_window"": 20, ""bb_std_dev"": 1.5499999999999998, ""bb_window"": 17, ""cooldown"": 1, ""macd_fast"": 18, ""macd_k"": 1.05, ""macd_k_mid"": 0.5, ""macd_signal"": 7, ""macd_slow"": 37, ""macd_std_window"": 91, ""rebalance_freq"": 120, ""rebounce_block"": 1, ""sl_mult_lm"": 1.85, ""sl_mult_lr"": 4.300000000000001, ""sl_mult_sm"": 1.75, ""sl_mult_sr"": 2.7, ""time_stop"": 26, ""tp_mult_lm"": 5.1, ""tp_mult_lr"": 8.6, ""tp_mult_sm"": 6.6, ""tp_mult_sr"": 5.800000000000001, ""trail_mult"": 1.6, ""trail_tp"": true, ""use_trailing"": true}",{},
2854,-1000000000.0,TrialState.COMPLETE,2026-04-01T08:44:18.013242,2026-04-01T08:44:20.630695,2.617453,"{""atr_window"": 18, ""bb_std_dev"": 2.45, ""bb_window"": 21, ""cooldown"": 2, ""macd_fast"": 15, ""macd_k"": 1.0, ""macd_k_mid"": 0.7, ""macd_signal"": 5, ""macd_slow"": 35, ""macd_std_window"": 91, ""rebalance_freq"": 90, ""rebounce_block"": 5, ""sl_mult_lm"": 1.15, ""sl_mult_lr"": 2.5, ""sl_mult_sm"": 1.4, ""sl_mult_sr"": 1.7, ""time_stop"": 26, ""tp_mult_lm"": 5.2, ""tp_mult_lr"": 10.4, ""tp_mult_sm"": 3.0, ""tp_mult_sr"": 5.4, ""trail_mult"": 3.5, ""trail_tp"": false, ""use_trailing"": false}",{},
45,-1000000000.0,TrialState.COMPLETE,2026-04-01T08:44:20.086416,2026-04-01T08:44:22.704487,2.618071,"{""atr_window"": 13, ""bb_std_dev"": 2.5, ""bb_window"": 16, ""cooldown"": 3, ""macd_fast"": 17, ""macd_k"": 1.35, ""macd_k_mid"": 0.6, ""macd_signal"": 8, ""macd_slow"": 38, ""macd_std_window"": 95, ""rebalance_freq"": 180, ""rebounce_block"": 3, ""sl_mult_lm"": 2.1, ""sl_mult_lr"": 2.4, ""sl_mult_sm"": 1.85, ""sl_mult_sr"": 1.6, ""time_stop"": 30, ""tp_mult_lm"": 5.2, ""tp_mult_lr"": 9.2, ""tp_mult_sm"": 6.9, ""tp_mult_sr"": 4.4, ""trail_mult"": 1.8, ""trail_tp"": false, ""use_trailing"": true}",{},
46,-1000000000.0,TrialState.COMPLETE,2026-04-01T08:44:22.733304,2026-04-01T08:44:22.748366,0.015062,"{""atr_window"": 17, ""bb_std_dev"": 1.7, ""bb_window"": 18, ""cooldown"": 5, ""macd_fast"": 10, ""macd_k"": 1.15, ""macd_k_mid"": 0.8, ""macd_signal"": 9, ""macd_slow"": 40, ""macd_std_window"": 85, ""rebalance_freq"": 150, ""rebounce_block"": 4, ""sl_mult_lm"": 1.6, ""sl_mult_lr"": 4.1, ""sl_mult_sm"": 1.7000000000000002, ""sl_mult_sr"": 2.9000000000000004, ""time_stop"": 17, ""tp_mult_lm"": 5.6, ""tp_mult_lr"": 10.0, ""tp_mult_sm"": 5.800000000000001, ""tp_mult_sr"": 3.8, ""trail_mult"": 2.3, ""trail_tp"": false, ""use_trailing"": true}",{},
2855,-1000000000.0,TrialState.COMPLETE,2026-04-01T08:44:20.666469,2026-04-01T08:44:23.539090,2.872621,"{""atr_window"": 18, ""bb_std_dev"": 2.5, ""bb_window"": 21, ""cooldown"": 2, ""macd_fast"": 15, ""macd_k"": 1.0, ""macd_k_mid"": 0.7, ""macd_signal"": 5, ""macd_slow"": 35, ""macd_std_window"": 89, ""rebalance_freq"": 90, ""rebounce_block"": 5, ""sl_mult_lm"": 1.05, ""sl_mult_lr"": 2.6, ""sl_mult_sm"": 1.45, ""sl_mult_sr"": 1.8, ""time_stop"": 27, ""tp_mult_lm"": 5.2, ""tp_mult_lr"": 10.6, ""tp_mult_sm"": 3.1, ""tp_mult_sr"": 5.300000000000001, ""trail_mult"": 3.4000000000000004, ""trail_tp"": false, ""use_trailing"": false}",{},
47,-1000000000.0,TrialState.COMPLETE,2026-04-01T08:44:22.779249,2026-04-01T08:44:25.418533,2.639284,"{""atr_window"": 12, ""bb_std_dev"": 2.4, ""bb_window"": 14, ""cooldown"": 1, ""macd_fast"": 19, ""macd_k"": 1.65, ""macd_k_mid"": 0.7, ""macd_signal"": 6, ""macd_slow"": 36, ""macd_std_window"": 89, ""rebalance_freq"": 90, ""rebounce_block"": 2, ""sl_mult_lm"": 1.4, ""sl_mult_lr"": 2.0, ""sl_mult_sm"": 1.9, ""sl_mult_sr"": 1.8, ""time_stop"": 11, ""tp_mult_lm"": 5.4, ""tp_mult_lr"": 11.0, ""tp_mult_sm"": 6.300000000000001, ""tp_mult_sr"": 3.0, ""trail_mult"": 2.7, ""trail_tp"": true, ""use_trailing"": true}",{},
48,-1000000000.0,TrialState.COMPLETE,2026-04-01T08:44:25.446958,2026-04-01T08:44:25.461949,0.014991,"{""atr_window"": 14, ""bb_std_dev"": 2.05, ""bb_window"": 25, ""cooldown"": 2, ""macd_fast"": 15, ""macd_k"": 1.55, ""macd_k_mid"": 0.55, ""macd_signal"": 5, ""macd_slow"": 43, ""macd_std_window"": 100, ""rebalance_freq"": 30, ""rebounce_block"": 0, ""sl_mult_lm"": 2.0, ""sl_mult_lr"": 2.2, ""sl_mult_sm"": 1.8, ""sl_mult_sr"": 2.1, ""time_stop"": 2, ""tp_mult_lm"": 5.9, ""tp_mult_lr"": 13.4, ""tp_mult_sm"": 5.0, ""tp_mult_sr"": 6.7, ""trail_mult"": 3.0, ""trail_tp"": false, ""use_trailing"": true}",{},
49,-1000000000.0,TrialState.COMPLETE,2026-04-01T08:44:25.490124,2026-04-01T08:44:25.505084,0.01496,"{""atr_window"": 16, ""bb_std_dev"": 1.8499999999999999, ""bb_window"": 15, ""cooldown"": 5, ""macd_fast"": 12, ""macd_k"": 1.2, ""macd_k_mid"": 0.65, ""macd_signal"": 8, ""macd_slow"": 39, ""macd_std_window"": 76, ""rebalance_freq"": 150, ""rebounce_block"": 1, ""sl_mult_lm"": 1.05, ""sl_mult_lr"": 3.6, ""sl_mult_sm"": 1.6, ""sl_mult_sr"": 2.6, ""time_stop"": 19, ""tp_mult_lm"": 5.3, ""tp_mult_lr"": 11.0, ""tp_mult_sm"": 5.9, ""tp_mult_sr"": 4.7, ""trail_mult"": 2.0, ""trail_tp"": true, ""use_trailing"": false}",{},
2856,-1000000000.0,TrialState.COMPLETE,2026-04-01T08:44:23.584402,2026-04-01T08:44:26.299763,2.715361,"{""atr_window"": 18, ""bb_std_dev"": 2.5, ""bb_window"": 21, ""cooldown"": 2, ""macd_fast"": 15, ""macd_k"": 1.05, ""macd_k_mid"": 0.7, ""macd_signal"": 5, ""macd_slow"": 35, ""macd_std_window"": 91, ""rebalance_freq"": 90, ""rebounce_block"": 5, ""sl_mult_lm"": 1.1, ""sl_mult_lr"": 2.5, ""sl_mult_sm"": 1.5, ""sl_mult_sr"": 1.7, ""time_stop"": 27, ""tp_mult_lm"": 5.1, ""tp_mult_lr"": 10.6, ""tp_mult_sm"": 3.0, ""tp_mult_sr"": 5.2, ""trail_mult"": 3.4000000000000004, ""trail_tp"": false, ""use_trailing"": false}",{},
50,-1000000000.0,TrialState.COMPLETE,2026-04-01T08:44:25.532701,2026-04-01T08:44:28.181496,2.648795,"{""atr_window"": 18, ""bb_std_dev"": 1.65, ""bb_window"": 14, ""cooldown"": 3, ""macd_fast"": 20, ""macd_k"": 1.45, ""macd_k_mid"": 0.8500000000000001, ""macd_signal"": 7, ""macd_slow"": 35, ""macd_std_window"": 98, ""rebalance_freq"": 180, ""rebounce_block"": 4, ""sl_mult_lm"": 1.25, ""sl_mult_lr"": 3.1, ""sl_mult_sm"": 1.5, ""sl_mult_sr"": 1.5, ""time_stop"": 14, ""tp_mult_lm"": 4.8, ""tp_mult_lr"": 17.0, ""tp_mult_sm"": 4.3, ""tp_mult_sr"": 6.300000000000001, ""trail_mult"": 1.8, ""trail_tp"": false, ""use_trailing"": true}",{},
51,-1000000000.0,TrialState.COMPLETE,2026-04-01T08:44:28.213689,2026-04-01T08:44:28.228961,0.015272,"{""atr_window"": 13, ""bb_std_dev"": 2.2, ""bb_window"": 20, ""cooldown"": 2, ""macd_fast"": 14, ""macd_k"": 1.9500000000000002, ""macd_k_mid"": 0.55, ""macd_signal"": 5, ""macd_slow"": 37, ""macd_std_window"": 70, ""rebalance_freq"": 30, ""rebounce_block"": 6, ""sl_mult_lm"": 2.2, ""sl_mult_lr"": 2.8, ""sl_mult_sm"": 1.35, ""sl_mult_sr"": 3.2, ""time_stop"": 5, ""tp_mult_lm"": 5.7, ""tp_mult_lr"": 11.8, ""tp_mult_sm"": 3.6, ""tp_mult_sr"": 3.3, ""trail_mult"": 2.2, ""trail_tp"": true, ""use_trailing"": true}",{},
52,-1000000000.0,TrialState.COMPLETE,2026-04-01T08:44:28.261532,2026-04-01T08:44:28.277173,0.015641,"{""atr_window"": 14, ""bb_std_dev"": 2.4, ""bb_window"": 22, ""cooldown"": 1, ""macd_fast"": 13, ""macd_k"": 2.0, ""macd_k_mid"": 0.5, ""macd_signal"": 6, ""macd_slow"": 38, ""macd_std_window"": 81, ""rebalance_freq"": 60, ""rebounce_block"": 5, ""sl_mult_lm"": 2.1, ""sl_mult_lr"": 2.5, ""sl_mult_sm"": 1.9500000000000002, ""sl_mult_sr"": 2.8, ""time_stop"": 4, ""tp_mult_lm"": 5.5, ""tp_mult_lr"": 9.8, ""tp_mult_sm"": 4.7, ""tp_mult_sr"": 4.0, ""trail_mult"": 2.4, ""trail_tp"": true, ""use_trailing"": true}",{},
53,-1000000000.0,TrialState.COMPLETE,2026-04-01T08:44:28.308486,2026-04-01T08:44:28.323949,0.015463,"{""atr_window"": 12, ""bb_std_dev"": 2.45, ""bb_window"": 22, ""cooldown"": 2, ""macd_fast"": 14, ""macd_k"": 1.85, ""macd_k_mid"": 1.0, ""macd_signal"": 5, ""macd_slow"": 44, ""macd_std_window"": 87, ""rebalance_freq"": 60, ""rebounce_block"": 6, ""sl_mult_lm"": 2.1500000000000004, ""sl_mult_lr"": 2.6, ""sl_mult_sm"": 1.4, ""sl_mult_sr"": 3.0, ""time_stop"": 3, ""tp_mult_lm"": 6.0, ""tp_mult_lr"": 10.6, ""tp_mult_sm"": 3.0, ""tp_mult_sr"": 3.6, ""trail_mult"": 2.1, ""trail_tp"": true, ""use_trailing"": true}",{},
54,-1000000000.0,TrialState.COMPLETE,2026-04-01T08:44:28.354017,2026-04-01T08:44:28.369407,0.01539,"{""atr_window"": 11, ""bb_std_dev"": 2.35, ""bb_window"": 20, ""cooldown"": 1, ""macd_fast"": 13, ""macd_k"": 1.9, ""macd_k_mid"": 0.6, ""macd_signal"": 9, ""macd_slow"": 36, ""macd_std_window"": 79, ""rebalance_freq"": 30, ""rebounce_block"": 6, ""sl_mult_lm"": 1.35, ""sl_mult_lr"": 2.4, ""sl_mult_sm"": 1.2, ""sl_mult_sr"": 1.7, ""time_stop"": 1, ""tp_mult_lm"": 5.9, ""tp_mult_lr"": 12.8, ""tp_mult_sm"": 3.4, ""tp_mult_sr"": 3.0, ""trail_mult"": 3.6, ""trail_tp"": true, ""use_trailing"": true}",{},
55,-1000000000.0,TrialState.COMPLETE,2026-04-01T08:44:28.400491,2026-04-01T08:44:28.415562,0.015071,"{""atr_window"": 15, ""bb_std_dev"": 2.15, ""bb_window"": 16, ""cooldown"": 3, ""macd_fast"": 12, ""macd_k"": 1.75, ""macd_k_mid"": 0.7, ""macd_signal"": 9, ""macd_slow"": 40, ""macd_std_window"": 84, ""rebalance_freq"": 90, ""rebounce_block"": 5, ""sl_mult_lm"": 1.9500000000000002, ""sl_mult_lr"": 2.2, ""sl_mult_sm"": 1.75, ""sl_mult_sr"": 2.4, ""time_stop"": 9, ""tp_mult_lm"": 5.0, ""tp_mult_lr"": 9.4, ""tp_mult_sm"": 4.4, ""tp_mult_sr"": 3.8, ""trail_mult"": 1.6, ""trail_tp"": true, ""use_trailing"": true}",{},
2857,-1000000000.0,TrialState.COMPLETE,2026-04-01T08:44:26.344347,2026-04-01T08:44:29.056631,2.712284,"{""atr_window"": 18, ""bb_std_dev"": 2.45, ""bb_window"": 21, ""cooldown"": 2, ""macd_fast"": 15, ""macd_k"": 1.0, ""macd_k_mid"": 0.7, ""macd_signal"": 5, ""macd_slow"": 35, ""macd_std_window"": 89, ""rebalance_freq"": 90, ""rebounce_block"": 5, ""sl_mult_lm"": 1.1, ""sl_mult_lr"": 2.6, ""sl_mult_sm"": 1.45, ""sl_mult_sr"": 1.7, ""time_stop"": 28, ""tp_mult_lm"": 5.1, ""tp_mult_lr"": 10.6, ""tp_mult_sm"": 3.1, ""tp_mult_sr"": 5.300000000000001, ""trail_mult"": 3.4000000000000004, ""trail_tp"": false, ""use_trailing"": false}",{},
56,-1000000000.0,TrialState.COMPLETE,2026-04-01T08:44:28.444942,2026-04-01T08:44:31.087701,2.642759,"{""atr_window"": 13, ""bb_std_dev"": 2.25, ""bb_window"": 19, ""cooldown"": 2, ""macd_fast"": 16, ""macd_k"": 1.1, ""macd_k_mid"": 0.6, ""macd_signal"": 8, ""macd_slow"": 37, ""macd_std_window"": 71, ""rebalance_freq"": 120, ""rebounce_block"": 6, ""sl_mult_lm"": 2.1500000000000004, ""sl_mult_lr"": 2.1, ""sl_mult_sm"": 1.65, ""sl_mult_sr"": 3.3, ""time_stop"": 7, ""tp_mult_lm"": 5.7, ""tp_mult_lr"": 12.0, ""tp_mult_sm"": 3.7, ""tp_mult_sr"": 5.6, ""trail_mult"": 2.5, ""trail_tp"": false, ""use_trailing"": true}",{},
57,-1000000000.0,TrialState.COMPLETE,2026-04-01T08:44:31.120456,2026-04-01T08:44:31.137060,0.016604,"{""atr_window"": 14, ""bb_std_dev"": 1.45, ""bb_window"": 15, ""cooldown"": 4, ""macd_fast"": 14, ""macd_k"": 1.0, ""macd_k_mid"": 0.5, ""macd_signal"": 10, ""macd_slow"": 42, ""macd_std_window"": 75, ""rebalance_freq"": 30, ""rebounce_block"": 5, ""sl_mult_lm"": 1.5, ""sl_mult_lr"": 2.9, ""sl_mult_sm"": 1.5, ""sl_mult_sr"": 2.2, ""time_stop"": 22, ""tp_mult_lm"": 4.2, ""tp_mult_lr"": 10.2, ""tp_mult_sm"": 4.1, ""tp_mult_sr"": 3.2, ""trail_mult"": 2.8, ""trail_tp"": true, ""use_trailing"": true}",{},
58,-1000000000.0,TrialState.COMPLETE,2026-04-01T08:44:31.166257,2026-04-01T08:44:31.181625,0.015368,"{""atr_window"": 19, ""bb_std_dev"": 1.7999999999999998, ""bb_window"": 18, ""cooldown"": 1, ""macd_fast"": 15, ""macd_k"": 1.05, ""macd_k_mid"": 0.65, ""macd_signal"": 8, ""macd_slow"": 43, ""macd_std_window"": 86, ""rebalance_freq"": 150, ""rebounce_block"": 5, ""sl_mult_lm"": 1.7000000000000002, ""sl_mult_lr"": 2.6, ""sl_mult_sm"": 1.25, ""sl_mult_sr"": 2.0, ""time_stop"": 1, ""tp_mult_lm"": 5.3, ""tp_mult_lr"": 8.4, ""tp_mult_sm"": 3.2, ""tp_mult_sr"": 4.6, ""trail_mult"": 1.9, ""trail_tp"": false, ""use_trailing"": true}",{},
