number,value,state,datetime_start,datetime_complete,duration_seconds,params_json,fold_sharpes_json,avg_cv_sharpe
1447,-1000000000.0,TrialState.COMPLETE,2026-04-01T03:03:01.484554,2026-04-01T03:03:01.562232,0.077678,"{""atr_window"": 14, ""bb_std_dev"": 1.9, ""bb_window"": 21, ""cooldown"": 0, ""macd_fast"": 10, ""macd_k"": 2.0, ""macd_k_mid"": 0.6, ""macd_signal"": 8, ""macd_slow"": 36, ""macd_std_window"": 73, ""rebalance_freq"": 150, ""rebounce_block"": 0, ""sl_mult_lm"": 1.25, ""sl_mult_lr"": 2.6, ""sl_mult_sm"": 1.65, ""sl_mult_sr"": 3.3, ""time_stop"": 10, ""tp_mult_lm"": 5.0, ""tp_mult_lr"": 12.4, ""tp_mult_sm"": 6.300000000000001, ""tp_mult_sr"": 3.7, ""trail_mult"": 2.8, ""trail_tp"": false, ""use_trailing"": true}",{},
1448,-1000000000.0,TrialState.COMPLETE,2026-04-01T03:03:01.604804,2026-04-01T03:03:01.689434,0.08463,"{""atr_window"": 15, ""bb_std_dev"": 1.65, ""bb_window"": 14, ""cooldown"": 1, ""macd_fast"": 12, ""macd_k"": 1.05, ""macd_k_mid"": 0.65, ""macd_signal"": 9, ""macd_slow"": 44, ""macd_std_window"": 85, ""rebalance_freq"": 180, ""rebounce_block"": 5, ""sl_mult_lm"": 1.35, ""sl_mult_lr"": 2.2, ""sl_mult_sm"": 1.1, ""sl_mult_sr"": 1.8, ""time_stop"": 27, ""tp_mult_lm"": 5.1, ""tp_mult_lr"": 13.0, ""tp_mult_sm"": 5.6, ""tp_mult_sr"": 3.4, ""trail_mult"": 3.8000000000000003, ""trail_tp"": true, ""use_trailing"": true}",{},
1449,-1000000000.0,TrialState.COMPLETE,2026-04-01T03:03:01.733170,2026-04-01T03:03:01.825434,0.092264,"{""atr_window"": 20, ""bb_std_dev"": 2.5, ""bb_window"": 15, ""cooldown"": 2, ""macd_fast"": 20, ""macd_k"": 1.55, ""macd_k_mid"": 0.55, ""macd_signal"": 7, ""macd_slow"": 43, ""macd_std_window"": 81, ""rebalance_freq"": 150, ""rebounce_block"": 6, ""sl_mult_lm"": 1.45, ""sl_mult_lr"": 2.9, ""sl_mult_sm"": 1.6, ""sl_mult_sr"": 1.6, ""time_stop"": 16, ""tp_mult_lm"": 6.0, ""tp_mult_lr"": 15.0, ""tp_mult_sm"": 6.4, ""tp_mult_sr"": 3.9, ""trail_mult"": 1.6, ""trail_tp"": false, ""use_trailing"": true}",{},
1450,-1000000000.0,TrialState.COMPLETE,2026-04-01T03:03:01.867290,2026-04-01T03:03:01.953544,0.086254,"{""atr_window"": 16, ""bb_std_dev"": 2.25, ""bb_window"": 16, ""cooldown"": 4, ""macd_fast"": 15, ""macd_k"": 1.6, ""macd_k_mid"": 0.8, ""macd_signal"": 9, ""macd_slow"": 42, ""macd_std_window"": 77, ""rebalance_freq"": 120, ""rebounce_block"": 4, ""sl_mult_lm"": 1.9500000000000002, ""sl_mult_lr"": 2.3, ""sl_mult_sm"": 1.7000000000000002, ""sl_mult_sr"": 2.1, ""time_stop"": 13, ""tp_mult_lm"": 3.9, ""tp_mult_lr"": 11.6, ""tp_mult_sm"": 3.1, ""tp_mult_sr"": 5.800000000000001, ""trail_mult"": 2.0, ""trail_tp"": true, ""use_trailing"": false}",{},
1451,-1000000000.0,TrialState.COMPLETE,2026-04-01T03:03:02.002934,2026-04-01T03:03:05.582876,3.579942,"{""atr_window"": 18, ""bb_std_dev"": 1.7, ""bb_window"": 17, ""cooldown"": 3, ""macd_fast"": 16, ""macd_k"": 1.15, ""macd_k_mid"": 0.55, ""macd_signal"": 6, ""macd_slow"": 37, ""macd_std_window"": 86, ""rebalance_freq"": 30, ""rebounce_block"": 2, ""sl_mult_lm"": 1.15, ""sl_mult_lr"": 2.5, ""sl_mult_sm"": 1.75, ""sl_mult_sr"": 2.4, ""time_stop"": 21, ""tp_mult_lm"": 5.2, ""tp_mult_lr"": 12.0, ""tp_mult_sm"": 4.0, ""tp_mult_sr"": 6.7, ""trail_mult"": 1.8, ""trail_tp"": false, ""use_trailing"": true}",{},
1452,-1000000000.0,TrialState.COMPLETE,2026-04-01T03:03:05.617484,2026-04-01T03:03:05.685244,0.06776,"{""atr_window"": 13, ""bb_std_dev"": 1.8499999999999999, ""bb_window"": 20, ""cooldown"": 2, ""macd_fast"": 14, ""macd_k"": 1.9500000000000002, ""macd_k_mid"": 0.7, ""macd_signal"": 8, ""macd_slow"": 41, ""macd_std_window"": 84, ""rebalance_freq"": 180, ""rebounce_block"": 3, ""sl_mult_lm"": 1.05, ""sl_mult_lr"": 2.4, ""sl_mult_sm"": 1.9500000000000002, ""sl_mult_sr"": 2.0, ""time_stop"": 17, ""tp_mult_lm"": 5.3, ""tp_mult_lr"": 13.600000000000001, ""tp_mult_sm"": 3.3, ""tp_mult_sr"": 4.0, ""trail_mult"": 2.7, ""trail_tp"": true, ""use_trailing"": true}",{},
1453,-1000000000.0,TrialState.COMPLETE,2026-04-01T03:03:05.722364,2026-04-01T03:03:08.701753,2.979389,"{""atr_window"": 17, ""bb_std_dev"": 2.2, ""bb_window"": 23, ""cooldown"": 5, ""macd_fast"": 18, ""macd_k"": 1.1, ""macd_k_mid"": 0.6, ""macd_signal"": 10, ""macd_slow"": 40, ""macd_std_window"": 83, ""rebalance_freq"": 90, ""rebounce_block"": 4, ""sl_mult_lm"": 2.0, ""sl_mult_lr"": 3.0, ""sl_mult_sm"": 1.3, ""sl_mult_sr"": 2.2, ""time_stop"": 19, ""tp_mult_lm"": 5.5, ""tp_mult_lr"": 9.8, ""tp_mult_sm"": 3.4, ""tp_mult_sr"": 3.1, ""trail_mult"": 2.1, ""trail_tp"": false, ""use_trailing"": true}",{},
1454,-1000000000.0,TrialState.COMPLETE,2026-04-01T03:03:08.733807,2026-04-01T03:03:08.789853,0.056046,"{""atr_window"": 20, ""bb_std_dev"": 2.05, ""bb_window"": 25, ""cooldown"": 0, ""macd_fast"": 13, ""macd_k"": 1.2, ""macd_k_mid"": 0.5, ""macd_signal"": 9, ""macd_slow"": 39, ""macd_std_window"": 99, ""rebalance_freq"": 150, ""rebounce_block"": 1, ""sl_mult_lm"": 1.4, ""sl_mult_lr"": 2.1, ""sl_mult_sm"": 1.55, ""sl_mult_sr"": 2.0, ""time_stop"": 23, ""tp_mult_lm"": 5.7, ""tp_mult_lr"": 10.6, ""tp_mult_sm"": 5.7, ""tp_mult_sr"": 6.1, ""trail_mult"": 2.9000000000000004, ""trail_tp"": true, ""use_trailing"": false}",{},
1455,-1000000000.0,TrialState.COMPLETE,2026-04-01T03:03:08.827588,2026-04-01T03:03:08.902007,0.074419,"{""atr_window"": 19, ""bb_std_dev"": 1.75, ""bb_window"": 24, ""cooldown"": 1, ""macd_fast"": 12, ""macd_k"": 1.3, ""macd_k_mid"": 0.9, ""macd_signal"": 8, ""macd_slow"": 35, ""macd_std_window"": 78, ""rebalance_freq"": 60, ""rebounce_block"": 5, ""sl_mult_lm"": 1.75, ""sl_mult_lr"": 2.0, ""sl_mult_sm"": 1.8, ""sl_mult_sr"": 1.6, ""time_stop"": 16, ""tp_mult_lm"": 5.4, ""tp_mult_lr"": 8.0, ""tp_mult_sm"": 4.3, ""tp_mult_sr"": 6.2, ""trail_mult"": 2.4, ""trail_tp"": true, ""use_trailing"": true}",{},
1456,-1000000000.0,TrialState.COMPLETE,2026-04-01T03:03:08.937771,2026-04-01T03:03:09.004033,0.066262,"{""atr_window"": 11, ""bb_std_dev"": 1.5499999999999998, ""bb_window"": 14, ""cooldown"": 1, ""macd_fast"": 11, ""macd_k"": 1.35, ""macd_k_mid"": 0.8500000000000001, ""macd_signal"": 7, ""macd_slow"": 44, ""macd_std_window"": 90, ""rebalance_freq"": 30, ""rebounce_block"": 6, ""sl_mult_lm"": 1.5, ""sl_mult_lr"": 3.5, ""sl_mult_sm"": 1.75, ""sl_mult_sr"": 1.5, ""time_stop"": 18, ""tp_mult_lm"": 5.6, ""tp_mult_lr"": 12.0, ""tp_mult_sm"": 3.6, ""tp_mult_sr"": 4.1, ""trail_mult"": 2.5, ""trail_tp"": false, ""use_trailing"": true}",{},
1457,-1000000000.0,TrialState.COMPLETE,2026-04-01T03:03:09.040189,2026-04-01T03:03:09.106357,0.066168,"{""atr_window"": 14, ""bb_std_dev"": 2.4, ""bb_window"": 21, ""cooldown"": 3, ""macd_fast"": 17, ""macd_k"": 1.5, ""macd_k_mid"": 0.55, ""macd_signal"": 8, ""macd_slow"": 43, ""macd_std_window"": 80, ""rebalance_freq"": 120, ""rebounce_block"": 5, ""sl_mult_lm"": 2.1, ""sl_mult_lr"": 3.1, ""sl_mult_sm"": 1.85, ""sl_mult_sr"": 3.2, ""time_stop"": 29, ""tp_mult_lm"": 5.9, ""tp_mult_lr"": 16.4, ""tp_mult_sm"": 6.6, ""tp_mult_sr"": 4.3, ""trail_mult"": 3.2, ""trail_tp"": true, ""use_trailing"": true}",{},
1458,-1000000000.0,TrialState.COMPLETE,2026-04-01T03:03:09.142703,2026-04-01T03:03:09.257273,0.11457,"{""atr_window"": 15, ""bb_std_dev"": 2.5, ""bb_window"": 22, ""cooldown"": 2, ""macd_fast"": 19, ""macd_k"": 1.65, ""macd_k_mid"": 0.7, ""macd_signal"": 9, ""macd_slow"": 42, ""macd_std_window"": 87, ""rebalance_freq"": 120, ""rebounce_block"": 0, ""sl_mult_lm"": 1.6, ""sl_mult_lr"": 4.2, ""sl_mult_sm"": 1.0, ""sl_mult_sr"": 2.5, ""time_stop"": 14, ""tp_mult_lm"": 3.7, ""tp_mult_lr"": 15.4, ""tp_mult_sm"": 5.5, ""tp_mult_sr"": 6.0, ""trail_mult"": 2.6, ""trail_tp"": false, ""use_trailing"": false}",{},
1459,-1000000000.0,TrialState.COMPLETE,2026-04-01T03:03:09.298522,2026-04-01T03:03:09.377231,0.078709,"{""atr_window"": 10, ""bb_std_dev"": 2.35, ""bb_window"": 15, ""cooldown"": 0, ""macd_fast"": 14, ""macd_k"": 1.0, ""macd_k_mid"": 0.55, ""macd_signal"": 6, ""macd_slow"": 38, ""macd_std_window"": 71, ""rebalance_freq"": 150, ""rebounce_block"": 2, ""sl_mult_lm"": 1.2, ""sl_mult_lr"": 2.4, ""sl_mult_sm"": 1.7000000000000002, ""sl_mult_sr"": 1.9, ""time_stop"": 30, ""tp_mult_lm"": 4.9, ""tp_mult_lr"": 13.8, ""tp_mult_sm"": 6.7, ""tp_mult_sr"": 6.6, ""trail_mult"": 1.5, ""trail_tp"": true, ""use_trailing"": true}",{},
1460,-1000000000.0,TrialState.COMPLETE,2026-04-01T03:03:09.417051,2026-04-01T03:03:12.613705,3.196654,"{""atr_window"": 16, ""bb_std_dev"": 2.3, ""bb_window"": 14, ""cooldown"": 4, ""macd_fast"": 20, ""macd_k"": 1.25, ""macd_k_mid"": 0.65, ""macd_signal"": 9, ""macd_slow"": 41, ""macd_std_window"": 96, ""rebalance_freq"": 180, ""rebounce_block"": 3, ""sl_mult_lm"": 1.35, ""sl_mult_lr"": 4.5, ""sl_mult_sm"": 1.25, ""sl_mult_sr"": 2.1, ""time_stop"": 8, ""tp_mult_lm"": 4.7, ""tp_mult_lr"": 9.0, ""tp_mult_sm"": 6.800000000000001, ""tp_mult_sr"": 3.3, ""trail_mult"": 3.0, ""trail_tp"": false, ""use_trailing"": true}",{},
1461,-1000000000.0,TrialState.COMPLETE,2026-04-01T03:03:12.653694,2026-04-01T03:03:16.419977,3.766283,"{""atr_window"": 12, ""bb_std_dev"": 2.15, ""bb_window"": 17, ""cooldown"": 2, ""macd_fast"": 15, ""macd_k"": 1.45, ""macd_k_mid"": 0.7, ""macd_signal"": 5, ""macd_slow"": 36, ""macd_std_window"": 100, ""rebalance_freq"": 150, ""rebounce_block"": 6, ""sl_mult_lm"": 1.7000000000000002, ""sl_mult_lr"": 3.4000000000000004, ""sl_mult_sm"": 1.2, ""sl_mult_sr"": 1.8, ""time_stop"": 20, ""tp_mult_lm"": 3.8, ""tp_mult_lr"": 11.4, ""tp_mult_sm"": 6.5, ""tp_mult_sr"": 3.0, ""trail_mult"": 3.3, ""trail_tp"": true, ""use_trailing"": false}",{},
1462,-1000000000.0,TrialState.COMPLETE,2026-04-01T03:03:16.456354,2026-04-01T03:03:16.529931,0.073577,"{""atr_window"": 17, ""bb_std_dev"": 2.45, ""bb_window"": 16, ""cooldown"": 1, ""macd_fast"": 12, ""macd_k"": 1.85, ""macd_k_mid"": 0.75, ""macd_signal"": 7, ""macd_slow"": 43, ""macd_std_window"": 82, ""rebalance_freq"": 180, ""rebounce_block"": 1, ""sl_mult_lm"": 2.1500000000000004, ""sl_mult_lr"": 3.9000000000000004, ""sl_mult_sm"": 1.4, ""sl_mult_sr"": 2.7, ""time_stop"": 25, ""tp_mult_lm"": 4.4, ""tp_mult_lr"": 10.8, ""tp_mult_sm"": 6.0, ""tp_mult_sr"": 4.4, ""trail_mult"": 2.2, ""trail_tp"": false, ""use_trailing"": true}",{},
1463,-1000000000.0,TrialState.COMPLETE,2026-04-01T03:03:16.580573,2026-04-01T03:03:16.656251,0.075678,"{""atr_window"": 18, ""bb_std_dev"": 1.5999999999999999, ""bb_window"": 19, ""cooldown"": 1, ""macd_fast"": 13, ""macd_k"": 1.7000000000000002, ""macd_k_mid"": 0.6, ""macd_signal"": 10, ""macd_slow"": 40, ""macd_std_window"": 74, ""rebalance_freq"": 90, ""rebounce_block"": 5, ""sl_mult_lm"": 1.9, ""sl_mult_lr"": 2.5, ""sl_mult_sm"": 1.6, ""sl_mult_sr"": 2.3, ""time_stop"": 13, ""tp_mult_lm"": 5.2, ""tp_mult_lr"": 12.8, ""tp_mult_sm"": 5.0, ""tp_mult_sr"": 5.0, ""trail_mult"": 2.3, ""trail_tp"": true, ""use_trailing"": true}",{},
1464,-1000000000.0,TrialState.COMPLETE,2026-04-01T03:03:16.696366,2026-04-01T03:03:16.784294,0.087928,"{""atr_window"": 13, ""bb_std_dev"": 2.0, ""bb_window"": 18, ""cooldown"": 0, ""macd_fast"": 10, ""macd_k"": 1.1, ""macd_k_mid"": 0.5, ""macd_signal"": 8, ""macd_slow"": 37, ""macd_std_window"": 70, ""rebalance_freq"": 30, ""rebounce_block"": 0, ""sl_mult_lm"": 1.3, ""sl_mult_lr"": 2.3, ""sl_mult_sm"": 1.65, ""sl_mult_sr"": 1.7, ""time_stop"": 9, ""tp_mult_lm"": 3.6, ""tp_mult_lr"": 14.4, ""tp_mult_sm"": 3.2, ""tp_mult_sr"": 6.300000000000001, ""trail_mult"": 4.0, ""trail_tp"": false, ""use_trailing"": true}",{},
1465,-1000000000.0,TrialState.COMPLETE,2026-04-01T03:03:16.826255,2026-04-01T03:03:16.905149,0.078894,"{""atr_window"": 16, ""bb_std_dev"": 2.4, ""bb_window"": 14, ""cooldown"": 4, ""macd_fast"": 11, ""macd_k"": 1.05, ""macd_k_mid"": 0.65, ""macd_signal"": 8, ""macd_slow"": 44, ""macd_std_window"": 88, ""rebalance_freq"": 150, ""rebounce_block"": 3, ""sl_mult_lm"": 1.85, ""sl_mult_lr"": 2.7, ""sl_mult_sm"": 1.9, ""sl_mult_sr"": 1.5, ""time_stop"": 24, ""tp_mult_lm"": 5.4, ""tp_mult_lr"": 14.8, ""tp_mult_sm"": 4.6, ""tp_mult_sr"": 5.6, ""trail_mult"": 3.1, ""trail_tp"": true, ""use_trailing"": false}",{},
1466,-1000000000.0,TrialState.COMPLETE,2026-04-01T03:03:16.950367,2026-04-01T03:03:20.096339,3.145972,"{""atr_window"": 19, ""bb_std_dev"": 1.95, ""bb_window"": 15, ""cooldown"": 5, ""macd_fast"": 14, ""macd_k"": 1.7000000000000002, ""macd_k_mid"": 0.6, ""macd_signal"": 9, ""macd_slow"": 35, ""macd_std_window"": 98, ""rebalance_freq"": 120, ""rebounce_block"": 4, ""sl_mult_lm"": 2.0, ""sl_mult_lr"": 2.4, ""sl_mult_sm"": 1.5, ""sl_mult_sr"": 2.2, ""time_stop"": 10, ""tp_mult_lm"": 5.0, ""tp_mult_lr"": 9.4, ""tp_mult_sm"": 7.0, ""tp_mult_sr"": 3.8, ""trail_mult"": 3.6, ""trail_tp"": false, ""use_trailing"": true}",{},
1467,-1000000000.0,TrialState.COMPLETE,2026-04-01T03:03:20.136402,2026-04-01T03:03:20.209994,0.073592,"{""atr_window"": 15, ""bb_std_dev"": 2.2, ""bb_window"": 20, ""cooldown"": 2, ""macd_fast"": 15, ""macd_k"": 1.0, ""macd_k_mid"": 0.55, ""macd_signal"": 7, ""macd_slow"": 40, ""macd_std_window"": 81, ""rebalance_freq"": 180, ""rebounce_block"": 2, ""sl_mult_lm"": 1.25, ""sl_mult_lr"": 2.6, ""sl_mult_sm"": 1.9500000000000002, ""sl_mult_sr"": 2.6, ""time_stop"": 26, ""tp_mult_lm"": 4.8, ""tp_mult_lr"": 13.2, ""tp_mult_sm"": 5.800000000000001, ""tp_mult_sr"": 7.0, ""trail_mult"": 3.7, ""trail_tp"": true, ""use_trailing"": true}",{},
1468,-1000000000.0,TrialState.COMPLETE,2026-04-01T03:03:20.248606,2026-04-01T03:03:23.559884,3.311278,"{""atr_window"": 20, ""bb_std_dev"": 1.5, ""bb_window"": 16, ""cooldown"": 1, ""macd_fast"": 20, ""macd_k"": 1.5, ""macd_k_mid"": 0.8, ""macd_signal"": 9, ""macd_slow"": 38, ""macd_std_window"": 91, ""rebalance_freq"": 150, ""rebounce_block"": 5, ""sl_mult_lm"": 1.55, ""sl_mult_lr"": 2.2, ""sl_mult_sm"": 1.85, ""sl_mult_sr"": 3.5, ""time_stop"": 22, ""tp_mult_lm"": 4.0, ""tp_mult_lr"": 10.4, ""tp_mult_sm"": 4.9, ""tp_mult_sr"": 4.6, ""trail_mult"": 2.0, ""trail_tp"": false, ""use_trailing"": true}",{},
1469,-1000000000.0,TrialState.COMPLETE,2026-04-01T03:03:23.596213,2026-04-01T03:03:23.672228,0.076015,"{""atr_window"": 14, ""bb_std_dev"": 2.25, ""bb_window"": 14, ""cooldown"": 3, ""macd_fast"": 16, ""macd_k"": 1.15, ""macd_k_mid"": 0.9, ""macd_signal"": 10, ""macd_slow"": 43, ""macd_std_window"": 95, ""rebalance_freq"": 150, ""rebounce_block"": 6, ""sl_mult_lm"": 1.0, ""sl_mult_lr"": 2.8, ""sl_mult_sm"": 1.8, ""sl_mult_sr"": 2.8, ""time_stop"": 21, ""tp_mult_lm"": 5.1, ""tp_mult_lr"": 12.600000000000001, ""tp_mult_sm"": 4.4, ""tp_mult_sr"": 4.9, ""trail_mult"": 3.5, ""trail_tp"": true, ""use_trailing"": false}",{},
1470,-1000000000.0,TrialState.COMPLETE,2026-04-01T03:03:23.708690,2026-04-01T03:03:23.774959,0.066269,"{""atr_window"": 14, ""bb_std_dev"": 2.5, ""bb_window"": 17, ""cooldown"": 2, ""macd_fast"": 18, ""macd_k"": 1.55, ""macd_k_mid"": 0.5, ""macd_signal"": 8, ""macd_slow"": 41, ""macd_std_window"": 89, ""rebalance_freq"": 90, ""rebounce_block"": 3, ""sl_mult_lm"": 1.15, ""sl_mult_lr"": 2.5, ""sl_mult_sm"": 1.35, ""sl_mult_sr"": 3.0, ""time_stop"": 11, ""tp_mult_lm"": 5.7, ""tp_mult_lr"": 12.4, ""tp_mult_sm"": 5.1, ""tp_mult_sr"": 6.5, ""trail_mult"": 3.3, ""trail_tp"": false, ""use_trailing"": true}",{},
1471,-1000000000.0,TrialState.COMPLETE,2026-04-01T03:03:23.812036,2026-04-01T03:03:23.883776,0.07174,"{""atr_window"": 18, ""bb_std_dev"": 2.1, ""bb_window"": 21, ""cooldown"": 0, ""macd_fast"": 12, ""macd_k"": 1.6, ""macd_k_mid"": 0.55, ""macd_signal"": 9, ""macd_slow"": 39, ""macd_std_window"": 85, ""rebalance_freq"": 60, ""rebounce_block"": 5, ""sl_mult_lm"": 1.1, ""sl_mult_lr"": 2.9, ""sl_mult_sm"": 1.7000000000000002, ""sl_mult_sr"": 2.1, ""time_stop"": 1, ""tp_mult_lm"": 4.6, ""tp_mult_lr"": 11.8, ""tp_mult_sm"": 6.9, ""tp_mult_sr"": 5.9, ""trail_mult"": 2.1, ""trail_tp"": true, ""use_trailing"": true}",{},
1472,-1000000000.0,TrialState.COMPLETE,2026-04-01T03:03:23.922422,2026-04-01T03:03:24.001837,0.079415,"{""atr_window"": 16, ""bb_std_dev"": 1.8499999999999999, ""bb_window"": 15, ""cooldown"": 1, ""macd_fast"": 10, ""macd_k"": 1.35, ""macd_k_mid"": 1.0, ""macd_signal"": 8, ""macd_slow"": 42, ""macd_std_window"": 93, ""rebalance_freq"": 150, ""rebounce_block"": 0, ""sl_mult_lm"": 1.9500000000000002, ""sl_mult_lr"": 3.0, ""sl_mult_sm"": 1.45, ""sl_mult_sr"": 2.4, ""time_stop"": 28, ""tp_mult_lm"": 4.9, ""tp_mult_lr"": 12.2, ""tp_mult_sm"": 6.300000000000001, ""tp_mult_sr"": 5.300000000000001, ""trail_mult"": 2.7, ""trail_tp"": false, ""use_trailing"": true}",{},
1473,-1000000000.0,TrialState.COMPLETE,2026-04-01T03:03:24.040725,2026-04-01T03:03:24.128166,0.087441,"{""atr_window"": 19, ""bb_std_dev"": 2.05, ""bb_window"": 14, ""cooldown"": 4, ""macd_fast"": 17, ""macd_k"": 1.75, ""macd_k_mid"": 0.95, ""macd_signal"": 6, ""macd_slow"": 44, ""macd_std_window"": 97, ""rebalance_freq"": 30, ""rebounce_block"": 6, ""sl_mult_lm"": 2.05, ""sl_mult_lr"": 4.0, ""sl_mult_sm"": 2.0, ""sl_mult_sr"": 2.9000000000000004, ""time_stop"": 15, ""tp_mult_lm"": 4.3, ""tp_mult_lr"": 9.2, ""tp_mult_sm"": 5.4, ""tp_mult_sr"": 3.6, ""trail_mult"": 1.9, ""trail_tp"": true, ""use_trailing"": false}",{},
1474,-1000000000.0,TrialState.COMPLETE,2026-04-01T03:03:24.166763,2026-04-01T03:03:27.364838,3.198075,"{""atr_window"": 20, ""bb_std_dev"": 1.7, ""bb_window"": 18, ""cooldown"": 3, ""macd_fast"": 14, ""macd_k"": 1.9, ""macd_k_mid"": 0.55, ""macd_signal"": 7, ""macd_slow"": 36, ""macd_std_window"": 90, ""rebalance_freq"": 180, ""rebounce_block"": 4, ""sl_mult_lm"": 1.65, ""sl_mult_lr"": 2.1, ""sl_mult_sm"": 1.65, ""sl_mult_sr"": 1.6, ""time_stop"": 16, ""tp_mult_lm"": 3.5, ""tp_mult_lr"": 10.0, ""tp_mult_sm"": 3.3, ""tp_mult_sr"": 3.9, ""trail_mult"": 2.2, ""trail_tp"": false, ""use_trailing"": true}",{},
1475,-1000000000.0,TrialState.COMPLETE,2026-04-01T03:03:27.406087,2026-04-01T03:03:30.980447,3.57436,"{""atr_window"": 15, ""bb_std_dev"": 2.35, ""bb_window"": 16, ""cooldown"": 5, ""macd_fast"": 19, ""macd_k"": 1.4, ""macd_k_mid"": 0.75, ""macd_signal"": 8, ""macd_slow"": 35, ""macd_std_window"": 72, ""rebalance_freq"": 120, ""rebounce_block"": 5, ""sl_mult_lm"": 1.05, ""sl_mult_lr"": 3.3, ""sl_mult_sm"": 1.05, ""sl_mult_sr"": 1.9, ""time_stop"": 17, ""tp_mult_lm"": 3.9, ""tp_mult_lr"": 13.0, ""tp_mult_sm"": 3.7, ""tp_mult_sr"": 4.5, ""trail_mult"": 3.2, ""trail_tp"": true, ""use_trailing"": true}",{},
1476,-1000000000.0,TrialState.COMPLETE,2026-04-01T03:03:31.027670,2026-04-01T03:03:34.481031,3.453361,"{""atr_window"": 17, ""bb_std_dev"": 1.7999999999999998, ""bb_window"": 14, ""cooldown"": 0, ""macd_fast"": 20, ""macd_k"": 1.05, ""macd_k_mid"": 0.5, ""macd_signal"": 9, ""macd_slow"": 37, ""macd_std_window"": 71, ""rebalance_freq"": 60, ""rebounce_block"": 2, ""sl_mult_lm"": 1.7000000000000002, ""sl_mult_lr"": 4.1, ""sl_mult_sm"": 1.6, ""sl_mult_sr"": 1.5, ""time_stop"": 20, ""tp_mult_lm"": 5.3, ""tp_mult_lr"": 11.6, ""tp_mult_sm"": 4.7, ""tp_mult_sr"": 5.7, ""trail_mult"": 3.7, ""trail_tp"": false, ""use_trailing"": false}",{},
1477,-1000000000.0,TrialState.COMPLETE,2026-04-01T03:03:34.523547,2026-04-01T03:03:34.609552,0.086005,"{""atr_window"": 17, ""bb_std_dev"": 2.25, ""bb_window"": 22, ""cooldown"": 1, ""macd_fast"": 16, ""macd_k"": 1.2, ""macd_k_mid"": 0.7, ""macd_signal"": 10, ""macd_slow"": 43, ""macd_std_window"": 94, ""rebalance_freq"": 150, ""rebounce_block"": 3, ""sl_mult_lm"": 1.45, ""sl_mult_lr"": 3.7, ""sl_mult_sm"": 1.55, ""sl_mult_sr"": 1.8, ""time_stop"": 2, ""tp_mult_lm"": 6.0, ""tp_mult_lr"": 11.0, ""tp_mult_sm"": 3.1, ""tp_mult_sr"": 4.7, ""trail_mult"": 1.7, ""trail_tp"": true, ""use_trailing"": true}",{},
1478,-1000000000.0,TrialState.COMPLETE,2026-04-01T03:03:34.654225,2026-04-01T03:03:34.741685,0.08746,"{""atr_window"": 14, ""bb_std_dev"": 2.3, ""bb_window"": 20, ""cooldown"": 2, ""macd_fast"": 13, ""macd_k"": 1.65, ""macd_k_mid"": 0.6, ""macd_signal"": 6, ""macd_slow"": 41, ""macd_std_window"": 84, ""rebalance_freq"": 120, ""rebounce_block"": 0, ""sl_mult_lm"": 1.35, ""sl_mult_lr"": 4.300000000000001, ""sl_mult_sm"": 1.25, ""sl_mult_sr"": 2.2, ""time_stop"": 19, ""tp_mult_lm"": 4.2, ""tp_mult_lr"": 8.6, ""tp_mult_sm"": 6.1, ""tp_mult_sr"": 4.0, ""trail_mult"": 3.4000000000000004, ""trail_tp"": false, ""use_trailing"": true}",{},
1479,-1000000000.0,TrialState.COMPLETE,2026-04-01T03:03:34.783896,2026-04-01T03:03:38.002643,3.218747,"{""atr_window"": 18, ""bb_std_dev"": 2.45, ""bb_window"": 23, ""cooldown"": 3, ""macd_fast"": 18, ""macd_k"": 1.15, ""macd_k_mid"": 0.8500000000000001, ""macd_signal"": 7, ""macd_slow"": 40, ""macd_std_window"": 83, ""rebalance_freq"": 180, ""rebounce_block"": 1, ""sl_mult_lm"": 1.8, ""sl_mult_lr"": 2.0, ""sl_mult_sm"": 1.8, ""sl_mult_sr"": 1.7, ""time_stop"": 5, ""tp_mult_lm"": 5.5, ""tp_mult_lr"": 14.0, ""tp_mult_sm"": 3.5, ""tp_mult_sr"": 3.2, ""trail_mult"": 3.1, ""trail_tp"": true, ""use_trailing"": true}",{},
1480,-1000000000.0,TrialState.COMPLETE,2026-04-01T03:03:38.042395,2026-04-01T03:03:38.123550,0.081155,"{""atr_window"": 12, ""bb_std_dev"": 1.75, ""bb_window"": 17, ""cooldown"": 4, ""macd_fast"": 14, ""macd_k"": 1.1, ""macd_k_mid"": 0.65, ""macd_signal"": 9, ""macd_slow"": 44, ""macd_std_window"": 99, ""rebalance_freq"": 30, ""rebounce_block"": 6, ""sl_mult_lm"": 1.0, ""sl_mult_lr"": 2.3, ""sl_mult_sm"": 1.75, ""sl_mult_sr"": 2.0, ""time_stop"": 9, ""tp_mult_lm"": 5.6, ""tp_mult_lr"": 16.200000000000003, ""tp_mult_sm"": 5.2, ""tp_mult_sr"": 3.5, ""trail_mult"": 3.0, ""trail_tp"": false, ""use_trailing"": false}",{},
