number,value,state,datetime_start,datetime_complete,duration_seconds,params_json,fold_sharpes_json,avg_cv_sharpe
2197,-1000000000.0,TrialState.COMPLETE,2026-04-01T05:15:06.993373,2026-04-01T05:15:09.498762,2.505389,"{""atr_window"": 13, ""bb_std_dev"": 2.1, ""bb_window"": 14, ""cooldown"": 3, ""macd_fast"": 14, ""macd_k"": 2.0, ""macd_k_mid"": 0.55, ""macd_signal"": 8, ""macd_slow"": 35, ""macd_std_window"": 74, ""rebalance_freq"": 120, ""rebounce_block"": 5, ""sl_mult_lm"": 1.35, ""sl_mult_lr"": 2.6, ""sl_mult_sm"": 1.5, ""sl_mult_sr"": 2.6, ""time_stop"": 7, ""tp_mult_lm"": 5.1, ""tp_mult_lr"": 15.0, ""tp_mult_sm"": 4.0, ""tp_mult_sr"": 3.0, ""trail_mult"": 3.7, ""trail_tp"": true, ""use_trailing"": false}",{},
2198,-1000000000.0,TrialState.COMPLETE,2026-04-01T05:15:09.538555,2026-04-01T05:15:09.624482,0.085927,"{""atr_window"": 15, ""bb_std_dev"": 1.75, ""bb_window"": 14, ""cooldown"": 2, ""macd_fast"": 13, ""macd_k"": 1.75, ""macd_k_mid"": 0.95, ""macd_signal"": 9, ""macd_slow"": 37, ""macd_std_window"": 75, ""rebalance_freq"": 180, ""rebounce_block"": 0, ""sl_mult_lm"": 1.2, ""sl_mult_lr"": 2.2, ""sl_mult_sm"": 1.05, ""sl_mult_sr"": 2.5, ""time_stop"": 10, ""tp_mult_lm"": 5.5, ""tp_mult_lr"": 16.4, ""tp_mult_sm"": 4.6, ""tp_mult_sr"": 5.2, ""trail_mult"": 2.6, ""trail_tp"": false, ""use_trailing"": true}",{},
2199,-1000000000.0,TrialState.COMPLETE,2026-04-01T05:15:09.663520,2026-04-01T05:15:12.233711,2.570191,"{""atr_window"": 18, ""bb_std_dev"": 1.9, ""bb_window"": 15, ""cooldown"": 1, ""macd_fast"": 20, ""macd_k"": 1.45, ""macd_k_mid"": 0.7, ""macd_signal"": 6, ""macd_slow"": 40, ""macd_std_window"": 80, ""rebalance_freq"": 150, ""rebounce_block"": 3, ""sl_mult_lm"": 1.9500000000000002, ""sl_mult_lr"": 4.800000000000001, ""sl_mult_sm"": 1.7000000000000002, ""sl_mult_sr"": 2.2, ""time_stop"": 17, ""tp_mult_lm"": 5.4, ""tp_mult_lr"": 15.4, ""tp_mult_sm"": 3.0, ""tp_mult_sr"": 3.5, ""trail_mult"": 3.2, ""trail_tp"": true, ""use_trailing"": true}",{},
2200,-1000000000.0,TrialState.COMPLETE,2026-04-01T05:15:12.270574,2026-04-01T05:15:12.359523,0.088949,"{""atr_window"": 20, ""bb_std_dev"": 2.5, ""bb_window"": 23, ""cooldown"": 0, ""macd_fast"": 12, ""macd_k"": 1.9, ""macd_k_mid"": 1.0, ""macd_signal"": 7, ""macd_slow"": 39, ""macd_std_window"": 79, ""rebalance_freq"": 120, ""rebounce_block"": 6, ""sl_mult_lm"": 1.7000000000000002, ""sl_mult_lr"": 5.0, ""sl_mult_sm"": 1.0, ""sl_mult_sr"": 1.5, ""time_stop"": 15, ""tp_mult_lm"": 5.6, ""tp_mult_lr"": 9.8, ""tp_mult_sm"": 6.2, ""tp_mult_sr"": 3.2, ""trail_mult"": 2.8, ""trail_tp"": false, ""use_trailing"": true}",{},
2201,-1000000000.0,TrialState.COMPLETE,2026-04-01T05:15:12.406482,2026-04-01T05:15:12.492271,0.085789,"{""atr_window"": 14, ""bb_std_dev"": 2.0, ""bb_window"": 19, ""cooldown"": 2, ""macd_fast"": 14, ""macd_k"": 1.55, ""macd_k_mid"": 0.5, ""macd_signal"": 9, ""macd_slow"": 42, ""macd_std_window"": 93, ""rebalance_freq"": 180, ""rebounce_block"": 1, ""sl_mult_lm"": 1.0, ""sl_mult_lr"": 2.4, ""sl_mult_sm"": 1.4, ""sl_mult_sr"": 1.8, ""time_stop"": 25, ""tp_mult_lm"": 3.6, ""tp_mult_lr"": 9.2, ""tp_mult_sm"": 6.4, ""tp_mult_sr"": 4.3, ""trail_mult"": 1.9, ""trail_tp"": true, ""use_trailing"": false}",{},
2202,-1000000000.0,TrialState.COMPLETE,2026-04-01T05:15:12.528936,2026-04-01T05:15:15.038836,2.5099,"{""atr_window"": 15, ""bb_std_dev"": 1.95, ""bb_window"": 17, ""cooldown"": 1, ""macd_fast"": 19, ""macd_k"": 1.1, ""macd_k_mid"": 0.55, ""macd_signal"": 10, ""macd_slow"": 41, ""macd_std_window"": 78, ""rebalance_freq"": 150, ""rebounce_block"": 4, ""sl_mult_lm"": 1.85, ""sl_mult_lr"": 2.9, ""sl_mult_sm"": 1.9, ""sl_mult_sr"": 1.7, ""time_stop"": 2, ""tp_mult_lm"": 5.3, ""tp_mult_lr"": 13.4, ""tp_mult_sm"": 4.8, ""tp_mult_sr"": 6.6, ""trail_mult"": 2.1, ""trail_tp"": false, ""use_trailing"": true}",{},
2203,-1000000000.0,TrialState.COMPLETE,2026-04-01T05:15:15.078438,2026-04-01T05:15:15.176381,0.097943,"{""atr_window"": 16, ""bb_std_dev"": 2.2, ""bb_window"": 21, ""cooldown"": 2, ""macd_fast"": 15, ""macd_k"": 1.1, ""macd_k_mid"": 0.6, ""macd_signal"": 8, ""macd_slow"": 43, ""macd_std_window"": 88, ""rebalance_freq"": 150, ""rebounce_block"": 5, ""sl_mult_lm"": 1.5, ""sl_mult_lr"": 3.2, ""sl_mult_sm"": 1.85, ""sl_mult_sr"": 1.6, ""time_stop"": 8, ""tp_mult_lm"": 3.5, ""tp_mult_lr"": 10.6, ""tp_mult_sm"": 4.4, ""tp_mult_sr"": 6.5, ""trail_mult"": 2.7, ""trail_tp"": true, ""use_trailing"": true}",{},
2204,-1000000000.0,TrialState.COMPLETE,2026-04-01T05:15:15.214394,2026-04-01T05:15:17.756759,2.542365,"{""atr_window"": 12, ""bb_std_dev"": 1.45, ""bb_window"": 14, ""cooldown"": 4, ""macd_fast"": 20, ""macd_k"": 1.5, ""macd_k_mid"": 0.7, ""macd_signal"": 8, ""macd_slow"": 36, ""macd_std_window"": 70, ""rebalance_freq"": 90, ""rebounce_block"": 3, ""sl_mult_lm"": 1.3, ""sl_mult_lr"": 2.5, ""sl_mult_sm"": 1.55, ""sl_mult_sr"": 1.9, ""time_stop"": 27, ""tp_mult_lm"": 4.4, ""tp_mult_lr"": 11.8, ""tp_mult_sm"": 6.300000000000001, ""tp_mult_sr"": 4.7, ""trail_mult"": 2.2, ""trail_tp"": false, ""use_trailing"": true}",{},
2205,-1000000000.0,TrialState.COMPLETE,2026-04-01T05:15:17.795249,2026-04-01T05:15:17.879139,0.08389,"{""atr_window"": 17, ""bb_std_dev"": 2.05, ""bb_window"": 16, ""cooldown"": 3, ""macd_fast"": 17, ""macd_k"": 1.05, ""macd_k_mid"": 0.65, ""macd_signal"": 7, ""macd_slow"": 44, ""macd_std_window"": 81, ""rebalance_freq"": 30, ""rebounce_block"": 2, ""sl_mult_lm"": 1.4, ""sl_mult_lr"": 4.5, ""sl_mult_sm"": 1.8, ""sl_mult_sr"": 2.3, ""time_stop"": 20, ""tp_mult_lm"": 5.5, ""tp_mult_lr"": 11.4, ""tp_mult_sm"": 5.5, ""tp_mult_sr"": 3.8, ""trail_mult"": 2.0, ""trail_tp"": true, ""use_trailing"": false}",{},
2206,-1000000000.0,TrialState.COMPLETE,2026-04-01T05:15:17.917402,2026-04-01T05:15:18.000707,0.083305,"{""atr_window"": 19, ""bb_std_dev"": 2.35, ""bb_window"": 22, ""cooldown"": 1, ""macd_fast"": 11, ""macd_k"": 1.9500000000000002, ""macd_k_mid"": 0.55, ""macd_signal"": 10, ""macd_slow"": 40, ""macd_std_window"": 86, ""rebalance_freq"": 180, ""rebounce_block"": 1, ""sl_mult_lm"": 1.9, ""sl_mult_lr"": 2.2, ""sl_mult_sm"": 1.65, ""sl_mult_sr"": 2.1, ""time_stop"": 11, ""tp_mult_lm"": 6.0, ""tp_mult_lr"": 12.4, ""tp_mult_sm"": 3.6, ""tp_mult_sr"": 6.300000000000001, ""trail_mult"": 3.1, ""trail_tp"": false, ""use_trailing"": true}",{},
2207,-1000000000.0,TrialState.COMPLETE,2026-04-01T05:15:18.053237,2026-04-01T05:15:18.138273,0.085036,"{""atr_window"": 18, ""bb_std_dev"": 1.7999999999999998, ""bb_window"": 14, ""cooldown"": 0, ""macd_fast"": 18, ""macd_k"": 1.2, ""macd_k_mid"": 0.6, ""macd_signal"": 9, ""macd_slow"": 44, ""macd_std_window"": 83, ""rebalance_freq"": 120, ""rebounce_block"": 6, ""sl_mult_lm"": 1.05, ""sl_mult_lr"": 2.5, ""sl_mult_sm"": 1.15, ""sl_mult_sr"": 2.0, ""time_stop"": 29, ""tp_mult_lm"": 3.7, ""tp_mult_lr"": 12.0, ""tp_mult_sm"": 6.5, ""tp_mult_sr"": 4.1, ""trail_mult"": 2.5, ""trail_tp"": true, ""use_trailing"": true}",{},
2208,-1000000000.0,TrialState.COMPLETE,2026-04-01T05:15:18.176127,2026-04-01T05:15:18.260390,0.084263,"{""atr_window"": 20, ""bb_std_dev"": 2.2, ""bb_window"": 15, ""cooldown"": 5, ""macd_fast"": 16, ""macd_k"": 1.8, ""macd_k_mid"": 0.55, ""macd_signal"": 9, ""macd_slow"": 41, ""macd_std_window"": 89, ""rebalance_freq"": 150, ""rebounce_block"": 5, ""sl_mult_lm"": 1.15, ""sl_mult_lr"": 2.8, ""sl_mult_sm"": 1.2, ""sl_mult_sr"": 1.5, ""time_stop"": 18, ""tp_mult_lm"": 3.9, ""tp_mult_lr"": 10.2, ""tp_mult_sm"": 5.300000000000001, ""tp_mult_sr"": 6.1, ""trail_mult"": 1.6, ""trail_tp"": false, ""use_trailing"": false}",{},
2209,-1000000000.0,TrialState.COMPLETE,2026-04-01T05:15:18.299791,2026-04-01T05:15:18.392058,0.092267,"{""atr_window"": 15, ""bb_std_dev"": 2.5, ""bb_window"": 18, ""cooldown"": 1, ""macd_fast"": 19, ""macd_k"": 1.0, ""macd_k_mid"": 0.8, ""macd_signal"": 6, ""macd_slow"": 43, ""macd_std_window"": 91, ""rebalance_freq"": 60, ""rebounce_block"": 4, ""sl_mult_lm"": 2.0, ""sl_mult_lr"": 2.0, ""sl_mult_sm"": 1.3, ""sl_mult_sr"": 1.8, ""time_stop"": 6, ""tp_mult_lm"": 5.7, ""tp_mult_lr"": 10.0, ""tp_mult_sm"": 6.7, ""tp_mult_sr"": 3.9, ""trail_mult"": 1.5, ""trail_tp"": true, ""use_trailing"": true}",{},
2210,-1000000000.0,TrialState.COMPLETE,2026-04-01T05:15:18.430707,2026-04-01T05:15:18.526609,0.095902,"{""atr_window"": 11, ""bb_std_dev"": 1.65, ""bb_window"": 20, ""cooldown"": 2, ""macd_fast"": 13, ""macd_k"": 1.15, ""macd_k_mid"": 0.75, ""macd_signal"": 8, ""macd_slow"": 36, ""macd_std_window"": 85, ""rebalance_freq"": 30, ""rebounce_block"": 0, ""sl_mult_lm"": 2.1500000000000004, ""sl_mult_lr"": 2.3, ""sl_mult_sm"": 1.1, ""sl_mult_sr"": 1.6, ""time_stop"": 5, ""tp_mult_lm"": 4.8, ""tp_mult_lr"": 14.8, ""tp_mult_sm"": 5.800000000000001, ""tp_mult_sr"": 7.0, ""trail_mult"": 3.8000000000000003, ""trail_tp"": true, ""use_trailing"": true}",{},
2211,-1000000000.0,TrialState.COMPLETE,2026-04-01T05:15:18.564671,2026-04-01T05:15:18.651470,0.086799,"{""atr_window"": 14, ""bb_std_dev"": 1.7, ""bb_window"": 14, ""cooldown"": 3, ""macd_fast"": 15, ""macd_k"": 1.55, ""macd_k_mid"": 0.65, ""macd_signal"": 7, ""macd_slow"": 42, ""macd_std_window"": 99, ""rebalance_freq"": 90, ""rebounce_block"": 3, ""sl_mult_lm"": 1.25, ""sl_mult_lr"": 4.7, ""sl_mult_sm"": 1.75, ""sl_mult_sr"": 2.1, ""time_stop"": 3, ""tp_mult_lm"": 4.6, ""tp_mult_lr"": 15.8, ""tp_mult_sm"": 3.2, ""tp_mult_sr"": 5.6, ""trail_mult"": 3.3, ""trail_tp"": false, ""use_trailing"": true}",{},
2212,-1000000000.0,TrialState.COMPLETE,2026-04-01T05:15:18.691944,2026-04-01T05:15:18.773096,0.081152,"{""atr_window"": 10, ""bb_std_dev"": 2.4, ""bb_window"": 25, ""cooldown"": 0, ""macd_fast"": 12, ""macd_k"": 1.4, ""macd_k_mid"": 0.5, ""macd_signal"": 8, ""macd_slow"": 35, ""macd_std_window"": 92, ""rebalance_freq"": 180, ""rebounce_block"": 2, ""sl_mult_lm"": 1.75, ""sl_mult_lr"": 4.1, ""sl_mult_sm"": 1.6, ""sl_mult_sr"": 3.4000000000000004, ""time_stop"": 21, ""tp_mult_lm"": 4.7, ""tp_mult_lr"": 12.8, ""tp_mult_sm"": 3.8, ""tp_mult_sr"": 5.800000000000001, ""trail_mult"": 2.1, ""trail_tp"": true, ""use_trailing"": false}",{},
2213,-1000000000.0,TrialState.COMPLETE,2026-04-01T05:15:18.812763,2026-04-01T05:15:18.896223,0.08346,"{""atr_window"": 13, ""bb_std_dev"": 2.05, ""bb_window"": 17, ""cooldown"": 4, ""macd_fast"": 10, ""macd_k"": 1.3, ""macd_k_mid"": 0.7, ""macd_signal"": 10, ""macd_slow"": 37, ""macd_std_window"": 95, ""rebalance_freq"": 150, ""rebounce_block"": 6, ""sl_mult_lm"": 1.2, ""sl_mult_lr"": 2.7, ""sl_mult_sm"": 1.7000000000000002, ""sl_mult_sr"": 1.7, ""time_stop"": 0, ""tp_mult_lm"": 4.3, ""tp_mult_lr"": 11.0, ""tp_mult_sm"": 3.4, ""tp_mult_sr"": 5.0, ""trail_mult"": 2.2, ""trail_tp"": false, ""use_trailing"": true}",{},
2214,-1000000000.0,TrialState.COMPLETE,2026-04-01T05:15:18.946570,2026-04-01T05:15:19.029085,0.082515,"{""atr_window"": 16, ""bb_std_dev"": 2.45, ""bb_window"": 15, ""cooldown"": 1, ""macd_fast"": 14, ""macd_k"": 1.7000000000000002, ""macd_k_mid"": 0.9, ""macd_signal"": 9, ""macd_slow"": 38, ""macd_std_window"": 100, ""rebalance_freq"": 120, ""rebounce_block"": 5, ""sl_mult_lm"": 1.45, ""sl_mult_lr"": 2.1, ""sl_mult_sm"": 1.25, ""sl_mult_sr"": 3.1, ""time_stop"": 17, ""tp_mult_lm"": 5.1, ""tp_mult_lr"": 13.2, ""tp_mult_sm"": 3.3, ""tp_mult_sr"": 5.4, ""trail_mult"": 3.7, ""trail_tp"": true, ""use_trailing"": true}",{},
2215,-1000000000.0,TrialState.COMPLETE,2026-04-01T05:15:19.071648,2026-04-01T05:15:19.156290,0.084642,"{""atr_window"": 17, ""bb_std_dev"": 2.3, ""bb_window"": 14, ""cooldown"": 2, ""macd_fast"": 11, ""macd_k"": 1.6, ""macd_k_mid"": 0.55, ""macd_signal"": 6, ""macd_slow"": 39, ""macd_std_window"": 90, ""rebalance_freq"": 90, ""rebounce_block"": 5, ""sl_mult_lm"": 1.7000000000000002, ""sl_mult_lr"": 2.9, ""sl_mult_sm"": 1.5, ""sl_mult_sr"": 2.5, ""time_stop"": 9, ""tp_mult_lm"": 5.0, ""tp_mult_lr"": 12.0, ""tp_mult_sm"": 7.0, ""tp_mult_sr"": 4.4, ""trail_mult"": 3.1, ""trail_tp"": false, ""use_trailing"": true}",{},
2216,-1000000000.0,TrialState.COMPLETE,2026-04-01T05:15:19.194453,2026-04-01T05:15:19.276947,0.082494,"{""atr_window"": 14, ""bb_std_dev"": 2.25, ""bb_window"": 16, ""cooldown"": 0, ""macd_fast"": 13, ""macd_k"": 1.25, ""macd_k_mid"": 0.5, ""macd_signal"": 5, ""macd_slow"": 41, ""macd_std_window"": 82, ""rebalance_freq"": 150, ""rebounce_block"": 4, ""sl_mult_lm"": 1.35, ""sl_mult_lr"": 2.6, ""sl_mult_sm"": 1.9500000000000002, ""sl_mult_sr"": 2.0, ""time_stop"": 19, ""tp_mult_lm"": 4.2, ""tp_mult_lr"": 8.6, ""tp_mult_sm"": 5.2, ""tp_mult_sr"": 4.0, ""trail_mult"": 2.3, ""trail_tp"": true, ""use_trailing"": false}",{},
2217,-1000000000.0,TrialState.COMPLETE,2026-04-01T05:15:19.316090,2026-04-01T05:15:21.893378,2.577288,"{""atr_window"": 20, ""bb_std_dev"": 2.0, ""bb_window"": 21, ""cooldown"": 1, ""macd_fast"": 20, ""macd_k"": 1.35, ""macd_k_mid"": 0.55, ""macd_signal"": 7, ""macd_slow"": 40, ""macd_std_window"": 72, ""rebalance_freq"": 180, ""rebounce_block"": 6, ""sl_mult_lm"": 2.05, ""sl_mult_lr"": 2.5, ""sl_mult_sm"": 1.8, ""sl_mult_sr"": 3.2, ""time_stop"": 14, ""tp_mult_lm"": 5.4, ""tp_mult_lr"": 13.0, ""tp_mult_sm"": 3.1, ""tp_mult_sr"": 3.6, ""trail_mult"": 3.6, ""trail_tp"": false, ""use_trailing"": true}",{},
2218,-1000000000.0,TrialState.COMPLETE,2026-04-01T05:15:21.923734,2026-04-01T05:15:22.028246,0.104512,"{""atr_window"": 12, ""bb_std_dev"": 2.35, ""bb_window"": 15, ""cooldown"": 4, ""macd_fast"": 12, ""macd_k"": 1.85, ""macd_k_mid"": 0.6, ""macd_signal"": 8, ""macd_slow"": 43, ""macd_std_window"": 71, ""rebalance_freq"": 150, ""rebounce_block"": 0, ""sl_mult_lm"": 1.9500000000000002, ""sl_mult_lr"": 3.0, ""sl_mult_sm"": 1.75, ""sl_mult_sr"": 2.2, ""time_stop"": 13, ""tp_mult_lm"": 5.2, ""tp_mult_lr"": 10.8, ""tp_mult_sm"": 3.9, ""tp_mult_sr"": 5.5, ""trail_mult"": 3.2, ""trail_tp"": true, ""use_trailing"": true}",{},
2219,-1000000000.0,TrialState.COMPLETE,2026-04-01T05:15:22.069201,2026-04-01T05:15:22.157163,0.087962,"{""atr_window"": 18, ""bb_std_dev"": 2.15, ""bb_window"": 16, ""cooldown"": 3, ""macd_fast"": 14, ""macd_k"": 1.05, ""macd_k_mid"": 0.8500000000000001, ""macd_signal"": 9, ""macd_slow"": 44, ""macd_std_window"": 87, ""rebalance_freq"": 120, ""rebounce_block"": 3, ""sl_mult_lm"": 2.1, ""sl_mult_lr"": 3.7, ""sl_mult_sm"": 1.05, ""sl_mult_sr"": 1.5, ""time_stop"": 21, ""tp_mult_lm"": 5.2, ""tp_mult_lr"": 14.4, ""tp_mult_sm"": 6.1, ""tp_mult_sr"": 4.6, ""trail_mult"": 2.4, ""trail_tp"": false, ""use_trailing"": true}",{},
2220,-1000000000.0,TrialState.COMPLETE,2026-04-01T05:15:22.198589,2026-04-01T05:15:24.701713,2.503124,"{""atr_window"": 19, ""bb_std_dev"": 1.75, ""bb_window"": 23, ""cooldown"": 5, ""macd_fast"": 15, ""macd_k"": 1.65, ""macd_k_mid"": 0.95, ""macd_signal"": 8, ""macd_slow"": 37, ""macd_std_window"": 98, ""rebalance_freq"": 180, ""rebounce_block"": 2, ""sl_mult_lm"": 2.2, ""sl_mult_lr"": 2.3, ""sl_mult_sm"": 1.6, ""sl_mult_sr"": 1.9, ""time_stop"": 24, ""tp_mult_lm"": 4.9, ""tp_mult_lr"": 12.600000000000001, ""tp_mult_sm"": 3.5, ""tp_mult_sr"": 6.800000000000001, ""trail_mult"": 2.6, ""trail_tp"": true, ""use_trailing"": false}",{},
2221,-1000000000.0,TrialState.COMPLETE,2026-04-01T05:15:24.739168,2026-04-01T05:15:27.299857,2.560689,"{""atr_window"": 16, ""bb_std_dev"": 1.5, ""bb_window"": 17, ""cooldown"": 2, ""macd_fast"": 16, ""macd_k"": 1.5, ""macd_k_mid"": 0.6, ""macd_signal"": 9, ""macd_slow"": 36, ""macd_std_window"": 84, ""rebalance_freq"": 30, ""rebounce_block"": 3, ""sl_mult_lm"": 1.0, ""sl_mult_lr"": 4.300000000000001, ""sl_mult_sm"": 1.0, ""sl_mult_sr"": 1.7, ""time_stop"": 20, ""tp_mult_lm"": 4.1, ""tp_mult_lr"": 9.6, ""tp_mult_sm"": 3.7, ""tp_mult_sr"": 3.2, ""trail_mult"": 3.5, ""trail_tp"": false, ""use_trailing"": true}",{},
2222,-1000000000.0,TrialState.COMPLETE,2026-04-01T05:15:27.331308,2026-04-01T05:15:29.922924,2.591616,"{""atr_window"": 20, ""bb_std_dev"": 1.5499999999999998, ""bb_window"": 20, ""cooldown"": 0, ""macd_fast"": 18, ""macd_k"": 1.45, ""macd_k_mid"": 0.65, ""macd_signal"": 7, ""macd_slow"": 39, ""macd_std_window"": 89, ""rebalance_freq"": 150, ""rebounce_block"": 5, ""sl_mult_lm"": 1.3, ""sl_mult_lr"": 2.2, ""sl_mult_sm"": 1.9, ""sl_mult_sr"": 1.5, ""time_stop"": 22, ""tp_mult_lm"": 4.5, ""tp_mult_lr"": 13.600000000000001, ""tp_mult_sm"": 4.7, ""tp_mult_sr"": 4.5, ""trail_mult"": 1.9, ""trail_tp"": true, ""use_trailing"": true}",{},
2223,-1000000000.0,TrialState.COMPLETE,2026-04-01T05:15:29.960578,2026-04-01T05:15:30.041001,0.080423,"{""atr_window"": 15, ""bb_std_dev"": 1.5999999999999999, ""bb_window"": 24, ""cooldown"": 1, ""macd_fast"": 10, ""macd_k"": 1.15, ""macd_k_mid"": 0.55, ""macd_signal"": 8, ""macd_slow"": 42, ""macd_std_window"": 88, ""rebalance_freq"": 180, ""rebounce_block"": 0, ""sl_mult_lm"": 1.9, ""sl_mult_lr"": 2.4, ""sl_mult_sm"": 1.65, ""sl_mult_sr"": 3.3, ""time_stop"": 1, ""tp_mult_lm"": 3.8, ""tp_mult_lr"": 8.4, ""tp_mult_sm"": 4.4, ""tp_mult_sr"": 6.2, ""trail_mult"": 1.7, ""trail_tp"": false, ""use_trailing"": false}",{},
2224,-1000000000.0,TrialState.COMPLETE,2026-04-01T05:15:30.077716,2026-04-01T05:15:32.794914,2.717198,"{""atr_window"": 13, ""bb_std_dev"": 2.1, ""bb_window"": 14, ""cooldown"": 3, ""macd_fast"": 17, ""macd_k"": 1.2, ""macd_k_mid"": 0.7, ""macd_signal"": 6, ""macd_slow"": 35, ""macd_std_window"": 81, ""rebalance_freq"": 90, ""rebounce_block"": 5, ""sl_mult_lm"": 1.25, ""sl_mult_lr"": 2.6, ""sl_mult_sm"": 1.55, ""sl_mult_sr"": 2.6, ""time_stop"": 16, ""tp_mult_lm"": 5.6, ""tp_mult_lr"": 12.2, ""tp_mult_sm"": 4.3, ""tp_mult_sr"": 4.2, ""trail_mult"": 3.0, ""trail_tp"": true, ""use_trailing"": true}",{},
2225,-1000000000.0,TrialState.COMPLETE,2026-04-01T05:15:32.834943,2026-04-01T05:15:32.927170,0.092227,"{""atr_window"": 16, ""bb_std_dev"": 1.8499999999999999, ""bb_window"": 19, ""cooldown"": 2, ""macd_fast"": 20, ""macd_k"": 1.6, ""macd_k_mid"": 0.5, ""macd_signal"": 10, ""macd_slow"": 43, ""macd_std_window"": 73, ""rebalance_freq"": 120, ""rebounce_block"": 6, ""sl_mult_lm"": 1.15, ""sl_mult_lr"": 4.4, ""sl_mult_sm"": 1.4, ""sl_mult_sr"": 1.6, ""time_stop"": 23, ""tp_mult_lm"": 5.800000000000001, ""tp_mult_lr"": 11.6, ""tp_mult_sm"": 5.1, ""tp_mult_sr"": 3.0, ""trail_mult"": 1.8, ""trail_tp"": false, ""use_trailing"": true}",{},
2226,-1000000000.0,TrialState.COMPLETE,2026-04-01T05:15:32.967845,2026-04-01T05:15:33.051745,0.0839,"{""atr_window"": 18, ""bb_std_dev"": 1.9, ""bb_window"": 22, ""cooldown"": 1, ""macd_fast"": 14, ""macd_k"": 1.1, ""macd_k_mid"": 1.0, ""macd_signal"": 9, ""macd_slow"": 40, ""macd_std_window"": 70, ""rebalance_freq"": 30, ""rebounce_block"": 3, ""sl_mult_lm"": 1.55, ""sl_mult_lr"": 3.6, ""sl_mult_sm"": 1.85, ""sl_mult_sr"": 2.3, ""time_stop"": 29, ""tp_mult_lm"": 4.6, ""tp_mult_lr"": 11.2, ""tp_mult_sm"": 5.0, ""tp_mult_sr"": 5.9, ""trail_mult"": 2.7, ""trail_tp"": true, ""use_trailing"": true}",{},
2227,-1000000000.0,TrialState.COMPLETE,2026-04-01T05:15:33.089227,2026-04-01T05:15:33.171263,0.082036,"{""atr_window"": 11, ""bb_std_dev"": 1.95, ""bb_window"": 14, ""cooldown"": 5, ""macd_fast"": 12, ""macd_k"": 1.0, ""macd_k_mid"": 0.8, ""macd_signal"": 8, ""macd_slow"": 41, ""macd_std_window"": 100, ""rebalance_freq"": 150, ""rebounce_block"": 1, ""sl_mult_lm"": 1.35, ""sl_mult_lr"": 3.1, ""sl_mult_sm"": 2.0, ""sl_mult_sr"": 2.1, ""time_stop"": 12, ""tp_mult_lm"": 5.4, ""tp_mult_lr"": 10.4, ""tp_mult_sm"": 6.300000000000001, ""tp_mult_sr"": 3.1, ""trail_mult"": 2.1, ""trail_tp"": false, ""use_trailing"": false}",{},
2228,-1000000000.0,TrialState.COMPLETE,2026-04-01T05:15:33.207954,2026-04-01T05:15:33.286719,0.078765,"{""atr_window"": 14, ""bb_std_dev"": 2.5, ""bb_window"": 15, ""cooldown"": 0, ""macd_fast"": 11, ""macd_k"": 1.75, ""macd_k_mid"": 0.75, ""macd_signal"": 9, ""macd_slow"": 44, ""macd_std_window"": 95, ""rebalance_freq"": 150, ""rebounce_block"": 4, ""sl_mult_lm"": 1.6, ""sl_mult_lr"": 2.3, ""sl_mult_sm"": 1.7000000000000002, ""sl_mult_sr"": 1.8, ""time_stop"": 16, ""tp_mult_lm"": 5.9, ""tp_mult_lr"": 8.0, ""tp_mult_sm"": 6.800000000000001, ""tp_mult_sr"": 5.1, ""trail_mult"": 1.6, ""trail_tp"": true, ""use_trailing"": true}",{},
2229,-1000000000.0,TrialState.COMPLETE,2026-04-01T05:15:33.332657,2026-04-01T05:15:35.764909,2.432252,"{""atr_window"": 18, ""bb_std_dev"": 1.7999999999999998, ""bb_window"": 16, ""cooldown"": 4, ""macd_fast"": 19, ""macd_k"": 1.4, ""macd_k_mid"": 0.55, ""macd_signal"": 7, ""macd_slow"": 37, ""macd_std_window"": 97, ""rebalance_freq"": 60, ""rebounce_block"": 5, ""sl_mult_lm"": 1.5, ""sl_mult_lr"": 2.0, ""sl_mult_sm"": 1.8, ""sl_mult_sr"": 1.5, ""time_stop"": 15, ""tp_mult_lm"": 5.0, ""tp_mult_lr"": 12.2, ""tp_mult_sm"": 4.9, ""tp_mult_sr"": 4.8, ""trail_mult"": 2.0, ""trail_tp"": false, ""use_trailing"": true}",{},
2230,-1000000000.0,TrialState.COMPLETE,2026-04-01T05:15:35.813686,2026-04-01T05:15:35.891440,0.077754,"{""atr_window"": 16, ""bb_std_dev"": 2.2, ""bb_window"": 14, ""cooldown"": 2, ""macd_fast"": 13, ""macd_k"": 1.1, ""macd_k_mid"": 0.6, ""macd_signal"": 8, ""macd_slow"": 42, ""macd_std_window"": 76, ""rebalance_freq"": 120, ""rebounce_block"": 6, ""sl_mult_lm"": 1.8, ""sl_mult_lr"": 3.9000000000000004, ""sl_mult_sm"": 1.9500000000000002, ""sl_mult_sr"": 1.6, ""time_stop"": 26, ""tp_mult_lm"": 4.0, ""tp_mult_lr"": 11.8, ""tp_mult_sm"": 6.4, ""tp_mult_sr"": 3.9, ""trail_mult"": 3.9000000000000004, ""trail_tp"": true, ""use_trailing"": true}",{},
