number,value,datetime_start,datetime_complete,duration,params_atr_window,params_bb_std_dev,params_bb_window,params_cooldown,params_macd_fast,params_macd_k,params_macd_k_mid,params_macd_signal,params_macd_slow,params_macd_std_window,params_rebalance_freq,params_rebounce_block,params_sl_mult_lm,params_sl_mult_lr,params_sl_mult_sm,params_sl_mult_sr,params_time_stop,params_tp_mult_lm,params_tp_mult_lr,params_tp_mult_sm,params_tp_mult_sr,params_trail_mult,params_trail_tp,params_use_trailing,user_attrs_allocations,user_attrs_deploy_avg_sharpe,user_attrs_deploy_total_sharpe,user_attrs_deploy_year_sharpes,user_attrs_score,user_attrs_selected_tickers,user_attrs_train_avg_sharpe,user_attrs_train_year_sharpes,state
290,-1000000000.0,2026-04-01 02:14:25.347505,2026-04-01 02:14:25.370370,0 days 00:00:00.022865,17,2.45,21,0,12,1.85,0.5,8,41,70,150,5,1.0,3.7,1.8,1.7,19,4.6,8.2,6.0,5.0,3.8000000000000003,False,False,,,,,,,,,COMPLETE
291,-1000000000.0,2026-04-01 02:14:25.400694,2026-04-01 02:14:28.405760,0 days 00:00:03.005066,15,2.35,15,2,19,1.9,1.0,9,39,72,60,2,1.9500000000000002,2.3,1.65,1.8,22,4.3,9.8,6.5,5.7,2.9000000000000004,True,True,,,,,,,,,COMPLETE
292,-1000000000.0,2026-04-01 02:14:28.639142,2026-04-01 02:14:28.693641,0 days 00:00:00.054499,16,2.5,22,3,15,1.3,0.65,5,40,84,150,1,1.4,2.9,1.25,2.4,8,4.5,14.0,6.7,5.4,2.7,False,True,,,,,,,,,COMPLETE
293,-1000000000.0,2026-04-01 02:14:28.747854,2026-04-01 02:14:28.782948,0 days 00:00:00.035094,13,2.2,25,5,16,1.55,0.8500000000000001,10,44,83,180,3,1.85,2.4,1.75,1.6,14,3.6,9.0,6.1,4.4,3.0,True,True,,,,,,,,,COMPLETE
294,-1000000000.0,2026-04-01 02:14:28.824986,2026-04-01 02:14:28.907849,0 days 00:00:00.082863,20,2.25,19,2,13,1.6,0.6,7,38,86,120,6,1.7000000000000002,3.5,1.5,1.9,11,3.8,10.8,5.1,5.800000000000001,3.1,False,False,,,,,,,,,COMPLETE
295,-1000000000.0,2026-04-01 02:14:28.948006,2026-04-01 02:14:34.166610,0 days 00:00:05.218604,14,1.95,15,0,20,1.35,0.8,8,41,74,90,5,1.2,2.7,1.7000000000000002,3.3,2,4.8,9.4,4.5,7.0,2.3,True,True,,,,,,,,,COMPLETE
296,-1000000000.0,2026-04-01 02:14:34.255040,2026-04-01 02:14:34.297616,0 days 00:00:00.042576,10,1.7999999999999998,16,1,14,1.5,0.55,8,43,90,180,4,1.45,2.3,1.55,2.0,21,5.7,14.600000000000001,4.4,4.6,2.0,False,True,,,,,,,,,COMPLETE
297,-1000000000.0,2026-04-01 02:14:34.343721,2026-04-01 02:14:34.408520,0 days 00:00:00.064799,18,1.7,14,4,13,1.65,0.5,9,37,89,30,0,1.25,2.6,1.35,1.5,20,4.9,11.8,7.0,4.0,2.2,False,True,,,,,,,,,COMPLETE
298,-1000000000.0,2026-04-01 02:14:34.450733,2026-04-01 02:14:34.480001,0 days 00:00:00.029268,19,1.9,20,1,12,1.05,0.7,6,42,87,60,3,1.6,3.1,1.65,2.9000000000000004,10,5.9,13.0,4.7,3.8,2.5,True,False,,,,,,,,,COMPLETE
299,-1000000000.0,2026-04-01 02:14:34.513072,2026-04-01 02:14:38.573995,0 days 00:00:04.060923,17,1.5499999999999998,14,3,15,1.15,0.6,6,36,81,150,6,1.3,2.8,1.6,2.1,17,5.6,16.200000000000003,5.800000000000001,5.2,2.1,False,True,,,,,,,,,COMPLETE
300,-1000000000.0,2026-04-01 02:14:38.621890,2026-04-01 02:14:38.648091,0 days 00:00:00.026201,14,2.3,23,0,17,1.7000000000000002,0.95,7,44,73,120,1,2.2,2.5,1.45,2.2,3,5.3,11.4,3.6,4.2,2.6,True,True,,,,,,,,,COMPLETE
301,-1000000000.0,2026-04-01 02:14:38.679210,2026-04-01 02:14:38.703809,0 days 00:00:00.024599,12,1.8499999999999999,18,1,10,1.1,0.9,8,40,88,180,2,1.8,3.2,1.8,1.7,18,4.4,14.2,3.5,4.5,3.9000000000000004,False,True,,,,,,,,,COMPLETE
302,-1000000000.0,2026-04-01 02:14:38.734173,2026-04-01 02:14:38.762337,0 days 00:00:00.028164,15,1.4,24,4,14,1.2,0.55,10,44,77,90,5,1.05,3.0,1.2,1.6,28,4.7,9.6,6.6,4.9,3.6,True,False,,,,,,,,,COMPLETE
303,-1000000000.0,2026-04-01 02:14:38.793104,2026-04-01 02:14:38.816452,0 days 00:00:00.023348,16,1.5999999999999999,17,2,12,1.8,0.65,9,43,92,150,4,1.0,4.300000000000001,1.85,1.8,9,5.0,10.6,3.1,6.2,3.2,False,True,,,,,,,,,COMPLETE
304,-1000000000.0,2026-04-01 02:14:38.845529,2026-04-01 02:14:38.869338,0 days 00:00:00.023809,14,2.35,16,2,16,1.0,0.5,7,39,91,120,5,2.1500000000000004,2.5,1.7000000000000002,2.1,7,3.9,12.4,3.4,6.5,2.0,True,True,,,,,,,,,COMPLETE
305,-1000000000.0,2026-04-01 02:14:38.898680,2026-04-01 02:14:41.673553,0 days 00:00:02.774873,18,2.4,14,3,18,1.45,0.75,8,35,80,30,3,2.05,2.4,1.75,1.5,29,5.5,13.600000000000001,4.9,3.0,3.7,False,False,,,,,,,,,COMPLETE
306,-1000000000.0,2026-04-01 02:14:41.707184,2026-04-01 02:14:41.730710,0 days 00:00:00.023526,15,2.05,15,4,14,1.25,0.55,9,43,82,180,6,1.75,5.0,1.9,3.0,30,4.1,11.2,5.6,5.1,1.9,True,True,,,,,,,,,COMPLETE
307,-1000000000.0,2026-04-01 02:14:41.761068,2026-04-01 02:14:44.651180,0 days 00:00:02.890112,20,2.5,17,0,15,1.6,0.65,8,37,97,150,5,1.9,2.2,1.3,2.0,13,6.0,16.6,6.300000000000001,3.4,1.7,False,True,,,,,,,,,COMPLETE
308,-1000000000.0,2026-04-01 02:14:44.684998,2026-04-01 02:14:47.119796,0 days 00:00:02.434798,17,2.0,15,5,20,1.7000000000000002,0.7,10,42,70,150,2,1.55,4.2,1.6,2.2,21,5.1,15.4,6.9,5.6,3.4000000000000004,True,True,,,,,,,,,COMPLETE
309,-1000000000.0,2026-04-01 02:14:47.149109,2026-04-01 02:14:49.527552,0 days 00:00:02.378443,13,1.75,22,1,19,1.3,0.6,7,40,99,60,1,1.4,2.1,1.9500000000000002,2.5,12,5.2,12.2,5.2,4.8,2.2,False,False,,,,,,,,,COMPLETE
310,-1000000000.0,2026-04-01 02:14:49.557288,2026-04-01 02:14:49.581855,0 days 00:00:00.024567,12,2.45,18,2,16,1.4,0.7,6,41,100,120,3,1.05,4.4,1.05,2.8,5,5.2,12.8,3.8,5.9,2.8,True,True,,,,,,,,,COMPLETE
311,-1000000000.0,2026-04-01 02:14:49.614005,2026-04-01 02:14:49.637207,0 days 00:00:00.023202,11,2.2,14,4,12,1.55,0.5,10,38,81,180,0,1.65,3.8,1.75,1.7,23,5.4,12.0,4.3,6.6,3.3,False,True,,,,,,,,,COMPLETE
312,-1000000000.0,2026-04-01 02:14:49.674429,2026-04-01 02:14:49.697415,0 days 00:00:00.022986,16,2.15,21,0,11,1.05,0.6,9,36,95,30,6,1.35,4.6,1.5,1.6,16,5.800000000000001,11.0,5.4,4.0,1.6,True,True,,,,,,,,,COMPLETE
313,-1000000000.0,2026-04-01 02:14:49.727434,2026-04-01 02:14:49.752354,0 days 00:00:00.024920,18,2.25,14,1,14,1.5,0.8500000000000001,8,44,93,90,4,1.15,2.8,1.65,1.5,14,5.3,11.6,3.3,3.5,2.1,False,False,,,,,,,,,COMPLETE
314,-1000000000.0,2026-04-01 02:14:49.781954,2026-04-01 02:14:52.323952,0 days 00:00:02.541998,20,1.65,16,3,20,1.15,0.55,7,37,71,150,5,1.0,2.2,1.45,1.9,19,4.6,15.0,3.9,5.5,3.1,True,True,,,,,,,,,COMPLETE
315,-1000000000.0,2026-04-01 02:14:52.356116,2026-04-01 02:14:52.381814,0 days 00:00:00.025698,15,2.4,20,1,13,1.1,1.0,8,43,85,120,3,1.9500000000000002,2.3,1.55,2.4,6,4.2,10.4,6.9,5.7,2.9000000000000004,False,True,,,,,,,,,COMPLETE
316,-1000000000.0,2026-04-01 02:14:52.414810,2026-04-01 02:14:52.440567,0 days 00:00:00.025757,14,2.3,14,2,17,1.0,0.65,9,40,90,180,6,1.5,2.7,1.8,3.1,1,5.6,9.2,4.8,5.300000000000001,2.7,True,True,,,,,,,,,COMPLETE
317,-1000000000.0,2026-04-01 02:14:52.483640,2026-04-01 02:14:52.521381,0 days 00:00:00.037741,16,2.45,23,2,15,1.45,0.55,6,41,98,60,0,1.3,2.0,1.1,3.2,26,3.7,10.2,5.0,4.3,1.8,False,False,,,,,,,,,COMPLETE
318,-1000000000.0,2026-04-01 02:14:52.676091,2026-04-01 02:14:52.735266,0 days 00:00:00.059175,10,2.1,17,3,10,1.2,0.9,5,39,96,150,5,1.6,2.6,1.4,2.6,22,5.5,13.2,6.2,5.2,3.2,True,True,,,,,,,,,COMPLETE
319,-1000000000.0,2026-04-01 02:14:52.823289,2026-04-01 02:14:52.886296,0 days 00:00:00.063007,17,2.05,16,5,14,1.35,0.7,9,43,72,90,2,2.0,2.6,1.7000000000000002,1.8,16,5.0,9.8,6.800000000000001,4.5,1.5,False,True,,,,,,,,,COMPLETE
320,-1000000000.0,2026-04-01 02:14:52.947281,2026-04-01 02:14:53.017608,0 days 00:00:00.070327,19,2.25,15,0,12,1.9,0.5,8,44,75,150,4,1.2,2.4,1.25,2.1,11,5.9,12.600000000000001,4.1,3.2,3.9000000000000004,True,False,,,,,,,,,COMPLETE
321,-1000000000.0,2026-04-01 02:14:53.082418,2026-04-01 02:14:55.684776,0 days 00:00:02.602358,18,1.9,25,1,16,1.1,0.6,7,37,94,120,6,1.25,2.9,1.0,2.7,29,5.3,13.600000000000001,4.6,6.0,3.0,False,True,,,,,,,,,COMPLETE
322,-1000000000.0,2026-04-01 02:14:55.746846,2026-04-01 02:14:58.346713,0 days 00:00:02.599867,20,1.7,14,4,20,1.65,0.6,9,38,80,180,1,1.35,2.5,2.0,2.2,8,4.9,16.8,4.4,3.9,4.0,True,True,,,,,,,,,COMPLETE
323,-1000000000.0,2026-04-01 02:14:58.380797,2026-04-01 02:14:58.405391,0 days 00:00:00.024594,19,2.5,14,3,18,1.85,0.8,7,41,97,30,5,1.1,3.3,1.85,1.7,20,5.7,10.8,6.4,6.300000000000001,2.4,False,True,,,,,,,,,COMPLETE
324,-1000000000.0,2026-04-01 02:14:58.435997,2026-04-01 02:14:58.459703,0 days 00:00:00.023706,16,1.75,19,0,19,1.6,0.55,8,42,82,150,3,1.4,4.9,1.55,2.3,17,4.3,11.8,4.0,5.0,3.1,False,False,,,,,,,,,COMPLETE
325,-1000000000.0,2026-04-01 02:14:58.489031,2026-04-01 02:14:58.512712,0 days 00:00:00.023681,12,2.35,15,1,14,1.9500000000000002,0.65,10,44,79,90,2,1.85,2.4,1.9,1.5,0,5.4,9.6,3.0,5.800000000000001,2.1,True,True,,,,,,,,,COMPLETE
326,-1000000000.0,2026-04-01 02:14:58.541445,2026-04-01 02:14:58.564972,0 days 00:00:00.023527,13,2.2,17,2,13,1.15,0.5,8,40,70,180,6,2.0,2.3,1.9500000000000002,1.6,18,4.8,14.4,7.0,4.7,2.2,False,True,,,,,,,,,COMPLETE
327,-1000000000.0,2026-04-01 02:14:58.594394,2026-04-01 02:14:58.617460,0 days 00:00:00.023066,15,2.3,18,4,11,1.0,0.7,7,36,71,60,5,2.1,3.5,1.85,2.0,25,5.1,13.0,5.9,5.9,2.6,True,True,,,,,,,,,COMPLETE
328,-1000000000.0,2026-04-01 02:14:58.646573,2026-04-01 02:14:58.687167,0 days 00:00:00.040594,14,1.8499999999999999,16,2,15,1.5,0.75,8,39,89,120,4,1.55,3.0,1.8,1.8,21,4.7,10.0,3.5,6.1,1.9,False,False,,,,,,,,,COMPLETE
329,-1000000000.0,2026-04-01 02:14:58.713398,2026-04-01 02:14:58.745616,0 days 00:00:00.032218,17,1.45,22,1,10,1.75,0.95,9,42,98,150,6,1.45,2.1,1.7000000000000002,3.3,9,4.4,12.8,5.5,3.7,3.3,True,True,,,,,,,,,COMPLETE
330,-1000000000.0,2026-04-01 02:14:58.777887,2026-04-01 02:15:01.256958,0 days 00:00:02.479071,13,2.0,14,5,17,1.25,0.65,10,35,99,30,3,2.2,2.5,1.75,1.9,15,5.0,12.0,4.3,3.8,2.5,False,True,,,,,,,,,COMPLETE
331,-1000000000.0,2026-04-01 02:15:01.288457,2026-04-01 02:15:01.313235,0 days 00:00:00.024778,11,2.15,24,3,12,1.4,0.55,6,43,76,150,2,1.8,4.800000000000001,1.65,2.2,10,6.0,12.4,5.6,4.4,3.2,True,True,,,,,,,,,COMPLETE
332,-1000000000.0,2026-04-01 02:15:01.344797,2026-04-01 02:15:03.837496,0 days 00:00:02.492699,16,1.65,20,0,16,1.05,0.55,7,37,88,120,5,1.9500000000000002,3.4000000000000004,1.5,2.5,20,4.0,8.4,4.5,3.1,2.3,False,False,,,,,,,,,COMPLETE
333,-1000000000.0,2026-04-01 02:15:03.876455,2026-04-01 02:15:03.904205,0 days 00:00:00.027750,19,1.7999999999999998,15,2,11,1.3,0.8500000000000001,8,44,91,180,0,2.1500000000000004,2.7,1.4,1.6,13,5.6,13.4,6.5,6.9,2.0,True,True,,,,,,,,,COMPLETE
334,-1000000000.0,2026-04-01 02:15:03.937431,2026-04-01 02:15:06.484387,0 days 00:00:02.546956,20,1.5,14,1,20,1.15,0.6,9,40,95,90,5,1.9,3.1,1.6,1.5,7,5.1,14.0,5.300000000000001,6.4,3.8000000000000003,False,True,,,,,,,,,COMPLETE
335,-1000000000.0,2026-04-01 02:15:06.524629,2026-04-01 02:15:06.549898,0 days 00:00:00.025269,14,1.5999999999999999,17,3,12,1.55,0.5,10,43,92,150,6,1.1,2.6,1.35,2.1,14,4.5,14.600000000000001,3.1,5.300000000000001,1.9,True,False,,,,,,,,,COMPLETE
336,-1000000000.0,2026-04-01 02:15:06.581029,2026-04-01 02:15:06.606245,0 days 00:00:00.025216,18,2.35,21,4,14,1.65,0.7,5,41,84,60,4,1.35,2.3,1.15,1.7,24,5.2,16.0,3.7,5.6,2.8,False,True,,,,,,,,,COMPLETE
337,-1000000000.0,2026-04-01 02:15:06.638166,2026-04-01 02:15:06.676534,0 days 00:00:00.038368,15,1.95,14,2,13,1.35,0.55,8,44,100,180,3,1.75,2.4,1.3,1.5,19,3.9,15.600000000000001,5.800000000000001,6.7,2.9000000000000004,True,True,,,,,,,,,COMPLETE
338,-1000000000.0,2026-04-01 02:15:06.707633,2026-04-01 02:15:06.731771,0 days 00:00:00.024138,16,2.45,19,0,15,2.0,0.6,9,42,83,30,6,1.7000000000000002,4.2,2.0,1.8,15,3.6,8.2,4.9,4.2,2.2,False,True,,,,,,,,,COMPLETE
339,-1000000000.0,2026-04-01 02:15:06.774647,2026-04-01 02:15:09.200539,0 days 00:00:02.425892,20,2.4,16,1,18,1.55,0.65,7,36,90,90,1,1.05,2.0,1.45,2.0,9,5.5,13.2,4.2,3.6,3.7,True,False,,,,,,,,,COMPLETE
340,-1000000000.0,2026-04-01 02:15:09.225724,2026-04-01 02:15:09.247920,0 days 00:00:00.022196,14,2.5,15,5,16,1.45,0.8,8,40,86,150,5,1.3,2.8,1.05,2.9000000000000004,23,5.800000000000001,12.600000000000001,6.7,4.7,2.0,False,True,,,,,,,,,COMPLETE
341,-1000000000.0,2026-04-01 02:15:09.277937,2026-04-01 02:15:09.302262,0 days 00:00:00.024325,11,2.2,18,4,19,1.1,0.75,7,44,74,120,2,1.0,3.2,1.2,2.4,22,4.9,9.4,6.6,3.9,3.6,True,True,,,,,,,,,COMPLETE
342,-1000000000.0,2026-04-01 02:15:09.332678,2026-04-01 02:15:11.767895,0 days 00:00:02.435217,15,2.1,24,1,17,1.2,0.5,6,38,77,180,1,1.15,4.1,1.9500000000000002,2.3,10,3.8,12.2,6.2,4.6,2.3,False,True,,,,,,,,,COMPLETE
343,-1000000000.0,2026-04-01 02:15:11.796441,2026-04-01 02:15:11.820251,0 days 00:00:00.023810,18,1.75,14,3,12,1.7000000000000002,0.55,9,39,81,150,3,2.05,4.7,1.65,3.2,26,5.7,10.4,3.4,4.9,3.0,True,False,,,,,,,,,COMPLETE
344,-1000000000.0,2026-04-01 02:15:11.856622,2026-04-01 02:15:11.880269,0 days 00:00:00.023647,14,1.5499999999999998,15,2,20,1.5,0.95,8,43,85,120,6,1.2,2.5,1.8,2.1,11,4.1,13.8,6.0,5.0,3.1,False,True,,,,,,,,,COMPLETE
345,-1000000000.0,2026-04-01 02:15:11.910264,2026-04-01 02:15:11.934372,0 days 00:00:00.024108,12,2.3,16,0,10,1.05,0.9,9,41,78,60,0,1.35,4.5,1.9,2.8,2,4.6,11.6,5.1,6.5,3.5,True,True,,,,,,,,,COMPLETE
346,-1000000000.0,2026-04-01 02:15:11.963833,2026-04-01 02:15:11.988363,0 days 00:00:00.024530,16,1.8499999999999999,23,4,15,1.1,0.65,6,43,70,30,5,1.25,2.2,1.6,1.5,12,5.4,11.2,6.800000000000001,6.2,3.4000000000000004,False,False,,,,,,,,,COMPLETE
347,-1000000000.0,2026-04-01 02:15:12.030891,2026-04-01 02:15:12.055511,0 days 00:00:00.024620,10,2.25,14,2,14,1.15,0.7,8,37,88,180,4,1.4,3.6,1.55,1.7,17,5.9,10.0,6.300000000000001,4.1,1.7,True,True,,,,,,,,,COMPLETE
348,-1000000000.0,2026-04-01 02:15:12.089375,2026-04-01 02:15:14.564982,0 days 00:00:02.475607,19,1.7,14,1,13,1.3,0.6,7,35,73,150,6,1.9500000000000002,2.9,1.75,1.6,16,5.3,10.6,3.6,3.8,2.7,False,True,,,,,,,,,COMPLETE
349,-1000000000.0,2026-04-01 02:15:14.589375,2026-04-01 02:15:14.611792,0 days 00:00:00.022417,17,1.7999999999999998,17,3,12,1.25,0.8500000000000001,10,40,87,90,3,1.45,2.4,1.5,2.5,5,4.3,8.8,4.7,6.0,2.1,True,True,,,,,,,,,COMPLETE
350,-1000000000.0,2026-04-01 02:15:14.635251,2026-04-01 02:15:14.657339,0 days 00:00:00.022088,14,2.5,25,0,18,1.65,0.55,8,44,72,180,5,1.85,2.8,1.25,2.6,20,5.2,11.4,3.2,3.3,1.8,False,False,,,,,,,,,COMPLETE
351,-1000000000.0,2026-04-01 02:15:14.683335,2026-04-01 02:15:18.441506,0 days 00:00:03.758171,20,2.45,20,1,16,1.0,0.7,10,37,89,120,0,1.9,3.7,1.7000000000000002,2.1,1,4.5,9.8,3.9,3.6,2.2,True,True,,,,,,,,,COMPLETE
352,-1000000000.0,2026-04-01 02:15:18.495438,2026-04-01 02:15:18.530925,0 days 00:00:00.035487,13,2.0,14,2,14,1.8,1.0,7,41,96,30,4,2.1,3.8,1.8,2.2,8,5.6,11.0,6.1,3.0,3.2,False,True,,,,,,,,,COMPLETE
353,-1000000000.0,2026-04-01 02:15:18.639369,2026-04-01 02:15:18.697521,0 days 00:00:00.058152,16,2.2,22,3,13,1.45,0.6,9,42,92,150,3,1.5,4.300000000000001,1.1,1.9,21,5.0,12.2,4.6,4.8,2.6,False,True,,,,,,,,,COMPLETE
354,-1000000000.0,2026-04-01 02:15:18.744545,2026-04-01 02:15:18.799764,0 days 00:00:00.055219,17,2.05,15,4,11,1.6,0.5,8,39,91,150,2,1.0,2.6,1.45,1.6,15,5.1,8.6,7.0,4.4,2.4,True,False,,,,,,,,,COMPLETE
355,-1000000000.0,2026-04-01 02:15:18.851513,2026-04-01 02:15:22.186251,0 days 00:00:03.334738,18,2.4,16,5,20,1.2,0.55,7,36,82,60,5,1.25,2.5,1.85,3.4000000000000004,0,5.6,10.2,4.4,5.7,1.6,False,True,,,,,,,,,COMPLETE
356,-1000000000.0,2026-04-01 02:15:22.216681,2026-04-01 02:15:24.784504,0 days 00:00:02.567823,15,2.35,17,0,17,1.4,0.65,5,38,97,180,6,1.55,2.7,1.7000000000000002,3.5,4,3.9,15.2,3.6,5.1,3.8000000000000003,True,True,,,,,,,,,COMPLETE
357,-1000000000.0,2026-04-01 02:15:24.815898,2026-04-01 02:15:24.855284,0 days 00:00:00.039386,20,2.25,14,2,10,1.35,0.7,6,44,98,90,2,1.15,2.3,1.2,1.5,27,4.8,14.2,4.1,6.800000000000001,3.0,False,True,,,,,,,,,COMPLETE
358,-1000000000.0,2026-04-01 02:15:24.891035,2026-04-01 02:15:24.917145,0 days 00:00:00.026110,18,1.9,14,1,12,1.05,0.8,9,40,75,120,6,1.3,4.0,1.15,1.7,19,4.2,11.8,4.2,5.4,2.1,True,False,,,,,,,,,COMPLETE
359,-1000000000.0,2026-04-01 02:15:24.950670,2026-04-01 02:15:24.978086,0 days 00:00:00.027416,19,2.15,18,3,15,1.0,0.6,8,43,100,150,4,1.7000000000000002,3.0,1.65,2.0,3,5.5,13.0,3.0,4.1,3.1,False,True,,,,,,,,,COMPLETE
360,-1000000000.0,2026-04-01 02:15:25.014263,2026-04-01 02:15:27.679447,0 days 00:00:02.665184,17,2.35,15,0,14,1.15,0.9,9,36,93,180,5,1.8,2.4,1.35,3.0,6,6.0,12.0,4.3,6.1,1.5,True,True,,,,,,,,,COMPLETE
361,-1000000000.0,2026-04-01 02:15:27.709283,2026-04-01 02:15:27.733815,0 days 00:00:00.024532,14,1.7,19,1,19,1.1,0.75,8,44,99,30,3,1.65,2.1,1.3,2.6,24,3.7,9.6,3.4,6.300000000000001,3.3,False,False,,,,,,,,,COMPLETE
362,-1000000000.0,2026-04-01 02:15:27.764315,2026-04-01 02:15:27.788776,0 days 00:00:00.024461,13,2.5,21,2,16,1.5,0.5,7,40,90,60,5,1.6,2.2,1.75,2.1,13,5.3,8.0,6.800000000000001,5.800000000000001,3.1,True,True,,,,,,,,,COMPLETE
363,-1000000000.0,2026-04-01 02:15:27.816494,2026-04-01 02:15:27.841240,0 days 00:00:00.024746,16,2.15,24,5,11,1.85,0.55,8,41,79,90,6,1.05,5.0,1.85,1.8,28,4.7,10.8,5.800000000000001,4.9,2.3,False,True,,,,,,,,,COMPLETE
364,-1000000000.0,2026-04-01 02:15:27.872451,2026-04-01 02:15:30.342448,0 days 00:00:02.469997,11,2.3,17,4,20,1.25,0.65,10,37,71,120,0,2.05,3.9000000000000004,1.55,1.6,18,5.7,12.8,5.7,5.5,1.9,True,True,,,,,,,,,COMPLETE
365,-1000000000.0,2026-04-01 02:15:30.373054,2026-04-01 02:15:30.398880,0 days 00:00:00.025826,15,1.65,20,3,15,1.15,0.6,9,43,83,150,1,1.4,4.9,1.9,1.9,21,5.5,14.8,6.9,4.0,1.8,False,False,,,,,,,,,COMPLETE
366,-1000000000.0,2026-04-01 02:15:30.430201,2026-04-01 02:15:30.455023,0 days 00:00:00.024822,12,2.45,14,1,14,1.9500000000000002,0.7,7,39,81,180,5,1.2,3.5,1.4,2.2,7,5.800000000000001,13.4,3.7,4.5,2.2,True,True,,,,,,,,,COMPLETE
367,-1000000000.0,2026-04-01 02:15:30.486477,2026-04-01 02:15:30.511823,0 days 00:00:00.025346,18,2.1,16,4,17,1.55,0.55,8,44,89,150,2,1.55,2.5,1.25,2.7,9,4.4,9.2,4.8,3.5,1.7,False,True,,,,,,,,,COMPLETE
368,-1000000000.0,2026-04-01 02:15:30.544924,2026-04-01 02:15:30.600220,0 days 00:00:00.055296,10,1.75,21,0,10,1.2,0.5,9,42,70,30,3,1.35,2.0,1.9500000000000002,1.7,29,5.2,16.4,5.300000000000001,3.8,4.0,True,True,,,,,,,,,COMPLETE
369,-1000000000.0,2026-04-01 02:15:30.636257,2026-04-01 02:15:30.668263,0 days 00:00:00.032006,14,1.4,23,2,12,1.35,0.6,6,41,76,60,6,1.75,2.9,1.6,1.5,22,5.4,12.4,3.3,4.6,2.5,False,False,,,,,,,,,COMPLETE
370,-1000000000.0,2026-04-01 02:15:30.706212,2026-04-01 02:15:33.370275,0 days 00:00:02.664063,16,2.2,16,3,16,1.6,0.95,8,35,94,180,4,1.9,3.4000000000000004,1.5,2.0,20,4.1,9.8,5.5,5.9,3.6,True,True,,,,,,,,,COMPLETE
371,-1000000000.0,2026-04-01 02:15:33.399686,2026-04-01 02:15:33.424516,0 days 00:00:00.024830,20,1.9,15,1,13,1.75,1.0,10,38,80,120,4,2.1500000000000004,3.3,1.7000000000000002,3.3,25,4.9,12.2,3.8,5.2,3.2,False,True,,,,,,,,,COMPLETE
372,-1000000000.0,2026-04-01 02:15:33.454065,2026-04-01 02:15:33.478577,0 days 00:00:00.024512,15,1.45,14,2,19,1.7000000000000002,0.8,7,44,86,90,5,2.0,4.6,1.8,1.8,16,5.3,11.8,4.5,3.1,2.0,True,True,,,,,,,,,COMPLETE
373,-1000000000.0,2026-04-01 02:15:33.507723,2026-04-01 02:15:35.974655,0 days 00:00:02.466932,19,2.05,14,1,15,1.5,0.75,9,36,99,150,1,1.0,2.6,2.0,2.3,12,3.5,16.0,6.4,6.6,3.9000000000000004,False,False,,,,,,,,,COMPLETE
374,-1000000000.0,2026-04-01 02:15:36.006549,2026-04-01 02:15:38.557823,0 days 00:00:02.551274,13,1.95,15,0,20,1.05,0.8500000000000001,8,40,73,120,6,1.5,2.5,1.0,2.2,14,5.0,10.2,5.6,6.4,2.1,True,True,,,,,,,,,COMPLETE
375,-1000000000.0,2026-04-01 02:15:38.587591,2026-04-01 02:15:38.613094,0 days 00:00:00.025503,20,2.4,16,3,14,1.1,0.55,5,43,95,30,3,1.3,2.4,1.65,3.1,19,6.0,15.4,3.5,5.6,3.7,False,True,,,,,,,,,COMPLETE
376,-1000000000.0,2026-04-01 02:15:38.643733,2026-04-01 02:15:38.668399,0 days 00:00:00.024666,16,1.7999999999999998,17,5,12,1.65,0.65,7,42,91,150,5,1.35,2.8,1.15,1.6,17,5.9,13.8,5.4,6.0,2.0,True,False,,,,,,,,,COMPLETE
377,-1000000000.0,2026-04-01 02:15:38.697890,2026-04-01 02:15:41.222473,0 days 00:00:02.524583,14,2.35,14,2,18,1.0,0.5,6,39,85,180,2,1.45,2.3,1.55,2.1,30,4.2,14.4,5.9,5.7,3.0,False,True,,,,,,,,,COMPLETE
378,-1000000000.0,2026-04-01 02:15:41.252119,2026-04-01 02:15:43.758513,0 days 00:00:02.506394,16,1.5,14,4,20,1.15,0.7,9,37,82,60,0,1.25,4.4,1.85,1.5,23,4.0,13.2,6.0,3.9,2.7,True,True,,,,,,,,,COMPLETE
379,-1000000000.0,2026-04-01 02:15:43.787998,2026-04-01 02:15:43.813545,0 days 00:00:00.025547,18,1.5999999999999999,22,1,14,1.2,0.55,10,43,97,150,6,1.05,3.0,1.45,1.9,8,5.1,15.0,5.0,3.7,1.6,False,True,,,,,,,,,COMPLETE
380,-1000000000.0,2026-04-01 02:15:43.855136,2026-04-01 02:15:43.885235,0 days 00:00:00.030099,15,2.5,18,4,13,1.3,0.6,8,41,74,90,3,2.2,2.7,1.6,2.4,10,5.2,13.600000000000001,6.5,6.2,2.6,False,False,,,,,,,,,COMPLETE
381,-1000000000.0,2026-04-01 02:15:43.916639,2026-04-01 02:15:43.943289,0 days 00:00:00.026650,12,2.3,15,0,11,1.45,0.65,9,35,71,180,5,1.1,3.1,1.9,1.7,4,5.4,10.4,4.4,5.1,2.8,True,True,,,,,,,,,COMPLETE
382,-1000000000.0,2026-04-01 02:15:43.973903,2026-04-01 02:15:46.393199,0 days 00:00:02.419296,17,2.4,17,3,16,1.9,0.5,7,38,96,30,6,1.9500000000000002,2.1,1.65,1.6,13,4.6,10.0,6.7,4.7,3.5,False,True,,,,,,,,,COMPLETE
383,-1000000000.0,2026-04-01 02:15:46.426240,2026-04-01 02:15:46.454510,0 days 00:00:00.028270,14,2.25,25,2,15,2.0,0.55,8,43,88,150,2,1.85,4.2,1.75,2.9000000000000004,27,5.6,12.0,3.1,5.9,3.2,True,True,,,,,,,,,COMPLETE
384,-1000000000.0,2026-04-01 02:15:46.486634,2026-04-01 02:15:46.512348,0 days 00:00:00.025714,13,2.45,14,1,10,1.1,0.6,6,44,89,120,5,1.65,2.2,1.3,1.8,21,4.7,11.6,3.2,4.2,2.3,False,False,,,,,,,,,COMPLETE
385,-1000000000.0,2026-04-01 02:15:46.542415,2026-04-01 02:15:46.567590,0 days 00:00:00.025175,20,2.0,20,5,17,1.65,0.7,9,40,87,180,0,1.15,2.5,1.2,2.5,15,3.8,13.0,4.6,4.5,1.8,True,True,,,,,,,,,COMPLETE
386,-1000000000.0,2026-04-01 02:15:46.597925,2026-04-01 02:15:46.623156,0 days 00:00:00.025231,17,1.75,19,0,12,1.4,0.9,10,39,78,90,3,1.4,2.6,1.5,3.1,20,4.8,17.0,6.9,6.9,3.3,False,True,,,,,,,,,COMPLETE
387,-1000000000.0,2026-04-01 02:15:46.667027,2026-04-01 02:15:46.693058,0 days 00:00:00.026031,19,2.35,16,2,16,1.55,0.95,7,42,80,150,4,1.2,2.4,1.05,1.5,9,5.7,9.4,4.1,3.0,2.9000000000000004,True,True,,,,,,,,,COMPLETE
