number,value,state,datetime_start,datetime_complete,duration_seconds,params_json,fold_sharpes_json,avg_cv_sharpe
2436,-1000000000.0,TrialState.COMPLETE,2026-04-01T06:27:37.074431,2026-04-01T06:27:39.666968,2.592537,"{""atr_window"": 10, ""bb_std_dev"": 2.05, ""bb_window"": 20, ""cooldown"": 2, ""macd_fast"": 13, ""macd_k"": 1.5, ""macd_k_mid"": 0.95, ""macd_signal"": 9, ""macd_slow"": 35, ""macd_std_window"": 82, ""rebalance_freq"": 180, ""rebounce_block"": 3, ""sl_mult_lm"": 1.85, ""sl_mult_lr"": 5.0, ""sl_mult_sm"": 1.8, ""sl_mult_sr"": 2.4, ""time_stop"": 24, ""tp_mult_lm"": 5.2, ""tp_mult_lr"": 9.4, ""tp_mult_sm"": 3.2, ""tp_mult_sr"": 5.0, ""trail_mult"": 3.3, ""trail_tp"": true, ""use_trailing"": true}",{},
2437,-1000000000.0,TrialState.COMPLETE,2026-04-01T06:27:39.699627,2026-04-01T06:27:42.121383,2.421756,"{""atr_window"": 10, ""bb_std_dev"": 2.2, ""bb_window"": 20, ""cooldown"": 2, ""macd_fast"": 13, ""macd_k"": 1.05, ""macd_k_mid"": 0.95, ""macd_signal"": 10, ""macd_slow"": 35, ""macd_std_window"": 80, ""rebalance_freq"": 180, ""rebounce_block"": 4, ""sl_mult_lm"": 1.8, ""sl_mult_lr"": 4.9, ""sl_mult_sm"": 1.9, ""sl_mult_sr"": 3.3, ""time_stop"": 25, ""tp_mult_lm"": 5.3, ""tp_mult_lr"": 9.8, ""tp_mult_sm"": 3.1, ""tp_mult_sr"": 4.8, ""trail_mult"": 3.4000000000000004, ""trail_tp"": true, ""use_trailing"": true}",{},
2438,-1000000000.0,TrialState.COMPLETE,2026-04-01T06:27:42.153699,2026-04-01T06:27:44.546069,2.39237,"{""atr_window"": 11, ""bb_std_dev"": 2.35, ""bb_window"": 21, ""cooldown"": 2, ""macd_fast"": 13, ""macd_k"": 1.4, ""macd_k_mid"": 0.9, ""macd_signal"": 8, ""macd_slow"": 35, ""macd_std_window"": 81, ""rebalance_freq"": 180, ""rebounce_block"": 5, ""sl_mult_lm"": 1.8, ""sl_mult_lr"": 4.9, ""sl_mult_sm"": 1.85, ""sl_mult_sr"": 2.5, ""time_stop"": 27, ""tp_mult_lm"": 5.0, ""tp_mult_lr"": 9.2, ""tp_mult_sm"": 3.9, ""tp_mult_sr"": 5.1, ""trail_mult"": 3.3, ""trail_tp"": true, ""use_trailing"": false}",{},
2439,-1000000000.0,TrialState.COMPLETE,2026-04-01T06:27:44.584141,2026-04-01T06:27:47.023309,2.439168,"{""atr_window"": 10, ""bb_std_dev"": 2.25, ""bb_window"": 20, ""cooldown"": 2, ""macd_fast"": 13, ""macd_k"": 1.65, ""macd_k_mid"": 0.95, ""macd_signal"": 9, ""macd_slow"": 35, ""macd_std_window"": 82, ""rebalance_freq"": 180, ""rebounce_block"": 0, ""sl_mult_lm"": 1.75, ""sl_mult_lr"": 5.0, ""sl_mult_sm"": 1.85, ""sl_mult_sr"": 1.6, ""time_stop"": 26, ""tp_mult_lm"": 5.1, ""tp_mult_lr"": 9.6, ""tp_mult_sm"": 3.2, ""tp_mult_sr"": 4.7, ""trail_mult"": 3.3, ""trail_tp"": true, ""use_trailing"": true}",{},
2440,-1000000000.0,TrialState.COMPLETE,2026-04-01T06:27:47.063316,2026-04-01T06:27:49.633959,2.570643,"{""atr_window"": 10, ""bb_std_dev"": 2.15, ""bb_window"": 21, ""cooldown"": 2, ""macd_fast"": 13, ""macd_k"": 1.45, ""macd_k_mid"": 0.95, ""macd_signal"": 7, ""macd_slow"": 35, ""macd_std_window"": 82, ""rebalance_freq"": 180, ""rebounce_block"": 3, ""sl_mult_lm"": 1.8, ""sl_mult_lr"": 4.9, ""sl_mult_sm"": 1.8, ""sl_mult_sr"": 1.5, ""time_stop"": 24, ""tp_mult_lm"": 5.2, ""tp_mult_lr"": 9.4, ""tp_mult_sm"": 3.3, ""tp_mult_sr"": 5.0, ""trail_mult"": 3.4000000000000004, ""trail_tp"": true, ""use_trailing"": true}",{},
2441,-1000000000.0,TrialState.COMPLETE,2026-04-01T06:27:49.667189,2026-04-01T06:27:49.757952,0.090763,"{""atr_window"": 10, ""bb_std_dev"": 2.4, ""bb_window"": 21, ""cooldown"": 2, ""macd_fast"": 13, ""macd_k"": 1.0, ""macd_k_mid"": 1.0, ""macd_signal"": 8, ""macd_slow"": 35, ""macd_std_window"": 81, ""rebalance_freq"": 180, ""rebounce_block"": 6, ""sl_mult_lm"": 1.85, ""sl_mult_lr"": 5.0, ""sl_mult_sm"": 1.85, ""sl_mult_sr"": 2.0, ""time_stop"": 26, ""tp_mult_lm"": 5.3, ""tp_mult_lr"": 10.0, ""tp_mult_sm"": 3.4, ""tp_mult_sr"": 4.9, ""trail_mult"": 3.3, ""trail_tp"": true, ""use_trailing"": true}",{},
2442,-1000000000.0,TrialState.COMPLETE,2026-04-01T06:27:49.797801,2026-04-01T06:27:52.391566,2.593765,"{""atr_window"": 10, ""bb_std_dev"": 2.3, ""bb_window"": 20, ""cooldown"": 2, ""macd_fast"": 13, ""macd_k"": 1.55, ""macd_k_mid"": 0.9, ""macd_signal"": 9, ""macd_slow"": 35, ""macd_std_window"": 79, ""rebalance_freq"": 180, ""rebounce_block"": 5, ""sl_mult_lm"": 1.75, ""sl_mult_lr"": 4.9, ""sl_mult_sm"": 1.8, ""sl_mult_sr"": 2.1, ""time_stop"": 25, ""tp_mult_lm"": 5.2, ""tp_mult_lr"": 10.0, ""tp_mult_sm"": 3.0, ""tp_mult_sr"": 4.7, ""trail_mult"": 3.4000000000000004, ""trail_tp"": true, ""use_trailing"": false}",{},
2443,-1000000000.0,TrialState.COMPLETE,2026-04-01T06:27:52.422741,2026-04-01T06:27:55.017591,2.59485,"{""atr_window"": 10, ""bb_std_dev"": 2.5, ""bb_window"": 20, ""cooldown"": 2, ""macd_fast"": 13, ""macd_k"": 1.6, ""macd_k_mid"": 0.95, ""macd_signal"": 6, ""macd_slow"": 35, ""macd_std_window"": 81, ""rebalance_freq"": 180, ""rebounce_block"": 4, ""sl_mult_lm"": 1.85, ""sl_mult_lr"": 5.0, ""sl_mult_sm"": 1.75, ""sl_mult_sr"": 2.6, ""time_stop"": 26, ""tp_mult_lm"": 5.1, ""tp_mult_lr"": 9.6, ""tp_mult_sm"": 3.5, ""tp_mult_sr"": 5.1, ""trail_mult"": 3.2, ""trail_tp"": true, ""use_trailing"": true}",{},
2444,-1000000000.0,TrialState.COMPLETE,2026-04-01T06:27:55.055303,2026-04-01T06:27:57.623868,2.568565,"{""atr_window"": 10, ""bb_std_dev"": 1.75, ""bb_window"": 21, ""cooldown"": 2, ""macd_fast"": 13, ""macd_k"": 1.9500000000000002, ""macd_k_mid"": 0.95, ""macd_signal"": 10, ""macd_slow"": 35, ""macd_std_window"": 79, ""rebalance_freq"": 180, ""rebounce_block"": 0, ""sl_mult_lm"": 1.8, ""sl_mult_lr"": 5.0, ""sl_mult_sm"": 1.8, ""sl_mult_sr"": 1.5, ""time_stop"": 27, ""tp_mult_lm"": 5.0, ""tp_mult_lr"": 9.8, ""tp_mult_sm"": 3.4, ""tp_mult_sr"": 4.8, ""trail_mult"": 3.2, ""trail_tp"": true, ""use_trailing"": true}",{},
2445,-1000000000.0,TrialState.COMPLETE,2026-04-01T06:27:57.657689,2026-04-01T06:28:00.238214,2.580525,"{""atr_window"": 10, ""bb_std_dev"": 2.0, ""bb_window"": 20, ""cooldown"": 2, ""macd_fast"": 13, ""macd_k"": 1.7000000000000002, ""macd_k_mid"": 1.0, ""macd_signal"": 8, ""macd_slow"": 35, ""macd_std_window"": 80, ""rebalance_freq"": 180, ""rebounce_block"": 2, ""sl_mult_lm"": 1.8, ""sl_mult_lr"": 4.9, ""sl_mult_sm"": 1.9, ""sl_mult_sr"": 2.0, ""time_stop"": 25, ""tp_mult_lm"": 5.1, ""tp_mult_lr"": 9.4, ""tp_mult_sm"": 3.0, ""tp_mult_sr"": 4.9, ""trail_mult"": 3.2, ""trail_tp"": true, ""use_trailing"": true}",{},
2446,-1000000000.0,TrialState.COMPLETE,2026-04-01T06:28:00.270937,2026-04-01T06:28:02.874535,2.603598,"{""atr_window"": 10, ""bb_std_dev"": 1.7999999999999998, ""bb_window"": 20, ""cooldown"": 2, ""macd_fast"": 13, ""macd_k"": 1.05, ""macd_k_mid"": 0.9, ""macd_signal"": 9, ""macd_slow"": 35, ""macd_std_window"": 81, ""rebalance_freq"": 180, ""rebounce_block"": 6, ""sl_mult_lm"": 1.85, ""sl_mult_lr"": 5.0, ""sl_mult_sm"": 1.85, ""sl_mult_sr"": 2.3, ""time_stop"": 24, ""tp_mult_lm"": 5.3, ""tp_mult_lr"": 9.0, ""tp_mult_sm"": 3.5, ""tp_mult_sr"": 5.0, ""trail_mult"": 3.2, ""trail_tp"": true, ""use_trailing"": false}",{},
2447,-1000000000.0,TrialState.COMPLETE,2026-04-01T06:28:02.912062,2026-04-01T06:28:03.012534,0.100472,"{""atr_window"": 10, ""bb_std_dev"": 2.45, ""bb_window"": 21, ""cooldown"": 2, ""macd_fast"": 13, ""macd_k"": 1.25, ""macd_k_mid"": 0.9, ""macd_signal"": 8, ""macd_slow"": 36, ""macd_std_window"": 80, ""rebalance_freq"": 180, ""rebounce_block"": 3, ""sl_mult_lm"": 1.75, ""sl_mult_lr"": 5.0, ""sl_mult_sm"": 1.8, ""sl_mult_sr"": 1.6, ""time_stop"": 26, ""tp_mult_lm"": 5.2, ""tp_mult_lr"": 9.6, ""tp_mult_sm"": 3.1, ""tp_mult_sr"": 4.7, ""trail_mult"": 3.3, ""trail_tp"": true, ""use_trailing"": true}",{},
2448,-1000000000.0,TrialState.COMPLETE,2026-04-01T06:28:03.049241,2026-04-01T06:28:05.501009,2.451768,"{""atr_window"": 10, ""bb_std_dev"": 2.2, ""bb_window"": 20, ""cooldown"": 2, ""macd_fast"": 13, ""macd_k"": 1.35, ""macd_k_mid"": 0.95, ""macd_signal"": 7, ""macd_slow"": 35, ""macd_std_window"": 82, ""rebalance_freq"": 180, ""rebounce_block"": 1, ""sl_mult_lm"": 1.75, ""sl_mult_lr"": 5.0, ""sl_mult_sm"": 1.75, ""sl_mult_sr"": 3.4000000000000004, ""time_stop"": 24, ""tp_mult_lm"": 5.3, ""tp_mult_lr"": 10.0, ""tp_mult_sm"": 6.300000000000001, ""tp_mult_sr"": 4.9, ""trail_mult"": 3.3, ""trail_tp"": true, ""use_trailing"": true}",{},
2449,-1000000000.0,TrialState.COMPLETE,2026-04-01T06:28:05.541728,2026-04-01T06:44:19.188430,973.646702,"{""atr_window"": 11, ""bb_std_dev"": 2.5, ""bb_window"": 21, ""cooldown"": 2, ""macd_fast"": 13, ""macd_k"": 1.05, ""macd_k_mid"": 1.0, ""macd_signal"": 9, ""macd_slow"": 35, ""macd_std_window"": 83, ""rebalance_freq"": 180, ""rebounce_block"": 5, ""sl_mult_lm"": 1.8, ""sl_mult_lr"": 4.9, ""sl_mult_sm"": 1.9, ""sl_mult_sr"": 1.5, ""time_stop"": 25, ""tp_mult_lm"": 5.1, ""tp_mult_lr"": 9.8, ""tp_mult_sm"": 3.4, ""tp_mult_sr"": 4.8, ""trail_mult"": 3.2, ""trail_tp"": true, ""use_trailing"": false}",{},
2450,-1000000000.0,TrialState.COMPLETE,2026-04-01T06:44:19.231288,2026-04-01T06:44:21.740446,2.509158,"{""atr_window"": 10, ""bb_std_dev"": 2.1, ""bb_window"": 21, ""cooldown"": 2, ""macd_fast"": 13, ""macd_k"": 1.3, ""macd_k_mid"": 0.95, ""macd_signal"": 6, ""macd_slow"": 35, ""macd_std_window"": 80, ""rebalance_freq"": 180, ""rebounce_block"": 4, ""sl_mult_lm"": 1.8, ""sl_mult_lr"": 4.9, ""sl_mult_sm"": 1.9, ""sl_mult_sr"": 2.9000000000000004, ""time_stop"": 24, ""tp_mult_lm"": 5.0, ""tp_mult_lr"": 9.4, ""tp_mult_sm"": 3.3, ""tp_mult_sr"": 5.0, ""trail_mult"": 3.4000000000000004, ""trail_tp"": true, ""use_trailing"": true}",{},
2451,-1000000000.0,TrialState.COMPLETE,2026-04-01T06:44:21.771578,2026-04-01T06:44:24.325098,2.55352,"{""atr_window"": 10, ""bb_std_dev"": 2.05, ""bb_window"": 20, ""cooldown"": 2, ""macd_fast"": 13, ""macd_k"": 1.85, ""macd_k_mid"": 0.8, ""macd_signal"": 8, ""macd_slow"": 35, ""macd_std_window"": 82, ""rebalance_freq"": 180, ""rebounce_block"": 5, ""sl_mult_lm"": 1.85, ""sl_mult_lr"": 3.0, ""sl_mult_sm"": 1.85, ""sl_mult_sr"": 2.2, ""time_stop"": 27, ""tp_mult_lm"": 5.2, ""tp_mult_lr"": 9.6, ""tp_mult_sm"": 3.2, ""tp_mult_sr"": 5.2, ""trail_mult"": 3.3, ""trail_tp"": true, ""use_trailing"": true}",{},
2452,-1000000000.0,TrialState.COMPLETE,2026-04-01T06:44:24.354610,2026-04-01T06:44:24.448769,0.094159,"{""atr_window"": 10, ""bb_std_dev"": 1.4, ""bb_window"": 20, ""cooldown"": 2, ""macd_fast"": 13, ""macd_k"": 1.0, ""macd_k_mid"": 1.0, ""macd_signal"": 10, ""macd_slow"": 35, ""macd_std_window"": 81, ""rebalance_freq"": 180, ""rebounce_block"": 3, ""sl_mult_lm"": 1.8, ""sl_mult_lr"": 4.9, ""sl_mult_sm"": 1.85, ""sl_mult_sr"": 2.5, ""time_stop"": 27, ""tp_mult_lm"": 5.0, ""tp_mult_lr"": 9.2, ""tp_mult_sm"": 7.0, ""tp_mult_sr"": 4.9, ""trail_mult"": 3.5, ""trail_tp"": true, ""use_trailing"": true}",{},
2453,-1000000000.0,TrialState.COMPLETE,2026-04-01T06:44:24.486146,2026-04-01T06:44:26.989432,2.503286,"{""atr_window"": 10, ""bb_std_dev"": 2.3, ""bb_window"": 21, ""cooldown"": 2, ""macd_fast"": 13, ""macd_k"": 1.45, ""macd_k_mid"": 0.9, ""macd_signal"": 9, ""macd_slow"": 35, ""macd_std_window"": 81, ""rebalance_freq"": 180, ""rebounce_block"": 0, ""sl_mult_lm"": 1.85, ""sl_mult_lr"": 5.0, ""sl_mult_sm"": 1.85, ""sl_mult_sr"": 3.1, ""time_stop"": 25, ""tp_mult_lm"": 5.1, ""tp_mult_lr"": 9.6, ""tp_mult_sm"": 5.4, ""tp_mult_sr"": 5.1, ""trail_mult"": 3.2, ""trail_tp"": true, ""use_trailing"": false}",{},
2454,-1000000000.0,TrialState.COMPLETE,2026-04-01T06:44:27.034382,2026-04-01T06:44:29.732040,2.697658,"{""atr_window"": 11, ""bb_std_dev"": 2.4, ""bb_window"": 20, ""cooldown"": 2, ""macd_fast"": 13, ""macd_k"": 1.55, ""macd_k_mid"": 0.95, ""macd_signal"": 7, ""macd_slow"": 35, ""macd_std_window"": 80, ""rebalance_freq"": 180, ""rebounce_block"": 6, ""sl_mult_lm"": 1.85, ""sl_mult_lr"": 4.9, ""sl_mult_sm"": 1.8, ""sl_mult_sr"": 2.1, ""time_stop"": 25, ""tp_mult_lm"": 5.2, ""tp_mult_lr"": 10.0, ""tp_mult_sm"": 5.800000000000001, ""tp_mult_sr"": 4.7, ""trail_mult"": 3.2, ""trail_tp"": true, ""use_trailing"": true}",{},
2455,-1000000000.0,TrialState.COMPLETE,2026-04-01T06:44:29.769911,2026-04-01T06:44:32.327463,2.557552,"{""atr_window"": 10, ""bb_std_dev"": 1.7, ""bb_window"": 21, ""cooldown"": 2, ""macd_fast"": 13, ""macd_k"": 1.6, ""macd_k_mid"": 0.95, ""macd_signal"": 5, ""macd_slow"": 35, ""macd_std_window"": 83, ""rebalance_freq"": 180, ""rebounce_block"": 4, ""sl_mult_lm"": 1.75, ""sl_mult_lr"": 4.800000000000001, ""sl_mult_sm"": 1.75, ""sl_mult_sr"": 1.5, ""time_stop"": 24, ""tp_mult_lm"": 5.3, ""tp_mult_lr"": 9.8, ""tp_mult_sm"": 3.1, ""tp_mult_sr"": 4.7, ""trail_mult"": 3.3, ""trail_tp"": true, ""use_trailing"": true}",{},
2456,-1000000000.0,TrialState.COMPLETE,2026-04-01T06:44:32.366272,2026-04-01T06:44:34.926990,2.560718,"{""atr_window"": 12, ""bb_std_dev"": 2.0, ""bb_window"": 20, ""cooldown"": 2, ""macd_fast"": 13, ""macd_k"": 1.5, ""macd_k_mid"": 0.9, ""macd_signal"": 8, ""macd_slow"": 35, ""macd_std_window"": 79, ""rebalance_freq"": 180, ""rebounce_block"": 2, ""sl_mult_lm"": 1.8, ""sl_mult_lr"": 5.0, ""sl_mult_sm"": 1.8, ""sl_mult_sr"": 1.6, ""time_stop"": 25, ""tp_mult_lm"": 5.3, ""tp_mult_lr"": 9.4, ""tp_mult_sm"": 6.1, ""tp_mult_sr"": 5.0, ""trail_mult"": 3.4000000000000004, ""trail_tp"": true, ""use_trailing"": true}",{},
2457,-1000000000.0,TrialState.COMPLETE,2026-04-01T06:44:34.972153,2026-04-01T06:44:37.505817,2.533664,"{""atr_window"": 11, ""bb_std_dev"": 2.35, ""bb_window"": 21, ""cooldown"": 2, ""macd_fast"": 13, ""macd_k"": 1.4, ""macd_k_mid"": 1.0, ""macd_signal"": 7, ""macd_slow"": 35, ""macd_std_window"": 81, ""rebalance_freq"": 180, ""rebounce_block"": 5, ""sl_mult_lm"": 1.8, ""sl_mult_lr"": 5.0, ""sl_mult_sm"": 1.75, ""sl_mult_sr"": 3.0, ""time_stop"": 26, ""tp_mult_lm"": 5.0, ""tp_mult_lr"": 9.2, ""tp_mult_sm"": 6.4, ""tp_mult_sr"": 4.8, ""trail_mult"": 3.4000000000000004, ""trail_tp"": true, ""use_trailing"": false}",{},
2458,-1000000000.0,TrialState.COMPLETE,2026-04-01T06:44:37.544121,2026-04-01T06:44:40.093598,2.549477,"{""atr_window"": 11, ""bb_std_dev"": 2.45, ""bb_window"": 20, ""cooldown"": 2, ""macd_fast"": 14, ""macd_k"": 1.6, ""macd_k_mid"": 0.95, ""macd_signal"": 6, ""macd_slow"": 35, ""macd_std_window"": 82, ""rebalance_freq"": 150, ""rebounce_block"": 5, ""sl_mult_lm"": 1.75, ""sl_mult_lr"": 5.0, ""sl_mult_sm"": 1.8, ""sl_mult_sr"": 2.2, ""time_stop"": 26, ""tp_mult_lm"": 5.2, ""tp_mult_lr"": 9.8, ""tp_mult_sm"": 3.8, ""tp_mult_sr"": 5.1, ""trail_mult"": 3.2, ""trail_tp"": true, ""use_trailing"": true}",{},
2459,-1000000000.0,TrialState.COMPLETE,2026-04-01T06:44:40.134053,2026-04-01T06:44:42.694095,2.560042,"{""atr_window"": 12, ""bb_std_dev"": 2.25, ""bb_window"": 22, ""cooldown"": 2, ""macd_fast"": 13, ""macd_k"": 1.65, ""macd_k_mid"": 0.95, ""macd_signal"": 9, ""macd_slow"": 35, ""macd_std_window"": 79, ""rebalance_freq"": 180, ""rebounce_block"": 3, ""sl_mult_lm"": 1.85, ""sl_mult_lr"": 4.800000000000001, ""sl_mult_sm"": 1.9, ""sl_mult_sr"": 2.3, ""time_stop"": 25, ""tp_mult_lm"": 5.1, ""tp_mult_lr"": 10.0, ""tp_mult_sm"": 4.0, ""tp_mult_sr"": 4.9, ""trail_mult"": 3.3, ""trail_tp"": true, ""use_trailing"": true}",{},
2460,-1000000000.0,TrialState.COMPLETE,2026-04-01T06:44:42.732333,2026-04-01T06:44:45.325375,2.593042,"{""atr_window"": 12, ""bb_std_dev"": 2.35, ""bb_window"": 21, ""cooldown"": 2, ""macd_fast"": 13, ""macd_k"": 1.0, ""macd_k_mid"": 0.9, ""macd_signal"": 8, ""macd_slow"": 35, ""macd_std_window"": 83, ""rebalance_freq"": 150, ""rebounce_block"": 6, ""sl_mult_lm"": 1.8, ""sl_mult_lr"": 4.9, ""sl_mult_sm"": 1.75, ""sl_mult_sr"": 2.4, ""time_stop"": 26, ""tp_mult_lm"": 5.2, ""tp_mult_lr"": 9.8, ""tp_mult_sm"": 6.6, ""tp_mult_sr"": 5.0, ""trail_mult"": 3.5, ""trail_tp"": true, ""use_trailing"": true}",{},
2461,-1000000000.0,TrialState.COMPLETE,2026-04-01T06:44:45.362834,2026-04-01T06:44:47.932520,2.569686,"{""atr_window"": 12, ""bb_std_dev"": 2.15, ""bb_window"": 20, ""cooldown"": 2, ""macd_fast"": 13, ""macd_k"": 1.5, ""macd_k_mid"": 0.95, ""macd_signal"": 10, ""macd_slow"": 35, ""macd_std_window"": 80, ""rebalance_freq"": 150, ""rebounce_block"": 1, ""sl_mult_lm"": 1.75, ""sl_mult_lr"": 5.0, ""sl_mult_sm"": 1.85, ""sl_mult_sr"": 3.2, ""time_stop"": 24, ""tp_mult_lm"": 5.1, ""tp_mult_lr"": 9.0, ""tp_mult_sm"": 6.0, ""tp_mult_sr"": 5.1, ""trail_mult"": 3.2, ""trail_tp"": true, ""use_trailing"": false}",{},
2462,-1000000000.0,TrialState.COMPLETE,2026-04-01T06:44:47.963343,2026-04-01T06:44:50.554460,2.591117,"{""atr_window"": 10, ""bb_std_dev"": 1.7999999999999998, ""bb_window"": 21, ""cooldown"": 2, ""macd_fast"": 13, ""macd_k"": 1.45, ""macd_k_mid"": 1.0, ""macd_signal"": 9, ""macd_slow"": 35, ""macd_std_window"": 81, ""rebalance_freq"": 180, ""rebounce_block"": 0, ""sl_mult_lm"": 1.8, ""sl_mult_lr"": 4.9, ""sl_mult_sm"": 1.85, ""sl_mult_sr"": 2.0, ""time_stop"": 25, ""tp_mult_lm"": 5.0, ""tp_mult_lr"": 9.6, ""tp_mult_sm"": 5.7, ""tp_mult_sr"": 4.8, ""trail_mult"": 3.4000000000000004, ""trail_tp"": true, ""use_trailing"": true}",{},
2463,-1000000000.0,TrialState.COMPLETE,2026-04-01T06:44:50.587415,2026-04-01T06:44:53.220147,2.632732,"{""atr_window"": 10, ""bb_std_dev"": 2.5, ""bb_window"": 20, ""cooldown"": 2, ""macd_fast"": 13, ""macd_k"": 1.05, ""macd_k_mid"": 0.9, ""macd_signal"": 8, ""macd_slow"": 35, ""macd_std_window"": 82, ""rebalance_freq"": 180, ""rebounce_block"": 5, ""sl_mult_lm"": 1.75, ""sl_mult_lr"": 5.0, ""sl_mult_sm"": 1.8, ""sl_mult_sr"": 2.1, ""time_stop"": 24, ""tp_mult_lm"": 5.3, ""tp_mult_lr"": 9.6, ""tp_mult_sm"": 3.3, ""tp_mult_sr"": 4.9, ""trail_mult"": 3.3, ""trail_tp"": true, ""use_trailing"": true}",{},
2464,-1000000000.0,TrialState.COMPLETE,2026-04-01T06:44:53.261847,2026-04-01T06:44:53.362061,0.100214,"{""atr_window"": 10, ""bb_std_dev"": 2.2, ""bb_window"": 21, ""cooldown"": 2, ""macd_fast"": 12, ""macd_k"": 1.3, ""macd_k_mid"": 0.95, ""macd_signal"": 7, ""macd_slow"": 35, ""macd_std_window"": 82, ""rebalance_freq"": 150, ""rebounce_block"": 6, ""sl_mult_lm"": 1.85, ""sl_mult_lr"": 5.0, ""sl_mult_sm"": 1.9, ""sl_mult_sr"": 2.6, ""time_stop"": 26, ""tp_mult_lm"": 5.0, ""tp_mult_lr"": 10.0, ""tp_mult_sm"": 3.5, ""tp_mult_sr"": 5.2, ""trail_mult"": 3.2, ""trail_tp"": true, ""use_trailing"": false}",{},
2465,-1000000000.0,TrialState.COMPLETE,2026-04-01T06:44:53.401324,2026-04-01T06:44:53.503948,0.102624,"{""atr_window"": 11, ""bb_std_dev"": 1.75, ""bb_window"": 20, ""cooldown"": 2, ""macd_fast"": 12, ""macd_k"": 1.85, ""macd_k_mid"": 0.95, ""macd_signal"": 8, ""macd_slow"": 35, ""macd_std_window"": 80, ""rebalance_freq"": 180, ""rebounce_block"": 3, ""sl_mult_lm"": 1.75, ""sl_mult_lr"": 2.9, ""sl_mult_sm"": 1.75, ""sl_mult_sr"": 1.6, ""time_stop"": 27, ""tp_mult_lm"": 5.3, ""tp_mult_lr"": 9.4, ""tp_mult_sm"": 5.2, ""tp_mult_sr"": 4.7, ""trail_mult"": 1.8, ""trail_tp"": true, ""use_trailing"": true}",{},
2466,-1000000000.0,TrialState.COMPLETE,2026-04-01T06:44:53.543391,2026-04-01T06:44:56.108416,2.565025,"{""atr_window"": 10, ""bb_std_dev"": 2.05, ""bb_window"": 22, ""cooldown"": 2, ""macd_fast"": 13, ""macd_k"": 1.25, ""macd_k_mid"": 0.9, ""macd_signal"": 9, ""macd_slow"": 35, ""macd_std_window"": 81, ""rebalance_freq"": 150, ""rebounce_block"": 2, ""sl_mult_lm"": 1.8, ""sl_mult_lr"": 5.0, ""sl_mult_sm"": 1.8, ""sl_mult_sr"": 1.5, ""time_stop"": 24, ""tp_mult_lm"": 5.2, ""tp_mult_lr"": 9.8, ""tp_mult_sm"": 6.2, ""tp_mult_sr"": 4.8, ""trail_mult"": 3.2, ""trail_tp"": true, ""use_trailing"": true}",{},
2467,-1000000000.0,TrialState.COMPLETE,2026-04-01T06:44:56.147724,2026-04-01T06:44:58.752366,2.604642,"{""atr_window"": 12, ""bb_std_dev"": 2.3, ""bb_window"": 19, ""cooldown"": 2, ""macd_fast"": 13, ""macd_k"": 1.7000000000000002, ""macd_k_mid"": 1.0, ""macd_signal"": 9, ""macd_slow"": 35, ""macd_std_window"": 81, ""rebalance_freq"": 150, ""rebounce_block"": 4, ""sl_mult_lm"": 1.85, ""sl_mult_lr"": 4.9, ""sl_mult_sm"": 1.8, ""sl_mult_sr"": 1.9, ""time_stop"": 28, ""tp_mult_lm"": 5.1, ""tp_mult_lr"": 9.2, ""tp_mult_sm"": 6.5, ""tp_mult_sr"": 5.2, ""trail_mult"": 3.3, ""trail_tp"": true, ""use_trailing"": true}",{},
2468,-1000000000.0,TrialState.COMPLETE,2026-04-01T06:44:58.792211,2026-04-01T06:45:01.325655,2.533444,"{""atr_window"": 10, ""bb_std_dev"": 1.5, ""bb_window"": 21, ""cooldown"": 2, ""macd_fast"": 14, ""macd_k"": 1.35, ""macd_k_mid"": 0.8500000000000001, ""macd_signal"": 10, ""macd_slow"": 36, ""macd_std_window"": 83, ""rebalance_freq"": 180, ""rebounce_block"": 0, ""sl_mult_lm"": 1.85, ""sl_mult_lr"": 5.0, ""sl_mult_sm"": 1.75, ""sl_mult_sr"": 1.5, ""time_stop"": 25, ""tp_mult_lm"": 5.2, ""tp_mult_lr"": 10.2, ""tp_mult_sm"": 6.800000000000001, ""tp_mult_sr"": 4.9, ""trail_mult"": 3.3, ""trail_tp"": true, ""use_trailing"": false}",{},
2469,-1000000000.0,TrialState.COMPLETE,2026-04-01T06:45:01.370661,2026-04-01T06:45:01.462194,0.091533,"{""atr_window"": 11, ""bb_std_dev"": 2.1, ""bb_window"": 20, ""cooldown"": 2, ""macd_fast"": 12, ""macd_k"": 1.9, ""macd_k_mid"": 0.95, ""macd_signal"": 6, ""macd_slow"": 35, ""macd_std_window"": 81, ""rebalance_freq"": 150, ""rebounce_block"": 6, ""sl_mult_lm"": 1.75, ""sl_mult_lr"": 5.0, ""sl_mult_sm"": 1.9, ""sl_mult_sr"": 2.7, ""time_stop"": 27, ""tp_mult_lm"": 4.9, ""tp_mult_lr"": 9.4, ""tp_mult_sm"": 3.2, ""tp_mult_sr"": 5.0, ""trail_mult"": 3.2, ""trail_tp"": true, ""use_trailing"": true}",{},
2470,-1000000000.0,TrialState.COMPLETE,2026-04-01T06:45:01.500825,2026-04-01T06:45:04.065980,2.565155,"{""atr_window"": 11, ""bb_std_dev"": 2.4, ""bb_window"": 21, ""cooldown"": 2, ""macd_fast"": 13, ""macd_k"": 1.0, ""macd_k_mid"": 0.9, ""macd_signal"": 5, ""macd_slow"": 35, ""macd_std_window"": 80, ""rebalance_freq"": 120, ""rebounce_block"": 5, ""sl_mult_lm"": 1.35, ""sl_mult_lr"": 4.800000000000001, ""sl_mult_sm"": 1.9, ""sl_mult_sr"": 2.0, ""time_stop"": 25, ""tp_mult_lm"": 5.3, ""tp_mult_lr"": 9.8, ""tp_mult_sm"": 5.6, ""tp_mult_sr"": 5.1, ""trail_mult"": 3.4000000000000004, ""trail_tp"": true, ""use_trailing"": true}",{},
