number,value,state,datetime_start,datetime_complete,duration_seconds,params_json,fold_sharpes_json,avg_cv_sharpe
1515,-1000000000.0,TrialState.COMPLETE,2026-04-01T03:04:21.104253,2026-04-01T03:04:21.197099,0.092846,"{""atr_window"": 20, ""bb_std_dev"": 1.65, ""bb_window"": 17, ""cooldown"": 2, ""macd_fast"": 20, ""macd_k"": 1.15, ""macd_k_mid"": 0.5, ""macd_signal"": 9, ""macd_slow"": 44, ""macd_std_window"": 70, ""rebalance_freq"": 30, ""rebounce_block"": 6, ""sl_mult_lm"": 2.1, ""sl_mult_lr"": 2.4, ""sl_mult_sm"": 1.65, ""sl_mult_sr"": 3.0, ""time_stop"": 5, ""tp_mult_lm"": 6.0, ""tp_mult_lr"": 10.4, ""tp_mult_sm"": 3.2, ""tp_mult_sr"": 4.3, ""trail_mult"": 3.3, ""trail_tp"": true, ""use_trailing"": true}",{},
1516,-1000000000.0,TrialState.COMPLETE,2026-04-01T03:04:21.238838,2026-04-01T03:04:21.328600,0.089762,"{""atr_window"": 16, ""bb_std_dev"": 2.35, ""bb_window"": 15, ""cooldown"": 1, ""macd_fast"": 12, ""macd_k"": 1.9500000000000002, ""macd_k_mid"": 0.6, ""macd_signal"": 10, ""macd_slow"": 36, ""macd_std_window"": 85, ""rebalance_freq"": 180, ""rebounce_block"": 5, ""sl_mult_lm"": 1.15, ""sl_mult_lr"": 4.7, ""sl_mult_sm"": 1.7000000000000002, ""sl_mult_sr"": 2.0, ""time_stop"": 20, ""tp_mult_lm"": 3.5, ""tp_mult_lr"": 15.600000000000001, ""tp_mult_sm"": 3.1, ""tp_mult_sr"": 4.6, ""trail_mult"": 2.6, ""trail_tp"": false, ""use_trailing"": true}",{},
1517,-1000000000.0,TrialState.COMPLETE,2026-04-01T03:04:21.365962,2026-04-01T03:04:21.446737,0.080775,"{""atr_window"": 12, ""bb_std_dev"": 2.45, ""bb_window"": 20, ""cooldown"": 1, ""macd_fast"": 18, ""macd_k"": 1.25, ""macd_k_mid"": 0.8500000000000001, ""macd_signal"": 8, ""macd_slow"": 42, ""macd_std_window"": 86, ""rebalance_freq"": 150, ""rebounce_block"": 0, ""sl_mult_lm"": 1.6, ""sl_mult_lr"": 2.9, ""sl_mult_sm"": 1.0, ""sl_mult_sr"": 1.6, ""time_stop"": 3, ""tp_mult_lm"": 4.0, ""tp_mult_lr"": 8.0, ""tp_mult_sm"": 3.7, ""tp_mult_sr"": 3.3, ""trail_mult"": 3.2, ""trail_tp"": true, ""use_trailing"": false}",{},
1518,-1000000000.0,TrialState.COMPLETE,2026-04-01T03:04:21.488017,2026-04-01T03:04:21.575901,0.087884,"{""atr_window"": 17, ""bb_std_dev"": 2.5, ""bb_window"": 16, ""cooldown"": 0, ""macd_fast"": 10, ""macd_k"": 1.3, ""macd_k_mid"": 0.7, ""macd_signal"": 7, ""macd_slow"": 39, ""macd_std_window"": 89, ""rebalance_freq"": 90, ""rebounce_block"": 2, ""sl_mult_lm"": 1.65, ""sl_mult_lr"": 3.5, ""sl_mult_sm"": 1.35, ""sl_mult_sr"": 3.2, ""time_stop"": 22, ""tp_mult_lm"": 3.8, ""tp_mult_lr"": 11.0, ""tp_mult_sm"": 4.4, ""tp_mult_sr"": 3.0, ""trail_mult"": 1.7, ""trail_tp"": false, ""use_trailing"": true}",{},
1519,-1000000000.0,TrialState.COMPLETE,2026-04-01T03:04:21.618097,2026-04-01T03:04:21.709685,0.091588,"{""atr_window"": 10, ""bb_std_dev"": 2.4, ""bb_window"": 18, ""cooldown"": 3, ""macd_fast"": 16, ""macd_k"": 1.5, ""macd_k_mid"": 0.55, ""macd_signal"": 8, ""macd_slow"": 40, ""macd_std_window"": 94, ""rebalance_freq"": 150, ""rebounce_block"": 4, ""sl_mult_lm"": 1.1, ""sl_mult_lr"": 2.1, ""sl_mult_sm"": 1.7000000000000002, ""sl_mult_sr"": 1.8, ""time_stop"": 7, ""tp_mult_lm"": 3.9, ""tp_mult_lr"": 8.8, ""tp_mult_sm"": 6.6, ""tp_mult_sr"": 6.5, ""trail_mult"": 2.0, ""trail_tp"": true, ""use_trailing"": true}",{},
1520,-1000000000.0,TrialState.COMPLETE,2026-04-01T03:04:21.751813,2026-04-01T03:04:21.840257,0.088444,"{""atr_window"": 13, ""bb_std_dev"": 1.95, ""bb_window"": 14, ""cooldown"": 4, ""macd_fast"": 13, ""macd_k"": 1.1, ""macd_k_mid"": 0.9, ""macd_signal"": 9, ""macd_slow"": 43, ""macd_std_window"": 79, ""rebalance_freq"": 120, ""rebounce_block"": 1, ""sl_mult_lm"": 1.7000000000000002, ""sl_mult_lr"": 4.0, ""sl_mult_sm"": 1.05, ""sl_mult_sr"": 2.4, ""time_stop"": 26, ""tp_mult_lm"": 4.9, ""tp_mult_lr"": 9.8, ""tp_mult_sm"": 6.300000000000001, ""tp_mult_sr"": 4.9, ""trail_mult"": 2.2, ""trail_tp"": false, ""use_trailing"": true}",{},
1521,-1000000000.0,TrialState.COMPLETE,2026-04-01T03:04:21.890758,2026-04-01T03:04:26.204828,4.31407,"{""atr_window"": 20, ""bb_std_dev"": 2.1, ""bb_window"": 15, ""cooldown"": 1, ""macd_fast"": 15, ""macd_k"": 1.35, ""macd_k_mid"": 0.65, ""macd_signal"": 8, ""macd_slow"": 35, ""macd_std_window"": 95, ""rebalance_freq"": 30, ""rebounce_block"": 6, ""sl_mult_lm"": 1.9500000000000002, ""sl_mult_lr"": 4.9, ""sl_mult_sm"": 1.55, ""sl_mult_sr"": 1.9, ""time_stop"": 15, ""tp_mult_lm"": 5.5, ""tp_mult_lr"": 9.4, ""tp_mult_sm"": 7.0, ""tp_mult_sr"": 6.2, ""trail_mult"": 3.6, ""trail_tp"": true, ""use_trailing"": false}",{},
1522,-1000000000.0,TrialState.COMPLETE,2026-04-01T03:04:26.244153,2026-04-01T03:04:26.332259,0.088106,"{""atr_window"": 19, ""bb_std_dev"": 1.7, ""bb_window"": 14, ""cooldown"": 2, ""macd_fast"": 14, ""macd_k"": 1.05, ""macd_k_mid"": 0.5, ""macd_signal"": 9, ""macd_slow"": 41, ""macd_std_window"": 100, ""rebalance_freq"": 180, ""rebounce_block"": 3, ""sl_mult_lm"": 1.2, ""sl_mult_lr"": 2.4, ""sl_mult_sm"": 2.0, ""sl_mult_sr"": 1.5, ""time_stop"": 20, ""tp_mult_lm"": 5.4, ""tp_mult_lr"": 11.6, ""tp_mult_sm"": 3.3, ""tp_mult_sr"": 4.8, ""trail_mult"": 3.4000000000000004, ""trail_tp"": false, ""use_trailing"": true}",{},
1523,-1000000000.0,TrialState.COMPLETE,2026-04-01T03:04:26.374264,2026-04-01T03:04:26.463516,0.089252,"{""atr_window"": 15, ""bb_std_dev"": 2.3, ""bb_window"": 17, ""cooldown"": 1, ""macd_fast"": 19, ""macd_k"": 1.2, ""macd_k_mid"": 0.55, ""macd_signal"": 5, ""macd_slow"": 44, ""macd_std_window"": 87, ""rebalance_freq"": 150, ""rebounce_block"": 5, ""sl_mult_lm"": 1.85, ""sl_mult_lr"": 2.7, ""sl_mult_sm"": 1.85, ""sl_mult_sr"": 2.2, ""time_stop"": 23, ""tp_mult_lm"": 5.1, ""tp_mult_lr"": 11.2, ""tp_mult_sm"": 3.8, ""tp_mult_sr"": 3.8, ""trail_mult"": 3.1, ""trail_tp"": true, ""use_trailing"": true}",{},
1524,-1000000000.0,TrialState.COMPLETE,2026-04-01T03:04:26.508295,2026-04-01T03:04:26.605128,0.096833,"{""atr_window"": 18, ""bb_std_dev"": 1.7999999999999998, ""bb_window"": 21, ""cooldown"": 5, ""macd_fast"": 11, ""macd_k"": 1.55, ""macd_k_mid"": 0.6, ""macd_signal"": 7, ""macd_slow"": 36, ""macd_std_window"": 99, ""rebalance_freq"": 120, ""rebounce_block"": 2, ""sl_mult_lm"": 1.4, ""sl_mult_lr"": 3.1, ""sl_mult_sm"": 1.9, ""sl_mult_sr"": 2.6, ""time_stop"": 12, ""tp_mult_lm"": 5.9, ""tp_mult_lr"": 12.600000000000001, ""tp_mult_sm"": 5.0, ""tp_mult_sr"": 6.0, ""trail_mult"": 2.8, ""trail_tp"": false, ""use_trailing"": true}",{},
1525,-1000000000.0,TrialState.COMPLETE,2026-04-01T03:04:26.649478,2026-04-01T03:04:26.742031,0.092553,"{""atr_window"": 16, ""bb_std_dev"": 2.25, ""bb_window"": 23, ""cooldown"": 4, ""macd_fast"": 20, ""macd_k"": 1.75, ""macd_k_mid"": 1.0, ""macd_signal"": 10, ""macd_slow"": 44, ""macd_std_window"": 97, ""rebalance_freq"": 90, ""rebounce_block"": 1, ""sl_mult_lm"": 1.05, ""sl_mult_lr"": 2.5, ""sl_mult_sm"": 1.5, ""sl_mult_sr"": 2.0, ""time_stop"": 16, ""tp_mult_lm"": 5.7, ""tp_mult_lr"": 15.2, ""tp_mult_sm"": 3.0, ""tp_mult_sr"": 4.4, ""trail_mult"": 2.5, ""trail_tp"": true, ""use_trailing"": false}",{},
1526,-1000000000.0,TrialState.COMPLETE,2026-04-01T03:04:26.784198,2026-04-01T03:04:26.871578,0.08738,"{""atr_window"": 14, ""bb_std_dev"": 2.2, ""bb_window"": 22, ""cooldown"": 2, ""macd_fast"": 12, ""macd_k"": 1.0, ""macd_k_mid"": 0.7, ""macd_signal"": 6, ""macd_slow"": 37, ""macd_std_window"": 84, ""rebalance_freq"": 60, ""rebounce_block"": 5, ""sl_mult_lm"": 1.3, ""sl_mult_lr"": 3.0, ""sl_mult_sm"": 1.6, ""sl_mult_sr"": 1.6, ""time_stop"": 21, ""tp_mult_lm"": 5.0, ""tp_mult_lr"": 12.0, ""tp_mult_sm"": 5.2, ""tp_mult_sr"": 5.1, ""trail_mult"": 3.0, ""trail_tp"": false, ""use_trailing"": true}",{},
1527,-1000000000.0,TrialState.COMPLETE,2026-04-01T03:04:26.912034,2026-04-01T03:04:27.001623,0.089589,"{""atr_window"": 17, ""bb_std_dev"": 2.15, ""bb_window"": 16, ""cooldown"": 3, ""macd_fast"": 15, ""macd_k"": 1.9500000000000002, ""macd_k_mid"": 0.55, ""macd_signal"": 8, ""macd_slow"": 43, ""macd_std_window"": 70, ""rebalance_freq"": 180, ""rebounce_block"": 5, ""sl_mult_lm"": 2.0, ""sl_mult_lr"": 2.3, ""sl_mult_sm"": 1.75, ""sl_mult_sr"": 2.5, ""time_stop"": 6, ""tp_mult_lm"": 5.1, ""tp_mult_lr"": 11.8, ""tp_mult_sm"": 6.4, ""tp_mult_sr"": 6.7, ""trail_mult"": 1.6, ""trail_tp"": true, ""use_trailing"": true}",{},
1528,-1000000000.0,TrialState.COMPLETE,2026-04-01T03:04:27.044432,2026-04-01T03:04:27.140050,0.095618,"{""atr_window"": 11, ""bb_std_dev"": 1.8499999999999999, ""bb_window"": 18, ""cooldown"": 0, ""macd_fast"": 16, ""macd_k"": 1.4, ""macd_k_mid"": 0.8, ""macd_signal"": 9, ""macd_slow"": 40, ""macd_std_window"": 73, ""rebalance_freq"": 150, ""rebounce_block"": 3, ""sl_mult_lm"": 1.25, ""sl_mult_lr"": 2.0, ""sl_mult_sm"": 1.8, ""sl_mult_sr"": 1.9, ""time_stop"": 25, ""tp_mult_lm"": 5.2, ""tp_mult_lr"": 9.6, ""tp_mult_sm"": 6.9, ""tp_mult_sr"": 5.7, ""trail_mult"": 3.7, ""trail_tp"": false, ""use_trailing"": true}",{},
1529,-1000000000.0,TrialState.COMPLETE,2026-04-01T03:04:27.181047,2026-04-01T03:04:30.962364,3.781317,"{""atr_window"": 15, ""bb_std_dev"": 2.05, ""bb_window"": 14, ""cooldown"": 1, ""macd_fast"": 17, ""macd_k"": 1.6, ""macd_k_mid"": 0.5, ""macd_signal"": 8, ""macd_slow"": 39, ""macd_std_window"": 91, ""rebalance_freq"": 30, ""rebounce_block"": 6, ""sl_mult_lm"": 1.0, ""sl_mult_lr"": 3.2, ""sl_mult_sm"": 1.65, ""sl_mult_sr"": 2.1, ""time_stop"": 29, ""tp_mult_lm"": 4.8, ""tp_mult_lr"": 13.600000000000001, ""tp_mult_sm"": 4.3, ""tp_mult_sr"": 4.1, ""trail_mult"": 2.1, ""trail_tp"": true, ""use_trailing"": false}",{},
1530,-1000000000.0,TrialState.COMPLETE,2026-04-01T03:04:31.002886,2026-04-01T03:04:31.080349,0.077463,"{""atr_window"": 16, ""bb_std_dev"": 1.5499999999999998, ""bb_window"": 20, ""cooldown"": 2, ""macd_fast"": 12, ""macd_k"": 1.65, ""macd_k_mid"": 0.75, ""macd_signal"": 8, ""macd_slow"": 41, ""macd_std_window"": 98, ""rebalance_freq"": 150, ""rebounce_block"": 0, ""sl_mult_lm"": 2.1500000000000004, ""sl_mult_lr"": 2.2, ""sl_mult_sm"": 1.25, ""sl_mult_sr"": 1.8, ""time_stop"": 17, ""tp_mult_lm"": 5.3, ""tp_mult_lr"": 10.6, ""tp_mult_sm"": 6.0, ""tp_mult_sr"": 5.300000000000001, ""trail_mult"": 2.3, ""trail_tp"": false, ""use_trailing"": true}",{},
1531,-1000000000.0,TrialState.COMPLETE,2026-04-01T03:04:31.120429,2026-04-01T03:04:35.569061,4.448632,"{""atr_window"": 14, ""bb_std_dev"": 2.5, ""bb_window"": 19, ""cooldown"": 0, ""macd_fast"": 19, ""macd_k"": 1.1, ""macd_k_mid"": 0.7, ""macd_signal"": 9, ""macd_slow"": 38, ""macd_std_window"": 71, ""rebalance_freq"": 180, ""rebounce_block"": 4, ""sl_mult_lm"": 1.35, ""sl_mult_lr"": 2.3, ""sl_mult_sm"": 1.9500000000000002, ""sl_mult_sr"": 1.7, ""time_stop"": 11, ""tp_mult_lm"": 5.6, ""tp_mult_lr"": 13.8, ""tp_mult_sm"": 5.4, ""tp_mult_sr"": 3.6, ""trail_mult"": 2.2, ""trail_tp"": true, ""use_trailing"": true}",{},
1532,-1000000000.0,TrialState.COMPLETE,2026-04-01T03:04:35.606702,2026-04-01T03:04:35.697767,0.091065,"{""atr_window"": 20, ""bb_std_dev"": 1.65, ""bb_window"": 15, ""cooldown"": 4, ""macd_fast"": 13, ""macd_k"": 1.15, ""macd_k_mid"": 0.65, ""macd_signal"": 7, ""macd_slow"": 42, ""macd_std_window"": 76, ""rebalance_freq"": 120, ""rebounce_block"": 2, ""sl_mult_lm"": 1.1, ""sl_mult_lr"": 2.6, ""sl_mult_sm"": 1.85, ""sl_mult_sr"": 1.5, ""time_stop"": 24, ""tp_mult_lm"": 4.6, ""tp_mult_lr"": 12.8, ""tp_mult_sm"": 5.1, ""tp_mult_sr"": 4.5, ""trail_mult"": 2.7, ""trail_tp"": false, ""use_trailing"": false}",{},
1533,-1000000000.0,TrialState.COMPLETE,2026-04-01T03:04:35.740741,2026-04-01T03:04:35.845795,0.105054,"{""atr_window"": 19, ""bb_std_dev"": 2.0, ""bb_window"": 24, ""cooldown"": 3, ""macd_fast"": 10, ""macd_k"": 1.2, ""macd_k_mid"": 0.55, ""macd_signal"": 10, ""macd_slow"": 37, ""macd_std_window"": 88, ""rebalance_freq"": 150, ""rebounce_block"": 3, ""sl_mult_lm"": 1.9, ""sl_mult_lr"": 4.300000000000001, ""sl_mult_sm"": 1.7000000000000002, ""sl_mult_sr"": 1.5, ""time_stop"": 9, ""tp_mult_lm"": 5.9, ""tp_mult_lr"": 13.2, ""tp_mult_sm"": 6.5, ""tp_mult_sr"": 5.2, ""trail_mult"": 3.2, ""trail_tp"": true, ""use_trailing"": true}",{},
1534,-1000000000.0,TrialState.COMPLETE,2026-04-01T03:04:35.888590,2026-04-01T03:04:35.990121,0.101531,"{""atr_window"": 18, ""bb_std_dev"": 1.7999999999999998, ""bb_window"": 14, ""cooldown"": 2, ""macd_fast"": 14, ""macd_k"": 1.25, ""macd_k_mid"": 0.6, ""macd_signal"": 6, ""macd_slow"": 44, ""macd_std_window"": 85, ""rebalance_freq"": 90, ""rebounce_block"": 5, ""sl_mult_lm"": 1.9500000000000002, ""sl_mult_lr"": 2.9, ""sl_mult_sm"": 1.9, ""sl_mult_sr"": 2.3, ""time_stop"": 14, ""tp_mult_lm"": 4.7, ""tp_mult_lr"": 10.0, ""tp_mult_sm"": 3.4, ""tp_mult_sr"": 5.9, ""trail_mult"": 1.9, ""trail_tp"": false, ""use_trailing"": true}",{},
1535,-1000000000.0,TrialState.COMPLETE,2026-04-01T03:04:36.032581,2026-04-01T03:04:40.282811,4.25023,"{""atr_window"": 13, ""bb_std_dev"": 1.75, ""bb_window"": 16, ""cooldown"": 1, ""macd_fast"": 18, ""macd_k"": 1.65, ""macd_k_mid"": 0.5, ""macd_signal"": 9, ""macd_slow"": 35, ""macd_std_window"": 82, ""rebalance_freq"": 60, ""rebounce_block"": 6, ""sl_mult_lm"": 1.8, ""sl_mult_lr"": 2.4, ""sl_mult_sm"": 1.75, ""sl_mult_sr"": 1.6, ""time_stop"": 17, ""tp_mult_lm"": 4.3, ""tp_mult_lr"": 9.2, ""tp_mult_sm"": 6.1, ""tp_mult_sr"": 6.1, ""trail_mult"": 3.6, ""trail_tp"": true, ""use_trailing"": true}",{},
1536,-1000000000.0,TrialState.COMPLETE,2026-04-01T03:04:40.324526,2026-04-01T03:04:44.611949,4.287423,"{""atr_window"": 17, ""bb_std_dev"": 1.9, ""bb_window"": 17, ""cooldown"": 5, ""macd_fast"": 20, ""macd_k"": 1.7000000000000002, ""macd_k_mid"": 0.55, ""macd_signal"": 8, ""macd_slow"": 40, ""macd_std_window"": 100, ""rebalance_freq"": 120, ""rebounce_block"": 0, ""sl_mult_lm"": 2.05, ""sl_mult_lr"": 4.2, ""sl_mult_sm"": 1.3, ""sl_mult_sr"": 2.2, ""time_stop"": 19, ""tp_mult_lm"": 3.6, ""tp_mult_lr"": 12.4, ""tp_mult_sm"": 3.5, ""tp_mult_sr"": 6.9, ""trail_mult"": 2.1, ""trail_tp"": false, ""use_trailing"": false}",{},
1537,-1000000000.0,TrialState.COMPLETE,2026-04-01T03:04:44.655362,2026-04-01T03:04:44.746239,0.090877,"{""atr_window"": 16, ""bb_std_dev"": 2.35, ""bb_window"": 15, ""cooldown"": 2, ""macd_fast"": 14, ""macd_k"": 1.45, ""macd_k_mid"": 0.9, ""macd_signal"": 9, ""macd_slow"": 43, ""macd_std_window"": 80, ""rebalance_freq"": 180, ""rebounce_block"": 6, ""sl_mult_lm"": 1.75, ""sl_mult_lr"": 2.7, ""sl_mult_sm"": 1.5, ""sl_mult_sr"": 2.1, ""time_stop"": 12, ""tp_mult_lm"": 5.5, ""tp_mult_lr"": 12.2, ""tp_mult_sm"": 4.5, ""tp_mult_sr"": 5.5, ""trail_mult"": 1.5, ""trail_tp"": true, ""use_trailing"": true}",{},
1538,-1000000000.0,TrialState.COMPLETE,2026-04-01T03:04:44.790578,2026-04-01T03:04:44.901111,0.110533,"{""atr_window"": 12, ""bb_std_dev"": 2.05, ""bb_window"": 14, ""cooldown"": 0, ""macd_fast"": 11, ""macd_k"": 1.8, ""macd_k_mid"": 0.8500000000000001, ""macd_signal"": 10, ""macd_slow"": 36, ""macd_std_window"": 81, ""rebalance_freq"": 30, ""rebounce_block"": 4, ""sl_mult_lm"": 1.45, ""sl_mult_lr"": 4.300000000000001, ""sl_mult_sm"": 1.55, ""sl_mult_sr"": 3.1, ""time_stop"": 18, ""tp_mult_lm"": 6.0, ""tp_mult_lr"": 14.4, ""tp_mult_sm"": 5.6, ""tp_mult_sr"": 3.1, ""trail_mult"": 3.8000000000000003, ""trail_tp"": true, ""use_trailing"": true}",{},
1539,-1000000000.0,TrialState.COMPLETE,2026-04-01T03:04:44.951939,2026-04-01T03:04:45.059973,0.108034,"{""atr_window"": 15, ""bb_std_dev"": 2.45, ""bb_window"": 25, ""cooldown"": 1, ""macd_fast"": 15, ""macd_k"": 1.55, ""macd_k_mid"": 0.7, ""macd_signal"": 7, ""macd_slow"": 43, ""macd_std_window"": 92, ""rebalance_freq"": 150, ""rebounce_block"": 1, ""sl_mult_lm"": 1.85, ""sl_mult_lr"": 2.1, ""sl_mult_sm"": 1.45, ""sl_mult_sr"": 2.7, ""time_stop"": 2, ""tp_mult_lm"": 4.4, ""tp_mult_lr"": 11.4, ""tp_mult_sm"": 5.9, ""tp_mult_sr"": 5.800000000000001, ""trail_mult"": 2.0, ""trail_tp"": false, ""use_trailing"": true}",{},
1540,-1000000000.0,TrialState.COMPLETE,2026-04-01T03:04:45.104612,2026-04-01T03:04:45.206153,0.101541,"{""atr_window"": 14, ""bb_std_dev"": 2.3, ""bb_window"": 18, ""cooldown"": 4, ""macd_fast"": 12, ""macd_k"": 1.5, ""macd_k_mid"": 0.6, ""macd_signal"": 8, ""macd_slow"": 42, ""macd_std_window"": 90, ""rebalance_freq"": 90, ""rebounce_block"": 5, ""sl_mult_lm"": 2.1, ""sl_mult_lr"": 2.5, ""sl_mult_sm"": 1.8, ""sl_mult_sr"": 2.0, ""time_stop"": 10, ""tp_mult_lm"": 5.0, ""tp_mult_lr"": 9.8, ""tp_mult_sm"": 3.9, ""tp_mult_sr"": 6.300000000000001, ""trail_mult"": 2.7, ""trail_tp"": true, ""use_trailing"": false}",{},
1541,-1000000000.0,TrialState.COMPLETE,2026-04-01T03:04:45.257625,2026-04-01T03:04:45.360494,0.102869,"{""atr_window"": 20, ""bb_std_dev"": 2.15, ""bb_window"": 14, ""cooldown"": 1, ""macd_fast"": 17, ""macd_k"": 1.1, ""macd_k_mid"": 0.55, ""macd_signal"": 5, ""macd_slow"": 41, ""macd_std_window"": 93, ""rebalance_freq"": 150, ""rebounce_block"": 3, ""sl_mult_lm"": 1.55, ""sl_mult_lr"": 4.5, ""sl_mult_sm"": 1.7000000000000002, ""sl_mult_sr"": 3.5, ""time_stop"": 0, ""tp_mult_lm"": 5.800000000000001, ""tp_mult_lr"": 11.8, ""tp_mult_sm"": 6.800000000000001, ""tp_mult_sr"": 3.8, ""trail_mult"": 4.0, ""trail_tp"": false, ""use_trailing"": true}",{},
1542,-1000000000.0,TrialState.COMPLETE,2026-04-01T03:04:45.404170,2026-04-01T03:04:45.503526,0.099356,"{""atr_window"": 19, ""bb_std_dev"": 1.5999999999999999, ""bb_window"": 20, ""cooldown"": 3, ""macd_fast"": 13, ""macd_k"": 1.0, ""macd_k_mid"": 0.95, ""macd_signal"": 9, ""macd_slow"": 39, ""macd_std_window"": 89, ""rebalance_freq"": 180, ""rebounce_block"": 0, ""sl_mult_lm"": 1.15, ""sl_mult_lr"": 2.8, ""sl_mult_sm"": 1.4, ""sl_mult_sr"": 2.2, ""time_stop"": 21, ""tp_mult_lm"": 5.4, ""tp_mult_lr"": 10.2, ""tp_mult_sm"": 4.9, ""tp_mult_sr"": 3.9, ""trail_mult"": 3.1, ""trail_tp"": true, ""use_trailing"": true}",{},
1543,-1000000000.0,TrialState.COMPLETE,2026-04-01T03:04:45.547595,2026-04-01T03:04:45.649991,0.102396,"{""atr_window"": 18, ""bb_std_dev"": 2.4, ""bb_window"": 21, ""cooldown"": 0, ""macd_fast"": 10, ""macd_k"": 1.05, ""macd_k_mid"": 0.8, ""macd_signal"": 8, ""macd_slow"": 40, ""macd_std_window"": 74, ""rebalance_freq"": 120, ""rebounce_block"": 5, ""sl_mult_lm"": 1.0, ""sl_mult_lr"": 3.6, ""sl_mult_sm"": 1.0, ""sl_mult_sr"": 2.5, ""time_stop"": 13, ""tp_mult_lm"": 5.5, ""tp_mult_lr"": 10.8, ""tp_mult_sm"": 6.7, ""tp_mult_sr"": 4.9, ""trail_mult"": 1.7, ""trail_tp"": false, ""use_trailing"": true}",{},
1544,-1000000000.0,TrialState.COMPLETE,2026-04-01T03:04:45.696563,2026-04-01T03:04:45.813996,0.117433,"{""atr_window"": 11, ""bb_std_dev"": 1.7, ""bb_window"": 22, ""cooldown"": 4, ""macd_fast"": 20, ""macd_k"": 1.85, ""macd_k_mid"": 0.55, ""macd_signal"": 7, ""macd_slow"": 44, ""macd_std_window"": 72, ""rebalance_freq"": 150, ""rebounce_block"": 2, ""sl_mult_lm"": 1.4, ""sl_mult_lr"": 2.5, ""sl_mult_sm"": 1.6, ""sl_mult_sr"": 3.3, ""time_stop"": 26, ""tp_mult_lm"": 5.3, ""tp_mult_lr"": 14.600000000000001, ""tp_mult_sm"": 3.1, ""tp_mult_sr"": 4.2, ""trail_mult"": 3.3, ""trail_tp"": true, ""use_trailing"": false}",{},
1545,-1000000000.0,TrialState.COMPLETE,2026-04-01T03:04:45.857767,2026-04-01T03:04:45.953133,0.095366,"{""atr_window"": 14, ""bb_std_dev"": 2.2, ""bb_window"": 17, ""cooldown"": 2, ""macd_fast"": 16, ""macd_k"": 1.15, ""macd_k_mid"": 0.65, ""macd_signal"": 6, ""macd_slow"": 43, ""macd_std_window"": 96, ""rebalance_freq"": 30, ""rebounce_block"": 5, ""sl_mult_lm"": 1.5, ""sl_mult_lr"": 3.3, ""sl_mult_sm"": 1.2, ""sl_mult_sr"": 2.9000000000000004, ""time_stop"": 28, ""tp_mult_lm"": 4.9, ""tp_mult_lr"": 13.0, ""tp_mult_sm"": 5.800000000000001, ""tp_mult_sr"": 4.0, ""trail_mult"": 3.7, ""trail_tp"": false, ""use_trailing"": true}",{},
1546,-1000000000.0,TrialState.COMPLETE,2026-04-01T03:04:45.999918,2026-04-01T03:04:46.101227,0.101309,"{""atr_window"": 15, ""bb_std_dev"": 1.5, ""bb_window"": 16, ""cooldown"": 1, ""macd_fast"": 12, ""macd_k"": 1.35, ""macd_k_mid"": 0.75, ""macd_signal"": 9, ""macd_slow"": 37, ""macd_std_window"": 99, ""rebalance_freq"": 180, ""rebounce_block"": 4, ""sl_mult_lm"": 1.05, ""sl_mult_lr"": 3.9000000000000004, ""sl_mult_sm"": 1.65, ""sl_mult_sr"": 1.8, ""time_stop"": 4, ""tp_mult_lm"": 4.2, ""tp_mult_lr"": 12.0, ""tp_mult_sm"": 6.9, ""tp_mult_sr"": 3.7, ""trail_mult"": 2.2, ""trail_tp"": true, ""use_trailing"": true}",{},
1547,-1000000000.0,TrialState.COMPLETE,2026-04-01T03:04:46.143927,2026-04-01T03:04:50.547143,4.403216,"{""atr_window"": 10, ""bb_std_dev"": 2.5, ""bb_window"": 14, ""cooldown"": 5, ""macd_fast"": 18, ""macd_k"": 1.4, ""macd_k_mid"": 0.5, ""macd_signal"": 8, ""macd_slow"": 35, ""macd_std_window"": 87, ""rebalance_freq"": 120, ""rebounce_block"": 6, ""sl_mult_lm"": 1.3, ""sl_mult_lr"": 2.2, ""sl_mult_sm"": 1.05, ""sl_mult_sr"": 1.9, ""time_stop"": 16, ""tp_mult_lm"": 4.5, ""tp_mult_lr"": 11.6, ""tp_mult_sm"": 4.2, ""tp_mult_sr"": 6.4, ""trail_mult"": 2.6, ""trail_tp"": false, ""use_trailing"": false}",{},
1548,-1000000000.0,TrialState.COMPLETE,2026-04-01T03:04:50.590057,2026-04-01T03:04:50.692400,0.102343,"{""atr_window"": 16, ""bb_std_dev"": 2.25, ""bb_window"": 24, ""cooldown"": 2, ""macd_fast"": 14, ""macd_k"": 1.9, ""macd_k_mid"": 0.6, ""macd_signal"": 10, ""macd_slow"": 38, ""macd_std_window"": 75, ""rebalance_freq"": 150, ""rebounce_block"": 3, ""sl_mult_lm"": 1.9, ""sl_mult_lr"": 2.0, ""sl_mult_sm"": 1.35, ""sl_mult_sr"": 1.5, ""time_stop"": 19, ""tp_mult_lm"": 5.6, ""tp_mult_lr"": 10.4, ""tp_mult_sm"": 3.7, ""tp_mult_sr"": 5.6, ""trail_mult"": 3.0, ""trail_tp"": true, ""use_trailing"": true}",{},
