number,value,datetime_start,datetime_complete,duration,params_atr_window,params_bb_std_dev,params_bb_window,params_cooldown,params_macd_fast,params_macd_k,params_macd_k_mid,params_macd_signal,params_macd_slow,params_macd_std_window,params_rebalance_freq,params_rebounce_block,params_sl_mult_lm,params_sl_mult_lr,params_sl_mult_sm,params_sl_mult_sr,params_time_stop,params_tp_mult_lm,params_tp_mult_lr,params_tp_mult_sm,params_tp_mult_sr,params_trail_mult,params_trail_tp,params_use_trailing,user_attrs_allocations,user_attrs_deploy_avg_sharpe,user_attrs_deploy_total_sharpe,user_attrs_deploy_year_sharpes,user_attrs_score,user_attrs_selected_tickers,user_attrs_train_avg_sharpe,user_attrs_train_year_sharpes,state
876,-1000000000.0,2026-04-01 02:22:06.502749,2026-04-01 02:22:09.058914,0 days 00:00:02.556165,19,1.7999999999999998,16,4,15,1.1,0.55,6,35,88,30,6,1.1,2.4,1.05,1.9,13,5.3,13.4,3.0,3.1,2.3,True,True,,,,,,,,,COMPLETE
877,-1000000000.0,2026-04-01 02:22:09.093402,2026-04-01 02:22:11.644294,0 days 00:00:02.550892,15,1.7,17,1,14,1.05,0.55,8,36,70,60,3,1.4,4.4,1.6,2.2,6,5.9,11.4,6.6,3.3,3.0,False,True,,,,,,,,,COMPLETE
878,-1000000000.0,2026-04-01 02:22:11.676828,2026-04-01 02:22:11.716226,0 days 00:00:00.039398,14,2.2,21,2,12,1.6,1.0,9,40,100,180,0,2.1,2.7,1.0,3.3,16,5.5,10.4,3.5,5.7,3.9000000000000004,True,True,,,,,,,,,COMPLETE
879,-1000000000.0,2026-04-01 02:22:11.749216,2026-04-01 02:22:14.265011,0 days 00:00:02.515795,14,1.5499999999999998,15,2,20,1.45,0.5,10,41,80,150,2,1.8,4.1,1.8,3.1,1,5.800000000000001,14.4,4.9,3.9,3.8000000000000003,False,False,,,,,,,,,COMPLETE
880,-1000000000.0,2026-04-01 02:22:14.296349,2026-04-01 02:22:14.350851,0 days 00:00:00.054502,16,1.8499999999999999,25,0,11,1.9500000000000002,0.6,6,44,73,120,5,2.0,3.9000000000000004,1.4,2.5,7,4.8,12.2,7.0,4.3,2.5,True,True,,,,,,,,,COMPLETE
881,-1000000000.0,2026-04-01 02:22:14.386538,2026-04-01 02:22:14.426683,0 days 00:00:00.040145,18,2.0,14,5,17,1.15,0.65,8,43,91,90,3,1.25,2.3,1.85,1.5,26,5.2,10.0,4.3,6.6,3.7,False,True,,,,,,,,,COMPLETE
882,-1000000000.0,2026-04-01 02:22:14.459982,2026-04-01 02:22:16.973428,0 days 00:00:02.513446,17,2.5,20,4,18,1.55,0.7,9,38,77,150,4,1.3,2.6,1.7000000000000002,1.7,9,5.4,10.8,3.2,3.2,2.1,True,False,,,,,,,,,COMPLETE
883,-1000000000.0,2026-04-01 02:22:17.008608,2026-04-01 02:22:17.048124,0 days 00:00:00.039516,13,2.3,18,1,13,1.5,0.9,7,40,97,180,5,1.35,3.1,1.9,1.9,24,4.9,13.0,3.6,3.6,1.7,False,True,,,,,,,,,COMPLETE
884,-1000000000.0,2026-04-01 02:22:17.083754,2026-04-01 02:22:19.565427,0 days 00:00:02.481673,20,1.9,23,3,15,1.65,0.55,10,35,86,120,5,2.2,2.0,2.0,2.1,22,5.0,12.8,4.8,5.6,2.9000000000000004,True,True,,,,,,,,,COMPLETE
885,-1000000000.0,2026-04-01 02:22:19.593100,2026-04-01 02:22:19.632570,0 days 00:00:00.039470,16,2.25,14,1,16,1.0,0.5,8,39,90,30,6,2.1500000000000004,4.2,1.55,2.0,17,4.2,12.0,6.7,5.1,2.8,False,True,,,,,,,,,COMPLETE
886,-1000000000.0,2026-04-01 02:22:19.672133,2026-04-01 02:22:19.711819,0 days 00:00:00.039686,19,2.05,19,2,12,1.15,0.95,7,42,99,180,3,1.05,2.2,1.2,1.6,18,3.6,8.8,4.1,3.0,3.2,True,False,,,,,,,,,COMPLETE
887,-1000000000.0,2026-04-01 02:22:19.744257,2026-04-01 02:22:19.785206,0 days 00:00:00.040949,17,2.25,16,0,14,1.7000000000000002,0.6,9,44,89,150,0,1.6,4.6,1.65,3.0,16,6.0,17.0,5.800000000000001,6.1,3.6,False,True,,,,,,,,,COMPLETE
888,-1000000000.0,2026-04-01 02:22:19.818743,2026-04-01 02:22:22.352142,0 days 00:00:02.533399,14,2.1,14,3,20,1.2,0.75,8,37,82,90,4,1.55,3.6,1.1,1.8,14,4.0,15.2,6.9,5.300000000000001,3.1,True,True,,,,,,,,,COMPLETE
889,-1000000000.0,2026-04-01 02:22:22.385907,2026-04-01 02:22:24.922402,0 days 00:00:02.536495,12,2.15,15,1,19,1.45,0.7,5,41,70,150,6,1.9,2.5,1.75,1.7,15,4.4,13.2,3.1,3.7,2.3,False,True,,,,,,,,,COMPLETE
890,-1000000000.0,2026-04-01 02:22:24.956843,2026-04-01 02:22:27.477396,0 days 00:00:02.520553,15,2.2,16,4,18,1.75,0.55,9,36,81,120,2,1.4,2.8,1.3,1.5,28,5.7,11.6,5.0,6.0,2.4,True,False,,,,,,,,,COMPLETE
891,-1000000000.0,2026-04-01 02:22:27.510503,2026-04-01 02:22:27.548912,0 days 00:00:00.038409,18,1.65,17,2,10,1.8,0.65,6,42,96,150,1,1.0,2.1,1.55,2.2,20,3.7,13.600000000000001,6.300000000000001,4.1,1.9,False,True,,,,,,,,,COMPLETE
892,-1000000000.0,2026-04-01 02:22:27.593817,2026-04-01 02:22:27.633112,0 days 00:00:00.039295,20,1.75,17,0,15,1.35,0.8500000000000001,10,39,92,180,5,1.45,2.4,1.9500000000000002,2.1,19,3.8,12.600000000000001,6.5,6.5,2.6,True,True,,,,,,,,,COMPLETE
893,-1000000000.0,2026-04-01 02:22:27.668617,2026-04-01 02:22:27.710359,0 days 00:00:00.041742,14,2.45,18,5,17,1.4,0.8,8,44,85,30,3,1.9500000000000002,4.800000000000001,1.5,2.7,25,5.1,16.200000000000003,4.6,5.7,2.0,False,False,,,,,,,,,COMPLETE
894,-1000000000.0,2026-04-01 02:22:27.745235,2026-04-01 02:22:27.785971,0 days 00:00:00.040736,19,2.3,14,1,12,1.1,0.55,9,43,88,120,0,1.75,3.8,1.35,1.5,12,5.5,14.8,4.0,4.8,2.1,True,True,,,,,,,,,COMPLETE
895,-1000000000.0,2026-04-01 02:22:27.821517,2026-04-01 02:22:27.860358,0 days 00:00:00.038841,15,2.35,15,1,16,1.3,0.6,7,40,93,150,6,1.25,3.2,1.85,3.4000000000000004,23,4.6,15.4,6.2,5.800000000000001,3.1,True,True,,,,,,,,,COMPLETE
896,-1000000000.0,2026-04-01 02:22:27.888650,2026-04-01 02:22:30.398691,0 days 00:00:02.510041,13,2.5,22,4,13,1.05,0.5,8,35,98,90,5,2.05,3.0,1.8,2.6,13,5.3,14.0,6.800000000000001,5.2,2.2,False,True,,,,,,,,,COMPLETE
897,-1000000000.0,2026-04-01 02:22:30.430354,2026-04-01 02:22:30.473157,0 days 00:00:00.042803,16,2.05,14,3,14,1.55,0.7,9,37,75,180,4,1.15,2.4,1.7000000000000002,1.8,11,4.1,8.2,5.4,5.0,2.7,True,False,,,,,,,,,COMPLETE
898,-1000000000.0,2026-04-01 02:22:30.506960,2026-04-01 02:22:33.017366,0 days 00:00:02.510406,10,1.8499999999999999,16,1,19,1.25,0.6,8,41,89,150,2,1.35,3.7,1.65,2.3,10,5.4,10.2,3.7,4.6,3.3,False,True,,,,,,,,,COMPLETE
899,-1000000000.0,2026-04-01 02:22:33.058378,2026-04-01 02:22:33.098136,0 days 00:00:00.039758,18,1.7,20,2,20,1.0,0.55,6,43,81,30,1,1.85,2.7,1.15,3.2,21,3.9,9.0,6.1,3.4,3.0,True,True,,,,,,,,,COMPLETE
900,-1000000000.0,2026-04-01 02:22:33.129987,2026-04-01 02:22:33.171198,0 days 00:00:00.041211,11,2.5,14,0,11,1.5,0.75,10,38,84,120,5,1.7000000000000002,3.5,1.6,2.4,8,5.800000000000001,11.8,5.1,6.2,3.5,False,True,,,,,,,,,COMPLETE
901,-1000000000.0,2026-04-01 02:22:33.203968,2026-04-01 02:22:35.763761,0 days 00:00:02.559793,16,1.5,21,2,14,1.6,0.55,7,36,71,90,3,2.1500000000000004,2.9,1.05,2.0,27,5.2,12.4,5.7,4.5,1.6,True,False,,,,,,,,,COMPLETE
902,-1000000000.0,2026-04-01 02:22:35.792264,2026-04-01 02:22:35.833007,0 days 00:00:00.040743,20,1.7999999999999998,19,1,15,1.05,0.9,9,43,100,60,6,1.05,2.3,1.75,1.5,7,5.9,9.4,6.4,3.9,2.1,False,True,,,,,,,,,COMPLETE
903,-1000000000.0,2026-04-01 02:22:35.866677,2026-04-01 02:22:35.905372,0 days 00:00:00.038695,17,2.45,15,5,17,1.15,0.65,8,44,80,180,0,2.0,4.7,1.9,1.9,29,3.5,11.0,3.3,4.0,3.7,True,True,,,,,,,,,COMPLETE
904,-1000000000.0,2026-04-01 02:22:35.941600,2026-04-01 02:22:35.982377,0 days 00:00:00.040777,15,2.4,16,3,12,1.65,0.5,9,40,77,150,4,1.2,2.5,1.25,1.6,0,5.7,16.6,3.9,3.1,3.2,False,True,,,,,,,,,COMPLETE
905,-1000000000.0,2026-04-01 02:22:36.013831,2026-04-01 02:22:38.498918,0 days 00:00:02.485087,12,2.0,17,0,20,1.9,0.8,7,39,91,150,5,1.0,2.2,1.45,1.7,17,5.6,9.8,3.8,4.2,3.4000000000000004,True,False,,,,,,,,,COMPLETE
906,-1000000000.0,2026-04-01 02:22:38.532265,2026-04-01 02:22:38.572423,0 days 00:00:00.040158,18,1.4,24,4,12,1.45,0.55,8,37,99,180,2,1.9500000000000002,2.1,1.5,2.5,20,4.9,11.6,4.5,4.7,4.0,False,True,,,,,,,,,COMPLETE
907,-1000000000.0,2026-04-01 02:22:38.605950,2026-04-01 02:22:38.643924,0 days 00:00:00.037974,14,2.15,14,2,10,1.1,0.7,6,35,95,120,6,1.8,2.6,1.0,2.1,14,5.0,15.8,7.0,3.8,3.6,True,True,,,,,,,,,COMPLETE
908,-1000000000.0,2026-04-01 02:22:38.675445,2026-04-01 02:22:38.714169,0 days 00:00:00.038724,20,1.95,22,1,13,1.7000000000000002,0.95,10,41,97,150,5,1.9,2.4,1.8,2.2,25,3.7,12.2,3.5,5.4,3.8000000000000003,False,False,,,,,,,,,COMPLETE
909,-1000000000.0,2026-04-01 02:22:38.751341,2026-04-01 02:22:38.790258,0 days 00:00:00.038917,13,1.75,18,4,16,1.0,0.6,9,43,87,90,0,1.3,4.0,1.9500000000000002,1.9,1,5.1,11.2,4.2,6.4,2.2,True,True,,,,,,,,,COMPLETE
910,-1000000000.0,2026-04-01 02:22:38.822679,2026-04-01 02:22:38.861450,0 days 00:00:00.038771,19,2.1,15,1,18,1.1,0.65,5,44,90,60,3,1.2,3.0,1.4,1.8,22,4.5,14.2,6.4,4.4,1.5,False,True,,,,,,,,,COMPLETE
911,-1000000000.0,2026-04-01 02:22:38.895225,2026-04-01 02:22:38.944819,0 days 00:00:00.049594,16,2.35,20,0,11,1.35,0.8500000000000001,8,39,88,180,5,2.1,2.2,1.65,2.7,11,5.3,10.0,6.0,3.0,2.3,True,True,,,,,,,,,COMPLETE
912,-1000000000.0,2026-04-01 02:22:38.977880,2026-04-01 02:22:39.020716,0 days 00:00:00.042836,17,2.4,14,2,14,1.55,0.5,8,38,72,30,3,1.5,2.3,1.7000000000000002,2.8,15,4.7,11.4,4.7,6.300000000000001,2.0,False,False,,,,,,,,,COMPLETE
913,-1000000000.0,2026-04-01 02:22:39.055630,2026-04-01 02:22:39.096224,0 days 00:00:00.040594,11,2.2,21,5,15,1.85,0.6,7,42,82,150,6,1.4,2.8,1.85,2.9000000000000004,30,5.2,13.8,3.6,6.800000000000001,1.8,True,True,,,,,,,,,COMPLETE
914,-1000000000.0,2026-04-01 02:22:39.129668,2026-04-01 02:22:39.168231,0 days 00:00:00.038563,15,2.25,14,3,14,1.4,0.55,9,40,83,150,4,1.35,3.4000000000000004,2.0,1.6,26,6.0,10.6,6.2,5.9,1.7,False,True,,,,,,,,,COMPLETE
915,-1000000000.0,2026-04-01 02:22:39.203227,2026-04-01 02:22:39.243842,0 days 00:00:00.040615,18,1.9,16,1,10,1.15,1.0,9,43,70,120,6,1.15,4.5,1.2,1.5,16,5.9,12.0,5.6,4.9,3.3,True,True,,,,,,,,,COMPLETE
916,-1000000000.0,2026-04-01 02:22:39.276847,2026-04-01 02:22:41.708026,0 days 00:00:02.431179,14,1.5999999999999999,23,2,19,1.2,0.7,8,41,92,180,2,1.65,2.0,1.55,1.7,5,5.5,9.6,4.4,3.7,1.9,False,False,,,,,,,,,COMPLETE
917,-1000000000.0,2026-04-01 02:22:41.734856,2026-04-01 02:22:41.775189,0 days 00:00:00.040333,16,2.0,15,3,12,1.05,0.5,10,36,85,30,1,1.25,2.9,1.8,2.1,3,5.6,12.8,5.300000000000001,3.5,2.9000000000000004,True,True,,,,,,,,,COMPLETE
918,-1000000000.0,2026-04-01 02:22:41.820527,2026-04-01 02:22:44.325252,0 days 00:00:02.504725,13,2.3,17,4,16,1.65,0.55,8,37,94,90,5,1.1,3.3,1.75,2.0,13,4.2,14.600000000000001,6.6,5.6,3.1,False,True,,,,,,,,,COMPLETE
919,-1000000000.0,2026-04-01 02:22:44.352280,2026-04-01 02:22:44.394455,0 days 00:00:00.042175,20,2.05,19,1,13,1.6,0.6,7,44,75,120,0,1.0,4.2,1.1,1.6,9,3.9,10.4,6.300000000000001,3.6,3.7,True,True,,,,,,,,,COMPLETE
920,-1000000000.0,2026-04-01 02:22:44.424628,2026-04-01 02:22:46.944994,0 days 00:00:02.520366,19,1.95,25,0,18,1.5,0.75,6,35,73,150,2,2.0,2.3,1.6,2.3,19,5.4,12.2,6.9,7.0,2.6,False,False,,,,,,,,,COMPLETE
921,-1000000000.0,2026-04-01 02:22:46.978047,2026-04-01 02:22:49.497483,0 days 00:00:02.519436,17,2.5,14,2,20,1.0,0.65,8,42,89,180,4,1.3,2.6,1.3,2.2,18,5.7,13.4,4.8,5.7,2.8,True,True,,,,,,,,,COMPLETE
922,-1000000000.0,2026-04-01 02:22:49.531244,2026-04-01 02:22:49.572811,0 days 00:00:00.041567,14,1.7,17,1,17,1.05,0.55,9,40,82,150,3,2.2,4.1,1.25,1.5,24,4.3,8.4,3.7,6.7,3.0,True,True,,,,,,,,,COMPLETE
923,-1000000000.0,2026-04-01 02:22:49.606275,2026-04-01 02:22:49.644978,0 days 00:00:00.038703,18,1.65,16,0,13,1.75,0.5,10,37,100,30,5,1.9,2.5,1.0,2.4,8,4.0,12.600000000000001,3.4,6.0,3.9000000000000004,False,False,,,,,,,,,COMPLETE
924,-1000000000.0,2026-04-01 02:22:49.679157,2026-04-01 02:22:49.720728,0 days 00:00:00.041571,12,2.45,15,4,12,1.3,0.6,9,41,78,60,6,1.9500000000000002,2.4,1.75,2.0,28,5.0,13.0,3.0,5.800000000000001,2.1,True,True,,,,,,,,,COMPLETE
925,-1000000000.0,2026-04-01 02:22:49.758976,2026-04-01 02:22:49.798066,0 days 00:00:00.039090,16,2.2,18,5,15,1.2,0.7,7,43,98,120,0,1.55,2.5,1.65,1.9,21,3.6,12.0,5.800000000000001,3.9,2.5,False,True,,,,,,,,,COMPLETE
926,-1000000000.0,2026-04-01 02:22:49.830730,2026-04-01 02:22:49.869638,0 days 00:00:00.038908,15,2.35,14,1,14,1.25,0.55,5,38,86,150,5,1.45,4.4,1.85,2.8,4,5.1,15.600000000000001,4.3,6.2,2.2,True,True,,,,,,,,,COMPLETE
927,-1000000000.0,2026-04-01 02:22:49.905157,2026-04-01 02:22:49.959715,0 days 00:00:00.054558,20,1.7999999999999998,14,2,11,1.45,0.8,8,44,99,90,1,1.7000000000000002,3.3,1.9,2.6,6,5.3,15.0,6.800000000000001,3.3,3.2,False,False,,,,,,,,,COMPLETE
928,-1000000000.0,2026-04-01 02:22:49.992884,2026-04-01 02:22:52.616331,0 days 00:00:02.623447,15,1.45,21,3,20,1.8,0.9,7,40,91,180,4,1.8,3.1,1.7000000000000002,1.8,20,3.8,11.8,6.5,4.7,1.6,True,True,,,,,,,,,COMPLETE
929,-1000000000.0,2026-04-01 02:22:52.651497,2026-04-01 02:22:52.695024,0 days 00:00:00.043527,14,1.5499999999999998,24,1,12,1.15,0.6,9,36,79,150,3,1.85,2.7,1.6,1.6,15,4.8,9.2,3.3,3.2,3.1,False,True,,,,,,,,,COMPLETE
930,-1000000000.0,2026-04-01 02:22:52.731083,2026-04-01 02:22:52.771880,0 days 00:00:00.040797,16,2.15,16,4,10,1.2,0.65,6,39,71,180,5,1.25,4.300000000000001,2.0,3.1,10,5.5,12.4,4.9,5.1,2.0,True,True,,,,,,,,,COMPLETE
931,-1000000000.0,2026-04-01 02:22:52.803550,2026-04-01 02:22:52.844659,0 days 00:00:00.041109,19,2.4,20,0,19,1.35,1.0,10,42,70,120,6,1.35,2.0,1.55,2.5,2,5.6,10.2,5.4,3.0,1.7,False,False,,,,,,,,,COMPLETE
932,-1000000000.0,2026-04-01 02:22:52.876980,2026-04-01 02:22:52.931036,0 days 00:00:00.054056,10,2.45,22,2,20,1.1,0.7,8,44,88,150,2,1.05,4.6,1.5,1.5,0,5.800000000000001,8.2,4.6,4.1,2.7,True,True,,,,,,,,,COMPLETE
933,-1000000000.0,2026-04-01 02:22:52.993136,2026-04-01 02:22:53.053919,0 days 00:00:00.060783,18,2.2,15,1,15,1.5,0.5,9,41,90,30,3,1.9500000000000002,2.2,1.05,2.1,23,5.2,10.8,5.2,6.5,3.8000000000000003,False,True,,,,,,,,,COMPLETE
934,-1000000000.0,2026-04-01 02:22:53.089091,2026-04-01 02:22:55.510894,0 days 00:00:02.421803,20,1.8499999999999999,14,3,16,1.65,0.8500000000000001,7,35,81,90,0,1.2,2.1,1.7000000000000002,1.7,25,5.4,16.8,4.0,5.2,3.6,True,True,,,,,,,,,COMPLETE
935,-1000000000.0,2026-04-01 02:22:55.546782,2026-04-01 02:22:58.065979,0 days 00:00:02.519197,17,1.75,17,4,17,1.4,0.55,8,37,80,150,5,1.0,2.3,1.2,2.3,17,4.6,9.8,3.1,4.3,2.4,False,False,,,,,,,,,COMPLETE
936,-1000000000.0,2026-04-01 02:22:58.092750,2026-04-01 02:22:58.132604,0 days 00:00:00.039854,12,2.5,14,5,11,1.0,0.55,9,43,89,180,3,1.75,2.9,1.35,2.1,12,4.1,11.6,3.2,4.8,3.2,True,True,,,,,,,,,COMPLETE
937,-1000000000.0,2026-04-01 02:22:58.166525,2026-04-01 02:22:58.206106,0 days 00:00:00.039581,14,1.9,23,2,14,1.55,0.6,8,39,78,120,1,1.4,2.5,1.9500000000000002,3.2,8,5.0,8.0,4.5,4.5,2.2,False,True,,,,,,,,,COMPLETE
938,-1000000000.0,2026-04-01 02:22:58.239558,2026-04-01 02:22:58.279374,0 days 00:00:00.039816,11,2.3,19,0,14,1.1,0.75,10,41,71,180,6,1.3,2.4,1.15,2.9000000000000004,18,5.3,11.0,3.5,5.9,2.1,True,False,,,,,,,,,COMPLETE
939,-1000000000.0,2026-04-01 02:22:58.319977,2026-04-01 02:23:00.939094,0 days 00:00:02.619117,13,2.25,16,2,18,1.9500000000000002,0.7,9,40,87,150,4,1.1,2.8,1.8,2.2,1,3.5,10.0,5.5,5.0,3.0,False,True,,,,,,,,,COMPLETE
940,-1000000000.0,2026-04-01 02:23:00.971693,2026-04-01 02:23:01.014253,0 days 00:00:00.042560,16,2.1,14,1,12,1.15,0.5,8,43,76,30,0,1.2,5.0,1.65,3.3,9,4.9,10.6,3.9,5.5,2.3,True,True,,,,,,,,,COMPLETE
941,-1000000000.0,2026-04-01 02:23:01.047406,2026-04-01 02:23:01.088356,0 days 00:00:00.040950,19,1.5999999999999999,15,1,13,1.6,0.95,7,40,84,60,2,1.5,2.1,1.45,3.4000000000000004,16,4.7,11.8,6.1,3.7,1.8,False,True,,,,,,,,,COMPLETE
942,-1000000000.0,2026-04-01 02:23:01.129461,2026-04-01 02:23:01.175066,0 days 00:00:00.045605,15,2.35,24,3,10,2.0,0.55,6,42,98,120,6,2.1,3.0,1.55,1.8,20,6.0,9.6,6.0,3.8,3.1,True,False,,,,,,,,,COMPLETE
943,-1000000000.0,2026-04-01 02:23:01.210820,2026-04-01 02:23:03.702944,0 days 00:00:02.492124,20,2.0,17,0,13,1.25,0.65,9,35,100,150,5,2.0,2.2,1.85,3.0,21,5.4,8.8,5.9,4.0,2.6,False,True,,,,,,,,,COMPLETE
944,-1000000000.0,2026-04-01 02:23:03.736247,2026-04-01 02:23:03.776058,0 days 00:00:00.039811,14,1.7,18,2,19,1.05,0.5,8,44,93,90,5,1.9,4.9,1.6,2.0,22,5.6,12.0,5.0,4.6,3.5,True,True,,,,,,,,,COMPLETE
945,-1000000000.0,2026-04-01 02:23:03.819490,2026-04-01 02:23:06.445468,0 days 00:00:02.625978,13,1.5,25,0,20,1.4,0.6,7,36,74,180,4,1.6,4.300000000000001,1.75,1.5,13,4.4,12.8,3.7,6.1,3.3,False,True,,,,,,,,,COMPLETE
946,-1000000000.0,2026-04-01 02:23:06.479106,2026-04-01 02:23:06.521099,0 days 00:00:00.041993,18,2.05,15,4,15,1.5,0.7,5,38,96,150,3,1.15,3.5,1.5,1.9,7,3.9,14.4,4.2,6.9,3.7,True,False,,,,,,,,,COMPLETE
947,-1000000000.0,2026-04-01 02:23:06.553884,2026-04-01 02:23:06.605250,0 days 00:00:00.051366,17,1.7999999999999998,20,1,17,1.7000000000000002,0.55,9,44,73,120,2,2.05,2.5,1.8,2.6,26,5.1,12.2,4.4,6.300000000000001,1.9,False,True,,,,,,,,,COMPLETE
948,-1000000000.0,2026-04-01 02:23:06.640180,2026-04-01 02:23:06.693787,0 days 00:00:00.053607,16,2.2,21,1,14,1.0,0.55,10,43,92,90,6,1.55,2.4,1.1,1.6,19,5.7,13.2,7.0,3.1,2.7,True,True,,,,,,,,,COMPLETE
949,-1000000000.0,2026-04-01 02:23:06.735039,2026-04-01 02:23:06.775576,0 days 00:00:00.040537,20,2.4,14,4,12,1.45,0.6,6,37,97,30,0,1.9500000000000002,2.6,1.4,1.7,10,4.2,15.2,5.7,4.4,2.9000000000000004,False,True,,,,,,,,,COMPLETE
950,-1000000000.0,2026-04-01 02:23:06.809595,2026-04-01 02:23:09.269734,0 days 00:00:02.460139,15,2.3,17,3,16,1.3,0.8500000000000001,8,36,90,150,5,1.65,2.7,1.05,2.2,24,5.2,11.4,6.300000000000001,5.300000000000001,3.2,True,False,,,,,,,,,COMPLETE
951,-1000000000.0,2026-04-01 02:23:09.301611,2026-04-01 02:23:09.354673,0 days 00:00:00.053062,14,2.15,14,5,11,1.2,0.65,9,43,88,180,3,1.35,3.2,1.9500000000000002,2.4,3,5.5,13.600000000000001,6.7,5.7,2.1,True,True,,,,,,,,,COMPLETE
952,-1000000000.0,2026-04-01 02:23:09.388607,2026-04-01 02:23:11.917944,0 days 00:00:02.529337,18,1.95,16,2,20,1.1,0.9,8,41,70,150,4,2.1500000000000004,3.9000000000000004,1.9,1.5,30,3.7,16.0,6.9,5.800000000000001,1.5,False,True,,,,,,,,,COMPLETE
953,-1000000000.0,2026-04-01 02:23:11.951199,2026-04-01 02:23:14.548313,0 days 00:00:02.597114,16,2.1,22,0,18,1.85,0.7,6,40,83,60,5,1.0,4.2,1.25,2.1,14,5.9,13.0,4.7,6.0,3.9000000000000004,True,False,,,,,,,,,COMPLETE
954,-1000000000.0,2026-04-01 02:23:14.575828,2026-04-01 02:23:14.616241,0 days 00:00:00.040413,19,1.65,14,2,14,1.15,0.8,10,42,85,150,1,1.45,3.8,1.3,1.8,11,4.9,12.600000000000001,6.6,6.6,2.2,False,True,,,,,,,,,COMPLETE
955,-1000000000.0,2026-04-01 02:23:14.649752,2026-04-01 02:23:14.690709,0 days 00:00:00.040957,10,1.4,23,1,15,1.55,1.0,8,44,86,120,6,1.3,2.3,1.7000000000000002,2.0,27,5.3,16.200000000000003,6.2,3.9,3.4000000000000004,True,True,,,,,,,,,COMPLETE
956,-1000000000.0,2026-04-01 02:23:14.726565,2026-04-01 02:23:14.767877,0 days 00:00:00.041312,14,1.75,20,1,13,1.65,0.5,7,39,94,180,2,1.8,2.8,1.0,1.6,29,5.1,10.2,4.1,6.1,3.6,False,True,,,,,,,,,COMPLETE
957,-1000000000.0,2026-04-01 02:23:14.801460,2026-04-01 02:23:14.843049,0 days 00:00:00.041589,18,2.45,21,3,12,1.35,0.75,9,35,72,30,5,1.75,2.4,1.65,2.5,17,4.3,12.4,3.0,4.9,2.0,True,False,,,,,,,,,COMPLETE
958,-1000000000.0,2026-04-01 02:23:14.875131,2026-04-01 02:23:14.928409,0 days 00:00:00.053278,17,2.5,15,0,10,1.6,0.6,7,41,89,90,0,1.05,2.9,1.85,1.9,21,4.8,11.2,3.4,5.0,2.8,False,True,,,,,,,,,COMPLETE
959,-1000000000.0,2026-04-01 02:23:14.962047,2026-04-01 02:23:17.575917,0 days 00:00:02.613870,11,1.7,16,4,19,1.15,0.5,8,37,79,120,4,2.05,4.1,1.6,1.5,6,4.0,9.8,3.6,5.5,4.0,True,True,,,,,,,,,COMPLETE
960,-1000000000.0,2026-04-01 02:23:17.608780,2026-04-01 02:23:17.650146,0 days 00:00:00.041366,16,2.25,18,2,17,1.05,0.55,9,43,81,150,3,2.1,2.3,1.45,2.3,9,5.0,9.4,3.5,3.0,3.8000000000000003,False,True,,,,,,,,,COMPLETE
961,-1000000000.0,2026-04-01 02:23:17.682112,2026-04-01 02:23:17.735966,0 days 00:00:00.053854,20,2.05,17,1,16,1.25,0.55,6,40,82,180,6,1.9500000000000002,2.5,1.55,2.1,15,4.5,11.8,4.3,4.6,1.6,True,False,,,,,,,,,COMPLETE
962,-1000000000.0,2026-04-01 02:23:17.772009,2026-04-01 02:23:17.815993,0 days 00:00:00.043984,13,1.5999999999999999,14,5,14,1.45,0.6,8,38,76,180,3,1.25,2.0,1.5,1.7,22,6.0,13.8,5.300000000000001,4.8,3.0,False,True,,,,,,,,,COMPLETE
963,-1000000000.0,2026-04-01 02:23:17.853312,2026-04-01 02:23:17.892655,0 days 00:00:00.039343,19,2.35,15,2,12,1.0,0.7,9,39,87,150,0,1.4,2.6,2.0,2.0,16,5.6,10.4,6.4,3.8,2.3,True,True,,,,,,,,,COMPLETE
964,-1000000000.0,2026-04-01 02:23:17.921358,2026-04-01 02:23:17.961434,0 days 00:00:00.040076,15,2.5,20,3,15,1.3,0.95,10,43,99,30,2,1.9,2.2,1.2,2.2,20,5.5,14.2,3.8,6.4,3.2,False,False,,,,,,,,,COMPLETE
965,-1000000000.0,2026-04-01 02:23:17.994086,2026-04-01 02:23:18.036441,0 days 00:00:00.042355,17,1.9,14,0,20,1.7000000000000002,0.65,9,44,74,150,5,2.2,2.4,1.75,3.1,28,5.2,11.6,4.5,3.1,3.3,True,True,,,,,,,,,COMPLETE
966,-1000000000.0,2026-04-01 02:23:18.068510,2026-04-01 02:23:20.594175,0 days 00:00:02.525665,12,2.0,24,1,17,1.65,0.8,5,35,90,120,1,1.85,2.1,1.65,1.9,12,5.4,8.6,6.800000000000001,3.2,3.7,False,True,,,,,,,,,COMPLETE
967,-1000000000.0,2026-04-01 02:23:20.628594,2026-04-01 02:23:20.670636,0 days 00:00:00.042042,15,1.7999999999999998,22,4,11,1.5,0.5,7,40,91,90,6,2.0,3.7,1.9,1.8,18,5.7,15.4,5.6,3.6,2.2,True,True,,,,,,,,,COMPLETE
968,-1000000000.0,2026-04-01 02:23:20.703561,2026-04-01 02:23:23.255439,0 days 00:00:02.551878,20,1.75,16,2,18,1.9,0.75,8,37,80,60,5,1.25,4.0,1.8,3.0,5,3.6,12.0,4.9,4.5,2.4,False,False,,,,,,,,,COMPLETE
969,-1000000000.0,2026-04-01 02:23:23.299607,2026-04-01 02:23:23.344592,0 days 00:00:00.044985,14,2.45,19,1,15,1.05,0.55,8,42,71,150,3,1.15,4.7,1.3,1.6,14,3.8,8.4,7.0,6.2,2.5,True,True,,,,,,,,,COMPLETE
970,-1000000000.0,2026-04-01 02:23:23.401992,2026-04-01 02:23:23.471557,0 days 00:00:00.069565,16,2.3,23,5,12,1.75,0.55,9,36,95,180,5,1.35,3.1,1.7000000000000002,1.5,0,5.800000000000001,12.2,3.6,4.7,2.0,False,True,,,,,,,,,COMPLETE
971,-1000000000.0,2026-04-01 02:23:23.506918,2026-04-01 02:23:23.548409,0 days 00:00:00.041491,14,2.4,14,3,13,1.1,0.7,7,41,99,90,6,1.0,3.6,1.55,1.6,19,5.3,9.6,6.4,5.9,1.8,True,True,,,,,,,,,COMPLETE
972,-1000000000.0,2026-04-01 02:23:23.584792,2026-04-01 02:23:23.624186,0 days 00:00:00.039394,18,2.2,25,4,14,1.55,0.6,6,44,70,150,0,1.3,2.3,1.8,2.5,23,5.1,14.8,4.8,3.0,3.1,False,False,,,,,,,,,COMPLETE
973,-1000000000.0,2026-04-01 02:23:23.656768,2026-04-01 02:23:23.698603,0 days 00:00:00.041835,12,2.15,15,0,10,1.2,0.8500000000000001,10,41,88,120,2,1.7000000000000002,3.4000000000000004,1.75,2.7,2,5.0,13.2,4.4,5.6,2.1,True,True,,,,,,,,,COMPLETE
