number,value,state,datetime_start,datetime_complete,duration_seconds,params_json,fold_sharpes_json,avg_cv_sharpe
1037,-1000000000.0,TrialState.COMPLETE,2026-04-01T02:24:08.163584,2026-04-01T02:24:08.222092,0.058508,"{""atr_window"": 16, ""bb_std_dev"": 1.9, ""bb_window"": 17, ""cooldown"": 2, ""macd_fast"": 13, ""macd_k"": 1.2, ""macd_k_mid"": 0.6, ""macd_signal"": 9, ""macd_slow"": 44, ""macd_std_window"": 81, ""rebalance_freq"": 60, ""rebounce_block"": 0, ""sl_mult_lm"": 1.0, ""sl_mult_lr"": 2.5, ""sl_mult_sm"": 1.9, ""sl_mult_sr"": 1.9, ""time_stop"": 22, ""tp_mult_lm"": 5.4, ""tp_mult_lr"": 9.6, ""tp_mult_sm"": 6.2, ""tp_mult_sr"": 4.3, ""trail_mult"": 3.9000000000000004, ""trail_tp"": false, ""use_trailing"": true}",{},
1038,-1000000000.0,TrialState.COMPLETE,2026-04-01T02:24:08.256351,2026-04-01T02:24:10.880033,2.623682,"{""atr_window"": 11, ""bb_std_dev"": 1.7, ""bb_window"": 14, ""cooldown"": 5, ""macd_fast"": 20, ""macd_k"": 1.0, ""macd_k_mid"": 0.8500000000000001, ""macd_signal"": 8, ""macd_slow"": 39, ""macd_std_window"": 84, ""rebalance_freq"": 30, ""rebounce_block"": 6, ""sl_mult_lm"": 1.7000000000000002, ""sl_mult_lr"": 2.3, ""sl_mult_sm"": 1.1, ""sl_mult_sr"": 1.8, ""time_stop"": 10, ""tp_mult_lm"": 5.3, ""tp_mult_lr"": 12.0, ""tp_mult_sm"": 5.7, ""tp_mult_sr"": 6.5, ""trail_mult"": 3.3, ""trail_tp"": true, ""use_trailing"": true}",{},
1039,-1000000000.0,TrialState.COMPLETE,2026-04-01T02:24:10.907710,2026-04-01T02:24:10.950261,0.042551,"{""atr_window"": 20, ""bb_std_dev"": 2.5, ""bb_window"": 15, ""cooldown"": 1, ""macd_fast"": 15, ""macd_k"": 1.25, ""macd_k_mid"": 0.55, ""macd_signal"": 6, ""macd_slow"": 38, ""macd_std_window"": 96, ""rebalance_freq"": 180, ""rebounce_block"": 5, ""sl_mult_lm"": 2.2, ""sl_mult_lr"": 2.4, ""sl_mult_sm"": 1.55, ""sl_mult_sr"": 1.6, ""time_stop"": 19, ""tp_mult_lm"": 4.8, ""tp_mult_lr"": 12.2, ""tp_mult_sm"": 3.3, ""tp_mult_sr"": 6.2, ""trail_mult"": 1.6, ""trail_tp"": false, ""use_trailing"": false}",{},
1040,-1000000000.0,TrialState.COMPLETE,2026-04-01T02:24:10.981267,2026-04-01T02:24:13.517541,2.536274,"{""atr_window"": 15, ""bb_std_dev"": 1.95, ""bb_window"": 22, ""cooldown"": 2, ""macd_fast"": 14, ""macd_k"": 1.15, ""macd_k_mid"": 1.0, ""macd_signal"": 9, ""macd_slow"": 35, ""macd_std_window"": 99, ""rebalance_freq"": 150, ""rebounce_block"": 3, ""sl_mult_lm"": 1.4, ""sl_mult_lr"": 2.6, ""sl_mult_sm"": 1.8, ""sl_mult_sr"": 2.9000000000000004, ""time_stop"": 21, ""tp_mult_lm"": 5.5, ""tp_mult_lr"": 9.2, ""tp_mult_sm"": 4.4, ""tp_mult_sr"": 3.7, ""trail_mult"": 3.1, ""trail_tp"": true, ""use_trailing"": true}",{},
1041,-1000000000.0,TrialState.COMPLETE,2026-04-01T02:24:13.548240,2026-04-01T02:24:13.592755,0.044515,"{""atr_window"": 14, ""bb_std_dev"": 2.0, ""bb_window"": 21, ""cooldown"": 1, ""macd_fast"": 10, ""macd_k"": 1.55, ""macd_k_mid"": 0.65, ""macd_signal"": 10, ""macd_slow"": 40, ""macd_std_window"": 72, ""rebalance_freq"": 150, ""rebounce_block"": 1, ""sl_mult_lm"": 1.15, ""sl_mult_lr"": 2.7, ""sl_mult_sm"": 1.15, ""sl_mult_sr"": 3.1, ""time_stop"": 8, ""tp_mult_lm"": 5.3, ""tp_mult_lr"": 11.8, ""tp_mult_sm"": 4.6, ""tp_mult_sr"": 4.5, ""trail_mult"": 2.1, ""trail_tp"": false, ""use_trailing"": true}",{},
1042,-1000000000.0,TrialState.COMPLETE,2026-04-01T02:24:13.632480,2026-04-01T02:24:13.688494,0.056014,"{""atr_window"": 16, ""bb_std_dev"": 1.45, ""bb_window"": 17, ""cooldown"": 4, ""macd_fast"": 16, ""macd_k"": 1.1, ""macd_k_mid"": 0.5, ""macd_signal"": 7, ""macd_slow"": 41, ""macd_std_window"": 71, ""rebalance_freq"": 180, ""rebounce_block"": 3, ""sl_mult_lm"": 1.2, ""sl_mult_lr"": 2.8, ""sl_mult_sm"": 1.25, ""sl_mult_sr"": 1.5, ""time_stop"": 16, ""tp_mult_lm"": 5.7, ""tp_mult_lr"": 17.0, ""tp_mult_sm"": 6.0, ""tp_mult_sr"": 5.800000000000001, ""trail_mult"": 1.7, ""trail_tp"": true, ""use_trailing"": true}",{},
1043,-1000000000.0,TrialState.COMPLETE,2026-04-01T02:24:13.723466,2026-04-01T02:24:13.767042,0.043576,"{""atr_window"": 18, ""bb_std_dev"": 2.2, ""bb_window"": 16, ""cooldown"": 3, ""macd_fast"": 12, ""macd_k"": 1.7000000000000002, ""macd_k_mid"": 0.75, ""macd_signal"": 9, ""macd_slow"": 43, ""macd_std_window"": 80, ""rebalance_freq"": 90, ""rebounce_block"": 4, ""sl_mult_lm"": 1.55, ""sl_mult_lr"": 2.2, ""sl_mult_sm"": 1.5, ""sl_mult_sr"": 2.7, ""time_stop"": 9, ""tp_mult_lm"": 5.0, ""tp_mult_lr"": 14.600000000000001, ""tp_mult_sm"": 3.0, ""tp_mult_sr"": 4.0, ""trail_mult"": 3.2, ""trail_tp"": false, ""use_trailing"": false}",{},
1044,-1000000000.0,TrialState.COMPLETE,2026-04-01T02:24:13.801919,2026-04-01T02:24:13.845458,0.043539,"{""atr_window"": 19, ""bb_std_dev"": 1.7999999999999998, ""bb_window"": 15, ""cooldown"": 0, ""macd_fast"": 14, ""macd_k"": 1.35, ""macd_k_mid"": 0.55, ""macd_signal"": 8, ""macd_slow"": 42, ""macd_std_window"": 95, ""rebalance_freq"": 120, ""rebounce_block"": 5, ""sl_mult_lm"": 1.9500000000000002, ""sl_mult_lr"": 2.9, ""sl_mult_sm"": 1.75, ""sl_mult_sr"": 2.1, ""time_stop"": 23, ""tp_mult_lm"": 4.7, ""tp_mult_lr"": 12.8, ""tp_mult_sm"": 4.9, ""tp_mult_sr"": 5.7, ""trail_mult"": 2.2, ""trail_tp"": true, ""use_trailing"": true}",{},
1045,-1000000000.0,TrialState.COMPLETE,2026-04-01T02:24:13.878574,2026-04-01T02:24:13.922422,0.043848,"{""atr_window"": 12, ""bb_std_dev"": 2.1, ""bb_window"": 23, ""cooldown"": 1, ""macd_fast"": 13, ""macd_k"": 1.05, ""macd_k_mid"": 0.8, ""macd_signal"": 5, ""macd_slow"": 44, ""macd_std_window"": 88, ""rebalance_freq"": 30, ""rebounce_block"": 6, ""sl_mult_lm"": 1.1, ""sl_mult_lr"": 3.4000000000000004, ""sl_mult_sm"": 1.65, ""sl_mult_sr"": 2.6, ""time_stop"": 11, ""tp_mult_lm"": 3.7, ""tp_mult_lr"": 8.4, ""tp_mult_sm"": 5.5, ""tp_mult_sr"": 6.1, ""trail_mult"": 3.5, ""trail_tp"": false, ""use_trailing"": true}",{},
1046,-1000000000.0,TrialState.COMPLETE,2026-04-01T02:24:13.955595,2026-04-01T02:24:14.009319,0.053724,"{""atr_window"": 13, ""bb_std_dev"": 2.35, ""bb_window"": 18, ""cooldown"": 2, ""macd_fast"": 12, ""macd_k"": 1.4, ""macd_k_mid"": 0.6, ""macd_signal"": 8, ""macd_slow"": 36, ""macd_std_window"": 74, ""rebalance_freq"": 180, ""rebounce_block"": 0, ""sl_mult_lm"": 1.3, ""sl_mult_lr"": 4.9, ""sl_mult_sm"": 1.6, ""sl_mult_sr"": 1.8, ""time_stop"": 18, ""tp_mult_lm"": 4.1, ""tp_mult_lr"": 9.8, ""tp_mult_sm"": 3.5, ""tp_mult_sr"": 5.1, ""trail_mult"": 3.6, ""trail_tp"": true, ""use_trailing"": true}",{},
1047,-1000000000.0,TrialState.COMPLETE,2026-04-01T02:24:14.045824,2026-04-01T02:24:16.542919,2.497095,"{""atr_window"": 17, ""bb_std_dev"": 1.8499999999999999, ""bb_window"": 14, ""cooldown"": 3, ""macd_fast"": 19, ""macd_k"": 1.65, ""macd_k_mid"": 0.55, ""macd_signal"": 6, ""macd_slow"": 37, ""macd_std_window"": 82, ""rebalance_freq"": 60, ""rebounce_block"": 4, ""sl_mult_lm"": 1.35, ""sl_mult_lr"": 2.1, ""sl_mult_sm"": 1.45, ""sl_mult_sr"": 1.9, ""time_stop"": 17, ""tp_mult_lm"": 5.6, ""tp_mult_lr"": 13.4, ""tp_mult_sm"": 5.1, ""tp_mult_sr"": 4.4, ""trail_mult"": 3.0, ""trail_tp"": false, ""use_trailing"": false}",{},
1048,-1000000000.0,TrialState.COMPLETE,2026-04-01T02:24:16.573174,2026-04-01T02:24:19.085632,2.512458,"{""atr_window"": 20, ""bb_std_dev"": 2.05, ""bb_window"": 14, ""cooldown"": 4, ""macd_fast"": 20, ""macd_k"": 1.9, ""macd_k_mid"": 0.7, ""macd_signal"": 9, ""macd_slow"": 40, ""macd_std_window"": 91, ""rebalance_freq"": 150, ""rebounce_block"": 2, ""sl_mult_lm"": 1.65, ""sl_mult_lr"": 3.0, ""sl_mult_sm"": 1.35, ""sl_mult_sr"": 2.0, ""time_stop"": 5, ""tp_mult_lm"": 4.0, ""tp_mult_lr"": 8.2, ""tp_mult_sm"": 6.300000000000001, ""tp_mult_sr"": 5.6, ""trail_mult"": 4.0, ""trail_tp"": true, ""use_trailing"": true}",{},
1049,-1000000000.0,TrialState.COMPLETE,2026-04-01T02:24:19.119316,2026-04-01T02:24:21.623528,2.504212,"{""atr_window"": 15, ""bb_std_dev"": 2.45, ""bb_window"": 20, ""cooldown"": 0, ""macd_fast"": 14, ""macd_k"": 1.6, ""macd_k_mid"": 0.5, ""macd_signal"": 7, ""macd_slow"": 35, ""macd_std_window"": 75, ""rebalance_freq"": 90, ""rebounce_block"": 5, ""sl_mult_lm"": 1.9, ""sl_mult_lr"": 2.4, ""sl_mult_sm"": 1.9500000000000002, ""sl_mult_sr"": 1.7, ""time_stop"": 14, ""tp_mult_lm"": 5.4, ""tp_mult_lr"": 16.6, ""tp_mult_sm"": 3.6, ""tp_mult_sr"": 3.4, ""trail_mult"": 3.8000000000000003, ""trail_tp"": false, ""use_trailing"": true}",{},
1050,-1000000000.0,TrialState.COMPLETE,2026-04-01T02:24:21.651107,2026-04-01T02:24:21.709088,0.057981,"{""atr_window"": 14, ""bb_std_dev"": 2.25, ""bb_window"": 15, ""cooldown"": 2, ""macd_fast"": 10, ""macd_k"": 1.5, ""macd_k_mid"": 0.55, ""macd_signal"": 9, ""macd_slow"": 39, ""macd_std_window"": 87, ""rebalance_freq"": 120, ""rebounce_block"": 5, ""sl_mult_lm"": 2.1500000000000004, ""sl_mult_lr"": 4.1, ""sl_mult_sm"": 1.85, ""sl_mult_sr"": 2.2, ""time_stop"": 20, ""tp_mult_lm"": 6.0, ""tp_mult_lr"": 11.6, ""tp_mult_sm"": 3.1, ""tp_mult_sr"": 5.300000000000001, ""trail_mult"": 2.4, ""trail_tp"": true, ""use_trailing"": false}",{},
1051,-1000000000.0,TrialState.COMPLETE,2026-04-01T02:24:21.741952,2026-04-01T02:24:21.794893,0.052941,"{""atr_window"": 16, ""bb_std_dev"": 2.4, ""bb_window"": 25, ""cooldown"": 1, ""macd_fast"": 15, ""macd_k"": 1.8, ""macd_k_mid"": 0.6, ""macd_signal"": 10, ""macd_slow"": 44, ""macd_std_window"": 70, ""rebalance_freq"": 180, ""rebounce_block"": 6, ""sl_mult_lm"": 2.05, ""sl_mult_lr"": 2.5, ""sl_mult_sm"": 1.7000000000000002, ""sl_mult_sr"": 1.5, ""time_stop"": 24, ""tp_mult_lm"": 5.5, ""tp_mult_lr"": 13.0, ""tp_mult_sm"": 5.300000000000001, ""tp_mult_sr"": 3.8, ""trail_mult"": 2.2, ""trail_tp"": false, ""use_trailing"": true}",{},
1052,-1000000000.0,TrialState.COMPLETE,2026-04-01T02:24:21.828683,2026-04-01T02:24:21.873032,0.044349,"{""atr_window"": 20, ""bb_std_dev"": 1.5499999999999998, ""bb_window"": 16, ""cooldown"": 5, ""macd_fast"": 18, ""macd_k"": 1.15, ""macd_k_mid"": 0.9, ""macd_signal"": 8, ""macd_slow"": 43, ""macd_std_window"": 94, ""rebalance_freq"": 150, ""rebounce_block"": 0, ""sl_mult_lm"": 2.0, ""sl_mult_lr"": 4.7, ""sl_mult_sm"": 1.8, ""sl_mult_sr"": 3.0, ""time_stop"": 2, ""tp_mult_lm"": 4.9, ""tp_mult_lr"": 9.0, ""tp_mult_sm"": 6.1, ""tp_mult_sr"": 3.1, ""trail_mult"": 2.3, ""trail_tp"": true, ""use_trailing"": true}",{},
1053,-1000000000.0,TrialState.COMPLETE,2026-04-01T02:24:21.908627,2026-04-01T02:24:21.954489,0.045862,"{""atr_window"": 18, ""bb_std_dev"": 1.75, ""bb_window"": 17, ""cooldown"": 1, ""macd_fast"": 17, ""macd_k"": 1.0, ""macd_k_mid"": 0.95, ""macd_signal"": 8, ""macd_slow"": 41, ""macd_std_window"": 89, ""rebalance_freq"": 30, ""rebounce_block"": 2, ""sl_mult_lm"": 1.25, ""sl_mult_lr"": 2.3, ""sl_mult_sm"": 2.0, ""sl_mult_sr"": 2.5, ""time_stop"": 21, ""tp_mult_lm"": 3.9, ""tp_mult_lr"": 14.8, ""tp_mult_sm"": 6.4, ""tp_mult_sr"": 6.4, ""trail_mult"": 2.9000000000000004, ""trail_tp"": false, ""use_trailing"": true}",{},
1054,-1000000000.0,TrialState.COMPLETE,2026-04-01T02:24:21.989734,2026-04-01T02:24:22.035176,0.045442,"{""atr_window"": 11, ""bb_std_dev"": 1.65, ""bb_window"": 19, ""cooldown"": 4, ""macd_fast"": 13, ""macd_k"": 1.15, ""macd_k_mid"": 0.65, ""macd_signal"": 10, ""macd_slow"": 38, ""macd_std_window"": 77, ""rebalance_freq"": 150, ""rebounce_block"": 6, ""sl_mult_lm"": 1.2, ""sl_mult_lr"": 2.8, ""sl_mult_sm"": 1.55, ""sl_mult_sr"": 2.2, ""time_stop"": 12, ""tp_mult_lm"": 5.800000000000001, ""tp_mult_lr"": 12.4, ""tp_mult_sm"": 4.7, ""tp_mult_sr"": 3.0, ""trail_mult"": 3.7, ""trail_tp"": true, ""use_trailing"": false}",{},
1055,-1000000000.0,TrialState.COMPLETE,2026-04-01T02:24:22.070964,2026-04-01T02:24:24.584812,2.513848,"{""atr_window"": 17, ""bb_std_dev"": 1.7, ""bb_window"": 14, ""cooldown"": 0, ""macd_fast"": 20, ""macd_k"": 1.2, ""macd_k_mid"": 0.8500000000000001, ""macd_signal"": 7, ""macd_slow"": 42, ""macd_std_window"": 86, ""rebalance_freq"": 120, ""rebounce_block"": 1, ""sl_mult_lm"": 1.0, ""sl_mult_lr"": 3.3, ""sl_mult_sm"": 1.9, ""sl_mult_sr"": 3.4000000000000004, ""time_stop"": 28, ""tp_mult_lm"": 5.2, ""tp_mult_lr"": 13.8, ""tp_mult_sm"": 4.2, ""tp_mult_sr"": 3.5, ""trail_mult"": 3.2, ""trail_tp"": false, ""use_trailing"": true}",{},
1056,-1000000000.0,TrialState.COMPLETE,2026-04-01T02:24:24.619729,2026-04-01T02:24:24.665082,0.045353,"{""atr_window"": 13, ""bb_std_dev"": 2.15, ""bb_window"": 15, ""cooldown"": 3, ""macd_fast"": 12, ""macd_k"": 1.4, ""macd_k_mid"": 0.75, ""macd_signal"": 9, ""macd_slow"": 37, ""macd_std_window"": 100, ""rebalance_freq"": 150, ""rebounce_block"": 3, ""sl_mult_lm"": 1.05, ""sl_mult_lr"": 2.3, ""sl_mult_sm"": 1.05, ""sl_mult_sr"": 2.3, ""time_stop"": 7, ""tp_mult_lm"": 3.6, ""tp_mult_lr"": 12.600000000000001, ""tp_mult_sm"": 3.8, ""tp_mult_sr"": 4.0, ""trail_mult"": 2.7, ""trail_tp"": true, ""use_trailing"": true}",{},
1057,-1000000000.0,TrialState.COMPLETE,2026-04-01T02:24:24.699675,2026-04-01T02:24:24.743101,0.043426,"{""atr_window"": 14, ""bb_std_dev"": 2.3, ""bb_window"": 18, ""cooldown"": 2, ""macd_fast"": 16, ""macd_k"": 1.05, ""macd_k_mid"": 0.7, ""macd_signal"": 6, ""macd_slow"": 43, ""macd_std_window"": 85, ""rebalance_freq"": 180, ""rebounce_block"": 4, ""sl_mult_lm"": 1.8, ""sl_mult_lr"": 2.7, ""sl_mult_sm"": 1.3, ""sl_mult_sr"": 1.6, ""time_stop"": 0, ""tp_mult_lm"": 4.2, ""tp_mult_lr"": 13.2, ""tp_mult_sm"": 5.2, ""tp_mult_sr"": 5.9, ""trail_mult"": 2.8, ""trail_tp"": false, ""use_trailing"": true}",{},
1058,-1000000000.0,TrialState.COMPLETE,2026-04-01T02:24:24.782060,2026-04-01T02:24:24.820492,0.038432,"{""atr_window"": 10, ""bb_std_dev"": 2.45, ""bb_window"": 16, ""cooldown"": 1, ""macd_fast"": 11, ""macd_k"": 1.1, ""macd_k_mid"": 0.55, ""macd_signal"": 8, ""macd_slow"": 41, ""macd_std_window"": 93, ""rebalance_freq"": 90, ""rebounce_block"": 5, ""sl_mult_lm"": 1.35, ""sl_mult_lr"": 4.0, ""sl_mult_sm"": 1.5, ""sl_mult_sr"": 1.7, ""time_stop"": 8, ""tp_mult_lm"": 4.4, ""tp_mult_lr"": 12.2, ""tp_mult_sm"": 3.4, ""tp_mult_sr"": 4.8, ""trail_mult"": 3.3, ""trail_tp"": true, ""use_trailing"": false}",{},
1059,-1000000000.0,TrialState.COMPLETE,2026-04-01T02:24:24.848874,2026-04-01T02:24:24.890541,0.041667,"{""atr_window"": 15, ""bb_std_dev"": 2.5, ""bb_window"": 24, ""cooldown"": 1, ""macd_fast"": 14, ""macd_k"": 1.7000000000000002, ""macd_k_mid"": 0.5, ""macd_signal"": 9, ""macd_slow"": 44, ""macd_std_window"": 71, ""rebalance_freq"": 30, ""rebounce_block"": 3, ""sl_mult_lm"": 2.1, ""sl_mult_lr"": 2.0, ""sl_mult_sm"": 1.05, ""sl_mult_sr"": 1.5, ""time_stop"": 16, ""tp_mult_lm"": 5.9, ""tp_mult_lr"": 11.4, ""tp_mult_sm"": 7.0, ""tp_mult_sr"": 3.6, ""trail_mult"": 1.9, ""trail_tp"": false, ""use_trailing"": true}",{},
1060,-1000000000.0,TrialState.COMPLETE,2026-04-01T02:24:24.929892,2026-04-01T02:24:24.970223,0.040331,"{""atr_window"": 18, ""bb_std_dev"": 1.9, ""bb_window"": 21, ""cooldown"": 5, ""macd_fast"": 15, ""macd_k"": 1.5, ""macd_k_mid"": 0.6, ""macd_signal"": 5, ""macd_slow"": 40, ""macd_std_window"": 79, ""rebalance_freq"": 120, ""rebounce_block"": 6, ""sl_mult_lm"": 1.85, ""sl_mult_lr"": 3.9000000000000004, ""sl_mult_sm"": 1.2, ""sl_mult_sr"": 2.1, ""time_stop"": 19, ""tp_mult_lm"": 5.1, ""tp_mult_lr"": 10.6, ""tp_mult_sm"": 5.4, ""tp_mult_sr"": 3.9, ""trail_mult"": 2.6, ""trail_tp"": true, ""use_trailing"": true}",{},
1061,-1000000000.0,TrialState.COMPLETE,2026-04-01T02:24:25.000653,2026-04-01T02:24:27.373640,2.372987,"{""atr_window"": 16, ""bb_std_dev"": 2.25, ""bb_window"": 14, ""cooldown"": 2, ""macd_fast"": 17, ""macd_k"": 1.75, ""macd_k_mid"": 0.55, ""macd_signal"": 7, ""macd_slow"": 39, ""macd_std_window"": 87, ""rebalance_freq"": 150, ""rebounce_block"": 5, ""sl_mult_lm"": 1.7000000000000002, ""sl_mult_lr"": 3.5, ""sl_mult_sm"": 1.0, ""sl_mult_sr"": 2.4, ""time_stop"": 15, ""tp_mult_lm"": 5.3, ""tp_mult_lr"": 11.0, ""tp_mult_sm"": 4.4, ""tp_mult_sr"": 5.0, ""trail_mult"": 2.2, ""trail_tp"": false, ""use_trailing"": true}",{},
1062,-1000000000.0,TrialState.COMPLETE,2026-04-01T02:24:27.402459,2026-04-01T02:24:27.442491,0.040032,"{""atr_window"": 19, ""bb_std_dev"": 1.5, ""bb_window"": 17, ""cooldown"": 0, ""macd_fast"": 12, ""macd_k"": 1.35, ""macd_k_mid"": 0.7, ""macd_signal"": 8, ""macd_slow"": 40, ""macd_std_window"": 96, ""rebalance_freq"": 180, ""rebounce_block"": 2, ""sl_mult_lm"": 1.75, ""sl_mult_lr"": 2.6, ""sl_mult_sm"": 1.7000000000000002, ""sl_mult_sr"": 2.0, ""time_stop"": 23, ""tp_mult_lm"": 5.6, ""tp_mult_lr"": 10.2, ""tp_mult_sm"": 4.0, ""tp_mult_sr"": 5.800000000000001, ""trail_mult"": 3.1, ""trail_tp"": true, ""use_trailing"": false}",{},
1063,-1000000000.0,TrialState.COMPLETE,2026-04-01T02:24:27.470788,2026-04-01T02:24:30.084970,2.614182,"{""atr_window"": 14, ""bb_std_dev"": 2.05, ""bb_window"": 14, ""cooldown"": 4, ""macd_fast"": 18, ""macd_k"": 1.65, ""macd_k_mid"": 0.65, ""macd_signal"": 9, ""macd_slow"": 36, ""macd_std_window"": 78, ""rebalance_freq"": 60, ""rebounce_block"": 0, ""sl_mult_lm"": 1.4, ""sl_mult_lr"": 2.2, ""sl_mult_sm"": 1.6, ""sl_mult_sr"": 2.1, ""time_stop"": 29, ""tp_mult_lm"": 4.7, ""tp_mult_lr"": 11.8, ""tp_mult_sm"": 3.2, ""tp_mult_sr"": 5.2, ""trail_mult"": 2.1, ""trail_tp"": true, ""use_trailing"": true}",{},
1064,-1000000000.0,TrialState.COMPLETE,2026-04-01T02:24:30.119302,2026-04-01T02:24:32.902065,2.782763,"{""atr_window"": 20, ""bb_std_dev"": 2.2, ""bb_window"": 23, ""cooldown"": 3, ""macd_fast"": 13, ""macd_k"": 1.3, ""macd_k_mid"": 0.55, ""macd_signal"": 6, ""macd_slow"": 35, ""macd_std_window"": 76, ""rebalance_freq"": 90, ""rebounce_block"": 4, ""sl_mult_lm"": 1.15, ""sl_mult_lr"": 2.5, ""sl_mult_sm"": 1.85, ""sl_mult_sr"": 1.9, ""time_stop"": 25, ""tp_mult_lm"": 5.4, ""tp_mult_lr"": 11.6, ""tp_mult_sm"": 4.5, ""tp_mult_sr"": 6.300000000000001, ""trail_mult"": 1.5, ""trail_tp"": false, ""use_trailing"": true}",{},
1065,-1000000000.0,TrialState.COMPLETE,2026-04-01T02:24:33.001213,2026-04-01T02:24:33.050276,0.049063,"{""atr_window"": 15, ""bb_std_dev"": 2.1, ""bb_window"": 20, ""cooldown"": 1, ""macd_fast"": 15, ""macd_k"": 1.0, ""macd_k_mid"": 1.0, ""macd_signal"": 10, ""macd_slow"": 37, ""macd_std_window"": 90, ""rebalance_freq"": 150, ""rebounce_block"": 1, ""sl_mult_lm"": 1.6, ""sl_mult_lr"": 2.4, ""sl_mult_sm"": 1.15, ""sl_mult_sr"": 1.8, ""time_stop"": 30, ""tp_mult_lm"": 5.0, ""tp_mult_lr"": 10.0, ""tp_mult_sm"": 6.6, ""tp_mult_sr"": 4.6, ""trail_mult"": 2.0, ""trail_tp"": true, ""use_trailing"": false}",{},
1066,-1000000000.0,TrialState.COMPLETE,2026-04-01T02:24:33.081921,2026-04-01T02:24:33.126026,0.044105,"{""atr_window"": 16, ""bb_std_dev"": 2.35, ""bb_window"": 22, ""cooldown"": 2, ""macd_fast"": 14, ""macd_k"": 1.55, ""macd_k_mid"": 0.5, ""macd_signal"": 8, ""macd_slow"": 43, ""macd_std_window"": 83, ""rebalance_freq"": 180, ""rebounce_block"": 5, ""sl_mult_lm"": 1.45, ""sl_mult_lr"": 2.1, ""sl_mult_sm"": 1.65, ""sl_mult_sr"": 1.6, ""time_stop"": 13, ""tp_mult_lm"": 4.3, ""tp_mult_lr"": 9.8, ""tp_mult_sm"": 3.6, ""tp_mult_sr"": 4.1, ""trail_mult"": 1.6, ""trail_tp"": false, ""use_trailing"": true}",{},
1067,-1000000000.0,TrialState.COMPLETE,2026-04-01T02:24:33.160923,2026-04-01T02:24:33.209371,0.048448,"{""atr_window"": 13, ""bb_std_dev"": 2.0, ""bb_window"": 15, ""cooldown"": 4, ""macd_fast"": 11, ""macd_k"": 1.85, ""macd_k_mid"": 0.6, ""macd_signal"": 9, ""macd_slow"": 38, ""macd_std_window"": 98, ""rebalance_freq"": 150, ""rebounce_block"": 6, ""sl_mult_lm"": 1.9, ""sl_mult_lr"": 2.9, ""sl_mult_sm"": 1.75, ""sl_mult_sr"": 3.5, ""time_stop"": 26, ""tp_mult_lm"": 4.6, ""tp_mult_lr"": 15.600000000000001, ""tp_mult_sm"": 6.9, ""tp_mult_sr"": 6.1, ""trail_mult"": 3.4000000000000004, ""trail_tp"": true, ""use_trailing"": true}",{},
1068,-1000000000.0,TrialState.COMPLETE,2026-04-01T02:24:33.245291,2026-04-01T02:24:33.286846,0.041555,"{""atr_window"": 18, ""bb_std_dev"": 1.7, ""bb_window"": 16, ""cooldown"": 0, ""macd_fast"": 10, ""macd_k"": 1.6, ""macd_k_mid"": 0.55, ""macd_signal"": 7, ""macd_slow"": 41, ""macd_std_window"": 91, ""rebalance_freq"": 120, ""rebounce_block"": 0, ""sl_mult_lm"": 1.25, ""sl_mult_lr"": 3.0, ""sl_mult_sm"": 1.55, ""sl_mult_sr"": 1.5, ""time_stop"": 14, ""tp_mult_lm"": 3.5, ""tp_mult_lr"": 12.0, ""tp_mult_sm"": 4.1, ""tp_mult_sr"": 3.3, ""trail_mult"": 3.9000000000000004, ""trail_tp"": false, ""use_trailing"": true}",{},
1069,-1000000000.0,TrialState.COMPLETE,2026-04-01T02:24:33.323895,2026-04-01T02:24:33.370871,0.046976,"{""atr_window"": 17, ""bb_std_dev"": 1.75, ""bb_window"": 14, ""cooldown"": 2, ""macd_fast"": 19, ""macd_k"": 1.45, ""macd_k_mid"": 0.95, ""macd_signal"": 8, ""macd_slow"": 43, ""macd_std_window"": 84, ""rebalance_freq"": 30, ""rebounce_block"": 3, ""sl_mult_lm"": 1.05, ""sl_mult_lr"": 3.1, ""sl_mult_sm"": 1.35, ""sl_mult_sr"": 2.5, ""time_stop"": 20, ""tp_mult_lm"": 5.2, ""tp_mult_lr"": 9.6, ""tp_mult_sm"": 5.9, ""tp_mult_sr"": 4.9, ""trail_mult"": 1.7, ""trail_tp"": true, ""use_trailing"": false}",{},
1070,-1000000000.0,TrialState.COMPLETE,2026-04-01T02:24:33.423170,2026-04-01T02:24:33.471742,0.048572,"{""atr_window"": 19, ""bb_std_dev"": 2.5, ""bb_window"": 14, ""cooldown"": 1, ""macd_fast"": 20, ""macd_k"": 1.2, ""macd_k_mid"": 0.5, ""macd_signal"": 9, ""macd_slow"": 44, ""macd_std_window"": 81, ""rebalance_freq"": 150, ""rebounce_block"": 5, ""sl_mult_lm"": 1.9500000000000002, ""sl_mult_lr"": 3.6, ""sl_mult_sm"": 1.65, ""sl_mult_sr"": 1.8, ""time_stop"": 11, ""tp_mult_lm"": 5.5, ""tp_mult_lr"": 16.4, ""tp_mult_sm"": 3.0, ""tp_mult_sr"": 6.0, ""trail_mult"": 2.5, ""trail_tp"": false, ""use_trailing"": true}",{},
