number,value,datetime_start,datetime_complete,duration,params_atr_window,params_bb_std_dev,params_bb_window,params_cooldown,params_macd_fast,params_macd_k,params_macd_k_mid,params_macd_signal,params_macd_slow,params_macd_std_window,params_rebalance_freq,params_rebounce_block,params_sl_mult_lm,params_sl_mult_lr,params_sl_mult_sm,params_sl_mult_sr,params_time_stop,params_tp_mult_lm,params_tp_mult_lr,params_tp_mult_sm,params_tp_mult_sr,params_trail_mult,params_trail_tp,params_use_trailing,user_attrs_allocations,user_attrs_deploy_avg_sharpe,user_attrs_deploy_total_sharpe,user_attrs_deploy_year_sharpes,user_attrs_score,user_attrs_selected_tickers,user_attrs_train_avg_sharpe,user_attrs_train_year_sharpes,state
2143,-1000000000.0,2026-04-01 04:58:30.065041,2026-04-01 04:58:32.591267,0 days 00:00:02.526226,13,1.5999999999999999,15,3,17,1.15,1.0,8,39,78,60,3,1.1,4.0,1.85,2.0,16,3.5,13.0,5.7,6.2,2.6,True,True,,,,,,,,,COMPLETE
2144,-1000000000.0,2026-04-01 04:58:32.632645,2026-04-01 04:58:32.711270,0 days 00:00:00.078625,17,2.35,19,4,11,1.4,0.75,9,43,96,120,0,1.6,4.800000000000001,1.9500000000000002,3.0,30,4.7,16.6,5.4,4.8,2.7,False,True,,,,,,,,,COMPLETE
2145,-1000000000.0,2026-04-01 04:58:32.753217,2026-04-01 04:58:32.834943,0 days 00:00:00.081726,16,2.05,14,0,15,1.5,0.9,8,40,86,150,5,2.0,3.8,1.8,1.9,8,4.3,10.4,6.800000000000001,3.1,4.0,True,False,,,,,,,,,COMPLETE
2146,-1000000000.0,2026-04-01 04:58:32.874541,2026-04-01 04:58:32.955143,0 days 00:00:00.080602,20,1.7999999999999998,17,1,12,1.0,0.55,10,41,89,180,1,1.5,4.1,1.75,1.8,0,5.9,13.4,6.0,6.9,3.6,False,True,,,,,,,,,COMPLETE
2147,-1000000000.0,2026-04-01 04:58:33.005172,2026-04-01 04:58:33.083471,0 days 00:00:00.078299,18,2.15,16,2,14,1.45,0.6,7,37,90,30,3,1.35,3.9000000000000004,1.65,2.2,19,3.8,10.8,4.4,3.5,3.2,True,True,,,,,,,,,COMPLETE
2148,-1000000000.0,2026-04-01 04:58:33.124276,2026-04-01 04:58:33.204399,0 days 00:00:00.080123,17,1.95,18,1,10,1.25,0.7,8,36,70,150,6,1.25,2.3,1.9,1.6,17,4.0,11.4,3.4,5.4,3.3,False,True,,,,,,,,,COMPLETE
2149,-1000000000.0,2026-04-01 04:58:33.240393,2026-04-01 04:58:33.317450,0 days 00:00:00.077057,15,2.45,14,5,18,1.55,0.65,9,44,92,90,2,2.1500000000000004,2.2,1.55,2.1,1,5.1,8.8,6.300000000000001,6.5,1.8,True,False,,,,,,,,,COMPLETE
2150,-1000000000.0,2026-04-01 04:58:33.357249,2026-04-01 04:58:35.990467,0 days 00:00:02.633218,12,2.2,24,3,19,1.35,0.55,6,40,72,150,5,1.2,2.5,1.5,2.0,5,4.9,14.600000000000001,4.8,5.800000000000001,3.5,False,True,,,,,,,,,COMPLETE
2151,-1000000000.0,2026-04-01 04:58:36.028570,2026-04-01 04:58:38.756248,0 days 00:00:02.727678,19,2.25,22,0,20,1.15,0.5,7,42,80,120,4,2.05,2.4,1.7000000000000002,1.7,21,5.7,15.4,6.1,6.800000000000001,3.9000000000000004,True,True,,,,,,,,,COMPLETE
2152,-1000000000.0,2026-04-01 04:58:38.805755,2026-04-01 04:58:38.889689,0 days 00:00:00.083934,14,2.35,15,2,15,1.5,0.6,8,39,88,120,0,1.9,2.7,1.4,1.5,24,4.8,10.0,3.0,4.2,3.7,False,False,,,,,,,,,COMPLETE
2153,-1000000000.0,2026-04-01 04:58:38.926911,2026-04-01 04:58:41.478288,0 days 00:00:02.551377,16,1.7,16,1,14,1.2,0.55,9,35,81,180,6,1.85,2.9,1.85,2.5,18,5.3,12.2,5.1,3.8,1.6,True,True,,,,,,,,,COMPLETE
2154,-1000000000.0,2026-04-01 04:58:41.519721,2026-04-01 04:58:41.597639,0 days 00:00:00.077918,14,2.1,19,4,13,1.1,0.7,9,38,100,30,2,1.9500000000000002,4.2,1.25,1.6,20,5.6,9.6,3.1,4.3,2.2,True,True,,,,,,,,,COMPLETE
2155,-1000000000.0,2026-04-01 04:58:41.636608,2026-04-01 04:58:41.728762,0 days 00:00:00.092154,19,1.75,17,4,16,1.6,0.65,5,41,87,60,5,1.4,2.1,1.05,1.8,26,4.5,16.200000000000003,4.4,4.6,3.8000000000000003,False,True,,,,,,,,,COMPLETE
2156,-1000000000.0,2026-04-01 04:58:41.762400,2026-04-01 04:58:41.852517,0 days 00:00:00.090117,20,1.65,21,1,11,1.7000000000000002,0.55,10,44,82,150,3,1.7000000000000002,4.7,1.35,2.3,22,5.0,11.8,3.8,6.1,3.0,True,False,,,,,,,,,COMPLETE
2157,-1000000000.0,2026-04-01 04:58:41.889156,2026-04-01 04:58:41.966817,0 days 00:00:00.077661,13,2.15,20,0,10,1.05,0.6,7,43,94,90,6,1.55,3.1,1.1,3.4000000000000004,28,5.4,14.8,7.0,3.6,2.5,False,True,,,,,,,,,COMPLETE
2158,-1000000000.0,2026-04-01 04:58:42.003858,2026-04-01 04:58:42.092571,0 days 00:00:00.088713,18,2.5,14,3,12,1.65,0.8500000000000001,8,37,90,180,5,1.0,3.4000000000000004,1.2,1.5,9,4.4,12.4,3.3,6.6,2.1,True,True,,,,,,,,,COMPLETE
2159,-1000000000.0,2026-04-01 04:58:42.132230,2026-04-01 04:58:42.226305,0 days 00:00:00.094075,10,1.5499999999999998,25,2,17,1.0,0.95,8,40,75,150,3,1.15,2.8,1.75,2.1,14,4.6,12.8,5.5,6.0,2.9000000000000004,False,True,,,,,,,,,COMPLETE
2160,-1000000000.0,2026-04-01 04:58:42.264269,2026-04-01 04:58:44.740876,0 days 00:00:02.476607,16,2.3,23,2,20,1.0,0.5,9,36,98,60,1,1.3,2.3,1.6,1.9,15,5.5,12.600000000000001,6.5,6.4,2.6,True,False,,,,,,,,,COMPLETE
2161,-1000000000.0,2026-04-01 04:58:44.785199,2026-04-01 04:58:44.868001,0 days 00:00:00.082802,15,2.4,16,1,18,1.15,0.75,8,43,83,120,2,2.1,2.6,1.65,2.8,12,5.2,10.6,4.9,6.7,3.2,False,True,,,,,,,,,COMPLETE
2162,-1000000000.0,2026-04-01 04:58:44.905606,2026-04-01 04:58:44.988169,0 days 00:00:00.082563,14,2.25,14,0,14,1.3,0.8,7,41,70,180,0,1.3,2.0,1.8,2.0,21,5.0,11.6,4.6,5.7,3.1,True,True,,,,,,,,,COMPLETE
2163,-1000000000.0,2026-04-01 04:58:45.027755,2026-04-01 04:58:45.110325,0 days 00:00:00.082570,11,2.0,15,1,15,1.05,0.7,10,44,95,150,5,1.8,3.0,1.9500000000000002,2.2,23,5.800000000000001,15.600000000000001,6.7,5.6,2.0,False,True,,,,,,,,,COMPLETE
2164,-1000000000.0,2026-04-01 04:58:45.148172,2026-04-01 04:58:45.228297,0 days 00:00:00.080125,12,2.2,14,5,11,1.4,0.55,9,38,88,90,4,1.05,2.4,1.55,1.6,6,5.9,13.2,5.6,5.1,2.3,True,False,,,,,,,,,COMPLETE
2165,-1000000000.0,2026-04-01 04:58:45.275120,2026-04-01 04:58:47.752747,0 days 00:00:02.477627,18,2.45,16,3,13,1.8,0.5,6,35,74,30,6,1.35,2.2,1.7000000000000002,2.6,20,6.0,12.0,3.5,5.5,1.7,False,True,,,,,,,,,COMPLETE
2166,-1000000000.0,2026-04-01 04:58:47.791287,2026-04-01 04:58:47.885477,0 days 00:00:00.094190,17,2.05,20,4,12,1.55,0.55,8,40,71,150,0,2.0,2.5,1.15,2.4,8,5.3,13.600000000000001,4.2,4.9,2.2,True,True,,,,,,,,,COMPLETE
2167,-1000000000.0,2026-04-01 04:58:47.922270,2026-04-01 04:58:48.001128,0 days 00:00:00.078858,16,1.9,17,1,14,1.45,0.6,9,42,77,180,3,1.75,2.3,1.3,1.8,15,5.2,8.0,4.5,3.9,1.6,False,False,,,,,,,,,COMPLETE
2168,-1000000000.0,2026-04-01 04:58:48.039228,2026-04-01 04:58:50.599894,0 days 00:00:02.560666,20,1.7999999999999998,15,2,19,1.1,0.65,7,39,73,120,5,1.45,2.6,1.85,2.9000000000000004,4,4.9,17.0,6.6,5.2,1.5,True,True,,,,,,,,,COMPLETE
2169,-1000000000.0,2026-04-01 04:58:50.637423,2026-04-01 04:58:50.733273,0 days 00:00:00.095850,18,2.5,18,0,16,1.9500000000000002,0.55,5,43,99,150,4,1.4,2.9,1.0,3.1,25,5.1,11.8,3.7,5.9,3.6,False,True,,,,,,,,,COMPLETE
2170,-1000000000.0,2026-04-01 04:58:50.792207,2026-04-01 04:58:53.362269,0 days 00:00:02.570062,19,1.4,22,4,20,1.2,0.6,6,37,93,120,3,1.0,4.4,1.6,2.5,11,5.7,10.2,6.4,6.300000000000001,1.9,True,True,,,,,,,,,COMPLETE
2171,-1000000000.0,2026-04-01 04:58:53.391979,2026-04-01 04:58:53.471530,0 days 00:00:00.079551,14,1.7,24,1,12,1.75,0.7,10,44,89,150,6,1.9,3.2,1.45,2.1,7,3.7,9.4,3.2,4.7,2.2,False,False,,,,,,,,,COMPLETE
2172,-1000000000.0,2026-04-01 04:58:53.508143,2026-04-01 04:58:53.599578,0 days 00:00:00.091435,15,2.35,14,2,14,1.15,0.8500000000000001,8,41,85,30,1,1.9500000000000002,3.6,1.3,1.5,29,4.1,12.2,6.300000000000001,3.8,3.3,True,True,,,,,,,,,COMPLETE
2173,-1000000000.0,2026-04-01 04:58:53.633394,2026-04-01 04:58:53.726207,0 days 00:00:00.092813,16,1.5999999999999999,14,0,10,1.6,0.55,9,36,90,90,5,1.25,2.5,2.0,1.7,2,5.4,14.0,6.800000000000001,3.1,2.1,False,True,,,,,,,,,COMPLETE
2174,-1000000000.0,2026-04-01 04:58:53.765576,2026-04-01 04:58:53.848176,0 days 00:00:00.082600,13,1.8499999999999999,17,3,15,1.5,0.9,9,35,80,180,2,1.65,3.1,1.05,3.3,10,5.6,12.0,4.7,3.0,3.0,True,True,,,,,,,,,COMPLETE
2175,-1000000000.0,2026-04-01 04:58:53.887098,2026-04-01 04:58:53.977033,0 days 00:00:00.089935,17,1.75,18,5,17,1.25,1.0,7,43,96,150,4,1.2,4.1,1.75,2.1,13,3.8,11.2,4.3,5.0,3.7,False,False,,,,,,,,,COMPLETE
2176,-1000000000.0,2026-04-01 04:58:54.014123,2026-04-01 04:58:54.107783,0 days 00:00:00.093660,20,2.4,15,1,13,1.85,0.5,8,42,79,180,5,2.2,2.1,1.5,2.0,21,5.3,14.4,4.1,4.1,2.0,True,True,,,,,,,,,COMPLETE
2177,-1000000000.0,2026-04-01 04:58:54.145111,2026-04-01 05:14:52.582673,0 days 00:15:58.437562,15,2.0,21,2,20,1.35,0.6,8,40,91,120,6,1.9,2.8,1.2,1.9,16,3.6,11.0,6.9,4.0,2.8,False,True,,,,,,,,,COMPLETE
2178,-1000000000.0,2026-04-01 05:14:52.657817,2026-04-01 05:14:55.127003,0 days 00:00:02.469186,19,2.15,23,4,18,1.0,0.75,9,39,100,90,0,1.1,2.4,1.7000000000000002,2.3,18,4.0,9.8,5.2,6.1,3.1,True,True,,,,,,,,,COMPLETE
2179,-1000000000.0,2026-04-01 05:14:55.163345,2026-04-01 05:14:55.254374,0 days 00:00:00.091029,14,2.1,25,1,12,1.1,0.5,10,44,92,150,3,1.85,2.0,1.8,3.2,19,5.5,15.2,3.6,4.5,3.2,False,False,,,,,,,,,COMPLETE
2180,-1000000000.0,2026-04-01 05:14:55.291164,2026-04-01 05:14:57.810928,0 days 00:00:02.519764,16,2.2,16,0,15,1.05,0.55,8,36,87,30,2,1.25,2.3,1.9,1.5,17,3.9,10.8,6.0,3.7,2.7,True,True,,,,,,,,,COMPLETE
2181,-1000000000.0,2026-04-01 05:14:57.840670,2026-04-01 05:14:57.928313,0 days 00:00:00.087643,18,1.95,14,3,16,1.65,0.65,9,41,76,60,6,2.05,2.2,1.55,1.6,1,4.7,9.6,5.800000000000001,4.4,1.8,True,True,,,,,,,,,COMPLETE
2182,-1000000000.0,2026-04-01 05:14:57.967632,2026-04-01 05:14:58.061654,0 days 00:00:00.094022,13,2.45,15,2,14,1.2,0.7,7,37,72,180,5,1.9500000000000002,2.5,1.65,1.5,20,5.1,14.2,7.0,5.800000000000001,3.4000000000000004,False,False,,,,,,,,,COMPLETE
2183,-1000000000.0,2026-04-01 05:14:58.104052,2026-04-01 05:14:58.174475,0 days 00:00:00.070423,11,2.35,20,1,10,1.55,0.55,6,43,83,120,4,1.05,4.300000000000001,1.85,3.5,0,6.0,11.4,6.2,6.2,3.6,True,True,,,,,,,,,COMPLETE
2184,-1000000000.0,2026-04-01 05:14:58.214166,2026-04-01 05:14:58.292845,0 days 00:00:00.078679,10,1.5499999999999998,17,2,17,1.45,0.8,10,40,81,150,1,1.35,3.5,1.9500000000000002,2.2,22,5.4,8.6,3.1,5.300000000000001,2.1,False,True,,,,,,,,,COMPLETE
2185,-1000000000.0,2026-04-01 05:14:58.331294,2026-04-01 05:14:58.430972,0 days 00:00:00.099678,20,1.65,14,4,19,1.35,0.6,8,44,97,150,0,1.75,2.4,1.75,2.0,9,4.8,12.600000000000001,3.4,3.3,2.3,True,True,,,,,,,,,COMPLETE
2186,-1000000000.0,2026-04-01 05:14:58.471864,2026-04-01 05:14:58.558159,0 days 00:00:00.086295,12,1.5,19,1,11,1.7000000000000002,0.95,8,43,98,180,5,2.0,2.7,1.7000000000000002,1.7,12,5.6,10.0,3.8,6.0,2.4,False,False,,,,,,,,,COMPLETE
2187,-1000000000.0,2026-04-01 05:14:58.596795,2026-04-01 05:14:58.675776,0 days 00:00:00.078981,17,2.5,16,3,13,1.25,0.65,9,42,86,30,3,1.0,4.0,1.8,1.8,26,4.2,13.0,5.6,3.9,3.9000000000000004,True,True,,,,,,,,,COMPLETE
2188,-1000000000.0,2026-04-01 05:14:58.714533,2026-04-01 05:14:58.795154,0 days 00:00:00.080621,16,2.3,14,0,12,1.3,0.55,7,35,88,120,6,1.1,3.4000000000000004,1.35,1.9,16,5.7,10.4,5.9,4.6,2.9000000000000004,False,True,,,,,,,,,COMPLETE
2189,-1000000000.0,2026-04-01 05:14:58.844069,2026-04-01 05:14:58.934799,0 days 00:00:00.090730,15,2.4,22,5,14,1.4,0.7,5,38,70,90,3,1.15,4.6,1.25,2.9000000000000004,5,5.2,13.8,3.5,3.4,4.0,True,True,,,,,,,,,COMPLETE
2190,-1000000000.0,2026-04-01 05:14:58.976568,2026-04-01 05:15:01.387659,0 days 00:00:02.411091,14,1.8499999999999999,15,1,20,1.05,0.5,6,40,82,150,0,2.1500000000000004,4.9,1.9,2.1,13,4.1,11.8,5.0,3.1,3.2,False,False,,,,,,,,,COMPLETE
2191,-1000000000.0,2026-04-01 05:15:01.420838,2026-04-01 05:15:03.951282,0 days 00:00:02.530444,20,2.05,21,2,15,1.6,0.6,9,37,71,180,2,2.1,2.1,1.55,3.0,23,4.9,8.2,5.4,4.9,3.0,True,True,,,,,,,,,COMPLETE
2192,-1000000000.0,2026-04-01 05:15:03.983582,2026-04-01 05:15:04.051755,0 days 00:00:00.068173,14,1.7999999999999998,24,4,16,1.15,0.9,7,41,99,150,4,1.6,2.4,1.6,1.6,28,5.0,12.2,4.5,6.4,2.2,False,True,,,,,,,,,COMPLETE
2193,-1000000000.0,2026-04-01 05:15:04.099142,2026-04-01 05:15:06.600041,0 days 00:00:02.500899,18,2.3,16,0,18,1.5,0.5,8,38,90,90,5,1.3,3.0,1.65,2.7,14,5.800000000000001,12.4,5.7,3.7,3.5,True,False,,,,,,,,,COMPLETE
2194,-1000000000.0,2026-04-01 05:15:06.631783,2026-04-01 05:15:06.698770,0 days 00:00:00.066987,19,2.45,17,5,12,1.65,0.8500000000000001,10,39,89,60,5,1.4,2.3,1.45,2.2,24,5.3,9.4,4.2,5.7,3.8000000000000003,False,True,,,,,,,,,COMPLETE
2195,-1000000000.0,2026-04-01 05:15:06.729584,2026-04-01 05:15:06.828003,0 days 00:00:00.098419,17,2.25,18,1,10,1.0,0.6,8,44,84,30,2,1.8,4.2,1.1,2.8,19,5.9,11.6,6.1,5.9,3.1,True,True,,,,,,,,,COMPLETE
2196,-1000000000.0,2026-04-01 05:15:06.868023,2026-04-01 05:15:06.954294,0 days 00:00:00.086271,16,2.15,20,4,17,1.15,0.75,9,43,91,150,6,1.55,3.7,2.0,2.4,30,4.3,9.0,6.9,4.8,1.7,False,True,,,,,,,,,COMPLETE
2197,-1000000000.0,2026-04-01 05:15:06.993373,2026-04-01 05:15:09.498762,0 days 00:00:02.505389,13,2.1,14,3,14,2.0,0.55,8,35,74,120,5,1.35,2.6,1.5,2.6,7,5.1,15.0,4.0,3.0,3.7,True,False,,,,,,,,,COMPLETE
2198,-1000000000.0,2026-04-01 05:15:09.538555,2026-04-01 05:15:09.624482,0 days 00:00:00.085927,15,1.75,14,2,13,1.75,0.95,9,37,75,180,0,1.2,2.2,1.05,2.5,10,5.5,16.4,4.6,5.2,2.6,False,True,,,,,,,,,COMPLETE
2199,-1000000000.0,2026-04-01 05:15:09.663520,2026-04-01 05:15:12.233711,0 days 00:00:02.570191,18,1.9,15,1,20,1.45,0.7,6,40,80,150,3,1.9500000000000002,4.800000000000001,1.7000000000000002,2.2,17,5.4,15.4,3.0,3.5,3.2,True,True,,,,,,,,,COMPLETE
2200,-1000000000.0,2026-04-01 05:15:12.270574,2026-04-01 05:15:12.359523,0 days 00:00:00.088949,20,2.5,23,0,12,1.9,1.0,7,39,79,120,6,1.7000000000000002,5.0,1.0,1.5,15,5.6,9.8,6.2,3.2,2.8,False,True,,,,,,,,,COMPLETE
2201,-1000000000.0,2026-04-01 05:15:12.406482,2026-04-01 05:15:12.492271,0 days 00:00:00.085789,14,2.0,19,2,14,1.55,0.5,9,42,93,180,1,1.0,2.4,1.4,1.8,25,3.6,9.2,6.4,4.3,1.9,True,False,,,,,,,,,COMPLETE
2202,-1000000000.0,2026-04-01 05:15:12.528936,2026-04-01 05:15:15.038836,0 days 00:00:02.509900,15,1.95,17,1,19,1.1,0.55,10,41,78,150,4,1.85,2.9,1.9,1.7,2,5.3,13.4,4.8,6.6,2.1,False,True,,,,,,,,,COMPLETE
2203,-1000000000.0,2026-04-01 05:15:15.078438,2026-04-01 05:15:15.176381,0 days 00:00:00.097943,16,2.2,21,2,15,1.1,0.6,8,43,88,150,5,1.5,3.2,1.85,1.6,8,3.5,10.6,4.4,6.5,2.7,True,True,,,,,,,,,COMPLETE
2204,-1000000000.0,2026-04-01 05:15:15.214394,2026-04-01 05:15:17.756759,0 days 00:00:02.542365,12,1.45,14,4,20,1.5,0.7,8,36,70,90,3,1.3,2.5,1.55,1.9,27,4.4,11.8,6.300000000000001,4.7,2.2,False,True,,,,,,,,,COMPLETE
2205,-1000000000.0,2026-04-01 05:15:17.795249,2026-04-01 05:15:17.879139,0 days 00:00:00.083890,17,2.05,16,3,17,1.05,0.65,7,44,81,30,2,1.4,4.5,1.8,2.3,20,5.5,11.4,5.5,3.8,2.0,True,False,,,,,,,,,COMPLETE
2206,-1000000000.0,2026-04-01 05:15:17.917402,2026-04-01 05:15:18.000707,0 days 00:00:00.083305,19,2.35,22,1,11,1.9500000000000002,0.55,10,40,86,180,1,1.9,2.2,1.65,2.1,11,6.0,12.4,3.6,6.300000000000001,3.1,False,True,,,,,,,,,COMPLETE
2207,-1000000000.0,2026-04-01 05:15:18.053237,2026-04-01 05:15:18.138273,0 days 00:00:00.085036,18,1.7999999999999998,14,0,18,1.2,0.6,9,44,83,120,6,1.05,2.5,1.15,2.0,29,3.7,12.0,6.5,4.1,2.5,True,True,,,,,,,,,COMPLETE
2208,-1000000000.0,2026-04-01 05:15:18.176127,2026-04-01 05:15:18.260390,0 days 00:00:00.084263,20,2.2,15,5,16,1.8,0.55,9,41,89,150,5,1.15,2.8,1.2,1.5,18,3.9,10.2,5.300000000000001,6.1,1.6,False,False,,,,,,,,,COMPLETE
2209,-1000000000.0,2026-04-01 05:15:18.299791,2026-04-01 05:15:18.392058,0 days 00:00:00.092267,15,2.5,18,1,19,1.0,0.8,6,43,91,60,4,2.0,2.0,1.3,1.8,6,5.7,10.0,6.7,3.9,1.5,True,True,,,,,,,,,COMPLETE
2210,-1000000000.0,2026-04-01 05:15:18.430707,2026-04-01 05:15:18.526609,0 days 00:00:00.095902,11,1.65,20,2,13,1.15,0.75,8,36,85,30,0,2.1500000000000004,2.3,1.1,1.6,5,4.8,14.8,5.800000000000001,7.0,3.8000000000000003,True,True,,,,,,,,,COMPLETE
2211,-1000000000.0,2026-04-01 05:15:18.564671,2026-04-01 05:15:18.651470,0 days 00:00:00.086799,14,1.7,14,3,15,1.55,0.65,7,42,99,90,3,1.25,4.7,1.75,2.1,3,4.6,15.8,3.2,5.6,3.3,False,True,,,,,,,,,COMPLETE
2212,-1000000000.0,2026-04-01 05:15:18.691944,2026-04-01 05:15:18.773096,0 days 00:00:00.081152,10,2.4,25,0,12,1.4,0.5,8,35,92,180,2,1.75,4.1,1.6,3.4000000000000004,21,4.7,12.8,3.8,5.800000000000001,2.1,True,False,,,,,,,,,COMPLETE
2213,-1000000000.0,2026-04-01 05:15:18.812763,2026-04-01 05:15:18.896223,0 days 00:00:00.083460,13,2.05,17,4,10,1.3,0.7,10,37,95,150,6,1.2,2.7,1.7000000000000002,1.7,0,4.3,11.0,3.4,5.0,2.2,False,True,,,,,,,,,COMPLETE
2214,-1000000000.0,2026-04-01 05:15:18.946570,2026-04-01 05:15:19.029085,0 days 00:00:00.082515,16,2.45,15,1,14,1.7000000000000002,0.9,9,38,100,120,5,1.45,2.1,1.25,3.1,17,5.1,13.2,3.3,5.4,3.7,True,True,,,,,,,,,COMPLETE
2215,-1000000000.0,2026-04-01 05:15:19.071648,2026-04-01 05:15:19.156290,0 days 00:00:00.084642,17,2.3,14,2,11,1.6,0.55,6,39,90,90,5,1.7000000000000002,2.9,1.5,2.5,9,5.0,12.0,7.0,4.4,3.1,False,True,,,,,,,,,COMPLETE
2216,-1000000000.0,2026-04-01 05:15:19.194453,2026-04-01 05:15:19.276947,0 days 00:00:00.082494,14,2.25,16,0,13,1.25,0.5,5,41,82,150,4,1.35,2.6,1.9500000000000002,2.0,19,4.2,8.6,5.2,4.0,2.3,True,False,,,,,,,,,COMPLETE
2217,-1000000000.0,2026-04-01 05:15:19.316090,2026-04-01 05:15:21.893378,0 days 00:00:02.577288,20,2.0,21,1,20,1.35,0.55,7,40,72,180,6,2.05,2.5,1.8,3.2,14,5.4,13.0,3.1,3.6,3.6,False,True,,,,,,,,,COMPLETE
2218,-1000000000.0,2026-04-01 05:15:21.923734,2026-04-01 05:15:22.028246,0 days 00:00:00.104512,12,2.35,15,4,12,1.85,0.6,8,43,71,150,0,1.9500000000000002,3.0,1.75,2.2,13,5.2,10.8,3.9,5.5,3.2,True,True,,,,,,,,,COMPLETE
2219,-1000000000.0,2026-04-01 05:15:22.069201,2026-04-01 05:15:22.157163,0 days 00:00:00.087962,18,2.15,16,3,14,1.05,0.8500000000000001,9,44,87,120,3,2.1,3.7,1.05,1.5,21,5.2,14.4,6.1,4.6,2.4,False,True,,,,,,,,,COMPLETE
2220,-1000000000.0,2026-04-01 05:15:22.198589,2026-04-01 05:15:24.701713,0 days 00:00:02.503124,19,1.75,23,5,15,1.65,0.95,8,37,98,180,2,2.2,2.3,1.6,1.9,24,4.9,12.600000000000001,3.5,6.800000000000001,2.6,True,False,,,,,,,,,COMPLETE
2221,-1000000000.0,2026-04-01 05:15:24.739168,2026-04-01 05:15:27.299857,0 days 00:00:02.560689,16,1.5,17,2,16,1.5,0.6,9,36,84,30,3,1.0,4.300000000000001,1.0,1.7,20,4.1,9.6,3.7,3.2,3.5,False,True,,,,,,,,,COMPLETE
2222,-1000000000.0,2026-04-01 05:15:27.331308,2026-04-01 05:15:29.922924,0 days 00:00:02.591616,20,1.5499999999999998,20,0,18,1.45,0.65,7,39,89,150,5,1.3,2.2,1.9,1.5,22,4.5,13.600000000000001,4.7,4.5,1.9,True,True,,,,,,,,,COMPLETE
2223,-1000000000.0,2026-04-01 05:15:29.960578,2026-04-01 05:15:30.041001,0 days 00:00:00.080423,15,1.5999999999999999,24,1,10,1.15,0.55,8,42,88,180,0,1.9,2.4,1.65,3.3,1,3.8,8.4,4.4,6.2,1.7,False,False,,,,,,,,,COMPLETE
2224,-1000000000.0,2026-04-01 05:15:30.077716,2026-04-01 05:15:32.794914,0 days 00:00:02.717198,13,2.1,14,3,17,1.2,0.7,6,35,81,90,5,1.25,2.6,1.55,2.6,16,5.6,12.2,4.3,4.2,3.0,True,True,,,,,,,,,COMPLETE
2225,-1000000000.0,2026-04-01 05:15:32.834943,2026-04-01 05:15:32.927170,0 days 00:00:00.092227,16,1.8499999999999999,19,2,20,1.6,0.5,10,43,73,120,6,1.15,4.4,1.4,1.6,23,5.800000000000001,11.6,5.1,3.0,1.8,False,True,,,,,,,,,COMPLETE
2226,-1000000000.0,2026-04-01 05:15:32.967845,2026-04-01 05:15:33.051745,0 days 00:00:00.083900,18,1.9,22,1,14,1.1,1.0,9,40,70,30,3,1.55,3.6,1.85,2.3,29,4.6,11.2,5.0,5.9,2.7,True,True,,,,,,,,,COMPLETE
2227,-1000000000.0,2026-04-01 05:15:33.089227,2026-04-01 05:15:33.171263,0 days 00:00:00.082036,11,1.95,14,5,12,1.0,0.8,8,41,100,150,1,1.35,3.1,2.0,2.1,12,5.4,10.4,6.300000000000001,3.1,2.1,False,False,,,,,,,,,COMPLETE
2228,-1000000000.0,2026-04-01 05:15:33.207954,2026-04-01 05:15:33.286719,0 days 00:00:00.078765,14,2.5,15,0,11,1.75,0.75,9,44,95,150,4,1.6,2.3,1.7000000000000002,1.8,16,5.9,8.0,6.800000000000001,5.1,1.6,True,True,,,,,,,,,COMPLETE
2229,-1000000000.0,2026-04-01 05:15:33.332657,2026-04-01 05:15:35.764909,0 days 00:00:02.432252,18,1.7999999999999998,16,4,19,1.4,0.55,7,37,97,60,5,1.5,2.0,1.8,1.5,15,5.0,12.2,4.9,4.8,2.0,False,True,,,,,,,,,COMPLETE
2230,-1000000000.0,2026-04-01 05:15:35.813686,2026-04-01 05:15:35.891440,0 days 00:00:00.077754,16,2.2,14,2,13,1.1,0.6,8,42,76,120,6,1.8,3.9000000000000004,1.9500000000000002,1.6,26,4.0,11.8,6.4,3.9,3.9000000000000004,True,True,,,,,,,,,COMPLETE
2231,-1000000000.0,2026-04-01 05:15:35.926334,2026-04-01 05:15:36.007099,0 days 00:00:00.080765,19,2.25,18,1,12,1.5,0.7,6,40,74,180,2,1.45,3.3,1.75,2.2,4,5.1,10.0,6.6,5.7,2.2,False,False,,,,,,,,,COMPLETE
2232,-1000000000.0,2026-04-01 05:15:36.049575,2026-04-01 05:15:36.130089,0 days 00:00:00.080514,14,2.45,15,0,15,1.2,0.8500000000000001,10,43,80,30,0,1.65,4.2,1.5,3.0,25,5.3,10.6,6.9,3.7,3.6,True,True,,,,,,,,,COMPLETE
2233,-1000000000.0,2026-04-01 05:15:36.166612,2026-04-01 05:15:38.729984,0 days 00:00:02.563372,15,1.7,17,4,14,1.55,0.5,9,35,92,60,5,1.2,2.4,1.25,2.0,9,5.5,9.8,4.5,5.800000000000001,2.9000000000000004,False,True,,,,,,,,,COMPLETE
2234,-1000000000.0,2026-04-01 05:15:38.760544,2026-04-01 05:26:21.802499,0 days 00:10:43.041955,17,2.35,14,2,17,1.9,0.55,7,39,77,90,4,1.05,2.8,1.2,2.4,10,5.2,13.0,3.6,3.8,2.3,True,True,,,,,,,,,COMPLETE
2235,-1000000000.0,2026-04-01 05:26:21.843418,2026-04-01 05:26:24.300438,0 days 00:00:02.457020,10,2.4,20,3,20,1.05,0.65,8,38,96,150,2,2.1500000000000004,2.1,1.35,2.7,8,6.0,9.4,3.2,6.0,3.3,False,False,,,,,,,,,COMPLETE
2236,-1000000000.0,2026-04-01 05:26:24.337106,2026-04-01 05:26:26.834914,0 days 00:00:02.497808,20,2.05,16,1,15,1.05,0.6,8,36,94,180,6,1.85,2.2,1.65,1.9,7,5.7,16.8,6.1,5.6,3.1,True,True,,,,,,,,,COMPLETE
2237,-1000000000.0,2026-04-01 05:26:26.873385,2026-04-01 05:26:26.968767,0 days 00:00:00.095382,17,2.15,21,1,10,1.3,0.7,9,44,91,150,3,1.1,2.5,1.55,1.7,17,5.6,10.2,5.4,3.0,4.0,True,True,,,,,,,,,COMPLETE
2238,-1000000000.0,2026-04-01 05:26:27.013357,2026-04-01 05:26:27.103368,0 days 00:00:00.090011,14,2.3,15,2,18,1.15,0.9,5,41,99,120,1,1.4,2.4,1.1,2.1,21,4.0,12.0,5.7,4.0,3.0,False,False,,,,,,,,,COMPLETE
2239,-1000000000.0,2026-04-01 05:26:27.140631,2026-04-01 05:26:27.220484,0 days 00:00:00.079853,19,2.2,14,5,16,1.65,0.55,7,40,86,150,0,1.9500000000000002,2.9,1.3,1.8,22,5.1,8.2,5.9,4.5,3.4000000000000004,True,True,,,,,,,,,COMPLETE
