number,value,state,datetime_start,datetime_complete,duration_seconds,params_json,fold_sharpes_json,avg_cv_sharpe
1344,-1000000000.0,TrialState.COMPLETE,2026-04-01T03:00:21.945692,2026-04-01T03:00:22.019242,0.07355,"{""atr_window"": 15, ""bb_std_dev"": 2.4, ""bb_window"": 14, ""cooldown"": 1, ""macd_fast"": 14, ""macd_k"": 1.65, ""macd_k_mid"": 0.5, ""macd_signal"": 7, ""macd_slow"": 40, ""macd_std_window"": 74, ""rebalance_freq"": 30, ""rebounce_block"": 0, ""sl_mult_lm"": 1.35, ""sl_mult_lr"": 2.1, ""sl_mult_sm"": 1.85, ""sl_mult_sr"": 2.0, ""time_stop"": 0, ""tp_mult_lm"": 3.8, ""tp_mult_lr"": 13.2, ""tp_mult_sm"": 4.4, ""tp_mult_sr"": 5.0, ""trail_mult"": 2.2, ""trail_tp"": false, ""use_trailing"": true}",{},
1345,-1000000000.0,TrialState.COMPLETE,2026-04-01T03:00:22.056577,2026-04-01T03:00:22.108214,0.051637,"{""atr_window"": 20, ""bb_std_dev"": 2.0, ""bb_window"": 23, ""cooldown"": 0, ""macd_fast"": 13, ""macd_k"": 1.85, ""macd_k_mid"": 0.7, ""macd_signal"": 10, ""macd_slow"": 36, ""macd_std_window"": 91, ""rebalance_freq"": 60, ""rebounce_block"": 5, ""sl_mult_lm"": 1.4, ""sl_mult_lr"": 2.5, ""sl_mult_sm"": 1.1, ""sl_mult_sr"": 1.5, ""time_stop"": 20, ""tp_mult_lm"": 3.6, ""tp_mult_lr"": 9.8, ""tp_mult_sm"": 4.2, ""tp_mult_sr"": 4.9, ""trail_mult"": 3.7, ""trail_tp"": true, ""use_trailing"": true}",{},
1346,-1000000000.0,TrialState.COMPLETE,2026-04-01T03:00:22.143256,2026-04-01T03:00:22.194263,0.051007,"{""atr_window"": 19, ""bb_std_dev"": 2.25, ""bb_window"": 14, ""cooldown"": 2, ""macd_fast"": 12, ""macd_k"": 1.25, ""macd_k_mid"": 0.55, ""macd_signal"": 8, ""macd_slow"": 43, ""macd_std_window"": 99, ""rebalance_freq"": 180, ""rebounce_block"": 3, ""sl_mult_lm"": 1.75, ""sl_mult_lr"": 2.5, ""sl_mult_sm"": 1.6, ""sl_mult_sr"": 3.2, ""time_stop"": 24, ""tp_mult_lm"": 5.3, ""tp_mult_lr"": 11.6, ""tp_mult_sm"": 4.8, ""tp_mult_sr"": 3.4, ""trail_mult"": 3.0, ""trail_tp"": false, ""use_trailing"": false}",{},
1347,-1000000000.0,TrialState.COMPLETE,2026-04-01T03:00:22.229716,2026-04-01T03:00:25.224832,2.995116,"{""atr_window"": 13, ""bb_std_dev"": 1.7, ""bb_window"": 15, ""cooldown"": 3, ""macd_fast"": 20, ""macd_k"": 1.45, ""macd_k_mid"": 0.5, ""macd_signal"": 9, ""macd_slow"": 35, ""macd_std_window"": 80, ""rebalance_freq"": 150, ""rebounce_block"": 4, ""sl_mult_lm"": 1.2, ""sl_mult_lr"": 4.300000000000001, ""sl_mult_sm"": 1.75, ""sl_mult_sr"": 1.7, ""time_stop"": 19, ""tp_mult_lm"": 4.5, ""tp_mult_lr"": 12.0, ""tp_mult_sm"": 6.9, ""tp_mult_sr"": 5.9, ""trail_mult"": 2.8, ""trail_tp"": true, ""use_trailing"": true}",{},
1348,-1000000000.0,TrialState.COMPLETE,2026-04-01T03:00:25.261680,2026-04-01T03:00:25.321481,0.059801,"{""atr_window"": 16, ""bb_std_dev"": 1.5499999999999998, ""bb_window"": 25, ""cooldown"": 0, ""macd_fast"": 16, ""macd_k"": 1.05, ""macd_k_mid"": 0.65, ""macd_signal"": 7, ""macd_slow"": 39, ""macd_std_window"": 81, ""rebalance_freq"": 90, ""rebounce_block"": 6, ""sl_mult_lm"": 1.9, ""sl_mult_lr"": 4.2, ""sl_mult_sm"": 1.9, ""sl_mult_sr"": 2.1, ""time_stop"": 16, ""tp_mult_lm"": 5.7, ""tp_mult_lr"": 13.0, ""tp_mult_sm"": 5.4, ""tp_mult_sr"": 6.1, ""trail_mult"": 3.6, ""trail_tp"": false, ""use_trailing"": true}",{},
1349,-1000000000.0,TrialState.COMPLETE,2026-04-01T03:00:25.369729,2026-04-01T03:00:25.433187,0.063458,"{""atr_window"": 11, ""bb_std_dev"": 1.4, ""bb_window"": 21, ""cooldown"": 1, ""macd_fast"": 15, ""macd_k"": 1.0, ""macd_k_mid"": 0.6, ""macd_signal"": 8, ""macd_slow"": 38, ""macd_std_window"": 90, ""rebalance_freq"": 150, ""rebounce_block"": 1, ""sl_mult_lm"": 1.45, ""sl_mult_lr"": 3.5, ""sl_mult_sm"": 1.7000000000000002, ""sl_mult_sr"": 3.0, ""time_stop"": 3, ""tp_mult_lm"": 5.6, ""tp_mult_lr"": 10.6, ""tp_mult_sm"": 6.2, ""tp_mult_sr"": 4.1, ""trail_mult"": 1.5, ""trail_tp"": true, ""use_trailing"": false}",{},
1350,-1000000000.0,TrialState.COMPLETE,2026-04-01T03:00:25.472627,2026-04-01T03:00:25.536915,0.064288,"{""atr_window"": 15, ""bb_std_dev"": 1.5999999999999999, ""bb_window"": 22, ""cooldown"": 2, ""macd_fast"": 10, ""macd_k"": 1.15, ""macd_k_mid"": 0.8, ""macd_signal"": 9, ""macd_slow"": 42, ""macd_std_window"": 70, ""rebalance_freq"": 120, ""rebounce_block"": 3, ""sl_mult_lm"": 1.9500000000000002, ""sl_mult_lr"": 3.2, ""sl_mult_sm"": 1.45, ""sl_mult_sr"": 1.9, ""time_stop"": 4, ""tp_mult_lm"": 5.2, ""tp_mult_lr"": 9.4, ""tp_mult_sm"": 5.7, ""tp_mult_sr"": 4.4, ""trail_mult"": 2.6, ""trail_tp"": false, ""use_trailing"": true}",{},
1351,-1000000000.0,TrialState.COMPLETE,2026-04-01T03:00:25.578304,2026-04-01T03:00:28.238728,2.660424,"{""atr_window"": 18, ""bb_std_dev"": 1.5, ""bb_window"": 17, ""cooldown"": 4, ""macd_fast"": 17, ""macd_k"": 1.2, ""macd_k_mid"": 0.7, ""macd_signal"": 6, ""macd_slow"": 37, ""macd_std_window"": 88, ""rebalance_freq"": 180, ""rebounce_block"": 5, ""sl_mult_lm"": 1.1, ""sl_mult_lr"": 3.0, ""sl_mult_sm"": 1.65, ""sl_mult_sr"": 2.5, ""time_stop"": 29, ""tp_mult_lm"": 4.3, ""tp_mult_lr"": 10.0, ""tp_mult_sm"": 3.4, ""tp_mult_sr"": 3.0, ""trail_mult"": 3.1, ""trail_tp"": true, ""use_trailing"": true}",{},
1352,-1000000000.0,TrialState.COMPLETE,2026-04-01T03:00:28.272680,2026-04-01T03:00:30.861166,2.588486,"{""atr_window"": 14, ""bb_std_dev"": 2.05, ""bb_window"": 14, ""cooldown"": 3, ""macd_fast"": 19, ""macd_k"": 1.35, ""macd_k_mid"": 0.75, ""macd_signal"": 10, ""macd_slow"": 41, ""macd_std_window"": 95, ""rebalance_freq"": 90, ""rebounce_block"": 6, ""sl_mult_lm"": 1.25, ""sl_mult_lr"": 2.4, ""sl_mult_sm"": 1.55, ""sl_mult_sr"": 3.4000000000000004, ""time_stop"": 13, ""tp_mult_lm"": 5.5, ""tp_mult_lr"": 8.2, ""tp_mult_sm"": 6.1, ""tp_mult_sr"": 6.2, ""trail_mult"": 2.1, ""trail_tp"": false, ""use_trailing"": true}",{},
1353,-1000000000.0,TrialState.COMPLETE,2026-04-01T03:00:30.891421,2026-04-01T03:00:33.614160,2.722739,"{""atr_window"": 16, ""bb_std_dev"": 2.45, ""bb_window"": 24, ""cooldown"": 1, ""macd_fast"": 18, ""macd_k"": 1.4, ""macd_k_mid"": 0.55, ""macd_signal"": 8, ""macd_slow"": 40, ""macd_std_window"": 72, ""rebalance_freq"": 150, ""rebounce_block"": 0, ""sl_mult_lm"": 1.2, ""sl_mult_lr"": 2.7, ""sl_mult_sm"": 1.85, ""sl_mult_sr"": 2.0, ""time_stop"": 10, ""tp_mult_lm"": 4.9, ""tp_mult_lr"": 16.200000000000003, ""tp_mult_sm"": 6.800000000000001, ""tp_mult_sr"": 3.2, ""trail_mult"": 3.3, ""trail_tp"": true, ""use_trailing"": false}",{},
1354,-1000000000.0,TrialState.COMPLETE,2026-04-01T03:00:33.649852,2026-04-01T03:00:33.701532,0.05168,"{""atr_window"": 19, ""bb_std_dev"": 1.9, ""bb_window"": 16, ""cooldown"": 2, ""macd_fast"": 14, ""macd_k"": 1.55, ""macd_k_mid"": 0.8500000000000001, ""macd_signal"": 7, ""macd_slow"": 43, ""macd_std_window"": 79, ""rebalance_freq"": 150, ""rebounce_block"": 4, ""sl_mult_lm"": 2.05, ""sl_mult_lr"": 4.4, ""sl_mult_sm"": 1.5, ""sl_mult_sr"": 1.6, ""time_stop"": 12, ""tp_mult_lm"": 4.1, ""tp_mult_lr"": 11.2, ""tp_mult_sm"": 3.9, ""tp_mult_sr"": 3.7, ""trail_mult"": 3.2, ""trail_tp"": false, ""use_trailing"": true}",{},
1355,-1000000000.0,TrialState.COMPLETE,2026-04-01T03:00:33.735495,2026-04-01T03:00:33.788512,0.053017,"{""atr_window"": 17, ""bb_std_dev"": 1.8499999999999999, ""bb_window"": 20, ""cooldown"": 5, ""macd_fast"": 11, ""macd_k"": 1.1, ""macd_k_mid"": 0.6, ""macd_signal"": 9, ""macd_slow"": 44, ""macd_std_window"": 92, ""rebalance_freq"": 120, ""rebounce_block"": 3, ""sl_mult_lm"": 1.15, ""sl_mult_lr"": 2.2, ""sl_mult_sm"": 1.05, ""sl_mult_sr"": 2.7, ""time_stop"": 11, ""tp_mult_lm"": 5.4, ""tp_mult_lr"": 11.4, ""tp_mult_sm"": 6.6, ""tp_mult_sr"": 4.6, ""trail_mult"": 2.2, ""trail_tp"": true, ""use_trailing"": true}",{},
1356,-1000000000.0,TrialState.COMPLETE,2026-04-01T03:00:33.825816,2026-04-01T03:00:33.901043,0.075227,"{""atr_window"": 20, ""bb_std_dev"": 1.7999999999999998, ""bb_window"": 15, ""cooldown"": 0, ""macd_fast"": 15, ""macd_k"": 1.0, ""macd_k_mid"": 0.5, ""macd_signal"": 8, ""macd_slow"": 43, ""macd_std_window"": 82, ""rebalance_freq"": 60, ""rebounce_block"": 2, ""sl_mult_lm"": 2.0, ""sl_mult_lr"": 4.800000000000001, ""sl_mult_sm"": 1.8, ""sl_mult_sr"": 1.5, ""time_stop"": 5, ""tp_mult_lm"": 6.0, ""tp_mult_lr"": 10.2, ""tp_mult_sm"": 4.1, ""tp_mult_sr"": 5.800000000000001, ""trail_mult"": 1.6, ""trail_tp"": false, ""use_trailing"": true}",{},
1357,-1000000000.0,TrialState.COMPLETE,2026-04-01T03:00:33.937821,2026-04-01T03:00:33.995427,0.057606,"{""atr_window"": 15, ""bb_std_dev"": 1.75, ""bb_window"": 14, ""cooldown"": 1, ""macd_fast"": 12, ""macd_k"": 1.8, ""macd_k_mid"": 0.55, ""macd_signal"": 6, ""macd_slow"": 36, ""macd_std_window"": 74, ""rebalance_freq"": 180, ""rebounce_block"": 5, ""sl_mult_lm"": 2.2, ""sl_mult_lr"": 2.3, ""sl_mult_sm"": 1.75, ""sl_mult_sr"": 3.1, ""time_stop"": 14, ""tp_mult_lm"": 5.1, ""tp_mult_lr"": 10.8, ""tp_mult_sm"": 4.6, ""tp_mult_sr"": 3.9, ""trail_mult"": 2.1, ""trail_tp"": true, ""use_trailing"": false}",{},
1358,-1000000000.0,TrialState.COMPLETE,2026-04-01T03:00:34.033375,2026-04-01T03:00:36.684977,2.651602,"{""atr_window"": 10, ""bb_std_dev"": 1.7, ""bb_window"": 19, ""cooldown"": 4, ""macd_fast"": 20, ""macd_k"": 1.65, ""macd_k_mid"": 0.7, ""macd_signal"": 10, ""macd_slow"": 41, ""macd_std_window"": 78, ""rebalance_freq"": 30, ""rebounce_block"": 5, ""sl_mult_lm"": 1.7000000000000002, ""sl_mult_lr"": 2.0, ""sl_mult_sm"": 1.25, ""sl_mult_sr"": 1.8, ""time_stop"": 27, ""tp_mult_lm"": 5.3, ""tp_mult_lr"": 16.6, ""tp_mult_sm"": 3.1, ""tp_mult_sr"": 3.1, ""trail_mult"": 2.3, ""trail_tp"": false, ""use_trailing"": true}",{},
1359,-1000000000.0,TrialState.COMPLETE,2026-04-01T03:00:36.721355,2026-04-01T03:00:39.332185,2.61083,"{""atr_window"": 17, ""bb_std_dev"": 2.5, ""bb_window"": 17, ""cooldown"": 1, ""macd_fast"": 16, ""macd_k"": 1.6, ""macd_k_mid"": 0.55, ""macd_signal"": 8, ""macd_slow"": 36, ""macd_std_window"": 86, ""rebalance_freq"": 150, ""rebounce_block"": 1, ""sl_mult_lm"": 1.8, ""sl_mult_lr"": 2.6, ""sl_mult_sm"": 1.9500000000000002, ""sl_mult_sr"": 3.3, ""time_stop"": 30, ""tp_mult_lm"": 5.0, ""tp_mult_lr"": 14.2, ""tp_mult_sm"": 5.800000000000001, ""tp_mult_sr"": 6.0, ""trail_mult"": 1.7, ""trail_tp"": true, ""use_trailing"": true}",{},
1360,-1000000000.0,TrialState.COMPLETE,2026-04-01T03:00:39.367316,2026-04-01T03:00:42.105561,2.738245,"{""atr_window"": 13, ""bb_std_dev"": 2.2, ""bb_window"": 16, ""cooldown"": 2, ""macd_fast"": 13, ""macd_k"": 1.5, ""macd_k_mid"": 0.95, ""macd_signal"": 9, ""macd_slow"": 35, ""macd_std_window"": 87, ""rebalance_freq"": 120, ""rebounce_block"": 6, ""sl_mult_lm"": 1.85, ""sl_mult_lr"": 3.7, ""sl_mult_sm"": 1.65, ""sl_mult_sr"": 2.4, ""time_stop"": 18, ""tp_mult_lm"": 5.7, ""tp_mult_lr"": 15.4, ""tp_mult_sm"": 5.2, ""tp_mult_sr"": 4.8, ""trail_mult"": 3.5, ""trail_tp"": false, ""use_trailing"": true}",{},
1361,-1000000000.0,TrialState.COMPLETE,2026-04-01T03:00:42.138611,2026-04-01T03:00:42.199755,0.061144,"{""atr_window"": 14, ""bb_std_dev"": 1.95, ""bb_window"": 14, ""cooldown"": 3, ""macd_fast"": 12, ""macd_k"": 1.15, ""macd_k_mid"": 0.6, ""macd_signal"": 7, ""macd_slow"": 39, ""macd_std_window"": 71, ""rebalance_freq"": 30, ""rebounce_block"": 4, ""sl_mult_lm"": 1.05, ""sl_mult_lr"": 3.1, ""sl_mult_sm"": 1.7000000000000002, ""sl_mult_sr"": 2.2, ""time_stop"": 19, ""tp_mult_lm"": 5.9, ""tp_mult_lr"": 13.4, ""tp_mult_sm"": 6.4, ""tp_mult_sr"": 4.0, ""trail_mult"": 2.7, ""trail_tp"": true, ""use_trailing"": false}",{},
1362,-1000000000.0,TrialState.COMPLETE,2026-04-01T03:00:42.234958,2026-04-01T03:00:42.301079,0.066121,"{""atr_window"": 16, ""bb_std_dev"": 2.15, ""bb_window"": 15, ""cooldown"": 4, ""macd_fast"": 14, ""macd_k"": 2.0, ""macd_k_mid"": 0.5, ""macd_signal"": 9, ""macd_slow"": 38, ""macd_std_window"": 89, ""rebalance_freq"": 180, ""rebounce_block"": 2, ""sl_mult_lm"": 1.6, ""sl_mult_lr"": 2.9, ""sl_mult_sm"": 1.0, ""sl_mult_sr"": 1.5, ""time_stop"": 21, ""tp_mult_lm"": 5.5, ""tp_mult_lr"": 14.600000000000001, ""tp_mult_sm"": 3.7, ""tp_mult_sr"": 5.4, ""trail_mult"": 3.8000000000000003, ""trail_tp"": false, ""use_trailing"": true}",{},
1363,-1000000000.0,TrialState.COMPLETE,2026-04-01T03:00:42.333855,2026-04-01T03:00:45.422579,3.088724,"{""atr_window"": 12, ""bb_std_dev"": 2.35, ""bb_window"": 18, ""cooldown"": 0, ""macd_fast"": 20, ""macd_k"": 1.3, ""macd_k_mid"": 0.65, ""macd_signal"": 8, ""macd_slow"": 40, ""macd_std_window"": 91, ""rebalance_freq"": 90, ""rebounce_block"": 3, ""sl_mult_lm"": 1.0, ""sl_mult_lr"": 2.3, ""sl_mult_sm"": 1.15, ""sl_mult_sr"": 1.6, ""time_stop"": 20, ""tp_mult_lm"": 4.0, ""tp_mult_lr"": 12.4, ""tp_mult_sm"": 3.5, ""tp_mult_sr"": 5.6, ""trail_mult"": 2.9000000000000004, ""trail_tp"": true, ""use_trailing"": true}",{},
1364,-1000000000.0,TrialState.COMPLETE,2026-04-01T03:00:45.460973,2026-04-01T03:00:45.526479,0.065506,"{""atr_window"": 20, ""bb_std_dev"": 2.1, ""bb_window"": 21, ""cooldown"": 2, ""macd_fast"": 19, ""macd_k"": 1.45, ""macd_k_mid"": 0.9, ""macd_signal"": 9, ""macd_slow"": 42, ""macd_std_window"": 99, ""rebalance_freq"": 150, ""rebounce_block"": 0, ""sl_mult_lm"": 1.3, ""sl_mult_lr"": 2.1, ""sl_mult_sm"": 1.5, ""sl_mult_sr"": 1.9, ""time_stop"": 1, ""tp_mult_lm"": 4.8, ""tp_mult_lr"": 12.0, ""tp_mult_sm"": 4.3, ""tp_mult_sr"": 5.800000000000001, ""trail_mult"": 3.2, ""trail_tp"": false, ""use_trailing"": false}",{},
1365,-1000000000.0,TrialState.COMPLETE,2026-04-01T03:00:45.563396,2026-04-01T03:00:45.627780,0.064384,"{""atr_window"": 14, ""bb_std_dev"": 2.4, ""bb_window"": 20, ""cooldown"": 5, ""macd_fast"": 10, ""macd_k"": 1.05, ""macd_k_mid"": 0.55, ""macd_signal"": 6, ""macd_slow"": 44, ""macd_std_window"": 97, ""rebalance_freq"": 180, ""rebounce_block"": 6, ""sl_mult_lm"": 1.75, ""sl_mult_lr"": 3.8, ""sl_mult_sm"": 1.3, ""sl_mult_sr"": 2.1, ""time_stop"": 6, ""tp_mult_lm"": 4.2, ""tp_mult_lr"": 11.0, ""tp_mult_sm"": 4.9, ""tp_mult_sr"": 6.5, ""trail_mult"": 4.0, ""trail_tp"": true, ""use_trailing"": true}",{},
1366,-1000000000.0,TrialState.COMPLETE,2026-04-01T03:00:45.667266,2026-04-01T03:00:45.731568,0.064302,"{""atr_window"": 18, ""bb_std_dev"": 2.3, ""bb_window"": 15, ""cooldown"": 1, ""macd_fast"": 18, ""macd_k"": 1.2, ""macd_k_mid"": 0.8, ""macd_signal"": 5, ""macd_slow"": 43, ""macd_std_window"": 89, ""rebalance_freq"": 150, ""rebounce_block"": 5, ""sl_mult_lm"": 1.35, ""sl_mult_lr"": 4.7, ""sl_mult_sm"": 2.0, ""sl_mult_sr"": 2.0, ""time_stop"": 21, ""tp_mult_lm"": 5.800000000000001, ""tp_mult_lr"": 11.8, ""tp_mult_sm"": 6.7, ""tp_mult_sr"": 6.4, ""trail_mult"": 3.7, ""trail_tp"": false, ""use_trailing"": true}",{},
1367,-1000000000.0,TrialState.COMPLETE,2026-04-01T03:00:45.767046,2026-04-01T03:00:45.827871,0.060825,"{""atr_window"": 19, ""bb_std_dev"": 2.0, ""bb_window"": 14, ""cooldown"": 1, ""macd_fast"": 13, ""macd_k"": 1.05, ""macd_k_mid"": 0.6, ""macd_signal"": 8, ""macd_slow"": 44, ""macd_std_window"": 100, ""rebalance_freq"": 120, ""rebounce_block"": 0, ""sl_mult_lm"": 1.9500000000000002, ""sl_mult_lr"": 2.4, ""sl_mult_sm"": 1.6, ""sl_mult_sr"": 1.7, ""time_stop"": 26, ""tp_mult_lm"": 5.4, ""tp_mult_lr"": 12.600000000000001, ""tp_mult_sm"": 3.8, ""tp_mult_sr"": 4.3, ""trail_mult"": 2.0, ""trail_tp"": true, ""use_trailing"": true}",{},
1368,-1000000000.0,TrialState.COMPLETE,2026-04-01T03:00:45.873500,2026-04-01T03:00:57.608538,11.735038,"{""atr_window"": 16, ""bb_std_dev"": 1.65, ""bb_window"": 23, ""cooldown"": 4, ""macd_fast"": 15, ""macd_k"": 1.1, ""macd_k_mid"": 0.7, ""macd_signal"": 7, ""macd_slow"": 37, ""macd_std_window"": 83, ""rebalance_freq"": 150, ""rebounce_block"": 2, ""sl_mult_lm"": 2.1500000000000004, ""sl_mult_lr"": 2.8, ""sl_mult_sm"": 1.55, ""sl_mult_sr"": 2.2, ""time_stop"": 8, ""tp_mult_lm"": 5.1, ""tp_mult_lr"": 12.2, ""tp_mult_sm"": 5.9, ""tp_mult_sr"": 3.8, ""trail_mult"": 1.8, ""trail_tp"": false, ""use_trailing"": false}",{},
1369,-1000000000.0,TrialState.COMPLETE,2026-04-01T03:00:57.706992,2026-04-01T03:00:57.993217,0.286225,"{""atr_window"": 15, ""bb_std_dev"": 2.25, ""bb_window"": 22, ""cooldown"": 2, ""macd_fast"": 14, ""macd_k"": 1.15, ""macd_k_mid"": 0.75, ""macd_signal"": 9, ""macd_slow"": 42, ""macd_std_window"": 75, ""rebalance_freq"": 30, ""rebounce_block"": 5, ""sl_mult_lm"": 2.1, ""sl_mult_lr"": 2.5, ""sl_mult_sm"": 1.35, ""sl_mult_sr"": 2.1, ""time_stop"": 17, ""tp_mult_lm"": 4.7, ""tp_mult_lr"": 14.8, ""tp_mult_sm"": 7.0, ""tp_mult_sr"": 3.0, ""trail_mult"": 2.4, ""trail_tp"": true, ""use_trailing"": true}",{},
1370,-1000000000.0,TrialState.COMPLETE,2026-04-01T03:00:58.084289,2026-04-01T03:00:58.334002,0.249713,"{""atr_window"": 12, ""bb_std_dev"": 2.45, ""bb_window"": 16, ""cooldown"": 0, ""macd_fast"": 17, ""macd_k"": 1.25, ""macd_k_mid"": 0.55, ""macd_signal"": 8, ""macd_slow"": 41, ""macd_std_window"": 94, ""rebalance_freq"": 120, ""rebounce_block"": 3, ""sl_mult_lm"": 1.9, ""sl_mult_lr"": 5.0, ""sl_mult_sm"": 1.85, ""sl_mult_sr"": 2.7, ""time_stop"": 28, ""tp_mult_lm"": 5.2, ""tp_mult_lr"": 17.0, ""tp_mult_sm"": 5.1, ""tp_mult_sr"": 6.9, ""trail_mult"": 3.6, ""trail_tp"": true, ""use_trailing"": true}",{},
1371,-1000000000.0,TrialState.COMPLETE,2026-04-01T03:00:58.424355,2026-04-01T03:00:58.672268,0.247913,"{""atr_window"": 20, ""bb_std_dev"": 2.05, ""bb_window"": 17, ""cooldown"": 3, ""macd_fast"": 12, ""macd_k"": 1.75, ""macd_k_mid"": 1.0, ""macd_signal"": 10, ""macd_slow"": 35, ""macd_std_window"": 70, ""rebalance_freq"": 180, ""rebounce_block"": 4, ""sl_mult_lm"": 1.5, ""sl_mult_lr"": 3.6, ""sl_mult_sm"": 1.75, ""sl_mult_sr"": 1.6, ""time_stop"": 22, ""tp_mult_lm"": 5.6, ""tp_mult_lr"": 10.6, ""tp_mult_sm"": 3.6, ""tp_mult_sr"": 4.7, ""trail_mult"": 3.0, ""trail_tp"": false, ""use_trailing"": true}",{},
1372,-1000000000.0,TrialState.COMPLETE,2026-04-01T03:00:58.760968,2026-04-01T03:00:59.005856,0.244888,"{""atr_window"": 14, ""bb_std_dev"": 1.7999999999999998, ""bb_window"": 14, ""cooldown"": 1, ""macd_fast"": 19, ""macd_k"": 1.0, ""macd_k_mid"": 0.5, ""macd_signal"": 7, ""macd_slow"": 43, ""macd_std_window"": 81, ""rebalance_freq"": 90, ""rebounce_block"": 6, ""sl_mult_lm"": 1.4, ""sl_mult_lr"": 2.3, ""sl_mult_sm"": 1.9, ""sl_mult_sr"": 1.9, ""time_stop"": 5, ""tp_mult_lm"": 4.1, ""tp_mult_lr"": 9.8, ""tp_mult_sm"": 5.5, ""tp_mult_sr"": 5.2, ""trail_mult"": 2.5, ""trail_tp"": true, ""use_trailing"": false}",{},
1373,-1000000000.0,TrialState.COMPLETE,2026-04-01T03:00:59.100198,2026-04-01T03:00:59.398039,0.297841,"{""atr_window"": 18, ""bb_std_dev"": 1.5999999999999999, ""bb_window"": 16, ""cooldown"": 0, ""macd_fast"": 11, ""macd_k"": 1.9500000000000002, ""macd_k_mid"": 0.6, ""macd_signal"": 8, ""macd_slow"": 39, ""macd_std_window"": 80, ""rebalance_freq"": 60, ""rebounce_block"": 5, ""sl_mult_lm"": 1.2, ""sl_mult_lr"": 2.2, ""sl_mult_sm"": 1.8, ""sl_mult_sr"": 1.5, ""time_stop"": 24, ""tp_mult_lm"": 3.7, ""tp_mult_lr"": 9.4, ""tp_mult_sm"": 6.0, ""tp_mult_sr"": 5.1, ""trail_mult"": 3.9000000000000004, ""trail_tp"": false, ""use_trailing"": true}",{},
1374,-1000000000.0,TrialState.COMPLETE,2026-04-01T03:00:59.489825,2026-04-01T03:00:59.752895,0.26307,"{""atr_window"": 13, ""bb_std_dev"": 2.2, ""bb_window"": 24, ""cooldown"": 5, ""macd_fast"": 14, ""macd_k"": 1.5, ""macd_k_mid"": 0.7, ""macd_signal"": 9, ""macd_slow"": 40, ""macd_std_window"": 88, ""rebalance_freq"": 150, ""rebounce_block"": 4, ""sl_mult_lm"": 1.55, ""sl_mult_lr"": 2.6, ""sl_mult_sm"": 1.65, ""sl_mult_sr"": 2.3, ""time_stop"": 0, ""tp_mult_lm"": 6.0, ""tp_mult_lr"": 12.8, ""tp_mult_sm"": 4.4, ""tp_mult_sr"": 6.2, ""trail_mult"": 3.1, ""trail_tp"": true, ""use_trailing"": true}",{},
1375,-1000000000.0,TrialState.COMPLETE,2026-04-01T03:00:59.842305,2026-04-01T03:01:11.863766,12.021461,"{""atr_window"": 16, ""bb_std_dev"": 2.5, ""bb_window"": 18, ""cooldown"": 2, ""macd_fast"": 20, ""macd_k"": 1.55, ""macd_k_mid"": 0.65, ""macd_signal"": 10, ""macd_slow"": 41, ""macd_std_window"": 93, ""rebalance_freq"": 30, ""rebounce_block"": 3, ""sl_mult_lm"": 1.7000000000000002, ""sl_mult_lr"": 4.9, ""sl_mult_sm"": 1.7000000000000002, ""sl_mult_sr"": 1.8, ""time_stop"": 16, ""tp_mult_lm"": 4.4, ""tp_mult_lr"": 15.8, ""tp_mult_sm"": 6.2, ""tp_mult_sr"": 4.5, ""trail_mult"": 2.1, ""trail_tp"": false, ""use_trailing"": false}",{},
1376,-1000000000.0,TrialState.COMPLETE,2026-04-01T03:01:11.942469,2026-04-01T03:01:12.185764,0.243295,"{""atr_window"": 17, ""bb_std_dev"": 2.15, ""bb_window"": 25, ""cooldown"": 4, ""macd_fast"": 15, ""macd_k"": 1.35, ""macd_k_mid"": 0.95, ""macd_signal"": 8, ""macd_slow"": 38, ""macd_std_window"": 96, ""rebalance_freq"": 180, ""rebounce_block"": 1, ""sl_mult_lm"": 1.65, ""sl_mult_lr"": 2.4, ""sl_mult_sm"": 1.9500000000000002, ""sl_mult_sr"": 2.8, ""time_stop"": 12, ""tp_mult_lm"": 5.1, ""tp_mult_lr"": 10.4, ""tp_mult_sm"": 3.0, ""tp_mult_sr"": 3.7, ""trail_mult"": 2.6, ""trail_tp"": true, ""use_trailing"": true}",{},
1377,-1000000000.0,TrialState.COMPLETE,2026-04-01T03:01:12.271174,2026-04-01T03:01:24.012407,11.741233,"{""atr_window"": 15, ""bb_std_dev"": 2.35, ""bb_window"": 14, ""cooldown"": 1, ""macd_fast"": 17, ""macd_k"": 1.4, ""macd_k_mid"": 0.55, ""macd_signal"": 6, ""macd_slow"": 37, ""macd_std_window"": 98, ""rebalance_freq"": 150, ""rebounce_block"": 0, ""sl_mult_lm"": 1.25, ""sl_mult_lr"": 2.0, ""sl_mult_sm"": 1.6, ""sl_mult_sr"": 2.9000000000000004, ""time_stop"": 9, ""tp_mult_lm"": 5.5, ""tp_mult_lr"": 11.8, ""tp_mult_sm"": 5.6, ""tp_mult_sr"": 3.8, ""trail_mult"": 2.2, ""trail_tp"": false, ""use_trailing"": true}",{},
