number,value,state,datetime_start,datetime_complete,duration_seconds,params_json,fold_sharpes_json,avg_cv_sharpe
969,-1000000000.0,TrialState.COMPLETE,2026-04-01T02:23:23.299607,2026-04-01T02:23:23.344592,0.044985,"{""atr_window"": 14, ""bb_std_dev"": 2.45, ""bb_window"": 19, ""cooldown"": 1, ""macd_fast"": 15, ""macd_k"": 1.05, ""macd_k_mid"": 0.55, ""macd_signal"": 8, ""macd_slow"": 42, ""macd_std_window"": 71, ""rebalance_freq"": 150, ""rebounce_block"": 3, ""sl_mult_lm"": 1.15, ""sl_mult_lr"": 4.7, ""sl_mult_sm"": 1.3, ""sl_mult_sr"": 1.6, ""time_stop"": 14, ""tp_mult_lm"": 3.8, ""tp_mult_lr"": 8.4, ""tp_mult_sm"": 7.0, ""tp_mult_sr"": 6.2, ""trail_mult"": 2.5, ""trail_tp"": true, ""use_trailing"": true}",{},
970,-1000000000.0,TrialState.COMPLETE,2026-04-01T02:23:23.401992,2026-04-01T02:23:23.471557,0.069565,"{""atr_window"": 16, ""bb_std_dev"": 2.3, ""bb_window"": 23, ""cooldown"": 5, ""macd_fast"": 12, ""macd_k"": 1.75, ""macd_k_mid"": 0.55, ""macd_signal"": 9, ""macd_slow"": 36, ""macd_std_window"": 95, ""rebalance_freq"": 180, ""rebounce_block"": 5, ""sl_mult_lm"": 1.35, ""sl_mult_lr"": 3.1, ""sl_mult_sm"": 1.7000000000000002, ""sl_mult_sr"": 1.5, ""time_stop"": 0, ""tp_mult_lm"": 5.800000000000001, ""tp_mult_lr"": 12.2, ""tp_mult_sm"": 3.6, ""tp_mult_sr"": 4.7, ""trail_mult"": 2.0, ""trail_tp"": false, ""use_trailing"": true}",{},
971,-1000000000.0,TrialState.COMPLETE,2026-04-01T02:23:23.506918,2026-04-01T02:23:23.548409,0.041491,"{""atr_window"": 14, ""bb_std_dev"": 2.4, ""bb_window"": 14, ""cooldown"": 3, ""macd_fast"": 13, ""macd_k"": 1.1, ""macd_k_mid"": 0.7, ""macd_signal"": 7, ""macd_slow"": 41, ""macd_std_window"": 99, ""rebalance_freq"": 90, ""rebounce_block"": 6, ""sl_mult_lm"": 1.0, ""sl_mult_lr"": 3.6, ""sl_mult_sm"": 1.55, ""sl_mult_sr"": 1.6, ""time_stop"": 19, ""tp_mult_lm"": 5.3, ""tp_mult_lr"": 9.6, ""tp_mult_sm"": 6.4, ""tp_mult_sr"": 5.9, ""trail_mult"": 1.8, ""trail_tp"": true, ""use_trailing"": true}",{},
972,-1000000000.0,TrialState.COMPLETE,2026-04-01T02:23:23.584792,2026-04-01T02:23:23.624186,0.039394,"{""atr_window"": 18, ""bb_std_dev"": 2.2, ""bb_window"": 25, ""cooldown"": 4, ""macd_fast"": 14, ""macd_k"": 1.55, ""macd_k_mid"": 0.6, ""macd_signal"": 6, ""macd_slow"": 44, ""macd_std_window"": 70, ""rebalance_freq"": 150, ""rebounce_block"": 0, ""sl_mult_lm"": 1.3, ""sl_mult_lr"": 2.3, ""sl_mult_sm"": 1.8, ""sl_mult_sr"": 2.5, ""time_stop"": 23, ""tp_mult_lm"": 5.1, ""tp_mult_lr"": 14.8, ""tp_mult_sm"": 4.8, ""tp_mult_sr"": 3.0, ""trail_mult"": 3.1, ""trail_tp"": false, ""use_trailing"": false}",{},
973,-1000000000.0,TrialState.COMPLETE,2026-04-01T02:23:23.656768,2026-04-01T02:23:23.698603,0.041835,"{""atr_window"": 12, ""bb_std_dev"": 2.15, ""bb_window"": 15, ""cooldown"": 0, ""macd_fast"": 10, ""macd_k"": 1.2, ""macd_k_mid"": 0.8500000000000001, ""macd_signal"": 10, ""macd_slow"": 41, ""macd_std_window"": 88, ""rebalance_freq"": 120, ""rebounce_block"": 2, ""sl_mult_lm"": 1.7000000000000002, ""sl_mult_lr"": 3.4000000000000004, ""sl_mult_sm"": 1.75, ""sl_mult_sr"": 2.7, ""time_stop"": 2, ""tp_mult_lm"": 5.0, ""tp_mult_lr"": 13.2, ""tp_mult_sm"": 4.4, ""tp_mult_sr"": 5.6, ""trail_mult"": 2.1, ""trail_tp"": true, ""use_trailing"": true}",{},
974,-1000000000.0,TrialState.COMPLETE,2026-04-01T02:23:23.731986,2026-04-01T02:23:26.196119,2.464133,"{""atr_window"": 19, ""bb_std_dev"": 2.25, ""bb_window"": 17, ""cooldown"": 2, ""macd_fast"": 20, ""macd_k"": 1.85, ""macd_k_mid"": 0.65, ""macd_signal"": 8, ""macd_slow"": 38, ""macd_std_window"": 91, ""rebalance_freq"": 30, ""rebounce_block"": 4, ""sl_mult_lm"": 1.05, ""sl_mult_lr"": 2.7, ""sl_mult_sm"": 1.85, ""sl_mult_sr"": 2.1, ""time_stop"": 25, ""tp_mult_lm"": 5.5, ""tp_mult_lr"": 10.8, ""tp_mult_sm"": 3.1, ""tp_mult_sr"": 4.0, ""trail_mult"": 1.7, ""trail_tp"": false, ""use_trailing"": true}",{},
975,-1000000000.0,TrialState.COMPLETE,2026-04-01T02:23:26.228051,2026-04-01T02:23:26.268840,0.040789,"{""atr_window"": 16, ""bb_std_dev"": 2.35, ""bb_window"": 14, ""cooldown"": 1, ""macd_fast"": 14, ""macd_k"": 1.15, ""macd_k_mid"": 0.55, ""macd_signal"": 9, ""macd_slow"": 37, ""macd_std_window"": 84, ""rebalance_freq"": 150, ""rebounce_block"": 3, ""sl_mult_lm"": 1.2, ""sl_mult_lr"": 3.0, ""sl_mult_sm"": 1.25, ""sl_mult_sr"": 1.7, ""time_stop"": 16, ""tp_mult_lm"": 4.6, ""tp_mult_lr"": 9.2, ""tp_mult_sm"": 6.9, ""tp_mult_sr"": 4.3, ""trail_mult"": 3.5, ""trail_tp"": true, ""use_trailing"": true}",{},
976,-1000000000.0,TrialState.COMPLETE,2026-04-01T02:23:26.304658,2026-04-01T02:23:26.355649,0.050991,"{""atr_window"": 20, ""bb_std_dev"": 1.65, ""bb_window"": 16, ""cooldown"": 1, ""macd_fast"": 12, ""macd_k"": 1.35, ""macd_k_mid"": 0.5, ""macd_signal"": 8, ""macd_slow"": 43, ""macd_std_window"": 89, ""rebalance_freq"": 180, ""rebounce_block"": 4, ""sl_mult_lm"": 1.9, ""sl_mult_lr"": 2.2, ""sl_mult_sm"": 1.7000000000000002, ""sl_mult_sr"": 1.9, ""time_stop"": 7, ""tp_mult_lm"": 5.9, ""tp_mult_lr"": 12.8, ""tp_mult_sm"": 5.1, ""tp_mult_sr"": 5.2, ""trail_mult"": 3.1, ""trail_tp"": false, ""use_trailing"": false}",{},
977,-1000000000.0,TrialState.COMPLETE,2026-04-01T02:23:26.389424,2026-04-01T02:23:26.444019,0.054595,"{""atr_window"": 17, ""bb_std_dev"": 2.05, ""bb_window"": 18, ""cooldown"": 3, ""macd_fast"": 15, ""macd_k"": 1.6, ""macd_k_mid"": 0.6, ""macd_signal"": 7, ""macd_slow"": 42, ""macd_std_window"": 75, ""rebalance_freq"": 180, ""rebounce_block"": 5, ""sl_mult_lm"": 1.15, ""sl_mult_lr"": 2.5, ""sl_mult_sm"": 1.05, ""sl_mult_sr"": 1.5, ""time_stop"": 20, ""tp_mult_lm"": 4.1, ""tp_mult_lr"": 12.0, ""tp_mult_sm"": 4.6, ""tp_mult_sr"": 4.2, ""trail_mult"": 2.6, ""trail_tp"": true, ""use_trailing"": true}",{},
978,-1000000000.0,TrialState.COMPLETE,2026-04-01T02:23:26.477934,2026-04-01T02:23:26.518186,0.040252,"{""atr_window"": 14, ""bb_std_dev"": 2.1, ""bb_window"": 21, ""cooldown"": 0, ""macd_fast"": 16, ""macd_k"": 1.4, ""macd_k_mid"": 0.9, ""macd_signal"": 10, ""macd_slow"": 40, ""macd_std_window"": 81, ""rebalance_freq"": 90, ""rebounce_block"": 2, ""sl_mult_lm"": 1.1, ""sl_mult_lr"": 4.4, ""sl_mult_sm"": 1.65, ""sl_mult_sr"": 2.4, ""time_stop"": 4, ""tp_mult_lm"": 4.7, ""tp_mult_lr"": 9.0, ""tp_mult_sm"": 6.2, ""tp_mult_sr"": 5.800000000000001, ""trail_mult"": 2.8, ""trail_tp"": true, ""use_trailing"": true}",{},
979,-1000000000.0,TrialState.COMPLETE,2026-04-01T02:23:26.551275,2026-04-01T02:23:26.593965,0.04269,"{""atr_window"": 13, ""bb_std_dev"": 2.4, ""bb_window"": 14, ""cooldown"": 1, ""macd_fast"": 13, ""macd_k"": 1.7000000000000002, ""macd_k_mid"": 0.7, ""macd_signal"": 8, ""macd_slow"": 43, ""macd_std_window"": 98, ""rebalance_freq"": 60, ""rebounce_block"": 1, ""sl_mult_lm"": 1.35, ""sl_mult_lr"": 2.4, ""sl_mult_sm"": 1.15, ""sl_mult_sr"": 2.2, ""time_stop"": 15, ""tp_mult_lm"": 3.7, ""tp_mult_lr"": 15.8, ""tp_mult_sm"": 5.9, ""tp_mult_sr"": 3.5, ""trail_mult"": 2.7, ""trail_tp"": false, ""use_trailing"": false}",{},
980,-1000000000.0,TrialState.COMPLETE,2026-04-01T02:23:26.626278,2026-04-01T02:23:29.126221,2.499943,"{""atr_window"": 15, ""bb_std_dev"": 1.8499999999999999, ""bb_window"": 15, ""cooldown"": 2, ""macd_fast"": 19, ""macd_k"": 1.05, ""macd_k_mid"": 0.6, ""macd_signal"": 9, ""macd_slow"": 35, ""macd_std_window"": 88, ""rebalance_freq"": 150, ""rebounce_block"": 0, ""sl_mult_lm"": 1.75, ""sl_mult_lr"": 4.800000000000001, ""sl_mult_sm"": 1.9, ""sl_mult_sr"": 1.8, ""time_stop"": 21, ""tp_mult_lm"": 4.9, ""tp_mult_lr"": 10.6, ""tp_mult_sm"": 3.2, ""tp_mult_sr"": 3.9, ""trail_mult"": 3.8000000000000003, ""trail_tp"": true, ""use_trailing"": true}",{},
981,-1000000000.0,TrialState.COMPLETE,2026-04-01T02:23:29.163716,2026-04-01T02:23:31.703590,2.539874,"{""atr_window"": 11, ""bb_std_dev"": 2.0, ""bb_window"": 17, ""cooldown"": 4, ""macd_fast"": 18, ""macd_k"": 1.0, ""macd_k_mid"": 0.5, ""macd_signal"": 9, ""macd_slow"": 39, ""macd_std_window"": 77, ""rebalance_freq"": 120, ""rebounce_block"": 6, ""sl_mult_lm"": 1.3, ""sl_mult_lr"": 2.9, ""sl_mult_sm"": 1.35, ""sl_mult_sr"": 2.0, ""time_stop"": 8, ""tp_mult_lm"": 3.5, ""tp_mult_lr"": 15.0, ""tp_mult_sm"": 6.5, ""tp_mult_sr"": 4.1, ""trail_mult"": 2.1, ""trail_tp"": false, ""use_trailing"": true}",{},
982,-1000000000.0,TrialState.COMPLETE,2026-04-01T02:23:31.730299,2026-04-01T02:23:31.766869,0.03657,"{""atr_window"": 18, ""bb_std_dev"": 1.7, ""bb_window"": 15, ""cooldown"": 5, ""macd_fast"": 20, ""macd_k"": 1.5, ""macd_k_mid"": 0.55, ""macd_signal"": 7, ""macd_slow"": 44, ""macd_std_window"": 85, ""rebalance_freq"": 30, ""rebounce_block"": 5, ""sl_mult_lm"": 1.6, ""sl_mult_lr"": 2.0, ""sl_mult_sm"": 1.5, ""sl_mult_sr"": 3.3, ""time_stop"": 17, ""tp_mult_lm"": 4.3, ""tp_mult_lr"": 10.0, ""tp_mult_sm"": 3.3, ""tp_mult_sr"": 5.4, ""trail_mult"": 1.9, ""trail_tp"": true, ""use_trailing"": true}",{},
983,-1000000000.0,TrialState.COMPLETE,2026-04-01T02:23:31.811597,2026-04-01T02:23:31.855127,0.04353,"{""atr_window"": 16, ""bb_std_dev"": 2.5, ""bb_window"": 20, ""cooldown"": 2, ""macd_fast"": 11, ""macd_k"": 1.1, ""macd_k_mid"": 0.55, ""macd_signal"": 6, ""macd_slow"": 40, ""macd_std_window"": 82, ""rebalance_freq"": 150, ""rebounce_block"": 4, ""sl_mult_lm"": 1.4, ""sl_mult_lr"": 2.6, ""sl_mult_sm"": 1.9500000000000002, ""sl_mult_sr"": 3.2, ""time_stop"": 13, ""tp_mult_lm"": 5.4, ""tp_mult_lr"": 14.600000000000001, ""tp_mult_sm"": 6.1, ""tp_mult_sr"": 6.7, ""trail_mult"": 3.6, ""trail_tp"": false, ""use_trailing"": false}",{},
984,-1000000000.0,TrialState.COMPLETE,2026-04-01T02:23:31.891768,2026-04-01T02:23:31.935765,0.043997,"{""atr_window"": 10, ""bb_std_dev"": 2.45, ""bb_window"": 14, ""cooldown"": 1, ""macd_fast"": 10, ""macd_k"": 1.65, ""macd_k_mid"": 0.95, ""macd_signal"": 8, ""macd_slow"": 37, ""macd_std_window"": 100, ""rebalance_freq"": 180, ""rebounce_block"": 6, ""sl_mult_lm"": 1.8, ""sl_mult_lr"": 2.4, ""sl_mult_sm"": 1.55, ""sl_mult_sr"": 2.6, ""time_stop"": 1, ""tp_mult_lm"": 4.8, ""tp_mult_lr"": 11.0, ""tp_mult_sm"": 5.800000000000001, ""tp_mult_sr"": 3.3, ""trail_mult"": 3.3, ""trail_tp"": true, ""use_trailing"": true}",{},
985,-1000000000.0,TrialState.COMPLETE,2026-04-01T02:23:31.970912,2026-04-01T02:23:32.015008,0.044096,"{""atr_window"": 15, ""bb_std_dev"": 1.5499999999999998, ""bb_window"": 16, ""cooldown"": 0, ""macd_fast"": 14, ""macd_k"": 1.45, ""macd_k_mid"": 0.9, ""macd_signal"": 5, ""macd_slow"": 43, ""macd_std_window"": 92, ""rebalance_freq"": 120, ""rebounce_block"": 3, ""sl_mult_lm"": 1.0, ""sl_mult_lr"": 2.3, ""sl_mult_sm"": 1.75, ""sl_mult_sr"": 2.8, ""time_stop"": 29, ""tp_mult_lm"": 5.3, ""tp_mult_lr"": 11.4, ""tp_mult_sm"": 5.0, ""tp_mult_sr"": 3.7, ""trail_mult"": 2.3, ""trail_tp"": false, ""use_trailing"": true}",{},
986,-1000000000.0,TrialState.COMPLETE,2026-04-01T02:23:32.049404,2026-04-01T02:23:32.089916,0.040512,"{""atr_window"": 20, ""bb_std_dev"": 2.2, ""bb_window"": 19, ""cooldown"": 4, ""macd_fast"": 12, ""macd_k"": 1.8, ""macd_k_mid"": 0.65, ""macd_signal"": 10, ""macd_slow"": 36, ""macd_std_window"": 96, ""rebalance_freq"": 150, ""rebounce_block"": 1, ""sl_mult_lm"": 1.2, ""sl_mult_lr"": 2.5, ""sl_mult_sm"": 1.6, ""sl_mult_sr"": 1.7, ""time_stop"": 19, ""tp_mult_lm"": 5.2, ""tp_mult_lr"": 11.6, ""tp_mult_sm"": 4.5, ""tp_mult_sr"": 4.9, ""trail_mult"": 3.2, ""trail_tp"": true, ""use_trailing"": true}",{},
987,-1000000000.0,TrialState.COMPLETE,2026-04-01T02:23:32.121687,2026-04-01T02:23:32.161777,0.04009,"{""atr_window"": 19, ""bb_std_dev"": 2.15, ""bb_window"": 17, ""cooldown"": 2, ""macd_fast"": 16, ""macd_k"": 1.2, ""macd_k_mid"": 0.7, ""macd_signal"": 8, ""macd_slow"": 42, ""macd_std_window"": 80, ""rebalance_freq"": 90, ""rebounce_block"": 5, ""sl_mult_lm"": 1.5, ""sl_mult_lr"": 2.2, ""sl_mult_sm"": 1.1, ""sl_mult_sr"": 3.5, ""time_stop"": 27, ""tp_mult_lm"": 5.7, ""tp_mult_lr"": 12.4, ""tp_mult_sm"": 6.7, ""tp_mult_sr"": 5.9, ""trail_mult"": 3.0, ""trail_tp"": false, ""use_trailing"": false}",{},
988,-1000000000.0,TrialState.COMPLETE,2026-04-01T02:23:32.193754,2026-04-01T02:23:32.237802,0.044048,"{""atr_window"": 14, ""bb_std_dev"": 2.05, ""bb_window"": 14, ""cooldown"": 0, ""macd_fast"": 17, ""macd_k"": 1.15, ""macd_k_mid"": 0.75, ""macd_signal"": 9, ""macd_slow"": 41, ""macd_std_window"": 87, ""rebalance_freq"": 30, ""rebounce_block"": 5, ""sl_mult_lm"": 1.9500000000000002, ""sl_mult_lr"": 3.3, ""sl_mult_sm"": 1.0, ""sl_mult_sr"": 2.9000000000000004, ""time_stop"": 24, ""tp_mult_lm"": 6.0, ""tp_mult_lr"": 12.600000000000001, ""tp_mult_sm"": 6.300000000000001, ""tp_mult_sr"": 6.5, ""trail_mult"": 2.2, ""trail_tp"": true, ""use_trailing"": true}",{},
989,-1000000000.0,TrialState.COMPLETE,2026-04-01T02:23:32.280645,2026-04-01T02:23:32.326444,0.045799,"{""atr_window"": 13, ""bb_std_dev"": 2.35, ""bb_window"": 24, ""cooldown"": 3, ""macd_fast"": 19, ""macd_k"": 1.55, ""macd_k_mid"": 0.6, ""macd_signal"": 7, ""macd_slow"": 44, ""macd_std_window"": 97, ""rebalance_freq"": 180, ""rebounce_block"": 6, ""sl_mult_lm"": 2.1500000000000004, ""sl_mult_lr"": 3.5, ""sl_mult_sm"": 1.45, ""sl_mult_sr"": 2.1, ""time_stop"": 9, ""tp_mult_lm"": 3.9, ""tp_mult_lr"": 10.2, ""tp_mult_sm"": 5.2, ""tp_mult_sr"": 3.1, ""trail_mult"": 2.9000000000000004, ""trail_tp"": false, ""use_trailing"": true}",{},
990,-1000000000.0,TrialState.COMPLETE,2026-04-01T02:23:32.361679,2026-04-01T02:23:34.854414,2.492735,"{""atr_window"": 17, ""bb_std_dev"": 1.8499999999999999, ""bb_window"": 18, ""cooldown"": 1, ""macd_fast"": 15, ""macd_k"": 1.05, ""macd_k_mid"": 1.0, ""macd_signal"": 6, ""macd_slow"": 35, ""macd_std_window"": 86, ""rebalance_freq"": 120, ""rebounce_block"": 2, ""sl_mult_lm"": 2.1, ""sl_mult_lr"": 2.8, ""sl_mult_sm"": 1.65, ""sl_mult_sr"": 1.5, ""time_stop"": 10, ""tp_mult_lm"": 5.6, ""tp_mult_lr"": 9.8, ""tp_mult_sm"": 3.7, ""tp_mult_sr"": 5.1, ""trail_mult"": 3.1, ""trail_tp"": true, ""use_trailing"": true}",{},
991,-1000000000.0,TrialState.COMPLETE,2026-04-01T02:23:34.881995,2026-04-01T02:23:34.923495,0.0415,"{""atr_window"": 11, ""bb_std_dev"": 1.75, ""bb_window"": 14, ""cooldown"": 1, ""macd_fast"": 13, ""macd_k"": 1.9, ""macd_k_mid"": 0.55, ""macd_signal"": 9, ""macd_slow"": 39, ""macd_std_window"": 90, ""rebalance_freq"": 150, ""rebounce_block"": 3, ""sl_mult_lm"": 2.0, ""sl_mult_lr"": 3.2, ""sl_mult_sm"": 1.2, ""sl_mult_sr"": 1.6, ""time_stop"": 22, ""tp_mult_lm"": 4.2, ""tp_mult_lr"": 11.8, ""tp_mult_sm"": 6.0, ""tp_mult_sr"": 6.1, ""trail_mult"": 3.4000000000000004, ""trail_tp"": false, ""use_trailing"": false}",{},
992,-1000000000.0,TrialState.COMPLETE,2026-04-01T02:23:34.956543,2026-04-01T02:23:37.496811,2.540268,"{""atr_window"": 20, ""bb_std_dev"": 1.45, ""bb_window"": 21, ""cooldown"": 2, ""macd_fast"": 20, ""macd_k"": 1.35, ""macd_k_mid"": 0.5, ""macd_signal"": 8, ""macd_slow"": 40, ""macd_std_window"": 93, ""rebalance_freq"": 150, ""rebounce_block"": 0, ""sl_mult_lm"": 1.25, ""sl_mult_lr"": 4.300000000000001, ""sl_mult_sm"": 1.6, ""sl_mult_sr"": 1.8, ""time_stop"": 12, ""tp_mult_lm"": 4.0, ""tp_mult_lr"": 13.4, ""tp_mult_sm"": 5.4, ""tp_mult_sr"": 6.0, ""trail_mult"": 1.5, ""trail_tp"": true, ""use_trailing"": true}",{},
993,-1000000000.0,TrialState.COMPLETE,2026-04-01T02:23:37.524679,2026-04-01T02:23:40.080008,2.555329,"{""atr_window"": 18, ""bb_std_dev"": 1.95, ""bb_window"": 15, ""cooldown"": 4, ""macd_fast"": 18, ""macd_k"": 1.25, ""macd_k_mid"": 0.8500000000000001, ""macd_signal"": 10, ""macd_slow"": 37, ""macd_std_window"": 70, ""rebalance_freq"": 120, ""rebounce_block"": 4, ""sl_mult_lm"": 1.35, ""sl_mult_lr"": 2.1, ""sl_mult_sm"": 1.7000000000000002, ""sl_mult_sr"": 2.0, ""time_stop"": 26, ""tp_mult_lm"": 4.4, ""tp_mult_lr"": 11.2, ""tp_mult_sm"": 4.3, ""tp_mult_sr"": 5.7, ""trail_mult"": 3.7, ""trail_tp"": false, ""use_trailing"": true}",{},
994,-1000000000.0,TrialState.COMPLETE,2026-04-01T02:23:40.107247,2026-04-01T02:23:40.150289,0.043042,"{""atr_window"": 15, ""bb_std_dev"": 2.25, ""bb_window"": 22, ""cooldown"": 0, ""macd_fast"": 14, ""macd_k"": 1.0, ""macd_k_mid"": 0.8, ""macd_signal"": 8, ""macd_slow"": 38, ""macd_std_window"": 79, ""rebalance_freq"": 180, ""rebounce_block"": 5, ""sl_mult_lm"": 1.85, ""sl_mult_lr"": 3.9000000000000004, ""sl_mult_sm"": 1.85, ""sl_mult_sr"": 2.3, ""time_stop"": 21, ""tp_mult_lm"": 5.3, ""tp_mult_lr"": 9.4, ""tp_mult_sm"": 3.4, ""tp_mult_sr"": 3.8, ""trail_mult"": 3.9000000000000004, ""trail_tp"": true, ""use_trailing"": false}",{},
995,-1000000000.0,TrialState.COMPLETE,2026-04-01T02:23:40.183592,2026-04-01T02:23:40.226663,0.043071,"{""atr_window"": 12, ""bb_std_dev"": 2.5, ""bb_window"": 16, ""cooldown"": 1, ""macd_fast"": 11, ""macd_k"": 1.75, ""macd_k_mid"": 0.55, ""macd_signal"": 9, ""macd_slow"": 36, ""macd_std_window"": 71, ""rebalance_freq"": 30, ""rebounce_block"": 2, ""sl_mult_lm"": 1.9, ""sl_mult_lr"": 3.0, ""sl_mult_sm"": 2.0, ""sl_mult_sr"": 1.5, ""time_stop"": 14, ""tp_mult_lm"": 5.1, ""tp_mult_lr"": 8.2, ""tp_mult_sm"": 5.5, ""tp_mult_sr"": 5.6, ""trail_mult"": 2.0, ""trail_tp"": false, ""use_trailing"": true}",{},
996,-1000000000.0,TrialState.COMPLETE,2026-04-01T02:23:40.272668,2026-04-01T02:23:40.318297,0.045629,"{""atr_window"": 16, ""bb_std_dev"": 2.45, ""bb_window"": 17, ""cooldown"": 4, ""macd_fast"": 12, ""macd_k"": 1.9500000000000002, ""macd_k_mid"": 0.6, ""macd_signal"": 7, ""macd_slow"": 41, ""macd_std_window"": 98, ""rebalance_freq"": 60, ""rebounce_block"": 6, ""sl_mult_lm"": 1.45, ""sl_mult_lr"": 3.1, ""sl_mult_sm"": 1.4, ""sl_mult_sr"": 2.1, ""time_stop"": 5, ""tp_mult_lm"": 5.6, ""tp_mult_lr"": 12.2, ""tp_mult_sm"": 3.6, ""tp_mult_sr"": 3.4, ""trail_mult"": 1.6, ""trail_tp"": true, ""use_trailing"": true}",{},
997,-1000000000.0,TrialState.COMPLETE,2026-04-01T02:23:40.354367,2026-04-01T02:23:40.397351,0.042984,"{""atr_window"": 14, ""bb_std_dev"": 1.7999999999999998, ""bb_window"": 20, ""cooldown"": 3, ""macd_fast"": 14, ""macd_k"": 1.3, ""macd_k_mid"": 0.65, ""macd_signal"": 8, ""macd_slow"": 43, ""macd_std_window"": 89, ""rebalance_freq"": 90, ""rebounce_block"": 0, ""sl_mult_lm"": 1.55, ""sl_mult_lr"": 2.5, ""sl_mult_sm"": 1.0, ""sl_mult_sr"": 1.6, ""time_stop"": 20, ""tp_mult_lm"": 5.4, ""tp_mult_lr"": 10.4, ""tp_mult_sm"": 6.9, ""tp_mult_sr"": 6.300000000000001, ""trail_mult"": 2.6, ""trail_tp"": false, ""use_trailing"": true}",{},
998,-1000000000.0,TrialState.COMPLETE,2026-04-01T02:23:40.431769,2026-04-01T02:23:40.473880,0.042111,"{""atr_window"": 18, ""bb_std_dev"": 2.1, ""bb_window"": 14, ""cooldown"": 5, ""macd_fast"": 19, ""macd_k"": 1.6, ""macd_k_mid"": 0.5, ""macd_signal"": 9, ""macd_slow"": 42, ""macd_std_window"": 91, ""rebalance_freq"": 150, ""rebounce_block"": 3, ""sl_mult_lm"": 2.05, ""sl_mult_lr"": 2.9, ""sl_mult_sm"": 1.25, ""sl_mult_sr"": 3.0, ""time_stop"": 11, ""tp_mult_lm"": 5.0, ""tp_mult_lr"": 11.6, ""tp_mult_sm"": 4.1, ""tp_mult_sr"": 4.8, ""trail_mult"": 2.3, ""trail_tp"": true, ""use_trailing"": false}",{},
999,-1000000000.0,TrialState.COMPLETE,2026-04-01T02:23:40.506643,2026-04-01T02:23:40.547840,0.041197,"{""atr_window"": 19, ""bb_std_dev"": 2.3, ""bb_window"": 15, ""cooldown"": 2, ""macd_fast"": 10, ""macd_k"": 1.4, ""macd_k_mid"": 0.55, ""macd_signal"": 7, ""macd_slow"": 44, ""macd_std_window"": 81, ""rebalance_freq"": 150, ""rebounce_block"": 5, ""sl_mult_lm"": 1.05, ""sl_mult_lr"": 2.4, ""sl_mult_sm"": 1.8, ""sl_mult_sr"": 1.7, ""time_stop"": 25, ""tp_mult_lm"": 4.9, ""tp_mult_lr"": 16.8, ""tp_mult_sm"": 3.9, ""tp_mult_sr"": 4.0, ""trail_mult"": 2.2, ""trail_tp"": false, ""use_trailing"": true}",{},
1000,-1000000000.0,TrialState.COMPLETE,2026-04-01T02:23:40.581101,2026-04-01T02:23:40.623112,0.042011,"{""atr_window"": 17, ""bb_std_dev"": 1.9, ""bb_window"": 17, ""cooldown"": 1, ""macd_fast"": 15, ""macd_k"": 1.5, ""macd_k_mid"": 0.75, ""macd_signal"": 10, ""macd_slow"": 40, ""macd_std_window"": 100, ""rebalance_freq"": 180, ""rebounce_block"": 4, ""sl_mult_lm"": 1.4, ""sl_mult_lr"": 2.3, ""sl_mult_sm"": 1.5, ""sl_mult_sr"": 2.2, ""time_stop"": 13, ""tp_mult_lm"": 6.0, ""tp_mult_lr"": 12.0, ""tp_mult_sm"": 6.800000000000001, ""tp_mult_sr"": 4.5, ""trail_mult"": 2.4, ""trail_tp"": true, ""use_trailing"": true}",{},
1001,-1000000000.0,TrialState.COMPLETE,2026-04-01T02:23:40.661663,2026-04-01T02:23:40.705856,0.044193,"{""atr_window"": 16, ""bb_std_dev"": 2.4, ""bb_window"": 25, ""cooldown"": 1, ""macd_fast"": 17, ""macd_k"": 1.15, ""macd_k_mid"": 0.7, ""macd_signal"": 8, ""macd_slow"": 43, ""macd_std_window"": 84, ""rebalance_freq"": 60, ""rebounce_block"": 5, ""sl_mult_lm"": 1.65, ""sl_mult_lr"": 4.1, ""sl_mult_sm"": 1.05, ""sl_mult_sr"": 3.2, ""time_stop"": 18, ""tp_mult_lm"": 5.2, ""tp_mult_lr"": 14.0, ""tp_mult_sm"": 5.7, ""tp_mult_sr"": 5.300000000000001, ""trail_mult"": 3.6, ""trail_tp"": false, ""use_trailing"": true}",{},
1002,-1000000000.0,TrialState.COMPLETE,2026-04-01T02:23:40.739936,2026-04-01T02:23:40.795102,0.055166,"{""atr_window"": 14, ""bb_std_dev"": 2.2, ""bb_window"": 16, ""cooldown"": 0, ""macd_fast"": 12, ""macd_k"": 1.1, ""macd_k_mid"": 0.55, ""macd_signal"": 9, ""macd_slow"": 36, ""macd_std_window"": 75, ""rebalance_freq"": 90, ""rebounce_block"": 6, ""sl_mult_lm"": 1.7000000000000002, ""sl_mult_lr"": 4.5, ""sl_mult_sm"": 1.65, ""sl_mult_sr"": 2.5, ""time_stop"": 23, ""tp_mult_lm"": 5.5, ""tp_mult_lr"": 13.2, ""tp_mult_sm"": 5.6, ""tp_mult_sr"": 6.4, ""trail_mult"": 2.1, ""trail_tp"": true, ""use_trailing"": false}",{},
