number,value,state,datetime_start,datetime_complete,duration_seconds,params_json,fold_sharpes_json,avg_cv_sharpe
2027,-1000000000.0,TrialState.COMPLETE,2026-04-01T04:42:02.952720,2026-04-01T04:42:03.014737,0.062017,"{""atr_window"": 16, ""bb_std_dev"": 2.25, ""bb_window"": 14, ""cooldown"": 5, ""macd_fast"": 15, ""macd_k"": 1.6, ""macd_k_mid"": 0.55, ""macd_signal"": 9, ""macd_slow"": 42, ""macd_std_window"": 81, ""rebalance_freq"": 90, ""rebounce_block"": 3, ""sl_mult_lm"": 1.05, ""sl_mult_lr"": 3.5, ""sl_mult_sm"": 1.5, ""sl_mult_sr"": 2.1, ""time_stop"": 28, ""tp_mult_lm"": 5.1, ""tp_mult_lr"": 10.8, ""tp_mult_sm"": 6.9, ""tp_mult_sr"": 6.1, ""trail_mult"": 2.0, ""trail_tp"": true, ""use_trailing"": true}",{},
2028,-1000000000.0,TrialState.COMPLETE,2026-04-01T04:42:03.048781,2026-04-01T04:42:03.109347,0.060566,"{""atr_window"": 15, ""bb_std_dev"": 2.4, ""bb_window"": 18, ""cooldown"": 4, ""macd_fast"": 11, ""macd_k"": 1.0, ""macd_k_mid"": 0.6, ""macd_signal"": 7, ""macd_slow"": 38, ""macd_std_window"": 99, ""rebalance_freq"": 180, ""rebounce_block"": 5, ""sl_mult_lm"": 2.05, ""sl_mult_lr"": 2.4, ""sl_mult_sm"": 1.35, ""sl_mult_sr"": 1.6, ""time_stop"": 16, ""tp_mult_lm"": 3.6, ""tp_mult_lr"": 12.600000000000001, ""tp_mult_sm"": 3.6, ""tp_mult_sr"": 4.4, ""trail_mult"": 2.1, ""trail_tp"": false, ""use_trailing"": true}",{},
2029,-1000000000.0,TrialState.COMPLETE,2026-04-01T04:42:03.146058,2026-04-01T04:42:03.208244,0.062186,"{""atr_window"": 11, ""bb_std_dev"": 1.45, ""bb_window"": 20, ""cooldown"": 1, ""macd_fast"": 12, ""macd_k"": 1.35, ""macd_k_mid"": 0.7, ""macd_signal"": 8, ""macd_slow"": 37, ""macd_std_window"": 83, ""rebalance_freq"": 30, ""rebounce_block"": 5, ""sl_mult_lm"": 1.2, ""sl_mult_lr"": 4.9, ""sl_mult_sm"": 2.0, ""sl_mult_sr"": 1.7, ""time_stop"": 12, ""tp_mult_lm"": 5.800000000000001, ""tp_mult_lr"": 13.4, ""tp_mult_sm"": 3.2, ""tp_mult_sr"": 5.800000000000001, ""trail_mult"": 2.9000000000000004, ""trail_tp"": true, ""use_trailing"": false}",{},
2030,-1000000000.0,TrialState.COMPLETE,2026-04-01T04:42:03.244377,2026-04-01T04:42:03.305645,0.061268,"{""atr_window"": 17, ""bb_std_dev"": 2.35, ""bb_window"": 15, ""cooldown"": 3, ""macd_fast"": 20, ""macd_k"": 1.45, ""macd_k_mid"": 0.95, ""macd_signal"": 6, ""macd_slow"": 44, ""macd_std_window"": 74, ""rebalance_freq"": 60, ""rebounce_block"": 2, ""sl_mult_lm"": 2.0, ""sl_mult_lr"": 4.0, ""sl_mult_sm"": 1.8, ""sl_mult_sr"": 2.2, ""time_stop"": 19, ""tp_mult_lm"": 5.6, ""tp_mult_lr"": 13.600000000000001, ""tp_mult_sm"": 4.5, ""tp_mult_sr"": 3.2, ""trail_mult"": 3.0, ""trail_tp"": false, ""use_trailing"": true}",{},
2031,-1000000000.0,TrialState.COMPLETE,2026-04-01T04:42:03.338246,2026-04-01T04:42:05.965333,2.627087,"{""atr_window"": 18, ""bb_std_dev"": 2.45, ""bb_window"": 16, ""cooldown"": 0, ""macd_fast"": 14, ""macd_k"": 1.15, ""macd_k_mid"": 0.5, ""macd_signal"": 10, ""macd_slow"": 35, ""macd_std_window"": 100, ""rebalance_freq"": 120, ""rebounce_block"": 1, ""sl_mult_lm"": 1.5, ""sl_mult_lr"": 2.5, ""sl_mult_sm"": 1.85, ""sl_mult_sr"": 2.5, ""time_stop"": 13, ""tp_mult_lm"": 3.7, ""tp_mult_lr"": 10.0, ""tp_mult_sm"": 5.800000000000001, ""tp_mult_sr"": 6.6, ""trail_mult"": 3.3, ""trail_tp"": true, ""use_trailing"": true}",{},
2032,-1000000000.0,TrialState.COMPLETE,2026-04-01T04:42:06.000524,2026-04-01T04:42:06.078546,0.078022,"{""atr_window"": 19, ""bb_std_dev"": 1.7, ""bb_window"": 19, ""cooldown"": 2, ""macd_fast"": 12, ""macd_k"": 1.65, ""macd_k_mid"": 1.0, ""macd_signal"": 9, ""macd_slow"": 43, ""macd_std_window"": 70, ""rebalance_freq"": 150, ""rebounce_block"": 6, ""sl_mult_lm"": 1.4, ""sl_mult_lr"": 3.0, ""sl_mult_sm"": 1.55, ""sl_mult_sr"": 1.5, ""time_stop"": 22, ""tp_mult_lm"": 5.9, ""tp_mult_lr"": 14.4, ""tp_mult_sm"": 3.9, ""tp_mult_sr"": 4.5, ""trail_mult"": 3.6, ""trail_tp"": false, ""use_trailing"": true}",{},
2033,-1000000000.0,TrialState.COMPLETE,2026-04-01T04:42:06.116465,2026-04-01T04:42:06.213958,0.097493,"{""atr_window"": 20, ""bb_std_dev"": 2.25, ""bb_window"": 14, ""cooldown"": 1, ""macd_fast"": 19, ""macd_k"": 1.1, ""macd_k_mid"": 0.65, ""macd_signal"": 7, ""macd_slow"": 43, ""macd_std_window"": 91, ""rebalance_freq"": 90, ""rebounce_block"": 0, ""sl_mult_lm"": 1.9, ""sl_mult_lr"": 2.8, ""sl_mult_sm"": 1.05, ""sl_mult_sr"": 2.1, ""time_stop"": 7, ""tp_mult_lm"": 4.5, ""tp_mult_lr"": 9.6, ""tp_mult_sm"": 7.0, ""tp_mult_sr"": 4.9, ""trail_mult"": 2.1, ""trail_tp"": true, ""use_trailing"": false}",{},
2034,-1000000000.0,TrialState.COMPLETE,2026-04-01T04:42:06.253179,2026-04-01T04:42:06.335919,0.08274,"{""atr_window"": 16, ""bb_std_dev"": 2.0, ""bb_window"": 17, ""cooldown"": 4, ""macd_fast"": 10, ""macd_k"": 1.55, ""macd_k_mid"": 0.55, ""macd_signal"": 8, ""macd_slow"": 36, ""macd_std_window"": 80, ""rebalance_freq"": 150, ""rebounce_block"": 3, ""sl_mult_lm"": 1.55, ""sl_mult_lr"": 4.7, ""sl_mult_sm"": 1.2, ""sl_mult_sr"": 2.2, ""time_stop"": 11, ""tp_mult_lm"": 5.4, ""tp_mult_lr"": 17.0, ""tp_mult_sm"": 6.800000000000001, ""tp_mult_sr"": 3.7, ""trail_mult"": 3.5, ""trail_tp"": false, ""use_trailing"": true}",{},
2035,-1000000000.0,TrialState.COMPLETE,2026-04-01T04:42:06.371126,2026-04-01T04:42:06.448224,0.077098,"{""atr_window"": 13, ""bb_std_dev"": 1.4, ""bb_window"": 15, ""cooldown"": 1, ""macd_fast"": 13, ""macd_k"": 1.2, ""macd_k_mid"": 0.55, ""macd_signal"": 8, ""macd_slow"": 40, ""macd_std_window"": 89, ""rebalance_freq"": 180, ""rebounce_block"": 4, ""sl_mult_lm"": 1.7000000000000002, ""sl_mult_lr"": 2.3, ""sl_mult_sm"": 1.3, ""sl_mult_sr"": 2.0, ""time_stop"": 1, ""tp_mult_lm"": 5.5, ""tp_mult_lr"": 12.2, ""tp_mult_sm"": 6.6, ""tp_mult_sr"": 3.4, ""trail_mult"": 3.1, ""trail_tp"": true, ""use_trailing"": true}",{},
2036,-1000000000.0,TrialState.COMPLETE,2026-04-01T04:42:06.486682,2026-04-01T04:42:06.561989,0.075307,"{""atr_window"": 20, ""bb_std_dev"": 1.7999999999999998, ""bb_window"": 16, ""cooldown"": 0, ""macd_fast"": 17, ""macd_k"": 1.9500000000000002, ""macd_k_mid"": 0.65, ""macd_signal"": 10, ""macd_slow"": 44, ""macd_std_window"": 82, ""rebalance_freq"": 30, ""rebounce_block"": 5, ""sl_mult_lm"": 2.1500000000000004, ""sl_mult_lr"": 2.5, ""sl_mult_sm"": 1.1, ""sl_mult_sr"": 1.5, ""time_stop"": 4, ""tp_mult_lm"": 5.2, ""tp_mult_lr"": 11.6, ""tp_mult_sm"": 3.4, ""tp_mult_sr"": 4.6, ""trail_mult"": 2.2, ""trail_tp"": false, ""use_trailing"": true}",{},
2037,-1000000000.0,TrialState.COMPLETE,2026-04-01T04:42:06.610167,2026-04-01T04:42:06.735155,0.124988,"{""atr_window"": 14, ""bb_std_dev"": 2.5, ""bb_window"": 14, ""cooldown"": 2, ""macd_fast"": 16, ""macd_k"": 1.0, ""macd_k_mid"": 0.5, ""macd_signal"": 5, ""macd_slow"": 39, ""macd_std_window"": 96, ""rebalance_freq"": 150, ""rebounce_block"": 6, ""sl_mult_lm"": 1.0, ""sl_mult_lr"": 2.9, ""sl_mult_sm"": 1.9500000000000002, ""sl_mult_sr"": 1.9, ""time_stop"": 18, ""tp_mult_lm"": 5.3, ""tp_mult_lr"": 15.8, ""tp_mult_sm"": 5.2, ""tp_mult_sr"": 7.0, ""trail_mult"": 1.9, ""trail_tp"": true, ""use_trailing"": false}",{},
2038,-1000000000.0,TrialState.COMPLETE,2026-04-01T04:42:06.771253,2026-04-01T04:42:06.855812,0.084559,"{""atr_window"": 17, ""bb_std_dev"": 1.95, ""bb_window"": 19, ""cooldown"": 3, ""macd_fast"": 18, ""macd_k"": 1.05, ""macd_k_mid"": 0.6, ""macd_signal"": 9, ""macd_slow"": 42, ""macd_std_window"": 98, ""rebalance_freq"": 120, ""rebounce_block"": 3, ""sl_mult_lm"": 1.25, ""sl_mult_lr"": 4.2, ""sl_mult_sm"": 1.25, ""sl_mult_sr"": 2.3, ""time_stop"": 9, ""tp_mult_lm"": 5.0, ""tp_mult_lr"": 12.0, ""tp_mult_sm"": 6.1, ""tp_mult_sr"": 5.300000000000001, ""trail_mult"": 2.3, ""trail_tp"": false, ""use_trailing"": true}",{},
2039,-1000000000.0,TrialState.COMPLETE,2026-04-01T04:42:06.894837,2026-04-01T04:42:09.298327,2.40349,"{""atr_window"": 15, ""bb_std_dev"": 2.05, ""bb_window"": 22, ""cooldown"": 5, ""macd_fast"": 20, ""macd_k"": 1.75, ""macd_k_mid"": 0.7, ""macd_signal"": 8, ""macd_slow"": 36, ""macd_std_window"": 97, ""rebalance_freq"": 180, ""rebounce_block"": 4, ""sl_mult_lm"": 1.35, ""sl_mult_lr"": 2.1, ""sl_mult_sm"": 1.35, ""sl_mult_sr"": 1.6, ""time_stop"": 21, ""tp_mult_lm"": 4.2, ""tp_mult_lr"": 13.0, ""tp_mult_sm"": 4.9, ""tp_mult_sr"": 3.9, ""trail_mult"": 3.4000000000000004, ""trail_tp"": true, ""use_trailing"": true}",{},
2040,-1000000000.0,TrialState.COMPLETE,2026-04-01T04:42:09.329892,2026-04-01T04:42:09.391759,0.061867,"{""atr_window"": 16, ""bb_std_dev"": 2.35, ""bb_window"": 16, ""cooldown"": 4, ""macd_fast"": 12, ""macd_k"": 1.25, ""macd_k_mid"": 0.75, ""macd_signal"": 7, ""macd_slow"": 41, ""macd_std_window"": 78, ""rebalance_freq"": 120, ""rebounce_block"": 5, ""sl_mult_lm"": 1.15, ""sl_mult_lr"": 4.4, ""sl_mult_sm"": 1.5, ""sl_mult_sr"": 1.7, ""time_stop"": 17, ""tp_mult_lm"": 3.9, ""tp_mult_lr"": 8.0, ""tp_mult_sm"": 6.4, ""tp_mult_sr"": 4.1, ""trail_mult"": 3.9000000000000004, ""trail_tp"": false, ""use_trailing"": false}",{},
2041,-1000000000.0,TrialState.COMPLETE,2026-04-01T04:42:09.423556,2026-04-01T04:42:09.495039,0.071483,"{""atr_window"": 18, ""bb_std_dev"": 2.2, ""bb_window"": 24, ""cooldown"": 1, ""macd_fast"": 15, ""macd_k"": 1.1, ""macd_k_mid"": 0.55, ""macd_signal"": 9, ""macd_slow"": 43, ""macd_std_window"": 90, ""rebalance_freq"": 150, ""rebounce_block"": 2, ""sl_mult_lm"": 1.05, ""sl_mult_lr"": 4.6, ""sl_mult_sm"": 1.65, ""sl_mult_sr"": 2.0, ""time_stop"": 20, ""tp_mult_lm"": 4.0, ""tp_mult_lr"": 14.2, ""tp_mult_sm"": 4.3, ""tp_mult_sr"": 5.1, ""trail_mult"": 2.7, ""trail_tp"": true, ""use_trailing"": true}",{},
2042,-1000000000.0,TrialState.COMPLETE,2026-04-01T04:42:09.533498,2026-04-01T04:42:09.609687,0.076189,"{""atr_window"": 14, ""bb_std_dev"": 1.65, ""bb_window"": 14, ""cooldown"": 2, ""macd_fast"": 14, ""macd_k"": 1.6, ""macd_k_mid"": 0.8, ""macd_signal"": 6, ""macd_slow"": 41, ""macd_std_window"": 86, ""rebalance_freq"": 90, ""rebounce_block"": 0, ""sl_mult_lm"": 1.3, ""sl_mult_lr"": 3.1, ""sl_mult_sm"": 1.7000000000000002, ""sl_mult_sr"": 1.8, ""time_stop"": 16, ""tp_mult_lm"": 5.7, ""tp_mult_lr"": 10.2, ""tp_mult_sm"": 3.5, ""tp_mult_sr"": 5.0, ""trail_mult"": 3.7, ""trail_tp"": true, ""use_trailing"": true}",{},
2043,-1000000000.0,TrialState.COMPLETE,2026-04-01T04:42:09.644834,2026-04-01T04:42:09.717700,0.072866,"{""atr_window"": 18, ""bb_std_dev"": 2.1, ""bb_window"": 21, ""cooldown"": 0, ""macd_fast"": 11, ""macd_k"": 1.3, ""macd_k_mid"": 0.8500000000000001, ""macd_signal"": 8, ""macd_slow"": 37, ""macd_std_window"": 71, ""rebalance_freq"": 150, ""rebounce_block"": 5, ""sl_mult_lm"": 1.8, ""sl_mult_lr"": 2.0, ""sl_mult_sm"": 1.6, ""sl_mult_sr"": 1.5, ""time_stop"": 0, ""tp_mult_lm"": 5.1, ""tp_mult_lr"": 9.4, ""tp_mult_sm"": 6.2, ""tp_mult_sr"": 3.0, ""trail_mult"": 2.0, ""trail_tp"": false, ""use_trailing"": true}",{},
2044,-1000000000.0,TrialState.COMPLETE,2026-04-01T04:42:09.753904,2026-04-01T04:42:09.847423,0.093519,"{""atr_window"": 19, ""bb_std_dev"": 2.3, ""bb_window"": 20, ""cooldown"": 3, ""macd_fast"": 19, ""macd_k"": 1.5, ""macd_k_mid"": 0.5, ""macd_signal"": 8, ""macd_slow"": 44, ""macd_std_window"": 92, ""rebalance_freq"": 180, ""rebounce_block"": 1, ""sl_mult_lm"": 2.1, ""sl_mult_lr"": 2.6, ""sl_mult_sm"": 1.45, ""sl_mult_sr"": 1.6, ""time_stop"": 2, ""tp_mult_lm"": 6.0, ""tp_mult_lr"": 11.2, ""tp_mult_sm"": 3.8, ""tp_mult_sr"": 6.2, ""trail_mult"": 3.2, ""trail_tp"": true, ""use_trailing"": false}",{},
2045,-1000000000.0,TrialState.COMPLETE,2026-04-01T04:42:09.884094,2026-04-01T04:42:09.960210,0.076116,"{""atr_window"": 16, ""bb_std_dev"": 1.7, ""bb_window"": 15, ""cooldown"": 1, ""macd_fast"": 12, ""macd_k"": 1.15, ""macd_k_mid"": 0.9, ""macd_signal"": 9, ""macd_slow"": 39, ""macd_std_window"": 70, ""rebalance_freq"": 30, ""rebounce_block"": 6, ""sl_mult_lm"": 1.9, ""sl_mult_lr"": 2.4, ""sl_mult_sm"": 1.75, ""sl_mult_sr"": 2.5, ""time_stop"": 14, ""tp_mult_lm"": 5.6, ""tp_mult_lr"": 9.8, ""tp_mult_sm"": 3.0, ""tp_mult_sr"": 6.800000000000001, ""trail_mult"": 2.1, ""trail_tp"": false, ""use_trailing"": true}",{},
2046,-1000000000.0,TrialState.COMPLETE,2026-04-01T04:42:09.994662,2026-04-01T04:42:10.067924,0.073262,"{""atr_window"": 20, ""bb_std_dev"": 1.5, ""bb_window"": 14, ""cooldown"": 2, ""macd_fast"": 13, ""macd_k"": 1.4, ""macd_k_mid"": 0.6, ""macd_signal"": 7, ""macd_slow"": 40, ""macd_std_window"": 89, ""rebalance_freq"": 60, ""rebounce_block"": 4, ""sl_mult_lm"": 1.9500000000000002, ""sl_mult_lr"": 3.7, ""sl_mult_sm"": 1.9500000000000002, ""sl_mult_sr"": 2.1, ""time_stop"": 5, ""tp_mult_lm"": 4.8, ""tp_mult_lr"": 10.4, ""tp_mult_sm"": 6.0, ""tp_mult_sr"": 5.6, ""trail_mult"": 4.0, ""trail_tp"": true, ""use_trailing"": true}",{},
2047,-1000000000.0,TrialState.COMPLETE,2026-04-01T04:42:10.105454,2026-04-01T04:42:10.182794,0.07734,"{""atr_window"": 15, ""bb_std_dev"": 1.75, ""bb_window"": 15, ""cooldown"": 4, ""macd_fast"": 10, ""macd_k"": 1.35, ""macd_k_mid"": 0.55, ""macd_signal"": 10, ""macd_slow"": 35, ""macd_std_window"": 88, ""rebalance_freq"": 150, ""rebounce_block"": 2, ""sl_mult_lm"": 1.0, ""sl_mult_lr"": 3.8, ""sl_mult_sm"": 1.4, ""sl_mult_sr"": 1.9, ""time_stop"": 25, ""tp_mult_lm"": 5.3, ""tp_mult_lr"": 12.2, ""tp_mult_sm"": 5.0, ""tp_mult_sr"": 3.9, ""trail_mult"": 3.1, ""trail_tp"": false, ""use_trailing"": true}",{},
2048,-1000000000.0,TrialState.COMPLETE,2026-04-01T04:42:10.229674,2026-04-01T04:42:12.581596,2.351922,"{""atr_window"": 11, ""bb_std_dev"": 2.2, ""bb_window"": 16, ""cooldown"": 1, ""macd_fast"": 17, ""macd_k"": 1.7000000000000002, ""macd_k_mid"": 0.6, ""macd_signal"": 8, ""macd_slow"": 38, ""macd_std_window"": 100, ""rebalance_freq"": 120, ""rebounce_block"": 5, ""sl_mult_lm"": 1.1, ""sl_mult_lr"": 3.4000000000000004, ""sl_mult_sm"": 1.9, ""sl_mult_sr"": 2.3, ""time_stop"": 26, ""tp_mult_lm"": 5.9, ""tp_mult_lr"": 11.4, ""tp_mult_sm"": 5.4, ""tp_mult_sr"": 5.4, ""trail_mult"": 3.8000000000000003, ""trail_tp"": true, ""use_trailing"": false}",{},
2049,-1000000000.0,TrialState.COMPLETE,2026-04-01T04:42:12.619187,2026-04-01T04:42:12.693709,0.074522,"{""atr_window"": 14, ""bb_std_dev"": 2.45, ""bb_window"": 17, ""cooldown"": 0, ""macd_fast"": 14, ""macd_k"": 1.05, ""macd_k_mid"": 0.7, ""macd_signal"": 9, ""macd_slow"": 44, ""macd_std_window"": 81, ""rebalance_freq"": 180, ""rebounce_block"": 3, ""sl_mult_lm"": 1.4, ""sl_mult_lr"": 2.3, ""sl_mult_sm"": 1.85, ""sl_mult_sr"": 1.7, ""time_stop"": 21, ""tp_mult_lm"": 4.9, ""tp_mult_lr"": 14.600000000000001, ""tp_mult_sm"": 4.4, ""tp_mult_sr"": 4.7, ""trail_mult"": 1.9, ""trail_tp"": false, ""use_trailing"": true}",{},
2050,-1000000000.0,TrialState.COMPLETE,2026-04-01T04:42:12.739561,2026-04-01T04:42:12.813334,0.073773,"{""atr_window"": 13, ""bb_std_dev"": 1.5999999999999999, ""bb_window"": 23, ""cooldown"": 3, ""macd_fast"": 18, ""macd_k"": 1.25, ""macd_k_mid"": 0.65, ""macd_signal"": 5, ""macd_slow"": 41, ""macd_std_window"": 90, ""rebalance_freq"": 90, ""rebounce_block"": 0, ""sl_mult_lm"": 1.65, ""sl_mult_lr"": 5.0, ""sl_mult_sm"": 1.05, ""sl_mult_sr"": 3.2, ""time_stop"": 23, ""tp_mult_lm"": 3.9, ""tp_mult_lr"": 12.0, ""tp_mult_sm"": 5.1, ""tp_mult_sr"": 3.8, ""trail_mult"": 1.5, ""trail_tp"": true, ""use_trailing"": true}",{},
2051,-1000000000.0,TrialState.COMPLETE,2026-04-01T04:42:12.850261,2026-04-01T04:42:15.332111,2.48185,"{""atr_window"": 10, ""bb_std_dev"": 1.9, ""bb_window"": 18, ""cooldown"": 5, ""macd_fast"": 20, ""macd_k"": 1.65, ""macd_k_mid"": 0.95, ""macd_signal"": 6, ""macd_slow"": 37, ""macd_std_window"": 91, ""rebalance_freq"": 150, ""rebounce_block"": 6, ""sl_mult_lm"": 2.2, ""sl_mult_lr"": 2.5, ""sl_mult_sm"": 1.8, ""sl_mult_sr"": 1.5, ""time_stop"": 6, ""tp_mult_lm"": 3.8, ""tp_mult_lr"": 12.600000000000001, ""tp_mult_sm"": 3.6, ""tp_mult_sr"": 4.3, ""trail_mult"": 2.6, ""trail_tp"": false, ""use_trailing"": true}",{},
2052,-1000000000.0,TrialState.COMPLETE,2026-04-01T04:42:15.367684,2026-04-01T04:42:15.460620,0.092936,"{""atr_window"": 12, ""bb_std_dev"": 2.5, ""bb_window"": 14, ""cooldown"": 2, ""macd_fast"": 15, ""macd_k"": 1.45, ""macd_k_mid"": 0.55, ""macd_signal"": 7, ""macd_slow"": 43, ""macd_std_window"": 76, ""rebalance_freq"": 30, ""rebounce_block"": 3, ""sl_mult_lm"": 1.35, ""sl_mult_lr"": 2.9, ""sl_mult_sm"": 1.0, ""sl_mult_sr"": 2.6, ""time_stop"": 12, ""tp_mult_lm"": 3.5, ""tp_mult_lr"": 16.6, ""tp_mult_sm"": 5.7, ""tp_mult_sr"": 6.300000000000001, ""trail_mult"": 3.6, ""trail_tp"": true, ""use_trailing"": false}",{},
2053,-1000000000.0,TrialState.COMPLETE,2026-04-01T04:42:15.511186,2026-04-01T04:42:18.002662,2.491476,"{""atr_window"": 16, ""bb_std_dev"": 1.8499999999999999, ""bb_window"": 22, ""cooldown"": 0, ""macd_fast"": 20, ""macd_k"": 1.55, ""macd_k_mid"": 0.8500000000000001, ""macd_signal"": 8, ""macd_slow"": 40, ""macd_std_window"": 85, ""rebalance_freq"": 180, ""rebounce_block"": 5, ""sl_mult_lm"": 1.45, ""sl_mult_lr"": 2.2, ""sl_mult_sm"": 1.6, ""sl_mult_sr"": 2.2, ""time_stop"": 22, ""tp_mult_lm"": 5.0, ""tp_mult_lr"": 11.8, ""tp_mult_sm"": 6.300000000000001, ""tp_mult_sr"": 5.9, ""trail_mult"": 2.2, ""trail_tp"": false, ""use_trailing"": true}",{},
2054,-1000000000.0,TrialState.COMPLETE,2026-04-01T04:42:18.038688,2026-04-01T04:42:18.113472,0.074784,"{""atr_window"": 15, ""bb_std_dev"": 2.3, ""bb_window"": 14, ""cooldown"": 1, ""macd_fast"": 16, ""macd_k"": 1.6, ""macd_k_mid"": 0.5, ""macd_signal"": 10, ""macd_slow"": 42, ""macd_std_window"": 99, ""rebalance_freq"": 120, ""rebounce_block"": 4, ""sl_mult_lm"": 1.85, ""sl_mult_lr"": 2.4, ""sl_mult_sm"": 1.65, ""sl_mult_sr"": 1.6, ""time_stop"": 15, ""tp_mult_lm"": 5.800000000000001, ""tp_mult_lr"": 12.8, ""tp_mult_sm"": 4.8, ""tp_mult_sr"": 3.1, ""trail_mult"": 2.8, ""trail_tp"": true, ""use_trailing"": true}",{},
2055,-1000000000.0,TrialState.COMPLETE,2026-04-01T04:42:18.150615,2026-04-01T04:42:18.233532,0.082917,"{""atr_window"": 20, ""bb_std_dev"": 2.4, ""bb_window"": 25, ""cooldown"": 1, ""macd_fast"": 15, ""macd_k"": 1.1, ""macd_k_mid"": 0.6, ""macd_signal"": 9, ""macd_slow"": 39, ""macd_std_window"": 82, ""rebalance_freq"": 150, ""rebounce_block"": 5, ""sl_mult_lm"": 1.75, ""sl_mult_lr"": 4.1, ""sl_mult_sm"": 1.55, ""sl_mult_sr"": 2.1, ""time_stop"": 30, ""tp_mult_lm"": 5.3, ""tp_mult_lr"": 10.8, ""tp_mult_sm"": 5.9, ""tp_mult_sr"": 4.0, ""trail_mult"": 1.8, ""trail_tp"": false, ""use_trailing"": false}",{},
2056,-1000000000.0,TrialState.COMPLETE,2026-04-01T04:42:18.269146,2026-04-01T04:42:18.356385,0.087239,"{""atr_window"": 12, ""bb_std_dev"": 2.05, ""bb_window"": 15, ""cooldown"": 4, ""macd_fast"": 11, ""macd_k"": 1.85, ""macd_k_mid"": 0.75, ""macd_signal"": 7, ""macd_slow"": 35, ""macd_std_window"": 80, ""rebalance_freq"": 150, ""rebounce_block"": 1, ""sl_mult_lm"": 2.0, ""sl_mult_lr"": 2.7, ""sl_mult_sm"": 1.9, ""sl_mult_sr"": 2.4, ""time_stop"": 7, ""tp_mult_lm"": 5.5, ""tp_mult_lr"": 13.8, ""tp_mult_sm"": 6.9, ""tp_mult_sr"": 5.7, ""trail_mult"": 3.2, ""trail_tp"": true, ""use_trailing"": true}",{},
2057,-1000000000.0,TrialState.COMPLETE,2026-04-01T04:42:18.394763,2026-04-01T04:42:20.968083,2.57332,"{""atr_window"": 18, ""bb_std_dev"": 2.25, ""bb_window"": 20, ""cooldown"": 2, ""macd_fast"": 14, ""macd_k"": 1.4, ""macd_k_mid"": 0.9, ""macd_signal"": 8, ""macd_slow"": 36, ""macd_std_window"": 84, ""rebalance_freq"": 90, ""rebounce_block"": 2, ""sl_mult_lm"": 1.3, ""sl_mult_lr"": 4.300000000000001, ""sl_mult_sm"": 1.1, ""sl_mult_sr"": 1.8, ""time_stop"": 13, ""tp_mult_lm"": 5.4, ""tp_mult_lr"": 16.0, ""tp_mult_sm"": 3.2, ""tp_mult_sr"": 4.4, ""trail_mult"": 3.7, ""trail_tp"": false, ""use_trailing"": true}",{},
2058,-1000000000.0,TrialState.COMPLETE,2026-04-01T04:42:21.005752,2026-04-01T04:42:21.086222,0.08047,"{""atr_window"": 19, ""bb_std_dev"": 2.15, ""bb_window"": 17, ""cooldown"": 5, ""macd_fast"": 10, ""macd_k"": 1.8, ""macd_k_mid"": 0.65, ""macd_signal"": 9, ""macd_slow"": 44, ""macd_std_window"": 93, ""rebalance_freq"": 60, ""rebounce_block"": 6, ""sl_mult_lm"": 1.6, ""sl_mult_lr"": 2.1, ""sl_mult_sm"": 1.7000000000000002, ""sl_mult_sr"": 3.4000000000000004, ""time_stop"": 27, ""tp_mult_lm"": 4.4, ""tp_mult_lr"": 10.2, ""tp_mult_sm"": 6.5, ""tp_mult_sr"": 5.800000000000001, ""trail_mult"": 2.5, ""trail_tp"": true, ""use_trailing"": true}",{},
2059,-1000000000.0,TrialState.COMPLETE,2026-04-01T04:42:21.121649,2026-04-01T04:42:21.201094,0.079445,"{""atr_window"": 14, ""bb_std_dev"": 2.0, ""bb_window"": 14, ""cooldown"": 3, ""macd_fast"": 12, ""macd_k"": 1.15, ""macd_k_mid"": 0.5, ""macd_signal"": 9, ""macd_slow"": 43, ""macd_std_window"": 72, ""rebalance_freq"": 120, ""rebounce_block"": 0, ""sl_mult_lm"": 1.15, ""sl_mult_lr"": 3.6, ""sl_mult_sm"": 1.75, ""sl_mult_sr"": 3.1, ""time_stop"": 10, ""tp_mult_lm"": 4.7, ""tp_mult_lr"": 10.0, ""tp_mult_sm"": 6.1, ""tp_mult_sr"": 4.6, ""trail_mult"": 2.9000000000000004, ""trail_tp"": false, ""use_trailing"": false}",{},
2060,-1000000000.0,TrialState.COMPLETE,2026-04-01T04:42:21.239219,2026-04-01T04:42:21.320205,0.080986,"{""atr_window"": 17, ""bb_std_dev"": 2.45, ""bb_window"": 18, ""cooldown"": 1, ""macd_fast"": 13, ""macd_k"": 1.0, ""macd_k_mid"": 0.55, ""macd_signal"": 8, ""macd_slow"": 40, ""macd_std_window"": 88, ""rebalance_freq"": 180, ""rebounce_block"": 5, ""sl_mult_lm"": 1.2, ""sl_mult_lr"": 4.5, ""sl_mult_sm"": 1.55, ""sl_mult_sr"": 3.0, ""time_stop"": 9, ""tp_mult_lm"": 5.2, ""tp_mult_lr"": 9.8, ""tp_mult_sm"": 4.3, ""tp_mult_sr"": 6.1, ""trail_mult"": 3.3, ""trail_tp"": true, ""use_trailing"": true}",{},
