number,value,datetime_start,datetime_complete,duration,params_atr_window,params_bb_std_dev,params_bb_window,params_cooldown,params_macd_fast,params_macd_k,params_macd_k_mid,params_macd_signal,params_macd_slow,params_macd_std_window,params_rebalance_freq,params_rebounce_block,params_sl_mult_lm,params_sl_mult_lr,params_sl_mult_sm,params_sl_mult_sr,params_time_stop,params_tp_mult_lm,params_tp_mult_lr,params_tp_mult_sm,params_tp_mult_sr,params_trail_mult,params_trail_tp,params_use_trailing,user_attrs_allocations,user_attrs_deploy_avg_sharpe,user_attrs_deploy_total_sharpe,user_attrs_deploy_year_sharpes,user_attrs_score,user_attrs_selected_tickers,user_attrs_train_avg_sharpe,user_attrs_train_year_sharpes,state
1461,-1000000000.0,2026-04-01 03:03:12.653694,2026-04-01 03:03:16.419977,0 days 00:00:03.766283,12,2.15,17,2,15,1.45,0.7,5,36,100,150,6,1.7000000000000002,3.4000000000000004,1.2,1.8,20,3.8,11.4,6.5,3.0,3.3,True,False,,,,,,,,,COMPLETE
1462,-1000000000.0,2026-04-01 03:03:16.456354,2026-04-01 03:03:16.529931,0 days 00:00:00.073577,17,2.45,16,1,12,1.85,0.75,7,43,82,180,1,2.1500000000000004,3.9000000000000004,1.4,2.7,25,4.4,10.8,6.0,4.4,2.2,False,True,,,,,,,,,COMPLETE
1463,-1000000000.0,2026-04-01 03:03:16.580573,2026-04-01 03:03:16.656251,0 days 00:00:00.075678,18,1.5999999999999999,19,1,13,1.7000000000000002,0.6,10,40,74,90,5,1.9,2.5,1.6,2.3,13,5.2,12.8,5.0,5.0,2.3,True,True,,,,,,,,,COMPLETE
1464,-1000000000.0,2026-04-01 03:03:16.696366,2026-04-01 03:03:16.784294,0 days 00:00:00.087928,13,2.0,18,0,10,1.1,0.5,8,37,70,30,0,1.3,2.3,1.65,1.7,9,3.6,14.4,3.2,6.300000000000001,4.0,False,True,,,,,,,,,COMPLETE
1465,-1000000000.0,2026-04-01 03:03:16.826255,2026-04-01 03:03:16.905149,0 days 00:00:00.078894,16,2.4,14,4,11,1.05,0.65,8,44,88,150,3,1.85,2.7,1.9,1.5,24,5.4,14.8,4.6,5.6,3.1,True,False,,,,,,,,,COMPLETE
1466,-1000000000.0,2026-04-01 03:03:16.950367,2026-04-01 03:03:20.096339,0 days 00:00:03.145972,19,1.95,15,5,14,1.7000000000000002,0.6,9,35,98,120,4,2.0,2.4,1.5,2.2,10,5.0,9.4,7.0,3.8,3.6,False,True,,,,,,,,,COMPLETE
1467,-1000000000.0,2026-04-01 03:03:20.136402,2026-04-01 03:03:20.209994,0 days 00:00:00.073592,15,2.2,20,2,15,1.0,0.55,7,40,81,180,2,1.25,2.6,1.9500000000000002,2.6,26,4.8,13.2,5.800000000000001,7.0,3.7,True,True,,,,,,,,,COMPLETE
1468,-1000000000.0,2026-04-01 03:03:20.248606,2026-04-01 03:03:23.559884,0 days 00:00:03.311278,20,1.5,16,1,20,1.5,0.8,9,38,91,150,5,1.55,2.2,1.85,3.5,22,4.0,10.4,4.9,4.6,2.0,False,True,,,,,,,,,COMPLETE
1469,-1000000000.0,2026-04-01 03:03:23.596213,2026-04-01 03:03:23.672228,0 days 00:00:00.076015,14,2.25,14,3,16,1.15,0.9,10,43,95,150,6,1.0,2.8,1.8,2.8,21,5.1,12.600000000000001,4.4,4.9,3.5,True,False,,,,,,,,,COMPLETE
1470,-1000000000.0,2026-04-01 03:03:23.708690,2026-04-01 03:03:23.774959,0 days 00:00:00.066269,14,2.5,17,2,18,1.55,0.5,8,41,89,90,3,1.15,2.5,1.35,3.0,11,5.7,12.4,5.1,6.5,3.3,False,True,,,,,,,,,COMPLETE
1471,-1000000000.0,2026-04-01 03:03:23.812036,2026-04-01 03:03:23.883776,0 days 00:00:00.071740,18,2.1,21,0,12,1.6,0.55,9,39,85,60,5,1.1,2.9,1.7000000000000002,2.1,1,4.6,11.8,6.9,5.9,2.1,True,True,,,,,,,,,COMPLETE
1472,-1000000000.0,2026-04-01 03:03:23.922422,2026-04-01 03:03:24.001837,0 days 00:00:00.079415,16,1.8499999999999999,15,1,10,1.35,1.0,8,42,93,150,0,1.9500000000000002,3.0,1.45,2.4,28,4.9,12.2,6.300000000000001,5.300000000000001,2.7,False,True,,,,,,,,,COMPLETE
1473,-1000000000.0,2026-04-01 03:03:24.040725,2026-04-01 03:03:24.128166,0 days 00:00:00.087441,19,2.05,14,4,17,1.75,0.95,6,44,97,30,6,2.05,4.0,2.0,2.9000000000000004,15,4.3,9.2,5.4,3.6,1.9,True,False,,,,,,,,,COMPLETE
1474,-1000000000.0,2026-04-01 03:03:24.166763,2026-04-01 03:03:27.364838,0 days 00:00:03.198075,20,1.7,18,3,14,1.9,0.55,7,36,90,180,4,1.65,2.1,1.65,1.6,16,3.5,10.0,3.3,3.9,2.2,False,True,,,,,,,,,COMPLETE
1475,-1000000000.0,2026-04-01 03:03:27.406087,2026-04-01 03:03:30.980447,0 days 00:00:03.574360,15,2.35,16,5,19,1.4,0.75,8,35,72,120,5,1.05,3.3,1.05,1.9,17,3.9,13.0,3.7,4.5,3.2,True,True,,,,,,,,,COMPLETE
1476,-1000000000.0,2026-04-01 03:03:31.027670,2026-04-01 03:03:34.481031,0 days 00:00:03.453361,17,1.7999999999999998,14,0,20,1.05,0.5,9,37,71,60,2,1.7000000000000002,4.1,1.6,1.5,20,5.3,11.6,4.7,5.7,3.7,False,False,,,,,,,,,COMPLETE
1477,-1000000000.0,2026-04-01 03:03:34.523547,2026-04-01 03:03:34.609552,0 days 00:00:00.086005,17,2.25,22,1,16,1.2,0.7,10,43,94,150,3,1.45,3.7,1.55,1.8,2,6.0,11.0,3.1,4.7,1.7,True,True,,,,,,,,,COMPLETE
1478,-1000000000.0,2026-04-01 03:03:34.654225,2026-04-01 03:03:34.741685,0 days 00:00:00.087460,14,2.3,20,2,13,1.65,0.6,6,41,84,120,0,1.35,4.300000000000001,1.25,2.2,19,4.2,8.6,6.1,4.0,3.4000000000000004,False,True,,,,,,,,,COMPLETE
1479,-1000000000.0,2026-04-01 03:03:34.783896,2026-04-01 03:03:38.002643,0 days 00:00:03.218747,18,2.45,23,3,18,1.15,0.8500000000000001,7,40,83,180,1,1.8,2.0,1.8,1.7,5,5.5,14.0,3.5,3.2,3.1,True,True,,,,,,,,,COMPLETE
1480,-1000000000.0,2026-04-01 03:03:38.042395,2026-04-01 03:03:38.123550,0 days 00:00:00.081155,12,1.75,17,4,14,1.1,0.65,9,44,99,30,6,1.0,2.3,1.75,2.0,9,5.6,16.200000000000003,5.2,3.5,3.0,False,False,,,,,,,,,COMPLETE
1481,-1000000000.0,2026-04-01 03:03:38.164214,2026-04-01 03:03:41.919796,0 days 00:00:03.755582,20,2.15,16,1,19,1.3,0.55,8,41,80,90,4,1.25,2.7,1.1,2.5,3,5.4,16.8,4.5,4.2,3.6,True,True,,,,,,,,,COMPLETE
1482,-1000000000.0,2026-04-01 03:03:41.960779,2026-04-01 03:03:42.067638,0 days 00:00:00.106859,16,2.4,24,2,12,1.45,0.6,8,39,91,150,5,1.2,2.3,1.15,2.0,13,5.0,10.2,4.0,3.1,2.3,True,True,,,,,,,,,COMPLETE
1483,-1000000000.0,2026-04-01 03:03:42.112337,2026-04-01 03:03:42.209925,0 days 00:00:00.097588,19,2.0,15,0,14,1.05,0.7,9,42,86,180,3,1.9,4.4,1.3,1.6,0,5.5,11.8,4.1,5.2,3.8000000000000003,False,True,,,,,,,,,COMPLETE
1484,-1000000000.0,2026-04-01 03:03:42.255144,2026-04-01 03:03:46.174131,0 days 00:00:03.918987,14,1.9,14,1,15,1.4,0.55,7,36,82,120,2,1.3,3.6,1.9,2.3,21,5.2,9.8,6.4,3.7,2.8,True,False,,,,,,,,,COMPLETE
1485,-1000000000.0,2026-04-01 03:03:46.214671,2026-04-01 03:03:46.309934,0 days 00:00:00.095263,15,2.2,14,2,11,1.55,0.5,5,38,81,150,5,2.2,2.2,1.0,2.1,6,5.3,12.0,4.2,5.800000000000001,3.9000000000000004,False,True,,,,,,,,,COMPLETE
1486,-1000000000.0,2026-04-01 03:03:46.352145,2026-04-01 03:03:49.916228,0 days 00:00:03.564083,13,1.5499999999999998,25,4,17,1.0,0.8,10,37,92,90,0,1.4,2.6,1.5,1.8,12,5.1,13.4,6.2,5.4,2.2,True,True,,,,,,,,,COMPLETE
1487,-1000000000.0,2026-04-01 03:03:49.957929,2026-04-01 03:03:50.055987,0 days 00:00:00.098058,10,2.05,22,1,12,1.65,0.6,8,43,87,150,6,1.6,3.2,1.2,1.7,4,5.800000000000001,11.2,3.6,4.1,2.1,False,True,,,,,,,,,COMPLETE
1488,-1000000000.0,2026-04-01 03:03:50.098057,2026-04-01 03:03:54.102113,0 days 00:00:04.004056,16,2.35,20,5,13,1.5,0.95,8,35,100,180,4,2.0,2.4,1.7000000000000002,1.5,20,4.1,10.6,7.0,4.8,2.4,True,False,,,,,,,,,COMPLETE
1489,-1000000000.0,2026-04-01 03:03:54.144930,2026-04-01 03:03:54.233048,0 days 00:00:00.088118,20,1.65,17,0,10,1.15,0.7,9,40,79,120,3,1.85,5.0,1.9500000000000002,1.9,17,5.9,14.2,3.4,5.1,3.2,False,True,,,,,,,,,COMPLETE
1490,-1000000000.0,2026-04-01 03:03:54.274272,2026-04-01 03:03:54.357984,0 days 00:00:00.083712,15,1.45,19,3,20,1.25,0.5,7,44,98,30,5,1.9500000000000002,3.1,1.55,2.8,8,5.7,14.600000000000001,6.1,6.300000000000001,1.6,True,True,,,,,,,,,COMPLETE
1491,-1000000000.0,2026-04-01 03:03:54.399595,2026-04-01 03:03:54.493442,0 days 00:00:00.093847,18,2.45,15,2,15,1.2,0.55,6,43,89,150,6,1.75,4.9,1.85,2.7,24,3.8,12.2,6.5,3.8,2.5,False,False,,,,,,,,,COMPLETE
1492,-1000000000.0,2026-04-01 03:03:54.536517,2026-04-01 03:03:54.627340,0 days 00:00:00.090823,14,1.7999999999999998,14,1,13,2.0,0.65,9,38,77,180,2,1.5,2.9,1.05,2.2,14,5.2,9.6,4.5,3.1,2.9000000000000004,True,True,,,,,,,,,COMPLETE
1493,-1000000000.0,2026-04-01 03:03:54.670006,2026-04-01 03:03:58.820378,0 days 00:00:04.150372,11,2.5,16,4,16,1.8,0.6,10,37,73,150,1,1.35,2.8,1.65,1.6,11,6.0,11.6,3.9,6.6,1.8,False,True,,,,,,,,,COMPLETE
1494,-1000000000.0,2026-04-01 03:03:58.861840,2026-04-01 03:03:58.950018,0 days 00:00:00.088178,17,1.4,18,1,12,1.1,0.8500000000000001,8,39,88,90,5,1.9,2.4,1.6,3.4000000000000004,28,4.0,12.4,3.0,6.2,2.1,True,True,,,,,,,,,COMPLETE
1495,-1000000000.0,2026-04-01 03:03:58.994101,2026-04-01 03:03:59.085111,0 days 00:00:00.091010,12,1.75,15,0,18,1.6,0.75,7,41,70,150,4,1.05,2.5,2.0,1.5,10,4.8,12.8,5.6,4.5,2.6,False,False,,,,,,,,,COMPLETE
1496,-1000000000.0,2026-04-01 03:03:59.128273,2026-04-01 03:04:03.503078,0 days 00:00:04.374805,16,2.3,14,2,20,1.0,0.9,5,40,93,120,6,2.1,2.0,1.75,2.1,7,5.1,11.4,5.5,6.0,3.2,True,True,,,,,,,,,COMPLETE
1497,-1000000000.0,2026-04-01 03:04:03.542385,2026-04-01 03:04:03.627423,0 days 00:00:00.085038,13,1.7,24,4,14,1.45,0.55,9,42,89,30,3,2.1500000000000004,2.2,1.8,3.1,15,5.6,15.4,5.9,5.800000000000001,2.7,False,True,,,,,,,,,COMPLETE
1498,-1000000000.0,2026-04-01 03:04:03.670362,2026-04-01 03:04:03.762649,0 days 00:00:00.092287,20,2.2,14,1,17,1.05,1.0,8,43,76,180,0,1.0,2.1,1.7000000000000002,2.0,23,5.3,12.600000000000001,6.7,6.1,3.3,True,True,,,,,,,,,COMPLETE
1499,-1000000000.0,2026-04-01 03:04:03.804154,2026-04-01 03:04:03.895263,0 days 00:00:00.091109,18,2.4,21,3,11,1.3,0.7,8,44,90,60,5,1.3,2.6,1.9,1.9,25,4.7,8.2,5.7,3.0,3.1,False,False,,,,,,,,,COMPLETE
1500,-1000000000.0,2026-04-01 03:04:03.955135,2026-04-01 03:04:04.056642,0 days 00:00:00.101507,19,2.1,15,5,15,1.55,0.55,9,40,92,150,3,2.0,4.2,1.5,1.6,21,3.6,10.8,4.8,4.0,2.0,True,True,,,,,,,,,COMPLETE
1501,-1000000000.0,2026-04-01 03:04:04.100842,2026-04-01 03:04:04.192897,0 days 00:00:00.092055,15,2.35,17,0,14,1.9,0.5,10,37,96,150,1,1.55,4.6,1.65,2.5,30,5.5,10.0,4.9,4.6,3.0,False,True,,,,,,,,,COMPLETE
1502,-1000000000.0,2026-04-01 03:04:04.234908,2026-04-01 03:04:08.166311,0 days 00:00:03.931403,14,2.05,22,2,19,1.85,0.65,7,35,88,120,2,1.9500000000000002,4.800000000000001,1.45,1.8,29,4.5,12.0,6.300000000000001,6.4,4.0,True,False,,,,,,,,,COMPLETE
1503,-1000000000.0,2026-04-01 03:04:08.211650,2026-04-01 03:04:08.292168,0 days 00:00:00.080518,11,2.15,23,1,10,1.1,0.6,6,41,75,180,0,1.25,3.4000000000000004,1.9500000000000002,2.6,18,4.9,10.2,6.9,3.7,1.5,False,True,,,,,,,,,COMPLETE
1504,-1000000000.0,2026-04-01 03:04:08.330751,2026-04-01 03:04:08.410337,0 days 00:00:00.079586,16,2.5,16,3,12,1.15,0.5,9,44,78,90,5,1.2,2.3,1.25,1.5,0,3.7,13.0,5.300000000000001,6.800000000000001,2.2,True,True,,,,,,,,,COMPLETE
1505,-1000000000.0,2026-04-01 03:04:08.448419,2026-04-01 03:04:11.858322,0 days 00:00:03.409903,18,1.8499999999999999,14,4,20,1.7000000000000002,0.55,6,36,99,30,6,1.15,4.1,1.4,2.2,22,5.800000000000001,16.6,5.800000000000001,5.5,1.9,False,True,,,,,,,,,COMPLETE
1506,-1000000000.0,2026-04-01 03:04:11.891986,2026-04-01 03:04:11.961184,0 days 00:00:00.069198,17,1.5999999999999999,25,2,16,1.45,0.6,8,43,82,120,3,1.35,3.8,1.3,1.7,1,5.4,14.8,6.800000000000001,5.9,3.5,True,False,,,,,,,,,COMPLETE
1507,-1000000000.0,2026-04-01 03:04:11.995795,2026-04-01 03:04:12.082286,0 days 00:00:00.086491,20,1.95,20,1,14,1.35,0.95,7,39,91,150,2,2.05,2.5,1.85,3.3,8,4.3,15.8,3.6,5.7,3.9000000000000004,False,True,,,,,,,,,COMPLETE
1508,-1000000000.0,2026-04-01 03:04:12.123465,2026-04-01 03:04:12.206452,0 days 00:00:00.082987,15,2.45,17,0,15,1.65,0.55,9,42,71,180,4,1.4,2.2,1.8,2.1,16,5.6,15.0,4.7,3.9,3.8000000000000003,True,True,,,,,,,,,COMPLETE
1509,-1000000000.0,2026-04-01 03:04:12.250739,2026-04-01 03:04:16.676454,0 days 00:00:04.425715,19,2.0,14,5,18,1.2,0.65,8,40,90,150,5,1.75,2.4,1.2,1.5,9,5.0,13.4,4.3,3.2,3.7,True,True,,,,,,,,,COMPLETE
1510,-1000000000.0,2026-04-01 03:04:16.718505,2026-04-01 03:04:16.809422,0 days 00:00:00.090917,13,1.5,21,1,13,1.5,0.8,10,43,74,60,5,1.3,2.6,1.1,2.1,27,4.2,17.0,4.4,4.4,2.3,False,False,,,,,,,,,COMPLETE
1511,-1000000000.0,2026-04-01 03:04:16.851143,2026-04-01 03:04:16.940614,0 days 00:00:00.089471,14,1.9,19,2,12,1.4,0.7,8,37,72,90,6,1.0,3.0,1.55,2.3,18,5.2,8.4,4.6,5.0,2.9000000000000004,True,True,,,,,,,,,COMPLETE
1512,-1000000000.0,2026-04-01 03:04:16.996599,2026-04-01 03:04:17.101179,0 days 00:00:00.104580,16,2.25,16,3,11,1.0,0.55,9,35,83,180,0,1.9,2.3,1.15,2.4,19,5.7,11.8,6.2,5.6,2.1,False,True,,,,,,,,,COMPLETE
1513,-1000000000.0,2026-04-01 03:04:17.145402,2026-04-01 03:04:20.943990,0 days 00:00:03.798588,14,2.2,15,0,17,1.05,0.75,7,38,80,150,4,1.8,2.8,1.6,2.9000000000000004,13,4.1,16.0,3.5,4.7,1.8,True,True,,,,,,,,,COMPLETE
1514,-1000000000.0,2026-04-01 03:04:20.984119,2026-04-01 03:04:21.065139,0 days 00:00:00.081020,18,1.75,14,4,14,1.6,0.6,6,41,81,120,3,2.2,2.5,1.75,1.7,14,5.3,12.2,6.0,3.4,3.1,False,False,,,,,,,,,COMPLETE
1515,-1000000000.0,2026-04-01 03:04:21.104253,2026-04-01 03:04:21.197099,0 days 00:00:00.092846,20,1.65,17,2,20,1.15,0.5,9,44,70,30,6,2.1,2.4,1.65,3.0,5,6.0,10.4,3.2,4.3,3.3,True,True,,,,,,,,,COMPLETE
1516,-1000000000.0,2026-04-01 03:04:21.238838,2026-04-01 03:04:21.328600,0 days 00:00:00.089762,16,2.35,15,1,12,1.9500000000000002,0.6,10,36,85,180,5,1.15,4.7,1.7000000000000002,2.0,20,3.5,15.600000000000001,3.1,4.6,2.6,False,True,,,,,,,,,COMPLETE
1517,-1000000000.0,2026-04-01 03:04:21.365962,2026-04-01 03:04:21.446737,0 days 00:00:00.080775,12,2.45,20,1,18,1.25,0.8500000000000001,8,42,86,150,0,1.6,2.9,1.0,1.6,3,4.0,8.0,3.7,3.3,3.2,True,False,,,,,,,,,COMPLETE
1518,-1000000000.0,2026-04-01 03:04:21.488017,2026-04-01 03:04:21.575901,0 days 00:00:00.087884,17,2.5,16,0,10,1.3,0.7,7,39,89,90,2,1.65,3.5,1.35,3.2,22,3.8,11.0,4.4,3.0,1.7,False,True,,,,,,,,,COMPLETE
1519,-1000000000.0,2026-04-01 03:04:21.618097,2026-04-01 03:04:21.709685,0 days 00:00:00.091588,10,2.4,18,3,16,1.5,0.55,8,40,94,150,4,1.1,2.1,1.7000000000000002,1.8,7,3.9,8.8,6.6,6.5,2.0,True,True,,,,,,,,,COMPLETE
1520,-1000000000.0,2026-04-01 03:04:21.751813,2026-04-01 03:04:21.840257,0 days 00:00:00.088444,13,1.95,14,4,13,1.1,0.9,9,43,79,120,1,1.7000000000000002,4.0,1.05,2.4,26,4.9,9.8,6.300000000000001,4.9,2.2,False,True,,,,,,,,,COMPLETE
1521,-1000000000.0,2026-04-01 03:04:21.890758,2026-04-01 03:04:26.204828,0 days 00:00:04.314070,20,2.1,15,1,15,1.35,0.65,8,35,95,30,6,1.9500000000000002,4.9,1.55,1.9,15,5.5,9.4,7.0,6.2,3.6,True,False,,,,,,,,,COMPLETE
1522,-1000000000.0,2026-04-01 03:04:26.244153,2026-04-01 03:04:26.332259,0 days 00:00:00.088106,19,1.7,14,2,14,1.05,0.5,9,41,100,180,3,1.2,2.4,2.0,1.5,20,5.4,11.6,3.3,4.8,3.4000000000000004,False,True,,,,,,,,,COMPLETE
1523,-1000000000.0,2026-04-01 03:04:26.374264,2026-04-01 03:04:26.463516,0 days 00:00:00.089252,15,2.3,17,1,19,1.2,0.55,5,44,87,150,5,1.85,2.7,1.85,2.2,23,5.1,11.2,3.8,3.8,3.1,True,True,,,,,,,,,COMPLETE
1524,-1000000000.0,2026-04-01 03:04:26.508295,2026-04-01 03:04:26.605128,0 days 00:00:00.096833,18,1.7999999999999998,21,5,11,1.55,0.6,7,36,99,120,2,1.4,3.1,1.9,2.6,12,5.9,12.600000000000001,5.0,6.0,2.8,False,True,,,,,,,,,COMPLETE
1525,-1000000000.0,2026-04-01 03:04:26.649478,2026-04-01 03:04:26.742031,0 days 00:00:00.092553,16,2.25,23,4,20,1.75,1.0,10,44,97,90,1,1.05,2.5,1.5,2.0,16,5.7,15.2,3.0,4.4,2.5,True,False,,,,,,,,,COMPLETE
1526,-1000000000.0,2026-04-01 03:04:26.784198,2026-04-01 03:04:26.871578,0 days 00:00:00.087380,14,2.2,22,2,12,1.0,0.7,6,37,84,60,5,1.3,3.0,1.6,1.6,21,5.0,12.0,5.2,5.1,3.0,False,True,,,,,,,,,COMPLETE
1527,-1000000000.0,2026-04-01 03:04:26.912034,2026-04-01 03:04:27.001623,0 days 00:00:00.089589,17,2.15,16,3,15,1.9500000000000002,0.55,8,43,70,180,5,2.0,2.3,1.75,2.5,6,5.1,11.8,6.4,6.7,1.6,True,True,,,,,,,,,COMPLETE
1528,-1000000000.0,2026-04-01 03:04:27.044432,2026-04-01 03:04:27.140050,0 days 00:00:00.095618,11,1.8499999999999999,18,0,16,1.4,0.8,9,40,73,150,3,1.25,2.0,1.8,1.9,25,5.2,9.6,6.9,5.7,3.7,False,True,,,,,,,,,COMPLETE
1529,-1000000000.0,2026-04-01 03:04:27.181047,2026-04-01 03:04:30.962364,0 days 00:00:03.781317,15,2.05,14,1,17,1.6,0.5,8,39,91,30,6,1.0,3.2,1.65,2.1,29,4.8,13.600000000000001,4.3,4.1,2.1,True,False,,,,,,,,,COMPLETE
1530,-1000000000.0,2026-04-01 03:04:31.002886,2026-04-01 03:04:31.080349,0 days 00:00:00.077463,16,1.5499999999999998,20,2,12,1.65,0.75,8,41,98,150,0,2.1500000000000004,2.2,1.25,1.8,17,5.3,10.6,6.0,5.300000000000001,2.3,False,True,,,,,,,,,COMPLETE
1531,-1000000000.0,2026-04-01 03:04:31.120429,2026-04-01 03:04:35.569061,0 days 00:00:04.448632,14,2.5,19,0,19,1.1,0.7,9,38,71,180,4,1.35,2.3,1.9500000000000002,1.7,11,5.6,13.8,5.4,3.6,2.2,True,True,,,,,,,,,COMPLETE
1532,-1000000000.0,2026-04-01 03:04:35.606702,2026-04-01 03:04:35.697767,0 days 00:00:00.091065,20,1.65,15,4,13,1.15,0.65,7,42,76,120,2,1.1,2.6,1.85,1.5,24,4.6,12.8,5.1,4.5,2.7,False,False,,,,,,,,,COMPLETE
1533,-1000000000.0,2026-04-01 03:04:35.740741,2026-04-01 03:04:35.845795,0 days 00:00:00.105054,19,2.0,24,3,10,1.2,0.55,10,37,88,150,3,1.9,4.300000000000001,1.7000000000000002,1.5,9,5.9,13.2,6.5,5.2,3.2,True,True,,,,,,,,,COMPLETE
1534,-1000000000.0,2026-04-01 03:04:35.888590,2026-04-01 03:04:35.990121,0 days 00:00:00.101531,18,1.7999999999999998,14,2,14,1.25,0.6,6,44,85,90,5,1.9500000000000002,2.9,1.9,2.3,14,4.7,10.0,3.4,5.9,1.9,False,True,,,,,,,,,COMPLETE
1535,-1000000000.0,2026-04-01 03:04:36.032581,2026-04-01 03:04:40.282811,0 days 00:00:04.250230,13,1.75,16,1,18,1.65,0.5,9,35,82,60,6,1.8,2.4,1.75,1.6,17,4.3,9.2,6.1,6.1,3.6,True,True,,,,,,,,,COMPLETE
1536,-1000000000.0,2026-04-01 03:04:40.324526,2026-04-01 03:04:44.611949,0 days 00:00:04.287423,17,1.9,17,5,20,1.7000000000000002,0.55,8,40,100,120,0,2.05,4.2,1.3,2.2,19,3.6,12.4,3.5,6.9,2.1,False,False,,,,,,,,,COMPLETE
1537,-1000000000.0,2026-04-01 03:04:44.655362,2026-04-01 03:04:44.746239,0 days 00:00:00.090877,16,2.35,15,2,14,1.45,0.9,9,43,80,180,6,1.75,2.7,1.5,2.1,12,5.5,12.2,4.5,5.5,1.5,True,True,,,,,,,,,COMPLETE
1538,-1000000000.0,2026-04-01 03:04:44.790578,2026-04-01 03:04:44.901111,0 days 00:00:00.110533,12,2.05,14,0,11,1.8,0.8500000000000001,10,36,81,30,4,1.45,4.300000000000001,1.55,3.1,18,6.0,14.4,5.6,3.1,3.8000000000000003,True,True,,,,,,,,,COMPLETE
1539,-1000000000.0,2026-04-01 03:04:44.951939,2026-04-01 03:04:45.059973,0 days 00:00:00.108034,15,2.45,25,1,15,1.55,0.7,7,43,92,150,1,1.85,2.1,1.45,2.7,2,4.4,11.4,5.9,5.800000000000001,2.0,False,True,,,,,,,,,COMPLETE
1540,-1000000000.0,2026-04-01 03:04:45.104612,2026-04-01 03:04:45.206153,0 days 00:00:00.101541,14,2.3,18,4,12,1.5,0.6,8,42,90,90,5,2.1,2.5,1.8,2.0,10,5.0,9.8,3.9,6.300000000000001,2.7,True,False,,,,,,,,,COMPLETE
1541,-1000000000.0,2026-04-01 03:04:45.257625,2026-04-01 03:04:45.360494,0 days 00:00:00.102869,20,2.15,14,1,17,1.1,0.55,5,41,93,150,3,1.55,4.5,1.7000000000000002,3.5,0,5.800000000000001,11.8,6.800000000000001,3.8,4.0,False,True,,,,,,,,,COMPLETE
1542,-1000000000.0,2026-04-01 03:04:45.404170,2026-04-01 03:04:45.503526,0 days 00:00:00.099356,19,1.5999999999999999,20,3,13,1.0,0.95,9,39,89,180,0,1.15,2.8,1.4,2.2,21,5.4,10.2,4.9,3.9,3.1,True,True,,,,,,,,,COMPLETE
1543,-1000000000.0,2026-04-01 03:04:45.547595,2026-04-01 03:04:45.649991,0 days 00:00:00.102396,18,2.4,21,0,10,1.05,0.8,8,40,74,120,5,1.0,3.6,1.0,2.5,13,5.5,10.8,6.7,4.9,1.7,False,True,,,,,,,,,COMPLETE
1544,-1000000000.0,2026-04-01 03:04:45.696563,2026-04-01 03:04:45.813996,0 days 00:00:00.117433,11,1.7,22,4,20,1.85,0.55,7,44,72,150,2,1.4,2.5,1.6,3.3,26,5.3,14.600000000000001,3.1,4.2,3.3,True,False,,,,,,,,,COMPLETE
1545,-1000000000.0,2026-04-01 03:04:45.857767,2026-04-01 03:04:45.953133,0 days 00:00:00.095366,14,2.2,17,2,16,1.15,0.65,6,43,96,30,5,1.5,3.3,1.2,2.9000000000000004,28,4.9,13.0,5.800000000000001,4.0,3.7,False,True,,,,,,,,,COMPLETE
1546,-1000000000.0,2026-04-01 03:04:45.999918,2026-04-01 03:04:46.101227,0 days 00:00:00.101309,15,1.5,16,1,12,1.35,0.75,9,37,99,180,4,1.05,3.9000000000000004,1.65,1.8,4,4.2,12.0,6.9,3.7,2.2,True,True,,,,,,,,,COMPLETE
1547,-1000000000.0,2026-04-01 03:04:46.143927,2026-04-01 03:04:50.547143,0 days 00:00:04.403216,10,2.5,14,5,18,1.4,0.5,8,35,87,120,6,1.3,2.2,1.05,1.9,16,4.5,11.6,4.2,6.4,2.6,False,False,,,,,,,,,COMPLETE
1548,-1000000000.0,2026-04-01 03:04:50.590057,2026-04-01 03:04:50.692400,0 days 00:00:00.102343,16,2.25,24,2,14,1.9,0.6,10,38,75,150,3,1.9,2.0,1.35,1.5,19,5.6,10.4,3.7,5.6,3.0,True,True,,,,,,,,,COMPLETE
1549,-1000000000.0,2026-04-01 03:04:50.737509,2026-04-01 03:04:50.837414,0 days 00:00:00.099905,13,2.0,15,0,15,1.6,0.7,8,40,77,90,2,1.2,4.800000000000001,1.55,1.7,20,5.1,12.4,6.4,3.0,2.3,False,True,,,,,,,,,COMPLETE
1550,-1000000000.0,2026-04-01 03:04:50.882351,2026-04-01 03:04:50.983575,0 days 00:00:00.101224,20,1.45,19,3,17,1.5,0.5,9,41,88,150,3,1.7000000000000002,2.4,1.75,2.0,8,3.7,13.2,5.300000000000001,4.7,3.9000000000000004,True,True,,,,,,,,,COMPLETE
1551,-1000000000.0,2026-04-01 03:04:51.026669,2026-04-01 03:04:51.129262,0 days 00:00:00.102593,15,2.4,23,1,19,1.05,0.6,7,42,71,30,6,2.05,4.1,1.9500000000000002,2.1,15,5.2,14.0,6.2,3.9,3.2,False,False,,,,,,,,,COMPLETE
1552,-1000000000.0,2026-04-01 03:04:51.170002,2026-04-01 03:04:51.281593,0 days 00:00:00.111591,17,2.45,14,2,13,1.3,0.95,9,44,84,180,0,2.2,2.3,1.15,1.6,25,4.1,11.0,4.8,6.2,3.5,True,True,,,,,,,,,COMPLETE
1553,-1000000000.0,2026-04-01 03:04:51.327182,2026-04-01 03:04:55.492032,0 days 00:00:04.164850,16,2.1,16,1,14,1.45,0.9,7,36,86,150,5,1.35,3.4000000000000004,2.0,2.6,27,3.9,12.8,7.0,6.6,3.6,False,True,,,,,,,,,COMPLETE
1554,-1000000000.0,2026-04-01 03:04:55.529057,2026-04-01 03:04:55.605643,0 days 00:00:00.076586,14,2.3,17,4,11,1.15,0.6,8,43,91,120,4,1.25,2.1,1.1,2.2,30,5.4,9.4,5.7,5.1,1.6,True,True,,,,,,,,,COMPLETE
1555,-1000000000.0,2026-04-01 03:04:55.647857,2026-04-01 03:05:00.093899,0 days 00:00:04.446042,19,2.35,14,0,20,1.0,0.55,6,39,98,150,5,1.9500000000000002,4.4,1.25,1.6,22,5.2,12.0,4.1,5.7,2.0,False,False,,,,,,,,,COMPLETE
1556,-1000000000.0,2026-04-01 03:05:00.148006,2026-04-01 03:05:00.262594,0 days 00:00:00.114588,18,1.95,15,5,12,1.1,0.65,10,37,94,180,6,2.0,3.1,1.0,1.8,23,5.7,10.2,4.6,5.4,3.1,True,True,,,,,,,,,COMPLETE
1557,-1000000000.0,2026-04-01 03:05:00.314705,2026-04-01 03:05:00.439598,0 days 00:00:00.124893,17,1.75,16,1,15,1.2,0.8500000000000001,9,40,97,60,0,1.35,2.9,1.85,2.3,5,5.3,11.4,3.6,3.2,2.1,False,True,,,,,,,,,COMPLETE
