number,value,state,datetime_start,datetime_complete,duration_seconds,params_json,fold_sharpes_json,avg_cv_sharpe
1173,-1000000000.0,TrialState.COMPLETE,2026-04-01T02:58:05.857815,2026-04-01T02:58:05.908614,0.050799,"{""atr_window"": 19, ""bb_std_dev"": 1.8499999999999999, ""bb_window"": 17, ""cooldown"": 1, ""macd_fast"": 13, ""macd_k"": 1.3, ""macd_k_mid"": 0.5, ""macd_signal"": 6, ""macd_slow"": 39, ""macd_std_window"": 98, ""rebalance_freq"": 60, ""rebounce_block"": 5, ""sl_mult_lm"": 1.9500000000000002, ""sl_mult_lr"": 2.5, ""sl_mult_sm"": 1.1, ""sl_mult_sr"": 2.7, ""time_stop"": 15, ""tp_mult_lm"": 5.5, ""tp_mult_lr"": 10.8, ""tp_mult_sm"": 4.4, ""tp_mult_sr"": 4.5, ""trail_mult"": 3.2, ""trail_tp"": false, ""use_trailing"": true}",{},
1174,-1000000000.0,TrialState.COMPLETE,2026-04-01T02:58:05.946663,2026-04-01T02:58:06.000034,0.053371,"{""atr_window"": 17, ""bb_std_dev"": 2.1, ""bb_window"": 21, ""cooldown"": 5, ""macd_fast"": 15, ""macd_k"": 1.4, ""macd_k_mid"": 0.8, ""macd_signal"": 10, ""macd_slow"": 38, ""macd_std_window"": 90, ""rebalance_freq"": 90, ""rebounce_block"": 3, ""sl_mult_lm"": 1.0, ""sl_mult_lr"": 3.0, ""sl_mult_sm"": 1.5, ""sl_mult_sr"": 3.4000000000000004, ""time_stop"": 12, ""tp_mult_lm"": 5.4, ""tp_mult_lr"": 11.4, ""tp_mult_sm"": 7.0, ""tp_mult_sr"": 3.2, ""trail_mult"": 3.9000000000000004, ""trail_tp"": true, ""use_trailing"": false}",{},
1175,-1000000000.0,TrialState.COMPLETE,2026-04-01T02:58:06.036538,2026-04-01T02:58:08.512889,2.476351,"{""atr_window"": 15, ""bb_std_dev"": 2.0, ""bb_window"": 14, ""cooldown"": 1, ""macd_fast"": 19, ""macd_k"": 1.6, ""macd_k_mid"": 0.55, ""macd_signal"": 9, ""macd_slow"": 40, ""macd_std_window"": 77, ""rebalance_freq"": 150, ""rebounce_block"": 6, ""sl_mult_lm"": 1.2, ""sl_mult_lr"": 4.4, ""sl_mult_sm"": 1.85, ""sl_mult_sr"": 2.2, ""time_stop"": 18, ""tp_mult_lm"": 4.8, ""tp_mult_lr"": 9.8, ""tp_mult_sm"": 6.0, ""tp_mult_sr"": 4.2, ""trail_mult"": 1.9, ""trail_tp"": true, ""use_trailing"": true}",{},
1176,-1000000000.0,TrialState.COMPLETE,2026-04-01T02:58:08.549849,2026-04-01T02:58:08.594880,0.045031,"{""atr_window"": 20, ""bb_std_dev"": 2.4, ""bb_window"": 14, ""cooldown"": 2, ""macd_fast"": 12, ""macd_k"": 1.25, ""macd_k_mid"": 0.6, ""macd_signal"": 8, ""macd_slow"": 43, ""macd_std_window"": 83, ""rebalance_freq"": 150, ""rebounce_block"": 3, ""sl_mult_lm"": 1.05, ""sl_mult_lr"": 2.0, ""sl_mult_sm"": 1.45, ""sl_mult_sr"": 1.5, ""time_stop"": 16, ""tp_mult_lm"": 5.6, ""tp_mult_lr"": 15.0, ""tp_mult_sm"": 3.7, ""tp_mult_sr"": 6.9, ""trail_mult"": 2.1, ""trail_tp"": false, ""use_trailing"": true}",{},
1177,-1000000000.0,TrialState.COMPLETE,2026-04-01T02:58:08.628051,2026-04-01T02:58:08.673836,0.045785,"{""atr_window"": 14, ""bb_std_dev"": 2.15, ""bb_window"": 24, ""cooldown"": 0, ""macd_fast"": 18, ""macd_k"": 1.5, ""macd_k_mid"": 0.5, ""macd_signal"": 7, ""macd_slow"": 41, ""macd_std_window"": 92, ""rebalance_freq"": 180, ""rebounce_block"": 4, ""sl_mult_lm"": 1.3, ""sl_mult_lr"": 3.2, ""sl_mult_sm"": 1.55, ""sl_mult_sr"": 2.1, ""time_stop"": 23, ""tp_mult_lm"": 3.8, ""tp_mult_lr"": 12.0, ""tp_mult_sm"": 5.800000000000001, ""tp_mult_sr"": 6.2, ""trail_mult"": 2.0, ""trail_tp"": true, ""use_trailing"": false}",{},
1178,-1000000000.0,TrialState.COMPLETE,2026-04-01T02:58:08.705942,2026-04-01T02:58:08.751254,0.045312,"{""atr_window"": 16, ""bb_std_dev"": 2.2, ""bb_window"": 23, ""cooldown"": 4, ""macd_fast"": 14, ""macd_k"": 1.9, ""macd_k_mid"": 0.65, ""macd_signal"": 8, ""macd_slow"": 44, ""macd_std_window"": 85, ""rebalance_freq"": 150, ""rebounce_block"": 5, ""sl_mult_lm"": 1.7000000000000002, ""sl_mult_lr"": 4.1, ""sl_mult_sm"": 1.65, ""sl_mult_sr"": 1.8, ""time_stop"": 27, ""tp_mult_lm"": 5.7, ""tp_mult_lr"": 15.600000000000001, ""tp_mult_sm"": 6.9, ""tp_mult_sr"": 5.5, ""trail_mult"": 2.4, ""trail_tp"": false, ""use_trailing"": true}",{},
1179,-1000000000.0,TrialState.COMPLETE,2026-04-01T02:58:08.784026,2026-04-01T02:58:11.336835,2.552809,"{""atr_window"": 13, ""bb_std_dev"": 2.2, ""bb_window"": 16, ""cooldown"": 3, ""macd_fast"": 20, ""macd_k"": 1.75, ""macd_k_mid"": 0.75, ""macd_signal"": 9, ""macd_slow"": 36, ""macd_std_window"": 82, ""rebalance_freq"": 30, ""rebounce_block"": 0, ""sl_mult_lm"": 1.6, ""sl_mult_lr"": 4.300000000000001, ""sl_mult_sm"": 1.35, ""sl_mult_sr"": 1.9, ""time_stop"": 19, ""tp_mult_lm"": 5.1, ""tp_mult_lr"": 10.4, ""tp_mult_sm"": 6.6, ""tp_mult_sr"": 6.4, ""trail_mult"": 3.6, ""trail_tp"": true, ""use_trailing"": true}",{},
1180,-1000000000.0,TrialState.COMPLETE,2026-04-01T02:58:11.368875,2026-04-01T02:58:14.063598,2.694723,"{""atr_window"": 15, ""bb_std_dev"": 2.05, ""bb_window"": 15, ""cooldown"": 1, ""macd_fast"": 17, ""macd_k"": 1.0, ""macd_k_mid"": 0.55, ""macd_signal"": 8, ""macd_slow"": 35, ""macd_std_window"": 93, ""rebalance_freq"": 120, ""rebounce_block"": 2, ""sl_mult_lm"": 2.0, ""sl_mult_lr"": 4.7, ""sl_mult_sm"": 1.75, ""sl_mult_sr"": 3.2, ""time_stop"": 24, ""tp_mult_lm"": 4.0, ""tp_mult_lr"": 10.6, ""tp_mult_sm"": 6.2, ""tp_mult_sr"": 3.5, ""trail_mult"": 3.1, ""trail_tp"": false, ""use_trailing"": true}",{},
1181,-1000000000.0,TrialState.COMPLETE,2026-04-01T02:58:14.099427,2026-04-01T02:58:14.145196,0.045769,"{""atr_window"": 18, ""bb_std_dev"": 1.5499999999999998, ""bb_window"": 18, ""cooldown"": 2, ""macd_fast"": 10, ""macd_k"": 1.1, ""macd_k_mid"": 0.7, ""macd_signal"": 10, ""macd_slow"": 42, ""macd_std_window"": 81, ""rebalance_freq"": 90, ""rebounce_block"": 6, ""sl_mult_lm"": 1.9, ""sl_mult_lr"": 2.9, ""sl_mult_sm"": 1.6, ""sl_mult_sr"": 2.4, ""time_stop"": 4, ""tp_mult_lm"": 5.9, ""tp_mult_lr"": 13.8, ""tp_mult_sm"": 3.0, ""tp_mult_sr"": 5.0, ""trail_mult"": 2.2, ""trail_tp"": true, ""use_trailing"": false}",{},
1182,-1000000000.0,TrialState.COMPLETE,2026-04-01T02:58:14.179500,2026-04-01T02:58:14.226966,0.047466,"{""atr_window"": 19, ""bb_std_dev"": 2.15, ""bb_window"": 25, ""cooldown"": 0, ""macd_fast"": 16, ""macd_k"": 1.15, ""macd_k_mid"": 0.6, ""macd_signal"": 9, ""macd_slow"": 40, ""macd_std_window"": 89, ""rebalance_freq"": 180, ""rebounce_block"": 5, ""sl_mult_lm"": 1.15, ""sl_mult_lr"": 2.6, ""sl_mult_sm"": 1.0, ""sl_mult_sr"": 1.6, ""time_stop"": 11, ""tp_mult_lm"": 4.9, ""tp_mult_lr"": 11.8, ""tp_mult_sm"": 3.5, ""tp_mult_sr"": 3.0, ""trail_mult"": 2.7, ""trail_tp"": false, ""use_trailing"": true}",{},
1183,-1000000000.0,TrialState.COMPLETE,2026-04-01T02:58:14.259702,2026-04-01T02:58:14.307821,0.048119,"{""atr_window"": 20, ""bb_std_dev"": 2.45, ""bb_window"": 14, ""cooldown"": 4, ""macd_fast"": 11, ""macd_k"": 1.65, ""macd_k_mid"": 0.55, ""macd_signal"": 7, ""macd_slow"": 39, ""macd_std_window"": 91, ""rebalance_freq"": 150, ""rebounce_block"": 0, ""sl_mult_lm"": 2.1, ""sl_mult_lr"": 4.9, ""sl_mult_sm"": 1.7000000000000002, ""sl_mult_sr"": 1.7, ""time_stop"": 22, ""tp_mult_lm"": 3.6, ""tp_mult_lr"": 12.8, ""tp_mult_sm"": 4.2, ""tp_mult_sr"": 5.800000000000001, ""trail_mult"": 1.5, ""trail_tp"": true, ""use_trailing"": true}",{},
1184,-1000000000.0,TrialState.COMPLETE,2026-04-01T02:58:14.350022,2026-04-01T02:58:14.400502,0.05048,"{""atr_window"": 16, ""bb_std_dev"": 2.5, ""bb_window"": 15, ""cooldown"": 1, ""macd_fast"": 13, ""macd_k"": 1.2, ""macd_k_mid"": 0.7, ""macd_signal"": 5, ""macd_slow"": 43, ""macd_std_window"": 99, ""rebalance_freq"": 180, ""rebounce_block"": 1, ""sl_mult_lm"": 1.75, ""sl_mult_lr"": 2.3, ""sl_mult_sm"": 1.25, ""sl_mult_sr"": 2.3, ""time_stop"": 14, ""tp_mult_lm"": 4.2, ""tp_mult_lr"": 16.4, ""tp_mult_sm"": 5.5, ""tp_mult_sr"": 6.0, ""trail_mult"": 1.6, ""trail_tp"": false, ""use_trailing"": true}",{},
1185,-1000000000.0,TrialState.COMPLETE,2026-04-01T02:58:14.437934,2026-04-01T02:58:17.008384,2.57045,"{""atr_window"": 14, ""bb_std_dev"": 2.35, ""bb_window"": 17, ""cooldown"": 2, ""macd_fast"": 19, ""macd_k"": 1.1, ""macd_k_mid"": 0.95, ""macd_signal"": 9, ""macd_slow"": 38, ""macd_std_window"": 75, ""rebalance_freq"": 120, ""rebounce_block"": 3, ""sl_mult_lm"": 1.75, ""sl_mult_lr"": 2.5, ""sl_mult_sm"": 1.9500000000000002, ""sl_mult_sr"": 1.5, ""time_stop"": 9, ""tp_mult_lm"": 4.1, ""tp_mult_lr"": 13.2, ""tp_mult_sm"": 5.1, ""tp_mult_sr"": 3.8, ""trail_mult"": 3.3, ""trail_tp"": true, ""use_trailing"": false}",{},
1186,-1000000000.0,TrialState.COMPLETE,2026-04-01T02:58:17.042049,2026-04-01T02:58:17.090086,0.048037,"{""atr_window"": 16, ""bb_std_dev"": 2.25, ""bb_window"": 16, ""cooldown"": 5, ""macd_fast"": 14, ""macd_k"": 1.9500000000000002, ""macd_k_mid"": 0.6, ""macd_signal"": 8, ""macd_slow"": 37, ""macd_std_window"": 86, ""rebalance_freq"": 150, ""rebounce_block"": 6, ""sl_mult_lm"": 1.35, ""sl_mult_lr"": 2.4, ""sl_mult_sm"": 1.85, ""sl_mult_sr"": 1.9, ""time_stop"": 21, ""tp_mult_lm"": 4.6, ""tp_mult_lr"": 9.4, ""tp_mult_sm"": 4.5, ""tp_mult_sr"": 4.0, ""trail_mult"": 2.9000000000000004, ""trail_tp"": false, ""use_trailing"": true}",{},
1187,-1000000000.0,TrialState.COMPLETE,2026-04-01T02:58:17.123976,2026-04-01T02:58:17.171311,0.047335,"{""atr_window"": 17, ""bb_std_dev"": 1.95, ""bb_window"": 20, ""cooldown"": 3, ""macd_fast"": 15, ""macd_k"": 1.35, ""macd_k_mid"": 0.5, ""macd_signal"": 6, ""macd_slow"": 44, ""macd_std_window"": 97, ""rebalance_freq"": 90, ""rebounce_block"": 5, ""sl_mult_lm"": 2.05, ""sl_mult_lr"": 2.4, ""sl_mult_sm"": 1.05, ""sl_mult_sr"": 1.6, ""time_stop"": 3, ""tp_mult_lm"": 5.2, ""tp_mult_lr"": 10.0, ""tp_mult_sm"": 5.7, ""tp_mult_sr"": 5.6, ""trail_mult"": 3.0, ""trail_tp"": true, ""use_trailing"": true}",{},
1188,-1000000000.0,TrialState.COMPLETE,2026-04-01T02:58:17.204781,2026-04-01T02:58:17.252464,0.047683,"{""atr_window"": 13, ""bb_std_dev"": 1.75, ""bb_window"": 14, ""cooldown"": 1, ""macd_fast"": 12, ""macd_k"": 1.05, ""macd_k_mid"": 0.65, ""macd_signal"": 8, ""macd_slow"": 41, ""macd_std_window"": 88, ""rebalance_freq"": 30, ""rebounce_block"": 4, ""sl_mult_lm"": 1.4, ""sl_mult_lr"": 2.2, ""sl_mult_sm"": 1.9, ""sl_mult_sr"": 2.2, ""time_stop"": 8, ""tp_mult_lm"": 4.7, ""tp_mult_lr"": 12.600000000000001, ""tp_mult_sm"": 6.800000000000001, ""tp_mult_sr"": 4.6, ""trail_mult"": 2.5, ""trail_tp"": false, ""use_trailing"": true}",{},
1189,-1000000000.0,TrialState.COMPLETE,2026-04-01T02:58:17.302802,2026-04-01T02:58:19.766886,2.464084,"{""atr_window"": 20, ""bb_std_dev"": 2.4, ""bb_window"": 21, ""cooldown"": 0, ""macd_fast"": 18, ""macd_k"": 1.4, ""macd_k_mid"": 0.55, ""macd_signal"": 7, ""macd_slow"": 36, ""macd_std_window"": 72, ""rebalance_freq"": 120, ""rebounce_block"": 2, ""sl_mult_lm"": 1.9, ""sl_mult_lr"": 3.0, ""sl_mult_sm"": 1.8, ""sl_mult_sr"": 3.0, ""time_stop"": 17, ""tp_mult_lm"": 5.3, ""tp_mult_lr"": 12.2, ""tp_mult_sm"": 3.3, ""tp_mult_sr"": 4.9, ""trail_mult"": 4.0, ""trail_tp"": true, ""use_trailing"": false}",{},
1190,-1000000000.0,TrialState.COMPLETE,2026-04-01T02:58:19.798087,2026-04-01T02:58:19.844191,0.046104,"{""atr_window"": 12, ""bb_std_dev"": 2.3, ""bb_window"": 24, ""cooldown"": 1, ""macd_fast"": 15, ""macd_k"": 1.65, ""macd_k_mid"": 0.8, ""macd_signal"": 9, ""macd_slow"": 40, ""macd_std_window"": 70, ""rebalance_freq"": 180, ""rebounce_block"": 5, ""sl_mult_lm"": 1.3, ""sl_mult_lr"": 2.1, ""sl_mult_sm"": 1.45, ""sl_mult_sr"": 2.0, ""time_stop"": 0, ""tp_mult_lm"": 5.6, ""tp_mult_lr"": 8.6, ""tp_mult_sm"": 4.0, ""tp_mult_sr"": 6.1, ""trail_mult"": 3.6, ""trail_tp"": false, ""use_trailing"": true}",{},
1191,-1000000000.0,TrialState.COMPLETE,2026-04-01T02:58:19.878997,2026-04-01T02:58:22.405902,2.526905,"{""atr_window"": 18, ""bb_std_dev"": 1.7, ""bb_window"": 15, ""cooldown"": 2, ""macd_fast"": 20, ""macd_k"": 1.5, ""macd_k_mid"": 0.5, ""macd_signal"": 10, ""macd_slow"": 42, ""macd_std_window"": 95, ""rebalance_freq"": 120, ""rebounce_block"": 4, ""sl_mult_lm"": 1.9500000000000002, ""sl_mult_lr"": 2.0, ""sl_mult_sm"": 1.15, ""sl_mult_sr"": 2.1, ""time_stop"": 26, ""tp_mult_lm"": 4.7, ""tp_mult_lr"": 11.2, ""tp_mult_sm"": 6.5, ""tp_mult_sr"": 3.6, ""trail_mult"": 3.2, ""trail_tp"": true, ""use_trailing"": true}",{},
1192,-1000000000.0,TrialState.COMPLETE,2026-04-01T02:58:22.440755,2026-04-01T02:58:22.488576,0.047821,"{""atr_window"": 14, ""bb_std_dev"": 1.9, ""bb_window"": 16, ""cooldown"": 4, ""macd_fast"": 10, ""macd_k"": 1.55, ""macd_k_mid"": 0.8500000000000001, ""macd_signal"": 9, ""macd_slow"": 35, ""macd_std_window"": 79, ""rebalance_freq"": 60, ""rebounce_block"": 1, ""sl_mult_lm"": 1.0, ""sl_mult_lr"": 2.8, ""sl_mult_sm"": 1.65, ""sl_mult_sr"": 2.5, ""time_stop"": 20, ""tp_mult_lm"": 5.0, ""tp_mult_lr"": 8.0, ""tp_mult_sm"": 3.6, ""tp_mult_sr"": 6.5, ""trail_mult"": 3.7, ""trail_tp"": false, ""use_trailing"": false}",{},
1193,-1000000000.0,TrialState.COMPLETE,2026-04-01T02:58:22.524430,2026-04-01T02:58:22.572731,0.048301,"{""atr_window"": 10, ""bb_std_dev"": 2.0, ""bb_window"": 14, ""cooldown"": 3, ""macd_fast"": 14, ""macd_k"": 1.15, ""macd_k_mid"": 0.55, ""macd_signal"": 8, ""macd_slow"": 44, ""macd_std_window"": 71, ""rebalance_freq"": 150, ""rebounce_block"": 6, ""sl_mult_lm"": 1.25, ""sl_mult_lr"": 4.0, ""sl_mult_sm"": 1.7000000000000002, ""sl_mult_sr"": 1.5, ""time_stop"": 25, ""tp_mult_lm"": 6.0, ""tp_mult_lr"": 14.0, ""tp_mult_sm"": 3.8, ""tp_mult_sr"": 3.1, ""trail_mult"": 2.2, ""trail_tp"": true, ""use_trailing"": true}",{},
1194,-1000000000.0,TrialState.COMPLETE,2026-04-01T02:58:22.606599,2026-04-01T02:58:25.127338,2.520739,"{""atr_window"": 11, ""bb_std_dev"": 2.45, ""bb_window"": 17, ""cooldown"": 0, ""macd_fast"": 17, ""macd_k"": 1.0, ""macd_k_mid"": 0.7, ""macd_signal"": 8, ""macd_slow"": 37, ""macd_std_window"": 81, ""rebalance_freq"": 180, ""rebounce_block"": 3, ""sl_mult_lm"": 1.5, ""sl_mult_lr"": 2.3, ""sl_mult_sm"": 1.65, ""sl_mult_sr"": 2.9000000000000004, ""time_stop"": 10, ""tp_mult_lm"": 5.3, ""tp_mult_lr"": 12.0, ""tp_mult_sm"": 4.3, ""tp_mult_sr"": 5.2, ""trail_mult"": 1.8, ""trail_tp"": false, ""use_trailing"": true}",{},
1195,-1000000000.0,TrialState.COMPLETE,2026-04-01T02:58:25.163826,2026-04-01T02:58:25.215731,0.051905,"{""atr_window"": 15, ""bb_std_dev"": 2.5, ""bb_window"": 14, ""cooldown"": 5, ""macd_fast"": 12, ""macd_k"": 1.85, ""macd_k_mid"": 0.6, ""macd_signal"": 7, ""macd_slow"": 43, ""macd_std_window"": 90, ""rebalance_freq"": 30, ""rebounce_block"": 2, ""sl_mult_lm"": 1.25, ""sl_mult_lr"": 3.6, ""sl_mult_sm"": 2.0, ""sl_mult_sr"": 2.0, ""time_stop"": 1, ""tp_mult_lm"": 4.3, ""tp_mult_lr"": 11.0, ""tp_mult_sm"": 4.9, ""tp_mult_sr"": 3.7, ""trail_mult"": 2.1, ""trail_tp"": true, ""use_trailing"": true}",{},
1196,-1000000000.0,TrialState.COMPLETE,2026-04-01T02:58:25.250721,2026-04-01T02:58:25.314022,0.063301,"{""atr_window"": 15, ""bb_std_dev"": 2.05, ""bb_window"": 23, ""cooldown"": 2, ""macd_fast"": 11, ""macd_k"": 1.7000000000000002, ""macd_k_mid"": 0.55, ""macd_signal"": 6, ""macd_slow"": 39, ""macd_std_window"": 78, ""rebalance_freq"": 150, ""rebounce_block"": 5, ""sl_mult_lm"": 2.2, ""sl_mult_lr"": 2.2, ""sl_mult_sm"": 1.5, ""sl_mult_sr"": 1.8, ""time_stop"": 16, ""tp_mult_lm"": 5.5, ""tp_mult_lr"": 14.8, ""tp_mult_sm"": 4.8, ""tp_mult_sr"": 4.5, ""trail_mult"": 3.4000000000000004, ""trail_tp"": false, ""use_trailing"": false}",{},
1197,-1000000000.0,TrialState.COMPLETE,2026-04-01T02:58:25.360824,2026-04-01T02:58:25.415660,0.054836,"{""atr_window"": 18, ""bb_std_dev"": 2.2, ""bb_window"": 15, ""cooldown"": 1, ""macd_fast"": 20, ""macd_k"": 1.2, ""macd_k_mid"": 0.9, ""macd_signal"": 10, ""macd_slow"": 43, ""macd_std_window"": 87, ""rebalance_freq"": 90, ""rebounce_block"": 0, ""sl_mult_lm"": 2.0, ""sl_mult_lr"": 2.7, ""sl_mult_sm"": 1.55, ""sl_mult_sr"": 1.6, ""time_stop"": 15, ""tp_mult_lm"": 5.7, ""tp_mult_lr"": 11.6, ""tp_mult_sm"": 5.4, ""tp_mult_sr"": 5.7, ""trail_mult"": 3.1, ""trail_tp"": true, ""use_trailing"": true}",{},
1198,-1000000000.0,TrialState.COMPLETE,2026-04-01T02:58:25.451739,2026-04-01T02:58:25.501561,0.049822,"{""atr_window"": 19, ""bb_std_dev"": 2.25, ""bb_window"": 22, ""cooldown"": 1, ""macd_fast"": 16, ""macd_k"": 1.4, ""macd_k_mid"": 1.0, ""macd_signal"": 9, ""macd_slow"": 41, ""macd_std_window"": 98, ""rebalance_freq"": 150, ""rebounce_block"": 6, ""sl_mult_lm"": 1.55, ""sl_mult_lr"": 2.5, ""sl_mult_sm"": 1.6, ""sl_mult_sr"": 1.7, ""time_stop"": 5, ""tp_mult_lm"": 3.7, ""tp_mult_lr"": 12.4, ""tp_mult_sm"": 6.300000000000001, ""tp_mult_sr"": 5.1, ""trail_mult"": 2.6, ""trail_tp"": false, ""use_trailing"": true}",{},
1199,-1000000000.0,TrialState.COMPLETE,2026-04-01T02:58:25.536268,2026-04-01T02:58:28.023678,2.48741,"{""atr_window"": 20, ""bb_std_dev"": 1.7999999999999998, ""bb_window"": 14, ""cooldown"": 0, ""macd_fast"": 19, ""macd_k"": 1.6, ""macd_k_mid"": 0.6, ""macd_signal"": 8, ""macd_slow"": 40, ""macd_std_window"": 91, ""rebalance_freq"": 150, ""rebounce_block"": 3, ""sl_mult_lm"": 1.8, ""sl_mult_lr"": 2.9, ""sl_mult_sm"": 1.2, ""sl_mult_sr"": 2.2, ""time_stop"": 22, ""tp_mult_lm"": 5.1, ""tp_mult_lr"": 15.4, ""tp_mult_sm"": 3.1, ""tp_mult_sr"": 3.3, ""trail_mult"": 3.5, ""trail_tp"": true, ""use_trailing"": true}",{},
1200,-1000000000.0,TrialState.COMPLETE,2026-04-01T02:58:28.050634,2026-04-01T02:58:28.093139,0.042505,"{""atr_window"": 17, ""bb_std_dev"": 1.65, ""bb_window"": 18, ""cooldown"": 4, ""macd_fast"": 14, ""macd_k"": 1.0, ""macd_k_mid"": 0.5, ""macd_signal"": 9, ""macd_slow"": 37, ""macd_std_window"": 96, ""rebalance_freq"": 120, ""rebounce_block"": 5, ""sl_mult_lm"": 1.3, ""sl_mult_lr"": 2.8, ""sl_mult_sm"": 1.3, ""sl_mult_sr"": 2.6, ""time_stop"": 29, ""tp_mult_lm"": 5.2, ""tp_mult_lr"": 9.8, ""tp_mult_sm"": 6.1, ""tp_mult_sr"": 3.9, ""trail_mult"": 2.7, ""trail_tp"": false, ""use_trailing"": false}",{},
1201,-1000000000.0,TrialState.COMPLETE,2026-04-01T02:58:28.128869,2026-04-01T02:58:28.178887,0.050018,"{""atr_window"": 16, ""bb_std_dev"": 2.35, ""bb_window"": 16, ""cooldown"": 2, ""macd_fast"": 12, ""macd_k"": 1.45, ""macd_k_mid"": 0.75, ""macd_signal"": 7, ""macd_slow"": 35, ""macd_std_window"": 83, ""rebalance_freq"": 180, ""rebounce_block"": 5, ""sl_mult_lm"": 1.85, ""sl_mult_lr"": 2.4, ""sl_mult_sm"": 1.75, ""sl_mult_sr"": 2.1, ""time_stop"": 7, ""tp_mult_lm"": 3.9, ""tp_mult_lr"": 13.0, ""tp_mult_sm"": 5.300000000000001, ""tp_mult_sr"": 3.0, ""trail_mult"": 3.3, ""trail_tp"": true, ""use_trailing"": true}",{},
1202,-1000000000.0,TrialState.COMPLETE,2026-04-01T02:58:28.213686,2026-04-01T02:58:28.262778,0.049092,"{""atr_window"": 14, ""bb_std_dev"": 1.5, ""bb_window"": 20, ""cooldown"": 1, ""macd_fast"": 13, ""macd_k"": 1.15, ""macd_k_mid"": 0.7, ""macd_signal"": 6, ""macd_slow"": 42, ""macd_std_window"": 92, ""rebalance_freq"": 180, ""rebounce_block"": 2, ""sl_mult_lm"": 1.2, ""sl_mult_lr"": 2.1, ""sl_mult_sm"": 1.85, ""sl_mult_sr"": 1.5, ""time_stop"": 13, ""tp_mult_lm"": 5.4, ""tp_mult_lr"": 13.600000000000001, ""tp_mult_sm"": 4.6, ""tp_mult_sr"": 4.7, ""trail_mult"": 2.8, ""trail_tp"": true, ""use_trailing"": true}",{},
1203,-1000000000.0,TrialState.COMPLETE,2026-04-01T02:58:28.297848,2026-04-01T02:58:28.344932,0.047084,"{""atr_window"": 13, ""bb_std_dev"": 1.5499999999999998, ""bb_window"": 25, ""cooldown"": 3, ""macd_fast"": 10, ""macd_k"": 1.35, ""macd_k_mid"": 0.55, ""macd_signal"": 10, ""macd_slow"": 43, ""macd_std_window"": 80, ""rebalance_freq"": 90, ""rebounce_block"": 0, ""sl_mult_lm"": 1.35, ""sl_mult_lr"": 2.6, ""sl_mult_sm"": 1.8, ""sl_mult_sr"": 2.3, ""time_stop"": 21, ""tp_mult_lm"": 5.800000000000001, ""tp_mult_lr"": 9.6, ""tp_mult_sm"": 3.5, ""tp_mult_sr"": 6.6, ""trail_mult"": 2.0, ""trail_tp"": false, ""use_trailing"": true}",{},
1204,-1000000000.0,TrialState.COMPLETE,2026-04-01T02:58:28.390129,2026-04-01T02:58:28.441420,0.051291,"{""atr_window"": 11, ""bb_std_dev"": 1.8499999999999999, ""bb_window"": 17, ""cooldown"": 5, ""macd_fast"": 15, ""macd_k"": 1.05, ""macd_k_mid"": 0.65, ""macd_signal"": 8, ""macd_slow"": 44, ""macd_std_window"": 100, ""rebalance_freq"": 60, ""rebounce_block"": 4, ""sl_mult_lm"": 1.65, ""sl_mult_lr"": 3.5, ""sl_mult_sm"": 1.9500000000000002, ""sl_mult_sr"": 3.1, ""time_stop"": 19, ""tp_mult_lm"": 4.9, ""tp_mult_lr"": 10.0, ""tp_mult_sm"": 4.1, ""tp_mult_sr"": 5.4, ""trail_mult"": 1.7, ""trail_tp"": true, ""use_trailing"": false}",{},
1205,-1000000000.0,TrialState.COMPLETE,2026-04-01T02:58:28.476521,2026-04-01T02:58:28.524890,0.048369,"{""atr_window"": 16, ""bb_std_dev"": 2.4, ""bb_window"": 21, ""cooldown"": 2, ""macd_fast"": 11, ""macd_k"": 1.1, ""macd_k_mid"": 0.95, ""macd_signal"": 8, ""macd_slow"": 36, ""macd_std_window"": 74, ""rebalance_freq"": 30, ""rebounce_block"": 3, ""sl_mult_lm"": 1.15, ""sl_mult_lr"": 4.800000000000001, ""sl_mult_sm"": 1.05, ""sl_mult_sr"": 1.8, ""time_stop"": 17, ""tp_mult_lm"": 5.0, ""tp_mult_lr"": 10.2, ""tp_mult_sm"": 5.9, ""tp_mult_sr"": 4.1, ""trail_mult"": 2.4, ""trail_tp"": false, ""use_trailing"": true}",{},
1206,-1000000000.0,TrialState.COMPLETE,2026-04-01T02:58:28.570930,2026-04-01T02:58:31.070823,2.499893,"{""atr_window"": 14, ""bb_std_dev"": 2.1, ""bb_window"": 24, ""cooldown"": 4, ""macd_fast"": 18, ""macd_k"": 1.2, ""macd_k_mid"": 0.9, ""macd_signal"": 9, ""macd_slow"": 39, ""macd_std_window"": 73, ""rebalance_freq"": 150, ""rebounce_block"": 6, ""sl_mult_lm"": 1.1, ""sl_mult_lr"": 2.3, ""sl_mult_sm"": 1.0, ""sl_mult_sr"": 2.0, ""time_stop"": 11, ""tp_mult_lm"": 4.8, ""tp_mult_lr"": 12.0, ""tp_mult_sm"": 3.4, ""tp_mult_sr"": 4.4, ""trail_mult"": 3.8000000000000003, ""trail_tp"": true, ""use_trailing"": true}",{},
1207,-1000000000.0,TrialState.COMPLETE,2026-04-01T02:58:31.105423,2026-04-01T02:58:33.666567,2.561144,"{""atr_window"": 20, ""bb_std_dev"": 2.0, ""bb_window"": 15, ""cooldown"": 1, ""macd_fast"": 20, ""macd_k"": 1.3, ""macd_k_mid"": 0.5, ""macd_signal"": 9, ""macd_slow"": 38, ""macd_std_window"": 82, ""rebalance_freq"": 150, ""rebounce_block"": 4, ""sl_mult_lm"": 1.0, ""sl_mult_lr"": 2.5, ""sl_mult_sm"": 1.9, ""sl_mult_sr"": 1.5, ""time_stop"": 28, ""tp_mult_lm"": 5.9, ""tp_mult_lr"": 8.4, ""tp_mult_sm"": 6.9, ""tp_mult_sr"": 4.3, ""trail_mult"": 2.3, ""trail_tp"": false, ""use_trailing"": false}",{},
