number,value,state,datetime_start,datetime_complete,duration_seconds,params_json,fold_sharpes_json,avg_cv_sharpe
1720,-1000000000.0,TrialState.COMPLETE,2026-04-01T03:22:16.587796,2026-04-01T03:22:16.671585,0.083789,"{""atr_window"": 18, ""bb_std_dev"": 2.5, ""bb_window"": 14, ""cooldown"": 0, ""macd_fast"": 18, ""macd_k"": 1.3, ""macd_k_mid"": 0.7, ""macd_signal"": 9, ""macd_slow"": 42, ""macd_std_window"": 89, ""rebalance_freq"": 120, ""rebounce_block"": 1, ""sl_mult_lm"": 2.05, ""sl_mult_lr"": 2.3, ""sl_mult_sm"": 1.45, ""sl_mult_sr"": 3.2, ""time_stop"": 18, ""tp_mult_lm"": 5.1, ""tp_mult_lr"": 11.8, ""tp_mult_sm"": 5.1, ""tp_mult_sr"": 5.0, ""trail_mult"": 2.3, ""trail_tp"": true, ""use_trailing"": true}",{},
1721,-1000000000.0,TrialState.COMPLETE,2026-04-01T03:22:16.711212,2026-04-01T03:22:19.154597,2.443385,"{""atr_window"": 20, ""bb_std_dev"": 1.7999999999999998, ""bb_window"": 16, ""cooldown"": 1, ""macd_fast"": 20, ""macd_k"": 1.55, ""macd_k_mid"": 0.65, ""macd_signal"": 8, ""macd_slow"": 41, ""macd_std_window"": 84, ""rebalance_freq"": 150, ""rebounce_block"": 5, ""sl_mult_lm"": 1.9, ""sl_mult_lr"": 4.800000000000001, ""sl_mult_sm"": 1.8, ""sl_mult_sr"": 2.1, ""time_stop"": 9, ""tp_mult_lm"": 4.5, ""tp_mult_lr"": 13.0, ""tp_mult_sm"": 6.1, ""tp_mult_sr"": 4.5, ""trail_mult"": 3.5, ""trail_tp"": false, ""use_trailing"": true}",{},
1722,-1000000000.0,TrialState.COMPLETE,2026-04-01T03:22:19.187583,2026-04-01T03:22:19.243521,0.055938,"{""atr_window"": 15, ""bb_std_dev"": 2.0, ""bb_window"": 21, ""cooldown"": 2, ""macd_fast"": 10, ""macd_k"": 1.05, ""macd_k_mid"": 0.55, ""macd_signal"": 7, ""macd_slow"": 39, ""macd_std_window"": 92, ""rebalance_freq"": 30, ""rebounce_block"": 3, ""sl_mult_lm"": 2.1500000000000004, ""sl_mult_lr"": 2.2, ""sl_mult_sm"": 2.0, ""sl_mult_sr"": 3.5, ""time_stop"": 14, ""tp_mult_lm"": 5.3, ""tp_mult_lr"": 15.0, ""tp_mult_sm"": 6.300000000000001, ""tp_mult_sr"": 4.9, ""trail_mult"": 3.1, ""trail_tp"": true, ""use_trailing"": true}",{},
1723,-1000000000.0,TrialState.COMPLETE,2026-04-01T03:22:19.272072,2026-04-01T03:22:19.331188,0.059116,"{""atr_window"": 14, ""bb_std_dev"": 2.15, ""bb_window"": 15, ""cooldown"": 0, ""macd_fast"": 13, ""macd_k"": 1.25, ""macd_k_mid"": 0.5, ""macd_signal"": 9, ""macd_slow"": 37, ""macd_std_window"": 98, ""rebalance_freq"": 120, ""rebounce_block"": 2, ""sl_mult_lm"": 1.35, ""sl_mult_lr"": 3.0, ""sl_mult_sm"": 1.3, ""sl_mult_sr"": 1.7, ""time_stop"": 20, ""tp_mult_lm"": 4.9, ""tp_mult_lr"": 13.2, ""tp_mult_sm"": 4.5, ""tp_mult_sr"": 6.6, ""trail_mult"": 2.1, ""trail_tp"": false, ""use_trailing"": false}",{},
1724,-1000000000.0,TrialState.COMPLETE,2026-04-01T03:22:19.362443,2026-04-01T03:22:19.444190,0.081747,"{""atr_window"": 17, ""bb_std_dev"": 1.95, ""bb_window"": 17, ""cooldown"": 4, ""macd_fast"": 12, ""macd_k"": 1.4, ""macd_k_mid"": 0.8, ""macd_signal"": 7, ""macd_slow"": 43, ""macd_std_window"": 95, ""rebalance_freq"": 180, ""rebounce_block"": 4, ""sl_mult_lm"": 1.55, ""sl_mult_lr"": 2.9, ""sl_mult_sm"": 1.65, ""sl_mult_sr"": 3.1, ""time_stop"": 27, ""tp_mult_lm"": 3.7, ""tp_mult_lr"": 10.2, ""tp_mult_sm"": 5.6, ""tp_mult_sr"": 7.0, ""trail_mult"": 4.0, ""trail_tp"": true, ""use_trailing"": true}",{},
1725,-1000000000.0,TrialState.COMPLETE,2026-04-01T03:22:19.480285,2026-04-01T03:22:19.551164,0.070879,"{""atr_window"": 16, ""bb_std_dev"": 1.9, ""bb_window"": 14, ""cooldown"": 5, ""macd_fast"": 17, ""macd_k"": 1.1, ""macd_k_mid"": 0.55, ""macd_signal"": 8, ""macd_slow"": 40, ""macd_std_window"": 82, ""rebalance_freq"": 150, ""rebounce_block"": 6, ""sl_mult_lm"": 1.75, ""sl_mult_lr"": 4.5, ""sl_mult_sm"": 1.55, ""sl_mult_sr"": 1.6, ""time_stop"": 17, ""tp_mult_lm"": 4.1, ""tp_mult_lr"": 9.6, ""tp_mult_sm"": 3.3, ""tp_mult_sr"": 5.9, ""trail_mult"": 2.5, ""trail_tp"": false, ""use_trailing"": true}",{},
1726,-1000000000.0,TrialState.COMPLETE,2026-04-01T03:22:19.588787,2026-04-01T03:22:19.657317,0.06853,"{""atr_window"": 14, ""bb_std_dev"": 2.2, ""bb_window"": 19, ""cooldown"": 3, ""macd_fast"": 14, ""macd_k"": 1.0, ""macd_k_mid"": 0.65, ""macd_signal"": 9, ""macd_slow"": 43, ""macd_std_window"": 70, ""rebalance_freq"": 90, ""rebounce_block"": 0, ""sl_mult_lm"": 1.2, ""sl_mult_lr"": 2.5, ""sl_mult_sm"": 1.4, ""sl_mult_sr"": 1.9, ""time_stop"": 13, ""tp_mult_lm"": 3.9, ""tp_mult_lr"": 11.2, ""tp_mult_sm"": 3.7, ""tp_mult_sr"": 6.0, ""trail_mult"": 3.8000000000000003, ""trail_tp"": true, ""use_trailing"": true}",{},
1727,-1000000000.0,TrialState.COMPLETE,2026-04-01T03:22:19.694080,2026-04-01T03:22:19.763395,0.069315,"{""atr_window"": 10, ""bb_std_dev"": 2.05, ""bb_window"": 20, ""cooldown"": 2, ""macd_fast"": 16, ""macd_k"": 1.2, ""macd_k_mid"": 0.9, ""macd_signal"": 10, ""macd_slow"": 44, ""macd_std_window"": 91, ""rebalance_freq"": 30, ""rebounce_block"": 5, ""sl_mult_lm"": 1.6, ""sl_mult_lr"": 2.6, ""sl_mult_sm"": 1.5, ""sl_mult_sr"": 1.5, ""time_stop"": 8, ""tp_mult_lm"": 5.0, ""tp_mult_lr"": 14.4, ""tp_mult_sm"": 6.800000000000001, ""tp_mult_sr"": 6.5, ""trail_mult"": 2.2, ""trail_tp"": false, ""use_trailing"": false}",{},
1728,-1000000000.0,TrialState.COMPLETE,2026-04-01T03:22:19.797915,2026-04-01T03:22:19.874408,0.076493,"{""atr_window"": 18, ""bb_std_dev"": 2.4, ""bb_window"": 18, ""cooldown"": 1, ""macd_fast"": 11, ""macd_k"": 1.45, ""macd_k_mid"": 0.6, ""macd_signal"": 8, ""macd_slow"": 36, ""macd_std_window"": 76, ""rebalance_freq"": 180, ""rebounce_block"": 6, ""sl_mult_lm"": 1.25, ""sl_mult_lr"": 4.9, ""sl_mult_sm"": 1.7000000000000002, ""sl_mult_sr"": 2.9000000000000004, ""time_stop"": 4, ""tp_mult_lm"": 5.6, ""tp_mult_lr"": 12.0, ""tp_mult_sm"": 3.1, ""tp_mult_sr"": 5.5, ""trail_mult"": 3.2, ""trail_tp"": true, ""use_trailing"": true}",{},
1729,-1000000000.0,TrialState.COMPLETE,2026-04-01T03:22:19.910665,2026-04-01T03:22:22.436404,2.525739,"{""atr_window"": 19, ""bb_std_dev"": 2.35, ""bb_window"": 14, ""cooldown"": 1, ""macd_fast"": 17, ""macd_k"": 1.8, ""macd_k_mid"": 0.7, ""macd_signal"": 9, ""macd_slow"": 37, ""macd_std_window"": 89, ""rebalance_freq"": 150, ""rebounce_block"": 4, ""sl_mult_lm"": 1.9500000000000002, ""sl_mult_lr"": 2.7, ""sl_mult_sm"": 1.6, ""sl_mult_sr"": 2.0, ""time_stop"": 19, ""tp_mult_lm"": 5.2, ""tp_mult_lr"": 9.8, ""tp_mult_sm"": 5.9, ""tp_mult_sr"": 3.5, ""trail_mult"": 2.9000000000000004, ""trail_tp"": false, ""use_trailing"": true}",{},
1730,-1000000000.0,TrialState.COMPLETE,2026-04-01T03:22:22.472517,2026-04-01T03:22:24.995487,2.52297,"{""atr_window"": 18, ""bb_std_dev"": 2.25, ""bb_window"": 24, ""cooldown"": 0, ""macd_fast"": 20, ""macd_k"": 1.6, ""macd_k_mid"": 0.6, ""macd_signal"": 6, ""macd_slow"": 35, ""macd_std_window"": 99, ""rebalance_freq"": 120, ""rebounce_block"": 5, ""sl_mult_lm"": 1.05, ""sl_mult_lr"": 3.5, ""sl_mult_sm"": 1.9, ""sl_mult_sr"": 2.3, ""time_stop"": 1, ""tp_mult_lm"": 4.8, ""tp_mult_lr"": 11.4, ""tp_mult_sm"": 5.4, ""tp_mult_sr"": 5.300000000000001, ""trail_mult"": 2.6, ""trail_tp"": true, ""use_trailing"": false}",{},
1731,-1000000000.0,TrialState.COMPLETE,2026-04-01T03:22:25.024616,2026-04-01T03:22:27.552142,2.527526,"{""atr_window"": 16, ""bb_std_dev"": 2.3, ""bb_window"": 16, ""cooldown"": 2, ""macd_fast"": 19, ""macd_k"": 1.9, ""macd_k_mid"": 0.95, ""macd_signal"": 8, ""macd_slow"": 38, ""macd_std_window"": 73, ""rebalance_freq"": 180, ""rebounce_block"": 3, ""sl_mult_lm"": 1.3, ""sl_mult_lr"": 2.2, ""sl_mult_sm"": 1.8, ""sl_mult_sr"": 2.2, ""time_stop"": 16, ""tp_mult_lm"": 5.5, ""tp_mult_lr"": 10.8, ""tp_mult_sm"": 5.5, ""tp_mult_sr"": 4.7, ""trail_mult"": 1.6, ""trail_tp"": false, ""use_trailing"": true}",{},
1732,-1000000000.0,TrialState.COMPLETE,2026-04-01T03:22:27.587427,2026-04-01T03:22:27.654148,0.066721,"{""atr_window"": 20, ""bb_std_dev"": 1.75, ""bb_window"": 15, ""cooldown"": 3, ""macd_fast"": 14, ""macd_k"": 1.15, ""macd_k_mid"": 0.55, ""macd_signal"": 7, ""macd_slow"": 41, ""macd_std_window"": 88, ""rebalance_freq"": 150, ""rebounce_block"": 0, ""sl_mult_lm"": 1.0, ""sl_mult_lr"": 2.5, ""sl_mult_sm"": 1.75, ""sl_mult_sr"": 2.1, ""time_stop"": 0, ""tp_mult_lm"": 5.7, ""tp_mult_lr"": 13.4, ""tp_mult_sm"": 4.8, ""tp_mult_sr"": 3.8, ""trail_mult"": 3.6, ""trail_tp"": true, ""use_trailing"": true}",{},
1733,-1000000000.0,TrialState.COMPLETE,2026-04-01T03:22:27.691696,2026-04-01T03:22:27.762371,0.070675,"{""atr_window"": 11, ""bb_std_dev"": 2.5, ""bb_window"": 16, ""cooldown"": 4, ""macd_fast"": 15, ""macd_k"": 1.7000000000000002, ""macd_k_mid"": 0.55, ""macd_signal"": 9, ""macd_slow"": 39, ""macd_std_window"": 71, ""rebalance_freq"": 30, ""rebounce_block"": 5, ""sl_mult_lm"": 1.8, ""sl_mult_lr"": 2.3, ""sl_mult_sm"": 1.35, ""sl_mult_sr"": 1.5, ""time_stop"": 24, ""tp_mult_lm"": 5.9, ""tp_mult_lr"": 8.2, ""tp_mult_sm"": 6.9, ""tp_mult_sr"": 5.800000000000001, ""trail_mult"": 2.8, ""trail_tp"": true, ""use_trailing"": true}",{},
1734,-1000000000.0,TrialState.COMPLETE,2026-04-01T03:22:27.801229,2026-04-01T03:22:27.871529,0.0703,"{""atr_window"": 15, ""bb_std_dev"": 1.7, ""bb_window"": 17, ""cooldown"": 1, ""macd_fast"": 13, ""macd_k"": 1.5, ""macd_k_mid"": 0.75, ""macd_signal"": 5, ""macd_slow"": 40, ""macd_std_window"": 85, ""rebalance_freq"": 120, ""rebounce_block"": 2, ""sl_mult_lm"": 1.85, ""sl_mult_lr"": 2.4, ""sl_mult_sm"": 1.05, ""sl_mult_sr"": 1.7, ""time_stop"": 5, ""tp_mult_lm"": 4.0, ""tp_mult_lr"": 15.4, ""tp_mult_sm"": 6.2, ""tp_mult_sr"": 6.300000000000001, ""trail_mult"": 3.1, ""trail_tp"": false, ""use_trailing"": false}",{},
1735,-1000000000.0,TrialState.COMPLETE,2026-04-01T03:22:27.917866,2026-04-01T03:22:27.988109,0.070243,"{""atr_window"": 12, ""bb_std_dev"": 2.1, ""bb_window"": 14, ""cooldown"": 2, ""macd_fast"": 12, ""macd_k"": 1.65, ""macd_k_mid"": 0.5, ""macd_signal"": 10, ""macd_slow"": 44, ""macd_std_window"": 81, ""rebalance_freq"": 90, ""rebounce_block"": 1, ""sl_mult_lm"": 1.35, ""sl_mult_lr"": 3.1, ""sl_mult_sm"": 1.85, ""sl_mult_sr"": 2.5, ""time_stop"": 7, ""tp_mult_lm"": 4.6, ""tp_mult_lr"": 10.6, ""tp_mult_sm"": 4.2, ""tp_mult_sr"": 5.6, ""trail_mult"": 2.1, ""trail_tp"": true, ""use_trailing"": true}",{},
1736,-1000000000.0,TrialState.COMPLETE,2026-04-01T03:22:28.023247,2026-04-01T03:22:28.088865,0.065618,"{""atr_window"": 14, ""bb_std_dev"": 2.45, ""bb_window"": 15, ""cooldown"": 0, ""macd_fast"": 10, ""macd_k"": 1.05, ""macd_k_mid"": 0.7, ""macd_signal"": 8, ""macd_slow"": 42, ""macd_std_window"": 87, ""rebalance_freq"": 180, ""rebounce_block"": 6, ""sl_mult_lm"": 1.1, ""sl_mult_lr"": 2.1, ""sl_mult_sm"": 1.9, ""sl_mult_sr"": 1.8, ""time_stop"": 15, ""tp_mult_lm"": 5.4, ""tp_mult_lr"": 14.600000000000001, ""tp_mult_sm"": 6.4, ""tp_mult_sr"": 4.0, ""trail_mult"": 3.7, ""trail_tp"": false, ""use_trailing"": true}",{},
1737,-1000000000.0,TrialState.COMPLETE,2026-04-01T03:22:28.122714,2026-04-01T03:22:28.192583,0.069869,"{""atr_window"": 13, ""bb_std_dev"": 1.65, ""bb_window"": 21, ""cooldown"": 1, ""macd_fast"": 18, ""macd_k"": 1.0, ""macd_k_mid"": 0.65, ""macd_signal"": 7, ""macd_slow"": 43, ""macd_std_window"": 80, ""rebalance_freq"": 60, ""rebounce_block"": 4, ""sl_mult_lm"": 1.4, ""sl_mult_lr"": 3.7, ""sl_mult_sm"": 1.65, ""sl_mult_sr"": 2.4, ""time_stop"": 26, ""tp_mult_lm"": 5.0, ""tp_mult_lr"": 9.4, ""tp_mult_sm"": 6.7, ""tp_mult_sr"": 3.4, ""trail_mult"": 1.5, ""trail_tp"": true, ""use_trailing"": true}",{},
1738,-1000000000.0,TrialState.COMPLETE,2026-04-01T03:22:28.230086,2026-04-01T03:22:30.689623,2.459537,"{""atr_window"": 16, ""bb_std_dev"": 1.5499999999999998, ""bb_window"": 14, ""cooldown"": 5, ""macd_fast"": 20, ""macd_k"": 1.55, ""macd_k_mid"": 1.0, ""macd_signal"": 8, ""macd_slow"": 35, ""macd_std_window"": 97, ""rebalance_freq"": 150, ""rebounce_block"": 3, ""sl_mult_lm"": 1.7000000000000002, ""sl_mult_lr"": 2.0, ""sl_mult_sm"": 1.05, ""sl_mult_sr"": 3.3, ""time_stop"": 21, ""tp_mult_lm"": 3.8, ""tp_mult_lr"": 11.6, ""tp_mult_sm"": 3.6, ""tp_mult_sr"": 4.2, ""trail_mult"": 1.9, ""trail_tp"": false, ""use_trailing"": false}",{},
1739,-1000000000.0,TrialState.COMPLETE,2026-04-01T03:22:30.717721,2026-04-01T03:22:30.780722,0.063001,"{""atr_window"": 17, ""bb_std_dev"": 1.5999999999999999, ""bb_window"": 17, ""cooldown"": 4, ""macd_fast"": 14, ""macd_k"": 1.35, ""macd_k_mid"": 0.5, ""macd_signal"": 9, ""macd_slow"": 41, ""macd_std_window"": 93, ""rebalance_freq"": 150, ""rebounce_block"": 3, ""sl_mult_lm"": 2.2, ""sl_mult_lr"": 3.3, ""sl_mult_sm"": 1.55, ""sl_mult_sr"": 3.4000000000000004, ""time_stop"": 22, ""tp_mult_lm"": 5.1, ""tp_mult_lr"": 12.2, ""tp_mult_sm"": 4.6, ""tp_mult_sr"": 3.0, ""trail_mult"": 2.4, ""trail_tp"": true, ""use_trailing"": true}",{},
1740,-1000000000.0,TrialState.COMPLETE,2026-04-01T03:22:30.820076,2026-04-01T03:22:30.888794,0.068718,"{""atr_window"": 20, ""bb_std_dev"": 2.4, ""bb_window"": 14, ""cooldown"": 1, ""macd_fast"": 11, ""macd_k"": 1.9500000000000002, ""macd_k_mid"": 0.6, ""macd_signal"": 6, ""macd_slow"": 37, ""macd_std_window"": 77, ""rebalance_freq"": 90, ""rebounce_block"": 5, ""sl_mult_lm"": 2.0, ""sl_mult_lr"": 4.6, ""sl_mult_sm"": 1.25, ""sl_mult_sr"": 2.0, ""time_stop"": 10, ""tp_mult_lm"": 5.6, ""tp_mult_lr"": 10.0, ""tp_mult_sm"": 4.9, ""tp_mult_sr"": 6.9, ""trail_mult"": 3.9000000000000004, ""trail_tp"": false, ""use_trailing"": true}",{},
1741,-1000000000.0,TrialState.COMPLETE,2026-04-01T03:22:30.924105,2026-04-01T03:22:30.988421,0.064316,"{""atr_window"": 18, ""bb_std_dev"": 2.0, ""bb_window"": 16, ""cooldown"": 3, ""macd_fast"": 12, ""macd_k"": 1.05, ""macd_k_mid"": 0.55, ""macd_signal"": 9, ""macd_slow"": 40, ""macd_std_window"": 83, ""rebalance_freq"": 30, ""rebounce_block"": 0, ""sl_mult_lm"": 1.9, ""sl_mult_lr"": 4.300000000000001, ""sl_mult_sm"": 1.15, ""sl_mult_sr"": 1.9, ""time_stop"": 20, ""tp_mult_lm"": 5.3, ""tp_mult_lr"": 12.600000000000001, ""tp_mult_sm"": 7.0, ""tp_mult_sr"": 3.7, ""trail_mult"": 2.2, ""trail_tp"": true, ""use_trailing"": true}",{},
1742,-1000000000.0,TrialState.COMPLETE,2026-04-01T03:22:31.024526,2026-04-01T03:22:31.099647,0.075121,"{""atr_window"": 15, ""bb_std_dev"": 2.2, ""bb_window"": 23, ""cooldown"": 0, ""macd_fast"": 15, ""macd_k"": 1.85, ""macd_k_mid"": 0.8, ""macd_signal"": 10, ""macd_slow"": 44, ""macd_std_window"": 71, ""rebalance_freq"": 150, ""rebounce_block"": 6, ""sl_mult_lm"": 2.1, ""sl_mult_lr"": 2.9, ""sl_mult_sm"": 1.6, ""sl_mult_sr"": 1.6, ""time_stop"": 18, ""tp_mult_lm"": 6.0, ""tp_mult_lr"": 10.4, ""tp_mult_sm"": 5.2, ""tp_mult_sr"": 5.7, ""trail_mult"": 2.7, ""trail_tp"": false, ""use_trailing"": false}",{},
1743,-1000000000.0,TrialState.COMPLETE,2026-04-01T03:22:31.135000,2026-04-01T03:22:31.213853,0.078853,"{""atr_window"": 19, ""bb_std_dev"": 1.7999999999999998, ""bb_window"": 22, ""cooldown"": 2, ""macd_fast"": 13, ""macd_k"": 1.4, ""macd_k_mid"": 0.7, ""macd_signal"": 8, ""macd_slow"": 41, ""macd_std_window"": 78, ""rebalance_freq"": 180, ""rebounce_block"": 5, ""sl_mult_lm"": 1.9500000000000002, ""sl_mult_lr"": 2.8, ""sl_mult_sm"": 1.7000000000000002, ""sl_mult_sr"": 2.2, ""time_stop"": 25, ""tp_mult_lm"": 4.3, ""tp_mult_lr"": 9.0, ""tp_mult_sm"": 3.1, ""tp_mult_sr"": 5.9, ""trail_mult"": 3.2, ""trail_tp"": true, ""use_trailing"": true}",{},
1744,-1000000000.0,TrialState.COMPLETE,2026-04-01T03:22:31.249697,2026-04-01T03:22:31.320703,0.071006,"{""atr_window"": 14, ""bb_std_dev"": 1.8499999999999999, ""bb_window"": 20, ""cooldown"": 5, ""macd_fast"": 10, ""macd_k"": 1.25, ""macd_k_mid"": 0.6, ""macd_signal"": 7, ""macd_slow"": 43, ""macd_std_window"": 90, ""rebalance_freq"": 120, ""rebounce_block"": 2, ""sl_mult_lm"": 1.15, ""sl_mult_lr"": 2.6, ""sl_mult_sm"": 1.8, ""sl_mult_sr"": 2.7, ""time_stop"": 23, ""tp_mult_lm"": 3.5, ""tp_mult_lr"": 14.0, ""tp_mult_sm"": 3.8, ""tp_mult_sr"": 4.5, ""trail_mult"": 2.0, ""trail_tp"": false, ""use_trailing"": true}",{},
1745,-1000000000.0,TrialState.COMPLETE,2026-04-01T03:22:31.357766,2026-04-01T03:22:31.428200,0.070434,"{""atr_window"": 11, ""bb_std_dev"": 2.35, ""bb_window"": 18, ""cooldown"": 4, ""macd_fast"": 14, ""macd_k"": 1.5, ""macd_k_mid"": 0.8500000000000001, ""macd_signal"": 9, ""macd_slow"": 42, ""macd_std_window"": 100, ""rebalance_freq"": 150, ""rebounce_block"": 3, ""sl_mult_lm"": 1.5, ""sl_mult_lr"": 2.5, ""sl_mult_sm"": 1.75, ""sl_mult_sr"": 2.1, ""time_stop"": 12, ""tp_mult_lm"": 4.2, ""tp_mult_lr"": 12.0, ""tp_mult_sm"": 6.6, ""tp_mult_sr"": 3.9, ""trail_mult"": 3.7, ""trail_tp"": true, ""use_trailing"": false}",{},
1746,-1000000000.0,TrialState.COMPLETE,2026-04-01T03:22:31.463392,2026-04-01T03:22:33.940912,2.47752,"{""atr_window"": 16, ""bb_std_dev"": 1.75, ""bb_window"": 19, ""cooldown"": 2, ""macd_fast"": 19, ""macd_k"": 1.15, ""macd_k_mid"": 0.55, ""macd_signal"": 8, ""macd_slow"": 39, ""macd_std_window"": 74, ""rebalance_freq"": 180, ""rebounce_block"": 4, ""sl_mult_lm"": 1.4, ""sl_mult_lr"": 4.4, ""sl_mult_sm"": 1.55, ""sl_mult_sr"": 1.5, ""time_stop"": 14, ""tp_mult_lm"": 5.800000000000001, ""tp_mult_lr"": 13.8, ""tp_mult_sm"": 4.4, ""tp_mult_sr"": 6.800000000000001, ""trail_mult"": 2.1, ""trail_tp"": false, ""use_trailing"": true}",{},
1747,-1000000000.0,TrialState.COMPLETE,2026-04-01T03:22:33.976570,2026-04-01T03:22:36.521466,2.544896,"{""atr_window"": 13, ""bb_std_dev"": 2.1, ""bb_window"": 15, ""cooldown"": 1, ""macd_fast"": 17, ""macd_k"": 1.1, ""macd_k_mid"": 0.5, ""macd_signal"": 7, ""macd_slow"": 36, ""macd_std_window"": 88, ""rebalance_freq"": 90, ""rebounce_block"": 6, ""sl_mult_lm"": 1.2, ""sl_mult_lr"": 2.3, ""sl_mult_sm"": 1.1, ""sl_mult_sr"": 2.6, ""time_stop"": 21, ""tp_mult_lm"": 5.2, ""tp_mult_lr"": 16.8, ""tp_mult_sm"": 6.9, ""tp_mult_sr"": 3.1, ""trail_mult"": 3.2, ""trail_tp"": true, ""use_trailing"": true}",{},
1748,-1000000000.0,TrialState.COMPLETE,2026-04-01T03:22:36.558445,2026-04-01T03:22:38.994678,2.436233,"{""atr_window"": 20, ""bb_std_dev"": 2.05, ""bb_window"": 24, ""cooldown"": 0, ""macd_fast"": 16, ""macd_k"": 1.45, ""macd_k_mid"": 0.65, ""macd_signal"": 6, ""macd_slow"": 38, ""macd_std_window"": 86, ""rebalance_freq"": 150, ""rebounce_block"": 2, ""sl_mult_lm"": 1.45, ""sl_mult_lr"": 2.4, ""sl_mult_sm"": 1.0, ""sl_mult_sr"": 1.9, ""time_stop"": 9, ""tp_mult_lm"": 4.9, ""tp_mult_lr"": 9.4, ""tp_mult_sm"": 3.4, ""tp_mult_sr"": 6.1, ""trail_mult"": 1.7, ""trail_tp"": false, ""use_trailing"": true}",{},
1749,-1000000000.0,TrialState.COMPLETE,2026-04-01T03:22:39.035904,2026-04-01T03:22:39.111456,0.075552,"{""atr_window"": 16, ""bb_std_dev"": 2.15, ""bb_window"": 14, ""cooldown"": 3, ""macd_fast"": 12, ""macd_k"": 1.2, ""macd_k_mid"": 0.55, ""macd_signal"": 8, ""macd_slow"": 44, ""macd_std_window"": 89, ""rebalance_freq"": 120, ""rebounce_block"": 0, ""sl_mult_lm"": 1.0, ""sl_mult_lr"": 2.3, ""sl_mult_sm"": 1.3, ""sl_mult_sr"": 1.8, ""time_stop"": 8, ""tp_mult_lm"": 3.9, ""tp_mult_lr"": 12.4, ""tp_mult_sm"": 6.300000000000001, ""tp_mult_sr"": 3.8, ""trail_mult"": 3.1, ""trail_tp"": true, ""use_trailing"": false}",{},
1750,-1000000000.0,TrialState.COMPLETE,2026-04-01T03:22:39.159138,2026-04-01T03:22:41.736124,2.576986,"{""atr_window"": 12, ""bb_std_dev"": 1.9, ""bb_window"": 21, ""cooldown"": 1, ""macd_fast"": 18, ""macd_k"": 1.75, ""macd_k_mid"": 0.6, ""macd_signal"": 10, ""macd_slow"": 40, ""macd_std_window"": 72, ""rebalance_freq"": 30, ""rebounce_block"": 1, ""sl_mult_lm"": 1.25, ""sl_mult_lr"": 4.1, ""sl_mult_sm"": 1.9500000000000002, ""sl_mult_sr"": 2.0, ""time_stop"": 2, ""tp_mult_lm"": 3.6, ""tp_mult_lr"": 11.8, ""tp_mult_sm"": 3.0, ""tp_mult_sr"": 5.2, ""trail_mult"": 3.0, ""trail_tp"": false, ""use_trailing"": true}",{},
1751,-1000000000.0,TrialState.COMPLETE,2026-04-01T03:22:41.772058,2026-04-01T03:22:44.317431,2.545373,"{""atr_window"": 14, ""bb_std_dev"": 2.5, ""bb_window"": 16, ""cooldown"": 1, ""macd_fast"": 15, ""macd_k"": 1.3, ""macd_k_mid"": 0.7, ""macd_signal"": 5, ""macd_slow"": 35, ""macd_std_window"": 98, ""rebalance_freq"": 60, ""rebounce_block"": 5, ""sl_mult_lm"": 1.9500000000000002, ""sl_mult_lr"": 2.1, ""sl_mult_sm"": 1.2, ""sl_mult_sr"": 1.5, ""time_stop"": 11, ""tp_mult_lm"": 5.5, ""tp_mult_lr"": 12.2, ""tp_mult_sm"": 3.5, ""tp_mult_sr"": 6.2, ""trail_mult"": 2.3, ""trail_tp"": true, ""use_trailing"": true}",{},
1752,-1000000000.0,TrialState.COMPLETE,2026-04-01T03:22:44.351697,2026-04-01T03:22:44.432946,0.081249,"{""atr_window"": 17, ""bb_std_dev"": 2.45, ""bb_window"": 22, ""cooldown"": 2, ""macd_fast"": 20, ""macd_k"": 1.1, ""macd_k_mid"": 0.55, ""macd_signal"": 9, ""macd_slow"": 43, ""macd_std_window"": 81, ""rebalance_freq"": 180, ""rebounce_block"": 6, ""sl_mult_lm"": 1.35, ""sl_mult_lr"": 2.2, ""sl_mult_sm"": 1.65, ""sl_mult_sr"": 1.7, ""time_stop"": 19, ""tp_mult_lm"": 5.0, ""tp_mult_lr"": 12.8, ""tp_mult_sm"": 3.2, ""tp_mult_sr"": 4.1, ""trail_mult"": 3.3, ""trail_tp"": false, ""use_trailing"": true}",{},
1753,-1000000000.0,TrialState.COMPLETE,2026-04-01T03:22:44.471547,2026-04-01T03:22:44.543628,0.072081,"{""atr_window"": 19, ""bb_std_dev"": 2.35, ""bb_window"": 17, ""cooldown"": 4, ""macd_fast"": 14, ""macd_k"": 1.0, ""macd_k_mid"": 0.9, ""macd_signal"": 9, ""macd_slow"": 42, ""macd_std_window"": 82, ""rebalance_freq"": 150, ""rebounce_block"": 4, ""sl_mult_lm"": 1.85, ""sl_mult_lr"": 4.7, ""sl_mult_sm"": 2.0, ""sl_mult_sr"": 1.6, ""time_stop"": 3, ""tp_mult_lm"": 4.7, ""tp_mult_lr"": 8.4, ""tp_mult_sm"": 6.0, ""tp_mult_sr"": 5.1, ""trail_mult"": 1.6, ""trail_tp"": true, ""use_trailing"": false}",{},
