number,value,state,datetime_start,datetime_complete,duration_seconds,params_json,fold_sharpes_json,avg_cv_sharpe
2129,-1000000000.0,TrialState.COMPLETE,2026-04-01T04:58:23.434602,2026-04-01T04:58:23.512608,0.078006,"{""atr_window"": 17, ""bb_std_dev"": 2.2, ""bb_window"": 16, ""cooldown"": 5, ""macd_fast"": 11, ""macd_k"": 1.75, ""macd_k_mid"": 0.6, ""macd_signal"": 8, ""macd_slow"": 35, ""macd_std_window"": 85, ""rebalance_freq"": 120, ""rebounce_block"": 4, ""sl_mult_lm"": 1.75, ""sl_mult_lr"": 2.4, ""sl_mult_sm"": 1.85, ""sl_mult_sr"": 1.7, ""time_stop"": 11, ""tp_mult_lm"": 5.7, ""tp_mult_lr"": 12.0, ""tp_mult_sm"": 4.9, ""tp_mult_sr"": 4.1, ""trail_mult"": 3.1, ""trail_tp"": true, ""use_trailing"": true}",{},
2130,-1000000000.0,TrialState.COMPLETE,2026-04-01T04:58:23.548818,2026-04-01T04:58:23.643683,0.094865,"{""atr_window"": 12, ""bb_std_dev"": 1.5, ""bb_window"": 15, ""cooldown"": 2, ""macd_fast"": 14, ""macd_k"": 1.0, ""macd_k_mid"": 0.55, ""macd_signal"": 9, ""macd_slow"": 42, ""macd_std_window"": 70, ""rebalance_freq"": 30, ""rebounce_block"": 1, ""sl_mult_lm"": 1.4, ""sl_mult_lr"": 2.7, ""sl_mult_sm"": 1.55, ""sl_mult_sr"": 2.2, ""time_stop"": 9, ""tp_mult_lm"": 5.0, ""tp_mult_lr"": 12.8, ""tp_mult_sm"": 5.6, ""tp_mult_sr"": 3.7, ""trail_mult"": 3.0, ""trail_tp"": false, ""use_trailing"": false}",{},
2131,-1000000000.0,TrialState.COMPLETE,2026-04-01T04:58:23.684126,2026-04-01T04:58:26.304696,2.62057,"{""atr_window"": 13, ""bb_std_dev"": 2.5, ""bb_window"": 14, ""cooldown"": 1, ""macd_fast"": 20, ""macd_k"": 1.05, ""macd_k_mid"": 0.55, ""macd_signal"": 8, ""macd_slow"": 37, ""macd_std_window"": 89, ""rebalance_freq"": 60, ""rebounce_block"": 0, ""sl_mult_lm"": 1.35, ""sl_mult_lr"": 4.9, ""sl_mult_sm"": 1.65, ""sl_mult_sr"": 3.2, ""time_stop"": 20, ""tp_mult_lm"": 3.6, ""tp_mult_lr"": 16.0, ""tp_mult_sm"": 3.5, ""tp_mult_sr"": 5.300000000000001, ""trail_mult"": 3.7, ""trail_tp"": true, ""use_trailing"": true}",{},
2132,-1000000000.0,TrialState.COMPLETE,2026-04-01T04:58:26.341601,2026-04-01T04:58:26.428758,0.087157,"{""atr_window"": 11, ""bb_std_dev"": 2.1, ""bb_window"": 25, ""cooldown"": 0, ""macd_fast"": 10, ""macd_k"": 1.6, ""macd_k_mid"": 0.7, ""macd_signal"": 7, ""macd_slow"": 40, ""macd_std_window"": 92, ""rebalance_freq"": 150, ""rebounce_block"": 3, ""sl_mult_lm"": 1.15, ""sl_mult_lr"": 2.6, ""sl_mult_sm"": 1.6, ""sl_mult_sr"": 1.9, ""time_stop"": 14, ""tp_mult_lm"": 4.1, ""tp_mult_lr"": 10.2, ""tp_mult_sm"": 5.9, ""tp_mult_sr"": 7.0, ""trail_mult"": 3.2, ""trail_tp"": false, ""use_trailing"": true}",{},
2133,-1000000000.0,TrialState.COMPLETE,2026-04-01T04:58:26.482804,2026-04-01T04:58:26.569961,0.087157,"{""atr_window"": 20, ""bb_std_dev"": 1.65, ""bb_window"": 22, ""cooldown"": 1, ""macd_fast"": 12, ""macd_k"": 1.1, ""macd_k_mid"": 0.65, ""macd_signal"": 10, ""macd_slow"": 36, ""macd_std_window"": 81, ""rebalance_freq"": 90, ""rebounce_block"": 5, ""sl_mult_lm"": 1.25, ""sl_mult_lr"": 2.3, ""sl_mult_sm"": 1.8, ""sl_mult_sr"": 1.5, ""time_stop"": 19, ""tp_mult_lm"": 5.3, ""tp_mult_lr"": 14.0, ""tp_mult_sm"": 4.5, ""tp_mult_sr"": 3.9, ""trail_mult"": 3.3, ""trail_tp"": true, ""use_trailing"": true}",{},
2134,-1000000000.0,TrialState.COMPLETE,2026-04-01T04:58:26.607271,2026-04-01T04:58:26.688864,0.081593,"{""atr_window"": 18, ""bb_std_dev"": 2.3, ""bb_window"": 14, ""cooldown"": 3, ""macd_fast"": 13, ""macd_k"": 1.15, ""macd_k_mid"": 0.6, ""macd_signal"": 9, ""macd_slow"": 44, ""macd_std_window"": 84, ""rebalance_freq"": 180, ""rebounce_block"": 4, ""sl_mult_lm"": 1.2, ""sl_mult_lr"": 4.5, ""sl_mult_sm"": 1.7000000000000002, ""sl_mult_sr"": 2.1, ""time_stop"": 12, ""tp_mult_lm"": 3.7, ""tp_mult_lr"": 8.4, ""tp_mult_sm"": 3.7, ""tp_mult_sr"": 3.8, ""trail_mult"": 2.5, ""trail_tp"": false, ""use_trailing"": false}",{},
2135,-1000000000.0,TrialState.COMPLETE,2026-04-01T04:58:26.728787,2026-04-01T04:58:26.811374,0.082587,"{""atr_window"": 14, ""bb_std_dev"": 1.45, ""bb_window"": 23, ""cooldown"": 2, ""macd_fast"": 14, ""macd_k"": 1.65, ""macd_k_mid"": 0.5, ""macd_signal"": 6, ""macd_slow"": 43, ""macd_std_window"": 87, ""rebalance_freq"": 150, ""rebounce_block"": 6, ""sl_mult_lm"": 1.85, ""sl_mult_lr"": 2.8, ""sl_mult_sm"": 1.15, ""sl_mult_sr"": 2.3, ""time_stop"": 7, ""tp_mult_lm"": 5.800000000000001, ""tp_mult_lr"": 9.6, ""tp_mult_sm"": 6.4, ""tp_mult_sr"": 5.6, ""trail_mult"": 1.9, ""trail_tp"": true, ""use_trailing"": true}",{},
2136,-1000000000.0,TrialState.COMPLETE,2026-04-01T04:58:26.848731,2026-04-01T04:58:26.940366,0.091635,"{""atr_window"": 15, ""bb_std_dev"": 1.9, ""bb_window"": 16, ""cooldown"": 1, ""macd_fast"": 15, ""macd_k"": 2.0, ""macd_k_mid"": 0.55, ""macd_signal"": 8, ""macd_slow"": 41, ""macd_std_window"": 82, ""rebalance_freq"": 120, ""rebounce_block"": 3, ""sl_mult_lm"": 1.9500000000000002, ""sl_mult_lr"": 2.4, ""sl_mult_sm"": 1.5, ""sl_mult_sr"": 2.4, ""time_stop"": 25, ""tp_mult_lm"": 5.4, ""tp_mult_lr"": 12.0, ""tp_mult_sm"": 5.0, ""tp_mult_sr"": 5.0, ""trail_mult"": 2.8, ""trail_tp"": false, ""use_trailing"": true}",{},
2137,-1000000000.0,TrialState.COMPLETE,2026-04-01T04:58:26.978660,2026-04-01T04:58:29.434531,2.455871,"{""atr_window"": 10, ""bb_std_dev"": 1.8499999999999999, ""bb_window"": 14, ""cooldown"": 2, ""macd_fast"": 19, ""macd_k"": 1.3, ""macd_k_mid"": 0.95, ""macd_signal"": 9, ""macd_slow"": 38, ""macd_std_window"": 97, ""rebalance_freq"": 30, ""rebounce_block"": 2, ""sl_mult_lm"": 2.2, ""sl_mult_lr"": 3.2, ""sl_mult_sm"": 1.6, ""sl_mult_sr"": 1.8, ""time_stop"": 17, ""tp_mult_lm"": 5.6, ""tp_mult_lr"": 11.6, ""tp_mult_sm"": 3.9, ""tp_mult_sr"": 5.9, ""trail_mult"": 2.3, ""trail_tp"": true, ""use_trailing"": false}",{},
2138,-1000000000.0,TrialState.COMPLETE,2026-04-01T04:58:29.471374,2026-04-01T04:58:29.546608,0.075234,"{""atr_window"": 16, ""bb_std_dev"": 1.7, ""bb_window"": 15, ""cooldown"": 5, ""macd_fast"": 13, ""macd_k"": 1.35, ""macd_k_mid"": 0.7, ""macd_signal"": 8, ""macd_slow"": 44, ""macd_std_window"": 76, ""rebalance_freq"": 150, ""rebounce_block"": 0, ""sl_mult_lm"": 1.9, ""sl_mult_lr"": 3.5, ""sl_mult_sm"": 1.45, ""sl_mult_sr"": 1.6, ""time_stop"": 13, ""tp_mult_lm"": 4.2, ""tp_mult_lr"": 13.2, ""tp_mult_sm"": 4.3, ""tp_mult_sr"": 4.5, ""trail_mult"": 2.1, ""trail_tp"": false, ""use_trailing"": true}",{},
2139,-1000000000.0,TrialState.COMPLETE,2026-04-01T04:58:29.583931,2026-04-01T04:58:29.676708,0.092777,"{""atr_window"": 20, ""bb_std_dev"": 2.45, ""bb_window"": 17, ""cooldown"": 0, ""macd_fast"": 16, ""macd_k"": 1.7000000000000002, ""macd_k_mid"": 0.6, ""macd_signal"": 6, ""macd_slow"": 35, ""macd_std_window"": 91, ""rebalance_freq"": 180, ""rebounce_block"": 5, ""sl_mult_lm"": 1.0, ""sl_mult_lr"": 2.5, ""sl_mult_sm"": 1.9, ""sl_mult_sr"": 3.1, ""time_stop"": 27, ""tp_mult_lm"": 5.0, ""tp_mult_lr"": 8.2, ""tp_mult_sm"": 6.2, ""tp_mult_sr"": 3.0, ""trail_mult"": 3.1, ""trail_tp"": true, ""use_trailing"": true}",{},
2140,-1000000000.0,TrialState.COMPLETE,2026-04-01T04:58:29.718576,2026-04-01T04:58:29.803610,0.085034,"{""atr_window"": 14, ""bb_std_dev"": 2.0, ""bb_window"": 21, ""cooldown"": 4, ""macd_fast"": 12, ""macd_k"": 1.05, ""macd_k_mid"": 0.8, ""macd_signal"": 10, ""macd_slow"": 37, ""macd_std_window"": 99, ""rebalance_freq"": 90, ""rebounce_block"": 6, ""sl_mult_lm"": 1.65, ""sl_mult_lr"": 2.0, ""sl_mult_sm"": 2.0, ""sl_mult_sr"": 2.6, ""time_stop"": 3, ""tp_mult_lm"": 5.5, ""tp_mult_lr"": 15.8, ""tp_mult_sm"": 4.2, ""tp_mult_sr"": 3.2, ""trail_mult"": 2.4, ""trail_tp"": false, ""use_trailing"": true}",{},
2141,-1000000000.0,TrialState.COMPLETE,2026-04-01T04:58:29.837107,2026-04-01T04:58:29.913927,0.07682,"{""atr_window"": 19, ""bb_std_dev"": 2.4, ""bb_window"": 14, ""cooldown"": 1, ""macd_fast"": 18, ""macd_k"": 1.1, ""macd_k_mid"": 0.8500000000000001, ""macd_signal"": 7, ""macd_slow"": 42, ""macd_std_window"": 85, ""rebalance_freq"": 180, ""rebounce_block"": 4, ""sl_mult_lm"": 1.3, ""sl_mult_lr"": 3.0, ""sl_mult_sm"": 1.25, ""sl_mult_sr"": 1.7, ""time_stop"": 22, ""tp_mult_lm"": 5.2, ""tp_mult_lr"": 11.0, ""tp_mult_sm"": 4.0, ""tp_mult_sr"": 4.0, ""trail_mult"": 2.0, ""trail_tp"": true, ""use_trailing"": false}",{},
2142,-1000000000.0,TrialState.COMPLETE,2026-04-01T04:58:29.949698,2026-04-01T04:58:30.027762,0.078064,"{""atr_window"": 15, ""bb_std_dev"": 1.75, ""bb_window"": 20, ""cooldown"": 2, ""macd_fast"": 20, ""macd_k"": 1.2, ""macd_k_mid"": 0.5, ""macd_signal"": 9, ""macd_slow"": 43, ""macd_std_window"": 71, ""rebalance_freq"": 150, ""rebounce_block"": 5, ""sl_mult_lm"": 1.8, ""sl_mult_lr"": 3.3, ""sl_mult_sm"": 1.0, ""sl_mult_sr"": 1.5, ""time_stop"": 10, ""tp_mult_lm"": 6.0, ""tp_mult_lr"": 9.8, ""tp_mult_sm"": 3.6, ""tp_mult_sr"": 4.4, ""trail_mult"": 2.2, ""trail_tp"": false, ""use_trailing"": true}",{},
2143,-1000000000.0,TrialState.COMPLETE,2026-04-01T04:58:30.065041,2026-04-01T04:58:32.591267,2.526226,"{""atr_window"": 13, ""bb_std_dev"": 1.5999999999999999, ""bb_window"": 15, ""cooldown"": 3, ""macd_fast"": 17, ""macd_k"": 1.15, ""macd_k_mid"": 1.0, ""macd_signal"": 8, ""macd_slow"": 39, ""macd_std_window"": 78, ""rebalance_freq"": 60, ""rebounce_block"": 3, ""sl_mult_lm"": 1.1, ""sl_mult_lr"": 4.0, ""sl_mult_sm"": 1.85, ""sl_mult_sr"": 2.0, ""time_stop"": 16, ""tp_mult_lm"": 3.5, ""tp_mult_lr"": 13.0, ""tp_mult_sm"": 5.7, ""tp_mult_sr"": 6.2, ""trail_mult"": 2.6, ""trail_tp"": true, ""use_trailing"": true}",{},
2144,-1000000000.0,TrialState.COMPLETE,2026-04-01T04:58:32.632645,2026-04-01T04:58:32.711270,0.078625,"{""atr_window"": 17, ""bb_std_dev"": 2.35, ""bb_window"": 19, ""cooldown"": 4, ""macd_fast"": 11, ""macd_k"": 1.4, ""macd_k_mid"": 0.75, ""macd_signal"": 9, ""macd_slow"": 43, ""macd_std_window"": 96, ""rebalance_freq"": 120, ""rebounce_block"": 0, ""sl_mult_lm"": 1.6, ""sl_mult_lr"": 4.800000000000001, ""sl_mult_sm"": 1.9500000000000002, ""sl_mult_sr"": 3.0, ""time_stop"": 30, ""tp_mult_lm"": 4.7, ""tp_mult_lr"": 16.6, ""tp_mult_sm"": 5.4, ""tp_mult_sr"": 4.8, ""trail_mult"": 2.7, ""trail_tp"": false, ""use_trailing"": true}",{},
2145,-1000000000.0,TrialState.COMPLETE,2026-04-01T04:58:32.753217,2026-04-01T04:58:32.834943,0.081726,"{""atr_window"": 16, ""bb_std_dev"": 2.05, ""bb_window"": 14, ""cooldown"": 0, ""macd_fast"": 15, ""macd_k"": 1.5, ""macd_k_mid"": 0.9, ""macd_signal"": 8, ""macd_slow"": 40, ""macd_std_window"": 86, ""rebalance_freq"": 150, ""rebounce_block"": 5, ""sl_mult_lm"": 2.0, ""sl_mult_lr"": 3.8, ""sl_mult_sm"": 1.8, ""sl_mult_sr"": 1.9, ""time_stop"": 8, ""tp_mult_lm"": 4.3, ""tp_mult_lr"": 10.4, ""tp_mult_sm"": 6.800000000000001, ""tp_mult_sr"": 3.1, ""trail_mult"": 4.0, ""trail_tp"": true, ""use_trailing"": false}",{},
2146,-1000000000.0,TrialState.COMPLETE,2026-04-01T04:58:32.874541,2026-04-01T04:58:32.955143,0.080602,"{""atr_window"": 20, ""bb_std_dev"": 1.7999999999999998, ""bb_window"": 17, ""cooldown"": 1, ""macd_fast"": 12, ""macd_k"": 1.0, ""macd_k_mid"": 0.55, ""macd_signal"": 10, ""macd_slow"": 41, ""macd_std_window"": 89, ""rebalance_freq"": 180, ""rebounce_block"": 1, ""sl_mult_lm"": 1.5, ""sl_mult_lr"": 4.1, ""sl_mult_sm"": 1.75, ""sl_mult_sr"": 1.8, ""time_stop"": 0, ""tp_mult_lm"": 5.9, ""tp_mult_lr"": 13.4, ""tp_mult_sm"": 6.0, ""tp_mult_sr"": 6.9, ""trail_mult"": 3.6, ""trail_tp"": false, ""use_trailing"": true}",{},
2147,-1000000000.0,TrialState.COMPLETE,2026-04-01T04:58:33.005172,2026-04-01T04:58:33.083471,0.078299,"{""atr_window"": 18, ""bb_std_dev"": 2.15, ""bb_window"": 16, ""cooldown"": 2, ""macd_fast"": 14, ""macd_k"": 1.45, ""macd_k_mid"": 0.6, ""macd_signal"": 7, ""macd_slow"": 37, ""macd_std_window"": 90, ""rebalance_freq"": 30, ""rebounce_block"": 3, ""sl_mult_lm"": 1.35, ""sl_mult_lr"": 3.9000000000000004, ""sl_mult_sm"": 1.65, ""sl_mult_sr"": 2.2, ""time_stop"": 19, ""tp_mult_lm"": 3.8, ""tp_mult_lr"": 10.8, ""tp_mult_sm"": 4.4, ""tp_mult_sr"": 3.5, ""trail_mult"": 3.2, ""trail_tp"": true, ""use_trailing"": true}",{},
2148,-1000000000.0,TrialState.COMPLETE,2026-04-01T04:58:33.124276,2026-04-01T04:58:33.204399,0.080123,"{""atr_window"": 17, ""bb_std_dev"": 1.95, ""bb_window"": 18, ""cooldown"": 1, ""macd_fast"": 10, ""macd_k"": 1.25, ""macd_k_mid"": 0.7, ""macd_signal"": 8, ""macd_slow"": 36, ""macd_std_window"": 70, ""rebalance_freq"": 150, ""rebounce_block"": 6, ""sl_mult_lm"": 1.25, ""sl_mult_lr"": 2.3, ""sl_mult_sm"": 1.9, ""sl_mult_sr"": 1.6, ""time_stop"": 17, ""tp_mult_lm"": 4.0, ""tp_mult_lr"": 11.4, ""tp_mult_sm"": 3.4, ""tp_mult_sr"": 5.4, ""trail_mult"": 3.3, ""trail_tp"": false, ""use_trailing"": true}",{},
2149,-1000000000.0,TrialState.COMPLETE,2026-04-01T04:58:33.240393,2026-04-01T04:58:33.317450,0.077057,"{""atr_window"": 15, ""bb_std_dev"": 2.45, ""bb_window"": 14, ""cooldown"": 5, ""macd_fast"": 18, ""macd_k"": 1.55, ""macd_k_mid"": 0.65, ""macd_signal"": 9, ""macd_slow"": 44, ""macd_std_window"": 92, ""rebalance_freq"": 90, ""rebounce_block"": 2, ""sl_mult_lm"": 2.1500000000000004, ""sl_mult_lr"": 2.2, ""sl_mult_sm"": 1.55, ""sl_mult_sr"": 2.1, ""time_stop"": 1, ""tp_mult_lm"": 5.1, ""tp_mult_lr"": 8.8, ""tp_mult_sm"": 6.300000000000001, ""tp_mult_sr"": 6.5, ""trail_mult"": 1.8, ""trail_tp"": true, ""use_trailing"": false}",{},
2150,-1000000000.0,TrialState.COMPLETE,2026-04-01T04:58:33.357249,2026-04-01T04:58:35.990467,2.633218,"{""atr_window"": 12, ""bb_std_dev"": 2.2, ""bb_window"": 24, ""cooldown"": 3, ""macd_fast"": 19, ""macd_k"": 1.35, ""macd_k_mid"": 0.55, ""macd_signal"": 6, ""macd_slow"": 40, ""macd_std_window"": 72, ""rebalance_freq"": 150, ""rebounce_block"": 5, ""sl_mult_lm"": 1.2, ""sl_mult_lr"": 2.5, ""sl_mult_sm"": 1.5, ""sl_mult_sr"": 2.0, ""time_stop"": 5, ""tp_mult_lm"": 4.9, ""tp_mult_lr"": 14.600000000000001, ""tp_mult_sm"": 4.8, ""tp_mult_sr"": 5.800000000000001, ""trail_mult"": 3.5, ""trail_tp"": false, ""use_trailing"": true}",{},
2151,-1000000000.0,TrialState.COMPLETE,2026-04-01T04:58:36.028570,2026-04-01T04:58:38.756248,2.727678,"{""atr_window"": 19, ""bb_std_dev"": 2.25, ""bb_window"": 22, ""cooldown"": 0, ""macd_fast"": 20, ""macd_k"": 1.15, ""macd_k_mid"": 0.5, ""macd_signal"": 7, ""macd_slow"": 42, ""macd_std_window"": 80, ""rebalance_freq"": 120, ""rebounce_block"": 4, ""sl_mult_lm"": 2.05, ""sl_mult_lr"": 2.4, ""sl_mult_sm"": 1.7000000000000002, ""sl_mult_sr"": 1.7, ""time_stop"": 21, ""tp_mult_lm"": 5.7, ""tp_mult_lr"": 15.4, ""tp_mult_sm"": 6.1, ""tp_mult_sr"": 6.800000000000001, ""trail_mult"": 3.9000000000000004, ""trail_tp"": true, ""use_trailing"": true}",{},
2152,-1000000000.0,TrialState.COMPLETE,2026-04-01T04:58:38.805755,2026-04-01T04:58:38.889689,0.083934,"{""atr_window"": 14, ""bb_std_dev"": 2.35, ""bb_window"": 15, ""cooldown"": 2, ""macd_fast"": 15, ""macd_k"": 1.5, ""macd_k_mid"": 0.6, ""macd_signal"": 8, ""macd_slow"": 39, ""macd_std_window"": 88, ""rebalance_freq"": 120, ""rebounce_block"": 0, ""sl_mult_lm"": 1.9, ""sl_mult_lr"": 2.7, ""sl_mult_sm"": 1.4, ""sl_mult_sr"": 1.5, ""time_stop"": 24, ""tp_mult_lm"": 4.8, ""tp_mult_lr"": 10.0, ""tp_mult_sm"": 3.0, ""tp_mult_sr"": 4.2, ""trail_mult"": 3.7, ""trail_tp"": false, ""use_trailing"": false}",{},
2153,-1000000000.0,TrialState.COMPLETE,2026-04-01T04:58:38.926911,2026-04-01T04:58:41.478288,2.551377,"{""atr_window"": 16, ""bb_std_dev"": 1.7, ""bb_window"": 16, ""cooldown"": 1, ""macd_fast"": 14, ""macd_k"": 1.2, ""macd_k_mid"": 0.55, ""macd_signal"": 9, ""macd_slow"": 35, ""macd_std_window"": 81, ""rebalance_freq"": 180, ""rebounce_block"": 6, ""sl_mult_lm"": 1.85, ""sl_mult_lr"": 2.9, ""sl_mult_sm"": 1.85, ""sl_mult_sr"": 2.5, ""time_stop"": 18, ""tp_mult_lm"": 5.3, ""tp_mult_lr"": 12.2, ""tp_mult_sm"": 5.1, ""tp_mult_sr"": 3.8, ""trail_mult"": 1.6, ""trail_tp"": true, ""use_trailing"": true}",{},
2154,-1000000000.0,TrialState.COMPLETE,2026-04-01T04:58:41.519721,2026-04-01T04:58:41.597639,0.077918,"{""atr_window"": 14, ""bb_std_dev"": 2.1, ""bb_window"": 19, ""cooldown"": 4, ""macd_fast"": 13, ""macd_k"": 1.1, ""macd_k_mid"": 0.7, ""macd_signal"": 9, ""macd_slow"": 38, ""macd_std_window"": 100, ""rebalance_freq"": 30, ""rebounce_block"": 2, ""sl_mult_lm"": 1.9500000000000002, ""sl_mult_lr"": 4.2, ""sl_mult_sm"": 1.25, ""sl_mult_sr"": 1.6, ""time_stop"": 20, ""tp_mult_lm"": 5.6, ""tp_mult_lr"": 9.6, ""tp_mult_sm"": 3.1, ""tp_mult_sr"": 4.3, ""trail_mult"": 2.2, ""trail_tp"": true, ""use_trailing"": true}",{},
2155,-1000000000.0,TrialState.COMPLETE,2026-04-01T04:58:41.636608,2026-04-01T04:58:41.728762,0.092154,"{""atr_window"": 19, ""bb_std_dev"": 1.75, ""bb_window"": 17, ""cooldown"": 4, ""macd_fast"": 16, ""macd_k"": 1.6, ""macd_k_mid"": 0.65, ""macd_signal"": 5, ""macd_slow"": 41, ""macd_std_window"": 87, ""rebalance_freq"": 60, ""rebounce_block"": 5, ""sl_mult_lm"": 1.4, ""sl_mult_lr"": 2.1, ""sl_mult_sm"": 1.05, ""sl_mult_sr"": 1.8, ""time_stop"": 26, ""tp_mult_lm"": 4.5, ""tp_mult_lr"": 16.200000000000003, ""tp_mult_sm"": 4.4, ""tp_mult_sr"": 4.6, ""trail_mult"": 3.8000000000000003, ""trail_tp"": false, ""use_trailing"": true}",{},
2156,-1000000000.0,TrialState.COMPLETE,2026-04-01T04:58:41.762400,2026-04-01T04:58:41.852517,0.090117,"{""atr_window"": 20, ""bb_std_dev"": 1.65, ""bb_window"": 21, ""cooldown"": 1, ""macd_fast"": 11, ""macd_k"": 1.7000000000000002, ""macd_k_mid"": 0.55, ""macd_signal"": 10, ""macd_slow"": 44, ""macd_std_window"": 82, ""rebalance_freq"": 150, ""rebounce_block"": 3, ""sl_mult_lm"": 1.7000000000000002, ""sl_mult_lr"": 4.7, ""sl_mult_sm"": 1.35, ""sl_mult_sr"": 2.3, ""time_stop"": 22, ""tp_mult_lm"": 5.0, ""tp_mult_lr"": 11.8, ""tp_mult_sm"": 3.8, ""tp_mult_sr"": 6.1, ""trail_mult"": 3.0, ""trail_tp"": true, ""use_trailing"": false}",{},
2157,-1000000000.0,TrialState.COMPLETE,2026-04-01T04:58:41.889156,2026-04-01T04:58:41.966817,0.077661,"{""atr_window"": 13, ""bb_std_dev"": 2.15, ""bb_window"": 20, ""cooldown"": 0, ""macd_fast"": 10, ""macd_k"": 1.05, ""macd_k_mid"": 0.6, ""macd_signal"": 7, ""macd_slow"": 43, ""macd_std_window"": 94, ""rebalance_freq"": 90, ""rebounce_block"": 6, ""sl_mult_lm"": 1.55, ""sl_mult_lr"": 3.1, ""sl_mult_sm"": 1.1, ""sl_mult_sr"": 3.4000000000000004, ""time_stop"": 28, ""tp_mult_lm"": 5.4, ""tp_mult_lr"": 14.8, ""tp_mult_sm"": 7.0, ""tp_mult_sr"": 3.6, ""trail_mult"": 2.5, ""trail_tp"": false, ""use_trailing"": true}",{},
2158,-1000000000.0,TrialState.COMPLETE,2026-04-01T04:58:42.003858,2026-04-01T04:58:42.092571,0.088713,"{""atr_window"": 18, ""bb_std_dev"": 2.5, ""bb_window"": 14, ""cooldown"": 3, ""macd_fast"": 12, ""macd_k"": 1.65, ""macd_k_mid"": 0.8500000000000001, ""macd_signal"": 8, ""macd_slow"": 37, ""macd_std_window"": 90, ""rebalance_freq"": 180, ""rebounce_block"": 5, ""sl_mult_lm"": 1.0, ""sl_mult_lr"": 3.4000000000000004, ""sl_mult_sm"": 1.2, ""sl_mult_sr"": 1.5, ""time_stop"": 9, ""tp_mult_lm"": 4.4, ""tp_mult_lr"": 12.4, ""tp_mult_sm"": 3.3, ""tp_mult_sr"": 6.6, ""trail_mult"": 2.1, ""trail_tp"": true, ""use_trailing"": true}",{},
2159,-1000000000.0,TrialState.COMPLETE,2026-04-01T04:58:42.132230,2026-04-01T04:58:42.226305,0.094075,"{""atr_window"": 10, ""bb_std_dev"": 1.5499999999999998, ""bb_window"": 25, ""cooldown"": 2, ""macd_fast"": 17, ""macd_k"": 1.0, ""macd_k_mid"": 0.95, ""macd_signal"": 8, ""macd_slow"": 40, ""macd_std_window"": 75, ""rebalance_freq"": 150, ""rebounce_block"": 3, ""sl_mult_lm"": 1.15, ""sl_mult_lr"": 2.8, ""sl_mult_sm"": 1.75, ""sl_mult_sr"": 2.1, ""time_stop"": 14, ""tp_mult_lm"": 4.6, ""tp_mult_lr"": 12.8, ""tp_mult_sm"": 5.5, ""tp_mult_sr"": 6.0, ""trail_mult"": 2.9000000000000004, ""trail_tp"": false, ""use_trailing"": true}",{},
2160,-1000000000.0,TrialState.COMPLETE,2026-04-01T04:58:42.264269,2026-04-01T04:58:44.740876,2.476607,"{""atr_window"": 16, ""bb_std_dev"": 2.3, ""bb_window"": 23, ""cooldown"": 2, ""macd_fast"": 20, ""macd_k"": 1.0, ""macd_k_mid"": 0.5, ""macd_signal"": 9, ""macd_slow"": 36, ""macd_std_window"": 98, ""rebalance_freq"": 60, ""rebounce_block"": 1, ""sl_mult_lm"": 1.3, ""sl_mult_lr"": 2.3, ""sl_mult_sm"": 1.6, ""sl_mult_sr"": 1.9, ""time_stop"": 15, ""tp_mult_lm"": 5.5, ""tp_mult_lr"": 12.600000000000001, ""tp_mult_sm"": 6.5, ""tp_mult_sr"": 6.4, ""trail_mult"": 2.6, ""trail_tp"": true, ""use_trailing"": false}",{},
2161,-1000000000.0,TrialState.COMPLETE,2026-04-01T04:58:44.785199,2026-04-01T04:58:44.868001,0.082802,"{""atr_window"": 15, ""bb_std_dev"": 2.4, ""bb_window"": 16, ""cooldown"": 1, ""macd_fast"": 18, ""macd_k"": 1.15, ""macd_k_mid"": 0.75, ""macd_signal"": 8, ""macd_slow"": 43, ""macd_std_window"": 83, ""rebalance_freq"": 120, ""rebounce_block"": 2, ""sl_mult_lm"": 2.1, ""sl_mult_lr"": 2.6, ""sl_mult_sm"": 1.65, ""sl_mult_sr"": 2.8, ""time_stop"": 12, ""tp_mult_lm"": 5.2, ""tp_mult_lr"": 10.6, ""tp_mult_sm"": 4.9, ""tp_mult_sr"": 6.7, ""trail_mult"": 3.2, ""trail_tp"": false, ""use_trailing"": true}",{},
2162,-1000000000.0,TrialState.COMPLETE,2026-04-01T04:58:44.905606,2026-04-01T04:58:44.988169,0.082563,"{""atr_window"": 14, ""bb_std_dev"": 2.25, ""bb_window"": 14, ""cooldown"": 0, ""macd_fast"": 14, ""macd_k"": 1.3, ""macd_k_mid"": 0.8, ""macd_signal"": 7, ""macd_slow"": 41, ""macd_std_window"": 70, ""rebalance_freq"": 180, ""rebounce_block"": 0, ""sl_mult_lm"": 1.3, ""sl_mult_lr"": 2.0, ""sl_mult_sm"": 1.8, ""sl_mult_sr"": 2.0, ""time_stop"": 21, ""tp_mult_lm"": 5.0, ""tp_mult_lr"": 11.6, ""tp_mult_sm"": 4.6, ""tp_mult_sr"": 5.7, ""trail_mult"": 3.1, ""trail_tp"": true, ""use_trailing"": true}",{},
