number,value,state,datetime_start,datetime_complete,duration_seconds,params_json,fold_sharpes_json,avg_cv_sharpe
1617,-1000000000.0,TrialState.COMPLETE,2026-04-01T03:21:03.929078,2026-04-01T03:21:03.990028,0.06095,"{""atr_window"": 18, ""bb_std_dev"": 2.25, ""bb_window"": 20, ""cooldown"": 2, ""macd_fast"": 12, ""macd_k"": 1.6, ""macd_k_mid"": 0.7, ""macd_signal"": 8, ""macd_slow"": 43, ""macd_std_window"": 90, ""rebalance_freq"": 180, ""rebounce_block"": 1, ""sl_mult_lm"": 1.05, ""sl_mult_lr"": 2.7, ""sl_mult_sm"": 1.0, ""sl_mult_sr"": 1.9, ""time_stop"": 9, ""tp_mult_lm"": 3.9, ""tp_mult_lr"": 10.0, ""tp_mult_sm"": 4.3, ""tp_mult_sr"": 6.1, ""trail_mult"": 3.8000000000000003, ""trail_tp"": false, ""use_trailing"": true}",{},
1618,-1000000000.0,TrialState.COMPLETE,2026-04-01T03:21:04.024897,2026-04-01T03:21:04.085089,0.060192,"{""atr_window"": 15, ""bb_std_dev"": 2.45, ""bb_window"": 24, ""cooldown"": 3, ""macd_fast"": 13, ""macd_k"": 1.55, ""macd_k_mid"": 0.55, ""macd_signal"": 6, ""macd_slow"": 44, ""macd_std_window"": 70, ""rebalance_freq"": 90, ""rebounce_block"": 6, ""sl_mult_lm"": 1.9500000000000002, ""sl_mult_lr"": 2.0, ""sl_mult_sm"": 1.65, ""sl_mult_sr"": 3.2, ""time_stop"": 20, ""tp_mult_lm"": 4.4, ""tp_mult_lr"": 15.4, ""tp_mult_sm"": 7.0, ""tp_mult_sr"": 5.1, ""trail_mult"": 3.7, ""trail_tp"": true, ""use_trailing"": false}",{},
1619,-1000000000.0,TrialState.COMPLETE,2026-04-01T03:21:04.121610,2026-04-01T03:21:04.186490,0.06488,"{""atr_window"": 16, ""bb_std_dev"": 1.65, ""bb_window"": 14, ""cooldown"": 0, ""macd_fast"": 15, ""macd_k"": 1.25, ""macd_k_mid"": 0.5, ""macd_signal"": 7, ""macd_slow"": 41, ""macd_std_window"": 76, ""rebalance_freq"": 180, ""rebounce_block"": 2, ""sl_mult_lm"": 1.65, ""sl_mult_lr"": 3.1, ""sl_mult_sm"": 1.05, ""sl_mult_sr"": 2.7, ""time_stop"": 7, ""tp_mult_lm"": 4.7, ""tp_mult_lr"": 12.2, ""tp_mult_sm"": 4.5, ""tp_mult_sr"": 5.6, ""trail_mult"": 2.3, ""trail_tp"": false, ""use_trailing"": true}",{},
1620,-1000000000.0,TrialState.COMPLETE,2026-04-01T03:21:04.223107,2026-04-01T03:21:06.933597,2.71049,"{""atr_window"": 20, ""bb_std_dev"": 2.3, ""bb_window"": 17, ""cooldown"": 1, ""macd_fast"": 18, ""macd_k"": 1.05, ""macd_k_mid"": 0.8, ""macd_signal"": 9, ""macd_slow"": 35, ""macd_std_window"": 82, ""rebalance_freq"": 120, ""rebounce_block"": 5, ""sl_mult_lm"": 2.2, ""sl_mult_lr"": 4.7, ""sl_mult_sm"": 1.7000000000000002, ""sl_mult_sr"": 1.6, ""time_stop"": 21, ""tp_mult_lm"": 5.4, ""tp_mult_lr"": 11.6, ""tp_mult_sm"": 4.4, ""tp_mult_sr"": 6.0, ""trail_mult"": 2.1, ""trail_tp"": true, ""use_trailing"": true}",{},
1621,-1000000000.0,TrialState.COMPLETE,2026-04-01T03:21:06.969690,2026-04-01T03:21:07.029658,0.059968,"{""atr_window"": 18, ""bb_std_dev"": 1.5499999999999998, ""bb_window"": 19, ""cooldown"": 5, ""macd_fast"": 14, ""macd_k"": 1.1, ""macd_k_mid"": 0.65, ""macd_signal"": 5, ""macd_slow"": 42, ""macd_std_window"": 92, ""rebalance_freq"": 150, ""rebounce_block"": 0, ""sl_mult_lm"": 1.4, ""sl_mult_lr"": 2.3, ""sl_mult_sm"": 1.5, ""sl_mult_sr"": 2.2, ""time_stop"": 14, ""tp_mult_lm"": 5.1, ""tp_mult_lr"": 16.8, ""tp_mult_sm"": 3.7, ""tp_mult_sr"": 5.800000000000001, ""trail_mult"": 3.9000000000000004, ""trail_tp"": true, ""use_trailing"": true}",{},
1622,-1000000000.0,TrialState.COMPLETE,2026-04-01T03:21:07.068720,2026-04-01T03:21:09.573562,2.504842,"{""atr_window"": 14, ""bb_std_dev"": 2.5, ""bb_window"": 21, ""cooldown"": 2, ""macd_fast"": 20, ""macd_k"": 1.2, ""macd_k_mid"": 0.55, ""macd_signal"": 8, ""macd_slow"": 38, ""macd_std_window"": 97, ""rebalance_freq"": 180, ""rebounce_block"": 3, ""sl_mult_lm"": 2.05, ""sl_mult_lr"": 2.4, ""sl_mult_sm"": 1.9500000000000002, ""sl_mult_sr"": 1.7, ""time_stop"": 1, ""tp_mult_lm"": 4.1, ""tp_mult_lr"": 13.4, ""tp_mult_sm"": 6.0, ""tp_mult_sr"": 3.8, ""trail_mult"": 3.1, ""trail_tp"": false, ""use_trailing"": false}",{},
1623,-1000000000.0,TrialState.COMPLETE,2026-04-01T03:21:09.601112,2026-04-01T03:21:09.666645,0.065533,"{""atr_window"": 17, ""bb_std_dev"": 2.15, ""bb_window"": 15, ""cooldown"": 4, ""macd_fast"": 20, ""macd_k"": 1.15, ""macd_k_mid"": 0.6, ""macd_signal"": 9, ""macd_slow"": 44, ""macd_std_window"": 81, ""rebalance_freq"": 30, ""rebounce_block"": 6, ""sl_mult_lm"": 1.7000000000000002, ""sl_mult_lr"": 2.2, ""sl_mult_sm"": 1.75, ""sl_mult_sr"": 2.0, ""time_stop"": 16, ""tp_mult_lm"": 4.8, ""tp_mult_lr"": 12.8, ""tp_mult_sm"": 4.7, ""tp_mult_sr"": 6.4, ""trail_mult"": 3.2, ""trail_tp"": true, ""use_trailing"": true}",{},
1624,-1000000000.0,TrialState.COMPLETE,2026-04-01T03:21:09.710281,2026-04-01T03:21:12.228354,2.518073,"{""atr_window"": 12, ""bb_std_dev"": 2.2, ""bb_window"": 14, ""cooldown"": 1, ""macd_fast"": 15, ""macd_k"": 1.5, ""macd_k_mid"": 0.7, ""macd_signal"": 8, ""macd_slow"": 37, ""macd_std_window"": 75, ""rebalance_freq"": 150, ""rebounce_block"": 5, ""sl_mult_lm"": 1.5, ""sl_mult_lr"": 3.5, ""sl_mult_sm"": 1.6, ""sl_mult_sr"": 2.6, ""time_stop"": 19, ""tp_mult_lm"": 5.2, ""tp_mult_lr"": 11.8, ""tp_mult_sm"": 5.4, ""tp_mult_sr"": 3.5, ""trail_mult"": 2.0, ""trail_tp"": false, ""use_trailing"": true}",{},
1625,-1000000000.0,TrialState.COMPLETE,2026-04-01T03:21:12.264415,2026-04-01T03:21:12.324099,0.059684,"{""atr_window"": 20, ""bb_std_dev"": 2.35, ""bb_window"": 22, ""cooldown"": 3, ""macd_fast"": 12, ""macd_k"": 1.0, ""macd_k_mid"": 0.9, ""macd_signal"": 9, ""macd_slow"": 43, ""macd_std_window"": 91, ""rebalance_freq"": 90, ""rebounce_block"": 2, ""sl_mult_lm"": 1.8, ""sl_mult_lr"": 2.5, ""sl_mult_sm"": 1.15, ""sl_mult_sr"": 1.7, ""time_stop"": 17, ""tp_mult_lm"": 5.6, ""tp_mult_lr"": 9.8, ""tp_mult_sm"": 6.2, ""tp_mult_sr"": 4.4, ""trail_mult"": 3.3, ""trail_tp"": true, ""use_trailing"": true}",{},
1626,-1000000000.0,TrialState.COMPLETE,2026-04-01T03:21:12.359055,2026-04-01T03:21:12.436439,0.077384,"{""atr_window"": 19, ""bb_std_dev"": 2.1, ""bb_window"": 17, ""cooldown"": 1, ""macd_fast"": 10, ""macd_k"": 1.45, ""macd_k_mid"": 0.6, ""macd_signal"": 10, ""macd_slow"": 39, ""macd_std_window"": 83, ""rebalance_freq"": 120, ""rebounce_block"": 4, ""sl_mult_lm"": 1.35, ""sl_mult_lr"": 4.5, ""sl_mult_sm"": 1.45, ""sl_mult_sr"": 1.8, ""time_stop"": 22, ""tp_mult_lm"": 5.5, ""tp_mult_lr"": 8.8, ""tp_mult_sm"": 5.6, ""tp_mult_sr"": 4.9, ""trail_mult"": 2.6, ""trail_tp"": false, ""use_trailing"": false}",{},
1627,-1000000000.0,TrialState.COMPLETE,2026-04-01T03:21:12.466053,2026-04-01T03:21:12.529778,0.063725,"{""atr_window"": 13, ""bb_std_dev"": 1.8499999999999999, ""bb_window"": 23, ""cooldown"": 2, ""macd_fast"": 16, ""macd_k"": 1.55, ""macd_k_mid"": 0.5, ""macd_signal"": 7, ""macd_slow"": 40, ""macd_std_window"": 100, ""rebalance_freq"": 60, ""rebounce_block"": 0, ""sl_mult_lm"": 2.1500000000000004, ""sl_mult_lr"": 2.3, ""sl_mult_sm"": 1.25, ""sl_mult_sr"": 1.5, ""time_stop"": 14, ""tp_mult_lm"": 5.3, ""tp_mult_lr"": 10.2, ""tp_mult_sm"": 4.9, ""tp_mult_sr"": 3.1, ""trail_mult"": 1.8, ""trail_tp"": true, ""use_trailing"": true}",{},
1628,-1000000000.0,TrialState.COMPLETE,2026-04-01T03:21:12.565819,2026-04-01T03:21:12.626966,0.061147,"{""atr_window"": 10, ""bb_std_dev"": 2.45, ""bb_window"": 18, ""cooldown"": 0, ""macd_fast"": 13, ""macd_k"": 1.85, ""macd_k_mid"": 0.55, ""macd_signal"": 6, ""macd_slow"": 44, ""macd_std_window"": 72, ""rebalance_freq"": 150, ""rebounce_block"": 6, ""sl_mult_lm"": 1.3, ""sl_mult_lr"": 2.4, ""sl_mult_sm"": 1.65, ""sl_mult_sr"": 2.1, ""time_stop"": 10, ""tp_mult_lm"": 5.0, ""tp_mult_lr"": 12.600000000000001, ""tp_mult_sm"": 4.2, ""tp_mult_sr"": 4.6, ""trail_mult"": 2.1, ""trail_tp"": false, ""use_trailing"": true}",{},
1629,-1000000000.0,TrialState.COMPLETE,2026-04-01T03:21:12.664556,2026-04-01T03:21:12.726351,0.061795,"{""atr_window"": 15, ""bb_std_dev"": 1.7, ""bb_window"": 20, ""cooldown"": 4, ""macd_fast"": 11, ""macd_k"": 1.05, ""macd_k_mid"": 1.0, ""macd_signal"": 8, ""macd_slow"": 36, ""macd_std_window"": 95, ""rebalance_freq"": 180, ""rebounce_block"": 3, ""sl_mult_lm"": 1.2, ""sl_mult_lr"": 3.8, ""sl_mult_sm"": 1.85, ""sl_mult_sr"": 1.6, ""time_stop"": 24, ""tp_mult_lm"": 4.0, ""tp_mult_lr"": 15.8, ""tp_mult_sm"": 3.1, ""tp_mult_sr"": 6.2, ""trail_mult"": 1.5, ""trail_tp"": true, ""use_trailing"": false}",{},
1630,-1000000000.0,TrialState.COMPLETE,2026-04-01T03:21:12.763977,2026-04-01T03:21:12.824006,0.060029,"{""atr_window"": 11, ""bb_std_dev"": 1.5, ""bb_window"": 15, ""cooldown"": 1, ""macd_fast"": 14, ""macd_k"": 1.35, ""macd_k_mid"": 0.7, ""macd_signal"": 9, ""macd_slow"": 43, ""macd_std_window"": 87, ""rebalance_freq"": 60, ""rebounce_block"": 5, ""sl_mult_lm"": 1.75, ""sl_mult_lr"": 3.2, ""sl_mult_sm"": 1.8, ""sl_mult_sr"": 1.8, ""time_stop"": 3, ""tp_mult_lm"": 5.800000000000001, ""tp_mult_lr"": 9.4, ""tp_mult_sm"": 3.0, ""tp_mult_sr"": 5.7, ""trail_mult"": 2.2, ""trail_tp"": false, ""use_trailing"": true}",{},
1631,-1000000000.0,TrialState.COMPLETE,2026-04-01T03:21:12.859954,2026-04-01T03:21:15.360812,2.500858,"{""atr_window"": 16, ""bb_std_dev"": 1.4, ""bb_window"": 16, ""cooldown"": 2, ""macd_fast"": 17, ""macd_k"": 1.5, ""macd_k_mid"": 0.65, ""macd_signal"": 7, ""macd_slow"": 35, ""macd_std_window"": 88, ""rebalance_freq"": 150, ""rebounce_block"": 2, ""sl_mult_lm"": 1.0, ""sl_mult_lr"": 2.8, ""sl_mult_sm"": 1.55, ""sl_mult_sr"": 2.0, ""time_stop"": 23, ""tp_mult_lm"": 5.4, ""tp_mult_lr"": 10.8, ""tp_mult_sm"": 6.7, ""tp_mult_sr"": 4.0, ""trail_mult"": 3.4000000000000004, ""trail_tp"": true, ""use_trailing"": true}",{},
1632,-1000000000.0,TrialState.COMPLETE,2026-04-01T03:21:15.390865,2026-04-01T03:21:15.442698,0.051833,"{""atr_window"": 15, ""bb_std_dev"": 2.05, ""bb_window"": 14, ""cooldown"": 1, ""macd_fast"": 12, ""macd_k"": 1.3, ""macd_k_mid"": 0.5, ""macd_signal"": 8, ""macd_slow"": 41, ""macd_std_window"": 98, ""rebalance_freq"": 120, ""rebounce_block"": 1, ""sl_mult_lm"": 1.15, ""sl_mult_lr"": 2.6, ""sl_mult_sm"": 1.05, ""sl_mult_sr"": 1.9, ""time_stop"": 27, ""tp_mult_lm"": 4.9, ""tp_mult_lr"": 12.0, ""tp_mult_sm"": 4.6, ""tp_mult_sr"": 6.5, ""trail_mult"": 3.1, ""trail_tp"": false, ""use_trailing"": true}",{},
1633,-1000000000.0,TrialState.COMPLETE,2026-04-01T03:21:15.476046,2026-04-01T03:21:18.016630,2.540584,"{""atr_window"": 14, ""bb_std_dev"": 2.4, ""bb_window"": 14, ""cooldown"": 0, ""macd_fast"": 15, ""macd_k"": 2.0, ""macd_k_mid"": 0.95, ""macd_signal"": 10, ""macd_slow"": 37, ""macd_std_window"": 71, ""rebalance_freq"": 30, ""rebounce_block"": 5, ""sl_mult_lm"": 1.05, ""sl_mult_lr"": 4.1, ""sl_mult_sm"": 1.7000000000000002, ""sl_mult_sr"": 2.2, ""time_stop"": 18, ""tp_mult_lm"": 5.3, ""tp_mult_lr"": 11.0, ""tp_mult_sm"": 3.3, ""tp_mult_sr"": 5.300000000000001, ""trail_mult"": 2.7, ""trail_tp"": true, ""use_trailing"": false}",{},
1634,-1000000000.0,TrialState.COMPLETE,2026-04-01T03:21:18.062006,2026-04-01T03:21:18.125214,0.063208,"{""atr_window"": 18, ""bb_std_dev"": 2.5, ""bb_window"": 15, ""cooldown"": 5, ""macd_fast"": 18, ""macd_k"": 1.7000000000000002, ""macd_k_mid"": 0.6, ""macd_signal"": 9, ""macd_slow"": 42, ""macd_std_window"": 84, ""rebalance_freq"": 180, ""rebounce_block"": 6, ""sl_mult_lm"": 1.9500000000000002, ""sl_mult_lr"": 4.800000000000001, ""sl_mult_sm"": 1.2, ""sl_mult_sr"": 2.3, ""time_stop"": 20, ""tp_mult_lm"": 5.7, ""tp_mult_lr"": 10.4, ""tp_mult_sm"": 6.300000000000001, ""tp_mult_sr"": 5.0, ""trail_mult"": 3.2, ""trail_tp"": false, ""use_trailing"": true}",{},
1635,-1000000000.0,TrialState.COMPLETE,2026-04-01T03:21:18.161667,2026-04-01T03:21:18.216987,0.05532,"{""atr_window"": 20, ""bb_std_dev"": 2.2, ""bb_window"": 16, ""cooldown"": 3, ""macd_fast"": 10, ""macd_k"": 1.1, ""macd_k_mid"": 0.55, ""macd_signal"": 8, ""macd_slow"": 40, ""macd_std_window"": 86, ""rebalance_freq"": 90, ""rebounce_block"": 4, ""sl_mult_lm"": 2.0, ""sl_mult_lr"": 3.3, ""sl_mult_sm"": 2.0, ""sl_mult_sr"": 3.0, ""time_stop"": 28, ""tp_mult_lm"": 5.9, ""tp_mult_lr"": 11.2, ""tp_mult_sm"": 6.4, ""tp_mult_sr"": 4.5, ""trail_mult"": 2.8, ""trail_tp"": true, ""use_trailing"": true}",{},
1636,-1000000000.0,TrialState.COMPLETE,2026-04-01T03:21:18.256958,2026-04-01T03:21:18.317725,0.060767,"{""atr_window"": 14, ""bb_std_dev"": 1.9, ""bb_window"": 24, ""cooldown"": 2, ""macd_fast"": 11, ""macd_k"": 1.75, ""macd_k_mid"": 0.75, ""macd_signal"": 5, ""macd_slow"": 44, ""macd_std_window"": 73, ""rebalance_freq"": 150, ""rebounce_block"": 3, ""sl_mult_lm"": 1.85, ""sl_mult_lr"": 2.5, ""sl_mult_sm"": 1.9, ""sl_mult_sr"": 2.8, ""time_stop"": 9, ""tp_mult_lm"": 5.1, ""tp_mult_lr"": 14.2, ""tp_mult_sm"": 5.9, ""tp_mult_sr"": 3.0, ""trail_mult"": 3.6, ""trail_tp"": false, ""use_trailing"": true}",{},
1637,-1000000000.0,TrialState.COMPLETE,2026-04-01T03:21:18.353258,2026-04-01T03:21:20.820185,2.466927,"{""atr_window"": 16, ""bb_std_dev"": 1.95, ""bb_window"": 14, ""cooldown"": 4, ""macd_fast"": 20, ""macd_k"": 1.4, ""macd_k_mid"": 0.55, ""macd_signal"": 6, ""macd_slow"": 41, ""macd_std_window"": 96, ""rebalance_freq"": 150, ""rebounce_block"": 5, ""sl_mult_lm"": 1.9, ""sl_mult_lr"": 3.0, ""sl_mult_sm"": 1.7000000000000002, ""sl_mult_sr"": 1.5, ""time_stop"": 15, ""tp_mult_lm"": 6.0, ""tp_mult_lr"": 12.4, ""tp_mult_sm"": 5.7, ""tp_mult_sr"": 4.8, ""trail_mult"": 4.0, ""trail_tp"": true, ""use_trailing"": false}",{},
1638,-1000000000.0,TrialState.COMPLETE,2026-04-01T03:21:20.856061,2026-04-01T03:21:20.916397,0.060336,"{""atr_window"": 19, ""bb_std_dev"": 1.75, ""bb_window"": 19, ""cooldown"": 1, ""macd_fast"": 13, ""macd_k"": 1.15, ""macd_k_mid"": 0.7, ""macd_signal"": 9, ""macd_slow"": 39, ""macd_std_window"": 99, ""rebalance_freq"": 120, ""rebounce_block"": 0, ""sl_mult_lm"": 1.35, ""sl_mult_lr"": 5.0, ""sl_mult_sm"": 1.85, ""sl_mult_sr"": 1.5, ""time_stop"": 13, ""tp_mult_lm"": 5.5, ""tp_mult_lr"": 9.6, ""tp_mult_sm"": 5.2, ""tp_mult_sr"": 3.6, ""trail_mult"": 3.7, ""trail_tp"": false, ""use_trailing"": true}",{},
1639,-1000000000.0,TrialState.COMPLETE,2026-04-01T03:21:20.968068,2026-04-01T03:21:23.466505,2.498437,"{""atr_window"": 13, ""bb_std_dev"": 2.3, ""bb_window"": 21, ""cooldown"": 0, ""macd_fast"": 14, ""macd_k"": 1.6, ""macd_k_mid"": 0.6, ""macd_signal"": 8, ""macd_slow"": 36, ""macd_std_window"": 85, ""rebalance_freq"": 150, ""rebounce_block"": 2, ""sl_mult_lm"": 1.45, ""sl_mult_lr"": 2.9, ""sl_mult_sm"": 1.1, ""sl_mult_sr"": 1.6, ""time_stop"": 19, ""tp_mult_lm"": 3.8, ""tp_mult_lr"": 8.4, ""tp_mult_sm"": 6.9, ""tp_mult_sr"": 6.6, ""trail_mult"": 2.3, ""trail_tp"": true, ""use_trailing"": true}",{},
1640,-1000000000.0,TrialState.COMPLETE,2026-04-01T03:21:23.502900,2026-04-01T03:21:23.563545,0.060645,"{""atr_window"": 17, ""bb_std_dev"": 2.0, ""bb_window"": 17, ""cooldown"": 1, ""macd_fast"": 19, ""macd_k"": 1.0, ""macd_k_mid"": 0.55, ""macd_signal"": 10, ""macd_slow"": 43, ""macd_std_window"": 81, ""rebalance_freq"": 180, ""rebounce_block"": 6, ""sl_mult_lm"": 1.1, ""sl_mult_lr"": 2.2, ""sl_mult_sm"": 1.8, ""sl_mult_sr"": 1.9, ""time_stop"": 11, ""tp_mult_lm"": 4.3, ""tp_mult_lr"": 14.8, ""tp_mult_sm"": 7.0, ""tp_mult_sr"": 6.9, ""trail_mult"": 2.5, ""trail_tp"": false, ""use_trailing"": true}",{},
1641,-1000000000.0,TrialState.COMPLETE,2026-04-01T03:21:23.601816,2026-04-01T03:21:26.198897,2.597081,"{""atr_window"": 12, ""bb_std_dev"": 2.45, ""bb_window"": 16, ""cooldown"": 2, ""macd_fast"": 16, ""macd_k"": 1.65, ""macd_k_mid"": 0.65, ""macd_signal"": 7, ""macd_slow"": 37, ""macd_std_window"": 82, ""rebalance_freq"": 90, ""rebounce_block"": 4, ""sl_mult_lm"": 1.25, ""sl_mult_lr"": 3.2, ""sl_mult_sm"": 1.0, ""sl_mult_sr"": 2.1, ""time_stop"": 21, ""tp_mult_lm"": 3.9, ""tp_mult_lr"": 11.4, ""tp_mult_sm"": 5.1, ""tp_mult_sr"": 5.4, ""trail_mult"": 3.0, ""trail_tp"": true, ""use_trailing"": false}",{},
1642,-1000000000.0,TrialState.COMPLETE,2026-04-01T03:21:26.234279,2026-04-01T03:21:26.313320,0.079041,"{""atr_window"": 20, ""bb_std_dev"": 1.75, ""bb_window"": 20, ""cooldown"": 4, ""macd_fast"": 12, ""macd_k"": 1.05, ""macd_k_mid"": 0.8500000000000001, ""macd_signal"": 9, ""macd_slow"": 35, ""macd_std_window"": 90, ""rebalance_freq"": 30, ""rebounce_block"": 1, ""sl_mult_lm"": 1.9500000000000002, ""sl_mult_lr"": 2.0, ""sl_mult_sm"": 1.4, ""sl_mult_sr"": 2.5, ""time_stop"": 6, ""tp_mult_lm"": 3.7, ""tp_mult_lr"": 8.0, ""tp_mult_sm"": 3.8, ""tp_mult_sr"": 3.9, ""trail_mult"": 2.0, ""trail_tp"": false, ""use_trailing"": true}",{},
1643,-1000000000.0,TrialState.COMPLETE,2026-04-01T03:21:26.351869,2026-04-01T03:21:26.441443,0.089574,"{""atr_window"": 16, ""bb_std_dev"": 2.25, ""bb_window"": 14, ""cooldown"": 3, ""macd_fast"": 14, ""macd_k"": 1.5, ""macd_k_mid"": 0.5, ""macd_signal"": 8, ""macd_slow"": 40, ""macd_std_window"": 79, ""rebalance_freq"": 120, ""rebounce_block"": 5, ""sl_mult_lm"": 1.55, ""sl_mult_lr"": 4.2, ""sl_mult_sm"": 1.9500000000000002, ""sl_mult_sr"": 1.7, ""time_stop"": 0, ""tp_mult_lm"": 5.1, ""tp_mult_lr"": 12.2, ""tp_mult_sm"": 6.800000000000001, ""tp_mult_sr"": 5.9, ""trail_mult"": 2.2, ""trail_tp"": true, ""use_trailing"": true}",{},
1644,-1000000000.0,TrialState.COMPLETE,2026-04-01T03:21:26.481085,2026-04-01T03:21:29.083363,2.602278,"{""atr_window"": 14, ""bb_std_dev"": 1.45, ""bb_window"": 15, ""cooldown"": 5, ""macd_fast"": 17, ""macd_k"": 1.2, ""macd_k_mid"": 0.8, ""macd_signal"": 9, ""macd_slow"": 38, ""macd_std_window"": 78, ""rebalance_freq"": 180, ""rebounce_block"": 3, ""sl_mult_lm"": 1.2, ""sl_mult_lr"": 2.1, ""sl_mult_sm"": 1.5, ""sl_mult_sr"": 2.1, ""time_stop"": 26, ""tp_mult_lm"": 4.2, ""tp_mult_lr"": 13.2, ""tp_mult_sm"": 3.4, ""tp_mult_sr"": 6.1, ""trail_mult"": 3.3, ""trail_tp"": false, ""use_trailing"": false}",{},
1645,-1000000000.0,TrialState.COMPLETE,2026-04-01T03:21:29.119246,2026-04-01T03:21:29.194003,0.074757,"{""atr_window"": 18, ""bb_std_dev"": 2.5, ""bb_window"": 18, ""cooldown"": 0, ""macd_fast"": 15, ""macd_k"": 1.35, ""macd_k_mid"": 0.9, ""macd_signal"": 6, ""macd_slow"": 43, ""macd_std_window"": 89, ""rebalance_freq"": 120, ""rebounce_block"": 0, ""sl_mult_lm"": 2.1, ""sl_mult_lr"": 2.4, ""sl_mult_sm"": 1.65, ""sl_mult_sr"": 3.1, ""time_stop"": 8, ""tp_mult_lm"": 5.2, ""tp_mult_lr"": 9.8, ""tp_mult_sm"": 3.5, ""tp_mult_sr"": 4.2, ""trail_mult"": 1.8, ""trail_tp"": true, ""use_trailing"": true}",{},
1646,-1000000000.0,TrialState.COMPLETE,2026-04-01T03:21:29.249123,2026-04-01T03:21:29.326024,0.076901,"{""atr_window"": 15, ""bb_std_dev"": 2.15, ""bb_window"": 17, ""cooldown"": 2, ""macd_fast"": 20, ""macd_k"": 1.8, ""macd_k_mid"": 0.7, ""macd_signal"": 7, ""macd_slow"": 44, ""macd_std_window"": 100, ""rebalance_freq"": 150, ""rebounce_block"": 6, ""sl_mult_lm"": 2.05, ""sl_mult_lr"": 4.0, ""sl_mult_sm"": 1.55, ""sl_mult_sr"": 2.9000000000000004, ""time_stop"": 16, ""tp_mult_lm"": 5.6, ""tp_mult_lr"": 11.8, ""tp_mult_sm"": 6.5, ""tp_mult_sr"": 3.2, ""trail_mult"": 2.1, ""trail_tp"": false, ""use_trailing"": true}",{},
1647,-1000000000.0,TrialState.COMPLETE,2026-04-01T03:21:29.362352,2026-04-01T03:21:29.427481,0.065129,"{""atr_window"": 17, ""bb_std_dev"": 2.35, ""bb_window"": 22, ""cooldown"": 1, ""macd_fast"": 16, ""macd_k"": 1.15, ""macd_k_mid"": 0.55, ""macd_signal"": 8, ""macd_slow"": 41, ""macd_std_window"": 91, ""rebalance_freq"": 150, ""rebounce_block"": 3, ""sl_mult_lm"": 1.75, ""sl_mult_lr"": 2.6, ""sl_mult_sm"": 1.75, ""sl_mult_sr"": 2.0, ""time_stop"": 2, ""tp_mult_lm"": 5.3, ""tp_mult_lr"": 9.2, ""tp_mult_sm"": 4.8, ""tp_mult_sr"": 5.800000000000001, ""trail_mult"": 1.5, ""trail_tp"": true, ""use_trailing"": true}",{},
1648,-1000000000.0,TrialState.COMPLETE,2026-04-01T03:21:29.463855,2026-04-01T03:21:29.532449,0.068594,"{""atr_window"": 10, ""bb_std_dev"": 1.5999999999999999, ""bb_window"": 25, ""cooldown"": 3, ""macd_fast"": 18, ""macd_k"": 1.9, ""macd_k_mid"": 0.95, ""macd_signal"": 10, ""macd_slow"": 42, ""macd_std_window"": 70, ""rebalance_freq"": 90, ""rebounce_block"": 5, ""sl_mult_lm"": 1.3, ""sl_mult_lr"": 4.300000000000001, ""sl_mult_sm"": 1.6, ""sl_mult_sr"": 2.2, ""time_stop"": 10, ""tp_mult_lm"": 5.0, ""tp_mult_lr"": 10.6, ""tp_mult_sm"": 5.5, ""tp_mult_sr"": 3.7, ""trail_mult"": 3.2, ""trail_tp"": false, ""use_trailing"": false}",{},
1649,-1000000000.0,TrialState.COMPLETE,2026-04-01T03:21:29.570185,2026-04-01T03:21:29.641654,0.071469,"{""atr_window"": 16, ""bb_std_dev"": 2.05, ""bb_window"": 14, ""cooldown"": 2, ""macd_fast"": 13, ""macd_k"": 1.6, ""macd_k_mid"": 0.6, ""macd_signal"": 8, ""macd_slow"": 36, ""macd_std_window"": 72, ""rebalance_freq"": 30, ""rebounce_block"": 2, ""sl_mult_lm"": 1.0, ""sl_mult_lr"": 2.3, ""sl_mult_sm"": 1.9, ""sl_mult_sr"": 3.5, ""time_stop"": 29, ""tp_mult_lm"": 4.6, ""tp_mult_lr"": 15.600000000000001, ""tp_mult_sm"": 4.0, ""tp_mult_sr"": 5.5, ""trail_mult"": 1.7, ""trail_tp"": true, ""use_trailing"": true}",{},
1650,-1000000000.0,TrialState.COMPLETE,2026-04-01T03:21:29.689300,2026-04-01T03:21:29.760816,0.071516,"{""atr_window"": 14, ""bb_std_dev"": 2.25, ""bb_window"": 15, ""cooldown"": 1, ""macd_fast"": 14, ""macd_k"": 1.2, ""macd_k_mid"": 0.5, ""macd_signal"": 9, ""macd_slow"": 43, ""macd_std_window"": 88, ""rebalance_freq"": 180, ""rebounce_block"": 4, ""sl_mult_lm"": 1.85, ""sl_mult_lr"": 2.7, ""sl_mult_sm"": 1.45, ""sl_mult_sr"": 2.6, ""time_stop"": 12, ""tp_mult_lm"": 6.0, ""tp_mult_lr"": 13.600000000000001, ""tp_mult_sm"": 6.1, ""tp_mult_sr"": 6.300000000000001, ""trail_mult"": 1.6, ""trail_tp"": true, ""use_trailing"": true}",{},
1651,-1000000000.0,TrialState.COMPLETE,2026-04-01T03:21:29.797486,2026-04-01T03:21:29.872980,0.075494,"{""atr_window"": 19, ""bb_std_dev"": 1.7, ""bb_window"": 14, ""cooldown"": 4, ""macd_fast"": 12, ""macd_k"": 1.9500000000000002, ""macd_k_mid"": 0.55, ""macd_signal"": 7, ""macd_slow"": 39, ""macd_std_window"": 92, ""rebalance_freq"": 60, ""rebounce_block"": 5, ""sl_mult_lm"": 2.0, ""sl_mult_lr"": 2.5, ""sl_mult_sm"": 1.35, ""sl_mult_sr"": 1.6, ""time_stop"": 21, ""tp_mult_lm"": 5.4, ""tp_mult_lr"": 12.600000000000001, ""tp_mult_sm"": 4.1, ""tp_mult_sr"": 3.8, ""trail_mult"": 1.9, ""trail_tp"": false, ""use_trailing"": true}",{},
