number,value,state,datetime_start,datetime_complete,duration_seconds,params_json,fold_sharpes_json,avg_cv_sharpe
1310,-1000000000.0,TrialState.COMPLETE,2026-04-01T02:59:56.685088,2026-04-01T02:59:56.737006,0.051918,"{""atr_window"": 18, ""bb_std_dev"": 1.5, ""bb_window"": 16, ""cooldown"": 1, ""macd_fast"": 18, ""macd_k"": 1.2, ""macd_k_mid"": 1.0, ""macd_signal"": 8, ""macd_slow"": 41, ""macd_std_window"": 92, ""rebalance_freq"": 90, ""rebounce_block"": 5, ""sl_mult_lm"": 1.7000000000000002, ""sl_mult_lr"": 2.4, ""sl_mult_sm"": 1.7000000000000002, ""sl_mult_sr"": 1.8, ""time_stop"": 13, ""tp_mult_lm"": 6.0, ""tp_mult_lr"": 12.2, ""tp_mult_sm"": 6.800000000000001, ""tp_mult_sr"": 6.300000000000001, ""trail_mult"": 2.7, ""trail_tp"": false, ""use_trailing"": true}",{},
1311,-1000000000.0,TrialState.COMPLETE,2026-04-01T02:59:56.771596,2026-04-01T02:59:56.835278,0.063682,"{""atr_window"": 17, ""bb_std_dev"": 2.1, ""bb_window"": 15, ""cooldown"": 5, ""macd_fast"": 15, ""macd_k"": 1.65, ""macd_k_mid"": 0.55, ""macd_signal"": 8, ""macd_slow"": 43, ""macd_std_window"": 80, ""rebalance_freq"": 180, ""rebounce_block"": 3, ""sl_mult_lm"": 1.4, ""sl_mult_lr"": 2.9, ""sl_mult_sm"": 1.65, ""sl_mult_sr"": 1.6, ""time_stop"": 19, ""tp_mult_lm"": 5.2, ""tp_mult_lr"": 14.2, ""tp_mult_sm"": 6.5, ""tp_mult_sr"": 5.6, ""trail_mult"": 3.8000000000000003, ""trail_tp"": true, ""use_trailing"": true}",{},
1312,-1000000000.0,TrialState.COMPLETE,2026-04-01T02:59:56.871734,2026-04-01T02:59:56.929098,0.057364,"{""atr_window"": 20, ""bb_std_dev"": 2.5, ""bb_window"": 17, ""cooldown"": 2, ""macd_fast"": 12, ""macd_k"": 1.15, ""macd_k_mid"": 0.7, ""macd_signal"": 7, ""macd_slow"": 35, ""macd_std_window"": 90, ""rebalance_freq"": 150, ""rebounce_block"": 6, ""sl_mult_lm"": 1.05, ""sl_mult_lr"": 3.2, ""sl_mult_sm"": 1.6, ""sl_mult_sr"": 3.0, ""time_stop"": 26, ""tp_mult_lm"": 5.0, ""tp_mult_lr"": 16.0, ""tp_mult_sm"": 4.2, ""tp_mult_sr"": 4.3, ""trail_mult"": 3.2, ""trail_tp"": false, ""use_trailing"": false}",{},
1313,-1000000000.0,TrialState.COMPLETE,2026-04-01T02:59:56.971054,2026-04-01T02:59:57.023277,0.052223,"{""atr_window"": 14, ""bb_std_dev"": 1.65, ""bb_window"": 22, ""cooldown"": 4, ""macd_fast"": 11, ""macd_k"": 1.4, ""macd_k_mid"": 0.95, ""macd_signal"": 9, ""macd_slow"": 44, ""macd_std_window"": 85, ""rebalance_freq"": 60, ""rebounce_block"": 4, ""sl_mult_lm"": 1.0, ""sl_mult_lr"": 2.6, ""sl_mult_sm"": 1.9, ""sl_mult_sr"": 1.7, ""time_stop"": 20, ""tp_mult_lm"": 3.8, ""tp_mult_lr"": 13.2, ""tp_mult_sm"": 3.8, ""tp_mult_sr"": 5.300000000000001, ""trail_mult"": 3.1, ""trail_tp"": true, ""use_trailing"": true}",{},
1314,-1000000000.0,TrialState.COMPLETE,2026-04-01T02:59:57.059104,2026-04-01T02:59:57.111783,0.052679,"{""atr_window"": 15, ""bb_std_dev"": 1.5999999999999999, ""bb_window"": 20, ""cooldown"": 0, ""macd_fast"": 14, ""macd_k"": 1.35, ""macd_k_mid"": 0.55, ""macd_signal"": 6, ""macd_slow"": 40, ""macd_std_window"": 94, ""rebalance_freq"": 120, ""rebounce_block"": 1, ""sl_mult_lm"": 1.75, ""sl_mult_lr"": 2.5, ""sl_mult_sm"": 1.8, ""sl_mult_sr"": 2.5, ""time_stop"": 17, ""tp_mult_lm"": 5.9, ""tp_mult_lr"": 10.0, ""tp_mult_sm"": 3.4, ""tp_mult_sr"": 3.7, ""trail_mult"": 2.1, ""trail_tp"": true, ""use_trailing"": true}",{},
1315,-1000000000.0,TrialState.COMPLETE,2026-04-01T02:59:57.148165,2026-04-01T02:59:57.198507,0.050342,"{""atr_window"": 16, ""bb_std_dev"": 2.05, ""bb_window"": 19, ""cooldown"": 3, ""macd_fast"": 13, ""macd_k"": 1.0, ""macd_k_mid"": 0.5, ""macd_signal"": 10, ""macd_slow"": 43, ""macd_std_window"": 70, ""rebalance_freq"": 30, ""rebounce_block"": 0, ""sl_mult_lm"": 1.9500000000000002, ""sl_mult_lr"": 2.0, ""sl_mult_sm"": 1.5, ""sl_mult_sr"": 2.1, ""time_stop"": 7, ""tp_mult_lm"": 4.3, ""tp_mult_lr"": 13.8, ""tp_mult_sm"": 3.3, ""tp_mult_sr"": 3.1, ""trail_mult"": 3.6, ""trail_tp"": false, ""use_trailing"": true}",{},
1316,-1000000000.0,TrialState.COMPLETE,2026-04-01T02:59:57.233778,2026-04-01T02:59:57.287643,0.053865,"{""atr_window"": 17, ""bb_std_dev"": 1.7999999999999998, ""bb_window"": 14, ""cooldown"": 2, ""macd_fast"": 15, ""macd_k"": 1.1, ""macd_k_mid"": 0.6, ""macd_signal"": 8, ""macd_slow"": 42, ""macd_std_window"": 98, ""rebalance_freq"": 150, ""rebounce_block"": 4, ""sl_mult_lm"": 2.2, ""sl_mult_lr"": 4.5, ""sl_mult_sm"": 1.9500000000000002, ""sl_mult_sr"": 1.5, ""time_stop"": 11, ""tp_mult_lm"": 4.1, ""tp_mult_lr"": 11.8, ""tp_mult_sm"": 6.1, ""tp_mult_sr"": 6.5, ""trail_mult"": 4.0, ""trail_tp"": true, ""use_trailing"": false}",{},
1317,-1000000000.0,TrialState.COMPLETE,2026-04-01T02:59:57.334435,2026-04-01T02:59:59.821589,2.487154,"{""atr_window"": 20, ""bb_std_dev"": 1.45, ""bb_window"": 21, ""cooldown"": 1, ""macd_fast"": 16, ""macd_k"": 1.3, ""macd_k_mid"": 0.55, ""macd_signal"": 9, ""macd_slow"": 37, ""macd_std_window"": 71, ""rebalance_freq"": 180, ""rebounce_block"": 5, ""sl_mult_lm"": 1.45, ""sl_mult_lr"": 4.6, ""sl_mult_sm"": 1.2, ""sl_mult_sr"": 2.6, ""time_stop"": 0, ""tp_mult_lm"": 5.1, ""tp_mult_lr"": 12.0, ""tp_mult_sm"": 4.6, ""tp_mult_sr"": 4.0, ""trail_mult"": 3.5, ""trail_tp"": false, ""use_trailing"": true}",{},
1318,-1000000000.0,TrialState.COMPLETE,2026-04-01T02:59:59.857287,2026-04-01T02:59:59.928735,0.071448,"{""atr_window"": 11, ""bb_std_dev"": 2.45, ""bb_window"": 16, ""cooldown"": 1, ""macd_fast"": 12, ""macd_k"": 1.55, ""macd_k_mid"": 0.7, ""macd_signal"": 8, ""macd_slow"": 36, ""macd_std_window"": 89, ""rebalance_freq"": 150, ""rebounce_block"": 6, ""sl_mult_lm"": 1.85, ""sl_mult_lr"": 3.4000000000000004, ""sl_mult_sm"": 1.75, ""sl_mult_sr"": 2.0, ""time_stop"": 23, ""tp_mult_lm"": 5.7, ""tp_mult_lr"": 12.8, ""tp_mult_sm"": 4.3, ""tp_mult_sr"": 4.8, ""trail_mult"": 3.0, ""trail_tp"": true, ""use_trailing"": true}",{},
1319,-1000000000.0,TrialState.COMPLETE,2026-04-01T02:59:59.965823,2026-04-01T03:00:02.530977,2.565154,"{""atr_window"": 19, ""bb_std_dev"": 1.8499999999999999, ""bb_window"": 24, ""cooldown"": 5, ""macd_fast"": 18, ""macd_k"": 1.65, ""macd_k_mid"": 0.75, ""macd_signal"": 9, ""macd_slow"": 38, ""macd_std_window"": 83, ""rebalance_freq"": 90, ""rebounce_block"": 2, ""sl_mult_lm"": 1.25, ""sl_mult_lr"": 3.1, ""sl_mult_sm"": 1.55, ""sl_mult_sr"": 3.1, ""time_stop"": 10, ""tp_mult_lm"": 5.4, ""tp_mult_lr"": 15.0, ""tp_mult_sm"": 5.6, ""tp_mult_sr"": 4.4, ""trail_mult"": 2.2, ""trail_tp"": false, ""use_trailing"": false}",{},
1320,-1000000000.0,TrialState.COMPLETE,2026-04-01T03:00:02.567300,2026-04-01T03:00:05.102239,2.534939,"{""atr_window"": 12, ""bb_std_dev"": 2.15, ""bb_window"": 15, ""cooldown"": 2, ""macd_fast"": 20, ""macd_k"": 1.05, ""macd_k_mid"": 0.5, ""macd_signal"": 7, ""macd_slow"": 40, ""macd_std_window"": 72, ""rebalance_freq"": 120, ""rebounce_block"": 3, ""sl_mult_lm"": 2.0, ""sl_mult_lr"": 2.1, ""sl_mult_sm"": 1.15, ""sl_mult_sr"": 1.6, ""time_stop"": 28, ""tp_mult_lm"": 5.6, ""tp_mult_lr"": 9.0, ""tp_mult_sm"": 6.7, ""tp_mult_sr"": 6.0, ""trail_mult"": 2.6, ""trail_tp"": true, ""use_trailing"": true}",{},
1321,-1000000000.0,TrialState.COMPLETE,2026-04-01T03:00:05.132387,2026-04-01T03:00:05.190738,0.058351,"{""atr_window"": 18, ""bb_std_dev"": 2.25, ""bb_window"": 25, ""cooldown"": 4, ""macd_fast"": 17, ""macd_k"": 1.25, ""macd_k_mid"": 0.65, ""macd_signal"": 5, ""macd_slow"": 44, ""macd_std_window"": 88, ""rebalance_freq"": 180, ""rebounce_block"": 0, ""sl_mult_lm"": 1.1, ""sl_mult_lr"": 3.9000000000000004, ""sl_mult_sm"": 1.85, ""sl_mult_sr"": 1.9, ""time_stop"": 12, ""tp_mult_lm"": 4.4, ""tp_mult_lr"": 8.0, ""tp_mult_sm"": 5.5, ""tp_mult_sr"": 3.0, ""trail_mult"": 3.8000000000000003, ""trail_tp"": false, ""use_trailing"": true}",{},
1322,-1000000000.0,TrialState.COMPLETE,2026-04-01T03:00:05.233211,2026-04-01T03:00:05.288808,0.055597,"{""atr_window"": 13, ""bb_std_dev"": 2.0, ""bb_window"": 14, ""cooldown"": 0, ""macd_fast"": 14, ""macd_k"": 1.1, ""macd_k_mid"": 0.6, ""macd_signal"": 6, ""macd_slow"": 43, ""macd_std_window"": 97, ""rebalance_freq"": 30, ""rebounce_block"": 5, ""sl_mult_lm"": 1.8, ""sl_mult_lr"": 4.800000000000001, ""sl_mult_sm"": 1.45, ""sl_mult_sr"": 1.7, ""time_stop"": 25, ""tp_mult_lm"": 5.3, ""tp_mult_lr"": 8.4, ""tp_mult_sm"": 6.9, ""tp_mult_sr"": 5.7, ""trail_mult"": 3.9000000000000004, ""trail_tp"": true, ""use_trailing"": true}",{},
1323,-1000000000.0,TrialState.COMPLETE,2026-04-01T03:00:05.323951,2026-04-01T03:00:07.795828,2.471877,"{""atr_window"": 14, ""bb_std_dev"": 2.3, ""bb_window"": 18, ""cooldown"": 3, ""macd_fast"": 20, ""macd_k"": 1.6, ""macd_k_mid"": 0.8, ""macd_signal"": 10, ""macd_slow"": 35, ""macd_std_window"": 96, ""rebalance_freq"": 150, ""rebounce_block"": 3, ""sl_mult_lm"": 1.35, ""sl_mult_lr"": 3.0, ""sl_mult_sm"": 1.65, ""sl_mult_sr"": 2.4, ""time_stop"": 21, ""tp_mult_lm"": 4.2, ""tp_mult_lr"": 15.600000000000001, ""tp_mult_sm"": 6.2, ""tp_mult_sr"": 6.1, ""trail_mult"": 1.9, ""trail_tp"": false, ""use_trailing"": false}",{},
1324,-1000000000.0,TrialState.COMPLETE,2026-04-01T03:00:07.831915,2026-04-01T03:00:07.883885,0.05197,"{""atr_window"": 15, ""bb_std_dev"": 1.7, ""bb_window"": 17, ""cooldown"": 1, ""macd_fast"": 15, ""macd_k"": 1.5, ""macd_k_mid"": 0.9, ""macd_signal"": 8, ""macd_slow"": 41, ""macd_std_window"": 99, ""rebalance_freq"": 90, ""rebounce_block"": 1, ""sl_mult_lm"": 1.9, ""sl_mult_lr"": 2.3, ""sl_mult_sm"": 1.7000000000000002, ""sl_mult_sr"": 2.1, ""time_stop"": 20, ""tp_mult_lm"": 5.0, ""tp_mult_lr"": 9.8, ""tp_mult_sm"": 4.4, ""tp_mult_sr"": 3.3, ""trail_mult"": 1.6, ""trail_tp"": true, ""use_trailing"": true}",{},
1325,-1000000000.0,TrialState.COMPLETE,2026-04-01T03:00:07.918399,2026-04-01T03:00:07.982604,0.064205,"{""atr_window"": 16, ""bb_std_dev"": 2.35, ""bb_window"": 20, ""cooldown"": 0, ""macd_fast"": 10, ""macd_k"": 1.15, ""macd_k_mid"": 0.7, ""macd_signal"": 9, ""macd_slow"": 37, ""macd_std_window"": 82, ""rebalance_freq"": 120, ""rebounce_block"": 5, ""sl_mult_lm"": 1.15, ""sl_mult_lr"": 2.5, ""sl_mult_sm"": 1.8, ""sl_mult_sr"": 1.8, ""time_stop"": 6, ""tp_mult_lm"": 4.6, ""tp_mult_lr"": 11.6, ""tp_mult_sm"": 3.7, ""tp_mult_sr"": 3.6, ""trail_mult"": 2.9000000000000004, ""trail_tp"": false, ""use_trailing"": true}",{},
1326,-1000000000.0,TrialState.COMPLETE,2026-04-01T03:00:08.018569,2026-04-01T03:00:08.072334,0.053765,"{""atr_window"": 18, ""bb_std_dev"": 2.4, ""bb_window"": 14, ""cooldown"": 1, ""macd_fast"": 13, ""macd_k"": 1.45, ""macd_k_mid"": 0.55, ""macd_signal"": 7, ""macd_slow"": 43, ""macd_std_window"": 88, ""rebalance_freq"": 180, ""rebounce_block"": 6, ""sl_mult_lm"": 1.3, ""sl_mult_lr"": 2.7, ""sl_mult_sm"": 1.05, ""sl_mult_sr"": 2.3, ""time_stop"": 29, ""tp_mult_lm"": 5.800000000000001, ""tp_mult_lr"": 11.4, ""tp_mult_sm"": 6.6, ""tp_mult_sr"": 4.1, ""trail_mult"": 3.7, ""trail_tp"": true, ""use_trailing"": true}",{},
1327,-1000000000.0,TrialState.COMPLETE,2026-04-01T03:00:08.110227,2026-04-01T03:00:10.599172,2.488945,"{""atr_window"": 14, ""bb_std_dev"": 1.75, ""bb_window"": 16, ""cooldown"": 2, ""macd_fast"": 19, ""macd_k"": 1.75, ""macd_k_mid"": 0.6, ""macd_signal"": 8, ""macd_slow"": 39, ""macd_std_window"": 91, ""rebalance_freq"": 150, ""rebounce_block"": 2, ""sl_mult_lm"": 1.25, ""sl_mult_lr"": 2.5, ""sl_mult_sm"": 1.35, ""sl_mult_sr"": 2.2, ""time_stop"": 14, ""tp_mult_lm"": 4.0, ""tp_mult_lr"": 10.4, ""tp_mult_sm"": 3.1, ""tp_mult_sr"": 5.1, ""trail_mult"": 3.4000000000000004, ""trail_tp"": false, ""use_trailing"": false}",{},
1328,-1000000000.0,TrialState.COMPLETE,2026-04-01T03:00:10.633876,2026-04-01T03:00:10.685224,0.051348,"{""atr_window"": 20, ""bb_std_dev"": 2.2, ""bb_window"": 15, ""cooldown"": 4, ""macd_fast"": 12, ""macd_k"": 1.1, ""macd_k_mid"": 0.55, ""macd_signal"": 10, ""macd_slow"": 42, ""macd_std_window"": 70, ""rebalance_freq"": 30, ""rebounce_block"": 4, ""sl_mult_lm"": 1.0, ""sl_mult_lr"": 2.4, ""sl_mult_sm"": 1.6, ""sl_mult_sr"": 2.8, ""time_stop"": 27, ""tp_mult_lm"": 5.3, ""tp_mult_lr"": 8.6, ""tp_mult_sm"": 3.5, ""tp_mult_sr"": 6.7, ""trail_mult"": 2.0, ""trail_tp"": true, ""use_trailing"": true}",{},
1329,-1000000000.0,TrialState.COMPLETE,2026-04-01T03:00:10.718830,2026-04-01T03:00:10.768632,0.049802,"{""atr_window"": 18, ""bb_std_dev"": 1.4, ""bb_window"": 15, ""cooldown"": 5, ""macd_fast"": 11, ""macd_k"": 1.2, ""macd_k_mid"": 0.5, ""macd_signal"": 9, ""macd_slow"": 36, ""macd_std_window"": 90, ""rebalance_freq"": 150, ""rebounce_block"": 6, ""sl_mult_lm"": 1.5, ""sl_mult_lr"": 2.2, ""sl_mult_sm"": 1.55, ""sl_mult_sr"": 1.5, ""time_stop"": 1, ""tp_mult_lm"": 5.9, ""tp_mult_lr"": 9.4, ""tp_mult_sm"": 6.4, ""tp_mult_sr"": 3.9, ""trail_mult"": 1.7, ""trail_tp"": false, ""use_trailing"": true}",{},
1330,-1000000000.0,TrialState.COMPLETE,2026-04-01T03:00:10.805102,2026-04-01T03:00:10.856778,0.051676,"{""atr_window"": 19, ""bb_std_dev"": 1.95, ""bb_window"": 23, ""cooldown"": 3, ""macd_fast"": 17, ""macd_k"": 1.7000000000000002, ""macd_k_mid"": 0.65, ""macd_signal"": 7, ""macd_slow"": 41, ""macd_std_window"": 71, ""rebalance_freq"": 150, ""rebounce_block"": 5, ""sl_mult_lm"": 1.2, ""sl_mult_lr"": 2.3, ""sl_mult_sm"": 2.0, ""sl_mult_sr"": 2.9000000000000004, ""time_stop"": 13, ""tp_mult_lm"": 6.0, ""tp_mult_lr"": 12.2, ""tp_mult_sm"": 6.0, ""tp_mult_sr"": 5.9, ""trail_mult"": 3.2, ""trail_tp"": true, ""use_trailing"": true}",{},
1331,-1000000000.0,TrialState.COMPLETE,2026-04-01T03:00:10.899540,2026-04-01T03:00:10.954502,0.054962,"{""atr_window"": 17, ""bb_std_dev"": 2.05, ""bb_window"": 14, ""cooldown"": 2, ""macd_fast"": 12, ""macd_k"": 1.05, ""macd_k_mid"": 0.55, ""macd_signal"": 6, ""macd_slow"": 44, ""macd_std_window"": 87, ""rebalance_freq"": 120, ""rebounce_block"": 0, ""sl_mult_lm"": 1.3, ""sl_mult_lr"": 2.6, ""sl_mult_sm"": 1.7000000000000002, ""sl_mult_sr"": 2.0, ""time_stop"": 2, ""tp_mult_lm"": 5.6, ""tp_mult_lr"": 12.8, ""tp_mult_sm"": 5.0, ""tp_mult_sr"": 4.7, ""trail_mult"": 3.3, ""trail_tp"": false, ""use_trailing"": false}",{},
1332,-1000000000.0,TrialState.COMPLETE,2026-04-01T03:00:10.992273,2026-04-01T03:00:11.050297,0.058024,"{""atr_window"": 13, ""bb_std_dev"": 2.25, ""bb_window"": 17, ""cooldown"": 0, ""macd_fast"": 13, ""macd_k"": 1.8, ""macd_k_mid"": 0.95, ""macd_signal"": 9, ""macd_slow"": 40, ""macd_std_window"": 79, ""rebalance_freq"": 90, ""rebounce_block"": 3, ""sl_mult_lm"": 1.65, ""sl_mult_lr"": 4.2, ""sl_mult_sm"": 1.1, ""sl_mult_sr"": 1.9, ""time_stop"": 15, ""tp_mult_lm"": 3.5, ""tp_mult_lr"": 11.2, ""tp_mult_sm"": 7.0, ""tp_mult_sr"": 4.6, ""trail_mult"": 3.1, ""trail_tp"": true, ""use_trailing"": true}",{},
1333,-1000000000.0,TrialState.COMPLETE,2026-04-01T03:00:11.086429,2026-04-01T03:00:13.564187,2.477758,"{""atr_window"": 15, ""bb_std_dev"": 2.5, ""bb_window"": 16, ""cooldown"": 1, ""macd_fast"": 16, ""macd_k"": 1.9, ""macd_k_mid"": 0.7, ""macd_signal"": 8, ""macd_slow"": 37, ""macd_std_window"": 81, ""rebalance_freq"": 60, ""rebounce_block"": 5, ""sl_mult_lm"": 2.1500000000000004, ""sl_mult_lr"": 2.0, ""sl_mult_sm"": 1.0, ""sl_mult_sr"": 1.6, ""time_stop"": 18, ""tp_mult_lm"": 5.5, ""tp_mult_lr"": 10.2, ""tp_mult_sm"": 4.0, ""tp_mult_sr"": 6.300000000000001, ""trail_mult"": 2.2, ""trail_tp"": false, ""use_trailing"": true}",{},
1334,-1000000000.0,TrialState.COMPLETE,2026-04-01T03:00:13.593998,2026-04-01T03:00:13.645812,0.051814,"{""atr_window"": 16, ""bb_std_dev"": 1.75, ""bb_window"": 21, ""cooldown"": 1, ""macd_fast"": 14, ""macd_k"": 1.0, ""macd_k_mid"": 0.9, ""macd_signal"": 8, ""macd_slow"": 39, ""macd_std_window"": 93, ""rebalance_freq"": 180, ""rebounce_block"": 1, ""sl_mult_lm"": 1.9, ""sl_mult_lr"": 2.4, ""sl_mult_sm"": 1.9500000000000002, ""sl_mult_sr"": 2.5, ""time_stop"": 8, ""tp_mult_lm"": 4.8, ""tp_mult_lr"": 10.8, ""tp_mult_sm"": 3.6, ""tp_mult_sr"": 5.5, ""trail_mult"": 1.8, ""trail_tp"": true, ""use_trailing"": false}",{},
1335,-1000000000.0,TrialState.COMPLETE,2026-04-01T03:00:13.680507,2026-04-01T03:00:13.752330,0.071823,"{""atr_window"": 20, ""bb_std_dev"": 2.2, ""bb_window"": 14, ""cooldown"": 3, ""macd_fast"": 20, ""macd_k"": 1.3, ""macd_k_mid"": 0.75, ""macd_signal"": 9, ""macd_slow"": 43, ""macd_std_window"": 85, ""rebalance_freq"": 120, ""rebounce_block"": 2, ""sl_mult_lm"": 2.0, ""sl_mult_lr"": 2.3, ""sl_mult_sm"": 1.25, ""sl_mult_sr"": 3.5, ""time_stop"": 7, ""tp_mult_lm"": 4.9, ""tp_mult_lr"": 14.0, ""tp_mult_sm"": 3.0, ""tp_mult_sr"": 3.1, ""trail_mult"": 2.1, ""trail_tp"": false, ""use_trailing"": true}",{},
1336,-1000000000.0,TrialState.COMPLETE,2026-04-01T03:00:13.787292,2026-04-01T03:00:16.300283,2.512991,"{""atr_window"": 14, ""bb_std_dev"": 2.3, ""bb_window"": 19, ""cooldown"": 4, ""macd_fast"": 19, ""macd_k"": 1.9500000000000002, ""macd_k_mid"": 0.6, ""macd_signal"": 10, ""macd_slow"": 38, ""macd_std_window"": 77, ""rebalance_freq"": 150, ""rebounce_block"": 6, ""sl_mult_lm"": 1.4, ""sl_mult_lr"": 3.4000000000000004, ""sl_mult_sm"": 1.75, ""sl_mult_sr"": 1.5, ""time_stop"": 25, ""tp_mult_lm"": 3.7, ""tp_mult_lr"": 12.0, ""tp_mult_sm"": 4.9, ""tp_mult_sr"": 4.5, ""trail_mult"": 2.7, ""trail_tp"": true, ""use_trailing"": true}",{},
1337,-1000000000.0,TrialState.COMPLETE,2026-04-01T03:00:16.331088,2026-04-01T03:00:16.385647,0.054559,"{""atr_window"": 10, ""bb_std_dev"": 2.1, ""bb_window"": 22, ""cooldown"": 2, ""macd_fast"": 11, ""macd_k"": 1.4, ""macd_k_mid"": 0.8500000000000001, ""macd_signal"": 7, ""macd_slow"": 44, ""macd_std_window"": 89, ""rebalance_freq"": 30, ""rebounce_block"": 5, ""sl_mult_lm"": 1.9500000000000002, ""sl_mult_lr"": 2.9, ""sl_mult_sm"": 1.5, ""sl_mult_sr"": 1.7, ""time_stop"": 22, ""tp_mult_lm"": 5.4, ""tp_mult_lr"": 12.4, ""tp_mult_sm"": 4.5, ""tp_mult_sr"": 5.2, ""trail_mult"": 2.3, ""trail_tp"": false, ""use_trailing"": true}",{},
1338,-1000000000.0,TrialState.COMPLETE,2026-04-01T03:00:16.420218,2026-04-01T03:00:16.471840,0.051622,"{""atr_window"": 12, ""bb_std_dev"": 2.15, ""bb_window"": 15, ""cooldown"": 0, ""macd_fast"": 15, ""macd_k"": 1.35, ""macd_k_mid"": 0.5, ""macd_signal"": 9, ""macd_slow"": 42, ""macd_std_window"": 76, ""rebalance_freq"": 180, ""rebounce_block"": 3, ""sl_mult_lm"": 1.05, ""sl_mult_lr"": 2.8, ""sl_mult_sm"": 1.9, ""sl_mult_sr"": 2.1, ""time_stop"": 21, ""tp_mult_lm"": 5.2, ""tp_mult_lr"": 9.6, ""tp_mult_sm"": 4.7, ""tp_mult_sr"": 4.2, ""trail_mult"": 1.9, ""trail_tp"": true, ""use_trailing"": false}",{},
1339,-1000000000.0,TrialState.COMPLETE,2026-04-01T03:00:16.507162,2026-04-01T03:00:19.082160,2.574998,"{""atr_window"": 17, ""bb_std_dev"": 1.9, ""bb_window"": 14, ""cooldown"": 1, ""macd_fast"": 14, ""macd_k"": 1.15, ""macd_k_mid"": 0.55, ""macd_signal"": 8, ""macd_slow"": 35, ""macd_std_window"": 73, ""rebalance_freq"": 150, ""rebounce_block"": 4, ""sl_mult_lm"": 1.35, ""sl_mult_lr"": 3.3, ""sl_mult_sm"": 1.4, ""sl_mult_sr"": 2.2, ""time_stop"": 16, ""tp_mult_lm"": 5.1, ""tp_mult_lr"": 14.4, ""tp_mult_sm"": 5.800000000000001, ""tp_mult_sr"": 3.8, ""trail_mult"": 2.0, ""trail_tp"": false, ""use_trailing"": true}",{},
1340,-1000000000.0,TrialState.COMPLETE,2026-04-01T03:00:19.116629,2026-04-01T03:00:19.166263,0.049634,"{""atr_window"": 16, ""bb_std_dev"": 2.5, ""bb_window"": 16, ""cooldown"": 2, ""macd_fast"": 10, ""macd_k"": 1.55, ""macd_k_mid"": 0.65, ""macd_signal"": 6, ""macd_slow"": 40, ""macd_std_window"": 83, ""rebalance_freq"": 180, ""rebounce_block"": 0, ""sl_mult_lm"": 1.55, ""sl_mult_lr"": 2.2, ""sl_mult_sm"": 1.65, ""sl_mult_sr"": 1.8, ""time_stop"": 9, ""tp_mult_lm"": 5.0, ""tp_mult_lr"": 11.8, ""tp_mult_sm"": 3.3, ""tp_mult_sr"": 5.7, ""trail_mult"": 3.1, ""trail_tp"": true, ""use_trailing"": true}",{},
1341,-1000000000.0,TrialState.COMPLETE,2026-04-01T03:00:19.206640,2026-04-01T03:00:19.258020,0.05138,"{""atr_window"": 11, ""bb_std_dev"": 2.45, ""bb_window"": 20, ""cooldown"": 1, ""macd_fast"": 12, ""macd_k"": 1.5, ""macd_k_mid"": 1.0, ""macd_signal"": 8, ""macd_slow"": 44, ""macd_std_window"": 100, ""rebalance_freq"": 90, ""rebounce_block"": 5, ""sl_mult_lm"": 2.1, ""sl_mult_lr"": 2.4, ""sl_mult_sm"": 1.2, ""sl_mult_sr"": 2.6, ""time_stop"": 17, ""tp_mult_lm"": 4.6, ""tp_mult_lr"": 12.600000000000001, ""tp_mult_sm"": 6.5, ""tp_mult_sr"": 3.9, ""trail_mult"": 3.2, ""trail_tp"": false, ""use_trailing"": true}",{},
1342,-1000000000.0,TrialState.COMPLETE,2026-04-01T03:00:19.291815,2026-04-01T03:00:21.806914,2.515099,"{""atr_window"": 14, ""bb_std_dev"": 1.65, ""bb_window"": 18, ""cooldown"": 5, ""macd_fast"": 17, ""macd_k"": 1.7000000000000002, ""macd_k_mid"": 0.6, ""macd_signal"": 5, ""macd_slow"": 37, ""macd_std_window"": 98, ""rebalance_freq"": 120, ""rebounce_block"": 6, ""sl_mult_lm"": 2.05, ""sl_mult_lr"": 4.1, ""sl_mult_sm"": 1.8, ""sl_mult_sr"": 1.6, ""time_stop"": 15, ""tp_mult_lm"": 3.9, ""tp_mult_lr"": 13.600000000000001, ""tp_mult_sm"": 6.300000000000001, ""tp_mult_sr"": 6.6, ""trail_mult"": 2.5, ""trail_tp"": true, ""use_trailing"": false}",{},
1343,-1000000000.0,TrialState.COMPLETE,2026-04-01T03:00:21.843615,2026-04-01T03:00:21.899513,0.055898,"{""atr_window"": 18, ""bb_std_dev"": 2.35, ""bb_window"": 17, ""cooldown"": 4, ""macd_fast"": 18, ""macd_k"": 1.6, ""macd_k_mid"": 0.55, ""macd_signal"": 9, ""macd_slow"": 41, ""macd_std_window"": 84, ""rebalance_freq"": 150, ""rebounce_block"": 2, ""sl_mult_lm"": 1.0, ""sl_mult_lr"": 4.0, ""sl_mult_sm"": 1.3, ""sl_mult_sr"": 2.3, ""time_stop"": 23, ""tp_mult_lm"": 4.7, ""tp_mult_lr"": 8.8, ""tp_mult_sm"": 3.2, ""tp_mult_sr"": 6.800000000000001, ""trail_mult"": 2.4, ""trail_tp"": true, ""use_trailing"": true}",{},
