number,value,datetime_start,datetime_complete,duration,params_atr_window,params_bb_std_dev,params_bb_window,params_cooldown,params_macd_fast,params_macd_k,params_macd_k_mid,params_macd_signal,params_macd_slow,params_macd_std_window,params_rebalance_freq,params_rebounce_block,params_sl_mult_lm,params_sl_mult_lr,params_sl_mult_sm,params_sl_mult_sr,params_time_stop,params_tp_mult_lm,params_tp_mult_lr,params_tp_mult_sm,params_tp_mult_sr,params_trail_mult,params_trail_tp,params_use_trailing,user_attrs_allocations,user_attrs_deploy_avg_sharpe,user_attrs_deploy_total_sharpe,user_attrs_deploy_year_sharpes,user_attrs_score,user_attrs_selected_tickers,user_attrs_train_avg_sharpe,user_attrs_train_year_sharpes,state
2813,1.6428857142857147,2026-04-01 08:42:01.417576,2026-04-01 08:42:04.886230,0 days 00:00:03.468654,18,2.45,21,2,15,1.0,0.7,5,35,89,90,5,1.05,2.7,1.4,1.7,27,5.0,10.8,3.2,5.2,3.4000000000000004,False,False,"{'MSFT': 0.2764, 'BRK-B': 0.1794, 'AAPL': 0.1676, 'GOOG': 0.1636, 'AVGO': 0.1081, 'AMZN': 0.1049}",-0.1622,1.6919,"{2025: 2.6516, 2026: -2.976}",1.6429,"['MSFT', 'BRK-B', 'AAPL', 'GOOG', 'AVGO', 'AMZN']",1.8051,"{2018: 2.4155, 2019: 1.5825, 2020: 3.3259, 2021: 1.9649, 2022: -0.6228, 2023: 1.9249, 2024: 2.0447}",COMPLETE
2814,1.6187642857142857,2026-04-01 08:42:04.931790,2026-04-01 08:42:08.380884,0 days 00:00:03.449094,18,2.5,21,2,15,1.0,0.7,5,35,90,90,5,1.05,2.5,1.45,1.7,26,5.1,10.8,3.0,5.4,3.4000000000000004,False,False,"{'MSFT': 0.2773, 'BRK-B': 0.2125, 'GOOGL': 0.169, 'AAPL': 0.1551, 'AMZN': 0.0932, 'AVGO': 0.0929}",0.0962,1.3544,"{2025: 1.9665, 2026: -1.774}",1.6188,"['MSFT', 'BRK-B', 'GOOGL', 'AAPL', 'AMZN', 'AVGO']",1.5225,"{2018: 1.391, 2019: 1.6333, 2020: 3.5754, 2021: 1.5558, 2022: -1.1921, 2023: 2.1156, 2024: 1.5786}",COMPLETE
2815,-1000000000.0,2026-04-01 08:42:08.425874,2026-04-01 08:42:11.859582,0 days 00:00:03.433708,18,2.4,21,2,15,1.0,0.7,5,35,91,90,5,1.1,2.6,1.45,1.7,27,5.0,10.4,3.0,5.300000000000001,3.5,False,False,,,,,,,,,COMPLETE
2816,-1000000000.0,2026-04-01 08:42:11.946153,2026-04-01 08:42:15.492178,0 days 00:00:03.546025,18,2.45,21,2,15,1.0,0.7,5,35,90,90,5,1.15,2.6,1.4,1.7,28,5.1,10.6,3.1,5.2,3.4000000000000004,False,False,,,,,,,,,COMPLETE
2817,1.697742857142857,2026-04-01 08:42:15.539664,2026-04-01 08:42:18.971896,0 days 00:00:03.432232,18,2.45,21,2,15,1.0,0.7,5,35,90,90,5,1.1,2.6,1.45,1.7,28,5.0,11.0,3.2,5.4,3.5,False,False,"{'MSFT': 0.272, 'AAPL': 0.2096, 'BRK-B': 0.1611, 'GOOG': 0.1571, 'AVGO': 0.101, 'AMZN': 0.0991}",0.1683,1.4636,"{2025: 2.0421, 2026: -1.7055}",1.6977,"['MSFT', 'AAPL', 'BRK-B', 'GOOG', 'AVGO', 'AMZN']",1.5294,"{2018: 1.3938, 2019: 1.5844, 2020: 3.0248, 2021: 2.0739, 2022: -0.8633, 2023: 1.8595, 2024: 1.633}",COMPLETE
2818,-1000000000.0,2026-04-01 08:42:19.017000,2026-04-01 08:42:22.470086,0 days 00:00:03.453086,18,2.5,21,2,15,1.0,0.7,5,35,89,90,5,1.1,2.7,1.45,1.7,26,5.1,10.8,3.1,5.5,3.4000000000000004,False,False,,,,,,,,,COMPLETE
2819,2.7337857142857143,2026-04-01 08:42:22.514703,2026-04-01 08:42:26.011763,0 days 00:00:03.497060,18,2.45,21,2,15,1.0,0.7,5,35,90,90,5,1.05,2.5,1.4,1.8,27,5.1,10.4,3.2,5.300000000000001,3.5,False,False,"{'MSFT': 0.2654, 'GOOG': 0.1984, 'AAPL': 0.1932, 'BRK-B': 0.1653, 'NVDA': 0.0945, 'META': 0.0831}",1.1752,1.4539,"{2025: 1.6778, 2026: 0.6726}",2.7338,"['MSFT', 'GOOG', 'AAPL', 'BRK-B', 'NVDA', 'META']",1.5586,"{2018: 1.3073, 2019: 1.5183, 2020: 3.3642, 2021: 1.8156, 2022: -0.8388, 2023: 2.1046, 2024: 1.6389}",COMPLETE
2820,-1000000000.0,2026-04-01 08:42:26.056102,2026-04-01 08:42:29.549964,0 days 00:00:03.493862,18,2.45,21,2,15,1.0,0.7,5,35,91,90,5,1.15,2.6,1.45,1.8,26,5.0,10.6,3.0,5.4,3.4000000000000004,False,False,,,,,,,,,COMPLETE
2821,-1000000000.0,2026-04-01 08:42:29.598705,2026-04-01 08:42:33.062011,0 days 00:00:03.463306,18,2.4,21,2,15,1.0,0.7,5,35,89,90,5,1.15,2.5,1.45,1.7,27,5.1,11.0,3.2,5.300000000000001,3.4000000000000004,False,False,,,,,,,,,COMPLETE
2822,-1000000000.0,2026-04-01 08:42:33.116090,2026-04-01 08:42:36.553763,0 days 00:00:03.437673,18,2.5,21,2,15,1.0,0.7,5,35,91,90,5,1.05,2.7,1.4,1.7,27,5.1,10.8,3.1,5.2,3.5,False,False,,,,,,,,,COMPLETE
2823,-1000000000.0,2026-04-01 08:42:36.635014,2026-04-01 08:42:40.360349,0 days 00:00:03.725335,18,2.4,21,2,15,1.0,0.7,5,35,90,90,5,1.1,2.6,1.45,1.7,28,5.1,11.0,3.0,5.4,3.4000000000000004,False,False,,,,,,,,,COMPLETE
2824,1.2078571428571427,2026-04-01 08:42:40.413345,2026-04-01 08:42:43.905309,0 days 00:00:03.491964,18,2.45,21,2,15,1.0,0.7,5,35,89,90,5,1.1,2.7,1.45,1.8,28,5.0,10.6,3.0,5.300000000000001,3.5,False,False,"{'MSFT': 0.2396, 'BRK-B': 0.225, 'AAPL': 0.1953, 'GOOG': 0.1351, 'AMZN': 0.1037, 'AVGO': 0.1013}",-0.4934,1.5571,"{2025: 2.4127, 2026: -3.3995}",1.2079,"['MSFT', 'BRK-B', 'AAPL', 'GOOG', 'AMZN', 'AVGO']",1.7013,"{2018: 2.4733, 2019: 1.4799, 2020: 3.0509, 2021: 2.0603, 2022: -0.6359, 2023: 1.6923, 2024: 1.788}",COMPLETE
2825,-1000000000.0,2026-04-01 08:42:43.951980,2026-04-01 08:42:47.672347,0 days 00:00:03.720367,18,2.45,21,2,15,1.0,0.7,5,35,91,90,5,1.1,2.5,1.4,1.7,26,5.1,10.8,3.1,5.2,3.4000000000000004,False,False,,,,,,,,,COMPLETE
2826,-1000000000.0,2026-04-01 08:42:47.751427,2026-04-01 08:42:52.173666,0 days 00:00:04.422239,18,2.4,21,2,15,1.0,0.7,5,35,89,90,5,1.15,2.6,1.45,1.7,27,5.0,10.4,3.2,5.5,3.4000000000000004,False,False,,,,,,,,,COMPLETE
2827,-1000000000.0,2026-04-01 08:42:52.236613,2026-04-01 08:42:56.729447,0 days 00:00:04.492834,18,2.5,21,2,15,1.0,0.7,5,35,90,90,5,1.05,2.5,1.45,1.8,28,5.1,11.0,3.1,5.300000000000001,3.5,False,False,,,,,,,,,COMPLETE
2828,2.965285714285714,2026-04-01 08:42:56.818589,2026-04-01 08:43:00.475980,0 days 00:00:03.657391,18,2.45,21,2,15,1.05,0.7,5,35,90,90,5,1.1,2.6,1.4,1.7,27,5.1,10.8,3.0,5.2,3.4000000000000004,False,False,"{'MSFT': 0.2728, 'GOOG': 0.2005, 'AAPL': 0.175, 'BRK-B': 0.1625, 'NVDA': 0.1074, 'META': 0.0817}",1.395,1.3857,"{2025: 1.4743, 2026: 1.3157}",2.9653,"['MSFT', 'GOOG', 'AAPL', 'BRK-B', 'NVDA', 'META']",1.5703,"{2018: 1.2593, 2019: 1.5547, 2020: 3.3262, 2021: 1.8141, 2022: -0.8486, 2023: 1.929, 2024: 1.9573}",COMPLETE
2829,-1000000000.0,2026-04-01 08:43:00.525324,2026-04-01 08:43:04.376642,0 days 00:00:03.851318,18,2.45,21,2,15,1.05,0.7,5,35,91,90,5,1.05,2.7,1.4,1.7,26,5.0,10.6,3.0,5.2,3.5,False,False,,,,,,,,,COMPLETE
2830,-1000000000.0,2026-04-01 08:43:04.458575,2026-04-01 08:43:08.650165,0 days 00:00:04.191590,18,2.5,21,2,15,1.05,0.7,5,35,90,90,5,1.15,2.6,1.4,1.8,27,5.1,10.8,3.0,5.2,3.4000000000000004,False,False,,,,,,,,,COMPLETE
2831,1.8851,2026-04-01 08:43:08.704908,2026-04-01 08:43:12.536827,0 days 00:00:03.831919,18,2.45,21,2,15,1.05,0.7,5,35,91,90,5,1.1,2.5,1.4,1.7,26,5.0,10.4,3.0,5.2,3.4000000000000004,False,False,"{'MSFT': 0.2481, 'BRK-B': 0.2371, 'AAPL': 0.2134, 'GOOG': 0.1379, 'META': 0.0822, 'NVDA': 0.0813}",0.4566,1.2078,"{2025: 1.6332, 2026: -0.72}",1.8851,"['MSFT', 'BRK-B', 'AAPL', 'GOOG', 'META', 'NVDA']",1.4285,"{2018: 1.1936, 2019: 1.6165, 2020: 3.2298, 2021: 1.9341, 2022: -1.0331, 2023: 1.6921, 2024: 1.3665}",COMPLETE
2832,-1000000000.0,2026-04-01 08:43:12.601750,2026-04-01 08:43:16.455580,0 days 00:00:03.853830,18,2.4,21,2,15,1.0,0.7,5,35,89,90,5,1.05,2.7,1.4,1.7,27,5.1,11.0,3.1,5.4,3.5,False,False,,,,,,,,,COMPLETE
2833,-1000000000.0,2026-04-01 08:43:16.502109,2026-04-01 08:43:20.421984,0 days 00:00:03.919875,18,2.5,21,2,15,1.0,0.7,5,35,90,90,5,1.1,2.6,1.4,1.8,27,5.1,10.6,3.0,5.2,3.5,False,False,,,,,,,,,COMPLETE
2834,2.481792857142857,2026-04-01 08:43:20.464116,2026-04-01 08:43:24.445542,0 days 00:00:03.981426,18,2.45,21,2,15,1.05,0.7,5,35,89,90,5,1.1,2.5,1.45,1.7,28,5.0,10.4,3.0,5.300000000000001,3.4000000000000004,False,False,"{'MSFT': 0.2525, 'AAPL': 0.2127, 'BRK-B': 0.1819, 'META': 0.1342, 'GOOG': 0.1119, 'GOOGL': 0.1068}",0.8072,1.4504,"{2025: 1.7961, 2026: -0.1818}",2.4818,"['MSFT', 'AAPL', 'BRK-B', 'META', 'GOOG', 'GOOGL']",1.6746,"{2018: 2.476, 2019: 1.5118, 2020: 3.0406, 2021: 2.0355, 2022: -0.8895, 2023: 1.7636, 2024: 1.7845}",COMPLETE
2835,-1000000000.0,2026-04-01 08:43:24.507083,2026-04-01 08:43:27.129631,0 days 00:00:02.622548,18,2.45,21,2,15,1.0,0.7,5,35,90,90,5,1.15,2.6,1.4,1.7,28,5.1,10.8,3.2,5.4,3.4000000000000004,False,False,,,,,,,,,COMPLETE
2836,-1000000000.0,2026-04-01 08:43:27.171433,2026-04-01 08:43:29.732759,0 days 00:00:02.561326,18,2.4,21,2,15,1.0,0.7,5,35,91,90,5,1.15,2.7,1.45,1.8,26,5.0,11.0,3.1,5.5,3.5,False,False,,,,,,,,,COMPLETE
2837,-1000000000.0,2026-04-01 08:43:29.774019,2026-04-01 08:43:32.433369,0 days 00:00:02.659350,18,2.5,21,2,15,1.0,0.7,5,35,90,90,5,1.05,2.5,1.45,1.7,27,5.1,10.6,3.1,5.300000000000001,3.4000000000000004,False,False,,,,,,,,,COMPLETE
2838,-1000000000.0,2026-04-01 08:43:32.477536,2026-04-01 08:43:34.943111,0 days 00:00:02.465575,18,2.45,21,2,15,1.05,0.7,5,35,91,90,5,1.1,2.6,1.45,1.8,27,5.0,10.6,3.0,5.2,3.5,False,False,,,,,,,,,COMPLETE
2839,-1000000000.0,2026-04-01 08:43:34.987464,2026-04-01 08:43:37.565597,0 days 00:00:02.578133,18,2.45,21,2,15,1.0,0.7,5,35,89,90,5,1.1,2.7,1.4,1.7,26,5.1,10.8,3.2,5.5,3.4000000000000004,False,False,,,,,,,,,COMPLETE
2840,-1000000000.0,2026-04-01 08:43:37.600381,2026-04-01 08:43:40.170159,0 days 00:00:02.569778,18,2.4,21,2,15,1.0,0.7,5,35,90,90,5,1.1,2.5,1.5,1.7,28,5.1,11.0,3.1,5.2,3.4000000000000004,False,False,,,,,,,,,COMPLETE
2841,-1000000000.0,2026-04-01 08:43:40.203534,2026-04-01 08:43:42.956274,0 days 00:00:02.752740,18,2.4,21,2,15,1.05,0.7,5,35,89,90,5,1.15,2.6,1.45,1.7,26,5.1,10.4,3.0,5.4,3.4000000000000004,False,False,,,,,,,,,COMPLETE
2842,-1000000000.0,2026-04-01 08:43:42.996231,2026-04-01 08:43:45.658904,0 days 00:00:02.662673,18,2.5,21,2,15,1.05,0.7,5,35,90,90,5,1.05,2.7,1.4,1.7,27,5.0,10.8,3.2,5.300000000000001,3.5,False,False,,,,,,,,,COMPLETE
2843,-1000000000.0,2026-04-01 08:43:45.714325,2026-04-01 08:43:48.292464,0 days 00:00:02.578139,18,2.45,21,2,15,1.0,0.7,5,35,91,90,5,1.15,2.6,1.5,1.8,28,5.1,10.8,3.0,5.4,3.5,False,False,,,,,,,,,COMPLETE
2844,2.867335714285714,2026-04-01 08:43:48.337048,2026-04-01 08:43:50.961399,0 days 00:00:02.624351,18,2.45,21,2,15,1.0,0.7,5,35,89,90,5,1.1,2.5,1.45,1.7,27,5.1,10.4,3.2,5.2,3.4000000000000004,False,False,"{'MSFT': 0.2255, 'GOOGL': 0.19, 'BRK-B': 0.1895, 'AAPL': 0.1834, 'META': 0.1313, 'NVDA': 0.0802}",1.1522,1.705,"{2025: 2.014, 2026: 0.2905}",2.8673,"['MSFT', 'GOOGL', 'BRK-B', 'AAPL', 'META', 'NVDA']",1.7151,"{2018: 2.0716, 2019: 1.686, 2020: 3.2464, 2021: 1.8623, 2022: -0.8586, 2023: 1.9445, 2024: 2.0534}",COMPLETE
2845,-1000000000.0,2026-04-01 08:43:51.011763,2026-04-01 08:43:53.900265,0 days 00:00:02.888502,18,2.5,21,2,15,1.0,0.7,5,35,89,90,5,1.05,2.5,1.45,1.8,28,5.2,10.4,3.2,5.2,3.4000000000000004,False,False,,,,,,,,,COMPLETE
2846,-1000000000.0,2026-04-01 08:43:53.943881,2026-04-01 08:43:56.970604,0 days 00:00:03.026723,18,2.4,21,2,15,1.0,0.7,5,35,89,90,5,1.1,2.5,1.4,1.7,26,5.0,10.4,3.2,5.2,3.4000000000000004,False,False,,,,,,,,,COMPLETE
2847,-1000000000.0,2026-04-01 08:43:57.015201,2026-04-01 08:44:00.064185,0 days 00:00:03.048984,18,2.45,21,2,15,1.05,0.7,5,35,91,90,5,1.1,2.5,1.5,1.7,27,5.1,10.6,3.1,5.2,3.5,False,False,,,,,,,,,COMPLETE
2848,2.842342857142857,2026-04-01 08:44:00.107209,2026-04-01 08:44:03.156247,0 days 00:00:03.049038,18,2.45,21,2,15,1.0,0.7,5,35,90,90,5,1.15,2.5,1.45,1.8,27,5.2,10.6,3.0,5.300000000000001,3.4000000000000004,False,False,"{'MSFT': 0.2405, 'AAPL': 0.2142, 'GOOG': 0.1911, 'BRK-B': 0.152, 'NVDA': 0.1227, 'META': 0.0795}",1.4042,1.4229,"{2025: 1.486, 2026: 1.3224}",2.8423,"['MSFT', 'AAPL', 'GOOG', 'BRK-B', 'NVDA', 'META']",1.4381,"{2018: 0.8589, 2019: 1.5975, 2020: 3.3268, 2021: 1.6691, 2022: -0.8185, 2023: 1.8877, 2024: 1.5455}",COMPLETE
2849,-1000000000.0,2026-04-01 08:44:03.206613,2026-04-01 08:44:06.402091,0 days 00:00:03.195478,18,2.5,21,2,15,1.05,0.7,5,35,90,90,5,1.15,2.5,1.45,1.8,26,5.2,10.4,3.0,5.2,3.5,False,False,,,,,,,,,COMPLETE
2850,2.468057142857143,2026-04-01 08:44:06.449999,2026-04-01 08:44:09.671128,0 days 00:00:03.221129,18,2.4,21,2,15,1.0,0.7,5,35,91,90,5,1.05,2.5,1.45,1.8,28,5.2,10.4,3.0,5.4,3.4000000000000004,False,False,"{'GOOG': 0.334, 'AAPL': 0.2024, 'BRK-B': 0.1487, 'AMZN': 0.1217, 'MSFT': 0.1157, 'META': 0.0774}",0.8405,1.4886,"{2025: 1.7926, 2026: -0.1116}",2.4681,"['GOOG', 'AAPL', 'BRK-B', 'AMZN', 'MSFT', 'META']",1.6276,"{2018: 1.1814, 2019: 1.8025, 2020: 3.1294, 2021: 1.9118, 2022: -1.023, 2023: 2.5431, 2024: 1.8477}",COMPLETE
2851,-1000000000.0,2026-04-01 08:44:09.724929,2026-04-01 08:44:12.394344,0 days 00:00:02.669415,18,2.45,21,2,15,1.0,0.7,5,35,89,90,5,1.05,2.5,1.4,1.7,26,5.2,10.4,3.0,5.300000000000001,3.4000000000000004,False,False,,,,,,,,,COMPLETE
2852,-1000000000.0,2026-04-01 08:44:12.451169,2026-04-01 08:44:15.202736,0 days 00:00:02.751567,18,2.4,21,2,15,1.05,0.7,5,35,90,90,5,1.15,2.5,1.45,1.8,27,5.2,10.6,3.0,5.2,3.5,False,False,,,,,,,,,COMPLETE
2853,-1000000000.0,2026-04-01 08:44:15.245238,2026-04-01 08:44:17.968944,0 days 00:00:02.723706,18,2.45,21,2,15,1.0,0.7,5,35,90,90,5,1.1,2.5,1.5,1.7,28,5.2,10.4,3.2,5.5,3.4000000000000004,False,False,,,,,,,,,COMPLETE
2854,-1000000000.0,2026-04-01 08:44:18.013242,2026-04-01 08:44:20.630695,0 days 00:00:02.617453,18,2.45,21,2,15,1.0,0.7,5,35,91,90,5,1.15,2.5,1.4,1.7,26,5.2,10.4,3.0,5.4,3.5,False,False,,,,,,,,,COMPLETE
2855,-1000000000.0,2026-04-01 08:44:20.666469,2026-04-01 08:44:23.539090,0 days 00:00:02.872621,18,2.5,21,2,15,1.0,0.7,5,35,89,90,5,1.05,2.6,1.45,1.8,27,5.2,10.6,3.1,5.300000000000001,3.4000000000000004,False,False,,,,,,,,,COMPLETE
2856,-1000000000.0,2026-04-01 08:44:23.584402,2026-04-01 08:44:26.299763,0 days 00:00:02.715361,18,2.5,21,2,15,1.05,0.7,5,35,91,90,5,1.1,2.5,1.5,1.7,27,5.1,10.6,3.0,5.2,3.4000000000000004,False,False,,,,,,,,,COMPLETE
2857,-1000000000.0,2026-04-01 08:44:26.344347,2026-04-01 08:44:29.056631,0 days 00:00:02.712284,18,2.45,21,2,15,1.0,0.7,5,35,89,90,5,1.1,2.6,1.45,1.7,28,5.1,10.6,3.1,5.300000000000001,3.4000000000000004,False,False,,,,,,,,,COMPLETE
2858,2.012757142857143,2026-04-01 08:44:29.099079,2026-04-01 08:44:31.762534,0 days 00:00:02.663455,18,2.4,21,2,15,1.0,0.7,5,35,90,90,5,1.05,2.6,1.4,1.7,27,5.2,11.0,3.1,5.2,3.5,False,False,"{'GOOG': 0.3706, 'AAPL': 0.1748, 'BRK-B': 0.1421, 'MSFT': 0.1233, 'AMZN': 0.1139, 'AVGO': 0.0753}",0.2599,1.232,"{2025: 1.7385, 2026: -1.2187}",2.0128,"['GOOG', 'AAPL', 'BRK-B', 'MSFT', 'AMZN', 'AVGO']",1.7529,"{2018: 1.1753, 2019: 1.8832, 2020: 3.4536, 2021: 1.8267, 2022: -0.9668, 2023: 2.7631, 2024: 2.1349}",COMPLETE
2859,1.7012428571428568,2026-04-01 08:44:31.809596,2026-04-01 08:44:34.473145,0 days 00:00:02.663549,18,2.45,21,2,15,1.0,0.7,5,35,89,90,5,1.1,2.5,1.45,1.8,26,5.1,10.4,3.2,5.4,3.5,False,False,"{'AAPL': 0.2252, 'MSFT': 0.225, 'GOOGL': 0.1942, 'BRK-B': 0.1598, 'META': 0.1117, 'NVDA': 0.0842}",0.0807,1.3488,"{2025: 1.9481, 2026: -1.7867}",1.7012,"['AAPL', 'MSFT', 'GOOGL', 'BRK-B', 'META', 'NVDA']",1.6205,"{2018: 2.3077, 2019: 1.2282, 2020: 3.3013, 2021: 1.7929, 2022: -1.0401, 2023: 1.7382, 2024: 2.0156}",COMPLETE
2860,2.911257142857143,2026-04-01 08:44:34.515520,2026-04-01 08:44:37.418862,0 days 00:00:02.903342,18,2.45,21,2,15,1.05,0.7,5,35,90,90,5,1.15,2.5,1.45,1.7,28,5.2,10.6,3.0,5.300000000000001,3.4000000000000004,False,False,"{'MSFT': 0.2498, 'AAPL': 0.2119, 'GOOG': 0.1825, 'BRK-B': 0.1691, 'META': 0.1029, 'NVDA': 0.0838}",1.444,1.3731,"{2025: 1.3931, 2026: 1.4949}",2.9113,"['MSFT', 'AAPL', 'GOOG', 'BRK-B', 'META', 'NVDA']",1.4673,"{2018: 1.083, 2019: 1.6337, 2020: 3.0935, 2021: 1.8271, 2022: -0.821, 2023: 1.7891, 2024: 1.6654}",COMPLETE
2861,-1000000000.0,2026-04-01 08:44:37.478351,2026-04-01 08:44:40.143706,0 days 00:00:02.665355,18,2.5,21,2,15,1.05,0.7,5,35,91,90,5,1.15,2.5,1.5,1.8,28,5.2,10.4,3.0,5.5,3.4000000000000004,False,False,,,,,,,,,COMPLETE
2862,-1000000000.0,2026-04-01 08:44:40.191933,2026-04-01 08:44:42.920564,0 days 00:00:02.728631,18,2.4,21,2,15,1.05,0.7,5,35,90,90,5,1.15,2.5,1.45,1.7,28,5.2,10.6,3.0,5.2,3.5,False,False,,,,,,,,,COMPLETE
2863,-1000000000.0,2026-04-01 08:44:42.964084,2026-04-01 08:44:47.725699,0 days 00:00:04.761615,18,2.45,21,2,15,1.05,0.7,5,35,91,90,5,1.15,2.5,1.4,1.7,28,5.2,10.6,3.0,5.4,3.4000000000000004,False,False,,,,,,,,,COMPLETE
2864,-1000000000.0,2026-04-01 08:44:47.786775,2026-04-01 08:44:52.045376,0 days 00:00:04.258601,18,2.5,21,2,15,1.05,0.7,5,35,89,90,5,1.15,2.5,1.5,1.7,28,5.2,10.4,3.0,5.300000000000001,3.5,False,False,,,,,,,,,COMPLETE
2865,-1000000000.0,2026-04-01 08:44:52.094436,2026-04-01 08:44:56.746638,0 days 00:00:04.652202,18,2.4,21,2,15,1.05,0.7,5,35,90,90,5,1.15,2.5,1.45,1.8,28,5.2,10.6,3.1,5.2,3.4000000000000004,False,False,,,,,,,,,COMPLETE
2866,2.9648214285714287,2026-04-01 08:44:56.796885,2026-04-01 08:45:01.182831,0 days 00:00:04.385946,18,2.45,21,2,15,1.05,0.7,5,35,90,90,5,1.1,2.6,1.4,1.7,27,5.2,10.6,3.0,5.300000000000001,3.5,False,False,"{'MSFT': 0.2719, 'GOOG': 0.1952, 'AAPL': 0.1836, 'BRK-B': 0.1639, 'NVDA': 0.1057, 'META': 0.0797}",1.3832,1.3705,"{2025: 1.4563, 2026: 1.31}",2.9648,"['MSFT', 'GOOG', 'AAPL', 'BRK-B', 'NVDA', 'META']",1.5817,"{2018: 1.2593, 2019: 1.567, 2020: 3.3298, 2021: 1.7873, 2022: -0.7818, 2023: 1.9523, 2024: 1.9578}",COMPLETE
2867,-1000000000.0,2026-04-01 08:45:01.253747,2026-04-01 08:45:05.532328,0 days 00:00:04.278581,18,2.45,21,2,15,1.05,0.7,5,35,91,90,5,1.15,2.5,1.4,1.8,28,5.2,10.4,3.0,5.4,3.5,False,False,,,,,,,,,COMPLETE
2868,-1000000000.0,2026-04-01 08:45:05.641697,2026-04-01 08:45:09.893725,0 days 00:00:04.252028,18,2.45,21,2,15,1.05,0.7,5,35,89,90,5,1.05,2.6,1.4,1.7,27,5.2,10.4,3.0,5.5,3.5,False,False,,,,,,,,,COMPLETE
2869,-1000000000.0,2026-04-01 08:45:09.948266,2026-04-01 08:45:14.018883,0 days 00:00:04.070617,18,2.5,21,2,15,1.05,0.7,5,35,90,90,5,1.1,2.7,1.4,1.7,26,5.2,10.6,3.0,5.2,3.5,False,False,,,,,,,,,COMPLETE
2870,2.2146285714285714,2026-04-01 08:45:14.073673,2026-04-01 08:45:18.340675,0 days 00:00:04.267002,18,2.4,21,2,15,1.05,0.7,5,35,91,90,5,1.15,2.6,1.4,1.7,27,5.2,10.4,3.0,5.300000000000001,3.5,False,False,"{'GOOG': 0.3075, 'BRK-B': 0.207, 'AAPL': 0.1921, 'MSFT': 0.1331, 'AMZN': 0.0978, 'META': 0.0625}",0.5881,1.3218,"{2025: 1.7138, 2026: -0.5376}",2.2146,"['GOOG', 'BRK-B', 'AAPL', 'MSFT', 'AMZN', 'META']",1.6265,"{2018: 1.0036, 2019: 2.0622, 2020: 3.2012, 2021: 1.7255, 2022: -0.9375, 2023: 2.5638, 2024: 1.7669}",COMPLETE
2871,-1000000000.0,2026-04-01 08:45:18.390191,2026-04-01 08:45:22.796637,0 days 00:00:04.406446,18,2.4,21,2,15,1.05,0.7,5,35,90,90,5,1.1,2.5,1.4,1.7,28,5.2,10.6,3.1,5.4,3.5,False,False,,,,,,,,,COMPLETE
2872,2.6929214285714282,2026-04-01 08:45:22.847131,2026-04-01 08:45:27.176792,0 days 00:00:04.329661,18,2.45,21,2,15,1.05,0.7,5,35,89,90,5,1.1,2.5,1.4,1.8,27,5.2,10.8,3.0,5.2,3.5,False,False,"{'MSFT': 0.2408, 'GOOGL': 0.2159, 'AAPL': 0.1957, 'BRK-B': 0.1546, 'META': 0.1122, 'NVDA': 0.0808}",0.9903,1.4779,"{2025: 1.7858, 2026: 0.1947}",2.6929,"['MSFT', 'GOOGL', 'AAPL', 'BRK-B', 'META', 'NVDA']",1.7027,"{2018: 2.0599, 2019: 1.6169, 2020: 3.2195, 2021: 1.8073, 2022: -0.8093, 2023: 1.8928, 2024: 2.1316}",COMPLETE
2873,-1000000000.0,2026-04-01 08:45:27.248014,2026-04-01 08:45:31.466929,0 days 00:00:04.218915,18,2.5,21,2,15,1.05,0.7,5,35,90,90,5,1.15,2.6,1.45,1.7,26,5.2,10.4,3.0,5.300000000000001,3.4000000000000004,False,False,,,,,,,,,COMPLETE
2874,-1000000000.0,2026-04-01 08:45:31.540590,2026-04-01 08:45:36.598248,0 days 00:00:05.057658,18,2.45,21,2,15,1.05,0.7,5,35,91,90,5,1.1,2.7,1.45,1.7,27,5.2,10.6,3.2,5.2,3.4000000000000004,False,False,,,,,,,,,COMPLETE
2875,0.9165785714285712,2026-04-01 08:45:36.729436,2026-04-01 08:45:42.279090,0 days 00:00:05.549654,18,2.5,21,2,15,1.0,0.7,5,35,89,90,5,1.05,2.6,1.5,1.8,28,5.2,11.0,3.1,5.4,3.5,False,False,"{'MSFT': 0.2593, 'BRK-B': 0.1849, 'GOOGL': 0.1825, 'AAPL': 0.1327, 'AMZN': 0.1227, 'AVGO': 0.118}",-0.6644,1.4039,"{2025: 2.3509, 2026: -3.6798}",0.9166,"['MSFT', 'BRK-B', 'GOOGL', 'AAPL', 'AMZN', 'AVGO']",1.581,"{2018: 2.2741, 2019: 1.3198, 2020: 3.0486, 2021: 1.761, 2022: -0.9637, 2023: 1.9366, 2024: 1.6908}",COMPLETE
2876,2.042642857142857,2026-04-01 08:45:42.358836,2026-04-01 08:45:49.953581,0 days 00:00:07.594745,18,2.45,21,2,15,1.05,0.7,5,35,90,90,5,1.05,2.5,1.4,1.7,26,5.2,10.8,3.2,5.300000000000001,3.4000000000000004,False,False,"{'MSFT': 0.2439, 'BRK-B': 0.2116, 'GOOG': 0.1898, 'AAPL': 0.1882, 'META': 0.0943, 'NVDA': 0.0722}",0.4483,1.3649,"{2025: 1.8662, 2026: -0.9696}",2.0426,"['MSFT', 'BRK-B', 'GOOG', 'AAPL', 'META', 'NVDA']",1.5943,"{2018: 1.301, 2019: 1.6138, 2020: 3.4139, 2021: 1.6879, 2022: -0.9584, 2023: 2.287, 2024: 1.8152}",COMPLETE
2877,-1000000000.0,2026-04-01 08:45:50.152752,2026-04-01 08:45:59.758095,0 days 00:00:09.605343,18,2.4,21,2,15,1.05,0.7,5,35,91,90,5,1.15,2.6,1.45,1.7,28,5.1,10.6,3.1,5.5,3.5,False,False,,,,,,,,,COMPLETE
2878,-1000000000.0,2026-04-01 08:45:59.946546,2026-04-01 08:46:05.762032,0 days 00:00:05.815486,18,2.45,21,2,15,1.0,0.7,5,35,90,90,5,1.1,2.7,1.5,1.8,27,5.1,11.0,3.0,5.2,3.4000000000000004,False,False,,,,,,,,,COMPLETE
2879,-1000000000.0,2026-04-01 08:46:05.827663,2026-04-01 08:46:10.998692,0 days 00:00:05.171029,18,2.4,21,2,15,1.0,0.7,5,35,89,90,5,1.1,2.5,1.4,1.7,26,5.2,10.4,3.1,5.4,3.5,False,False,,,,,,,,,COMPLETE
2880,-1000000000.0,2026-04-01 08:46:11.110116,2026-04-01 08:46:14.854748,0 days 00:00:03.744632,18,2.45,21,2,15,1.0,0.7,5,35,90,90,5,1.05,2.6,1.45,1.8,27,5.1,10.8,3.0,5.300000000000001,3.4000000000000004,False,False,,,,,,,,,COMPLETE
2881,-1000000000.0,2026-04-01 08:46:14.960839,2026-04-01 08:46:18.241606,0 days 00:00:03.280767,18,2.45,21,2,15,1.05,0.7,5,35,91,90,5,1.15,2.5,1.4,1.7,28,5.1,10.6,3.2,5.5,3.5,False,False,,,,,,,,,COMPLETE
2882,1.1698714285714285,2026-04-01 08:46:18.321307,2026-04-01 08:46:21.605296,0 days 00:00:03.283989,18,2.5,21,2,15,1.0,0.7,5,35,89,90,5,1.1,2.7,1.45,1.8,26,5.2,10.8,3.0,5.2,3.4000000000000004,False,False,"{'BRK-B': 0.2548, 'MSFT': 0.2235, 'GOOGL': 0.1718, 'AAPL': 0.1447, 'AMZN': 0.1114, 'AVGO': 0.0937}",-0.4626,1.3256,"{2025: 2.1989, 2026: -3.1241}",1.1699,"['BRK-B', 'MSFT', 'GOOGL', 'AAPL', 'AMZN', 'AVGO']",1.6325,"{2018: 2.4166, 2019: 1.2346, 2020: 3.2996, 2021: 1.7317, 2022: -0.8704, 2023: 1.8584, 2024: 1.7568}",COMPLETE
