number,value,state,datetime_start,datetime_complete,duration_seconds,params_json,fold_sharpes_json,avg_cv_sharpe
796,-1000000000.0,TrialState.COMPLETE,2026-04-01T02:21:11.419103,2026-04-01T02:21:11.456154,0.037051,"{""atr_window"": 12, ""bb_std_dev"": 2.5, ""bb_window"": 14, ""cooldown"": 0, ""macd_fast"": 10, ""macd_k"": 1.0, ""macd_k_mid"": 0.5, ""macd_signal"": 8, ""macd_slow"": 39, ""macd_std_window"": 99, ""rebalance_freq"": 150, ""rebounce_block"": 1, ""sl_mult_lm"": 2.1, ""sl_mult_lr"": 2.0, ""sl_mult_sm"": 1.55, ""sl_mult_sr"": 2.6, ""time_stop"": 23, ""tp_mult_lm"": 4.5, ""tp_mult_lr"": 12.0, ""tp_mult_sm"": 6.1, ""tp_mult_sr"": 6.0, ""trail_mult"": 3.3, ""trail_tp"": false, ""use_trailing"": false}",{},
797,-1000000000.0,TrialState.COMPLETE,2026-04-01T02:21:11.489148,2026-04-01T02:21:13.988666,2.499518,"{""atr_window"": 10, ""bb_std_dev"": 2.4, ""bb_window"": 18, ""cooldown"": 1, ""macd_fast"": 18, ""macd_k"": 1.75, ""macd_k_mid"": 0.8500000000000001, ""macd_signal"": 8, ""macd_slow"": 40, ""macd_std_window"": 84, ""rebalance_freq"": 180, ""rebounce_block"": 0, ""sl_mult_lm"": 1.0, ""sl_mult_lr"": 4.1, ""sl_mult_sm"": 1.4, ""sl_mult_sr"": 2.4, ""time_stop"": 7, ""tp_mult_lm"": 5.2, ""tp_mult_lr"": 9.2, ""tp_mult_sm"": 6.9, ""tp_mult_sr"": 3.5, ""trail_mult"": 2.2, ""trail_tp"": true, ""use_trailing"": true}",{},
798,-1000000000.0,TrialState.COMPLETE,2026-04-01T02:21:14.028922,2026-04-01T02:21:14.070726,0.041804,"{""atr_window"": 18, ""bb_std_dev"": 2.2, ""bb_window"": 14, ""cooldown"": 2, ""macd_fast"": 13, ""macd_k"": 1.5, ""macd_k_mid"": 0.6, ""macd_signal"": 9, ""macd_slow"": 44, ""macd_std_window"": 70, ""rebalance_freq"": 90, ""rebounce_block"": 5, ""sl_mult_lm"": 1.15, ""sl_mult_lr"": 3.3, ""sl_mult_sm"": 1.2, ""sl_mult_sr"": 2.3, ""time_stop"": 29, ""tp_mult_lm"": 3.8, ""tp_mult_lr"": 8.4, ""tp_mult_sm"": 7.0, ""tp_mult_sr"": 3.1, ""trail_mult"": 3.8000000000000003, ""trail_tp"": false, ""use_trailing"": true}",{},
799,-1000000000.0,TrialState.COMPLETE,2026-04-01T02:21:14.104491,2026-04-01T02:21:14.142760,0.038269,"{""atr_window"": 20, ""bb_std_dev"": 2.25, ""bb_window"": 16, ""cooldown"": 1, ""macd_fast"": 15, ""macd_k"": 1.1, ""macd_k_mid"": 1.0, ""macd_signal"": 7, ""macd_slow"": 41, ""macd_std_window"": 98, ""rebalance_freq"": 30, ""rebounce_block"": 2, ""sl_mult_lm"": 1.3, ""sl_mult_lr"": 4.0, ""sl_mult_sm"": 1.9, ""sl_mult_sr"": 3.1, ""time_stop"": 8, ""tp_mult_lm"": 5.3, ""tp_mult_lr"": 9.6, ""tp_mult_sm"": 6.300000000000001, ""tp_mult_sr"": 4.5, ""trail_mult"": 1.9, ""trail_tp"": true, ""use_trailing"": true}",{},
800,-1000000000.0,TrialState.COMPLETE,2026-04-01T02:21:14.171186,2026-04-01T02:21:14.212237,0.041051,"{""atr_window"": 15, ""bb_std_dev"": 1.7999999999999998, ""bb_window"": 21, ""cooldown"": 4, ""macd_fast"": 14, ""macd_k"": 1.7000000000000002, ""macd_k_mid"": 0.7, ""macd_signal"": 10, ""macd_slow"": 43, ""macd_std_window"": 87, ""rebalance_freq"": 60, ""rebounce_block"": 3, ""sl_mult_lm"": 2.0, ""sl_mult_lr"": 4.800000000000001, ""sl_mult_sm"": 1.1, ""sl_mult_sr"": 3.0, ""time_stop"": 4, ""tp_mult_lm"": 6.0, ""tp_mult_lr"": 15.4, ""tp_mult_sm"": 5.9, ""tp_mult_sr"": 3.9, ""trail_mult"": 2.3, ""trail_tp"": false, ""use_trailing"": false}",{},
801,-1000000000.0,TrialState.COMPLETE,2026-04-01T02:21:14.244014,2026-04-01T02:21:16.800847,2.556833,"{""atr_window"": 16, ""bb_std_dev"": 2.4, ""bb_window"": 15, ""cooldown"": 3, ""macd_fast"": 17, ""macd_k"": 1.9, ""macd_k_mid"": 0.55, ""macd_signal"": 6, ""macd_slow"": 35, ""macd_std_window"": 92, ""rebalance_freq"": 120, ""rebounce_block"": 6, ""sl_mult_lm"": 2.05, ""sl_mult_lr"": 3.6, ""sl_mult_sm"": 1.65, ""sl_mult_sr"": 1.5, ""time_stop"": 26, ""tp_mult_lm"": 4.6, ""tp_mult_lr"": 11.2, ""tp_mult_sm"": 3.7, ""tp_mult_sr"": 3.3, ""trail_mult"": 2.1, ""trail_tp"": true, ""use_trailing"": true}",{},
802,-1000000000.0,TrialState.COMPLETE,2026-04-01T02:21:16.833600,2026-04-01T02:21:16.872160,0.03856,"{""atr_window"": 13, ""bb_std_dev"": 1.65, ""bb_window"": 17, ""cooldown"": 5, ""macd_fast"": 12, ""macd_k"": 1.15, ""macd_k_mid"": 0.95, ""macd_signal"": 9, ""macd_slow"": 40, ""macd_std_window"": 72, ""rebalance_freq"": 150, ""rebounce_block"": 4, ""sl_mult_lm"": 1.9, ""sl_mult_lr"": 4.4, ""sl_mult_sm"": 1.6, ""sl_mult_sr"": 1.9, ""time_stop"": 2, ""tp_mult_lm"": 4.7, ""tp_mult_lr"": 10.0, ""tp_mult_sm"": 4.8, ""tp_mult_sr"": 4.0, ""trail_mult"": 3.2, ""trail_tp"": false, ""use_trailing"": true}",{},
803,-1000000000.0,TrialState.COMPLETE,2026-04-01T02:21:16.905041,2026-04-01T02:21:16.943254,0.038213,"{""atr_window"": 14, ""bb_std_dev"": 2.35, ""bb_window"": 15, ""cooldown"": 0, ""macd_fast"": 16, ""macd_k"": 1.05, ""macd_k_mid"": 0.5, ""macd_signal"": 8, ""macd_slow"": 43, ""macd_std_window"": 85, ""rebalance_freq"": 180, ""rebounce_block"": 5, ""sl_mult_lm"": 2.2, ""sl_mult_lr"": 2.3, ""sl_mult_sm"": 1.05, ""sl_mult_sr"": 2.5, ""time_stop"": 19, ""tp_mult_lm"": 5.1, ""tp_mult_lr"": 12.600000000000001, ""tp_mult_sm"": 3.3, ""tp_mult_sr"": 5.7, ""trail_mult"": 3.1, ""trail_tp"": true, ""use_trailing"": true}",{},
804,-1000000000.0,TrialState.COMPLETE,2026-04-01T02:21:16.980354,2026-04-01T02:21:19.497060,2.516706,"{""atr_window"": 17, ""bb_std_dev"": 1.5999999999999999, ""bb_window"": 20, ""cooldown"": 1, ""macd_fast"": 20, ""macd_k"": 1.25, ""macd_k_mid"": 0.55, ""macd_signal"": 6, ""macd_slow"": 36, ""macd_std_window"": 89, ""rebalance_freq"": 30, ""rebounce_block"": 6, ""sl_mult_lm"": 1.9500000000000002, ""sl_mult_lr"": 2.4, ""sl_mult_sm"": 1.45, ""sl_mult_sr"": 1.6, ""time_stop"": 17, ""tp_mult_lm"": 5.7, ""tp_mult_lr"": 8.0, ""tp_mult_sm"": 6.4, ""tp_mult_sr"": 5.0, ""trail_mult"": 1.6, ""trail_tp"": false, ""use_trailing"": false}",{},
805,-1000000000.0,TrialState.COMPLETE,2026-04-01T02:21:19.524026,2026-04-01T02:21:19.557387,0.033361,"{""atr_window"": 20, ""bb_std_dev"": 1.5499999999999998, ""bb_window"": 14, ""cooldown"": 2, ""macd_fast"": 10, ""macd_k"": 1.2, ""macd_k_mid"": 0.6, ""macd_signal"": 9, ""macd_slow"": 42, ""macd_std_window"": 100, ""rebalance_freq"": 90, ""rebounce_block"": 2, ""sl_mult_lm"": 1.8, ""sl_mult_lr"": 2.6, ""sl_mult_sm"": 1.7000000000000002, ""sl_mult_sr"": 1.8, ""time_stop"": 1, ""tp_mult_lm"": 4.1, ""tp_mult_lr"": 10.8, ""tp_mult_sm"": 3.6, ""tp_mult_sr"": 3.8, ""trail_mult"": 1.8, ""trail_tp"": true, ""use_trailing"": true}",{},
806,-1000000000.0,TrialState.COMPLETE,2026-04-01T02:21:19.589368,2026-04-01T02:21:19.625066,0.035698,"{""atr_window"": 16, ""bb_std_dev"": 2.5, ""bb_window"": 23, ""cooldown"": 4, ""macd_fast"": 14, ""macd_k"": 1.65, ""macd_k_mid"": 0.65, ""macd_signal"": 7, ""macd_slow"": 41, ""macd_std_window"": 82, ""rebalance_freq"": 150, ""rebounce_block"": 3, ""sl_mult_lm"": 1.85, ""sl_mult_lr"": 2.4, ""sl_mult_sm"": 1.85, ""sl_mult_sr"": 1.5, ""time_stop"": 18, ""tp_mult_lm"": 5.6, ""tp_mult_lr"": 10.4, ""tp_mult_sm"": 5.1, ""tp_mult_sr"": 5.800000000000001, ""trail_mult"": 3.9000000000000004, ""trail_tp"": false, ""use_trailing"": true}",{},
807,-1000000000.0,TrialState.COMPLETE,2026-04-01T02:21:19.658775,2026-04-01T02:21:19.694979,0.036204,"{""atr_window"": 14, ""bb_std_dev"": 2.45, ""bb_window"": 25, ""cooldown"": 3, ""macd_fast"": 12, ""macd_k"": 1.35, ""macd_k_mid"": 0.6, ""macd_signal"": 8, ""macd_slow"": 37, ""macd_std_window"": 96, ""rebalance_freq"": 120, ""rebounce_block"": 5, ""sl_mult_lm"": 1.55, ""sl_mult_lr"": 2.2, ""sl_mult_sm"": 1.8, ""sl_mult_sr"": 2.7, ""time_stop"": 10, ""tp_mult_lm"": 4.4, ""tp_mult_lr"": 13.2, ""tp_mult_sm"": 4.4, ""tp_mult_sr"": 3.0, ""trail_mult"": 2.7, ""trail_tp"": true, ""use_trailing"": true}",{},
808,-1000000000.0,TrialState.COMPLETE,2026-04-01T02:21:19.732950,2026-04-01T02:21:22.239362,2.506412,"{""atr_window"": 12, ""bb_std_dev"": 2.05, ""bb_window"": 16, ""cooldown"": 1, ""macd_fast"": 19, ""macd_k"": 1.1, ""macd_k_mid"": 0.7, ""macd_signal"": 10, ""macd_slow"": 39, ""macd_std_window"": 70, ""rebalance_freq"": 180, ""rebounce_block"": 0, ""sl_mult_lm"": 1.65, ""sl_mult_lr"": 2.5, ""sl_mult_sm"": 1.3, ""sl_mult_sr"": 1.7, ""time_stop"": 27, ""tp_mult_lm"": 4.2, ""tp_mult_lr"": 11.4, ""tp_mult_sm"": 6.6, ""tp_mult_sr"": 5.6, ""trail_mult"": 3.7, ""trail_tp"": false, ""use_trailing"": false}",{},
809,-1000000000.0,TrialState.COMPLETE,2026-04-01T02:21:22.266069,2026-04-01T02:21:24.628075,2.362006,"{""atr_window"": 18, ""bb_std_dev"": 2.2, ""bb_window"": 18, ""cooldown"": 2, ""macd_fast"": 18, ""macd_k"": 2.0, ""macd_k_mid"": 0.55, ""macd_signal"": 5, ""macd_slow"": 38, ""macd_std_window"": 91, ""rebalance_freq"": 150, ""rebounce_block"": 4, ""sl_mult_lm"": 1.25, ""sl_mult_lr"": 2.1, ""sl_mult_sm"": 1.25, ""sl_mult_sr"": 2.1, ""time_stop"": 20, ""tp_mult_lm"": 3.7, ""tp_mult_lr"": 14.8, ""tp_mult_sm"": 3.4, ""tp_mult_sr"": 5.4, ""trail_mult"": 3.3, ""trail_tp"": true, ""use_trailing"": true}",{},
810,-1000000000.0,TrialState.COMPLETE,2026-04-01T02:21:24.659297,2026-04-01T02:21:24.695924,0.036627,"{""atr_window"": 19, ""bb_std_dev"": 1.7, ""bb_window"": 24, ""cooldown"": 0, ""macd_fast"": 13, ""macd_k"": 1.4, ""macd_k_mid"": 0.8, ""macd_signal"": 9, ""macd_slow"": 44, ""macd_std_window"": 77, ""rebalance_freq"": 90, ""rebounce_block"": 6, ""sl_mult_lm"": 1.75, ""sl_mult_lr"": 2.8, ""sl_mult_sm"": 1.0, ""sl_mult_sr"": 2.2, ""time_stop"": 0, ""tp_mult_lm"": 5.9, ""tp_mult_lr"": 13.0, ""tp_mult_sm"": 3.0, ""tp_mult_sr"": 3.9, ""trail_mult"": 2.0, ""trail_tp"": true, ""use_trailing"": true}",{},
811,-1000000000.0,TrialState.COMPLETE,2026-04-01T02:21:24.726854,2026-04-01T02:21:27.194793,2.467939,"{""atr_window"": 15, ""bb_std_dev"": 1.75, ""bb_window"": 14, ""cooldown"": 1, ""macd_fast"": 15, ""macd_k"": 1.45, ""macd_k_mid"": 0.55, ""macd_signal"": 8, ""macd_slow"": 35, ""macd_std_window"": 88, ""rebalance_freq"": 150, ""rebounce_block"": 1, ""sl_mult_lm"": 2.05, ""sl_mult_lr"": 2.2, ""sl_mult_sm"": 1.65, ""sl_mult_sr"": 2.0, ""time_stop"": 16, ""tp_mult_lm"": 4.8, ""tp_mult_lr"": 12.2, ""tp_mult_sm"": 4.6, ""tp_mult_sr"": 4.8, ""trail_mult"": 2.9000000000000004, ""trail_tp"": false, ""use_trailing"": false}",{},
812,-1000000000.0,TrialState.COMPLETE,2026-04-01T02:21:27.226135,2026-04-01T02:21:29.718756,2.492621,"{""atr_window"": 17, ""bb_std_dev"": 1.8499999999999999, ""bb_window"": 22, ""cooldown"": 3, ""macd_fast"": 20, ""macd_k"": 1.0, ""macd_k_mid"": 0.5, ""macd_signal"": 7, ""macd_slow"": 40, ""macd_std_window"": 90, ""rebalance_freq"": 180, ""rebounce_block"": 5, ""sl_mult_lm"": 2.0, ""sl_mult_lr"": 3.0, ""sl_mult_sm"": 1.75, ""sl_mult_sr"": 3.5, ""time_stop"": 13, ""tp_mult_lm"": 5.5, ""tp_mult_lr"": 12.0, ""tp_mult_sm"": 4.2, ""tp_mult_sr"": 4.1, ""trail_mult"": 2.4, ""trail_tp"": true, ""use_trailing"": true}",{},
813,-1000000000.0,TrialState.COMPLETE,2026-04-01T02:21:29.746678,2026-04-01T02:21:29.783549,0.036871,"{""atr_window"": 11, ""bb_std_dev"": 2.0, ""bb_window"": 17, ""cooldown"": 1, ""macd_fast"": 11, ""macd_k"": 1.3, ""macd_k_mid"": 0.75, ""macd_signal"": 8, ""macd_slow"": 36, ""macd_std_window"": 94, ""rebalance_freq"": 150, ""rebounce_block"": 3, ""sl_mult_lm"": 1.9, ""sl_mult_lr"": 2.3, ""sl_mult_sm"": 1.5, ""sl_mult_sr"": 1.6, ""time_stop"": 21, ""tp_mult_lm"": 3.5, ""tp_mult_lr"": 11.6, ""tp_mult_sm"": 3.8, ""tp_mult_sr"": 5.300000000000001, ""trail_mult"": 3.0, ""trail_tp"": false, ""use_trailing"": true}",{},
814,-1000000000.0,TrialState.COMPLETE,2026-04-01T02:21:29.813840,2026-04-01T02:21:29.855198,0.041358,"{""atr_window"": 13, ""bb_std_dev"": 2.35, ""bb_window"": 20, ""cooldown"": 2, ""macd_fast"": 16, ""macd_k"": 1.6, ""macd_k_mid"": 0.7, ""macd_signal"": 9, ""macd_slow"": 44, ""macd_std_window"": 97, ""rebalance_freq"": 60, ""rebounce_block"": 0, ""sl_mult_lm"": 1.45, ""sl_mult_lr"": 2.5, ""sl_mult_sm"": 1.6, ""sl_mult_sr"": 1.8, ""time_stop"": 14, ""tp_mult_lm"": 5.3, ""tp_mult_lr"": 12.4, ""tp_mult_sm"": 5.7, ""tp_mult_sr"": 6.5, ""trail_mult"": 2.2, ""trail_tp"": true, ""use_trailing"": true}",{},
815,-1000000000.0,TrialState.COMPLETE,2026-04-01T02:21:29.886746,2026-04-01T02:21:29.924732,0.037986,"{""atr_window"": 10, ""bb_std_dev"": 2.1, ""bb_window"": 15, ""cooldown"": 4, ""macd_fast"": 17, ""macd_k"": 1.55, ""macd_k_mid"": 0.65, ""macd_signal"": 9, ""macd_slow"": 43, ""macd_std_window"": 99, ""rebalance_freq"": 30, ""rebounce_block"": 2, ""sl_mult_lm"": 1.4, ""sl_mult_lr"": 3.2, ""sl_mult_sm"": 1.9, ""sl_mult_sr"": 2.1, ""time_stop"": 15, ""tp_mult_lm"": 5.0, ""tp_mult_lr"": 12.8, ""tp_mult_sm"": 4.5, ""tp_mult_sr"": 6.7, ""trail_mult"": 3.6, ""trail_tp"": false, ""use_trailing"": false}",{},
816,-1000000000.0,TrialState.COMPLETE,2026-04-01T02:21:29.957783,2026-04-01T02:21:30.001232,0.043449,"{""atr_window"": 20, ""bb_std_dev"": 2.15, ""bb_window"": 21, ""cooldown"": 5, ""macd_fast"": 15, ""macd_k"": 1.65, ""macd_k_mid"": 0.6, ""macd_signal"": 8, ""macd_slow"": 41, ""macd_std_window"": 81, ""rebalance_freq"": 120, ""rebounce_block"": 5, ""sl_mult_lm"": 1.0, ""sl_mult_lr"": 4.2, ""sl_mult_sm"": 1.15, ""sl_mult_sr"": 1.9, ""time_stop"": 9, ""tp_mult_lm"": 4.9, ""tp_mult_lr"": 10.6, ""tp_mult_sm"": 4.7, ""tp_mult_sr"": 5.9, ""trail_mult"": 1.7, ""trail_tp"": true, ""use_trailing"": true}",{},
817,-1000000000.0,TrialState.COMPLETE,2026-04-01T02:21:30.035269,2026-04-01T02:21:30.073154,0.037885,"{""atr_window"": 15, ""bb_std_dev"": 1.5, ""bb_window"": 14, ""cooldown"": 0, ""macd_fast"": 14, ""macd_k"": 1.8, ""macd_k_mid"": 0.55, ""macd_signal"": 10, ""macd_slow"": 42, ""macd_std_window"": 80, ""rebalance_freq"": 90, ""rebounce_block"": 4, ""sl_mult_lm"": 1.05, ""sl_mult_lr"": 2.7, ""sl_mult_sm"": 1.9500000000000002, ""sl_mult_sr"": 1.5, ""time_stop"": 5, ""tp_mult_lm"": 3.6, ""tp_mult_lr"": 11.8, ""tp_mult_sm"": 4.3, ""tp_mult_sr"": 6.2, ""trail_mult"": 3.1, ""trail_tp"": false, ""use_trailing"": true}",{},
818,-1000000000.0,TrialState.COMPLETE,2026-04-01T02:21:30.109570,2026-04-01T02:21:30.147188,0.037618,"{""atr_window"": 14, ""bb_std_dev"": 2.25, ""bb_window"": 16, ""cooldown"": 2, ""macd_fast"": 12, ""macd_k"": 1.05, ""macd_k_mid"": 0.5, ""macd_signal"": 7, ""macd_slow"": 37, ""macd_std_window"": 72, ""rebalance_freq"": 150, ""rebounce_block"": 6, ""sl_mult_lm"": 2.1500000000000004, ""sl_mult_lr"": 3.4000000000000004, ""sl_mult_sm"": 1.55, ""sl_mult_sr"": 2.8, ""time_stop"": 20, ""tp_mult_lm"": 5.2, ""tp_mult_lr"": 11.0, ""tp_mult_sm"": 3.6, ""tp_mult_sr"": 4.2, ""trail_mult"": 2.5, ""trail_tp"": true, ""use_trailing"": true}",{},
819,-1000000000.0,TrialState.COMPLETE,2026-04-01T02:21:30.181016,2026-04-01T02:21:30.220461,0.039445,"{""atr_window"": 16, ""bb_std_dev"": 2.5, ""bb_window"": 14, ""cooldown"": 0, ""macd_fast"": 14, ""macd_k"": 1.15, ""macd_k_mid"": 0.8500000000000001, ""macd_signal"": 6, ""macd_slow"": 44, ""macd_std_window"": 89, ""rebalance_freq"": 180, ""rebounce_block"": 3, ""sl_mult_lm"": 1.25, ""sl_mult_lr"": 2.9, ""sl_mult_sm"": 1.05, ""sl_mult_sr"": 1.7, ""time_stop"": 11, ""tp_mult_lm"": 5.1, ""tp_mult_lr"": 15.2, ""tp_mult_sm"": 4.0, ""tp_mult_sr"": 3.1, ""trail_mult"": 2.6, ""trail_tp"": false, ""use_trailing"": false}",{},
820,-1000000000.0,TrialState.COMPLETE,2026-04-01T02:21:30.253376,2026-04-01T02:21:30.292016,0.03864,"{""atr_window"": 18, ""bb_std_dev"": 2.3, ""bb_window"": 15, ""cooldown"": 1, ""macd_fast"": 10, ""macd_k"": 1.35, ""macd_k_mid"": 0.6, ""macd_signal"": 9, ""macd_slow"": 39, ""macd_std_window"": 73, ""rebalance_freq"": 120, ""rebounce_block"": 5, ""sl_mult_lm"": 1.3, ""sl_mult_lr"": 3.7, ""sl_mult_sm"": 1.7000000000000002, ""sl_mult_sr"": 3.2, ""time_stop"": 24, ""tp_mult_lm"": 5.4, ""tp_mult_lr"": 10.0, ""tp_mult_sm"": 3.1, ""tp_mult_sr"": 6.0, ""trail_mult"": 2.1, ""trail_tp"": true, ""use_trailing"": true}",{},
821,-1000000000.0,TrialState.COMPLETE,2026-04-01T02:21:30.322808,2026-04-01T02:21:32.860092,2.537284,"{""atr_window"": 20, ""bb_std_dev"": 2.45, ""bb_window"": 19, ""cooldown"": 3, ""macd_fast"": 18, ""macd_k"": 1.5, ""macd_k_mid"": 0.9, ""macd_signal"": 8, ""macd_slow"": 40, ""macd_std_window"": 93, ""rebalance_freq"": 150, ""rebounce_block"": 1, ""sl_mult_lm"": 1.1, ""sl_mult_lr"": 2.0, ""sl_mult_sm"": 1.8, ""sl_mult_sr"": 2.3, ""time_stop"": 30, ""tp_mult_lm"": 5.6, ""tp_mult_lr"": 13.8, ""tp_mult_sm"": 6.800000000000001, ""tp_mult_sr"": 4.7, ""trail_mult"": 3.2, ""trail_tp"": false, ""use_trailing"": true}",{},
822,-1000000000.0,TrialState.COMPLETE,2026-04-01T02:21:32.891878,2026-04-01T02:21:32.930215,0.038337,"{""atr_window"": 19, ""bb_std_dev"": 2.05, ""bb_window"": 17, ""cooldown"": 1, ""macd_fast"": 13, ""macd_k"": 1.1, ""macd_k_mid"": 0.55, ""macd_signal"": 10, ""macd_slow"": 43, ""macd_std_window"": 79, ""rebalance_freq"": 120, ""rebounce_block"": 2, ""sl_mult_lm"": 1.35, ""sl_mult_lr"": 2.3, ""sl_mult_sm"": 1.2, ""sl_mult_sr"": 1.6, ""time_stop"": 25, ""tp_mult_lm"": 3.8, ""tp_mult_lr"": 8.6, ""tp_mult_sm"": 6.2, ""tp_mult_sr"": 6.4, ""trail_mult"": 3.8000000000000003, ""trail_tp"": true, ""use_trailing"": false}",{},
823,-1000000000.0,TrialState.COMPLETE,2026-04-01T02:21:32.962281,2026-04-01T02:21:35.401638,2.439357,"{""atr_window"": 16, ""bb_std_dev"": 1.45, ""bb_window"": 23, ""cooldown"": 4, ""macd_fast"": 19, ""macd_k"": 1.9, ""macd_k_mid"": 0.7, ""macd_signal"": 7, ""macd_slow"": 38, ""macd_std_window"": 87, ""rebalance_freq"": 180, ""rebounce_block"": 0, ""sl_mult_lm"": 1.15, ""sl_mult_lr"": 4.6, ""sl_mult_sm"": 1.85, ""sl_mult_sr"": 3.4000000000000004, ""time_stop"": 16, ""tp_mult_lm"": 5.9, ""tp_mult_lr"": 9.6, ""tp_mult_sm"": 4.9, ""tp_mult_sr"": 4.3, ""trail_mult"": 2.2, ""trail_tp"": false, ""use_trailing"": true}",{},
824,-1000000000.0,TrialState.COMPLETE,2026-04-01T02:21:35.433238,2026-04-01T02:21:35.471428,0.03819,"{""atr_window"": 14, ""bb_std_dev"": 2.2, ""bb_window"": 14, ""cooldown"": 2, ""macd_fast"": 12, ""macd_k"": 1.25, ""macd_k_mid"": 0.65, ""macd_signal"": 8, ""macd_slow"": 41, ""macd_std_window"": 83, ""rebalance_freq"": 60, ""rebounce_block"": 6, ""sl_mult_lm"": 2.1, ""sl_mult_lr"": 2.4, ""sl_mult_sm"": 1.35, ""sl_mult_sr"": 2.2, ""time_stop"": 17, ""tp_mult_lm"": 4.0, ""tp_mult_lr"": 9.4, ""tp_mult_sm"": 6.0, ""tp_mult_sr"": 5.1, ""trail_mult"": 3.0, ""trail_tp"": true, ""use_trailing"": true}",{},
825,-1000000000.0,TrialState.COMPLETE,2026-04-01T02:21:35.502357,2026-04-01T02:21:35.556529,0.054172,"{""atr_window"": 17, ""bb_std_dev"": 1.95, ""bb_window"": 22, ""cooldown"": 5, ""macd_fast"": 11, ""macd_k"": 1.3, ""macd_k_mid"": 1.0, ""macd_signal"": 9, ""macd_slow"": 36, ""macd_std_window"": 95, ""rebalance_freq"": 30, ""rebounce_block"": 5, ""sl_mult_lm"": 1.7000000000000002, ""sl_mult_lr"": 4.9, ""sl_mult_sm"": 1.0, ""sl_mult_sr"": 2.5, ""time_stop"": 19, ""tp_mult_lm"": 5.7, ""tp_mult_lr"": 14.0, ""tp_mult_sm"": 3.9, ""tp_mult_sr"": 6.1, ""trail_mult"": 4.0, ""trail_tp"": false, ""use_trailing"": true}",{},
826,-1000000000.0,TrialState.COMPLETE,2026-04-01T02:21:35.591279,2026-04-01T02:21:38.113061,2.521782,"{""atr_window"": 15, ""bb_std_dev"": 2.4, ""bb_window"": 16, ""cooldown"": 0, ""macd_fast"": 20, ""macd_k"": 1.55, ""macd_k_mid"": 0.55, ""macd_signal"": 8, ""macd_slow"": 37, ""macd_std_window"": 86, ""rebalance_freq"": 90, ""rebounce_block"": 3, ""sl_mult_lm"": 1.5, ""sl_mult_lr"": 3.9000000000000004, ""sl_mult_sm"": 1.75, ""sl_mult_sr"": 2.9000000000000004, ""time_stop"": 22, ""tp_mult_lm"": 3.9, ""tp_mult_lr"": 10.2, ""tp_mult_sm"": 5.6, ""tp_mult_sr"": 5.6, ""trail_mult"": 2.3, ""trail_tp"": true, ""use_trailing"": false}",{},
827,-1000000000.0,TrialState.COMPLETE,2026-04-01T02:21:38.146046,2026-04-01T02:21:38.183766,0.03772,"{""atr_window"": 18, ""bb_std_dev"": 1.7999999999999998, ""bb_window"": 15, ""cooldown"": 1, ""macd_fast"": 16, ""macd_k"": 1.4, ""macd_k_mid"": 0.5, ""macd_signal"": 6, ""macd_slow"": 43, ""macd_std_window"": 71, ""rebalance_freq"": 150, ""rebounce_block"": 5, ""sl_mult_lm"": 1.2, ""sl_mult_lr"": 2.5, ""sl_mult_sm"": 1.1, ""sl_mult_sr"": 2.0, ""time_stop"": 6, ""tp_mult_lm"": 5.5, ""tp_mult_lr"": 14.2, ""tp_mult_sm"": 6.5, ""tp_mult_sr"": 6.6, ""trail_mult"": 3.4000000000000004, ""trail_tp"": false, ""use_trailing"": true}",{},
828,-1000000000.0,TrialState.COMPLETE,2026-04-01T02:21:38.218776,2026-04-01T02:21:40.775941,2.557165,"{""atr_window"": 12, ""bb_std_dev"": 2.15, ""bb_window"": 14, ""cooldown"": 2, ""macd_fast"": 13, ""macd_k"": 1.05, ""macd_k_mid"": 0.6, ""macd_signal"": 9, ""macd_slow"": 35, ""macd_std_window"": 74, ""rebalance_freq"": 180, ""rebounce_block"": 6, ""sl_mult_lm"": 1.6, ""sl_mult_lr"": 3.1, ""sl_mult_sm"": 1.25, ""sl_mult_sr"": 1.5, ""time_stop"": 18, ""tp_mult_lm"": 5.0, ""tp_mult_lr"": 12.600000000000001, ""tp_mult_sm"": 3.5, ""tp_mult_sr"": 4.9, ""trail_mult"": 2.0, ""trail_tp"": true, ""use_trailing"": true}",{},
829,-1000000000.0,TrialState.COMPLETE,2026-04-01T02:21:40.803551,2026-04-01T02:21:40.836829,0.033278,"{""atr_window"": 11, ""bb_std_dev"": 2.0, ""bb_window"": 20, ""cooldown"": 3, ""macd_fast"": 15, ""macd_k"": 1.15, ""macd_k_mid"": 0.75, ""macd_signal"": 8, ""macd_slow"": 40, ""macd_std_window"": 100, ""rebalance_freq"": 150, ""rebounce_block"": 1, ""sl_mult_lm"": 1.8, ""sl_mult_lr"": 2.1, ""sl_mult_sm"": 2.0, ""sl_mult_sr"": 2.1, ""time_stop"": 8, ""tp_mult_lm"": 6.0, ""tp_mult_lr"": 9.8, ""tp_mult_sm"": 6.4, ""tp_mult_sr"": 3.6, ""trail_mult"": 3.7, ""trail_tp"": false, ""use_trailing"": true}",{},
830,-1000000000.0,TrialState.COMPLETE,2026-04-01T02:21:40.869762,2026-04-01T02:21:40.910057,0.040295,"{""atr_window"": 13, ""bb_std_dev"": 1.9, ""bb_window"": 18, ""cooldown"": 2, ""macd_fast"": 14, ""macd_k"": 1.0, ""macd_k_mid"": 0.95, ""macd_signal"": 7, ""macd_slow"": 44, ""macd_std_window"": 84, ""rebalance_freq"": 30, ""rebounce_block"": 4, ""sl_mult_lm"": 1.85, ""sl_mult_lr"": 2.6, ""sl_mult_sm"": 1.65, ""sl_mult_sr"": 2.6, ""time_stop"": 15, ""tp_mult_lm"": 5.800000000000001, ""tp_mult_lr"": 15.8, ""tp_mult_sm"": 6.9, ""tp_mult_sr"": 3.2, ""trail_mult"": 3.6, ""trail_tp"": true, ""use_trailing"": false}",{},
