number,value,state,datetime_start,datetime_complete,duration_seconds,params_json,fold_sharpes_json,avg_cv_sharpe
520,-1000000000.0,TrialState.COMPLETE,2026-04-01T02:17:38.761793,2026-04-01T02:17:38.788120,0.026327,"{""atr_window"": 20, ""bb_std_dev"": 1.5, ""bb_window"": 17, ""cooldown"": 0, ""macd_fast"": 12, ""macd_k"": 1.2, ""macd_k_mid"": 0.9, ""macd_signal"": 8, ""macd_slow"": 44, ""macd_std_window"": 88, ""rebalance_freq"": 30, ""rebounce_block"": 6, ""sl_mult_lm"": 2.05, ""sl_mult_lr"": 4.2, ""sl_mult_sm"": 1.8, ""sl_mult_sr"": 1.8, ""time_stop"": 29, ""tp_mult_lm"": 5.2, ""tp_mult_lr"": 11.8, ""tp_mult_sm"": 6.4, ""tp_mult_sr"": 4.0, ""trail_mult"": 1.5, ""trail_tp"": false, ""use_trailing"": true}",{},
521,-1000000000.0,TrialState.COMPLETE,2026-04-01T02:17:38.817814,2026-04-01T02:17:38.851815,0.034001,"{""atr_window"": 13, ""bb_std_dev"": 1.8499999999999999, ""bb_window"": 14, ""cooldown"": 0, ""macd_fast"": 18, ""macd_k"": 1.25, ""macd_k_mid"": 0.5, ""macd_signal"": 9, ""macd_slow"": 42, ""macd_std_window"": 97, ""rebalance_freq"": 150, ""rebounce_block"": 4, ""sl_mult_lm"": 1.9500000000000002, ""sl_mult_lr"": 2.0, ""sl_mult_sm"": 1.6, ""sl_mult_sr"": 2.5, ""time_stop"": 5, ""tp_mult_lm"": 4.7, ""tp_mult_lr"": 12.8, ""tp_mult_sm"": 5.1, ""tp_mult_sr"": 6.800000000000001, ""trail_mult"": 3.4000000000000004, ""trail_tp"": false, ""use_trailing"": true}",{},
522,-1000000000.0,TrialState.COMPLETE,2026-04-01T02:17:38.886956,2026-04-01T02:17:38.918073,0.031117,"{""atr_window"": 15, ""bb_std_dev"": 2.4, ""bb_window"": 24, ""cooldown"": 5, ""macd_fast"": 10, ""macd_k"": 1.65, ""macd_k_mid"": 0.6, ""macd_signal"": 6, ""macd_slow"": 43, ""macd_std_window"": 80, ""rebalance_freq"": 120, ""rebounce_block"": 3, ""sl_mult_lm"": 2.1500000000000004, ""sl_mult_lr"": 2.4, ""sl_mult_sm"": 1.45, ""sl_mult_sr"": 2.2, ""time_stop"": 7, ""tp_mult_lm"": 3.6, ""tp_mult_lr"": 15.2, ""tp_mult_sm"": 3.8, ""tp_mult_sr"": 4.3, ""trail_mult"": 1.7, ""trail_tp"": true, ""use_trailing"": false}",{},
523,-1000000000.0,TrialState.COMPLETE,2026-04-01T02:17:38.949421,2026-04-01T02:17:38.981200,0.031779,"{""atr_window"": 18, ""bb_std_dev"": 2.5, ""bb_window"": 19, ""cooldown"": 2, ""macd_fast"": 11, ""macd_k"": 1.0, ""macd_k_mid"": 0.7, ""macd_signal"": 7, ""macd_slow"": 40, ""macd_std_window"": 90, ""rebalance_freq"": 180, ""rebounce_block"": 5, ""sl_mult_lm"": 1.7000000000000002, ""sl_mult_lr"": 4.4, ""sl_mult_sm"": 1.65, ""sl_mult_sr"": 3.0, ""time_stop"": 18, ""tp_mult_lm"": 6.0, ""tp_mult_lr"": 12.2, ""tp_mult_sm"": 3.2, ""tp_mult_sr"": 6.9, ""trail_mult"": 2.0, ""trail_tp"": false, ""use_trailing"": true}",{},
524,-1000000000.0,TrialState.COMPLETE,2026-04-01T02:17:39.018972,2026-04-01T02:17:39.049117,0.030145,"{""atr_window"": 14, ""bb_std_dev"": 1.7, ""bb_window"": 20, ""cooldown"": 1, ""macd_fast"": 15, ""macd_k"": 1.5, ""macd_k_mid"": 0.55, ""macd_signal"": 9, ""macd_slow"": 43, ""macd_std_window"": 96, ""rebalance_freq"": 150, ""rebounce_block"": 0, ""sl_mult_lm"": 1.8, ""sl_mult_lr"": 2.5, ""sl_mult_sm"": 1.9500000000000002, ""sl_mult_sr"": 1.7, ""time_stop"": 20, ""tp_mult_lm"": 5.9, ""tp_mult_lr"": 9.0, ""tp_mult_sm"": 6.1, ""tp_mult_sr"": 5.300000000000001, ""trail_mult"": 2.8, ""trail_tp"": true, ""use_trailing"": true}",{},
525,-1000000000.0,TrialState.COMPLETE,2026-04-01T02:17:39.082706,2026-04-01T02:17:41.647601,2.564895,"{""atr_window"": 16, ""bb_std_dev"": 1.5499999999999998, ""bb_window"": 15, ""cooldown"": 3, ""macd_fast"": 20, ""macd_k"": 1.45, ""macd_k_mid"": 0.65, ""macd_signal"": 8, ""macd_slow"": 41, ""macd_std_window"": 81, ""rebalance_freq"": 90, ""rebounce_block"": 6, ""sl_mult_lm"": 1.85, ""sl_mult_lr"": 2.8, ""sl_mult_sm"": 1.7000000000000002, ""sl_mult_sr"": 1.5, ""time_stop"": 27, ""tp_mult_lm"": 5.7, ""tp_mult_lr"": 15.600000000000001, ""tp_mult_sm"": 6.7, ""tp_mult_sr"": 5.2, ""trail_mult"": 2.1, ""trail_tp"": false, ""use_trailing"": true}",{},
526,-1000000000.0,TrialState.COMPLETE,2026-04-01T02:17:41.677558,2026-04-01T02:17:44.207165,2.529607,"{""atr_window"": 12, ""bb_std_dev"": 1.65, ""bb_window"": 16, ""cooldown"": 1, ""macd_fast"": 17, ""macd_k"": 2.0, ""macd_k_mid"": 0.6, ""macd_signal"": 10, ""macd_slow"": 37, ""macd_std_window"": 91, ""rebalance_freq"": 30, ""rebounce_block"": 2, ""sl_mult_lm"": 1.3, ""sl_mult_lr"": 3.1, ""sl_mult_sm"": 1.35, ""sl_mult_sr"": 2.0, ""time_stop"": 14, ""tp_mult_lm"": 5.6, ""tp_mult_lr"": 8.8, ""tp_mult_sm"": 6.9, ""tp_mult_sr"": 6.300000000000001, ""trail_mult"": 2.3, ""trail_tp"": true, ""use_trailing"": false}",{},
527,-1000000000.0,TrialState.COMPLETE,2026-04-01T02:17:44.234533,2026-04-01T02:17:46.749034,2.514501,"{""atr_window"": 17, ""bb_std_dev"": 1.8499999999999999, ""bb_window"": 14, ""cooldown"": 4, ""macd_fast"": 16, ""macd_k"": 1.05, ""macd_k_mid"": 1.0, ""macd_signal"": 7, ""macd_slow"": 38, ""macd_std_window"": 72, ""rebalance_freq"": 180, ""rebounce_block"": 4, ""sl_mult_lm"": 1.15, ""sl_mult_lr"": 3.4000000000000004, ""sl_mult_sm"": 1.8, ""sl_mult_sr"": 1.9, ""time_stop"": 25, ""tp_mult_lm"": 5.1, ""tp_mult_lr"": 14.2, ""tp_mult_sm"": 5.7, ""tp_mult_sr"": 5.7, ""trail_mult"": 3.0, ""trail_tp"": false, ""use_trailing"": true}",{},
528,-1000000000.0,TrialState.COMPLETE,2026-04-01T02:17:46.774325,2026-04-01T02:17:46.801186,0.026861,"{""atr_window"": 14, ""bb_std_dev"": 2.15, ""bb_window"": 16, ""cooldown"": 2, ""macd_fast"": 12, ""macd_k"": 1.4, ""macd_k_mid"": 0.7, ""macd_signal"": 8, ""macd_slow"": 35, ""macd_std_window"": 87, ""rebalance_freq"": 60, ""rebounce_block"": 5, ""sl_mult_lm"": 1.0, ""sl_mult_lr"": 2.5, ""sl_mult_sm"": 1.75, ""sl_mult_sr"": 2.6, ""time_stop"": 9, ""tp_mult_lm"": 5.5, ""tp_mult_lr"": 8.4, ""tp_mult_sm"": 3.4, ""tp_mult_sr"": 4.9, ""trail_mult"": 3.1, ""trail_tp"": true, ""use_trailing"": true}",{},
529,-1000000000.0,TrialState.COMPLETE,2026-04-01T02:17:46.831777,2026-04-01T02:17:46.861559,0.029782,"{""atr_window"": 20, ""bb_std_dev"": 2.35, ""bb_window"": 15, ""cooldown"": 4, ""macd_fast"": 13, ""macd_k"": 1.35, ""macd_k_mid"": 0.5, ""macd_signal"": 6, ""macd_slow"": 36, ""macd_std_window"": 98, ""rebalance_freq"": 150, ""rebounce_block"": 6, ""sl_mult_lm"": 1.9, ""sl_mult_lr"": 3.7, ""sl_mult_sm"": 1.6, ""sl_mult_sr"": 1.6, ""time_stop"": 3, ""tp_mult_lm"": 5.4, ""tp_mult_lr"": 10.2, ""tp_mult_sm"": 5.4, ""tp_mult_sr"": 4.5, ""trail_mult"": 1.9, ""trail_tp"": false, ""use_trailing"": true}",{},
530,-1000000000.0,TrialState.COMPLETE,2026-04-01T02:17:46.891167,2026-04-01T02:17:49.534611,2.643444,"{""atr_window"": 10, ""bb_std_dev"": 1.75, ""bb_window"": 18, ""cooldown"": 5, ""macd_fast"": 19, ""macd_k"": 1.6, ""macd_k_mid"": 0.55, ""macd_signal"": 9, ""macd_slow"": 40, ""macd_std_window"": 75, ""rebalance_freq"": 120, ""rebounce_block"": 2, ""sl_mult_lm"": 1.45, ""sl_mult_lr"": 2.3, ""sl_mult_sm"": 1.5, ""sl_mult_sr"": 2.2, ""time_stop"": 23, ""tp_mult_lm"": 5.3, ""tp_mult_lr"": 10.6, ""tp_mult_sm"": 4.9, ""tp_mult_sr"": 3.7, ""trail_mult"": 3.3, ""trail_tp"": true, ""use_trailing"": false}",{},
531,-1000000000.0,TrialState.COMPLETE,2026-04-01T02:17:49.565305,2026-04-01T02:17:49.604650,0.039345,"{""atr_window"": 11, ""bb_std_dev"": 1.9, ""bb_window"": 23, ""cooldown"": 0, ""macd_fast"": 14, ""macd_k"": 1.15, ""macd_k_mid"": 0.9, ""macd_signal"": 8, ""macd_slow"": 39, ""macd_std_window"": 71, ""rebalance_freq"": 30, ""rebounce_block"": 1, ""sl_mult_lm"": 2.2, ""sl_mult_lr"": 2.4, ""sl_mult_sm"": 1.85, ""sl_mult_sr"": 2.1, ""time_stop"": 22, ""tp_mult_lm"": 5.0, ""tp_mult_lr"": 13.600000000000001, ""tp_mult_sm"": 6.2, ""tp_mult_sr"": 5.800000000000001, ""trail_mult"": 3.2, ""trail_tp"": false, ""use_trailing"": true}",{},
532,-1000000000.0,TrialState.COMPLETE,2026-04-01T02:17:49.636230,2026-04-01T02:17:49.667087,0.030857,"{""atr_window"": 16, ""bb_std_dev"": 2.25, ""bb_window"": 14, ""cooldown"": 3, ""macd_fast"": 15, ""macd_k"": 1.25, ""macd_k_mid"": 0.8, ""macd_signal"": 7, ""macd_slow"": 43, ""macd_std_window"": 83, ""rebalance_freq"": 180, ""rebounce_block"": 5, ""sl_mult_lm"": 1.55, ""sl_mult_lr"": 2.7, ""sl_mult_sm"": 1.9, ""sl_mult_sr"": 1.5, ""time_stop"": 21, ""tp_mult_lm"": 4.6, ""tp_mult_lr"": 10.8, ""tp_mult_sm"": 4.3, ""tp_mult_sr"": 6.2, ""trail_mult"": 3.1, ""trail_tp"": true, ""use_trailing"": true}",{},
533,-1000000000.0,TrialState.COMPLETE,2026-04-01T02:17:49.695555,2026-04-01T02:17:52.229446,2.533891,"{""atr_window"": 15, ""bb_std_dev"": 1.7999999999999998, ""bb_window"": 17, ""cooldown"": 1, ""macd_fast"": 20, ""macd_k"": 1.1, ""macd_k_mid"": 0.65, ""macd_signal"": 9, ""macd_slow"": 42, ""macd_std_window"": 92, ""rebalance_freq"": 150, ""rebounce_block"": 3, ""sl_mult_lm"": 1.35, ""sl_mult_lr"": 4.9, ""sl_mult_sm"": 1.65, ""sl_mult_sr"": 3.5, ""time_stop"": 28, ""tp_mult_lm"": 4.3, ""tp_mult_lr"": 11.0, ""tp_mult_sm"": 3.4, ""tp_mult_sr"": 6.0, ""trail_mult"": 2.2, ""trail_tp"": false, ""use_trailing"": true}",{},
534,-1000000000.0,TrialState.COMPLETE,2026-04-01T02:17:52.260562,2026-04-01T02:17:52.290149,0.029587,"{""atr_window"": 18, ""bb_std_dev"": 2.05, ""bb_window"": 25, ""cooldown"": 2, ""macd_fast"": 16, ""macd_k"": 1.15, ""macd_k_mid"": 0.6, ""macd_signal"": 5, ""macd_slow"": 44, ""macd_std_window"": 99, ""rebalance_freq"": 60, ""rebounce_block"": 6, ""sl_mult_lm"": 1.9500000000000002, ""sl_mult_lr"": 3.5, ""sl_mult_sm"": 1.55, ""sl_mult_sr"": 2.3, ""time_stop"": 10, ""tp_mult_lm"": 4.4, ""tp_mult_lr"": 14.0, ""tp_mult_sm"": 3.8, ""tp_mult_sr"": 3.8, ""trail_mult"": 3.0, ""trail_tp"": true, ""use_trailing"": false}",{},
535,-1000000000.0,TrialState.COMPLETE,2026-04-01T02:17:52.320603,2026-04-01T02:17:52.351381,0.030778,"{""atr_window"": 19, ""bb_std_dev"": 2.0, ""bb_window"": 14, ""cooldown"": 3, ""macd_fast"": 18, ""macd_k"": 1.5, ""macd_k_mid"": 0.8500000000000001, ""macd_signal"": 10, ""macd_slow"": 41, ""macd_std_window"": 94, ""rebalance_freq"": 90, ""rebounce_block"": 0, ""sl_mult_lm"": 1.5, ""sl_mult_lr"": 2.6, ""sl_mult_sm"": 1.4, ""sl_mult_sr"": 1.8, ""time_stop"": 12, ""tp_mult_lm"": 5.2, ""tp_mult_lr"": 13.0, ""tp_mult_sm"": 3.1, ""tp_mult_sr"": 6.1, ""trail_mult"": 1.8, ""trail_tp"": false, ""use_trailing"": true}",{},
536,-1000000000.0,TrialState.COMPLETE,2026-04-01T02:17:52.380467,2026-04-01T02:17:52.410736,0.030269,"{""atr_window"": 13, ""bb_std_dev"": 2.25, ""bb_window"": 14, ""cooldown"": 1, ""macd_fast"": 10, ""macd_k"": 1.9500000000000002, ""macd_k_mid"": 0.55, ""macd_signal"": 7, ""macd_slow"": 44, ""macd_std_window"": 89, ""rebalance_freq"": 120, ""rebounce_block"": 5, ""sl_mult_lm"": 1.85, ""sl_mult_lr"": 3.2, ""sl_mult_sm"": 1.2, ""sl_mult_sr"": 2.7, ""time_stop"": 9, ""tp_mult_lm"": 3.8, ""tp_mult_lr"": 11.4, ""tp_mult_sm"": 6.0, ""tp_mult_sr"": 4.6, ""trail_mult"": 3.6, ""trail_tp"": true, ""use_trailing"": true}",{},
537,-1000000000.0,TrialState.COMPLETE,2026-04-01T02:17:52.439995,2026-04-01T02:17:52.469328,0.029333,"{""atr_window"": 20, ""bb_std_dev"": 2.3, ""bb_window"": 22, ""cooldown"": 2, ""macd_fast"": 13, ""macd_k"": 1.2, ""macd_k_mid"": 0.75, ""macd_signal"": 8, ""macd_slow"": 36, ""macd_std_window"": 93, ""rebalance_freq"": 180, ""rebounce_block"": 4, ""sl_mult_lm"": 1.4, ""sl_mult_lr"": 2.5, ""sl_mult_sm"": 1.9500000000000002, ""sl_mult_sr"": 1.7, ""time_stop"": 16, ""tp_mult_lm"": 4.8, ""tp_mult_lr"": 12.4, ""tp_mult_sm"": 6.5, ""tp_mult_sr"": 3.9, ""trail_mult"": 2.7, ""trail_tp"": false, ""use_trailing"": false}",{},
538,-1000000000.0,TrialState.COMPLETE,2026-04-01T02:17:52.499136,2026-04-01T02:17:54.928267,2.429131,"{""atr_window"": 14, ""bb_std_dev"": 2.45, ""bb_window"": 20, ""cooldown"": 0, ""macd_fast"": 17, ""macd_k"": 1.55, ""macd_k_mid"": 0.5, ""macd_signal"": 9, ""macd_slow"": 37, ""macd_std_window"": 85, ""rebalance_freq"": 150, ""rebounce_block"": 3, ""sl_mult_lm"": 1.2, ""sl_mult_lr"": 2.1, ""sl_mult_sm"": 1.25, ""sl_mult_sr"": 2.0, ""time_stop"": 30, ""tp_mult_lm"": 4.1, ""tp_mult_lr"": 10.0, ""tp_mult_sm"": 6.300000000000001, ""tp_mult_sr"": 3.5, ""trail_mult"": 2.1, ""trail_tp"": true, ""use_trailing"": true}",{},
539,-1000000000.0,TrialState.COMPLETE,2026-04-01T02:17:54.954457,2026-04-01T02:17:54.984814,0.030357,"{""atr_window"": 16, ""bb_std_dev"": 1.5999999999999999, ""bb_window"": 16, ""cooldown"": 3, ""macd_fast"": 11, ""macd_k"": 1.3, ""macd_k_mid"": 0.7, ""macd_signal"": 8, ""macd_slow"": 40, ""macd_std_window"": 96, ""rebalance_freq"": 90, ""rebounce_block"": 6, ""sl_mult_lm"": 1.65, ""sl_mult_lr"": 2.6, ""sl_mult_sm"": 2.0, ""sl_mult_sr"": 1.6, ""time_stop"": 19, ""tp_mult_lm"": 6.0, ""tp_mult_lr"": 13.2, ""tp_mult_sm"": 4.7, ""tp_mult_sr"": 4.2, ""trail_mult"": 2.3, ""trail_tp"": false, ""use_trailing"": true}",{},
540,-1000000000.0,TrialState.COMPLETE,2026-04-01T02:17:55.024469,2026-04-01T02:17:55.057429,0.03296,"{""atr_window"": 15, ""bb_std_dev"": 1.75, ""bb_window"": 15, ""cooldown"": 4, ""macd_fast"": 12, ""macd_k"": 1.0, ""macd_k_mid"": 0.55, ""macd_signal"": 10, ""macd_slow"": 39, ""macd_std_window"": 73, ""rebalance_freq"": 150, ""rebounce_block"": 2, ""sl_mult_lm"": 1.3, ""sl_mult_lr"": 2.2, ""sl_mult_sm"": 1.05, ""sl_mult_sr"": 2.1, ""time_stop"": 20, ""tp_mult_lm"": 5.3, ""tp_mult_lr"": 13.8, ""tp_mult_sm"": 3.3, ""tp_mult_sr"": 5.0, ""trail_mult"": 2.0, ""trail_tp"": true, ""use_trailing"": true}",{},
541,-1000000000.0,TrialState.COMPLETE,2026-04-01T02:17:55.089569,2026-04-01T02:17:55.118983,0.029414,"{""atr_window"": 17, ""bb_std_dev"": 1.95, ""bb_window"": 17, ""cooldown"": 1, ""macd_fast"": 14, ""macd_k"": 1.1, ""macd_k_mid"": 0.6, ""macd_signal"": 6, ""macd_slow"": 38, ""macd_std_window"": 82, ""rebalance_freq"": 30, ""rebounce_block"": 5, ""sl_mult_lm"": 1.25, ""sl_mult_lr"": 3.0, ""sl_mult_sm"": 1.7000000000000002, ""sl_mult_sr"": 2.2, ""time_stop"": 15, ""tp_mult_lm"": 5.7, ""tp_mult_lr"": 8.0, ""tp_mult_sm"": 3.0, ""tp_mult_sr"": 4.8, ""trail_mult"": 2.2, ""trail_tp"": false, ""use_trailing"": false}",{},
542,-1000000000.0,TrialState.COMPLETE,2026-04-01T02:17:55.148467,2026-04-01T02:17:55.178337,0.02987,"{""atr_window"": 12, ""bb_std_dev"": 1.7, ""bb_window"": 21, ""cooldown"": 2, ""macd_fast"": 15, ""macd_k"": 1.9, ""macd_k_mid"": 0.95, ""macd_signal"": 8, ""macd_slow"": 43, ""macd_std_window"": 71, ""rebalance_freq"": 180, ""rebounce_block"": 3, ""sl_mult_lm"": 1.1, ""sl_mult_lr"": 2.9, ""sl_mult_sm"": 1.35, ""sl_mult_sr"": 2.5, ""time_stop"": 8, ""tp_mult_lm"": 3.7, ""tp_mult_lr"": 13.4, ""tp_mult_sm"": 7.0, ""tp_mult_sr"": 5.6, ""trail_mult"": 3.7, ""trail_tp"": true, ""use_trailing"": true}",{},
543,-1000000000.0,TrialState.COMPLETE,2026-04-01T02:17:55.209664,2026-04-01T02:17:57.804345,2.594681,"{""atr_window"": 18, ""bb_std_dev"": 2.4, ""bb_window"": 15, ""cooldown"": 5, ""macd_fast"": 13, ""macd_k"": 1.65, ""macd_k_mid"": 0.7, ""macd_signal"": 7, ""macd_slow"": 35, ""macd_std_window"": 77, ""rebalance_freq"": 60, ""rebounce_block"": 0, ""sl_mult_lm"": 1.0, ""sl_mult_lr"": 4.7, ""sl_mult_sm"": 1.75, ""sl_mult_sr"": 3.4000000000000004, ""time_stop"": 18, ""tp_mult_lm"": 4.9, ""tp_mult_lr"": 9.8, ""tp_mult_sm"": 4.2, ""tp_mult_sr"": 6.7, ""trail_mult"": 1.6, ""trail_tp"": false, ""use_trailing"": true}",{},
544,-1000000000.0,TrialState.COMPLETE,2026-04-01T02:17:57.836190,2026-04-01T02:17:57.867302,0.031112,"{""atr_window"": 13, ""bb_std_dev"": 2.1, ""bb_window"": 14, ""cooldown"": 0, ""macd_fast"": 16, ""macd_k"": 1.8, ""macd_k_mid"": 0.5, ""macd_signal"": 9, ""macd_slow"": 44, ""macd_std_window"": 95, ""rebalance_freq"": 120, ""rebounce_block"": 4, ""sl_mult_lm"": 2.0, ""sl_mult_lr"": 4.1, ""sl_mult_sm"": 1.45, ""sl_mult_sr"": 1.9, ""time_stop"": 13, ""tp_mult_lm"": 4.2, ""tp_mult_lr"": 10.2, ""tp_mult_sm"": 3.5, ""tp_mult_sr"": 3.0, ""trail_mult"": 2.8, ""trail_tp"": true, ""use_trailing"": true}",{},
545,-1000000000.0,TrialState.COMPLETE,2026-04-01T02:17:57.896860,2026-04-01T02:17:57.936158,0.039298,"{""atr_window"": 14, ""bb_std_dev"": 2.2, ""bb_window"": 19, ""cooldown"": 4, ""macd_fast"": 12, ""macd_k"": 1.75, ""macd_k_mid"": 0.65, ""macd_signal"": 7, ""macd_slow"": 41, ""macd_std_window"": 100, ""rebalance_freq"": 150, ""rebounce_block"": 6, ""sl_mult_lm"": 1.75, ""sl_mult_lr"": 2.4, ""sl_mult_sm"": 1.8, ""sl_mult_sr"": 1.5, ""time_stop"": 0, ""tp_mult_lm"": 5.5, ""tp_mult_lr"": 11.6, ""tp_mult_sm"": 6.7, ""tp_mult_sr"": 6.4, ""trail_mult"": 1.7, ""trail_tp"": false, ""use_trailing"": false}",{},
546,-1000000000.0,TrialState.COMPLETE,2026-04-01T02:17:57.965717,2026-04-01T02:18:00.509418,2.543701,"{""atr_window"": 15, ""bb_std_dev"": 2.35, ""bb_window"": 18, ""cooldown"": 1, ""macd_fast"": 20, ""macd_k"": 1.45, ""macd_k_mid"": 0.55, ""macd_signal"": 6, ""macd_slow"": 40, ""macd_std_window"": 72, ""rebalance_freq"": 90, ""rebounce_block"": 1, ""sl_mult_lm"": 1.2, ""sl_mult_lr"": 2.3, ""sl_mult_sm"": 1.9, ""sl_mult_sr"": 2.9000000000000004, ""time_stop"": 4, ""tp_mult_lm"": 5.9, ""tp_mult_lr"": 9.6, ""tp_mult_sm"": 5.6, ""tp_mult_sr"": 5.2, ""trail_mult"": 3.8000000000000003, ""trail_tp"": true, ""use_trailing"": true}",{},
547,-1000000000.0,TrialState.COMPLETE,2026-04-01T02:18:00.544534,2026-04-01T02:18:00.575338,0.030804,"{""atr_window"": 16, ""bb_std_dev"": 2.5, ""bb_window"": 23, ""cooldown"": 2, ""macd_fast"": 14, ""macd_k"": 1.05, ""macd_k_mid"": 0.6, ""macd_signal"": 8, ""macd_slow"": 42, ""macd_std_window"": 88, ""rebalance_freq"": 120, ""rebounce_block"": 5, ""sl_mult_lm"": 1.7000000000000002, ""sl_mult_lr"": 4.4, ""sl_mult_sm"": 1.6, ""sl_mult_sr"": 2.6, ""time_stop"": 14, ""tp_mult_lm"": 4.7, ""tp_mult_lr"": 14.8, ""tp_mult_sm"": 3.7, ""tp_mult_sr"": 3.4, ""trail_mult"": 3.2, ""trail_tp"": false, ""use_trailing"": true}",{},
548,-1000000000.0,TrialState.COMPLETE,2026-04-01T02:18:00.604928,2026-04-01T02:18:00.641286,0.036358,"{""atr_window"": 20, ""bb_std_dev"": 2.3, ""bb_window"": 24, ""cooldown"": 3, ""macd_fast"": 10, ""macd_k"": 1.35, ""macd_k_mid"": 0.8, ""macd_signal"": 9, ""macd_slow"": 43, ""macd_std_window"": 92, ""rebalance_freq"": 150, ""rebounce_block"": 5, ""sl_mult_lm"": 2.1, ""sl_mult_lr"": 2.8, ""sl_mult_sm"": 1.85, ""sl_mult_sr"": 2.4, ""time_stop"": 24, ""tp_mult_lm"": 5.6, ""tp_mult_lr"": 9.4, ""tp_mult_sm"": 4.5, ""tp_mult_sr"": 3.6, ""trail_mult"": 2.9000000000000004, ""trail_tp"": false, ""use_trailing"": true}",{},
549,-1000000000.0,TrialState.COMPLETE,2026-04-01T02:18:00.671770,2026-04-01T02:18:03.243468,2.571698,"{""atr_window"": 11, ""bb_std_dev"": 2.2, ""bb_window"": 14, ""cooldown"": 1, ""macd_fast"": 17, ""macd_k"": 1.15, ""macd_k_mid"": 0.6, ""macd_signal"": 8, ""macd_slow"": 37, ""macd_std_window"": 90, ""rebalance_freq"": 180, ""rebounce_block"": 6, ""sl_mult_lm"": 1.9, ""sl_mult_lr"": 2.0, ""sl_mult_sm"": 1.3, ""sl_mult_sr"": 1.6, ""time_stop"": 22, ""tp_mult_lm"": 5.4, ""tp_mult_lr"": 12.2, ""tp_mult_sm"": 5.800000000000001, ""tp_mult_sr"": 5.1, ""trail_mult"": 1.9, ""trail_tp"": true, ""use_trailing"": false}",{},
550,-1000000000.0,TrialState.COMPLETE,2026-04-01T02:18:03.279222,2026-04-01T02:18:03.312979,0.033757,"{""atr_window"": 17, ""bb_std_dev"": 2.15, ""bb_window"": 16, ""cooldown"": 0, ""macd_fast"": 19, ""macd_k"": 1.0, ""macd_k_mid"": 0.8500000000000001, ""macd_signal"": 9, ""macd_slow"": 44, ""macd_std_window"": 86, ""rebalance_freq"": 120, ""rebounce_block"": 3, ""sl_mult_lm"": 1.05, ""sl_mult_lr"": 2.5, ""sl_mult_sm"": 1.15, ""sl_mult_sr"": 1.8, ""time_stop"": 17, ""tp_mult_lm"": 3.9, ""tp_mult_lr"": 10.4, ""tp_mult_sm"": 5.300000000000001, ""tp_mult_sr"": 3.2, ""trail_mult"": 2.6, ""trail_tp"": false, ""use_trailing"": true}",{},
551,-1000000000.0,TrialState.COMPLETE,2026-04-01T02:18:03.349049,2026-04-01T02:18:05.809403,2.460354,"{""atr_window"": 14, ""bb_std_dev"": 2.45, ""bb_window"": 14, ""cooldown"": 2, ""macd_fast"": 16, ""macd_k"": 1.55, ""macd_k_mid"": 0.7, ""macd_signal"": 10, ""macd_slow"": 36, ""macd_std_window"": 79, ""rebalance_freq"": 60, ""rebounce_block"": 4, ""sl_mult_lm"": 2.05, ""sl_mult_lr"": 2.6, ""sl_mult_sm"": 1.55, ""sl_mult_sr"": 3.2, ""time_stop"": 7, ""tp_mult_lm"": 5.800000000000001, ""tp_mult_lr"": 16.8, ""tp_mult_sm"": 4.0, ""tp_mult_sr"": 4.0, ""trail_mult"": 3.5, ""trail_tp"": true, ""use_trailing"": true}",{},
552,-1000000000.0,TrialState.COMPLETE,2026-04-01T02:18:05.839729,2026-04-01T02:18:05.870879,0.03115,"{""atr_window"": 19, ""bb_std_dev"": 2.05, ""bb_window"": 15, ""cooldown"": 5, ""macd_fast"": 18, ""macd_k"": 1.4, ""macd_k_mid"": 0.9, ""macd_signal"": 5, ""macd_slow"": 41, ""macd_std_window"": 81, ""rebalance_freq"": 180, ""rebounce_block"": 2, ""sl_mult_lm"": 1.6, ""sl_mult_lr"": 2.7, ""sl_mult_sm"": 1.65, ""sl_mult_sr"": 1.7, ""time_stop"": 2, ""tp_mult_lm"": 5.1, ""tp_mult_lr"": 12.0, ""tp_mult_sm"": 6.6, ""tp_mult_sr"": 3.8, ""trail_mult"": 3.9000000000000004, ""trail_tp"": false, ""use_trailing"": false}",{},
553,-1000000000.0,TrialState.COMPLETE,2026-04-01T02:18:05.901650,2026-04-01T02:18:05.931780,0.03013,"{""atr_window"": 18, ""bb_std_dev"": 2.5, ""bb_window"": 20, ""cooldown"": 4, ""macd_fast"": 15, ""macd_k"": 1.7000000000000002, ""macd_k_mid"": 0.55, ""macd_signal"": 7, ""macd_slow"": 38, ""macd_std_window"": 84, ""rebalance_freq"": 30, ""rebounce_block"": 0, ""sl_mult_lm"": 1.35, ""sl_mult_lr"": 3.1, ""sl_mult_sm"": 1.1, ""sl_mult_sr"": 2.0, ""time_stop"": 23, ""tp_mult_lm"": 4.4, ""tp_mult_lr"": 11.8, ""tp_mult_sm"": 4.6, ""tp_mult_sr"": 5.9, ""trail_mult"": 2.1, ""trail_tp"": true, ""use_trailing"": true}",{},
554,-1000000000.0,TrialState.COMPLETE,2026-04-01T02:18:05.975797,2026-04-01T02:18:06.009032,0.033235,"{""atr_window"": 16, ""bb_std_dev"": 1.7, ""bb_window"": 17, ""cooldown"": 1, ""macd_fast"": 12, ""macd_k"": 1.5, ""macd_k_mid"": 0.65, ""macd_signal"": 8, ""macd_slow"": 43, ""macd_std_window"": 98, ""rebalance_freq"": 150, ""rebounce_block"": 5, ""sl_mult_lm"": 1.25, ""sl_mult_lr"": 3.8, ""sl_mult_sm"": 1.0, ""sl_mult_sr"": 1.5, ""time_stop"": 1, ""tp_mult_lm"": 4.6, ""tp_mult_lr"": 9.2, ""tp_mult_sm"": 5.0, ""tp_mult_sr"": 7.0, ""trail_mult"": 4.0, ""trail_tp"": false, ""use_trailing"": true}",{},
